[2024-12-19T13:52:16.006+0000] {local_task_job_runner.py:123} INFO - ::group::Pre task execution logs
[2024-12-19T13:52:16.099+0000] {taskinstance.py:2613} INFO - Dependencies all met for dep_context=non-requeueable deps ti=<TaskInstance: dag_with_taskflow_api.greet scheduled__2024-12-02T00:00:00+00:00 [queued]>
[2024-12-19T13:52:16.155+0000] {taskinstance.py:2613} INFO - Dependencies all met for dep_context=requeueable deps ti=<TaskInstance: dag_with_taskflow_api.greet scheduled__2024-12-02T00:00:00+00:00 [queued]>
[2024-12-19T13:52:16.158+0000] {taskinstance.py:2866} INFO - Starting attempt 1 of 6
[2024-12-19T13:52:16.379+0000] {taskinstance.py:2889} INFO - Executing <Task(_PythonDecoratedOperator): greet> on 2024-12-02 00:00:00+00:00
[2024-12-19T13:52:16.410+0000] {standard_task_runner.py:104} INFO - Running: ['***', 'tasks', 'run', 'dag_with_taskflow_api', 'greet', 'scheduled__2024-12-02T00:00:00+00:00', '--job-id', '4562', '--raw', '--subdir', 'DAGS_FOLDER/dag_with_taskflow_api.py', '--cfg-path', '/tmp/tmptp19xe0h']
[2024-12-19T13:52:16.419+0000] {logging_mixin.py:190} WARNING - /home/***/.local/lib/python3.12/site-packages/***/task/task_runner/standard_task_runner.py:70 DeprecationWarning: This process (pid=16760) is multi-threaded, use of fork() may lead to deadlocks in the child.
[2024-12-19T13:52:16.420+0000] {standard_task_runner.py:105} INFO - Job 4562: Subtask greet
[2024-12-19T13:52:16.438+0000] {standard_task_runner.py:72} INFO - Started process 16777 to run task
[2024-12-19T13:52:16.600+0000] {task_command.py:467} INFO - Running <TaskInstance: dag_with_taskflow_api.greet scheduled__2024-12-02T00:00:00+00:00 [running]> on host 02d979add40a
[2024-12-19T13:52:17.072+0000] {taskinstance.py:3132} INFO - Exporting env vars: AIRFLOW_CTX_DAG_OWNER='mateo' AIRFLOW_CTX_DAG_ID='dag_with_taskflow_api' AIRFLOW_CTX_TASK_ID='greet' AIRFLOW_CTX_EXECUTION_DATE='2024-12-02T00:00:00+00:00' AIRFLOW_CTX_TRY_NUMBER='1' AIRFLOW_CTX_DAG_RUN_ID='scheduled__2024-12-02T00:00:00+00:00'
[2024-12-19T13:52:17.079+0000] {taskinstance.py:731} INFO - ::endgroup::
[2024-12-19T13:52:17.091+0000] {logging_mixin.py:190} INFO - My name is Jerry. I am 19 years old.
[2024-12-19T13:52:17.094+0000] {python.py:240} INFO - Done. Returned value was: None
[2024-12-19T13:52:17.148+0000] {taskinstance.py:340} INFO - ::group::Post task execution logs
[2024-12-19T13:52:17.150+0000] {taskinstance.py:352} INFO - Marking task as SUCCESS. dag_id=dag_with_taskflow_api, task_id=greet, run_id=scheduled__2024-12-02T00:00:00+00:00, execution_date=20241202T000000, start_date=20241219T135216, end_date=20241219T135217
[2024-12-19T13:52:17.291+0000] {local_task_job_runner.py:266} INFO - Task exited with return code 0
[2024-12-19T13:52:17.317+0000] {local_task_job_runner.py:245} INFO - ::endgroup::
[2024-12-20T10:29:45.811+0000] {local_task_job_runner.py:123} INFO - ::group::Pre task execution logs
[2024-12-20T10:29:45.842+0000] {taskinstance.py:2613} INFO - Dependencies all met for dep_context=non-requeueable deps ti=<TaskInstance: dag_with_taskflow_api.greet scheduled__2024-12-02T00:00:00+00:00 [queued]>
[2024-12-20T10:29:45.865+0000] {taskinstance.py:2613} INFO - Dependencies all met for dep_context=requeueable deps ti=<TaskInstance: dag_with_taskflow_api.greet scheduled__2024-12-02T00:00:00+00:00 [queued]>
[2024-12-20T10:29:45.868+0000] {taskinstance.py:2866} INFO - Starting attempt 1 of 6
[2024-12-20T10:29:45.889+0000] {taskinstance.py:2889} INFO - Executing <Task(_PythonDecoratedOperator): greet> on 2024-12-02 00:00:00+00:00
[2024-12-20T10:29:45.901+0000] {logging_mixin.py:190} WARNING - /home/***/.local/lib/python3.12/site-packages/***/task/task_runner/standard_task_runner.py:70 DeprecationWarning: This process (pid=13366) is multi-threaded, use of fork() may lead to deadlocks in the child.
[2024-12-20T10:29:45.904+0000] {standard_task_runner.py:72} INFO - Started process 13373 to run task
[2024-12-20T10:29:45.906+0000] {standard_task_runner.py:104} INFO - Running: ['***', 'tasks', 'run', 'dag_with_taskflow_api', 'greet', 'scheduled__2024-12-02T00:00:00+00:00', '--job-id', '4875', '--raw', '--subdir', 'DAGS_FOLDER/dag_with_taskflow_api.py', '--cfg-path', '/tmp/tmps2y_j146']
[2024-12-20T10:29:45.918+0000] {standard_task_runner.py:105} INFO - Job 4875: Subtask greet
[2024-12-20T10:29:46.034+0000] {task_command.py:467} INFO - Running <TaskInstance: dag_with_taskflow_api.greet scheduled__2024-12-02T00:00:00+00:00 [running]> on host a998b5b3d359
[2024-12-20T10:29:46.409+0000] {taskinstance.py:3132} INFO - Exporting env vars: AIRFLOW_CTX_DAG_OWNER='mateo' AIRFLOW_CTX_DAG_ID='dag_with_taskflow_api' AIRFLOW_CTX_TASK_ID='greet' AIRFLOW_CTX_EXECUTION_DATE='2024-12-02T00:00:00+00:00' AIRFLOW_CTX_TRY_NUMBER='1' AIRFLOW_CTX_DAG_RUN_ID='scheduled__2024-12-02T00:00:00+00:00'
[2024-12-20T10:29:46.411+0000] {taskinstance.py:731} INFO - ::endgroup::
[2024-12-20T10:29:46.418+0000] {logging_mixin.py:190} INFO - My name is Jerry. I am 19 years old.
[2024-12-20T10:29:46.419+0000] {python.py:240} INFO - Done. Returned value was: None
[2024-12-20T10:29:46.442+0000] {taskinstance.py:340} INFO - ::group::Post task execution logs
[2024-12-20T10:29:46.444+0000] {taskinstance.py:352} INFO - Marking task as SUCCESS. dag_id=dag_with_taskflow_api, task_id=greet, run_id=scheduled__2024-12-02T00:00:00+00:00, execution_date=20241202T000000, start_date=20241220T102945, end_date=20241220T102946
[2024-12-20T10:29:46.550+0000] {local_task_job_runner.py:266} INFO - Task exited with return code 0
[2024-12-20T10:29:46.579+0000] {taskinstance.py:3895} INFO - 0 downstream tasks scheduled from follow-on schedule check
[2024-12-20T10:29:46.585+0000] {local_task_job_runner.py:245} INFO - ::endgroup::
