[2024-12-19T13:51:08.708+0000] {local_task_job_runner.py:123} INFO - ::group::Pre task execution logs
[2024-12-19T13:51:08.765+0000] {taskinstance.py:2613} INFO - Dependencies all met for dep_context=non-requeueable deps ti=<TaskInstance: dag_with_taskflow_api.get_name scheduled__2024-09-12T00:00:00+00:00 [queued]>
[2024-12-19T13:51:08.793+0000] {taskinstance.py:2613} INFO - Dependencies all met for dep_context=requeueable deps ti=<TaskInstance: dag_with_taskflow_api.get_name scheduled__2024-09-12T00:00:00+00:00 [queued]>
[2024-12-19T13:51:08.795+0000] {taskinstance.py:2866} INFO - Starting attempt 1 of 6
[2024-12-19T13:51:08.862+0000] {taskinstance.py:2889} INFO - Executing <Task(_PythonDecoratedOperator): get_name> on 2024-09-12 00:00:00+00:00
[2024-12-19T13:51:08.887+0000] {standard_task_runner.py:104} INFO - Running: ['***', 'tasks', 'run', 'dag_with_taskflow_api', 'get_name', 'scheduled__2024-09-12T00:00:00+00:00', '--job-id', '4305', '--raw', '--subdir', 'DAGS_FOLDER/dag_with_taskflow_api.py', '--cfg-path', '/tmp/tmp58wiy7rp']
[2024-12-19T13:51:08.892+0000] {standard_task_runner.py:105} INFO - Job 4305: Subtask get_name
[2024-12-19T13:51:08.901+0000] {logging_mixin.py:190} WARNING - /home/***/.local/lib/python3.12/site-packages/***/task/task_runner/standard_task_runner.py:70 DeprecationWarning: This process (pid=15918) is multi-threaded, use of fork() may lead to deadlocks in the child.
[2024-12-19T13:51:08.904+0000] {standard_task_runner.py:72} INFO - Started process 15937 to run task
[2024-12-19T13:51:09.143+0000] {task_command.py:467} INFO - Running <TaskInstance: dag_with_taskflow_api.get_name scheduled__2024-09-12T00:00:00+00:00 [running]> on host 02d979add40a
[2024-12-19T13:51:09.403+0000] {taskinstance.py:3132} INFO - Exporting env vars: AIRFLOW_CTX_DAG_OWNER='mateo' AIRFLOW_CTX_DAG_ID='dag_with_taskflow_api' AIRFLOW_CTX_TASK_ID='get_name' AIRFLOW_CTX_EXECUTION_DATE='2024-09-12T00:00:00+00:00' AIRFLOW_CTX_TRY_NUMBER='1' AIRFLOW_CTX_DAG_RUN_ID='scheduled__2024-09-12T00:00:00+00:00'
[2024-12-19T13:51:09.406+0000] {taskinstance.py:731} INFO - ::endgroup::
[2024-12-19T13:51:09.411+0000] {python.py:240} INFO - Done. Returned value was: Jerry
[2024-12-19T13:51:09.479+0000] {taskinstance.py:340} INFO - ::group::Post task execution logs
[2024-12-19T13:51:09.480+0000] {taskinstance.py:352} INFO - Marking task as SUCCESS. dag_id=dag_with_taskflow_api, task_id=get_name, run_id=scheduled__2024-09-12T00:00:00+00:00, execution_date=20240912T000000, start_date=20241219T135108, end_date=20241219T135109
[2024-12-19T13:51:09.582+0000] {local_task_job_runner.py:266} INFO - Task exited with return code 0
[2024-12-19T13:51:09.709+0000] {taskinstance.py:3895} INFO - 1 downstream tasks scheduled from follow-on schedule check
[2024-12-19T13:51:09.719+0000] {local_task_job_runner.py:245} INFO - ::endgroup::
[2024-12-20T10:28:44.926+0000] {local_task_job_runner.py:123} INFO - ::group::Pre task execution logs
[2024-12-20T10:28:44.952+0000] {taskinstance.py:2613} INFO - Dependencies all met for dep_context=non-requeueable deps ti=<TaskInstance: dag_with_taskflow_api.get_name scheduled__2024-09-12T00:00:00+00:00 [queued]>
[2024-12-20T10:28:44.964+0000] {taskinstance.py:2613} INFO - Dependencies all met for dep_context=requeueable deps ti=<TaskInstance: dag_with_taskflow_api.get_name scheduled__2024-09-12T00:00:00+00:00 [queued]>
[2024-12-20T10:28:44.966+0000] {taskinstance.py:2866} INFO - Starting attempt 1 of 6
[2024-12-20T10:28:45.110+0000] {taskinstance.py:2889} INFO - Executing <Task(_PythonDecoratedOperator): get_name> on 2024-09-12 00:00:00+00:00
[2024-12-20T10:28:45.125+0000] {logging_mixin.py:190} WARNING - /home/***/.local/lib/python3.12/site-packages/***/task/task_runner/standard_task_runner.py:70 DeprecationWarning: This process (pid=12563) is multi-threaded, use of fork() may lead to deadlocks in the child.
[2024-12-20T10:28:45.127+0000] {standard_task_runner.py:72} INFO - Started process 12567 to run task
[2024-12-20T10:28:45.129+0000] {standard_task_runner.py:104} INFO - Running: ['***', 'tasks', 'run', 'dag_with_taskflow_api', 'get_name', 'scheduled__2024-09-12T00:00:00+00:00', '--job-id', '4626', '--raw', '--subdir', 'DAGS_FOLDER/dag_with_taskflow_api.py', '--cfg-path', '/tmp/tmp6ov2qc3j']
[2024-12-20T10:28:45.134+0000] {standard_task_runner.py:105} INFO - Job 4626: Subtask get_name
[2024-12-20T10:28:45.232+0000] {task_command.py:467} INFO - Running <TaskInstance: dag_with_taskflow_api.get_name scheduled__2024-09-12T00:00:00+00:00 [running]> on host a998b5b3d359
[2024-12-20T10:28:45.377+0000] {taskinstance.py:3132} INFO - Exporting env vars: AIRFLOW_CTX_DAG_OWNER='mateo' AIRFLOW_CTX_DAG_ID='dag_with_taskflow_api' AIRFLOW_CTX_TASK_ID='get_name' AIRFLOW_CTX_EXECUTION_DATE='2024-09-12T00:00:00+00:00' AIRFLOW_CTX_TRY_NUMBER='1' AIRFLOW_CTX_DAG_RUN_ID='scheduled__2024-09-12T00:00:00+00:00'
[2024-12-20T10:28:45.381+0000] {taskinstance.py:731} INFO - ::endgroup::
[2024-12-20T10:28:45.393+0000] {python.py:240} INFO - Done. Returned value was: Jerry
[2024-12-20T10:28:45.445+0000] {taskinstance.py:340} INFO - ::group::Post task execution logs
[2024-12-20T10:28:45.446+0000] {taskinstance.py:352} INFO - Marking task as SUCCESS. dag_id=dag_with_taskflow_api, task_id=get_name, run_id=scheduled__2024-09-12T00:00:00+00:00, execution_date=20240912T000000, start_date=20241220T102844, end_date=20241220T102845
[2024-12-20T10:28:45.521+0000] {local_task_job_runner.py:266} INFO - Task exited with return code 0
[2024-12-20T10:28:45.561+0000] {taskinstance.py:3895} INFO - 1 downstream tasks scheduled from follow-on schedule check
[2024-12-20T10:28:45.576+0000] {local_task_job_runner.py:245} INFO - ::endgroup::
