[2024-12-19T13:51:08.559+0000] {local_task_job_runner.py:123} INFO - ::group::Pre task execution logs
[2024-12-19T13:51:08.606+0000] {taskinstance.py:2613} INFO - Dependencies all met for dep_context=non-requeueable deps ti=<TaskInstance: dag_with_taskflow_api.get_age scheduled__2024-09-12T00:00:00+00:00 [queued]>
[2024-12-19T13:51:08.625+0000] {taskinstance.py:2613} INFO - Dependencies all met for dep_context=requeueable deps ti=<TaskInstance: dag_with_taskflow_api.get_age scheduled__2024-09-12T00:00:00+00:00 [queued]>
[2024-12-19T13:51:08.626+0000] {taskinstance.py:2866} INFO - Starting attempt 1 of 6
[2024-12-19T13:51:08.838+0000] {taskinstance.py:2889} INFO - Executing <Task(_PythonDecoratedOperator): get_age> on 2024-09-12 00:00:00+00:00
[2024-12-19T13:51:08.880+0000] {standard_task_runner.py:104} INFO - Running: ['***', 'tasks', 'run', 'dag_with_taskflow_api', 'get_age', 'scheduled__2024-09-12T00:00:00+00:00', '--job-id', '4304', '--raw', '--subdir', 'DAGS_FOLDER/dag_with_taskflow_api.py', '--cfg-path', '/tmp/tmpru5r112u']
[2024-12-19T13:51:08.891+0000] {standard_task_runner.py:105} INFO - Job 4304: Subtask get_age
[2024-12-19T13:51:08.876+0000] {logging_mixin.py:190} WARNING - /home/***/.local/lib/python3.12/site-packages/***/task/task_runner/standard_task_runner.py:70 DeprecationWarning: This process (pid=15920) is multi-threaded, use of fork() may lead to deadlocks in the child.
[2024-12-19T13:51:08.909+0000] {standard_task_runner.py:72} INFO - Started process 15935 to run task
[2024-12-19T13:51:09.078+0000] {task_command.py:467} INFO - Running <TaskInstance: dag_with_taskflow_api.get_age scheduled__2024-09-12T00:00:00+00:00 [running]> on host 02d979add40a
[2024-12-19T13:51:09.492+0000] {taskinstance.py:3132} INFO - Exporting env vars: AIRFLOW_CTX_DAG_OWNER='mateo' AIRFLOW_CTX_DAG_ID='dag_with_taskflow_api' AIRFLOW_CTX_TASK_ID='get_age' AIRFLOW_CTX_EXECUTION_DATE='2024-09-12T00:00:00+00:00' AIRFLOW_CTX_TRY_NUMBER='1' AIRFLOW_CTX_DAG_RUN_ID='scheduled__2024-09-12T00:00:00+00:00'
[2024-12-19T13:51:09.495+0000] {taskinstance.py:731} INFO - ::endgroup::
[2024-12-19T13:51:09.510+0000] {python.py:240} INFO - Done. Returned value was: 19
[2024-12-19T13:51:09.588+0000] {taskinstance.py:340} INFO - ::group::Post task execution logs
[2024-12-19T13:51:09.591+0000] {taskinstance.py:352} INFO - Marking task as SUCCESS. dag_id=dag_with_taskflow_api, task_id=get_age, run_id=scheduled__2024-09-12T00:00:00+00:00, execution_date=20240912T000000, start_date=20241219T135108, end_date=20241219T135109
[2024-12-19T13:51:09.748+0000] {local_task_job_runner.py:266} INFO - Task exited with return code 0
[2024-12-19T13:51:09.780+0000] {local_task_job_runner.py:245} INFO - ::endgroup::
[2024-12-20T10:28:44.928+0000] {local_task_job_runner.py:123} INFO - ::group::Pre task execution logs
[2024-12-20T10:28:44.950+0000] {taskinstance.py:2613} INFO - Dependencies all met for dep_context=non-requeueable deps ti=<TaskInstance: dag_with_taskflow_api.get_age scheduled__2024-09-12T00:00:00+00:00 [queued]>
[2024-12-20T10:28:44.967+0000] {taskinstance.py:2613} INFO - Dependencies all met for dep_context=requeueable deps ti=<TaskInstance: dag_with_taskflow_api.get_age scheduled__2024-09-12T00:00:00+00:00 [queued]>
[2024-12-20T10:28:44.968+0000] {taskinstance.py:2866} INFO - Starting attempt 1 of 6
[2024-12-20T10:28:45.117+0000] {taskinstance.py:2889} INFO - Executing <Task(_PythonDecoratedOperator): get_age> on 2024-09-12 00:00:00+00:00
[2024-12-20T10:28:45.132+0000] {logging_mixin.py:190} WARNING - /home/***/.local/lib/python3.12/site-packages/***/task/task_runner/standard_task_runner.py:70 DeprecationWarning: This process (pid=12564) is multi-threaded, use of fork() may lead to deadlocks in the child.
[2024-12-20T10:28:45.137+0000] {standard_task_runner.py:72} INFO - Started process 12568 to run task
[2024-12-20T10:28:45.131+0000] {standard_task_runner.py:104} INFO - Running: ['***', 'tasks', 'run', 'dag_with_taskflow_api', 'get_age', 'scheduled__2024-09-12T00:00:00+00:00', '--job-id', '4625', '--raw', '--subdir', 'DAGS_FOLDER/dag_with_taskflow_api.py', '--cfg-path', '/tmp/tmp3h7axa22']
[2024-12-20T10:28:45.140+0000] {standard_task_runner.py:105} INFO - Job 4625: Subtask get_age
[2024-12-20T10:28:45.249+0000] {task_command.py:467} INFO - Running <TaskInstance: dag_with_taskflow_api.get_age scheduled__2024-09-12T00:00:00+00:00 [running]> on host a998b5b3d359
[2024-12-20T10:28:45.446+0000] {taskinstance.py:3132} INFO - Exporting env vars: AIRFLOW_CTX_DAG_OWNER='mateo' AIRFLOW_CTX_DAG_ID='dag_with_taskflow_api' AIRFLOW_CTX_TASK_ID='get_age' AIRFLOW_CTX_EXECUTION_DATE='2024-09-12T00:00:00+00:00' AIRFLOW_CTX_TRY_NUMBER='1' AIRFLOW_CTX_DAG_RUN_ID='scheduled__2024-09-12T00:00:00+00:00'
[2024-12-20T10:28:45.450+0000] {taskinstance.py:731} INFO - ::endgroup::
[2024-12-20T10:28:45.457+0000] {python.py:240} INFO - Done. Returned value was: 19
[2024-12-20T10:28:45.509+0000] {taskinstance.py:340} INFO - ::group::Post task execution logs
[2024-12-20T10:28:45.511+0000] {taskinstance.py:352} INFO - Marking task as SUCCESS. dag_id=dag_with_taskflow_api, task_id=get_age, run_id=scheduled__2024-09-12T00:00:00+00:00, execution_date=20240912T000000, start_date=20241220T102844, end_date=20241220T102845
[2024-12-20T10:28:45.574+0000] {local_task_job_runner.py:266} INFO - Task exited with return code 0
[2024-12-20T10:28:45.607+0000] {taskinstance.py:3895} INFO - 0 downstream tasks scheduled from follow-on schedule check
[2024-12-20T10:28:45.613+0000] {local_task_job_runner.py:245} INFO - ::endgroup::
