[2024-12-19T08:54:30.706+0000] {local_task_job_runner.py:123} INFO - ::group::Pre task execution logs
[2024-12-19T08:54:30.738+0000] {taskinstance.py:2613} INFO - Dependencies all met for dep_context=non-requeueable deps ti=<TaskInstance: our_first_dag_v2.second_task scheduled__2022-11-10T00:00:00+00:00 [queued]>
[2024-12-19T08:54:30.758+0000] {taskinstance.py:2613} INFO - Dependencies all met for dep_context=requeueable deps ti=<TaskInstance: our_first_dag_v2.second_task scheduled__2022-11-10T00:00:00+00:00 [queued]>
[2024-12-19T08:54:30.761+0000] {taskinstance.py:2866} INFO - Starting attempt 1 of 6
[2024-12-19T08:54:30.833+0000] {taskinstance.py:2889} INFO - Executing <Task(BashOperator): second_task> on 2022-11-10 00:00:00+00:00
[2024-12-19T08:54:30.858+0000] {logging_mixin.py:190} WARNING - /home/***/.local/lib/python3.12/site-packages/***/task/task_runner/standard_task_runner.py:70 DeprecationWarning: This process (pid=5841) is multi-threaded, use of fork() may lead to deadlocks in the child.
[2024-12-19T08:54:30.852+0000] {standard_task_runner.py:104} INFO - Running: ['***', 'tasks', 'run', 'our_first_dag_v2', 'second_task', 'scheduled__2022-11-10T00:00:00+00:00', '--job-id', '1299', '--raw', '--subdir', 'DAGS_FOLDER/our_first_dag.py', '--cfg-path', '/tmp/tmp_97csevl']
[2024-12-19T08:54:30.865+0000] {standard_task_runner.py:105} INFO - Job 1299: Subtask second_task
[2024-12-19T08:54:30.864+0000] {standard_task_runner.py:72} INFO - Started process 5857 to run task
[2024-12-19T08:54:30.974+0000] {task_command.py:467} INFO - Running <TaskInstance: our_first_dag_v2.second_task scheduled__2022-11-10T00:00:00+00:00 [running]> on host 8d142e9c83a7
[2024-12-19T08:54:31.115+0000] {taskinstance.py:3132} INFO - Exporting env vars: AIRFLOW_CTX_DAG_OWNER='mateo' AIRFLOW_CTX_DAG_ID='our_first_dag_v2' AIRFLOW_CTX_TASK_ID='second_task' AIRFLOW_CTX_EXECUTION_DATE='2022-11-10T00:00:00+00:00' AIRFLOW_CTX_TRY_NUMBER='1' AIRFLOW_CTX_DAG_RUN_ID='scheduled__2022-11-10T00:00:00+00:00'
[2024-12-19T08:54:31.122+0000] {taskinstance.py:731} INFO - ::endgroup::
[2024-12-19T08:54:31.186+0000] {subprocess.py:78} INFO - Tmp dir root location: /tmp
[2024-12-19T08:54:31.188+0000] {subprocess.py:88} INFO - Running command: ['/usr/bin/bash', '-c', 'echo I am the second task and i will me executed after first task']
[2024-12-19T08:54:31.208+0000] {subprocess.py:99} INFO - Output:
[2024-12-19T08:54:31.210+0000] {subprocess.py:106} INFO - I am the second task and i will me executed after first task
[2024-12-19T08:54:31.211+0000] {subprocess.py:110} INFO - Command exited with return code 0
[2024-12-19T08:54:31.270+0000] {taskinstance.py:340} INFO - ::group::Post task execution logs
[2024-12-19T08:54:31.275+0000] {taskinstance.py:352} INFO - Marking task as SUCCESS. dag_id=our_first_dag_v2, task_id=second_task, run_id=scheduled__2022-11-10T00:00:00+00:00, execution_date=20221110T000000, start_date=20241219T085430, end_date=20241219T085431
[2024-12-19T08:54:31.391+0000] {local_task_job_runner.py:266} INFO - Task exited with return code 0
[2024-12-19T08:54:31.414+0000] {taskinstance.py:3895} INFO - 0 downstream tasks scheduled from follow-on schedule check
[2024-12-19T08:54:31.416+0000] {local_task_job_runner.py:245} INFO - ::endgroup::
