[2024-12-19T13:51:19.242+0000] {local_task_job_runner.py:123} INFO - ::group::Pre task execution logs
[2024-12-19T13:51:19.283+0000] {taskinstance.py:2613} INFO - Dependencies all met for dep_context=non-requeueable deps ti=<TaskInstance: dag_with_taskflow_api.greet scheduled__2024-09-22T00:00:00+00:00 [queued]>
[2024-12-19T13:51:19.300+0000] {taskinstance.py:2613} INFO - Dependencies all met for dep_context=requeueable deps ti=<TaskInstance: dag_with_taskflow_api.greet scheduled__2024-09-22T00:00:00+00:00 [queued]>
[2024-12-19T13:51:19.301+0000] {taskinstance.py:2866} INFO - Starting attempt 1 of 6
[2024-12-19T13:51:19.407+0000] {taskinstance.py:2889} INFO - Executing <Task(_PythonDecoratedOperator): greet> on 2024-09-22 00:00:00+00:00
[2024-12-19T13:51:19.438+0000] {logging_mixin.py:190} WARNING - /home/***/.local/lib/python3.12/site-packages/***/task/task_runner/standard_task_runner.py:70 DeprecationWarning: This process (pid=16067) is multi-threaded, use of fork() may lead to deadlocks in the child.
[2024-12-19T13:51:19.441+0000] {standard_task_runner.py:72} INFO - Started process 16080 to run task
[2024-12-19T13:51:19.438+0000] {standard_task_runner.py:104} INFO - Running: ['***', 'tasks', 'run', 'dag_with_taskflow_api', 'greet', 'scheduled__2024-09-22T00:00:00+00:00', '--job-id', '4347', '--raw', '--subdir', 'DAGS_FOLDER/dag_with_taskflow_api.py', '--cfg-path', '/tmp/tmpqiyq4fu2']
[2024-12-19T13:51:19.459+0000] {standard_task_runner.py:105} INFO - Job 4347: Subtask greet
[2024-12-19T13:51:19.667+0000] {task_command.py:467} INFO - Running <TaskInstance: dag_with_taskflow_api.greet scheduled__2024-09-22T00:00:00+00:00 [running]> on host 02d979add40a
[2024-12-19T13:51:20.017+0000] {taskinstance.py:3132} INFO - Exporting env vars: AIRFLOW_CTX_DAG_OWNER='mateo' AIRFLOW_CTX_DAG_ID='dag_with_taskflow_api' AIRFLOW_CTX_TASK_ID='greet' AIRFLOW_CTX_EXECUTION_DATE='2024-09-22T00:00:00+00:00' AIRFLOW_CTX_TRY_NUMBER='1' AIRFLOW_CTX_DAG_RUN_ID='scheduled__2024-09-22T00:00:00+00:00'
[2024-12-19T13:51:20.022+0000] {taskinstance.py:731} INFO - ::endgroup::
[2024-12-19T13:51:20.035+0000] {logging_mixin.py:190} INFO - My name is Jerry. I am 19 years old.
[2024-12-19T13:51:20.037+0000] {python.py:240} INFO - Done. Returned value was: None
[2024-12-19T13:51:20.063+0000] {taskinstance.py:340} INFO - ::group::Post task execution logs
[2024-12-19T13:51:20.064+0000] {taskinstance.py:352} INFO - Marking task as SUCCESS. dag_id=dag_with_taskflow_api, task_id=greet, run_id=scheduled__2024-09-22T00:00:00+00:00, execution_date=20240922T000000, start_date=20241219T135119, end_date=20241219T135120
[2024-12-19T13:51:20.158+0000] {local_task_job_runner.py:266} INFO - Task exited with return code 0
[2024-12-19T13:51:20.194+0000] {taskinstance.py:3895} INFO - 0 downstream tasks scheduled from follow-on schedule check
[2024-12-19T13:51:20.197+0000] {local_task_job_runner.py:245} INFO - ::endgroup::
[2024-12-20T10:28:54.338+0000] {local_task_job_runner.py:123} INFO - ::group::Pre task execution logs
[2024-12-20T10:28:54.374+0000] {taskinstance.py:2613} INFO - Dependencies all met for dep_context=non-requeueable deps ti=<TaskInstance: dag_with_taskflow_api.greet scheduled__2024-09-22T00:00:00+00:00 [queued]>
[2024-12-20T10:28:54.389+0000] {taskinstance.py:2613} INFO - Dependencies all met for dep_context=requeueable deps ti=<TaskInstance: dag_with_taskflow_api.greet scheduled__2024-09-22T00:00:00+00:00 [queued]>
[2024-12-20T10:28:54.391+0000] {taskinstance.py:2866} INFO - Starting attempt 1 of 6
[2024-12-20T10:28:54.405+0000] {taskinstance.py:2889} INFO - Executing <Task(_PythonDecoratedOperator): greet> on 2024-09-22 00:00:00+00:00
[2024-12-20T10:28:54.418+0000] {logging_mixin.py:190} WARNING - /home/***/.local/lib/python3.12/site-packages/***/task/task_runner/standard_task_runner.py:70 DeprecationWarning: This process (pid=12673) is multi-threaded, use of fork() may lead to deadlocks in the child.
[2024-12-20T10:28:54.422+0000] {standard_task_runner.py:72} INFO - Started process 12680 to run task
[2024-12-20T10:28:54.421+0000] {standard_task_runner.py:104} INFO - Running: ['***', 'tasks', 'run', 'dag_with_taskflow_api', 'greet', 'scheduled__2024-09-22T00:00:00+00:00', '--job-id', '4661', '--raw', '--subdir', 'DAGS_FOLDER/dag_with_taskflow_api.py', '--cfg-path', '/tmp/tmp97v9zi9m']
[2024-12-20T10:28:54.427+0000] {standard_task_runner.py:105} INFO - Job 4661: Subtask greet
[2024-12-20T10:28:54.544+0000] {task_command.py:467} INFO - Running <TaskInstance: dag_with_taskflow_api.greet scheduled__2024-09-22T00:00:00+00:00 [running]> on host a998b5b3d359
[2024-12-20T10:28:54.723+0000] {taskinstance.py:3132} INFO - Exporting env vars: AIRFLOW_CTX_DAG_OWNER='mateo' AIRFLOW_CTX_DAG_ID='dag_with_taskflow_api' AIRFLOW_CTX_TASK_ID='greet' AIRFLOW_CTX_EXECUTION_DATE='2024-09-22T00:00:00+00:00' AIRFLOW_CTX_TRY_NUMBER='1' AIRFLOW_CTX_DAG_RUN_ID='scheduled__2024-09-22T00:00:00+00:00'
[2024-12-20T10:28:54.726+0000] {taskinstance.py:731} INFO - ::endgroup::
[2024-12-20T10:28:54.729+0000] {logging_mixin.py:190} INFO - My name is Jerry. I am 19 years old.
[2024-12-20T10:28:54.731+0000] {python.py:240} INFO - Done. Returned value was: None
[2024-12-20T10:28:54.744+0000] {taskinstance.py:340} INFO - ::group::Post task execution logs
[2024-12-20T10:28:54.746+0000] {taskinstance.py:352} INFO - Marking task as SUCCESS. dag_id=dag_with_taskflow_api, task_id=greet, run_id=scheduled__2024-09-22T00:00:00+00:00, execution_date=20240922T000000, start_date=20241220T102854, end_date=20241220T102854
[2024-12-20T10:28:54.820+0000] {local_task_job_runner.py:266} INFO - Task exited with return code 0
[2024-12-20T10:28:54.852+0000] {taskinstance.py:3895} INFO - 0 downstream tasks scheduled from follow-on schedule check
[2024-12-20T10:28:54.858+0000] {local_task_job_runner.py:245} INFO - ::endgroup::
