[2024-12-19T08:59:19.844+0000] {local_task_job_runner.py:123} INFO - ::group::Pre task execution logs
[2024-12-19T08:59:19.862+0000] {taskinstance.py:2613} INFO - Dependencies all met for dep_context=non-requeueable deps ti=<TaskInstance: our_first_dag_v2.first_task scheduled__2024-03-23T00:00:00+00:00 [queued]>
[2024-12-19T08:59:19.874+0000] {taskinstance.py:2613} INFO - Dependencies all met for dep_context=requeueable deps ti=<TaskInstance: our_first_dag_v2.first_task scheduled__2024-03-23T00:00:00+00:00 [queued]>
[2024-12-19T08:59:19.875+0000] {taskinstance.py:2866} INFO - Starting attempt 1 of 6
[2024-12-19T08:59:19.893+0000] {taskinstance.py:2889} INFO - Executing <Task(BashOperator): first_task> on 2024-03-23 00:00:00+00:00
[2024-12-19T08:59:19.904+0000] {logging_mixin.py:190} WARNING - /home/***/.local/lib/python3.12/site-packages/***/task/task_runner/standard_task_runner.py:70 DeprecationWarning: This process (pid=11004) is multi-threaded, use of fork() may lead to deadlocks in the child.
[2024-12-19T08:59:19.906+0000] {standard_task_runner.py:72} INFO - Started process 11012 to run task
[2024-12-19T08:59:19.910+0000] {standard_task_runner.py:104} INFO - Running: ['***', 'tasks', 'run', 'our_first_dag_v2', 'first_task', 'scheduled__2024-03-23T00:00:00+00:00', '--job-id', '2559', '--raw', '--subdir', 'DAGS_FOLDER/our_first_dag.py', '--cfg-path', '/tmp/tmpj1bgxzr7']
[2024-12-19T08:59:19.916+0000] {standard_task_runner.py:105} INFO - Job 2559: Subtask first_task
[2024-12-19T08:59:19.986+0000] {task_command.py:467} INFO - Running <TaskInstance: our_first_dag_v2.first_task scheduled__2024-03-23T00:00:00+00:00 [running]> on host 8d142e9c83a7
[2024-12-19T08:59:20.114+0000] {taskinstance.py:3132} INFO - Exporting env vars: AIRFLOW_CTX_DAG_OWNER='mateo' AIRFLOW_CTX_DAG_ID='our_first_dag_v2' AIRFLOW_CTX_TASK_ID='first_task' AIRFLOW_CTX_EXECUTION_DATE='2024-03-23T00:00:00+00:00' AIRFLOW_CTX_TRY_NUMBER='1' AIRFLOW_CTX_DAG_RUN_ID='scheduled__2024-03-23T00:00:00+00:00'
[2024-12-19T08:59:20.119+0000] {taskinstance.py:731} INFO - ::endgroup::
[2024-12-19T08:59:20.143+0000] {subprocess.py:78} INFO - Tmp dir root location: /tmp
[2024-12-19T08:59:20.148+0000] {subprocess.py:88} INFO - Running command: ['/usr/bin/bash', '-c', 'echo hello world, this is the first task']
[2024-12-19T08:59:20.180+0000] {subprocess.py:99} INFO - Output:
[2024-12-19T08:59:20.183+0000] {subprocess.py:106} INFO - hello world, this is the first task
[2024-12-19T08:59:20.184+0000] {subprocess.py:110} INFO - Command exited with return code 0
[2024-12-19T08:59:20.224+0000] {taskinstance.py:340} INFO - ::group::Post task execution logs
[2024-12-19T08:59:20.227+0000] {taskinstance.py:352} INFO - Marking task as SUCCESS. dag_id=our_first_dag_v2, task_id=first_task, run_id=scheduled__2024-03-23T00:00:00+00:00, execution_date=20240323T000000, start_date=20241219T085919, end_date=20241219T085920
[2024-12-19T08:59:20.289+0000] {local_task_job_runner.py:266} INFO - Task exited with return code 0
[2024-12-19T08:59:20.330+0000] {taskinstance.py:3895} INFO - 2 downstream tasks scheduled from follow-on schedule check
[2024-12-19T08:59:20.336+0000] {local_task_job_runner.py:245} INFO - ::endgroup::
