[2024-12-19T13:51:31.992+0000] {local_task_job_runner.py:123} INFO - ::group::Pre task execution logs
[2024-12-19T13:51:32.076+0000] {taskinstance.py:2613} INFO - Dependencies all met for dep_context=non-requeueable deps ti=<TaskInstance: dag_with_taskflow_api.get_age scheduled__2024-10-10T00:00:00+00:00 [queued]>
[2024-12-19T13:51:32.137+0000] {taskinstance.py:2613} INFO - Dependencies all met for dep_context=requeueable deps ti=<TaskInstance: dag_with_taskflow_api.get_age scheduled__2024-10-10T00:00:00+00:00 [queued]>
[2024-12-19T13:51:32.143+0000] {taskinstance.py:2866} INFO - Starting attempt 1 of 6
[2024-12-19T13:51:32.271+0000] {taskinstance.py:2889} INFO - Executing <Task(_PythonDecoratedOperator): get_age> on 2024-10-10 00:00:00+00:00
[2024-12-19T13:51:32.316+0000] {standard_task_runner.py:104} INFO - Running: ['***', 'tasks', 'run', 'dag_with_taskflow_api', 'get_age', 'scheduled__2024-10-10T00:00:00+00:00', '--job-id', '4390', '--raw', '--subdir', 'DAGS_FOLDER/dag_with_taskflow_api.py', '--cfg-path', '/tmp/tmpxvdjw1au']
[2024-12-19T13:51:32.325+0000] {standard_task_runner.py:105} INFO - Job 4390: Subtask get_age
[2024-12-19T13:51:32.330+0000] {logging_mixin.py:190} WARNING - /home/***/.local/lib/python3.12/site-packages/***/task/task_runner/standard_task_runner.py:70 DeprecationWarning: This process (pid=16201) is multi-threaded, use of fork() may lead to deadlocks in the child.
[2024-12-19T13:51:32.332+0000] {standard_task_runner.py:72} INFO - Started process 16216 to run task
[2024-12-19T13:51:32.646+0000] {task_command.py:467} INFO - Running <TaskInstance: dag_with_taskflow_api.get_age scheduled__2024-10-10T00:00:00+00:00 [running]> on host 02d979add40a
[2024-12-19T13:51:33.221+0000] {taskinstance.py:3132} INFO - Exporting env vars: AIRFLOW_CTX_DAG_OWNER='mateo' AIRFLOW_CTX_DAG_ID='dag_with_taskflow_api' AIRFLOW_CTX_TASK_ID='get_age' AIRFLOW_CTX_EXECUTION_DATE='2024-10-10T00:00:00+00:00' AIRFLOW_CTX_TRY_NUMBER='1' AIRFLOW_CTX_DAG_RUN_ID='scheduled__2024-10-10T00:00:00+00:00'
[2024-12-19T13:51:33.237+0000] {taskinstance.py:731} INFO - ::endgroup::
[2024-12-19T13:51:33.249+0000] {python.py:240} INFO - Done. Returned value was: 19
[2024-12-19T13:51:33.299+0000] {taskinstance.py:340} INFO - ::group::Post task execution logs
[2024-12-19T13:51:33.302+0000] {taskinstance.py:352} INFO - Marking task as SUCCESS. dag_id=dag_with_taskflow_api, task_id=get_age, run_id=scheduled__2024-10-10T00:00:00+00:00, execution_date=20241010T000000, start_date=20241219T135132, end_date=20241219T135133
[2024-12-19T13:51:33.457+0000] {local_task_job_runner.py:266} INFO - Task exited with return code 0
[2024-12-19T13:51:33.490+0000] {local_task_job_runner.py:245} INFO - ::endgroup::
[2024-12-20T10:29:06.843+0000] {local_task_job_runner.py:123} INFO - ::group::Pre task execution logs
[2024-12-20T10:29:06.865+0000] {taskinstance.py:2613} INFO - Dependencies all met for dep_context=non-requeueable deps ti=<TaskInstance: dag_with_taskflow_api.get_age scheduled__2024-10-10T00:00:00+00:00 [queued]>
[2024-12-20T10:29:06.875+0000] {taskinstance.py:2613} INFO - Dependencies all met for dep_context=requeueable deps ti=<TaskInstance: dag_with_taskflow_api.get_age scheduled__2024-10-10T00:00:00+00:00 [queued]>
[2024-12-20T10:29:06.877+0000] {taskinstance.py:2866} INFO - Starting attempt 1 of 6
[2024-12-20T10:29:06.891+0000] {taskinstance.py:2889} INFO - Executing <Task(_PythonDecoratedOperator): get_age> on 2024-10-10 00:00:00+00:00
[2024-12-20T10:29:06.901+0000] {logging_mixin.py:190} WARNING - /home/***/.local/lib/python3.12/site-packages/***/task/task_runner/standard_task_runner.py:70 DeprecationWarning: This process (pid=12813) is multi-threaded, use of fork() may lead to deadlocks in the child.
[2024-12-20T10:29:06.903+0000] {standard_task_runner.py:72} INFO - Started process 12819 to run task
[2024-12-20T10:29:06.901+0000] {standard_task_runner.py:104} INFO - Running: ['***', 'tasks', 'run', 'dag_with_taskflow_api', 'get_age', 'scheduled__2024-10-10T00:00:00+00:00', '--job-id', '4706', '--raw', '--subdir', 'DAGS_FOLDER/dag_with_taskflow_api.py', '--cfg-path', '/tmp/tmpr6bftfg2']
[2024-12-20T10:29:06.909+0000] {standard_task_runner.py:105} INFO - Job 4706: Subtask get_age
[2024-12-20T10:29:07.002+0000] {task_command.py:467} INFO - Running <TaskInstance: dag_with_taskflow_api.get_age scheduled__2024-10-10T00:00:00+00:00 [running]> on host a998b5b3d359
[2024-12-20T10:29:07.143+0000] {taskinstance.py:3132} INFO - Exporting env vars: AIRFLOW_CTX_DAG_OWNER='mateo' AIRFLOW_CTX_DAG_ID='dag_with_taskflow_api' AIRFLOW_CTX_TASK_ID='get_age' AIRFLOW_CTX_EXECUTION_DATE='2024-10-10T00:00:00+00:00' AIRFLOW_CTX_TRY_NUMBER='1' AIRFLOW_CTX_DAG_RUN_ID='scheduled__2024-10-10T00:00:00+00:00'
[2024-12-20T10:29:07.145+0000] {taskinstance.py:731} INFO - ::endgroup::
[2024-12-20T10:29:07.148+0000] {python.py:240} INFO - Done. Returned value was: 19
[2024-12-20T10:29:07.177+0000] {taskinstance.py:340} INFO - ::group::Post task execution logs
[2024-12-20T10:29:07.181+0000] {taskinstance.py:352} INFO - Marking task as SUCCESS. dag_id=dag_with_taskflow_api, task_id=get_age, run_id=scheduled__2024-10-10T00:00:00+00:00, execution_date=20241010T000000, start_date=20241220T102906, end_date=20241220T102907
[2024-12-20T10:29:07.254+0000] {local_task_job_runner.py:266} INFO - Task exited with return code 0
[2024-12-20T10:29:07.271+0000] {local_task_job_runner.py:245} INFO - ::endgroup::
