[2024-12-19T13:51:19.329+0000] {local_task_job_runner.py:123} INFO - ::group::Pre task execution logs
[2024-12-19T13:51:19.379+0000] {taskinstance.py:2613} INFO - Dependencies all met for dep_context=non-requeueable deps ti=<TaskInstance: dag_with_taskflow_api.greet scheduled__2024-09-21T00:00:00+00:00 [queued]>
[2024-12-19T13:51:19.399+0000] {taskinstance.py:2613} INFO - Dependencies all met for dep_context=requeueable deps ti=<TaskInstance: dag_with_taskflow_api.greet scheduled__2024-09-21T00:00:00+00:00 [queued]>
[2024-12-19T13:51:19.401+0000] {taskinstance.py:2866} INFO - Starting attempt 1 of 6
[2024-12-19T13:51:19.426+0000] {taskinstance.py:2889} INFO - Executing <Task(_PythonDecoratedOperator): greet> on 2024-09-21 00:00:00+00:00
[2024-12-19T13:51:19.450+0000] {standard_task_runner.py:104} INFO - Running: ['***', 'tasks', 'run', 'dag_with_taskflow_api', 'greet', 'scheduled__2024-09-21T00:00:00+00:00', '--job-id', '4349', '--raw', '--subdir', 'DAGS_FOLDER/dag_with_taskflow_api.py', '--cfg-path', '/tmp/tmpnqozcxeq']
[2024-12-19T13:51:19.458+0000] {standard_task_runner.py:105} INFO - Job 4349: Subtask greet
[2024-12-19T13:51:19.483+0000] {logging_mixin.py:190} WARNING - /home/***/.local/lib/python3.12/site-packages/***/task/task_runner/standard_task_runner.py:70 DeprecationWarning: This process (pid=16068) is multi-threaded, use of fork() may lead to deadlocks in the child.
[2024-12-19T13:51:19.485+0000] {standard_task_runner.py:72} INFO - Started process 16082 to run task
[2024-12-19T13:51:19.674+0000] {task_command.py:467} INFO - Running <TaskInstance: dag_with_taskflow_api.greet scheduled__2024-09-21T00:00:00+00:00 [running]> on host 02d979add40a
[2024-12-19T13:51:19.931+0000] {taskinstance.py:3132} INFO - Exporting env vars: AIRFLOW_CTX_DAG_OWNER='mateo' AIRFLOW_CTX_DAG_ID='dag_with_taskflow_api' AIRFLOW_CTX_TASK_ID='greet' AIRFLOW_CTX_EXECUTION_DATE='2024-09-21T00:00:00+00:00' AIRFLOW_CTX_TRY_NUMBER='1' AIRFLOW_CTX_DAG_RUN_ID='scheduled__2024-09-21T00:00:00+00:00'
[2024-12-19T13:51:19.935+0000] {taskinstance.py:731} INFO - ::endgroup::
[2024-12-19T13:51:19.944+0000] {logging_mixin.py:190} INFO - My name is Jerry. I am 19 years old.
[2024-12-19T13:51:19.946+0000] {python.py:240} INFO - Done. Returned value was: None
[2024-12-19T13:51:19.962+0000] {taskinstance.py:340} INFO - ::group::Post task execution logs
[2024-12-19T13:51:19.968+0000] {taskinstance.py:352} INFO - Marking task as SUCCESS. dag_id=dag_with_taskflow_api, task_id=greet, run_id=scheduled__2024-09-21T00:00:00+00:00, execution_date=20240921T000000, start_date=20241219T135119, end_date=20241219T135119
[2024-12-19T13:51:20.176+0000] {local_task_job_runner.py:266} INFO - Task exited with return code 0
[2024-12-19T13:51:20.222+0000] {taskinstance.py:3895} INFO - 0 downstream tasks scheduled from follow-on schedule check
[2024-12-19T13:51:20.230+0000] {local_task_job_runner.py:245} INFO - ::endgroup::
[2024-12-20T10:28:54.395+0000] {local_task_job_runner.py:123} INFO - ::group::Pre task execution logs
[2024-12-20T10:28:54.428+0000] {taskinstance.py:2613} INFO - Dependencies all met for dep_context=non-requeueable deps ti=<TaskInstance: dag_with_taskflow_api.greet scheduled__2024-09-21T00:00:00+00:00 [queued]>
[2024-12-20T10:28:54.450+0000] {taskinstance.py:2613} INFO - Dependencies all met for dep_context=requeueable deps ti=<TaskInstance: dag_with_taskflow_api.greet scheduled__2024-09-21T00:00:00+00:00 [queued]>
[2024-12-20T10:28:54.452+0000] {taskinstance.py:2866} INFO - Starting attempt 1 of 6
[2024-12-20T10:28:54.490+0000] {taskinstance.py:2889} INFO - Executing <Task(_PythonDecoratedOperator): greet> on 2024-09-21 00:00:00+00:00
[2024-12-20T10:28:54.504+0000] {logging_mixin.py:190} WARNING - /home/***/.local/lib/python3.12/site-packages/***/task/task_runner/standard_task_runner.py:70 DeprecationWarning: This process (pid=12672) is multi-threaded, use of fork() may lead to deadlocks in the child.
[2024-12-20T10:28:54.511+0000] {standard_task_runner.py:72} INFO - Started process 12686 to run task
[2024-12-20T10:28:54.513+0000] {standard_task_runner.py:104} INFO - Running: ['***', 'tasks', 'run', 'dag_with_taskflow_api', 'greet', 'scheduled__2024-09-21T00:00:00+00:00', '--job-id', '4663', '--raw', '--subdir', 'DAGS_FOLDER/dag_with_taskflow_api.py', '--cfg-path', '/tmp/tmpuj1bm81v']
[2024-12-20T10:28:54.517+0000] {standard_task_runner.py:105} INFO - Job 4663: Subtask greet
[2024-12-20T10:28:54.625+0000] {task_command.py:467} INFO - Running <TaskInstance: dag_with_taskflow_api.greet scheduled__2024-09-21T00:00:00+00:00 [running]> on host a998b5b3d359
[2024-12-20T10:28:54.781+0000] {taskinstance.py:3132} INFO - Exporting env vars: AIRFLOW_CTX_DAG_OWNER='mateo' AIRFLOW_CTX_DAG_ID='dag_with_taskflow_api' AIRFLOW_CTX_TASK_ID='greet' AIRFLOW_CTX_EXECUTION_DATE='2024-09-21T00:00:00+00:00' AIRFLOW_CTX_TRY_NUMBER='1' AIRFLOW_CTX_DAG_RUN_ID='scheduled__2024-09-21T00:00:00+00:00'
[2024-12-20T10:28:54.787+0000] {taskinstance.py:731} INFO - ::endgroup::
[2024-12-20T10:28:54.791+0000] {logging_mixin.py:190} INFO - My name is Jerry. I am 19 years old.
[2024-12-20T10:28:54.793+0000] {python.py:240} INFO - Done. Returned value was: None
[2024-12-20T10:28:54.805+0000] {taskinstance.py:340} INFO - ::group::Post task execution logs
[2024-12-20T10:28:54.807+0000] {taskinstance.py:352} INFO - Marking task as SUCCESS. dag_id=dag_with_taskflow_api, task_id=greet, run_id=scheduled__2024-09-21T00:00:00+00:00, execution_date=20240921T000000, start_date=20241220T102854, end_date=20241220T102854
[2024-12-20T10:28:54.864+0000] {local_task_job_runner.py:266} INFO - Task exited with return code 0
[2024-12-20T10:28:54.895+0000] {taskinstance.py:3895} INFO - 0 downstream tasks scheduled from follow-on schedule check
[2024-12-20T10:28:54.903+0000] {local_task_job_runner.py:245} INFO - ::endgroup::
