[2024-12-19T08:47:45.266+0000] {local_task_job_runner.py:123} INFO - ::group::Pre task execution logs
[2024-12-19T08:47:45.293+0000] {taskinstance.py:2613} INFO - Dependencies all met for dep_context=non-requeueable deps ti=<TaskInstance: our_first_dag.first_task scheduled__2021-12-20T00:00:00+00:00 [queued]>
[2024-12-19T08:47:45.312+0000] {taskinstance.py:2613} INFO - Dependencies all met for dep_context=requeueable deps ti=<TaskInstance: our_first_dag.first_task scheduled__2021-12-20T00:00:00+00:00 [queued]>
[2024-12-19T08:47:45.315+0000] {taskinstance.py:2866} INFO - Starting attempt 1 of 6
[2024-12-19T08:47:45.334+0000] {taskinstance.py:2889} INFO - Executing <Task(BashOperator): first_task> on 2021-12-20 00:00:00+00:00
[2024-12-19T08:47:45.349+0000] {standard_task_runner.py:104} INFO - Running: ['***', 'tasks', 'run', 'our_first_dag', 'first_task', 'scheduled__2021-12-20T00:00:00+00:00', '--job-id', '146', '--raw', '--subdir', 'DAGS_FOLDER/our_first_dag.py', '--cfg-path', '/tmp/tmp6mx7pmkk']
[2024-12-19T08:47:45.353+0000] {standard_task_runner.py:105} INFO - Job 146: Subtask first_task
[2024-12-19T08:47:45.346+0000] {logging_mixin.py:190} WARNING - /home/***/.local/lib/python3.12/site-packages/***/task/task_runner/standard_task_runner.py:70 DeprecationWarning: This process (pid=1054) is multi-threaded, use of fork() may lead to deadlocks in the child.
[2024-12-19T08:47:45.362+0000] {standard_task_runner.py:72} INFO - Started process 1064 to run task
[2024-12-19T08:47:45.460+0000] {task_command.py:467} INFO - Running <TaskInstance: our_first_dag.first_task scheduled__2021-12-20T00:00:00+00:00 [running]> on host 8d142e9c83a7
[2024-12-19T08:47:45.571+0000] {taskinstance.py:3132} INFO - Exporting env vars: AIRFLOW_CTX_DAG_OWNER='mateo' AIRFLOW_CTX_DAG_ID='our_first_dag' AIRFLOW_CTX_TASK_ID='first_task' AIRFLOW_CTX_EXECUTION_DATE='2021-12-20T00:00:00+00:00' AIRFLOW_CTX_TRY_NUMBER='1' AIRFLOW_CTX_DAG_RUN_ID='scheduled__2021-12-20T00:00:00+00:00'
[2024-12-19T08:47:45.578+0000] {taskinstance.py:731} INFO - ::endgroup::
[2024-12-19T08:47:45.612+0000] {subprocess.py:78} INFO - Tmp dir root location: /tmp
[2024-12-19T08:47:45.613+0000] {subprocess.py:88} INFO - Running command: ['/usr/bin/bash', '-c', 'echo hello world, this is the first task']
[2024-12-19T08:47:45.631+0000] {subprocess.py:99} INFO - Output:
[2024-12-19T08:47:45.632+0000] {subprocess.py:106} INFO - hello world, this is the first task
[2024-12-19T08:47:45.633+0000] {subprocess.py:110} INFO - Command exited with return code 0
[2024-12-19T08:47:45.661+0000] {taskinstance.py:340} INFO - ::group::Post task execution logs
[2024-12-19T08:47:45.663+0000] {taskinstance.py:352} INFO - Marking task as SUCCESS. dag_id=our_first_dag, task_id=first_task, run_id=scheduled__2021-12-20T00:00:00+00:00, execution_date=20211220T000000, start_date=20241219T084745, end_date=20241219T084745
[2024-12-19T08:47:45.704+0000] {local_task_job_runner.py:266} INFO - Task exited with return code 0
[2024-12-19T08:47:45.721+0000] {taskinstance.py:3895} INFO - 0 downstream tasks scheduled from follow-on schedule check
[2024-12-19T08:47:45.723+0000] {local_task_job_runner.py:245} INFO - ::endgroup::
