[2024-12-19T09:00:52.281+0000] {local_task_job_runner.py:123} INFO - ::group::Pre task execution logs
[2024-12-19T09:00:52.303+0000] {taskinstance.py:2613} INFO - Dependencies all met for dep_context=non-requeueable deps ti=<TaskInstance: our_first_dag_v2.first_task scheduled__2024-09-10T00:00:00+00:00 [queued]>
[2024-12-19T09:00:52.315+0000] {taskinstance.py:2613} INFO - Dependencies all met for dep_context=requeueable deps ti=<TaskInstance: our_first_dag_v2.first_task scheduled__2024-09-10T00:00:00+00:00 [queued]>
[2024-12-19T09:00:52.321+0000] {taskinstance.py:2866} INFO - Starting attempt 1 of 6
[2024-12-19T09:00:52.423+0000] {taskinstance.py:2889} INFO - Executing <Task(BashOperator): first_task> on 2024-09-10 00:00:00+00:00
[2024-12-19T09:00:52.440+0000] {logging_mixin.py:190} WARNING - /home/***/.local/lib/python3.12/site-packages/***/task/task_runner/standard_task_runner.py:70 DeprecationWarning: This process (pid=13072) is multi-threaded, use of fork() may lead to deadlocks in the child.
[2024-12-19T09:00:52.443+0000] {standard_task_runner.py:72} INFO - Started process 13083 to run task
[2024-12-19T09:00:52.456+0000] {standard_task_runner.py:104} INFO - Running: ['***', 'tasks', 'run', 'our_first_dag_v2', 'first_task', 'scheduled__2024-09-10T00:00:00+00:00', '--job-id', '3068', '--raw', '--subdir', 'DAGS_FOLDER/our_first_dag.py', '--cfg-path', '/tmp/tmpwvmhp473']
[2024-12-19T09:00:52.461+0000] {standard_task_runner.py:105} INFO - Job 3068: Subtask first_task
[2024-12-19T09:00:52.583+0000] {task_command.py:467} INFO - Running <TaskInstance: our_first_dag_v2.first_task scheduled__2024-09-10T00:00:00+00:00 [running]> on host 8d142e9c83a7
[2024-12-19T09:00:52.697+0000] {taskinstance.py:3132} INFO - Exporting env vars: AIRFLOW_CTX_DAG_OWNER='mateo' AIRFLOW_CTX_DAG_ID='our_first_dag_v2' AIRFLOW_CTX_TASK_ID='first_task' AIRFLOW_CTX_EXECUTION_DATE='2024-09-10T00:00:00+00:00' AIRFLOW_CTX_TRY_NUMBER='1' AIRFLOW_CTX_DAG_RUN_ID='scheduled__2024-09-10T00:00:00+00:00'
[2024-12-19T09:00:52.703+0000] {taskinstance.py:731} INFO - ::endgroup::
[2024-12-19T09:00:52.744+0000] {subprocess.py:78} INFO - Tmp dir root location: /tmp
[2024-12-19T09:00:52.750+0000] {subprocess.py:88} INFO - Running command: ['/usr/bin/bash', '-c', 'echo hello world, this is the first task']
[2024-12-19T09:00:52.797+0000] {subprocess.py:99} INFO - Output:
[2024-12-19T09:00:52.802+0000] {subprocess.py:106} INFO - hello world, this is the first task
[2024-12-19T09:00:52.803+0000] {subprocess.py:110} INFO - Command exited with return code 0
[2024-12-19T09:00:52.861+0000] {taskinstance.py:340} INFO - ::group::Post task execution logs
[2024-12-19T09:00:52.862+0000] {taskinstance.py:352} INFO - Marking task as SUCCESS. dag_id=our_first_dag_v2, task_id=first_task, run_id=scheduled__2024-09-10T00:00:00+00:00, execution_date=20240910T000000, start_date=20241219T090052, end_date=20241219T090052
[2024-12-19T09:00:52.916+0000] {local_task_job_runner.py:266} INFO - Task exited with return code 0
[2024-12-19T09:00:52.941+0000] {taskinstance.py:3895} INFO - 2 downstream tasks scheduled from follow-on schedule check
[2024-12-19T09:00:52.954+0000] {local_task_job_runner.py:245} INFO - ::endgroup::
