[2024-12-19T13:51:16.092+0000] {local_task_job_runner.py:123} INFO - ::group::Pre task execution logs
[2024-12-19T13:51:16.157+0000] {taskinstance.py:2613} INFO - Dependencies all met for dep_context=non-requeueable deps ti=<TaskInstance: dag_with_taskflow_api.get_age scheduled__2024-09-19T00:00:00+00:00 [queued]>
[2024-12-19T13:51:16.191+0000] {taskinstance.py:2613} INFO - Dependencies all met for dep_context=requeueable deps ti=<TaskInstance: dag_with_taskflow_api.get_age scheduled__2024-09-19T00:00:00+00:00 [queued]>
[2024-12-19T13:51:16.193+0000] {taskinstance.py:2866} INFO - Starting attempt 1 of 6
[2024-12-19T13:51:16.246+0000] {taskinstance.py:2889} INFO - Executing <Task(_PythonDecoratedOperator): get_age> on 2024-09-19 00:00:00+00:00
[2024-12-19T13:51:16.269+0000] {logging_mixin.py:190} WARNING - /home/***/.local/lib/python3.12/site-packages/***/task/task_runner/standard_task_runner.py:70 DeprecationWarning: This process (pid=16010) is multi-threaded, use of fork() may lead to deadlocks in the child.
[2024-12-19T13:51:16.272+0000] {standard_task_runner.py:72} INFO - Started process 16024 to run task
[2024-12-19T13:51:16.307+0000] {standard_task_runner.py:104} INFO - Running: ['***', 'tasks', 'run', 'dag_with_taskflow_api', 'get_age', 'scheduled__2024-09-19T00:00:00+00:00', '--job-id', '4328', '--raw', '--subdir', 'DAGS_FOLDER/dag_with_taskflow_api.py', '--cfg-path', '/tmp/tmp8xd5lg5a']
[2024-12-19T13:51:16.327+0000] {standard_task_runner.py:105} INFO - Job 4328: Subtask get_age
[2024-12-19T13:51:16.460+0000] {task_command.py:467} INFO - Running <TaskInstance: dag_with_taskflow_api.get_age scheduled__2024-09-19T00:00:00+00:00 [running]> on host 02d979add40a
[2024-12-19T13:51:16.663+0000] {taskinstance.py:3132} INFO - Exporting env vars: AIRFLOW_CTX_DAG_OWNER='mateo' AIRFLOW_CTX_DAG_ID='dag_with_taskflow_api' AIRFLOW_CTX_TASK_ID='get_age' AIRFLOW_CTX_EXECUTION_DATE='2024-09-19T00:00:00+00:00' AIRFLOW_CTX_TRY_NUMBER='1' AIRFLOW_CTX_DAG_RUN_ID='scheduled__2024-09-19T00:00:00+00:00'
[2024-12-19T13:51:16.667+0000] {taskinstance.py:731} INFO - ::endgroup::
[2024-12-19T13:51:16.673+0000] {python.py:240} INFO - Done. Returned value was: 19
[2024-12-19T13:51:16.738+0000] {taskinstance.py:340} INFO - ::group::Post task execution logs
[2024-12-19T13:51:16.740+0000] {taskinstance.py:352} INFO - Marking task as SUCCESS. dag_id=dag_with_taskflow_api, task_id=get_age, run_id=scheduled__2024-09-19T00:00:00+00:00, execution_date=20240919T000000, start_date=20241219T135116, end_date=20241219T135116
[2024-12-19T13:51:16.796+0000] {local_task_job_runner.py:266} INFO - Task exited with return code 0
[2024-12-19T13:51:16.904+0000] {taskinstance.py:3895} INFO - 1 downstream tasks scheduled from follow-on schedule check
[2024-12-19T13:51:16.909+0000] {local_task_job_runner.py:245} INFO - ::endgroup::
[2024-12-20T10:28:47.859+0000] {local_task_job_runner.py:123} INFO - ::group::Pre task execution logs
[2024-12-20T10:28:47.894+0000] {taskinstance.py:2613} INFO - Dependencies all met for dep_context=non-requeueable deps ti=<TaskInstance: dag_with_taskflow_api.get_age scheduled__2024-09-19T00:00:00+00:00 [queued]>
[2024-12-20T10:28:47.908+0000] {taskinstance.py:2613} INFO - Dependencies all met for dep_context=requeueable deps ti=<TaskInstance: dag_with_taskflow_api.get_age scheduled__2024-09-19T00:00:00+00:00 [queued]>
[2024-12-20T10:28:47.913+0000] {taskinstance.py:2866} INFO - Starting attempt 1 of 6
[2024-12-20T10:28:47.938+0000] {taskinstance.py:2889} INFO - Executing <Task(_PythonDecoratedOperator): get_age> on 2024-09-19 00:00:00+00:00
[2024-12-20T10:28:47.962+0000] {logging_mixin.py:190} WARNING - /home/***/.local/lib/python3.12/site-packages/***/task/task_runner/standard_task_runner.py:70 DeprecationWarning: This process (pid=12615) is multi-threaded, use of fork() may lead to deadlocks in the child.
[2024-12-20T10:28:47.966+0000] {standard_task_runner.py:72} INFO - Started process 12626 to run task
[2024-12-20T10:28:47.975+0000] {standard_task_runner.py:104} INFO - Running: ['***', 'tasks', 'run', 'dag_with_taskflow_api', 'get_age', 'scheduled__2024-09-19T00:00:00+00:00', '--job-id', '4644', '--raw', '--subdir', 'DAGS_FOLDER/dag_with_taskflow_api.py', '--cfg-path', '/tmp/tmpijkf3jmu']
[2024-12-20T10:28:47.998+0000] {standard_task_runner.py:105} INFO - Job 4644: Subtask get_age
[2024-12-20T10:28:48.119+0000] {task_command.py:467} INFO - Running <TaskInstance: dag_with_taskflow_api.get_age scheduled__2024-09-19T00:00:00+00:00 [running]> on host a998b5b3d359
[2024-12-20T10:28:48.268+0000] {taskinstance.py:3132} INFO - Exporting env vars: AIRFLOW_CTX_DAG_OWNER='mateo' AIRFLOW_CTX_DAG_ID='dag_with_taskflow_api' AIRFLOW_CTX_TASK_ID='get_age' AIRFLOW_CTX_EXECUTION_DATE='2024-09-19T00:00:00+00:00' AIRFLOW_CTX_TRY_NUMBER='1' AIRFLOW_CTX_DAG_RUN_ID='scheduled__2024-09-19T00:00:00+00:00'
[2024-12-20T10:28:48.273+0000] {taskinstance.py:731} INFO - ::endgroup::
[2024-12-20T10:28:48.277+0000] {python.py:240} INFO - Done. Returned value was: 19
[2024-12-20T10:28:48.344+0000] {taskinstance.py:340} INFO - ::group::Post task execution logs
[2024-12-20T10:28:48.347+0000] {taskinstance.py:352} INFO - Marking task as SUCCESS. dag_id=dag_with_taskflow_api, task_id=get_age, run_id=scheduled__2024-09-19T00:00:00+00:00, execution_date=20240919T000000, start_date=20241220T102847, end_date=20241220T102848
[2024-12-20T10:28:48.401+0000] {local_task_job_runner.py:266} INFO - Task exited with return code 0
[2024-12-20T10:28:48.422+0000] {local_task_job_runner.py:245} INFO - ::endgroup::
