[2024-12-19T13:51:11.317+0000] {local_task_job_runner.py:123} INFO - ::group::Pre task execution logs
[2024-12-19T13:51:11.364+0000] {taskinstance.py:2613} INFO - Dependencies all met for dep_context=non-requeueable deps ti=<TaskInstance: dag_with_taskflow_api.greet scheduled__2024-09-13T00:00:00+00:00 [queued]>
[2024-12-19T13:51:11.380+0000] {taskinstance.py:2613} INFO - Dependencies all met for dep_context=requeueable deps ti=<TaskInstance: dag_with_taskflow_api.greet scheduled__2024-09-13T00:00:00+00:00 [queued]>
[2024-12-19T13:51:11.385+0000] {taskinstance.py:2866} INFO - Starting attempt 1 of 6
[2024-12-19T13:51:11.422+0000] {taskinstance.py:2889} INFO - Executing <Task(_PythonDecoratedOperator): greet> on 2024-09-13 00:00:00+00:00
[2024-12-19T13:51:11.459+0000] {logging_mixin.py:190} WARNING - /home/***/.local/lib/python3.12/site-packages/***/task/task_runner/standard_task_runner.py:70 DeprecationWarning: This process (pid=15972) is multi-threaded, use of fork() may lead to deadlocks in the child.
[2024-12-19T13:51:11.466+0000] {standard_task_runner.py:72} INFO - Started process 15980 to run task
[2024-12-19T13:51:11.473+0000] {standard_task_runner.py:104} INFO - Running: ['***', 'tasks', 'run', 'dag_with_taskflow_api', 'greet', 'scheduled__2024-09-13T00:00:00+00:00', '--job-id', '4320', '--raw', '--subdir', 'DAGS_FOLDER/dag_with_taskflow_api.py', '--cfg-path', '/tmp/tmpfct6ytq9']
[2024-12-19T13:51:11.481+0000] {standard_task_runner.py:105} INFO - Job 4320: Subtask greet
[2024-12-19T13:51:11.568+0000] {task_command.py:467} INFO - Running <TaskInstance: dag_with_taskflow_api.greet scheduled__2024-09-13T00:00:00+00:00 [running]> on host 02d979add40a
[2024-12-19T13:51:11.772+0000] {taskinstance.py:3132} INFO - Exporting env vars: AIRFLOW_CTX_DAG_OWNER='mateo' AIRFLOW_CTX_DAG_ID='dag_with_taskflow_api' AIRFLOW_CTX_TASK_ID='greet' AIRFLOW_CTX_EXECUTION_DATE='2024-09-13T00:00:00+00:00' AIRFLOW_CTX_TRY_NUMBER='1' AIRFLOW_CTX_DAG_RUN_ID='scheduled__2024-09-13T00:00:00+00:00'
[2024-12-19T13:51:11.775+0000] {taskinstance.py:731} INFO - ::endgroup::
[2024-12-19T13:51:11.783+0000] {logging_mixin.py:190} INFO - My name is Jerry. I am 19 years old.
[2024-12-19T13:51:11.784+0000] {python.py:240} INFO - Done. Returned value was: None
[2024-12-19T13:51:11.798+0000] {taskinstance.py:340} INFO - ::group::Post task execution logs
[2024-12-19T13:51:11.800+0000] {taskinstance.py:352} INFO - Marking task as SUCCESS. dag_id=dag_with_taskflow_api, task_id=greet, run_id=scheduled__2024-09-13T00:00:00+00:00, execution_date=20240913T000000, start_date=20241219T135111, end_date=20241219T135111
[2024-12-19T13:51:11.858+0000] {local_task_job_runner.py:266} INFO - Task exited with return code 0
[2024-12-19T13:51:11.880+0000] {taskinstance.py:3895} INFO - 0 downstream tasks scheduled from follow-on schedule check
[2024-12-19T13:51:11.883+0000] {local_task_job_runner.py:245} INFO - ::endgroup::
[2024-12-20T10:28:46.814+0000] {local_task_job_runner.py:123} INFO - ::group::Pre task execution logs
[2024-12-20T10:28:46.845+0000] {taskinstance.py:2613} INFO - Dependencies all met for dep_context=non-requeueable deps ti=<TaskInstance: dag_with_taskflow_api.greet scheduled__2024-09-13T00:00:00+00:00 [queued]>
[2024-12-20T10:28:46.862+0000] {taskinstance.py:2613} INFO - Dependencies all met for dep_context=requeueable deps ti=<TaskInstance: dag_with_taskflow_api.greet scheduled__2024-09-13T00:00:00+00:00 [queued]>
[2024-12-20T10:28:46.864+0000] {taskinstance.py:2866} INFO - Starting attempt 1 of 6
[2024-12-20T10:28:46.902+0000] {taskinstance.py:2889} INFO - Executing <Task(_PythonDecoratedOperator): greet> on 2024-09-13 00:00:00+00:00
[2024-12-20T10:28:46.920+0000] {logging_mixin.py:190} WARNING - /home/***/.local/lib/python3.12/site-packages/***/task/task_runner/standard_task_runner.py:70 DeprecationWarning: This process (pid=12592) is multi-threaded, use of fork() may lead to deadlocks in the child.
[2024-12-20T10:28:46.934+0000] {standard_task_runner.py:72} INFO - Started process 12603 to run task
[2024-12-20T10:28:46.939+0000] {standard_task_runner.py:104} INFO - Running: ['***', 'tasks', 'run', 'dag_with_taskflow_api', 'greet', 'scheduled__2024-09-13T00:00:00+00:00', '--job-id', '4636', '--raw', '--subdir', 'DAGS_FOLDER/dag_with_taskflow_api.py', '--cfg-path', '/tmp/tmplu2gfl13']
[2024-12-20T10:28:46.962+0000] {standard_task_runner.py:105} INFO - Job 4636: Subtask greet
[2024-12-20T10:28:47.158+0000] {task_command.py:467} INFO - Running <TaskInstance: dag_with_taskflow_api.greet scheduled__2024-09-13T00:00:00+00:00 [running]> on host a998b5b3d359
[2024-12-20T10:28:47.380+0000] {taskinstance.py:3132} INFO - Exporting env vars: AIRFLOW_CTX_DAG_OWNER='mateo' AIRFLOW_CTX_DAG_ID='dag_with_taskflow_api' AIRFLOW_CTX_TASK_ID='greet' AIRFLOW_CTX_EXECUTION_DATE='2024-09-13T00:00:00+00:00' AIRFLOW_CTX_TRY_NUMBER='1' AIRFLOW_CTX_DAG_RUN_ID='scheduled__2024-09-13T00:00:00+00:00'
[2024-12-20T10:28:47.382+0000] {taskinstance.py:731} INFO - ::endgroup::
[2024-12-20T10:28:47.390+0000] {logging_mixin.py:190} INFO - My name is Jerry. I am 19 years old.
[2024-12-20T10:28:47.391+0000] {python.py:240} INFO - Done. Returned value was: None
[2024-12-20T10:28:47.406+0000] {taskinstance.py:340} INFO - ::group::Post task execution logs
[2024-12-20T10:28:47.408+0000] {taskinstance.py:352} INFO - Marking task as SUCCESS. dag_id=dag_with_taskflow_api, task_id=greet, run_id=scheduled__2024-09-13T00:00:00+00:00, execution_date=20240913T000000, start_date=20241220T102846, end_date=20241220T102847
[2024-12-20T10:28:47.496+0000] {local_task_job_runner.py:266} INFO - Task exited with return code 0
[2024-12-20T10:28:47.528+0000] {taskinstance.py:3895} INFO - 0 downstream tasks scheduled from follow-on schedule check
[2024-12-20T10:28:47.533+0000] {local_task_job_runner.py:245} INFO - ::endgroup::
