[2024-12-19T13:52:08.637+0000] {local_task_job_runner.py:123} INFO - ::group::Pre task execution logs
[2024-12-19T13:52:08.698+0000] {taskinstance.py:2613} INFO - Dependencies all met for dep_context=non-requeueable deps ti=<TaskInstance: dag_with_taskflow_api.get_age scheduled__2024-11-28T00:00:00+00:00 [queued]>
[2024-12-19T13:52:08.719+0000] {taskinstance.py:2613} INFO - Dependencies all met for dep_context=requeueable deps ti=<TaskInstance: dag_with_taskflow_api.get_age scheduled__2024-11-28T00:00:00+00:00 [queued]>
[2024-12-19T13:52:08.720+0000] {taskinstance.py:2866} INFO - Starting attempt 1 of 6
[2024-12-19T13:52:08.786+0000] {taskinstance.py:2889} INFO - Executing <Task(_PythonDecoratedOperator): get_age> on 2024-11-28 00:00:00+00:00
[2024-12-19T13:52:08.822+0000] {standard_task_runner.py:104} INFO - Running: ['***', 'tasks', 'run', 'dag_with_taskflow_api', 'get_age', 'scheduled__2024-11-28T00:00:00+00:00', '--job-id', '4537', '--raw', '--subdir', 'DAGS_FOLDER/dag_with_taskflow_api.py', '--cfg-path', '/tmp/tmpfmq8iujr']
[2024-12-19T13:52:08.860+0000] {logging_mixin.py:190} WARNING - /home/***/.local/lib/python3.12/site-packages/***/task/task_runner/standard_task_runner.py:70 DeprecationWarning: This process (pid=16662) is multi-threaded, use of fork() may lead to deadlocks in the child.
[2024-12-19T13:52:08.865+0000] {standard_task_runner.py:72} INFO - Started process 16678 to run task
[2024-12-19T13:52:08.863+0000] {standard_task_runner.py:105} INFO - Job 4537: Subtask get_age
[2024-12-19T13:52:09.088+0000] {task_command.py:467} INFO - Running <TaskInstance: dag_with_taskflow_api.get_age scheduled__2024-11-28T00:00:00+00:00 [running]> on host 02d979add40a
[2024-12-19T13:52:09.347+0000] {taskinstance.py:3132} INFO - Exporting env vars: AIRFLOW_CTX_DAG_OWNER='mateo' AIRFLOW_CTX_DAG_ID='dag_with_taskflow_api' AIRFLOW_CTX_TASK_ID='get_age' AIRFLOW_CTX_EXECUTION_DATE='2024-11-28T00:00:00+00:00' AIRFLOW_CTX_TRY_NUMBER='1' AIRFLOW_CTX_DAG_RUN_ID='scheduled__2024-11-28T00:00:00+00:00'
[2024-12-19T13:52:09.359+0000] {taskinstance.py:731} INFO - ::endgroup::
[2024-12-19T13:52:09.373+0000] {python.py:240} INFO - Done. Returned value was: 19
[2024-12-19T13:52:09.436+0000] {taskinstance.py:340} INFO - ::group::Post task execution logs
[2024-12-19T13:52:09.439+0000] {taskinstance.py:352} INFO - Marking task as SUCCESS. dag_id=dag_with_taskflow_api, task_id=get_age, run_id=scheduled__2024-11-28T00:00:00+00:00, execution_date=20241128T000000, start_date=20241219T135208, end_date=20241219T135209
[2024-12-19T13:52:09.514+0000] {local_task_job_runner.py:266} INFO - Task exited with return code 0
[2024-12-19T13:52:09.541+0000] {taskinstance.py:3895} INFO - 0 downstream tasks scheduled from follow-on schedule check
[2024-12-19T13:52:09.548+0000] {local_task_job_runner.py:245} INFO - ::endgroup::
[2024-12-20T10:29:40.576+0000] {local_task_job_runner.py:123} INFO - ::group::Pre task execution logs
[2024-12-20T10:29:40.605+0000] {taskinstance.py:2613} INFO - Dependencies all met for dep_context=non-requeueable deps ti=<TaskInstance: dag_with_taskflow_api.get_age scheduled__2024-11-28T00:00:00+00:00 [queued]>
[2024-12-20T10:29:40.619+0000] {taskinstance.py:2613} INFO - Dependencies all met for dep_context=requeueable deps ti=<TaskInstance: dag_with_taskflow_api.get_age scheduled__2024-11-28T00:00:00+00:00 [queued]>
[2024-12-20T10:29:40.621+0000] {taskinstance.py:2866} INFO - Starting attempt 1 of 6
[2024-12-20T10:29:40.655+0000] {taskinstance.py:2889} INFO - Executing <Task(_PythonDecoratedOperator): get_age> on 2024-11-28 00:00:00+00:00
[2024-12-20T10:29:40.675+0000] {logging_mixin.py:190} WARNING - /home/***/.local/lib/python3.12/site-packages/***/task/task_runner/standard_task_runner.py:70 DeprecationWarning: This process (pid=13292) is multi-threaded, use of fork() may lead to deadlocks in the child.
[2024-12-20T10:29:40.677+0000] {standard_task_runner.py:72} INFO - Started process 13301 to run task
[2024-12-20T10:29:40.676+0000] {standard_task_runner.py:104} INFO - Running: ['***', 'tasks', 'run', 'dag_with_taskflow_api', 'get_age', 'scheduled__2024-11-28T00:00:00+00:00', '--job-id', '4854', '--raw', '--subdir', 'DAGS_FOLDER/dag_with_taskflow_api.py', '--cfg-path', '/tmp/tmpw21z014d']
[2024-12-20T10:29:40.690+0000] {standard_task_runner.py:105} INFO - Job 4854: Subtask get_age
[2024-12-20T10:29:40.794+0000] {task_command.py:467} INFO - Running <TaskInstance: dag_with_taskflow_api.get_age scheduled__2024-11-28T00:00:00+00:00 [running]> on host a998b5b3d359
[2024-12-20T10:29:40.901+0000] {taskinstance.py:3132} INFO - Exporting env vars: AIRFLOW_CTX_DAG_OWNER='mateo' AIRFLOW_CTX_DAG_ID='dag_with_taskflow_api' AIRFLOW_CTX_TASK_ID='get_age' AIRFLOW_CTX_EXECUTION_DATE='2024-11-28T00:00:00+00:00' AIRFLOW_CTX_TRY_NUMBER='1' AIRFLOW_CTX_DAG_RUN_ID='scheduled__2024-11-28T00:00:00+00:00'
[2024-12-20T10:29:40.904+0000] {taskinstance.py:731} INFO - ::endgroup::
[2024-12-20T10:29:40.909+0000] {python.py:240} INFO - Done. Returned value was: 19
[2024-12-20T10:29:40.950+0000] {taskinstance.py:340} INFO - ::group::Post task execution logs
[2024-12-20T10:29:40.951+0000] {taskinstance.py:352} INFO - Marking task as SUCCESS. dag_id=dag_with_taskflow_api, task_id=get_age, run_id=scheduled__2024-11-28T00:00:00+00:00, execution_date=20241128T000000, start_date=20241220T102940, end_date=20241220T102940
[2024-12-20T10:29:40.986+0000] {local_task_job_runner.py:266} INFO - Task exited with return code 0
[2024-12-20T10:29:41.009+0000] {local_task_job_runner.py:245} INFO - ::endgroup::
