[2024-12-19T13:51:25.143+0000] {local_task_job_runner.py:123} INFO - ::group::Pre task execution logs
[2024-12-19T13:51:25.189+0000] {taskinstance.py:2613} INFO - Dependencies all met for dep_context=non-requeueable deps ti=<TaskInstance: dag_with_taskflow_api.get_age scheduled__2024-10-01T00:00:00+00:00 [queued]>
[2024-12-19T13:51:25.222+0000] {taskinstance.py:2613} INFO - Dependencies all met for dep_context=requeueable deps ti=<TaskInstance: dag_with_taskflow_api.get_age scheduled__2024-10-01T00:00:00+00:00 [queued]>
[2024-12-19T13:51:25.224+0000] {taskinstance.py:2866} INFO - Starting attempt 1 of 6
[2024-12-19T13:51:25.301+0000] {taskinstance.py:2889} INFO - Executing <Task(_PythonDecoratedOperator): get_age> on 2024-10-01 00:00:00+00:00
[2024-12-19T13:51:25.328+0000] {logging_mixin.py:190} WARNING - /home/***/.local/lib/python3.12/site-packages/***/task/task_runner/standard_task_runner.py:70 DeprecationWarning: This process (pid=16128) is multi-threaded, use of fork() may lead to deadlocks in the child.
[2024-12-19T13:51:25.345+0000] {standard_task_runner.py:72} INFO - Started process 16141 to run task
[2024-12-19T13:51:25.348+0000] {standard_task_runner.py:104} INFO - Running: ['***', 'tasks', 'run', 'dag_with_taskflow_api', 'get_age', 'scheduled__2024-10-01T00:00:00+00:00', '--job-id', '4366', '--raw', '--subdir', 'DAGS_FOLDER/dag_with_taskflow_api.py', '--cfg-path', '/tmp/tmp1ddqwayd']
[2024-12-19T13:51:25.378+0000] {standard_task_runner.py:105} INFO - Job 4366: Subtask get_age
[2024-12-19T13:51:25.542+0000] {task_command.py:467} INFO - Running <TaskInstance: dag_with_taskflow_api.get_age scheduled__2024-10-01T00:00:00+00:00 [running]> on host 02d979add40a
[2024-12-19T13:51:25.891+0000] {taskinstance.py:3132} INFO - Exporting env vars: AIRFLOW_CTX_DAG_OWNER='mateo' AIRFLOW_CTX_DAG_ID='dag_with_taskflow_api' AIRFLOW_CTX_TASK_ID='get_age' AIRFLOW_CTX_EXECUTION_DATE='2024-10-01T00:00:00+00:00' AIRFLOW_CTX_TRY_NUMBER='1' AIRFLOW_CTX_DAG_RUN_ID='scheduled__2024-10-01T00:00:00+00:00'
[2024-12-19T13:51:25.894+0000] {taskinstance.py:731} INFO - ::endgroup::
[2024-12-19T13:51:25.899+0000] {python.py:240} INFO - Done. Returned value was: 19
[2024-12-19T13:51:25.974+0000] {taskinstance.py:340} INFO - ::group::Post task execution logs
[2024-12-19T13:51:25.975+0000] {taskinstance.py:352} INFO - Marking task as SUCCESS. dag_id=dag_with_taskflow_api, task_id=get_age, run_id=scheduled__2024-10-01T00:00:00+00:00, execution_date=20241001T000000, start_date=20241219T135125, end_date=20241219T135125
[2024-12-19T13:51:26.072+0000] {local_task_job_runner.py:266} INFO - Task exited with return code 0
[2024-12-19T13:51:26.115+0000] {taskinstance.py:3895} INFO - 1 downstream tasks scheduled from follow-on schedule check
[2024-12-19T13:51:26.123+0000] {local_task_job_runner.py:245} INFO - ::endgroup::
[2024-12-20T10:28:59.650+0000] {local_task_job_runner.py:123} INFO - ::group::Pre task execution logs
[2024-12-20T10:28:59.677+0000] {taskinstance.py:2613} INFO - Dependencies all met for dep_context=non-requeueable deps ti=<TaskInstance: dag_with_taskflow_api.get_age scheduled__2024-10-01T00:00:00+00:00 [queued]>
[2024-12-20T10:28:59.691+0000] {taskinstance.py:2613} INFO - Dependencies all met for dep_context=requeueable deps ti=<TaskInstance: dag_with_taskflow_api.get_age scheduled__2024-10-01T00:00:00+00:00 [queued]>
[2024-12-20T10:28:59.693+0000] {taskinstance.py:2866} INFO - Starting attempt 1 of 6
[2024-12-20T10:28:59.720+0000] {taskinstance.py:2889} INFO - Executing <Task(_PythonDecoratedOperator): get_age> on 2024-10-01 00:00:00+00:00
[2024-12-20T10:28:59.733+0000] {logging_mixin.py:190} WARNING - /home/***/.local/lib/python3.12/site-packages/***/task/task_runner/standard_task_runner.py:70 DeprecationWarning: This process (pid=12731) is multi-threaded, use of fork() may lead to deadlocks in the child.
[2024-12-20T10:28:59.737+0000] {standard_task_runner.py:72} INFO - Started process 12738 to run task
[2024-12-20T10:28:59.735+0000] {standard_task_runner.py:104} INFO - Running: ['***', 'tasks', 'run', 'dag_with_taskflow_api', 'get_age', 'scheduled__2024-10-01T00:00:00+00:00', '--job-id', '4680', '--raw', '--subdir', 'DAGS_FOLDER/dag_with_taskflow_api.py', '--cfg-path', '/tmp/tmpp6gefmsk']
[2024-12-20T10:28:59.748+0000] {standard_task_runner.py:105} INFO - Job 4680: Subtask get_age
[2024-12-20T10:28:59.870+0000] {task_command.py:467} INFO - Running <TaskInstance: dag_with_taskflow_api.get_age scheduled__2024-10-01T00:00:00+00:00 [running]> on host a998b5b3d359
[2024-12-20T10:28:59.997+0000] {taskinstance.py:3132} INFO - Exporting env vars: AIRFLOW_CTX_DAG_OWNER='mateo' AIRFLOW_CTX_DAG_ID='dag_with_taskflow_api' AIRFLOW_CTX_TASK_ID='get_age' AIRFLOW_CTX_EXECUTION_DATE='2024-10-01T00:00:00+00:00' AIRFLOW_CTX_TRY_NUMBER='1' AIRFLOW_CTX_DAG_RUN_ID='scheduled__2024-10-01T00:00:00+00:00'
[2024-12-20T10:28:59.999+0000] {taskinstance.py:731} INFO - ::endgroup::
[2024-12-20T10:29:00.003+0000] {python.py:240} INFO - Done. Returned value was: 19
[2024-12-20T10:29:00.028+0000] {taskinstance.py:340} INFO - ::group::Post task execution logs
[2024-12-20T10:29:00.030+0000] {taskinstance.py:352} INFO - Marking task as SUCCESS. dag_id=dag_with_taskflow_api, task_id=get_age, run_id=scheduled__2024-10-01T00:00:00+00:00, execution_date=20241001T000000, start_date=20241220T102859, end_date=20241220T102900
[2024-12-20T10:29:00.078+0000] {local_task_job_runner.py:266} INFO - Task exited with return code 0
[2024-12-20T10:29:00.110+0000] {taskinstance.py:3895} INFO - 0 downstream tasks scheduled from follow-on schedule check
[2024-12-20T10:29:00.113+0000] {local_task_job_runner.py:245} INFO - ::endgroup::
