[2024-12-19T13:51:56.000+0000] {local_task_job_runner.py:123} INFO - ::group::Pre task execution logs
[2024-12-19T13:51:56.020+0000] {taskinstance.py:2613} INFO - Dependencies all met for dep_context=non-requeueable deps ti=<TaskInstance: dag_with_taskflow_api.greet scheduled__2024-11-08T00:00:00+00:00 [queued]>
[2024-12-19T13:51:56.030+0000] {taskinstance.py:2613} INFO - Dependencies all met for dep_context=requeueable deps ti=<TaskInstance: dag_with_taskflow_api.greet scheduled__2024-11-08T00:00:00+00:00 [queued]>
[2024-12-19T13:51:56.031+0000] {taskinstance.py:2866} INFO - Starting attempt 1 of 6
[2024-12-19T13:51:56.043+0000] {taskinstance.py:2889} INFO - Executing <Task(_PythonDecoratedOperator): greet> on 2024-11-08 00:00:00+00:00
[2024-12-19T13:51:56.053+0000] {logging_mixin.py:190} WARNING - /home/***/.local/lib/python3.12/site-packages/***/task/task_runner/standard_task_runner.py:70 DeprecationWarning: This process (pid=16505) is multi-threaded, use of fork() may lead to deadlocks in the child.
[2024-12-19T13:51:56.055+0000] {standard_task_runner.py:72} INFO - Started process 16509 to run task
[2024-12-19T13:51:56.053+0000] {standard_task_runner.py:104} INFO - Running: ['***', 'tasks', 'run', 'dag_with_taskflow_api', 'greet', 'scheduled__2024-11-08T00:00:00+00:00', '--job-id', '4482', '--raw', '--subdir', 'DAGS_FOLDER/dag_with_taskflow_api.py', '--cfg-path', '/tmp/tmp5of_qvrn']
[2024-12-19T13:51:56.056+0000] {standard_task_runner.py:105} INFO - Job 4482: Subtask greet
[2024-12-19T13:51:56.109+0000] {task_command.py:467} INFO - Running <TaskInstance: dag_with_taskflow_api.greet scheduled__2024-11-08T00:00:00+00:00 [running]> on host 02d979add40a
[2024-12-19T13:51:56.214+0000] {taskinstance.py:3132} INFO - Exporting env vars: AIRFLOW_CTX_DAG_OWNER='mateo' AIRFLOW_CTX_DAG_ID='dag_with_taskflow_api' AIRFLOW_CTX_TASK_ID='greet' AIRFLOW_CTX_EXECUTION_DATE='2024-11-08T00:00:00+00:00' AIRFLOW_CTX_TRY_NUMBER='1' AIRFLOW_CTX_DAG_RUN_ID='scheduled__2024-11-08T00:00:00+00:00'
[2024-12-19T13:51:56.216+0000] {taskinstance.py:731} INFO - ::endgroup::
[2024-12-19T13:51:56.219+0000] {logging_mixin.py:190} INFO - My name is Jerry. I am 19 years old.
[2024-12-19T13:51:56.220+0000] {python.py:240} INFO - Done. Returned value was: None
[2024-12-19T13:51:56.230+0000] {taskinstance.py:340} INFO - ::group::Post task execution logs
[2024-12-19T13:51:56.231+0000] {taskinstance.py:352} INFO - Marking task as SUCCESS. dag_id=dag_with_taskflow_api, task_id=greet, run_id=scheduled__2024-11-08T00:00:00+00:00, execution_date=20241108T000000, start_date=20241219T135156, end_date=20241219T135156
[2024-12-19T13:51:56.273+0000] {local_task_job_runner.py:266} INFO - Task exited with return code 0
[2024-12-19T13:51:56.291+0000] {taskinstance.py:3895} INFO - 0 downstream tasks scheduled from follow-on schedule check
[2024-12-19T13:51:56.293+0000] {local_task_job_runner.py:245} INFO - ::endgroup::
[2024-12-20T10:29:29.747+0000] {local_task_job_runner.py:123} INFO - ::group::Pre task execution logs
[2024-12-20T10:29:29.774+0000] {taskinstance.py:2613} INFO - Dependencies all met for dep_context=non-requeueable deps ti=<TaskInstance: dag_with_taskflow_api.greet scheduled__2024-11-08T00:00:00+00:00 [queued]>
[2024-12-20T10:29:29.789+0000] {taskinstance.py:2613} INFO - Dependencies all met for dep_context=requeueable deps ti=<TaskInstance: dag_with_taskflow_api.greet scheduled__2024-11-08T00:00:00+00:00 [queued]>
[2024-12-20T10:29:29.791+0000] {taskinstance.py:2866} INFO - Starting attempt 1 of 6
[2024-12-20T10:29:29.809+0000] {taskinstance.py:2889} INFO - Executing <Task(_PythonDecoratedOperator): greet> on 2024-11-08 00:00:00+00:00
[2024-12-20T10:29:29.836+0000] {logging_mixin.py:190} WARNING - /home/***/.local/lib/python3.12/site-packages/***/task/task_runner/standard_task_runner.py:70 DeprecationWarning: This process (pid=13135) is multi-threaded, use of fork() may lead to deadlocks in the child.
[2024-12-20T10:29:29.838+0000] {standard_task_runner.py:72} INFO - Started process 13144 to run task
[2024-12-20T10:29:29.837+0000] {standard_task_runner.py:104} INFO - Running: ['***', 'tasks', 'run', 'dag_with_taskflow_api', 'greet', 'scheduled__2024-11-08T00:00:00+00:00', '--job-id', '4803', '--raw', '--subdir', 'DAGS_FOLDER/dag_with_taskflow_api.py', '--cfg-path', '/tmp/tmpqlpai1hz']
[2024-12-20T10:29:29.844+0000] {standard_task_runner.py:105} INFO - Job 4803: Subtask greet
[2024-12-20T10:29:29.914+0000] {task_command.py:467} INFO - Running <TaskInstance: dag_with_taskflow_api.greet scheduled__2024-11-08T00:00:00+00:00 [running]> on host a998b5b3d359
[2024-12-20T10:29:30.066+0000] {taskinstance.py:3132} INFO - Exporting env vars: AIRFLOW_CTX_DAG_OWNER='mateo' AIRFLOW_CTX_DAG_ID='dag_with_taskflow_api' AIRFLOW_CTX_TASK_ID='greet' AIRFLOW_CTX_EXECUTION_DATE='2024-11-08T00:00:00+00:00' AIRFLOW_CTX_TRY_NUMBER='1' AIRFLOW_CTX_DAG_RUN_ID='scheduled__2024-11-08T00:00:00+00:00'
[2024-12-20T10:29:30.072+0000] {taskinstance.py:731} INFO - ::endgroup::
[2024-12-20T10:29:30.076+0000] {logging_mixin.py:190} INFO - My name is Jerry. I am 19 years old.
[2024-12-20T10:29:30.078+0000] {python.py:240} INFO - Done. Returned value was: None
[2024-12-20T10:29:30.090+0000] {taskinstance.py:340} INFO - ::group::Post task execution logs
[2024-12-20T10:29:30.092+0000] {taskinstance.py:352} INFO - Marking task as SUCCESS. dag_id=dag_with_taskflow_api, task_id=greet, run_id=scheduled__2024-11-08T00:00:00+00:00, execution_date=20241108T000000, start_date=20241220T102929, end_date=20241220T102930
[2024-12-20T10:29:30.158+0000] {local_task_job_runner.py:266} INFO - Task exited with return code 0
[2024-12-20T10:29:30.174+0000] {local_task_job_runner.py:245} INFO - ::endgroup::
