[2024-12-19T13:51:42.144+0000] {local_task_job_runner.py:123} INFO - ::group::Pre task execution logs
[2024-12-19T13:51:42.207+0000] {taskinstance.py:2613} INFO - Dependencies all met for dep_context=non-requeueable deps ti=<TaskInstance: dag_with_taskflow_api.get_name scheduled__2024-10-24T00:00:00+00:00 [queued]>
[2024-12-19T13:51:42.240+0000] {taskinstance.py:2613} INFO - Dependencies all met for dep_context=requeueable deps ti=<TaskInstance: dag_with_taskflow_api.get_name scheduled__2024-10-24T00:00:00+00:00 [queued]>
[2024-12-19T13:51:42.242+0000] {taskinstance.py:2866} INFO - Starting attempt 1 of 6
[2024-12-19T13:51:42.299+0000] {taskinstance.py:2889} INFO - Executing <Task(_PythonDecoratedOperator): get_name> on 2024-10-24 00:00:00+00:00
[2024-12-19T13:51:42.352+0000] {logging_mixin.py:190} WARNING - /home/***/.local/lib/python3.12/site-packages/***/task/task_runner/standard_task_runner.py:70 DeprecationWarning: This process (pid=16316) is multi-threaded, use of fork() may lead to deadlocks in the child.
[2024-12-19T13:51:42.345+0000] {standard_task_runner.py:104} INFO - Running: ['***', 'tasks', 'run', 'dag_with_taskflow_api', 'get_name', 'scheduled__2024-10-24T00:00:00+00:00', '--job-id', '4430', '--raw', '--subdir', 'DAGS_FOLDER/dag_with_taskflow_api.py', '--cfg-path', '/tmp/tmpeeqqt4ty']
[2024-12-19T13:51:42.367+0000] {standard_task_runner.py:105} INFO - Job 4430: Subtask get_name
[2024-12-19T13:51:42.360+0000] {standard_task_runner.py:72} INFO - Started process 16337 to run task
[2024-12-19T13:51:42.509+0000] {task_command.py:467} INFO - Running <TaskInstance: dag_with_taskflow_api.get_name scheduled__2024-10-24T00:00:00+00:00 [running]> on host 02d979add40a
[2024-12-19T13:51:42.967+0000] {taskinstance.py:3132} INFO - Exporting env vars: AIRFLOW_CTX_DAG_OWNER='mateo' AIRFLOW_CTX_DAG_ID='dag_with_taskflow_api' AIRFLOW_CTX_TASK_ID='get_name' AIRFLOW_CTX_EXECUTION_DATE='2024-10-24T00:00:00+00:00' AIRFLOW_CTX_TRY_NUMBER='1' AIRFLOW_CTX_DAG_RUN_ID='scheduled__2024-10-24T00:00:00+00:00'
[2024-12-19T13:51:42.970+0000] {taskinstance.py:731} INFO - ::endgroup::
[2024-12-19T13:51:42.982+0000] {python.py:240} INFO - Done. Returned value was: Jerry
[2024-12-19T13:51:43.024+0000] {taskinstance.py:340} INFO - ::group::Post task execution logs
[2024-12-19T13:51:43.026+0000] {taskinstance.py:352} INFO - Marking task as SUCCESS. dag_id=dag_with_taskflow_api, task_id=get_name, run_id=scheduled__2024-10-24T00:00:00+00:00, execution_date=20241024T000000, start_date=20241219T135142, end_date=20241219T135143
[2024-12-19T13:51:43.104+0000] {local_task_job_runner.py:266} INFO - Task exited with return code 0
[2024-12-19T13:51:43.166+0000] {taskinstance.py:3895} INFO - 1 downstream tasks scheduled from follow-on schedule check
[2024-12-19T13:51:43.171+0000] {local_task_job_runner.py:245} INFO - ::endgroup::
[2024-12-20T10:29:15.207+0000] {local_task_job_runner.py:123} INFO - ::group::Pre task execution logs
[2024-12-20T10:29:15.247+0000] {taskinstance.py:2613} INFO - Dependencies all met for dep_context=non-requeueable deps ti=<TaskInstance: dag_with_taskflow_api.get_name scheduled__2024-10-24T00:00:00+00:00 [queued]>
[2024-12-20T10:29:15.271+0000] {taskinstance.py:2613} INFO - Dependencies all met for dep_context=requeueable deps ti=<TaskInstance: dag_with_taskflow_api.get_name scheduled__2024-10-24T00:00:00+00:00 [queued]>
[2024-12-20T10:29:15.273+0000] {taskinstance.py:2866} INFO - Starting attempt 1 of 6
[2024-12-20T10:29:15.301+0000] {taskinstance.py:2889} INFO - Executing <Task(_PythonDecoratedOperator): get_name> on 2024-10-24 00:00:00+00:00
[2024-12-20T10:29:15.318+0000] {logging_mixin.py:190} WARNING - /home/***/.local/lib/python3.12/site-packages/***/task/task_runner/standard_task_runner.py:70 DeprecationWarning: This process (pid=12954) is multi-threaded, use of fork() may lead to deadlocks in the child.
[2024-12-20T10:29:15.332+0000] {standard_task_runner.py:72} INFO - Started process 12970 to run task
[2024-12-20T10:29:15.342+0000] {standard_task_runner.py:104} INFO - Running: ['***', 'tasks', 'run', 'dag_with_taskflow_api', 'get_name', 'scheduled__2024-10-24T00:00:00+00:00', '--job-id', '4748', '--raw', '--subdir', 'DAGS_FOLDER/dag_with_taskflow_api.py', '--cfg-path', '/tmp/tmp5fc2ihvm']
[2024-12-20T10:29:15.358+0000] {standard_task_runner.py:105} INFO - Job 4748: Subtask get_name
[2024-12-20T10:29:15.457+0000] {task_command.py:467} INFO - Running <TaskInstance: dag_with_taskflow_api.get_name scheduled__2024-10-24T00:00:00+00:00 [running]> on host a998b5b3d359
[2024-12-20T10:29:15.595+0000] {taskinstance.py:3132} INFO - Exporting env vars: AIRFLOW_CTX_DAG_OWNER='mateo' AIRFLOW_CTX_DAG_ID='dag_with_taskflow_api' AIRFLOW_CTX_TASK_ID='get_name' AIRFLOW_CTX_EXECUTION_DATE='2024-10-24T00:00:00+00:00' AIRFLOW_CTX_TRY_NUMBER='1' AIRFLOW_CTX_DAG_RUN_ID='scheduled__2024-10-24T00:00:00+00:00'
[2024-12-20T10:29:15.598+0000] {taskinstance.py:731} INFO - ::endgroup::
[2024-12-20T10:29:15.601+0000] {python.py:240} INFO - Done. Returned value was: Jerry
[2024-12-20T10:29:15.629+0000] {taskinstance.py:340} INFO - ::group::Post task execution logs
[2024-12-20T10:29:15.631+0000] {taskinstance.py:352} INFO - Marking task as SUCCESS. dag_id=dag_with_taskflow_api, task_id=get_name, run_id=scheduled__2024-10-24T00:00:00+00:00, execution_date=20241024T000000, start_date=20241220T102915, end_date=20241220T102915
[2024-12-20T10:29:15.687+0000] {local_task_job_runner.py:266} INFO - Task exited with return code 0
[2024-12-20T10:29:15.708+0000] {taskinstance.py:3895} INFO - 0 downstream tasks scheduled from follow-on schedule check
[2024-12-20T10:29:15.716+0000] {local_task_job_runner.py:245} INFO - ::endgroup::
