[2024-12-19T10:07:27.435+0000] {local_task_job_runner.py:123} INFO - ::group::Pre task execution logs
[2024-12-19T10:07:27.463+0000] {taskinstance.py:2613} INFO - Dependencies all met for dep_context=non-requeueable deps ti=<TaskInstance: python_operator_dag_v2.get_name scheduled__2021-10-12T00:00:00+00:00 [queued]>
[2024-12-19T10:07:27.474+0000] {taskinstance.py:2613} INFO - Dependencies all met for dep_context=requeueable deps ti=<TaskInstance: python_operator_dag_v2.get_name scheduled__2021-10-12T00:00:00+00:00 [queued]>
[2024-12-19T10:07:27.475+0000] {taskinstance.py:2866} INFO - Starting attempt 1 of 6
[2024-12-19T10:07:27.538+0000] {taskinstance.py:2889} INFO - Executing <Task(PythonOperator): get_name> on 2021-10-12 00:00:00+00:00
[2024-12-19T10:07:27.557+0000] {logging_mixin.py:190} WARNING - /home/***/.local/lib/python3.12/site-packages/***/task/task_runner/standard_task_runner.py:70 DeprecationWarning: This process (pid=3950) is multi-threaded, use of fork() may lead to deadlocks in the child.
[2024-12-19T10:07:27.558+0000] {standard_task_runner.py:104} INFO - Running: ['***', 'tasks', 'run', 'python_operator_dag_v2', 'get_name', 'scheduled__2021-10-12T00:00:00+00:00', '--job-id', '1204', '--raw', '--subdir', 'DAGS_FOLDER/python_operator_dag.py', '--cfg-path', '/tmp/tmp6jx_pk07']
[2024-12-19T10:07:27.565+0000] {standard_task_runner.py:105} INFO - Job 1204: Subtask get_name
[2024-12-19T10:07:27.560+0000] {standard_task_runner.py:72} INFO - Started process 3958 to run task
[2024-12-19T10:07:27.675+0000] {task_command.py:467} INFO - Running <TaskInstance: python_operator_dag_v2.get_name scheduled__2021-10-12T00:00:00+00:00 [running]> on host 02d979add40a
[2024-12-19T10:07:27.881+0000] {taskinstance.py:3132} INFO - Exporting env vars: AIRFLOW_CTX_DAG_OWNER='mateo' AIRFLOW_CTX_DAG_ID='python_operator_dag_v2' AIRFLOW_CTX_TASK_ID='get_name' AIRFLOW_CTX_EXECUTION_DATE='2021-10-12T00:00:00+00:00' AIRFLOW_CTX_TRY_NUMBER='1' AIRFLOW_CTX_DAG_RUN_ID='scheduled__2021-10-12T00:00:00+00:00'
[2024-12-19T10:07:27.882+0000] {taskinstance.py:731} INFO - ::endgroup::
[2024-12-19T10:07:27.919+0000] {python.py:240} INFO - Done. Returned value was: Josip
[2024-12-19T10:07:27.984+0000] {taskinstance.py:340} INFO - ::group::Post task execution logs
[2024-12-19T10:07:27.985+0000] {taskinstance.py:352} INFO - Marking task as SUCCESS. dag_id=python_operator_dag_v2, task_id=get_name, run_id=scheduled__2021-10-12T00:00:00+00:00, execution_date=20211012T000000, start_date=20241219T100727, end_date=20241219T100727
[2024-12-19T10:07:28.038+0000] {local_task_job_runner.py:266} INFO - Task exited with return code 0
[2024-12-19T10:07:28.073+0000] {taskinstance.py:3895} INFO - 1 downstream tasks scheduled from follow-on schedule check
[2024-12-19T10:07:28.085+0000] {local_task_job_runner.py:245} INFO - ::endgroup::
[2024-12-19T10:10:56.340+0000] {local_task_job_runner.py:123} INFO - ::group::Pre task execution logs
[2024-12-19T10:10:56.375+0000] {taskinstance.py:2613} INFO - Dependencies all met for dep_context=non-requeueable deps ti=<TaskInstance: python_operator_dag_v2.get_name scheduled__2021-10-12T00:00:00+00:00 [queued]>
[2024-12-19T10:10:56.388+0000] {taskinstance.py:2613} INFO - Dependencies all met for dep_context=requeueable deps ti=<TaskInstance: python_operator_dag_v2.get_name scheduled__2021-10-12T00:00:00+00:00 [queued]>
[2024-12-19T10:10:56.390+0000] {taskinstance.py:2866} INFO - Starting attempt 1 of 6
[2024-12-19T10:10:56.444+0000] {taskinstance.py:2889} INFO - Executing <Task(PythonOperator): get_name> on 2021-10-12 00:00:00+00:00
[2024-12-19T10:10:56.457+0000] {logging_mixin.py:190} WARNING - /home/***/.local/lib/python3.12/site-packages/***/task/task_runner/standard_task_runner.py:70 DeprecationWarning: This process (pid=4165) is multi-threaded, use of fork() may lead to deadlocks in the child.
[2024-12-19T10:10:56.468+0000] {standard_task_runner.py:72} INFO - Started process 4174 to run task
[2024-12-19T10:10:56.461+0000] {standard_task_runner.py:104} INFO - Running: ['***', 'tasks', 'run', 'python_operator_dag_v2', 'get_name', 'scheduled__2021-10-12T00:00:00+00:00', '--job-id', '1238', '--raw', '--subdir', 'DAGS_FOLDER/python_operator_dag.py', '--cfg-path', '/tmp/tmp0wb0bxos']
[2024-12-19T10:10:56.479+0000] {standard_task_runner.py:105} INFO - Job 1238: Subtask get_name
[2024-12-19T10:10:56.594+0000] {task_command.py:467} INFO - Running <TaskInstance: python_operator_dag_v2.get_name scheduled__2021-10-12T00:00:00+00:00 [running]> on host 02d979add40a
[2024-12-19T10:10:56.770+0000] {taskinstance.py:3132} INFO - Exporting env vars: AIRFLOW_CTX_DAG_OWNER='mateo' AIRFLOW_CTX_DAG_ID='python_operator_dag_v2' AIRFLOW_CTX_TASK_ID='get_name' AIRFLOW_CTX_EXECUTION_DATE='2021-10-12T00:00:00+00:00' AIRFLOW_CTX_TRY_NUMBER='1' AIRFLOW_CTX_DAG_RUN_ID='scheduled__2021-10-12T00:00:00+00:00'
[2024-12-19T10:10:56.773+0000] {taskinstance.py:731} INFO - ::endgroup::
[2024-12-19T10:10:56.833+0000] {python.py:240} INFO - Done. Returned value was: Josip
[2024-12-19T10:10:56.878+0000] {taskinstance.py:340} INFO - ::group::Post task execution logs
[2024-12-19T10:10:56.880+0000] {taskinstance.py:352} INFO - Marking task as SUCCESS. dag_id=python_operator_dag_v2, task_id=get_name, run_id=scheduled__2021-10-12T00:00:00+00:00, execution_date=20211012T000000, start_date=20241219T101056, end_date=20241219T101056
[2024-12-19T10:10:57.014+0000] {local_task_job_runner.py:266} INFO - Task exited with return code 0
[2024-12-19T10:10:57.043+0000] {taskinstance.py:3895} INFO - 1 downstream tasks scheduled from follow-on schedule check
[2024-12-19T10:10:57.053+0000] {local_task_job_runner.py:245} INFO - ::endgroup::
