[2024-12-19T13:51:34.660+0000] {local_task_job_runner.py:123} INFO - ::group::Pre task execution logs
[2024-12-19T13:51:34.767+0000] {taskinstance.py:2613} INFO - Dependencies all met for dep_context=non-requeueable deps ti=<TaskInstance: dag_with_taskflow_api.get_age scheduled__2024-10-15T00:00:00+00:00 [queued]>
[2024-12-19T13:51:34.806+0000] {taskinstance.py:2613} INFO - Dependencies all met for dep_context=requeueable deps ti=<TaskInstance: dag_with_taskflow_api.get_age scheduled__2024-10-15T00:00:00+00:00 [queued]>
[2024-12-19T13:51:34.808+0000] {taskinstance.py:2866} INFO - Starting attempt 1 of 6
[2024-12-19T13:51:34.859+0000] {taskinstance.py:2889} INFO - Executing <Task(_PythonDecoratedOperator): get_age> on 2024-10-15 00:00:00+00:00
[2024-12-19T13:51:34.895+0000] {logging_mixin.py:190} WARNING - /home/***/.local/lib/python3.12/site-packages/***/task/task_runner/standard_task_runner.py:70 DeprecationWarning: This process (pid=16236) is multi-threaded, use of fork() may lead to deadlocks in the child.
[2024-12-19T13:51:34.897+0000] {standard_task_runner.py:104} INFO - Running: ['***', 'tasks', 'run', 'dag_with_taskflow_api', 'get_age', 'scheduled__2024-10-15T00:00:00+00:00', '--job-id', '4403', '--raw', '--subdir', 'DAGS_FOLDER/dag_with_taskflow_api.py', '--cfg-path', '/tmp/tmps1wyz7sh']
[2024-12-19T13:51:34.909+0000] {standard_task_runner.py:72} INFO - Started process 16254 to run task
[2024-12-19T13:51:34.938+0000] {standard_task_runner.py:105} INFO - Job 4403: Subtask get_age
[2024-12-19T13:51:35.068+0000] {task_command.py:467} INFO - Running <TaskInstance: dag_with_taskflow_api.get_age scheduled__2024-10-15T00:00:00+00:00 [running]> on host 02d979add40a
[2024-12-19T13:51:35.422+0000] {taskinstance.py:3132} INFO - Exporting env vars: AIRFLOW_CTX_DAG_OWNER='mateo' AIRFLOW_CTX_DAG_ID='dag_with_taskflow_api' AIRFLOW_CTX_TASK_ID='get_age' AIRFLOW_CTX_EXECUTION_DATE='2024-10-15T00:00:00+00:00' AIRFLOW_CTX_TRY_NUMBER='1' AIRFLOW_CTX_DAG_RUN_ID='scheduled__2024-10-15T00:00:00+00:00'
[2024-12-19T13:51:35.425+0000] {taskinstance.py:731} INFO - ::endgroup::
[2024-12-19T13:51:35.436+0000] {python.py:240} INFO - Done. Returned value was: 19
[2024-12-19T13:51:35.523+0000] {taskinstance.py:340} INFO - ::group::Post task execution logs
[2024-12-19T13:51:35.525+0000] {taskinstance.py:352} INFO - Marking task as SUCCESS. dag_id=dag_with_taskflow_api, task_id=get_age, run_id=scheduled__2024-10-15T00:00:00+00:00, execution_date=20241015T000000, start_date=20241219T135134, end_date=20241219T135135
[2024-12-19T13:51:35.625+0000] {local_task_job_runner.py:266} INFO - Task exited with return code 0
[2024-12-19T13:51:35.666+0000] {taskinstance.py:3895} INFO - 1 downstream tasks scheduled from follow-on schedule check
[2024-12-19T13:51:35.674+0000] {local_task_job_runner.py:245} INFO - ::endgroup::
[2024-12-20T10:29:08.720+0000] {local_task_job_runner.py:123} INFO - ::group::Pre task execution logs
[2024-12-20T10:29:08.746+0000] {taskinstance.py:2613} INFO - Dependencies all met for dep_context=non-requeueable deps ti=<TaskInstance: dag_with_taskflow_api.get_age scheduled__2024-10-15T00:00:00+00:00 [queued]>
[2024-12-20T10:29:08.756+0000] {taskinstance.py:2613} INFO - Dependencies all met for dep_context=requeueable deps ti=<TaskInstance: dag_with_taskflow_api.get_age scheduled__2024-10-15T00:00:00+00:00 [queued]>
[2024-12-20T10:29:08.759+0000] {taskinstance.py:2866} INFO - Starting attempt 1 of 6
[2024-12-20T10:29:08.780+0000] {taskinstance.py:2889} INFO - Executing <Task(_PythonDecoratedOperator): get_age> on 2024-10-15 00:00:00+00:00
[2024-12-20T10:29:08.793+0000] {standard_task_runner.py:104} INFO - Running: ['***', 'tasks', 'run', 'dag_with_taskflow_api', 'get_age', 'scheduled__2024-10-15T00:00:00+00:00', '--job-id', '4723', '--raw', '--subdir', 'DAGS_FOLDER/dag_with_taskflow_api.py', '--cfg-path', '/tmp/tmpo4he87a5']
[2024-12-20T10:29:08.798+0000] {logging_mixin.py:190} WARNING - /home/***/.local/lib/python3.12/site-packages/***/task/task_runner/standard_task_runner.py:70 DeprecationWarning: This process (pid=12856) is multi-threaded, use of fork() may lead to deadlocks in the child.
[2024-12-20T10:29:08.801+0000] {standard_task_runner.py:72} INFO - Started process 12870 to run task
[2024-12-20T10:29:08.798+0000] {standard_task_runner.py:105} INFO - Job 4723: Subtask get_age
[2024-12-20T10:29:08.886+0000] {task_command.py:467} INFO - Running <TaskInstance: dag_with_taskflow_api.get_age scheduled__2024-10-15T00:00:00+00:00 [running]> on host a998b5b3d359
[2024-12-20T10:29:09.009+0000] {taskinstance.py:3132} INFO - Exporting env vars: AIRFLOW_CTX_DAG_OWNER='mateo' AIRFLOW_CTX_DAG_ID='dag_with_taskflow_api' AIRFLOW_CTX_TASK_ID='get_age' AIRFLOW_CTX_EXECUTION_DATE='2024-10-15T00:00:00+00:00' AIRFLOW_CTX_TRY_NUMBER='1' AIRFLOW_CTX_DAG_RUN_ID='scheduled__2024-10-15T00:00:00+00:00'
[2024-12-20T10:29:09.010+0000] {taskinstance.py:731} INFO - ::endgroup::
[2024-12-20T10:29:09.013+0000] {python.py:240} INFO - Done. Returned value was: 19
[2024-12-20T10:29:09.045+0000] {taskinstance.py:340} INFO - ::group::Post task execution logs
[2024-12-20T10:29:09.047+0000] {taskinstance.py:352} INFO - Marking task as SUCCESS. dag_id=dag_with_taskflow_api, task_id=get_age, run_id=scheduled__2024-10-15T00:00:00+00:00, execution_date=20241015T000000, start_date=20241220T102908, end_date=20241220T102909
[2024-12-20T10:29:09.070+0000] {local_task_job_runner.py:266} INFO - Task exited with return code 0
[2024-12-20T10:29:09.096+0000] {taskinstance.py:3895} INFO - 1 downstream tasks scheduled from follow-on schedule check
[2024-12-20T10:29:09.099+0000] {local_task_job_runner.py:245} INFO - ::endgroup::
