[2024-12-19T13:51:43.811+0000] {local_task_job_runner.py:123} INFO - ::group::Pre task execution logs
[2024-12-19T13:51:43.918+0000] {taskinstance.py:2613} INFO - Dependencies all met for dep_context=non-requeueable deps ti=<TaskInstance: dag_with_taskflow_api.get_age scheduled__2024-10-27T00:00:00+00:00 [queued]>
[2024-12-19T13:51:43.975+0000] {taskinstance.py:2613} INFO - Dependencies all met for dep_context=requeueable deps ti=<TaskInstance: dag_with_taskflow_api.get_age scheduled__2024-10-27T00:00:00+00:00 [queued]>
[2024-12-19T13:51:43.980+0000] {taskinstance.py:2866} INFO - Starting attempt 1 of 6
[2024-12-19T13:51:44.101+0000] {taskinstance.py:2889} INFO - Executing <Task(_PythonDecoratedOperator): get_age> on 2024-10-27 00:00:00+00:00
[2024-12-19T13:51:44.126+0000] {logging_mixin.py:190} WARNING - /home/***/.local/lib/python3.12/site-packages/***/task/task_runner/standard_task_runner.py:70 DeprecationWarning: This process (pid=16364) is multi-threaded, use of fork() may lead to deadlocks in the child.
[2024-12-19T13:51:44.142+0000] {standard_task_runner.py:72} INFO - Started process 16380 to run task
[2024-12-19T13:51:44.123+0000] {standard_task_runner.py:104} INFO - Running: ['***', 'tasks', 'run', 'dag_with_taskflow_api', 'get_age', 'scheduled__2024-10-27T00:00:00+00:00', '--job-id', '4440', '--raw', '--subdir', 'DAGS_FOLDER/dag_with_taskflow_api.py', '--cfg-path', '/tmp/tmph0r79wnj']
[2024-12-19T13:51:44.144+0000] {standard_task_runner.py:105} INFO - Job 4440: Subtask get_age
[2024-12-19T13:51:44.341+0000] {task_command.py:467} INFO - Running <TaskInstance: dag_with_taskflow_api.get_age scheduled__2024-10-27T00:00:00+00:00 [running]> on host 02d979add40a
[2024-12-19T13:51:44.580+0000] {taskinstance.py:3132} INFO - Exporting env vars: AIRFLOW_CTX_DAG_OWNER='mateo' AIRFLOW_CTX_DAG_ID='dag_with_taskflow_api' AIRFLOW_CTX_TASK_ID='get_age' AIRFLOW_CTX_EXECUTION_DATE='2024-10-27T00:00:00+00:00' AIRFLOW_CTX_TRY_NUMBER='1' AIRFLOW_CTX_DAG_RUN_ID='scheduled__2024-10-27T00:00:00+00:00'
[2024-12-19T13:51:44.582+0000] {taskinstance.py:731} INFO - ::endgroup::
[2024-12-19T13:51:44.589+0000] {python.py:240} INFO - Done. Returned value was: 19
[2024-12-19T13:51:44.650+0000] {taskinstance.py:340} INFO - ::group::Post task execution logs
[2024-12-19T13:51:44.651+0000] {taskinstance.py:352} INFO - Marking task as SUCCESS. dag_id=dag_with_taskflow_api, task_id=get_age, run_id=scheduled__2024-10-27T00:00:00+00:00, execution_date=20241027T000000, start_date=20241219T135143, end_date=20241219T135144
[2024-12-19T13:51:44.736+0000] {local_task_job_runner.py:266} INFO - Task exited with return code 0
[2024-12-19T13:51:44.940+0000] {taskinstance.py:3895} INFO - 1 downstream tasks scheduled from follow-on schedule check
[2024-12-19T13:51:44.951+0000] {local_task_job_runner.py:245} INFO - ::endgroup::
[2024-12-20T10:29:19.910+0000] {local_task_job_runner.py:123} INFO - ::group::Pre task execution logs
[2024-12-20T10:29:19.931+0000] {taskinstance.py:2613} INFO - Dependencies all met for dep_context=non-requeueable deps ti=<TaskInstance: dag_with_taskflow_api.get_age scheduled__2024-10-27T00:00:00+00:00 [queued]>
[2024-12-20T10:29:19.955+0000] {taskinstance.py:2613} INFO - Dependencies all met for dep_context=requeueable deps ti=<TaskInstance: dag_with_taskflow_api.get_age scheduled__2024-10-27T00:00:00+00:00 [queued]>
[2024-12-20T10:29:19.956+0000] {taskinstance.py:2866} INFO - Starting attempt 1 of 6
[2024-12-20T10:29:19.978+0000] {taskinstance.py:2889} INFO - Executing <Task(_PythonDecoratedOperator): get_age> on 2024-10-27 00:00:00+00:00
[2024-12-20T10:29:20.000+0000] {logging_mixin.py:190} WARNING - /home/***/.local/lib/python3.12/site-packages/***/task/task_runner/standard_task_runner.py:70 DeprecationWarning: This process (pid=13000) is multi-threaded, use of fork() may lead to deadlocks in the child.
[2024-12-20T10:29:19.998+0000] {standard_task_runner.py:104} INFO - Running: ['***', 'tasks', 'run', 'dag_with_taskflow_api', 'get_age', 'scheduled__2024-10-27T00:00:00+00:00', '--job-id', '4758', '--raw', '--subdir', 'DAGS_FOLDER/dag_with_taskflow_api.py', '--cfg-path', '/tmp/tmpi01w51hx']
[2024-12-20T10:29:20.006+0000] {standard_task_runner.py:105} INFO - Job 4758: Subtask get_age
[2024-12-20T10:29:20.002+0000] {standard_task_runner.py:72} INFO - Started process 13011 to run task
[2024-12-20T10:29:20.104+0000] {task_command.py:467} INFO - Running <TaskInstance: dag_with_taskflow_api.get_age scheduled__2024-10-27T00:00:00+00:00 [running]> on host a998b5b3d359
[2024-12-20T10:29:20.213+0000] {taskinstance.py:3132} INFO - Exporting env vars: AIRFLOW_CTX_DAG_OWNER='mateo' AIRFLOW_CTX_DAG_ID='dag_with_taskflow_api' AIRFLOW_CTX_TASK_ID='get_age' AIRFLOW_CTX_EXECUTION_DATE='2024-10-27T00:00:00+00:00' AIRFLOW_CTX_TRY_NUMBER='1' AIRFLOW_CTX_DAG_RUN_ID='scheduled__2024-10-27T00:00:00+00:00'
[2024-12-20T10:29:20.217+0000] {taskinstance.py:731} INFO - ::endgroup::
[2024-12-20T10:29:20.220+0000] {python.py:240} INFO - Done. Returned value was: 19
[2024-12-20T10:29:20.252+0000] {taskinstance.py:340} INFO - ::group::Post task execution logs
[2024-12-20T10:29:20.254+0000] {taskinstance.py:352} INFO - Marking task as SUCCESS. dag_id=dag_with_taskflow_api, task_id=get_age, run_id=scheduled__2024-10-27T00:00:00+00:00, execution_date=20241027T000000, start_date=20241220T102919, end_date=20241220T102920
[2024-12-20T10:29:20.314+0000] {local_task_job_runner.py:266} INFO - Task exited with return code 0
[2024-12-20T10:29:20.359+0000] {taskinstance.py:3895} INFO - 1 downstream tasks scheduled from follow-on schedule check
[2024-12-20T10:29:20.365+0000] {local_task_job_runner.py:245} INFO - ::endgroup::
