[2024-12-19T13:51:50.688+0000] {local_task_job_runner.py:123} INFO - ::group::Pre task execution logs
[2024-12-19T13:51:50.777+0000] {taskinstance.py:2613} INFO - Dependencies all met for dep_context=non-requeueable deps ti=<TaskInstance: dag_with_taskflow_api.get_name scheduled__2024-11-02T00:00:00+00:00 [queued]>
[2024-12-19T13:51:50.826+0000] {taskinstance.py:2613} INFO - Dependencies all met for dep_context=requeueable deps ti=<TaskInstance: dag_with_taskflow_api.get_name scheduled__2024-11-02T00:00:00+00:00 [queued]>
[2024-12-19T13:51:50.828+0000] {taskinstance.py:2866} INFO - Starting attempt 1 of 6
[2024-12-19T13:51:50.897+0000] {taskinstance.py:2889} INFO - Executing <Task(_PythonDecoratedOperator): get_name> on 2024-11-02 00:00:00+00:00
[2024-12-19T13:51:50.930+0000] {logging_mixin.py:190} WARNING - /home/***/.local/lib/python3.12/site-packages/***/task/task_runner/standard_task_runner.py:70 DeprecationWarning: This process (pid=16418) is multi-threaded, use of fork() may lead to deadlocks in the child.
[2024-12-19T13:51:50.934+0000] {standard_task_runner.py:72} INFO - Started process 16435 to run task
[2024-12-19T13:51:50.944+0000] {standard_task_runner.py:104} INFO - Running: ['***', 'tasks', 'run', 'dag_with_taskflow_api', 'get_name', 'scheduled__2024-11-02T00:00:00+00:00', '--job-id', '4458', '--raw', '--subdir', 'DAGS_FOLDER/dag_with_taskflow_api.py', '--cfg-path', '/tmp/tmp5i65s_ht']
[2024-12-19T13:51:50.974+0000] {standard_task_runner.py:105} INFO - Job 4458: Subtask get_name
[2024-12-19T13:51:51.185+0000] {task_command.py:467} INFO - Running <TaskInstance: dag_with_taskflow_api.get_name scheduled__2024-11-02T00:00:00+00:00 [running]> on host 02d979add40a
[2024-12-19T13:51:51.797+0000] {taskinstance.py:3132} INFO - Exporting env vars: AIRFLOW_CTX_DAG_OWNER='mateo' AIRFLOW_CTX_DAG_ID='dag_with_taskflow_api' AIRFLOW_CTX_TASK_ID='get_name' AIRFLOW_CTX_EXECUTION_DATE='2024-11-02T00:00:00+00:00' AIRFLOW_CTX_TRY_NUMBER='1' AIRFLOW_CTX_DAG_RUN_ID='scheduled__2024-11-02T00:00:00+00:00'
[2024-12-19T13:51:51.805+0000] {taskinstance.py:731} INFO - ::endgroup::
[2024-12-19T13:51:51.846+0000] {python.py:240} INFO - Done. Returned value was: Jerry
[2024-12-19T13:51:51.905+0000] {taskinstance.py:340} INFO - ::group::Post task execution logs
[2024-12-19T13:51:51.907+0000] {taskinstance.py:352} INFO - Marking task as SUCCESS. dag_id=dag_with_taskflow_api, task_id=get_name, run_id=scheduled__2024-11-02T00:00:00+00:00, execution_date=20241102T000000, start_date=20241219T135150, end_date=20241219T135151
[2024-12-19T13:51:51.988+0000] {local_task_job_runner.py:266} INFO - Task exited with return code 0
[2024-12-19T13:51:52.014+0000] {taskinstance.py:3895} INFO - 0 downstream tasks scheduled from follow-on schedule check
[2024-12-19T13:51:52.022+0000] {local_task_job_runner.py:245} INFO - ::endgroup::
[2024-12-20T10:29:22.060+0000] {local_task_job_runner.py:123} INFO - ::group::Pre task execution logs
[2024-12-20T10:29:22.100+0000] {taskinstance.py:2613} INFO - Dependencies all met for dep_context=non-requeueable deps ti=<TaskInstance: dag_with_taskflow_api.get_name scheduled__2024-11-02T00:00:00+00:00 [queued]>
[2024-12-20T10:29:22.114+0000] {taskinstance.py:2613} INFO - Dependencies all met for dep_context=requeueable deps ti=<TaskInstance: dag_with_taskflow_api.get_name scheduled__2024-11-02T00:00:00+00:00 [queued]>
[2024-12-20T10:29:22.116+0000] {taskinstance.py:2866} INFO - Starting attempt 1 of 6
[2024-12-20T10:29:22.141+0000] {taskinstance.py:2889} INFO - Executing <Task(_PythonDecoratedOperator): get_name> on 2024-11-02 00:00:00+00:00
[2024-12-20T10:29:22.153+0000] {logging_mixin.py:190} WARNING - /home/***/.local/lib/python3.12/site-packages/***/task/task_runner/standard_task_runner.py:70 DeprecationWarning: This process (pid=13053) is multi-threaded, use of fork() may lead to deadlocks in the child.
[2024-12-20T10:29:22.157+0000] {standard_task_runner.py:72} INFO - Started process 13062 to run task
[2024-12-20T10:29:22.163+0000] {standard_task_runner.py:104} INFO - Running: ['***', 'tasks', 'run', 'dag_with_taskflow_api', 'get_name', 'scheduled__2024-11-02T00:00:00+00:00', '--job-id', '4776', '--raw', '--subdir', 'DAGS_FOLDER/dag_with_taskflow_api.py', '--cfg-path', '/tmp/tmp1xzx2pf9']
[2024-12-20T10:29:22.174+0000] {standard_task_runner.py:105} INFO - Job 4776: Subtask get_name
[2024-12-20T10:29:22.273+0000] {task_command.py:467} INFO - Running <TaskInstance: dag_with_taskflow_api.get_name scheduled__2024-11-02T00:00:00+00:00 [running]> on host a998b5b3d359
[2024-12-20T10:29:22.428+0000] {taskinstance.py:3132} INFO - Exporting env vars: AIRFLOW_CTX_DAG_OWNER='mateo' AIRFLOW_CTX_DAG_ID='dag_with_taskflow_api' AIRFLOW_CTX_TASK_ID='get_name' AIRFLOW_CTX_EXECUTION_DATE='2024-11-02T00:00:00+00:00' AIRFLOW_CTX_TRY_NUMBER='1' AIRFLOW_CTX_DAG_RUN_ID='scheduled__2024-11-02T00:00:00+00:00'
[2024-12-20T10:29:22.463+0000] {taskinstance.py:731} INFO - ::endgroup::
[2024-12-20T10:29:22.483+0000] {python.py:240} INFO - Done. Returned value was: Jerry
[2024-12-20T10:29:22.518+0000] {taskinstance.py:340} INFO - ::group::Post task execution logs
[2024-12-20T10:29:22.520+0000] {taskinstance.py:352} INFO - Marking task as SUCCESS. dag_id=dag_with_taskflow_api, task_id=get_name, run_id=scheduled__2024-11-02T00:00:00+00:00, execution_date=20241102T000000, start_date=20241220T102922, end_date=20241220T102922
[2024-12-20T10:29:22.584+0000] {local_task_job_runner.py:266} INFO - Task exited with return code 0
[2024-12-20T10:29:22.595+0000] {local_task_job_runner.py:245} INFO - ::endgroup::
