[2024-12-19T13:52:05.524+0000] {local_task_job_runner.py:123} INFO - ::group::Pre task execution logs
[2024-12-19T13:52:05.552+0000] {taskinstance.py:2613} INFO - Dependencies all met for dep_context=non-requeueable deps ti=<TaskInstance: dag_with_taskflow_api.get_name scheduled__2024-11-21T00:00:00+00:00 [queued]>
[2024-12-19T13:52:05.565+0000] {taskinstance.py:2613} INFO - Dependencies all met for dep_context=requeueable deps ti=<TaskInstance: dag_with_taskflow_api.get_name scheduled__2024-11-21T00:00:00+00:00 [queued]>
[2024-12-19T13:52:05.566+0000] {taskinstance.py:2866} INFO - Starting attempt 1 of 6
[2024-12-19T13:52:05.600+0000] {taskinstance.py:2889} INFO - Executing <Task(_PythonDecoratedOperator): get_name> on 2024-11-21 00:00:00+00:00
[2024-12-19T13:52:05.640+0000] {logging_mixin.py:190} WARNING - /home/***/.local/lib/python3.12/site-packages/***/task/task_runner/standard_task_runner.py:70 DeprecationWarning: This process (pid=16600) is multi-threaded, use of fork() may lead to deadlocks in the child.
[2024-12-19T13:52:05.646+0000] {standard_task_runner.py:72} INFO - Started process 16613 to run task
[2024-12-19T13:52:05.644+0000] {standard_task_runner.py:104} INFO - Running: ['***', 'tasks', 'run', 'dag_with_taskflow_api', 'get_name', 'scheduled__2024-11-21T00:00:00+00:00', '--job-id', '4516', '--raw', '--subdir', 'DAGS_FOLDER/dag_with_taskflow_api.py', '--cfg-path', '/tmp/tmp8g21ypg_']
[2024-12-19T13:52:05.673+0000] {standard_task_runner.py:105} INFO - Job 4516: Subtask get_name
[2024-12-19T13:52:05.891+0000] {task_command.py:467} INFO - Running <TaskInstance: dag_with_taskflow_api.get_name scheduled__2024-11-21T00:00:00+00:00 [running]> on host 02d979add40a
[2024-12-19T13:52:06.139+0000] {taskinstance.py:3132} INFO - Exporting env vars: AIRFLOW_CTX_DAG_OWNER='mateo' AIRFLOW_CTX_DAG_ID='dag_with_taskflow_api' AIRFLOW_CTX_TASK_ID='get_name' AIRFLOW_CTX_EXECUTION_DATE='2024-11-21T00:00:00+00:00' AIRFLOW_CTX_TRY_NUMBER='1' AIRFLOW_CTX_DAG_RUN_ID='scheduled__2024-11-21T00:00:00+00:00'
[2024-12-19T13:52:06.143+0000] {taskinstance.py:731} INFO - ::endgroup::
[2024-12-19T13:52:06.164+0000] {python.py:240} INFO - Done. Returned value was: Jerry
[2024-12-19T13:52:06.253+0000] {taskinstance.py:340} INFO - ::group::Post task execution logs
[2024-12-19T13:52:06.256+0000] {taskinstance.py:352} INFO - Marking task as SUCCESS. dag_id=dag_with_taskflow_api, task_id=get_name, run_id=scheduled__2024-11-21T00:00:00+00:00, execution_date=20241121T000000, start_date=20241219T135205, end_date=20241219T135206
[2024-12-19T13:52:06.323+0000] {local_task_job_runner.py:266} INFO - Task exited with return code 0
[2024-12-19T13:52:06.418+0000] {taskinstance.py:3895} INFO - 1 downstream tasks scheduled from follow-on schedule check
[2024-12-19T13:52:06.452+0000] {local_task_job_runner.py:245} INFO - ::endgroup::
[2024-12-20T10:29:38.178+0000] {local_task_job_runner.py:123} INFO - ::group::Pre task execution logs
[2024-12-20T10:29:38.205+0000] {taskinstance.py:2613} INFO - Dependencies all met for dep_context=non-requeueable deps ti=<TaskInstance: dag_with_taskflow_api.get_name scheduled__2024-11-21T00:00:00+00:00 [queued]>
[2024-12-20T10:29:38.222+0000] {taskinstance.py:2613} INFO - Dependencies all met for dep_context=requeueable deps ti=<TaskInstance: dag_with_taskflow_api.get_name scheduled__2024-11-21T00:00:00+00:00 [queued]>
[2024-12-20T10:29:38.223+0000] {taskinstance.py:2866} INFO - Starting attempt 1 of 6
[2024-12-20T10:29:38.395+0000] {taskinstance.py:2889} INFO - Executing <Task(_PythonDecoratedOperator): get_name> on 2024-11-21 00:00:00+00:00
[2024-12-20T10:29:38.417+0000] {logging_mixin.py:190} WARNING - /home/***/.local/lib/python3.12/site-packages/***/task/task_runner/standard_task_runner.py:70 DeprecationWarning: This process (pid=13235) is multi-threaded, use of fork() may lead to deadlocks in the child.
[2024-12-20T10:29:38.424+0000] {standard_task_runner.py:72} INFO - Started process 13245 to run task
[2024-12-20T10:29:38.430+0000] {standard_task_runner.py:104} INFO - Running: ['***', 'tasks', 'run', 'dag_with_taskflow_api', 'get_name', 'scheduled__2024-11-21T00:00:00+00:00', '--job-id', '4834', '--raw', '--subdir', 'DAGS_FOLDER/dag_with_taskflow_api.py', '--cfg-path', '/tmp/tmpzbihjkqw']
[2024-12-20T10:29:38.439+0000] {standard_task_runner.py:105} INFO - Job 4834: Subtask get_name
[2024-12-20T10:29:38.538+0000] {task_command.py:467} INFO - Running <TaskInstance: dag_with_taskflow_api.get_name scheduled__2024-11-21T00:00:00+00:00 [running]> on host a998b5b3d359
[2024-12-20T10:29:38.659+0000] {taskinstance.py:3132} INFO - Exporting env vars: AIRFLOW_CTX_DAG_OWNER='mateo' AIRFLOW_CTX_DAG_ID='dag_with_taskflow_api' AIRFLOW_CTX_TASK_ID='get_name' AIRFLOW_CTX_EXECUTION_DATE='2024-11-21T00:00:00+00:00' AIRFLOW_CTX_TRY_NUMBER='1' AIRFLOW_CTX_DAG_RUN_ID='scheduled__2024-11-21T00:00:00+00:00'
[2024-12-20T10:29:38.661+0000] {taskinstance.py:731} INFO - ::endgroup::
[2024-12-20T10:29:38.666+0000] {python.py:240} INFO - Done. Returned value was: Jerry
[2024-12-20T10:29:38.712+0000] {taskinstance.py:340} INFO - ::group::Post task execution logs
[2024-12-20T10:29:38.713+0000] {taskinstance.py:352} INFO - Marking task as SUCCESS. dag_id=dag_with_taskflow_api, task_id=get_name, run_id=scheduled__2024-11-21T00:00:00+00:00, execution_date=20241121T000000, start_date=20241220T102938, end_date=20241220T102938
[2024-12-20T10:29:38.769+0000] {local_task_job_runner.py:266} INFO - Task exited with return code 0
[2024-12-20T10:29:38.791+0000] {local_task_job_runner.py:245} INFO - ::endgroup::
