[2024-12-19T13:52:08.446+0000] {local_task_job_runner.py:123} INFO - ::group::Pre task execution logs
[2024-12-19T13:52:08.540+0000] {taskinstance.py:2613} INFO - Dependencies all met for dep_context=non-requeueable deps ti=<TaskInstance: dag_with_taskflow_api.greet scheduled__2024-11-23T00:00:00+00:00 [queued]>
[2024-12-19T13:52:08.582+0000] {taskinstance.py:2613} INFO - Dependencies all met for dep_context=requeueable deps ti=<TaskInstance: dag_with_taskflow_api.greet scheduled__2024-11-23T00:00:00+00:00 [queued]>
[2024-12-19T13:52:08.585+0000] {taskinstance.py:2866} INFO - Starting attempt 1 of 6
[2024-12-19T13:52:08.690+0000] {taskinstance.py:2889} INFO - Executing <Task(_PythonDecoratedOperator): greet> on 2024-11-23 00:00:00+00:00
[2024-12-19T13:52:08.735+0000] {standard_task_runner.py:104} INFO - Running: ['***', 'tasks', 'run', 'dag_with_taskflow_api', 'greet', 'scheduled__2024-11-23T00:00:00+00:00', '--job-id', '4535', '--raw', '--subdir', 'DAGS_FOLDER/dag_with_taskflow_api.py', '--cfg-path', '/tmp/tmpc2x2dgo8']
[2024-12-19T13:52:08.739+0000] {standard_task_runner.py:105} INFO - Job 4535: Subtask greet
[2024-12-19T13:52:08.757+0000] {logging_mixin.py:190} WARNING - /home/***/.local/lib/python3.12/site-packages/***/task/task_runner/standard_task_runner.py:70 DeprecationWarning: This process (pid=16660) is multi-threaded, use of fork() may lead to deadlocks in the child.
[2024-12-19T13:52:08.772+0000] {standard_task_runner.py:72} INFO - Started process 16673 to run task
[2024-12-19T13:52:09.050+0000] {task_command.py:467} INFO - Running <TaskInstance: dag_with_taskflow_api.greet scheduled__2024-11-23T00:00:00+00:00 [running]> on host 02d979add40a
[2024-12-19T13:52:09.397+0000] {taskinstance.py:3132} INFO - Exporting env vars: AIRFLOW_CTX_DAG_OWNER='mateo' AIRFLOW_CTX_DAG_ID='dag_with_taskflow_api' AIRFLOW_CTX_TASK_ID='greet' AIRFLOW_CTX_EXECUTION_DATE='2024-11-23T00:00:00+00:00' AIRFLOW_CTX_TRY_NUMBER='1' AIRFLOW_CTX_DAG_RUN_ID='scheduled__2024-11-23T00:00:00+00:00'
[2024-12-19T13:52:09.403+0000] {taskinstance.py:731} INFO - ::endgroup::
[2024-12-19T13:52:09.411+0000] {logging_mixin.py:190} INFO - My name is Jerry. I am 19 years old.
[2024-12-19T13:52:09.414+0000] {python.py:240} INFO - Done. Returned value was: None
[2024-12-19T13:52:09.445+0000] {taskinstance.py:340} INFO - ::group::Post task execution logs
[2024-12-19T13:52:09.449+0000] {taskinstance.py:352} INFO - Marking task as SUCCESS. dag_id=dag_with_taskflow_api, task_id=greet, run_id=scheduled__2024-11-23T00:00:00+00:00, execution_date=20241123T000000, start_date=20241219T135208, end_date=20241219T135209
[2024-12-19T13:52:09.519+0000] {local_task_job_runner.py:266} INFO - Task exited with return code 0
[2024-12-19T13:52:09.555+0000] {taskinstance.py:3895} INFO - 0 downstream tasks scheduled from follow-on schedule check
[2024-12-19T13:52:09.562+0000] {local_task_job_runner.py:245} INFO - ::endgroup::
[2024-12-20T10:29:40.086+0000] {local_task_job_runner.py:123} INFO - ::group::Pre task execution logs
[2024-12-20T10:29:40.122+0000] {taskinstance.py:2613} INFO - Dependencies all met for dep_context=non-requeueable deps ti=<TaskInstance: dag_with_taskflow_api.greet scheduled__2024-11-23T00:00:00+00:00 [queued]>
[2024-12-20T10:29:40.143+0000] {taskinstance.py:2613} INFO - Dependencies all met for dep_context=requeueable deps ti=<TaskInstance: dag_with_taskflow_api.greet scheduled__2024-11-23T00:00:00+00:00 [queued]>
[2024-12-20T10:29:40.145+0000] {taskinstance.py:2866} INFO - Starting attempt 1 of 6
[2024-12-20T10:29:40.172+0000] {taskinstance.py:2889} INFO - Executing <Task(_PythonDecoratedOperator): greet> on 2024-11-23 00:00:00+00:00
[2024-12-20T10:29:40.189+0000] {logging_mixin.py:190} WARNING - /home/***/.local/lib/python3.12/site-packages/***/task/task_runner/standard_task_runner.py:70 DeprecationWarning: This process (pid=13279) is multi-threaded, use of fork() may lead to deadlocks in the child.
[2024-12-20T10:29:40.192+0000] {standard_task_runner.py:72} INFO - Started process 13287 to run task
[2024-12-20T10:29:40.189+0000] {standard_task_runner.py:104} INFO - Running: ['***', 'tasks', 'run', 'dag_with_taskflow_api', 'greet', 'scheduled__2024-11-23T00:00:00+00:00', '--job-id', '4850', '--raw', '--subdir', 'DAGS_FOLDER/dag_with_taskflow_api.py', '--cfg-path', '/tmp/tmpcb1rfo5_']
[2024-12-20T10:29:40.200+0000] {standard_task_runner.py:105} INFO - Job 4850: Subtask greet
[2024-12-20T10:29:40.328+0000] {task_command.py:467} INFO - Running <TaskInstance: dag_with_taskflow_api.greet scheduled__2024-11-23T00:00:00+00:00 [running]> on host a998b5b3d359
[2024-12-20T10:29:40.581+0000] {taskinstance.py:3132} INFO - Exporting env vars: AIRFLOW_CTX_DAG_OWNER='mateo' AIRFLOW_CTX_DAG_ID='dag_with_taskflow_api' AIRFLOW_CTX_TASK_ID='greet' AIRFLOW_CTX_EXECUTION_DATE='2024-11-23T00:00:00+00:00' AIRFLOW_CTX_TRY_NUMBER='1' AIRFLOW_CTX_DAG_RUN_ID='scheduled__2024-11-23T00:00:00+00:00'
[2024-12-20T10:29:40.588+0000] {taskinstance.py:731} INFO - ::endgroup::
[2024-12-20T10:29:40.597+0000] {logging_mixin.py:190} INFO - My name is Jerry. I am 19 years old.
[2024-12-20T10:29:40.601+0000] {python.py:240} INFO - Done. Returned value was: None
[2024-12-20T10:29:40.620+0000] {taskinstance.py:340} INFO - ::group::Post task execution logs
[2024-12-20T10:29:40.622+0000] {taskinstance.py:352} INFO - Marking task as SUCCESS. dag_id=dag_with_taskflow_api, task_id=greet, run_id=scheduled__2024-11-23T00:00:00+00:00, execution_date=20241123T000000, start_date=20241220T102940, end_date=20241220T102940
[2024-12-20T10:29:40.679+0000] {local_task_job_runner.py:266} INFO - Task exited with return code 0
[2024-12-20T10:29:40.693+0000] {local_task_job_runner.py:245} INFO - ::endgroup::
