[2024-12-19T13:51:10.123+0000] {local_task_job_runner.py:123} INFO - ::group::Pre task execution logs
[2024-12-19T13:51:10.288+0000] {taskinstance.py:2613} INFO - Dependencies all met for dep_context=non-requeueable deps ti=<TaskInstance: dag_with_taskflow_api.get_age scheduled__2024-09-15T00:00:00+00:00 [queued]>
[2024-12-19T13:51:10.394+0000] {taskinstance.py:2613} INFO - Dependencies all met for dep_context=requeueable deps ti=<TaskInstance: dag_with_taskflow_api.get_age scheduled__2024-09-15T00:00:00+00:00 [queued]>
[2024-12-19T13:51:10.397+0000] {taskinstance.py:2866} INFO - Starting attempt 1 of 6
[2024-12-19T13:51:10.607+0000] {taskinstance.py:2889} INFO - Executing <Task(_PythonDecoratedOperator): get_age> on 2024-09-15 00:00:00+00:00
[2024-12-19T13:51:10.640+0000] {standard_task_runner.py:104} INFO - Running: ['***', 'tasks', 'run', 'dag_with_taskflow_api', 'get_age', 'scheduled__2024-09-15T00:00:00+00:00', '--job-id', '4313', '--raw', '--subdir', 'DAGS_FOLDER/dag_with_taskflow_api.py', '--cfg-path', '/tmp/tmpecbev5bz']
[2024-12-19T13:51:10.649+0000] {standard_task_runner.py:105} INFO - Job 4313: Subtask get_age
[2024-12-19T13:51:10.658+0000] {logging_mixin.py:190} WARNING - /home/***/.local/lib/python3.12/site-packages/***/task/task_runner/standard_task_runner.py:70 DeprecationWarning: This process (pid=15954) is multi-threaded, use of fork() may lead to deadlocks in the child.
[2024-12-19T13:51:10.671+0000] {standard_task_runner.py:72} INFO - Started process 15965 to run task
[2024-12-19T13:51:10.844+0000] {task_command.py:467} INFO - Running <TaskInstance: dag_with_taskflow_api.get_age scheduled__2024-09-15T00:00:00+00:00 [running]> on host 02d979add40a
[2024-12-19T13:51:11.134+0000] {taskinstance.py:3132} INFO - Exporting env vars: AIRFLOW_CTX_DAG_OWNER='mateo' AIRFLOW_CTX_DAG_ID='dag_with_taskflow_api' AIRFLOW_CTX_TASK_ID='get_age' AIRFLOW_CTX_EXECUTION_DATE='2024-09-15T00:00:00+00:00' AIRFLOW_CTX_TRY_NUMBER='1' AIRFLOW_CTX_DAG_RUN_ID='scheduled__2024-09-15T00:00:00+00:00'
[2024-12-19T13:51:11.139+0000] {taskinstance.py:731} INFO - ::endgroup::
[2024-12-19T13:51:11.144+0000] {python.py:240} INFO - Done. Returned value was: 19
[2024-12-19T13:51:11.223+0000] {taskinstance.py:340} INFO - ::group::Post task execution logs
[2024-12-19T13:51:11.224+0000] {taskinstance.py:352} INFO - Marking task as SUCCESS. dag_id=dag_with_taskflow_api, task_id=get_age, run_id=scheduled__2024-09-15T00:00:00+00:00, execution_date=20240915T000000, start_date=20241219T135110, end_date=20241219T135111
[2024-12-19T13:51:11.334+0000] {local_task_job_runner.py:266} INFO - Task exited with return code 0
[2024-12-19T13:51:11.364+0000] {local_task_job_runner.py:245} INFO - ::endgroup::
[2024-12-20T10:28:45.832+0000] {local_task_job_runner.py:123} INFO - ::group::Pre task execution logs
[2024-12-20T10:28:45.885+0000] {taskinstance.py:2613} INFO - Dependencies all met for dep_context=non-requeueable deps ti=<TaskInstance: dag_with_taskflow_api.get_age scheduled__2024-09-15T00:00:00+00:00 [queued]>
[2024-12-20T10:28:45.904+0000] {taskinstance.py:2613} INFO - Dependencies all met for dep_context=requeueable deps ti=<TaskInstance: dag_with_taskflow_api.get_age scheduled__2024-09-15T00:00:00+00:00 [queued]>
[2024-12-20T10:28:45.909+0000] {taskinstance.py:2866} INFO - Starting attempt 1 of 6
[2024-12-20T10:28:45.962+0000] {taskinstance.py:2889} INFO - Executing <Task(_PythonDecoratedOperator): get_age> on 2024-09-15 00:00:00+00:00
[2024-12-20T10:28:46.008+0000] {logging_mixin.py:190} WARNING - /home/***/.local/lib/python3.12/site-packages/***/task/task_runner/standard_task_runner.py:70 DeprecationWarning: This process (pid=12577) is multi-threaded, use of fork() may lead to deadlocks in the child.
[2024-12-20T10:28:46.011+0000] {standard_task_runner.py:72} INFO - Started process 12588 to run task
[2024-12-20T10:28:46.012+0000] {standard_task_runner.py:104} INFO - Running: ['***', 'tasks', 'run', 'dag_with_taskflow_api', 'get_age', 'scheduled__2024-09-15T00:00:00+00:00', '--job-id', '4632', '--raw', '--subdir', 'DAGS_FOLDER/dag_with_taskflow_api.py', '--cfg-path', '/tmp/tmpdd6u73k_']
[2024-12-20T10:28:46.017+0000] {standard_task_runner.py:105} INFO - Job 4632: Subtask get_age
[2024-12-20T10:28:46.170+0000] {task_command.py:467} INFO - Running <TaskInstance: dag_with_taskflow_api.get_age scheduled__2024-09-15T00:00:00+00:00 [running]> on host a998b5b3d359
[2024-12-20T10:28:46.373+0000] {taskinstance.py:3132} INFO - Exporting env vars: AIRFLOW_CTX_DAG_OWNER='mateo' AIRFLOW_CTX_DAG_ID='dag_with_taskflow_api' AIRFLOW_CTX_TASK_ID='get_age' AIRFLOW_CTX_EXECUTION_DATE='2024-09-15T00:00:00+00:00' AIRFLOW_CTX_TRY_NUMBER='1' AIRFLOW_CTX_DAG_RUN_ID='scheduled__2024-09-15T00:00:00+00:00'
[2024-12-20T10:28:46.376+0000] {taskinstance.py:731} INFO - ::endgroup::
[2024-12-20T10:28:46.393+0000] {python.py:240} INFO - Done. Returned value was: 19
[2024-12-20T10:28:46.444+0000] {taskinstance.py:340} INFO - ::group::Post task execution logs
[2024-12-20T10:28:46.450+0000] {taskinstance.py:352} INFO - Marking task as SUCCESS. dag_id=dag_with_taskflow_api, task_id=get_age, run_id=scheduled__2024-09-15T00:00:00+00:00, execution_date=20240915T000000, start_date=20241220T102845, end_date=20241220T102846
[2024-12-20T10:28:46.533+0000] {local_task_job_runner.py:266} INFO - Task exited with return code 0
[2024-12-20T10:28:46.578+0000] {taskinstance.py:3895} INFO - 0 downstream tasks scheduled from follow-on schedule check
[2024-12-20T10:28:46.587+0000] {local_task_job_runner.py:245} INFO - ::endgroup::
