[2024-12-19T13:51:58.450+0000] {local_task_job_runner.py:123} INFO - ::group::Pre task execution logs
[2024-12-19T13:51:58.522+0000] {taskinstance.py:2613} INFO - Dependencies all met for dep_context=non-requeueable deps ti=<TaskInstance: dag_with_taskflow_api.get_age scheduled__2024-11-11T00:00:00+00:00 [queued]>
[2024-12-19T13:51:58.580+0000] {taskinstance.py:2613} INFO - Dependencies all met for dep_context=requeueable deps ti=<TaskInstance: dag_with_taskflow_api.get_age scheduled__2024-11-11T00:00:00+00:00 [queued]>
[2024-12-19T13:51:58.584+0000] {taskinstance.py:2866} INFO - Starting attempt 1 of 6
[2024-12-19T13:51:58.650+0000] {taskinstance.py:2889} INFO - Executing <Task(_PythonDecoratedOperator): get_age> on 2024-11-11 00:00:00+00:00
[2024-12-19T13:51:58.666+0000] {standard_task_runner.py:104} INFO - Running: ['***', 'tasks', 'run', 'dag_with_taskflow_api', 'get_age', 'scheduled__2024-11-11T00:00:00+00:00', '--job-id', '4488', '--raw', '--subdir', 'DAGS_FOLDER/dag_with_taskflow_api.py', '--cfg-path', '/tmp/tmpgfegcv3m']
[2024-12-19T13:51:58.690+0000] {logging_mixin.py:190} WARNING - /home/***/.local/lib/python3.12/site-packages/***/task/task_runner/standard_task_runner.py:70 DeprecationWarning: This process (pid=16523) is multi-threaded, use of fork() may lead to deadlocks in the child.
[2024-12-19T13:51:58.707+0000] {standard_task_runner.py:72} INFO - Started process 16535 to run task
[2024-12-19T13:51:58.704+0000] {standard_task_runner.py:105} INFO - Job 4488: Subtask get_age
[2024-12-19T13:51:58.852+0000] {task_command.py:467} INFO - Running <TaskInstance: dag_with_taskflow_api.get_age scheduled__2024-11-11T00:00:00+00:00 [running]> on host 02d979add40a
[2024-12-19T13:51:59.180+0000] {taskinstance.py:3132} INFO - Exporting env vars: AIRFLOW_CTX_DAG_OWNER='mateo' AIRFLOW_CTX_DAG_ID='dag_with_taskflow_api' AIRFLOW_CTX_TASK_ID='get_age' AIRFLOW_CTX_EXECUTION_DATE='2024-11-11T00:00:00+00:00' AIRFLOW_CTX_TRY_NUMBER='1' AIRFLOW_CTX_DAG_RUN_ID='scheduled__2024-11-11T00:00:00+00:00'
[2024-12-19T13:51:59.189+0000] {taskinstance.py:731} INFO - ::endgroup::
[2024-12-19T13:51:59.195+0000] {python.py:240} INFO - Done. Returned value was: 19
[2024-12-19T13:51:59.331+0000] {taskinstance.py:340} INFO - ::group::Post task execution logs
[2024-12-19T13:51:59.335+0000] {taskinstance.py:352} INFO - Marking task as SUCCESS. dag_id=dag_with_taskflow_api, task_id=get_age, run_id=scheduled__2024-11-11T00:00:00+00:00, execution_date=20241111T000000, start_date=20241219T135158, end_date=20241219T135159
[2024-12-19T13:51:59.475+0000] {local_task_job_runner.py:266} INFO - Task exited with return code 0
[2024-12-19T13:51:59.551+0000] {taskinstance.py:3895} INFO - 1 downstream tasks scheduled from follow-on schedule check
[2024-12-19T13:51:59.558+0000] {local_task_job_runner.py:245} INFO - ::endgroup::
[2024-12-20T10:29:29.747+0000] {local_task_job_runner.py:123} INFO - ::group::Pre task execution logs
[2024-12-20T10:29:29.768+0000] {taskinstance.py:2613} INFO - Dependencies all met for dep_context=non-requeueable deps ti=<TaskInstance: dag_with_taskflow_api.get_age scheduled__2024-11-11T00:00:00+00:00 [queued]>
[2024-12-20T10:29:29.781+0000] {taskinstance.py:2613} INFO - Dependencies all met for dep_context=requeueable deps ti=<TaskInstance: dag_with_taskflow_api.get_age scheduled__2024-11-11T00:00:00+00:00 [queued]>
[2024-12-20T10:29:29.782+0000] {taskinstance.py:2866} INFO - Starting attempt 1 of 6
[2024-12-20T10:29:29.800+0000] {taskinstance.py:2889} INFO - Executing <Task(_PythonDecoratedOperator): get_age> on 2024-11-11 00:00:00+00:00
[2024-12-20T10:29:29.817+0000] {logging_mixin.py:190} WARNING - /home/***/.local/lib/python3.12/site-packages/***/task/task_runner/standard_task_runner.py:70 DeprecationWarning: This process (pid=13136) is multi-threaded, use of fork() may lead to deadlocks in the child.
[2024-12-20T10:29:29.819+0000] {standard_task_runner.py:104} INFO - Running: ['***', 'tasks', 'run', 'dag_with_taskflow_api', 'get_age', 'scheduled__2024-11-11T00:00:00+00:00', '--job-id', '4804', '--raw', '--subdir', 'DAGS_FOLDER/dag_with_taskflow_api.py', '--cfg-path', '/tmp/tmph_2k1isg']
[2024-12-20T10:29:29.827+0000] {standard_task_runner.py:105} INFO - Job 4804: Subtask get_age
[2024-12-20T10:29:29.822+0000] {standard_task_runner.py:72} INFO - Started process 13143 to run task
[2024-12-20T10:29:29.911+0000] {task_command.py:467} INFO - Running <TaskInstance: dag_with_taskflow_api.get_age scheduled__2024-11-11T00:00:00+00:00 [running]> on host a998b5b3d359
[2024-12-20T10:29:30.036+0000] {taskinstance.py:3132} INFO - Exporting env vars: AIRFLOW_CTX_DAG_OWNER='mateo' AIRFLOW_CTX_DAG_ID='dag_with_taskflow_api' AIRFLOW_CTX_TASK_ID='get_age' AIRFLOW_CTX_EXECUTION_DATE='2024-11-11T00:00:00+00:00' AIRFLOW_CTX_TRY_NUMBER='1' AIRFLOW_CTX_DAG_RUN_ID='scheduled__2024-11-11T00:00:00+00:00'
[2024-12-20T10:29:30.038+0000] {taskinstance.py:731} INFO - ::endgroup::
[2024-12-20T10:29:30.042+0000] {python.py:240} INFO - Done. Returned value was: 19
[2024-12-20T10:29:30.077+0000] {taskinstance.py:340} INFO - ::group::Post task execution logs
[2024-12-20T10:29:30.078+0000] {taskinstance.py:352} INFO - Marking task as SUCCESS. dag_id=dag_with_taskflow_api, task_id=get_age, run_id=scheduled__2024-11-11T00:00:00+00:00, execution_date=20241111T000000, start_date=20241220T102929, end_date=20241220T102930
[2024-12-20T10:29:30.139+0000] {local_task_job_runner.py:266} INFO - Task exited with return code 0
[2024-12-20T10:29:30.152+0000] {local_task_job_runner.py:245} INFO - ::endgroup::
