[2024-12-19T13:51:34.742+0000] {local_task_job_runner.py:123} INFO - ::group::Pre task execution logs
[2024-12-19T13:51:34.799+0000] {taskinstance.py:2613} INFO - Dependencies all met for dep_context=non-requeueable deps ti=<TaskInstance: dag_with_taskflow_api.get_name scheduled__2024-10-15T00:00:00+00:00 [queued]>
[2024-12-19T13:51:34.852+0000] {taskinstance.py:2613} INFO - Dependencies all met for dep_context=requeueable deps ti=<TaskInstance: dag_with_taskflow_api.get_name scheduled__2024-10-15T00:00:00+00:00 [queued]>
[2024-12-19T13:51:34.854+0000] {taskinstance.py:2866} INFO - Starting attempt 1 of 6
[2024-12-19T13:51:34.908+0000] {taskinstance.py:2889} INFO - Executing <Task(_PythonDecoratedOperator): get_name> on 2024-10-15 00:00:00+00:00
[2024-12-19T13:51:34.951+0000] {standard_task_runner.py:104} INFO - Running: ['***', 'tasks', 'run', 'dag_with_taskflow_api', 'get_name', 'scheduled__2024-10-15T00:00:00+00:00', '--job-id', '4404', '--raw', '--subdir', 'DAGS_FOLDER/dag_with_taskflow_api.py', '--cfg-path', '/tmp/tmp9qcv5iw5']
[2024-12-19T13:51:34.955+0000] {standard_task_runner.py:105} INFO - Job 4404: Subtask get_name
[2024-12-19T13:51:34.956+0000] {logging_mixin.py:190} WARNING - /home/***/.local/lib/python3.12/site-packages/***/task/task_runner/standard_task_runner.py:70 DeprecationWarning: This process (pid=16235) is multi-threaded, use of fork() may lead to deadlocks in the child.
[2024-12-19T13:51:34.972+0000] {standard_task_runner.py:72} INFO - Started process 16256 to run task
[2024-12-19T13:51:35.178+0000] {task_command.py:467} INFO - Running <TaskInstance: dag_with_taskflow_api.get_name scheduled__2024-10-15T00:00:00+00:00 [running]> on host 02d979add40a
[2024-12-19T13:51:35.501+0000] {taskinstance.py:3132} INFO - Exporting env vars: AIRFLOW_CTX_DAG_OWNER='mateo' AIRFLOW_CTX_DAG_ID='dag_with_taskflow_api' AIRFLOW_CTX_TASK_ID='get_name' AIRFLOW_CTX_EXECUTION_DATE='2024-10-15T00:00:00+00:00' AIRFLOW_CTX_TRY_NUMBER='1' AIRFLOW_CTX_DAG_RUN_ID='scheduled__2024-10-15T00:00:00+00:00'
[2024-12-19T13:51:35.511+0000] {taskinstance.py:731} INFO - ::endgroup::
[2024-12-19T13:51:35.516+0000] {python.py:240} INFO - Done. Returned value was: Jerry
[2024-12-19T13:51:35.618+0000] {taskinstance.py:340} INFO - ::group::Post task execution logs
[2024-12-19T13:51:35.620+0000] {taskinstance.py:352} INFO - Marking task as SUCCESS. dag_id=dag_with_taskflow_api, task_id=get_name, run_id=scheduled__2024-10-15T00:00:00+00:00, execution_date=20241015T000000, start_date=20241219T135134, end_date=20241219T135135
[2024-12-19T13:51:35.732+0000] {local_task_job_runner.py:266} INFO - Task exited with return code 0
[2024-12-19T13:51:35.773+0000] {taskinstance.py:3895} INFO - 0 downstream tasks scheduled from follow-on schedule check
[2024-12-19T13:51:35.781+0000] {local_task_job_runner.py:245} INFO - ::endgroup::
[2024-12-20T10:29:08.668+0000] {local_task_job_runner.py:123} INFO - ::group::Pre task execution logs
[2024-12-20T10:29:08.699+0000] {taskinstance.py:2613} INFO - Dependencies all met for dep_context=non-requeueable deps ti=<TaskInstance: dag_with_taskflow_api.get_name scheduled__2024-10-15T00:00:00+00:00 [queued]>
[2024-12-20T10:29:08.716+0000] {taskinstance.py:2613} INFO - Dependencies all met for dep_context=requeueable deps ti=<TaskInstance: dag_with_taskflow_api.get_name scheduled__2024-10-15T00:00:00+00:00 [queued]>
[2024-12-20T10:29:08.717+0000] {taskinstance.py:2866} INFO - Starting attempt 1 of 6
[2024-12-20T10:29:08.736+0000] {taskinstance.py:2889} INFO - Executing <Task(_PythonDecoratedOperator): get_name> on 2024-10-15 00:00:00+00:00
[2024-12-20T10:29:08.758+0000] {standard_task_runner.py:104} INFO - Running: ['***', 'tasks', 'run', 'dag_with_taskflow_api', 'get_name', 'scheduled__2024-10-15T00:00:00+00:00', '--job-id', '4720', '--raw', '--subdir', 'DAGS_FOLDER/dag_with_taskflow_api.py', '--cfg-path', '/tmp/tmpeb9bs9id']
[2024-12-20T10:29:08.762+0000] {standard_task_runner.py:105} INFO - Job 4720: Subtask get_name
[2024-12-20T10:29:08.760+0000] {logging_mixin.py:190} WARNING - /home/***/.local/lib/python3.12/site-packages/***/task/task_runner/standard_task_runner.py:70 DeprecationWarning: This process (pid=12855) is multi-threaded, use of fork() may lead to deadlocks in the child.
[2024-12-20T10:29:08.771+0000] {standard_task_runner.py:72} INFO - Started process 12864 to run task
[2024-12-20T10:29:08.871+0000] {task_command.py:467} INFO - Running <TaskInstance: dag_with_taskflow_api.get_name scheduled__2024-10-15T00:00:00+00:00 [running]> on host a998b5b3d359
[2024-12-20T10:29:08.992+0000] {taskinstance.py:3132} INFO - Exporting env vars: AIRFLOW_CTX_DAG_OWNER='mateo' AIRFLOW_CTX_DAG_ID='dag_with_taskflow_api' AIRFLOW_CTX_TASK_ID='get_name' AIRFLOW_CTX_EXECUTION_DATE='2024-10-15T00:00:00+00:00' AIRFLOW_CTX_TRY_NUMBER='1' AIRFLOW_CTX_DAG_RUN_ID='scheduled__2024-10-15T00:00:00+00:00'
[2024-12-20T10:29:08.996+0000] {taskinstance.py:731} INFO - ::endgroup::
[2024-12-20T10:29:09.000+0000] {python.py:240} INFO - Done. Returned value was: Jerry
[2024-12-20T10:29:09.025+0000] {taskinstance.py:340} INFO - ::group::Post task execution logs
[2024-12-20T10:29:09.027+0000] {taskinstance.py:352} INFO - Marking task as SUCCESS. dag_id=dag_with_taskflow_api, task_id=get_name, run_id=scheduled__2024-10-15T00:00:00+00:00, execution_date=20241015T000000, start_date=20241220T102908, end_date=20241220T102909
[2024-12-20T10:29:09.078+0000] {local_task_job_runner.py:266} INFO - Task exited with return code 0
[2024-12-20T10:29:09.091+0000] {local_task_job_runner.py:245} INFO - ::endgroup::
