[2024-12-19T13:51:19.127+0000] {local_task_job_runner.py:123} INFO - ::group::Pre task execution logs
[2024-12-19T13:51:19.168+0000] {taskinstance.py:2613} INFO - Dependencies all met for dep_context=non-requeueable deps ti=<TaskInstance: dag_with_taskflow_api.get_age scheduled__2024-09-26T00:00:00+00:00 [queued]>
[2024-12-19T13:51:19.215+0000] {taskinstance.py:2613} INFO - Dependencies all met for dep_context=requeueable deps ti=<TaskInstance: dag_with_taskflow_api.get_age scheduled__2024-09-26T00:00:00+00:00 [queued]>
[2024-12-19T13:51:19.221+0000] {taskinstance.py:2866} INFO - Starting attempt 1 of 6
[2024-12-19T13:51:19.411+0000] {taskinstance.py:2889} INFO - Executing <Task(_PythonDecoratedOperator): get_age> on 2024-09-26 00:00:00+00:00
[2024-12-19T13:51:19.422+0000] {logging_mixin.py:190} WARNING - /home/***/.local/lib/python3.12/site-packages/***/task/task_runner/standard_task_runner.py:70 DeprecationWarning: This process (pid=16069) is multi-threaded, use of fork() may lead to deadlocks in the child.
[2024-12-19T13:51:19.430+0000] {standard_task_runner.py:72} INFO - Started process 16079 to run task
[2024-12-19T13:51:19.444+0000] {standard_task_runner.py:104} INFO - Running: ['***', 'tasks', 'run', 'dag_with_taskflow_api', 'get_age', 'scheduled__2024-09-26T00:00:00+00:00', '--job-id', '4346', '--raw', '--subdir', 'DAGS_FOLDER/dag_with_taskflow_api.py', '--cfg-path', '/tmp/tmp1o7rmcd2']
[2024-12-19T13:51:19.457+0000] {standard_task_runner.py:105} INFO - Job 4346: Subtask get_age
[2024-12-19T13:51:19.631+0000] {task_command.py:467} INFO - Running <TaskInstance: dag_with_taskflow_api.get_age scheduled__2024-09-26T00:00:00+00:00 [running]> on host 02d979add40a
[2024-12-19T13:51:19.929+0000] {taskinstance.py:3132} INFO - Exporting env vars: AIRFLOW_CTX_DAG_OWNER='mateo' AIRFLOW_CTX_DAG_ID='dag_with_taskflow_api' AIRFLOW_CTX_TASK_ID='get_age' AIRFLOW_CTX_EXECUTION_DATE='2024-09-26T00:00:00+00:00' AIRFLOW_CTX_TRY_NUMBER='1' AIRFLOW_CTX_DAG_RUN_ID='scheduled__2024-09-26T00:00:00+00:00'
[2024-12-19T13:51:19.931+0000] {taskinstance.py:731} INFO - ::endgroup::
[2024-12-19T13:51:19.939+0000] {python.py:240} INFO - Done. Returned value was: 19
[2024-12-19T13:51:19.993+0000] {taskinstance.py:340} INFO - ::group::Post task execution logs
[2024-12-19T13:51:19.996+0000] {taskinstance.py:352} INFO - Marking task as SUCCESS. dag_id=dag_with_taskflow_api, task_id=get_age, run_id=scheduled__2024-09-26T00:00:00+00:00, execution_date=20240926T000000, start_date=20241219T135119, end_date=20241219T135119
[2024-12-19T13:51:20.166+0000] {local_task_job_runner.py:266} INFO - Task exited with return code 0
[2024-12-19T13:51:20.217+0000] {taskinstance.py:3895} INFO - 1 downstream tasks scheduled from follow-on schedule check
[2024-12-19T13:51:20.226+0000] {local_task_job_runner.py:245} INFO - ::endgroup::
[2024-12-20T10:28:54.750+0000] {local_task_job_runner.py:123} INFO - ::group::Pre task execution logs
[2024-12-20T10:28:54.794+0000] {taskinstance.py:2613} INFO - Dependencies all met for dep_context=non-requeueable deps ti=<TaskInstance: dag_with_taskflow_api.get_age scheduled__2024-09-26T00:00:00+00:00 [queued]>
[2024-12-20T10:28:54.804+0000] {taskinstance.py:2613} INFO - Dependencies all met for dep_context=requeueable deps ti=<TaskInstance: dag_with_taskflow_api.get_age scheduled__2024-09-26T00:00:00+00:00 [queued]>
[2024-12-20T10:28:54.806+0000] {taskinstance.py:2866} INFO - Starting attempt 1 of 6
[2024-12-20T10:28:54.830+0000] {taskinstance.py:2889} INFO - Executing <Task(_PythonDecoratedOperator): get_age> on 2024-09-26 00:00:00+00:00
[2024-12-20T10:28:54.847+0000] {logging_mixin.py:190} WARNING - /home/***/.local/lib/python3.12/site-packages/***/task/task_runner/standard_task_runner.py:70 DeprecationWarning: This process (pid=12683) is multi-threaded, use of fork() may lead to deadlocks in the child.
[2024-12-20T10:28:54.858+0000] {standard_task_runner.py:72} INFO - Started process 12694 to run task
[2024-12-20T10:28:54.870+0000] {standard_task_runner.py:104} INFO - Running: ['***', 'tasks', 'run', 'dag_with_taskflow_api', 'get_age', 'scheduled__2024-09-26T00:00:00+00:00', '--job-id', '4664', '--raw', '--subdir', 'DAGS_FOLDER/dag_with_taskflow_api.py', '--cfg-path', '/tmp/tmpta6tf8go']
[2024-12-20T10:28:54.879+0000] {standard_task_runner.py:105} INFO - Job 4664: Subtask get_age
[2024-12-20T10:28:54.990+0000] {task_command.py:467} INFO - Running <TaskInstance: dag_with_taskflow_api.get_age scheduled__2024-09-26T00:00:00+00:00 [running]> on host a998b5b3d359
[2024-12-20T10:28:55.154+0000] {taskinstance.py:3132} INFO - Exporting env vars: AIRFLOW_CTX_DAG_OWNER='mateo' AIRFLOW_CTX_DAG_ID='dag_with_taskflow_api' AIRFLOW_CTX_TASK_ID='get_age' AIRFLOW_CTX_EXECUTION_DATE='2024-09-26T00:00:00+00:00' AIRFLOW_CTX_TRY_NUMBER='1' AIRFLOW_CTX_DAG_RUN_ID='scheduled__2024-09-26T00:00:00+00:00'
[2024-12-20T10:28:55.156+0000] {taskinstance.py:731} INFO - ::endgroup::
[2024-12-20T10:28:55.168+0000] {python.py:240} INFO - Done. Returned value was: 19
[2024-12-20T10:28:55.217+0000] {taskinstance.py:340} INFO - ::group::Post task execution logs
[2024-12-20T10:28:55.220+0000] {taskinstance.py:352} INFO - Marking task as SUCCESS. dag_id=dag_with_taskflow_api, task_id=get_age, run_id=scheduled__2024-09-26T00:00:00+00:00, execution_date=20240926T000000, start_date=20241220T102854, end_date=20241220T102855
[2024-12-20T10:28:55.282+0000] {local_task_job_runner.py:266} INFO - Task exited with return code 0
[2024-12-20T10:28:55.310+0000] {local_task_job_runner.py:245} INFO - ::endgroup::
