[2024-12-19T13:51:31.340+0000] {local_task_job_runner.py:123} INFO - ::group::Pre task execution logs
[2024-12-19T13:51:31.383+0000] {taskinstance.py:2613} INFO - Dependencies all met for dep_context=non-requeueable deps ti=<TaskInstance: dag_with_taskflow_api.get_age scheduled__2024-10-08T00:00:00+00:00 [queued]>
[2024-12-19T13:51:31.410+0000] {taskinstance.py:2613} INFO - Dependencies all met for dep_context=requeueable deps ti=<TaskInstance: dag_with_taskflow_api.get_age scheduled__2024-10-08T00:00:00+00:00 [queued]>
[2024-12-19T13:51:31.413+0000] {taskinstance.py:2866} INFO - Starting attempt 1 of 6
[2024-12-19T13:51:31.502+0000] {taskinstance.py:2889} INFO - Executing <Task(_PythonDecoratedOperator): get_age> on 2024-10-08 00:00:00+00:00
[2024-12-19T13:51:31.516+0000] {logging_mixin.py:190} WARNING - /home/***/.local/lib/python3.12/site-packages/***/task/task_runner/standard_task_runner.py:70 DeprecationWarning: This process (pid=16194) is multi-threaded, use of fork() may lead to deadlocks in the child.
[2024-12-19T13:51:31.531+0000] {standard_task_runner.py:72} INFO - Started process 16204 to run task
[2024-12-19T13:51:31.527+0000] {standard_task_runner.py:104} INFO - Running: ['***', 'tasks', 'run', 'dag_with_taskflow_api', 'get_age', 'scheduled__2024-10-08T00:00:00+00:00', '--job-id', '4386', '--raw', '--subdir', 'DAGS_FOLDER/dag_with_taskflow_api.py', '--cfg-path', '/tmp/tmp5frifxdd']
[2024-12-19T13:51:31.544+0000] {standard_task_runner.py:105} INFO - Job 4386: Subtask get_age
[2024-12-19T13:51:31.711+0000] {task_command.py:467} INFO - Running <TaskInstance: dag_with_taskflow_api.get_age scheduled__2024-10-08T00:00:00+00:00 [running]> on host 02d979add40a
[2024-12-19T13:51:32.086+0000] {taskinstance.py:3132} INFO - Exporting env vars: AIRFLOW_CTX_DAG_OWNER='mateo' AIRFLOW_CTX_DAG_ID='dag_with_taskflow_api' AIRFLOW_CTX_TASK_ID='get_age' AIRFLOW_CTX_EXECUTION_DATE='2024-10-08T00:00:00+00:00' AIRFLOW_CTX_TRY_NUMBER='1' AIRFLOW_CTX_DAG_RUN_ID='scheduled__2024-10-08T00:00:00+00:00'
[2024-12-19T13:51:32.089+0000] {taskinstance.py:731} INFO - ::endgroup::
[2024-12-19T13:51:32.098+0000] {python.py:240} INFO - Done. Returned value was: 19
[2024-12-19T13:51:32.184+0000] {taskinstance.py:340} INFO - ::group::Post task execution logs
[2024-12-19T13:51:32.186+0000] {taskinstance.py:352} INFO - Marking task as SUCCESS. dag_id=dag_with_taskflow_api, task_id=get_age, run_id=scheduled__2024-10-08T00:00:00+00:00, execution_date=20241008T000000, start_date=20241219T135131, end_date=20241219T135132
[2024-12-19T13:51:32.269+0000] {local_task_job_runner.py:266} INFO - Task exited with return code 0
[2024-12-19T13:51:32.341+0000] {taskinstance.py:3895} INFO - 1 downstream tasks scheduled from follow-on schedule check
[2024-12-19T13:51:32.351+0000] {local_task_job_runner.py:245} INFO - ::endgroup::
[2024-12-20T10:29:06.257+0000] {local_task_job_runner.py:123} INFO - ::group::Pre task execution logs
[2024-12-20T10:29:06.292+0000] {taskinstance.py:2613} INFO - Dependencies all met for dep_context=non-requeueable deps ti=<TaskInstance: dag_with_taskflow_api.get_age scheduled__2024-10-08T00:00:00+00:00 [queued]>
[2024-12-20T10:29:06.302+0000] {taskinstance.py:2613} INFO - Dependencies all met for dep_context=requeueable deps ti=<TaskInstance: dag_with_taskflow_api.get_age scheduled__2024-10-08T00:00:00+00:00 [queued]>
[2024-12-20T10:29:06.304+0000] {taskinstance.py:2866} INFO - Starting attempt 1 of 6
[2024-12-20T10:29:06.324+0000] {taskinstance.py:2889} INFO - Executing <Task(_PythonDecoratedOperator): get_age> on 2024-10-08 00:00:00+00:00
[2024-12-20T10:29:06.345+0000] {logging_mixin.py:190} WARNING - /home/***/.local/lib/python3.12/site-packages/***/task/task_runner/standard_task_runner.py:70 DeprecationWarning: This process (pid=12797) is multi-threaded, use of fork() may lead to deadlocks in the child.
[2024-12-20T10:29:06.348+0000] {standard_task_runner.py:72} INFO - Started process 12807 to run task
[2024-12-20T10:29:06.345+0000] {standard_task_runner.py:104} INFO - Running: ['***', 'tasks', 'run', 'dag_with_taskflow_api', 'get_age', 'scheduled__2024-10-08T00:00:00+00:00', '--job-id', '4703', '--raw', '--subdir', 'DAGS_FOLDER/dag_with_taskflow_api.py', '--cfg-path', '/tmp/tmphb48prfe']
[2024-12-20T10:29:06.353+0000] {standard_task_runner.py:105} INFO - Job 4703: Subtask get_age
[2024-12-20T10:29:06.416+0000] {task_command.py:467} INFO - Running <TaskInstance: dag_with_taskflow_api.get_age scheduled__2024-10-08T00:00:00+00:00 [running]> on host a998b5b3d359
[2024-12-20T10:29:06.568+0000] {taskinstance.py:3132} INFO - Exporting env vars: AIRFLOW_CTX_DAG_OWNER='mateo' AIRFLOW_CTX_DAG_ID='dag_with_taskflow_api' AIRFLOW_CTX_TASK_ID='get_age' AIRFLOW_CTX_EXECUTION_DATE='2024-10-08T00:00:00+00:00' AIRFLOW_CTX_TRY_NUMBER='1' AIRFLOW_CTX_DAG_RUN_ID='scheduled__2024-10-08T00:00:00+00:00'
[2024-12-20T10:29:06.571+0000] {taskinstance.py:731} INFO - ::endgroup::
[2024-12-20T10:29:06.574+0000] {python.py:240} INFO - Done. Returned value was: 19
[2024-12-20T10:29:06.613+0000] {taskinstance.py:340} INFO - ::group::Post task execution logs
[2024-12-20T10:29:06.614+0000] {taskinstance.py:352} INFO - Marking task as SUCCESS. dag_id=dag_with_taskflow_api, task_id=get_age, run_id=scheduled__2024-10-08T00:00:00+00:00, execution_date=20241008T000000, start_date=20241220T102906, end_date=20241220T102906
[2024-12-20T10:29:06.654+0000] {local_task_job_runner.py:266} INFO - Task exited with return code 0
[2024-12-20T10:29:06.673+0000] {local_task_job_runner.py:245} INFO - ::endgroup::
