[2024-12-19T13:51:16.139+0000] {local_task_job_runner.py:123} INFO - ::group::Pre task execution logs
[2024-12-19T13:51:16.206+0000] {taskinstance.py:2613} INFO - Dependencies all met for dep_context=non-requeueable deps ti=<TaskInstance: dag_with_taskflow_api.get_name scheduled__2024-09-19T00:00:00+00:00 [queued]>
[2024-12-19T13:51:16.239+0000] {taskinstance.py:2613} INFO - Dependencies all met for dep_context=requeueable deps ti=<TaskInstance: dag_with_taskflow_api.get_name scheduled__2024-09-19T00:00:00+00:00 [queued]>
[2024-12-19T13:51:16.242+0000] {taskinstance.py:2866} INFO - Starting attempt 1 of 6
[2024-12-19T13:51:16.288+0000] {taskinstance.py:2889} INFO - Executing <Task(_PythonDecoratedOperator): get_name> on 2024-09-19 00:00:00+00:00
[2024-12-19T13:51:16.307+0000] {standard_task_runner.py:104} INFO - Running: ['***', 'tasks', 'run', 'dag_with_taskflow_api', 'get_name', 'scheduled__2024-09-19T00:00:00+00:00', '--job-id', '4329', '--raw', '--subdir', 'DAGS_FOLDER/dag_with_taskflow_api.py', '--cfg-path', '/tmp/tmpske96bkk']
[2024-12-19T13:51:16.327+0000] {standard_task_runner.py:105} INFO - Job 4329: Subtask get_name
[2024-12-19T13:51:16.326+0000] {logging_mixin.py:190} WARNING - /home/***/.local/lib/python3.12/site-packages/***/task/task_runner/standard_task_runner.py:70 DeprecationWarning: This process (pid=16011) is multi-threaded, use of fork() may lead to deadlocks in the child.
[2024-12-19T13:51:16.330+0000] {standard_task_runner.py:72} INFO - Started process 16026 to run task
[2024-12-19T13:51:16.478+0000] {task_command.py:467} INFO - Running <TaskInstance: dag_with_taskflow_api.get_name scheduled__2024-09-19T00:00:00+00:00 [running]> on host 02d979add40a
[2024-12-19T13:51:16.667+0000] {taskinstance.py:3132} INFO - Exporting env vars: AIRFLOW_CTX_DAG_OWNER='mateo' AIRFLOW_CTX_DAG_ID='dag_with_taskflow_api' AIRFLOW_CTX_TASK_ID='get_name' AIRFLOW_CTX_EXECUTION_DATE='2024-09-19T00:00:00+00:00' AIRFLOW_CTX_TRY_NUMBER='1' AIRFLOW_CTX_DAG_RUN_ID='scheduled__2024-09-19T00:00:00+00:00'
[2024-12-19T13:51:16.677+0000] {taskinstance.py:731} INFO - ::endgroup::
[2024-12-19T13:51:16.689+0000] {python.py:240} INFO - Done. Returned value was: Jerry
[2024-12-19T13:51:16.755+0000] {taskinstance.py:340} INFO - ::group::Post task execution logs
[2024-12-19T13:51:16.759+0000] {taskinstance.py:352} INFO - Marking task as SUCCESS. dag_id=dag_with_taskflow_api, task_id=get_name, run_id=scheduled__2024-09-19T00:00:00+00:00, execution_date=20240919T000000, start_date=20241219T135116, end_date=20241219T135116
[2024-12-19T13:51:16.817+0000] {local_task_job_runner.py:266} INFO - Task exited with return code 0
[2024-12-19T13:51:16.844+0000] {local_task_job_runner.py:245} INFO - ::endgroup::
[2024-12-20T10:28:47.862+0000] {local_task_job_runner.py:123} INFO - ::group::Pre task execution logs
[2024-12-20T10:28:47.896+0000] {taskinstance.py:2613} INFO - Dependencies all met for dep_context=non-requeueable deps ti=<TaskInstance: dag_with_taskflow_api.get_name scheduled__2024-09-19T00:00:00+00:00 [queued]>
[2024-12-20T10:28:47.910+0000] {taskinstance.py:2613} INFO - Dependencies all met for dep_context=requeueable deps ti=<TaskInstance: dag_with_taskflow_api.get_name scheduled__2024-09-19T00:00:00+00:00 [queued]>
[2024-12-20T10:28:47.911+0000] {taskinstance.py:2866} INFO - Starting attempt 1 of 6
[2024-12-20T10:28:47.929+0000] {taskinstance.py:2889} INFO - Executing <Task(_PythonDecoratedOperator): get_name> on 2024-09-19 00:00:00+00:00
[2024-12-20T10:28:47.958+0000] {logging_mixin.py:190} WARNING - /home/***/.local/lib/python3.12/site-packages/***/task/task_runner/standard_task_runner.py:70 DeprecationWarning: This process (pid=12614) is multi-threaded, use of fork() may lead to deadlocks in the child.
[2024-12-20T10:28:47.968+0000] {standard_task_runner.py:72} INFO - Started process 12625 to run task
[2024-12-20T10:28:47.967+0000] {standard_task_runner.py:104} INFO - Running: ['***', 'tasks', 'run', 'dag_with_taskflow_api', 'get_name', 'scheduled__2024-09-19T00:00:00+00:00', '--job-id', '4645', '--raw', '--subdir', 'DAGS_FOLDER/dag_with_taskflow_api.py', '--cfg-path', '/tmp/tmpvggq1zp6']
[2024-12-20T10:28:47.977+0000] {standard_task_runner.py:105} INFO - Job 4645: Subtask get_name
[2024-12-20T10:28:48.074+0000] {task_command.py:467} INFO - Running <TaskInstance: dag_with_taskflow_api.get_name scheduled__2024-09-19T00:00:00+00:00 [running]> on host a998b5b3d359
[2024-12-20T10:28:48.257+0000] {taskinstance.py:3132} INFO - Exporting env vars: AIRFLOW_CTX_DAG_OWNER='mateo' AIRFLOW_CTX_DAG_ID='dag_with_taskflow_api' AIRFLOW_CTX_TASK_ID='get_name' AIRFLOW_CTX_EXECUTION_DATE='2024-09-19T00:00:00+00:00' AIRFLOW_CTX_TRY_NUMBER='1' AIRFLOW_CTX_DAG_RUN_ID='scheduled__2024-09-19T00:00:00+00:00'
[2024-12-20T10:28:48.259+0000] {taskinstance.py:731} INFO - ::endgroup::
[2024-12-20T10:28:48.264+0000] {python.py:240} INFO - Done. Returned value was: Jerry
[2024-12-20T10:28:48.303+0000] {taskinstance.py:340} INFO - ::group::Post task execution logs
[2024-12-20T10:28:48.304+0000] {taskinstance.py:352} INFO - Marking task as SUCCESS. dag_id=dag_with_taskflow_api, task_id=get_name, run_id=scheduled__2024-09-19T00:00:00+00:00, execution_date=20240919T000000, start_date=20241220T102847, end_date=20241220T102848
[2024-12-20T10:28:48.398+0000] {local_task_job_runner.py:266} INFO - Task exited with return code 0
[2024-12-20T10:28:48.415+0000] {local_task_job_runner.py:245} INFO - ::endgroup::
