[2024-12-19T13:51:26.934+0000] {local_task_job_runner.py:123} INFO - ::group::Pre task execution logs
[2024-12-19T13:51:26.984+0000] {taskinstance.py:2613} INFO - Dependencies all met for dep_context=non-requeueable deps ti=<TaskInstance: dag_with_taskflow_api.greet scheduled__2024-10-01T00:00:00+00:00 [queued]>
[2024-12-19T13:51:27.015+0000] {taskinstance.py:2613} INFO - Dependencies all met for dep_context=requeueable deps ti=<TaskInstance: dag_with_taskflow_api.greet scheduled__2024-10-01T00:00:00+00:00 [queued]>
[2024-12-19T13:51:27.016+0000] {taskinstance.py:2866} INFO - Starting attempt 1 of 6
[2024-12-19T13:51:27.172+0000] {taskinstance.py:2889} INFO - Executing <Task(_PythonDecoratedOperator): greet> on 2024-10-01 00:00:00+00:00
[2024-12-19T13:51:27.211+0000] {logging_mixin.py:190} WARNING - /home/***/.local/lib/python3.12/site-packages/***/task/task_runner/standard_task_runner.py:70 DeprecationWarning: This process (pid=16163) is multi-threaded, use of fork() may lead to deadlocks in the child.
[2024-12-19T13:51:27.220+0000] {standard_task_runner.py:72} INFO - Started process 16177 to run task
[2024-12-19T13:51:27.217+0000] {standard_task_runner.py:104} INFO - Running: ['***', 'tasks', 'run', 'dag_with_taskflow_api', 'greet', 'scheduled__2024-10-01T00:00:00+00:00', '--job-id', '4378', '--raw', '--subdir', 'DAGS_FOLDER/dag_with_taskflow_api.py', '--cfg-path', '/tmp/tmp5uwhadqc']
[2024-12-19T13:51:27.229+0000] {standard_task_runner.py:105} INFO - Job 4378: Subtask greet
[2024-12-19T13:51:27.361+0000] {task_command.py:467} INFO - Running <TaskInstance: dag_with_taskflow_api.greet scheduled__2024-10-01T00:00:00+00:00 [running]> on host 02d979add40a
[2024-12-19T13:51:27.590+0000] {taskinstance.py:3132} INFO - Exporting env vars: AIRFLOW_CTX_DAG_OWNER='mateo' AIRFLOW_CTX_DAG_ID='dag_with_taskflow_api' AIRFLOW_CTX_TASK_ID='greet' AIRFLOW_CTX_EXECUTION_DATE='2024-10-01T00:00:00+00:00' AIRFLOW_CTX_TRY_NUMBER='1' AIRFLOW_CTX_DAG_RUN_ID='scheduled__2024-10-01T00:00:00+00:00'
[2024-12-19T13:51:27.595+0000] {taskinstance.py:731} INFO - ::endgroup::
[2024-12-19T13:51:27.598+0000] {logging_mixin.py:190} INFO - My name is Jerry. I am 19 years old.
[2024-12-19T13:51:27.600+0000] {python.py:240} INFO - Done. Returned value was: None
[2024-12-19T13:51:27.617+0000] {taskinstance.py:340} INFO - ::group::Post task execution logs
[2024-12-19T13:51:27.618+0000] {taskinstance.py:352} INFO - Marking task as SUCCESS. dag_id=dag_with_taskflow_api, task_id=greet, run_id=scheduled__2024-10-01T00:00:00+00:00, execution_date=20241001T000000, start_date=20241219T135126, end_date=20241219T135127
[2024-12-19T13:51:27.656+0000] {local_task_job_runner.py:266} INFO - Task exited with return code 0
[2024-12-19T13:51:27.679+0000] {taskinstance.py:3895} INFO - 0 downstream tasks scheduled from follow-on schedule check
[2024-12-19T13:51:27.683+0000] {local_task_job_runner.py:245} INFO - ::endgroup::
[2024-12-20T10:29:01.015+0000] {local_task_job_runner.py:123} INFO - ::group::Pre task execution logs
[2024-12-20T10:29:01.087+0000] {taskinstance.py:2613} INFO - Dependencies all met for dep_context=non-requeueable deps ti=<TaskInstance: dag_with_taskflow_api.greet scheduled__2024-10-01T00:00:00+00:00 [queued]>
[2024-12-20T10:29:01.127+0000] {taskinstance.py:2613} INFO - Dependencies all met for dep_context=requeueable deps ti=<TaskInstance: dag_with_taskflow_api.greet scheduled__2024-10-01T00:00:00+00:00 [queued]>
[2024-12-20T10:29:01.129+0000] {taskinstance.py:2866} INFO - Starting attempt 1 of 6
[2024-12-20T10:29:01.313+0000] {taskinstance.py:2889} INFO - Executing <Task(_PythonDecoratedOperator): greet> on 2024-10-01 00:00:00+00:00
[2024-12-20T10:29:01.333+0000] {logging_mixin.py:190} WARNING - /home/***/.local/lib/python3.12/site-packages/***/task/task_runner/standard_task_runner.py:70 DeprecationWarning: This process (pid=12751) is multi-threaded, use of fork() may lead to deadlocks in the child.
[2024-12-20T10:29:01.339+0000] {standard_task_runner.py:72} INFO - Started process 12768 to run task
[2024-12-20T10:29:01.345+0000] {standard_task_runner.py:104} INFO - Running: ['***', 'tasks', 'run', 'dag_with_taskflow_api', 'greet', 'scheduled__2024-10-01T00:00:00+00:00', '--job-id', '4690', '--raw', '--subdir', 'DAGS_FOLDER/dag_with_taskflow_api.py', '--cfg-path', '/tmp/tmp717meig5']
[2024-12-20T10:29:01.349+0000] {standard_task_runner.py:105} INFO - Job 4690: Subtask greet
[2024-12-20T10:29:01.460+0000] {task_command.py:467} INFO - Running <TaskInstance: dag_with_taskflow_api.greet scheduled__2024-10-01T00:00:00+00:00 [running]> on host a998b5b3d359
[2024-12-20T10:29:01.648+0000] {taskinstance.py:3132} INFO - Exporting env vars: AIRFLOW_CTX_DAG_OWNER='mateo' AIRFLOW_CTX_DAG_ID='dag_with_taskflow_api' AIRFLOW_CTX_TASK_ID='greet' AIRFLOW_CTX_EXECUTION_DATE='2024-10-01T00:00:00+00:00' AIRFLOW_CTX_TRY_NUMBER='1' AIRFLOW_CTX_DAG_RUN_ID='scheduled__2024-10-01T00:00:00+00:00'
[2024-12-20T10:29:01.650+0000] {taskinstance.py:731} INFO - ::endgroup::
[2024-12-20T10:29:01.657+0000] {logging_mixin.py:190} INFO - My name is Jerry. I am 19 years old.
[2024-12-20T10:29:01.658+0000] {python.py:240} INFO - Done. Returned value was: None
[2024-12-20T10:29:01.669+0000] {taskinstance.py:340} INFO - ::group::Post task execution logs
[2024-12-20T10:29:01.670+0000] {taskinstance.py:352} INFO - Marking task as SUCCESS. dag_id=dag_with_taskflow_api, task_id=greet, run_id=scheduled__2024-10-01T00:00:00+00:00, execution_date=20241001T000000, start_date=20241220T102901, end_date=20241220T102901
[2024-12-20T10:29:01.727+0000] {local_task_job_runner.py:266} INFO - Task exited with return code 0
[2024-12-20T10:29:01.751+0000] {taskinstance.py:3895} INFO - 0 downstream tasks scheduled from follow-on schedule check
[2024-12-20T10:29:01.757+0000] {local_task_job_runner.py:245} INFO - ::endgroup::
