[2024-12-19T10:07:28.639+0000] {local_task_job_runner.py:123} INFO - ::group::Pre task execution logs
[2024-12-19T10:07:28.706+0000] {taskinstance.py:2613} INFO - Dependencies all met for dep_context=non-requeueable deps ti=<TaskInstance: python_operator_dag_v2.get_name scheduled__2021-10-17T00:00:00+00:00 [queued]>
[2024-12-19T10:07:28.762+0000] {taskinstance.py:2613} INFO - Dependencies all met for dep_context=requeueable deps ti=<TaskInstance: python_operator_dag_v2.get_name scheduled__2021-10-17T00:00:00+00:00 [queued]>
[2024-12-19T10:07:28.764+0000] {taskinstance.py:2866} INFO - Starting attempt 1 of 6
[2024-12-19T10:07:28.943+0000] {taskinstance.py:2889} INFO - Executing <Task(PythonOperator): get_name> on 2021-10-17 00:00:00+00:00
[2024-12-19T10:07:28.981+0000] {standard_task_runner.py:104} INFO - Running: ['***', 'tasks', 'run', 'python_operator_dag_v2', 'get_name', 'scheduled__2021-10-17T00:00:00+00:00', '--job-id', '1215', '--raw', '--subdir', 'DAGS_FOLDER/python_operator_dag.py', '--cfg-path', '/tmp/tmp7dvlmtsv']
[2024-12-19T10:07:28.986+0000] {standard_task_runner.py:105} INFO - Job 1215: Subtask get_name
[2024-12-19T10:07:28.989+0000] {logging_mixin.py:190} WARNING - /home/***/.local/lib/python3.12/site-packages/***/task/task_runner/standard_task_runner.py:70 DeprecationWarning: This process (pid=3981) is multi-threaded, use of fork() may lead to deadlocks in the child.
[2024-12-19T10:07:29.006+0000] {standard_task_runner.py:72} INFO - Started process 3997 to run task
[2024-12-19T10:07:29.095+0000] {task_command.py:467} INFO - Running <TaskInstance: python_operator_dag_v2.get_name scheduled__2021-10-17T00:00:00+00:00 [running]> on host 02d979add40a
[2024-12-19T10:07:29.307+0000] {taskinstance.py:3132} INFO - Exporting env vars: AIRFLOW_CTX_DAG_OWNER='mateo' AIRFLOW_CTX_DAG_ID='python_operator_dag_v2' AIRFLOW_CTX_TASK_ID='get_name' AIRFLOW_CTX_EXECUTION_DATE='2021-10-17T00:00:00+00:00' AIRFLOW_CTX_TRY_NUMBER='1' AIRFLOW_CTX_DAG_RUN_ID='scheduled__2021-10-17T00:00:00+00:00'
[2024-12-19T10:07:29.318+0000] {taskinstance.py:731} INFO - ::endgroup::
[2024-12-19T10:07:29.356+0000] {python.py:240} INFO - Done. Returned value was: Josip
[2024-12-19T10:07:29.439+0000] {taskinstance.py:340} INFO - ::group::Post task execution logs
[2024-12-19T10:07:29.444+0000] {taskinstance.py:352} INFO - Marking task as SUCCESS. dag_id=python_operator_dag_v2, task_id=get_name, run_id=scheduled__2021-10-17T00:00:00+00:00, execution_date=20211017T000000, start_date=20241219T100728, end_date=20241219T100729
[2024-12-19T10:07:29.519+0000] {local_task_job_runner.py:266} INFO - Task exited with return code 0
[2024-12-19T10:07:29.547+0000] {local_task_job_runner.py:245} INFO - ::endgroup::
[2024-12-19T10:10:57.505+0000] {local_task_job_runner.py:123} INFO - ::group::Pre task execution logs
[2024-12-19T10:10:57.543+0000] {taskinstance.py:2613} INFO - Dependencies all met for dep_context=non-requeueable deps ti=<TaskInstance: python_operator_dag_v2.get_name scheduled__2021-10-17T00:00:00+00:00 [queued]>
[2024-12-19T10:10:57.576+0000] {taskinstance.py:2613} INFO - Dependencies all met for dep_context=requeueable deps ti=<TaskInstance: python_operator_dag_v2.get_name scheduled__2021-10-17T00:00:00+00:00 [queued]>
[2024-12-19T10:10:57.577+0000] {taskinstance.py:2866} INFO - Starting attempt 1 of 6
[2024-12-19T10:10:57.719+0000] {taskinstance.py:2889} INFO - Executing <Task(PythonOperator): get_name> on 2021-10-17 00:00:00+00:00
[2024-12-19T10:10:57.739+0000] {logging_mixin.py:190} WARNING - /home/***/.local/lib/python3.12/site-packages/***/task/task_runner/standard_task_runner.py:70 DeprecationWarning: This process (pid=4197) is multi-threaded, use of fork() may lead to deadlocks in the child.
[2024-12-19T10:10:57.742+0000] {standard_task_runner.py:72} INFO - Started process 4206 to run task
[2024-12-19T10:10:57.748+0000] {standard_task_runner.py:104} INFO - Running: ['***', 'tasks', 'run', 'python_operator_dag_v2', 'get_name', 'scheduled__2021-10-17T00:00:00+00:00', '--job-id', '1250', '--raw', '--subdir', 'DAGS_FOLDER/python_operator_dag.py', '--cfg-path', '/tmp/tmpzc7ao8gf']
[2024-12-19T10:10:57.755+0000] {standard_task_runner.py:105} INFO - Job 1250: Subtask get_name
[2024-12-19T10:10:57.838+0000] {task_command.py:467} INFO - Running <TaskInstance: python_operator_dag_v2.get_name scheduled__2021-10-17T00:00:00+00:00 [running]> on host 02d979add40a
[2024-12-19T10:10:57.979+0000] {taskinstance.py:3132} INFO - Exporting env vars: AIRFLOW_CTX_DAG_OWNER='mateo' AIRFLOW_CTX_DAG_ID='python_operator_dag_v2' AIRFLOW_CTX_TASK_ID='get_name' AIRFLOW_CTX_EXECUTION_DATE='2021-10-17T00:00:00+00:00' AIRFLOW_CTX_TRY_NUMBER='1' AIRFLOW_CTX_DAG_RUN_ID='scheduled__2021-10-17T00:00:00+00:00'
[2024-12-19T10:10:57.981+0000] {taskinstance.py:731} INFO - ::endgroup::
[2024-12-19T10:10:58.000+0000] {python.py:240} INFO - Done. Returned value was: Josip
[2024-12-19T10:10:58.026+0000] {taskinstance.py:340} INFO - ::group::Post task execution logs
[2024-12-19T10:10:58.027+0000] {taskinstance.py:352} INFO - Marking task as SUCCESS. dag_id=python_operator_dag_v2, task_id=get_name, run_id=scheduled__2021-10-17T00:00:00+00:00, execution_date=20211017T000000, start_date=20241219T101057, end_date=20241219T101058
[2024-12-19T10:10:58.087+0000] {local_task_job_runner.py:266} INFO - Task exited with return code 0
[2024-12-19T10:10:58.109+0000] {local_task_job_runner.py:245} INFO - ::endgroup::
