[2024-12-19T13:51:58.377+0000] {local_task_job_runner.py:123} INFO - ::group::Pre task execution logs
[2024-12-19T13:51:58.424+0000] {taskinstance.py:2613} INFO - Dependencies all met for dep_context=non-requeueable deps ti=<TaskInstance: dag_with_taskflow_api.get_name scheduled__2024-11-10T00:00:00+00:00 [queued]>
[2024-12-19T13:51:58.457+0000] {taskinstance.py:2613} INFO - Dependencies all met for dep_context=requeueable deps ti=<TaskInstance: dag_with_taskflow_api.get_name scheduled__2024-11-10T00:00:00+00:00 [queued]>
[2024-12-19T13:51:58.458+0000] {taskinstance.py:2866} INFO - Starting attempt 1 of 6
[2024-12-19T13:51:58.494+0000] {taskinstance.py:2889} INFO - Executing <Task(_PythonDecoratedOperator): get_name> on 2024-11-10 00:00:00+00:00
[2024-12-19T13:51:58.548+0000] {logging_mixin.py:190} WARNING - /home/***/.local/lib/python3.12/site-packages/***/task/task_runner/standard_task_runner.py:70 DeprecationWarning: This process (pid=16520) is multi-threaded, use of fork() may lead to deadlocks in the child.
[2024-12-19T13:51:58.554+0000] {standard_task_runner.py:72} INFO - Started process 16532 to run task
[2024-12-19T13:51:58.537+0000] {standard_task_runner.py:104} INFO - Running: ['***', 'tasks', 'run', 'dag_with_taskflow_api', 'get_name', 'scheduled__2024-11-10T00:00:00+00:00', '--job-id', '4486', '--raw', '--subdir', 'DAGS_FOLDER/dag_with_taskflow_api.py', '--cfg-path', '/tmp/tmp0v2mo07i']
[2024-12-19T13:51:58.558+0000] {standard_task_runner.py:105} INFO - Job 4486: Subtask get_name
[2024-12-19T13:51:58.714+0000] {task_command.py:467} INFO - Running <TaskInstance: dag_with_taskflow_api.get_name scheduled__2024-11-10T00:00:00+00:00 [running]> on host 02d979add40a
[2024-12-19T13:51:59.149+0000] {taskinstance.py:3132} INFO - Exporting env vars: AIRFLOW_CTX_DAG_OWNER='mateo' AIRFLOW_CTX_DAG_ID='dag_with_taskflow_api' AIRFLOW_CTX_TASK_ID='get_name' AIRFLOW_CTX_EXECUTION_DATE='2024-11-10T00:00:00+00:00' AIRFLOW_CTX_TRY_NUMBER='1' AIRFLOW_CTX_DAG_RUN_ID='scheduled__2024-11-10T00:00:00+00:00'
[2024-12-19T13:51:59.151+0000] {taskinstance.py:731} INFO - ::endgroup::
[2024-12-19T13:51:59.161+0000] {python.py:240} INFO - Done. Returned value was: Jerry
[2024-12-19T13:51:59.252+0000] {taskinstance.py:340} INFO - ::group::Post task execution logs
[2024-12-19T13:51:59.255+0000] {taskinstance.py:352} INFO - Marking task as SUCCESS. dag_id=dag_with_taskflow_api, task_id=get_name, run_id=scheduled__2024-11-10T00:00:00+00:00, execution_date=20241110T000000, start_date=20241219T135158, end_date=20241219T135159
[2024-12-19T13:51:59.435+0000] {local_task_job_runner.py:266} INFO - Task exited with return code 0
[2024-12-19T13:51:59.529+0000] {taskinstance.py:3895} INFO - 1 downstream tasks scheduled from follow-on schedule check
[2024-12-19T13:51:59.538+0000] {local_task_job_runner.py:245} INFO - ::endgroup::
[2024-12-20T10:29:29.295+0000] {local_task_job_runner.py:123} INFO - ::group::Pre task execution logs
[2024-12-20T10:29:29.323+0000] {taskinstance.py:2613} INFO - Dependencies all met for dep_context=non-requeueable deps ti=<TaskInstance: dag_with_taskflow_api.get_name scheduled__2024-11-10T00:00:00+00:00 [queued]>
[2024-12-20T10:29:29.337+0000] {taskinstance.py:2613} INFO - Dependencies all met for dep_context=requeueable deps ti=<TaskInstance: dag_with_taskflow_api.get_name scheduled__2024-11-10T00:00:00+00:00 [queued]>
[2024-12-20T10:29:29.340+0000] {taskinstance.py:2866} INFO - Starting attempt 1 of 6
[2024-12-20T10:29:29.359+0000] {taskinstance.py:2889} INFO - Executing <Task(_PythonDecoratedOperator): get_name> on 2024-11-10 00:00:00+00:00
[2024-12-20T10:29:29.372+0000] {logging_mixin.py:190} WARNING - /home/***/.local/lib/python3.12/site-packages/***/task/task_runner/standard_task_runner.py:70 DeprecationWarning: This process (pid=13125) is multi-threaded, use of fork() may lead to deadlocks in the child.
[2024-12-20T10:29:29.375+0000] {standard_task_runner.py:72} INFO - Started process 13131 to run task
[2024-12-20T10:29:29.380+0000] {standard_task_runner.py:104} INFO - Running: ['***', 'tasks', 'run', 'dag_with_taskflow_api', 'get_name', 'scheduled__2024-11-10T00:00:00+00:00', '--job-id', '4800', '--raw', '--subdir', 'DAGS_FOLDER/dag_with_taskflow_api.py', '--cfg-path', '/tmp/tmpz_spka5r']
[2024-12-20T10:29:29.385+0000] {standard_task_runner.py:105} INFO - Job 4800: Subtask get_name
[2024-12-20T10:29:29.507+0000] {task_command.py:467} INFO - Running <TaskInstance: dag_with_taskflow_api.get_name scheduled__2024-11-10T00:00:00+00:00 [running]> on host a998b5b3d359
[2024-12-20T10:29:29.650+0000] {taskinstance.py:3132} INFO - Exporting env vars: AIRFLOW_CTX_DAG_OWNER='mateo' AIRFLOW_CTX_DAG_ID='dag_with_taskflow_api' AIRFLOW_CTX_TASK_ID='get_name' AIRFLOW_CTX_EXECUTION_DATE='2024-11-10T00:00:00+00:00' AIRFLOW_CTX_TRY_NUMBER='1' AIRFLOW_CTX_DAG_RUN_ID='scheduled__2024-11-10T00:00:00+00:00'
[2024-12-20T10:29:29.653+0000] {taskinstance.py:731} INFO - ::endgroup::
[2024-12-20T10:29:29.657+0000] {python.py:240} INFO - Done. Returned value was: Jerry
[2024-12-20T10:29:29.698+0000] {taskinstance.py:340} INFO - ::group::Post task execution logs
[2024-12-20T10:29:29.700+0000] {taskinstance.py:352} INFO - Marking task as SUCCESS. dag_id=dag_with_taskflow_api, task_id=get_name, run_id=scheduled__2024-11-10T00:00:00+00:00, execution_date=20241110T000000, start_date=20241220T102929, end_date=20241220T102929
[2024-12-20T10:29:29.765+0000] {local_task_job_runner.py:266} INFO - Task exited with return code 0
[2024-12-20T10:29:29.814+0000] {taskinstance.py:3895} INFO - 1 downstream tasks scheduled from follow-on schedule check
[2024-12-20T10:29:29.823+0000] {local_task_job_runner.py:245} INFO - ::endgroup::
