[2024-12-19T13:51:10.976+0000] {local_task_job_runner.py:123} INFO - ::group::Pre task execution logs
[2024-12-19T13:51:11.041+0000] {taskinstance.py:2613} INFO - Dependencies all met for dep_context=non-requeueable deps ti=<TaskInstance: dag_with_taskflow_api.get_age scheduled__2024-09-16T00:00:00+00:00 [queued]>
[2024-12-19T13:51:11.078+0000] {taskinstance.py:2613} INFO - Dependencies all met for dep_context=requeueable deps ti=<TaskInstance: dag_with_taskflow_api.get_age scheduled__2024-09-16T00:00:00+00:00 [queued]>
[2024-12-19T13:51:11.079+0000] {taskinstance.py:2866} INFO - Starting attempt 1 of 6
[2024-12-19T13:51:11.156+0000] {taskinstance.py:2889} INFO - Executing <Task(_PythonDecoratedOperator): get_age> on 2024-09-16 00:00:00+00:00
[2024-12-19T13:51:11.189+0000] {logging_mixin.py:190} WARNING - /home/***/.local/lib/python3.12/site-packages/***/task/task_runner/standard_task_runner.py:70 DeprecationWarning: This process (pid=15960) is multi-threaded, use of fork() may lead to deadlocks in the child.
[2024-12-19T13:51:11.195+0000] {standard_task_runner.py:72} INFO - Started process 15973 to run task
[2024-12-19T13:51:11.208+0000] {standard_task_runner.py:104} INFO - Running: ['***', 'tasks', 'run', 'dag_with_taskflow_api', 'get_age', 'scheduled__2024-09-16T00:00:00+00:00', '--job-id', '4319', '--raw', '--subdir', 'DAGS_FOLDER/dag_with_taskflow_api.py', '--cfg-path', '/tmp/tmpjnklp1mz']
[2024-12-19T13:51:11.213+0000] {standard_task_runner.py:105} INFO - Job 4319: Subtask get_age
[2024-12-19T13:51:11.370+0000] {task_command.py:467} INFO - Running <TaskInstance: dag_with_taskflow_api.get_age scheduled__2024-09-16T00:00:00+00:00 [running]> on host 02d979add40a
[2024-12-19T13:51:11.542+0000] {taskinstance.py:3132} INFO - Exporting env vars: AIRFLOW_CTX_DAG_OWNER='mateo' AIRFLOW_CTX_DAG_ID='dag_with_taskflow_api' AIRFLOW_CTX_TASK_ID='get_age' AIRFLOW_CTX_EXECUTION_DATE='2024-09-16T00:00:00+00:00' AIRFLOW_CTX_TRY_NUMBER='1' AIRFLOW_CTX_DAG_RUN_ID='scheduled__2024-09-16T00:00:00+00:00'
[2024-12-19T13:51:11.545+0000] {taskinstance.py:731} INFO - ::endgroup::
[2024-12-19T13:51:11.548+0000] {python.py:240} INFO - Done. Returned value was: 19
[2024-12-19T13:51:11.581+0000] {taskinstance.py:340} INFO - ::group::Post task execution logs
[2024-12-19T13:51:11.583+0000] {taskinstance.py:352} INFO - Marking task as SUCCESS. dag_id=dag_with_taskflow_api, task_id=get_age, run_id=scheduled__2024-09-16T00:00:00+00:00, execution_date=20240916T000000, start_date=20241219T135111, end_date=20241219T135111
[2024-12-19T13:51:11.625+0000] {local_task_job_runner.py:266} INFO - Task exited with return code 0
[2024-12-19T13:51:11.674+0000] {taskinstance.py:3895} INFO - 0 downstream tasks scheduled from follow-on schedule check
[2024-12-19T13:51:11.684+0000] {local_task_job_runner.py:245} INFO - ::endgroup::
[2024-12-20T10:28:46.318+0000] {local_task_job_runner.py:123} INFO - ::group::Pre task execution logs
[2024-12-20T10:28:46.346+0000] {taskinstance.py:2613} INFO - Dependencies all met for dep_context=non-requeueable deps ti=<TaskInstance: dag_with_taskflow_api.get_age scheduled__2024-09-16T00:00:00+00:00 [queued]>
[2024-12-20T10:28:46.362+0000] {taskinstance.py:2613} INFO - Dependencies all met for dep_context=requeueable deps ti=<TaskInstance: dag_with_taskflow_api.get_age scheduled__2024-09-16T00:00:00+00:00 [queued]>
[2024-12-20T10:28:46.364+0000] {taskinstance.py:2866} INFO - Starting attempt 1 of 6
[2024-12-20T10:28:46.434+0000] {taskinstance.py:2889} INFO - Executing <Task(_PythonDecoratedOperator): get_age> on 2024-09-16 00:00:00+00:00
[2024-12-20T10:28:46.459+0000] {logging_mixin.py:190} WARNING - /home/***/.local/lib/python3.12/site-packages/***/task/task_runner/standard_task_runner.py:70 DeprecationWarning: This process (pid=12584) is multi-threaded, use of fork() may lead to deadlocks in the child.
[2024-12-20T10:28:46.461+0000] {standard_task_runner.py:72} INFO - Started process 12597 to run task
[2024-12-20T10:28:46.461+0000] {standard_task_runner.py:104} INFO - Running: ['***', 'tasks', 'run', 'dag_with_taskflow_api', 'get_age', 'scheduled__2024-09-16T00:00:00+00:00', '--job-id', '4635', '--raw', '--subdir', 'DAGS_FOLDER/dag_with_taskflow_api.py', '--cfg-path', '/tmp/tmpzbxeircc']
[2024-12-20T10:28:46.481+0000] {standard_task_runner.py:105} INFO - Job 4635: Subtask get_age
[2024-12-20T10:28:46.616+0000] {task_command.py:467} INFO - Running <TaskInstance: dag_with_taskflow_api.get_age scheduled__2024-09-16T00:00:00+00:00 [running]> on host a998b5b3d359
[2024-12-20T10:28:46.922+0000] {taskinstance.py:3132} INFO - Exporting env vars: AIRFLOW_CTX_DAG_OWNER='mateo' AIRFLOW_CTX_DAG_ID='dag_with_taskflow_api' AIRFLOW_CTX_TASK_ID='get_age' AIRFLOW_CTX_EXECUTION_DATE='2024-09-16T00:00:00+00:00' AIRFLOW_CTX_TRY_NUMBER='1' AIRFLOW_CTX_DAG_RUN_ID='scheduled__2024-09-16T00:00:00+00:00'
[2024-12-20T10:28:46.925+0000] {taskinstance.py:731} INFO - ::endgroup::
[2024-12-20T10:28:46.929+0000] {python.py:240} INFO - Done. Returned value was: 19
[2024-12-20T10:28:46.977+0000] {taskinstance.py:340} INFO - ::group::Post task execution logs
[2024-12-20T10:28:46.979+0000] {taskinstance.py:352} INFO - Marking task as SUCCESS. dag_id=dag_with_taskflow_api, task_id=get_age, run_id=scheduled__2024-09-16T00:00:00+00:00, execution_date=20240916T000000, start_date=20241220T102846, end_date=20241220T102846
[2024-12-20T10:28:47.107+0000] {local_task_job_runner.py:266} INFO - Task exited with return code 0
[2024-12-20T10:28:47.160+0000] {taskinstance.py:3895} INFO - 1 downstream tasks scheduled from follow-on schedule check
[2024-12-20T10:28:47.165+0000] {local_task_job_runner.py:245} INFO - ::endgroup::
