[2024-12-19T13:51:58.691+0000] {local_task_job_runner.py:123} INFO - ::group::Pre task execution logs
[2024-12-19T13:51:58.754+0000] {taskinstance.py:2613} INFO - Dependencies all met for dep_context=non-requeueable deps ti=<TaskInstance: dag_with_taskflow_api.get_age scheduled__2024-11-12T00:00:00+00:00 [queued]>
[2024-12-19T13:51:58.792+0000] {taskinstance.py:2613} INFO - Dependencies all met for dep_context=requeueable deps ti=<TaskInstance: dag_with_taskflow_api.get_age scheduled__2024-11-12T00:00:00+00:00 [queued]>
[2024-12-19T13:51:58.795+0000] {taskinstance.py:2866} INFO - Starting attempt 1 of 6
[2024-12-19T13:51:58.896+0000] {taskinstance.py:2889} INFO - Executing <Task(_PythonDecoratedOperator): get_age> on 2024-11-12 00:00:00+00:00
[2024-12-19T13:51:58.909+0000] {logging_mixin.py:190} WARNING - /home/***/.local/lib/python3.12/site-packages/***/task/task_runner/standard_task_runner.py:70 DeprecationWarning: This process (pid=16525) is multi-threaded, use of fork() may lead to deadlocks in the child.
[2024-12-19T13:51:58.921+0000] {standard_task_runner.py:72} INFO - Started process 16540 to run task
[2024-12-19T13:51:58.922+0000] {standard_task_runner.py:104} INFO - Running: ['***', 'tasks', 'run', 'dag_with_taskflow_api', 'get_age', 'scheduled__2024-11-12T00:00:00+00:00', '--job-id', '4490', '--raw', '--subdir', 'DAGS_FOLDER/dag_with_taskflow_api.py', '--cfg-path', '/tmp/tmp84pnhqil']
[2024-12-19T13:51:58.927+0000] {standard_task_runner.py:105} INFO - Job 4490: Subtask get_age
[2024-12-19T13:51:59.080+0000] {task_command.py:467} INFO - Running <TaskInstance: dag_with_taskflow_api.get_age scheduled__2024-11-12T00:00:00+00:00 [running]> on host 02d979add40a
[2024-12-19T13:51:59.439+0000] {taskinstance.py:3132} INFO - Exporting env vars: AIRFLOW_CTX_DAG_OWNER='mateo' AIRFLOW_CTX_DAG_ID='dag_with_taskflow_api' AIRFLOW_CTX_TASK_ID='get_age' AIRFLOW_CTX_EXECUTION_DATE='2024-11-12T00:00:00+00:00' AIRFLOW_CTX_TRY_NUMBER='1' AIRFLOW_CTX_DAG_RUN_ID='scheduled__2024-11-12T00:00:00+00:00'
[2024-12-19T13:51:59.442+0000] {taskinstance.py:731} INFO - ::endgroup::
[2024-12-19T13:51:59.452+0000] {python.py:240} INFO - Done. Returned value was: 19
[2024-12-19T13:51:59.525+0000] {taskinstance.py:340} INFO - ::group::Post task execution logs
[2024-12-19T13:51:59.527+0000] {taskinstance.py:352} INFO - Marking task as SUCCESS. dag_id=dag_with_taskflow_api, task_id=get_age, run_id=scheduled__2024-11-12T00:00:00+00:00, execution_date=20241112T000000, start_date=20241219T135158, end_date=20241219T135159
[2024-12-19T13:51:59.599+0000] {local_task_job_runner.py:266} INFO - Task exited with return code 0
[2024-12-19T13:51:59.618+0000] {local_task_job_runner.py:245} INFO - ::endgroup::
[2024-12-20T10:29:32.469+0000] {local_task_job_runner.py:123} INFO - ::group::Pre task execution logs
[2024-12-20T10:29:32.489+0000] {taskinstance.py:2613} INFO - Dependencies all met for dep_context=non-requeueable deps ti=<TaskInstance: dag_with_taskflow_api.get_age scheduled__2024-11-12T00:00:00+00:00 [queued]>
[2024-12-20T10:29:32.502+0000] {taskinstance.py:2613} INFO - Dependencies all met for dep_context=requeueable deps ti=<TaskInstance: dag_with_taskflow_api.get_age scheduled__2024-11-12T00:00:00+00:00 [queued]>
[2024-12-20T10:29:32.503+0000] {taskinstance.py:2866} INFO - Starting attempt 1 of 6
[2024-12-20T10:29:32.622+0000] {taskinstance.py:2889} INFO - Executing <Task(_PythonDecoratedOperator): get_age> on 2024-11-12 00:00:00+00:00
[2024-12-20T10:29:32.633+0000] {standard_task_runner.py:104} INFO - Running: ['***', 'tasks', 'run', 'dag_with_taskflow_api', 'get_age', 'scheduled__2024-11-12T00:00:00+00:00', '--job-id', '4808', '--raw', '--subdir', 'DAGS_FOLDER/dag_with_taskflow_api.py', '--cfg-path', '/tmp/tmp0k8p_4hj']
[2024-12-20T10:29:32.637+0000] {standard_task_runner.py:105} INFO - Job 4808: Subtask get_age
[2024-12-20T10:29:32.641+0000] {logging_mixin.py:190} WARNING - /home/***/.local/lib/python3.12/site-packages/***/task/task_runner/standard_task_runner.py:70 DeprecationWarning: This process (pid=13156) is multi-threaded, use of fork() may lead to deadlocks in the child.
[2024-12-20T10:29:32.643+0000] {standard_task_runner.py:72} INFO - Started process 13159 to run task
[2024-12-20T10:29:32.730+0000] {task_command.py:467} INFO - Running <TaskInstance: dag_with_taskflow_api.get_age scheduled__2024-11-12T00:00:00+00:00 [running]> on host a998b5b3d359
[2024-12-20T10:29:32.845+0000] {taskinstance.py:3132} INFO - Exporting env vars: AIRFLOW_CTX_DAG_OWNER='mateo' AIRFLOW_CTX_DAG_ID='dag_with_taskflow_api' AIRFLOW_CTX_TASK_ID='get_age' AIRFLOW_CTX_EXECUTION_DATE='2024-11-12T00:00:00+00:00' AIRFLOW_CTX_TRY_NUMBER='1' AIRFLOW_CTX_DAG_RUN_ID='scheduled__2024-11-12T00:00:00+00:00'
[2024-12-20T10:29:32.853+0000] {taskinstance.py:731} INFO - ::endgroup::
[2024-12-20T10:29:32.858+0000] {python.py:240} INFO - Done. Returned value was: 19
[2024-12-20T10:29:32.883+0000] {taskinstance.py:340} INFO - ::group::Post task execution logs
[2024-12-20T10:29:32.884+0000] {taskinstance.py:352} INFO - Marking task as SUCCESS. dag_id=dag_with_taskflow_api, task_id=get_age, run_id=scheduled__2024-11-12T00:00:00+00:00, execution_date=20241112T000000, start_date=20241220T102932, end_date=20241220T102932
[2024-12-20T10:29:32.941+0000] {local_task_job_runner.py:266} INFO - Task exited with return code 0
[2024-12-20T10:29:32.976+0000] {taskinstance.py:3895} INFO - 1 downstream tasks scheduled from follow-on schedule check
[2024-12-20T10:29:32.983+0000] {local_task_job_runner.py:245} INFO - ::endgroup::
