[2024-12-19T13:52:01.053+0000] {local_task_job_runner.py:123} INFO - ::group::Pre task execution logs
[2024-12-19T13:52:01.090+0000] {taskinstance.py:2613} INFO - Dependencies all met for dep_context=non-requeueable deps ti=<TaskInstance: dag_with_taskflow_api.greet scheduled__2024-11-11T00:00:00+00:00 [queued]>
[2024-12-19T13:52:01.113+0000] {taskinstance.py:2613} INFO - Dependencies all met for dep_context=requeueable deps ti=<TaskInstance: dag_with_taskflow_api.greet scheduled__2024-11-11T00:00:00+00:00 [queued]>
[2024-12-19T13:52:01.115+0000] {taskinstance.py:2866} INFO - Starting attempt 1 of 6
[2024-12-19T13:52:01.157+0000] {taskinstance.py:2889} INFO - Executing <Task(_PythonDecoratedOperator): greet> on 2024-11-11 00:00:00+00:00
[2024-12-19T13:52:01.185+0000] {logging_mixin.py:190} WARNING - /home/***/.local/lib/python3.12/site-packages/***/task/task_runner/standard_task_runner.py:70 DeprecationWarning: This process (pid=16562) is multi-threaded, use of fork() may lead to deadlocks in the child.
[2024-12-19T13:52:01.198+0000] {standard_task_runner.py:72} INFO - Started process 16580 to run task
[2024-12-19T13:52:01.202+0000] {standard_task_runner.py:104} INFO - Running: ['***', 'tasks', 'run', 'dag_with_taskflow_api', 'greet', 'scheduled__2024-11-11T00:00:00+00:00', '--job-id', '4504', '--raw', '--subdir', 'DAGS_FOLDER/dag_with_taskflow_api.py', '--cfg-path', '/tmp/tmpt1xbtn4n']
[2024-12-19T13:52:01.212+0000] {standard_task_runner.py:105} INFO - Job 4504: Subtask greet
[2024-12-19T13:52:01.323+0000] {task_command.py:467} INFO - Running <TaskInstance: dag_with_taskflow_api.greet scheduled__2024-11-11T00:00:00+00:00 [running]> on host 02d979add40a
[2024-12-19T13:52:01.573+0000] {taskinstance.py:3132} INFO - Exporting env vars: AIRFLOW_CTX_DAG_OWNER='mateo' AIRFLOW_CTX_DAG_ID='dag_with_taskflow_api' AIRFLOW_CTX_TASK_ID='greet' AIRFLOW_CTX_EXECUTION_DATE='2024-11-11T00:00:00+00:00' AIRFLOW_CTX_TRY_NUMBER='1' AIRFLOW_CTX_DAG_RUN_ID='scheduled__2024-11-11T00:00:00+00:00'
[2024-12-19T13:52:01.578+0000] {taskinstance.py:731} INFO - ::endgroup::
[2024-12-19T13:52:01.583+0000] {logging_mixin.py:190} INFO - My name is Jerry. I am 19 years old.
[2024-12-19T13:52:01.584+0000] {python.py:240} INFO - Done. Returned value was: None
[2024-12-19T13:52:01.598+0000] {taskinstance.py:340} INFO - ::group::Post task execution logs
[2024-12-19T13:52:01.600+0000] {taskinstance.py:352} INFO - Marking task as SUCCESS. dag_id=dag_with_taskflow_api, task_id=greet, run_id=scheduled__2024-11-11T00:00:00+00:00, execution_date=20241111T000000, start_date=20241219T135201, end_date=20241219T135201
[2024-12-19T13:52:01.706+0000] {local_task_job_runner.py:266} INFO - Task exited with return code 0
[2024-12-19T13:52:01.735+0000] {taskinstance.py:3895} INFO - 0 downstream tasks scheduled from follow-on schedule check
[2024-12-19T13:52:01.749+0000] {local_task_job_runner.py:245} INFO - ::endgroup::
[2024-12-20T10:29:30.488+0000] {local_task_job_runner.py:123} INFO - ::group::Pre task execution logs
[2024-12-20T10:29:30.505+0000] {taskinstance.py:2613} INFO - Dependencies all met for dep_context=non-requeueable deps ti=<TaskInstance: dag_with_taskflow_api.greet scheduled__2024-11-11T00:00:00+00:00 [queued]>
[2024-12-20T10:29:30.514+0000] {taskinstance.py:2613} INFO - Dependencies all met for dep_context=requeueable deps ti=<TaskInstance: dag_with_taskflow_api.greet scheduled__2024-11-11T00:00:00+00:00 [queued]>
[2024-12-20T10:29:30.515+0000] {taskinstance.py:2866} INFO - Starting attempt 1 of 6
[2024-12-20T10:29:30.526+0000] {taskinstance.py:2889} INFO - Executing <Task(_PythonDecoratedOperator): greet> on 2024-11-11 00:00:00+00:00
[2024-12-20T10:29:30.535+0000] {logging_mixin.py:190} WARNING - /home/***/.local/lib/python3.12/site-packages/***/task/task_runner/standard_task_runner.py:70 DeprecationWarning: This process (pid=13150) is multi-threaded, use of fork() may lead to deadlocks in the child.
[2024-12-20T10:29:30.537+0000] {standard_task_runner.py:72} INFO - Started process 13153 to run task
[2024-12-20T10:29:30.536+0000] {standard_task_runner.py:104} INFO - Running: ['***', 'tasks', 'run', 'dag_with_taskflow_api', 'greet', 'scheduled__2024-11-11T00:00:00+00:00', '--job-id', '4807', '--raw', '--subdir', 'DAGS_FOLDER/dag_with_taskflow_api.py', '--cfg-path', '/tmp/tmpbh0kp24k']
[2024-12-20T10:29:30.541+0000] {standard_task_runner.py:105} INFO - Job 4807: Subtask greet
[2024-12-20T10:29:30.589+0000] {task_command.py:467} INFO - Running <TaskInstance: dag_with_taskflow_api.greet scheduled__2024-11-11T00:00:00+00:00 [running]> on host a998b5b3d359
[2024-12-20T10:29:30.683+0000] {taskinstance.py:3132} INFO - Exporting env vars: AIRFLOW_CTX_DAG_OWNER='mateo' AIRFLOW_CTX_DAG_ID='dag_with_taskflow_api' AIRFLOW_CTX_TASK_ID='greet' AIRFLOW_CTX_EXECUTION_DATE='2024-11-11T00:00:00+00:00' AIRFLOW_CTX_TRY_NUMBER='1' AIRFLOW_CTX_DAG_RUN_ID='scheduled__2024-11-11T00:00:00+00:00'
[2024-12-20T10:29:30.685+0000] {taskinstance.py:731} INFO - ::endgroup::
[2024-12-20T10:29:30.687+0000] {logging_mixin.py:190} INFO - My name is Jerry. I am 19 years old.
[2024-12-20T10:29:30.688+0000] {python.py:240} INFO - Done. Returned value was: None
[2024-12-20T10:29:30.696+0000] {taskinstance.py:340} INFO - ::group::Post task execution logs
[2024-12-20T10:29:30.697+0000] {taskinstance.py:352} INFO - Marking task as SUCCESS. dag_id=dag_with_taskflow_api, task_id=greet, run_id=scheduled__2024-11-11T00:00:00+00:00, execution_date=20241111T000000, start_date=20241220T102930, end_date=20241220T102930
[2024-12-20T10:29:30.755+0000] {local_task_job_runner.py:266} INFO - Task exited with return code 0
[2024-12-20T10:29:30.769+0000] {taskinstance.py:3895} INFO - 0 downstream tasks scheduled from follow-on schedule check
[2024-12-20T10:29:30.771+0000] {local_task_job_runner.py:245} INFO - ::endgroup::
