[2024-12-19T10:07:29.711+0000] {local_task_job_runner.py:123} INFO - ::group::Pre task execution logs
[2024-12-19T10:07:29.740+0000] {taskinstance.py:2613} INFO - Dependencies all met for dep_context=non-requeueable deps ti=<TaskInstance: python_operator_dag_v2.get_name scheduled__2021-10-20T00:00:00+00:00 [queued]>
[2024-12-19T10:07:29.762+0000] {taskinstance.py:2613} INFO - Dependencies all met for dep_context=requeueable deps ti=<TaskInstance: python_operator_dag_v2.get_name scheduled__2021-10-20T00:00:00+00:00 [queued]>
[2024-12-19T10:07:29.764+0000] {taskinstance.py:2866} INFO - Starting attempt 1 of 6
[2024-12-19T10:07:29.885+0000] {taskinstance.py:2889} INFO - Executing <Task(PythonOperator): get_name> on 2021-10-20 00:00:00+00:00
[2024-12-19T10:07:29.905+0000] {logging_mixin.py:190} WARNING - /home/***/.local/lib/python3.12/site-packages/***/task/task_runner/standard_task_runner.py:70 DeprecationWarning: This process (pid=4003) is multi-threaded, use of fork() may lead to deadlocks in the child.
[2024-12-19T10:07:29.908+0000] {standard_task_runner.py:72} INFO - Started process 4013 to run task
[2024-12-19T10:07:29.922+0000] {standard_task_runner.py:104} INFO - Running: ['***', 'tasks', 'run', 'python_operator_dag_v2', 'get_name', 'scheduled__2021-10-20T00:00:00+00:00', '--job-id', '1222', '--raw', '--subdir', 'DAGS_FOLDER/python_operator_dag.py', '--cfg-path', '/tmp/tmppldclkt9']
[2024-12-19T10:07:29.928+0000] {standard_task_runner.py:105} INFO - Job 1222: Subtask get_name
[2024-12-19T10:07:30.045+0000] {task_command.py:467} INFO - Running <TaskInstance: python_operator_dag_v2.get_name scheduled__2021-10-20T00:00:00+00:00 [running]> on host 02d979add40a
[2024-12-19T10:07:30.161+0000] {taskinstance.py:3132} INFO - Exporting env vars: AIRFLOW_CTX_DAG_OWNER='mateo' AIRFLOW_CTX_DAG_ID='python_operator_dag_v2' AIRFLOW_CTX_TASK_ID='get_name' AIRFLOW_CTX_EXECUTION_DATE='2021-10-20T00:00:00+00:00' AIRFLOW_CTX_TRY_NUMBER='1' AIRFLOW_CTX_DAG_RUN_ID='scheduled__2021-10-20T00:00:00+00:00'
[2024-12-19T10:07:30.164+0000] {taskinstance.py:731} INFO - ::endgroup::
[2024-12-19T10:07:30.186+0000] {python.py:240} INFO - Done. Returned value was: Josip
[2024-12-19T10:07:30.225+0000] {taskinstance.py:340} INFO - ::group::Post task execution logs
[2024-12-19T10:07:30.230+0000] {taskinstance.py:352} INFO - Marking task as SUCCESS. dag_id=python_operator_dag_v2, task_id=get_name, run_id=scheduled__2021-10-20T00:00:00+00:00, execution_date=20211020T000000, start_date=20241219T100729, end_date=20241219T100730
[2024-12-19T10:07:30.375+0000] {local_task_job_runner.py:266} INFO - Task exited with return code 0
[2024-12-19T10:07:30.399+0000] {taskinstance.py:3895} INFO - 1 downstream tasks scheduled from follow-on schedule check
[2024-12-19T10:07:30.403+0000] {local_task_job_runner.py:245} INFO - ::endgroup::
[2024-12-19T10:10:58.250+0000] {local_task_job_runner.py:123} INFO - ::group::Pre task execution logs
[2024-12-19T10:10:58.271+0000] {taskinstance.py:2613} INFO - Dependencies all met for dep_context=non-requeueable deps ti=<TaskInstance: python_operator_dag_v2.get_name scheduled__2021-10-20T00:00:00+00:00 [queued]>
[2024-12-19T10:10:58.285+0000] {taskinstance.py:2613} INFO - Dependencies all met for dep_context=requeueable deps ti=<TaskInstance: python_operator_dag_v2.get_name scheduled__2021-10-20T00:00:00+00:00 [queued]>
[2024-12-19T10:10:58.286+0000] {taskinstance.py:2866} INFO - Starting attempt 1 of 6
[2024-12-19T10:10:58.306+0000] {taskinstance.py:2889} INFO - Executing <Task(PythonOperator): get_name> on 2021-10-20 00:00:00+00:00
[2024-12-19T10:10:58.319+0000] {logging_mixin.py:190} WARNING - /home/***/.local/lib/python3.12/site-packages/***/task/task_runner/standard_task_runner.py:70 DeprecationWarning: This process (pid=4216) is multi-threaded, use of fork() may lead to deadlocks in the child.
[2024-12-19T10:10:58.322+0000] {standard_task_runner.py:72} INFO - Started process 4224 to run task
[2024-12-19T10:10:58.327+0000] {standard_task_runner.py:104} INFO - Running: ['***', 'tasks', 'run', 'python_operator_dag_v2', 'get_name', 'scheduled__2021-10-20T00:00:00+00:00', '--job-id', '1255', '--raw', '--subdir', 'DAGS_FOLDER/python_operator_dag.py', '--cfg-path', '/tmp/tmpj3w067jb']
[2024-12-19T10:10:58.332+0000] {standard_task_runner.py:105} INFO - Job 1255: Subtask get_name
[2024-12-19T10:10:58.411+0000] {task_command.py:467} INFO - Running <TaskInstance: python_operator_dag_v2.get_name scheduled__2021-10-20T00:00:00+00:00 [running]> on host 02d979add40a
[2024-12-19T10:10:58.507+0000] {taskinstance.py:3132} INFO - Exporting env vars: AIRFLOW_CTX_DAG_OWNER='mateo' AIRFLOW_CTX_DAG_ID='python_operator_dag_v2' AIRFLOW_CTX_TASK_ID='get_name' AIRFLOW_CTX_EXECUTION_DATE='2021-10-20T00:00:00+00:00' AIRFLOW_CTX_TRY_NUMBER='1' AIRFLOW_CTX_DAG_RUN_ID='scheduled__2021-10-20T00:00:00+00:00'
[2024-12-19T10:10:58.509+0000] {taskinstance.py:731} INFO - ::endgroup::
[2024-12-19T10:10:58.536+0000] {python.py:240} INFO - Done. Returned value was: Josip
[2024-12-19T10:10:58.578+0000] {taskinstance.py:340} INFO - ::group::Post task execution logs
[2024-12-19T10:10:58.580+0000] {taskinstance.py:352} INFO - Marking task as SUCCESS. dag_id=python_operator_dag_v2, task_id=get_name, run_id=scheduled__2021-10-20T00:00:00+00:00, execution_date=20211020T000000, start_date=20241219T101058, end_date=20241219T101058
[2024-12-19T10:10:58.749+0000] {local_task_job_runner.py:266} INFO - Task exited with return code 0
[2024-12-19T10:10:58.771+0000] {taskinstance.py:3895} INFO - 1 downstream tasks scheduled from follow-on schedule check
[2024-12-19T10:10:58.773+0000] {local_task_job_runner.py:245} INFO - ::endgroup::
