[2024-12-19T13:51:27.248+0000] {local_task_job_runner.py:123} INFO - ::group::Pre task execution logs
[2024-12-19T13:51:27.324+0000] {taskinstance.py:2613} INFO - Dependencies all met for dep_context=non-requeueable deps ti=<TaskInstance: dag_with_taskflow_api.greet scheduled__2024-10-02T00:00:00+00:00 [queued]>
[2024-12-19T13:51:27.361+0000] {taskinstance.py:2613} INFO - Dependencies all met for dep_context=requeueable deps ti=<TaskInstance: dag_with_taskflow_api.greet scheduled__2024-10-02T00:00:00+00:00 [queued]>
[2024-12-19T13:51:27.364+0000] {taskinstance.py:2866} INFO - Starting attempt 1 of 6
[2024-12-19T13:51:27.385+0000] {taskinstance.py:2889} INFO - Executing <Task(_PythonDecoratedOperator): greet> on 2024-10-02 00:00:00+00:00
[2024-12-19T13:51:27.402+0000] {logging_mixin.py:190} WARNING - /home/***/.local/lib/python3.12/site-packages/***/task/task_runner/standard_task_runner.py:70 DeprecationWarning: This process (pid=16167) is multi-threaded, use of fork() may lead to deadlocks in the child.
[2024-12-19T13:51:27.406+0000] {standard_task_runner.py:72} INFO - Started process 16179 to run task
[2024-12-19T13:51:27.422+0000] {standard_task_runner.py:104} INFO - Running: ['***', 'tasks', 'run', 'dag_with_taskflow_api', 'greet', 'scheduled__2024-10-02T00:00:00+00:00', '--job-id', '4379', '--raw', '--subdir', 'DAGS_FOLDER/dag_with_taskflow_api.py', '--cfg-path', '/tmp/tmpjeaznhzj']
[2024-12-19T13:51:27.426+0000] {standard_task_runner.py:105} INFO - Job 4379: Subtask greet
[2024-12-19T13:51:27.520+0000] {task_command.py:467} INFO - Running <TaskInstance: dag_with_taskflow_api.greet scheduled__2024-10-02T00:00:00+00:00 [running]> on host 02d979add40a
[2024-12-19T13:51:27.657+0000] {taskinstance.py:3132} INFO - Exporting env vars: AIRFLOW_CTX_DAG_OWNER='mateo' AIRFLOW_CTX_DAG_ID='dag_with_taskflow_api' AIRFLOW_CTX_TASK_ID='greet' AIRFLOW_CTX_EXECUTION_DATE='2024-10-02T00:00:00+00:00' AIRFLOW_CTX_TRY_NUMBER='1' AIRFLOW_CTX_DAG_RUN_ID='scheduled__2024-10-02T00:00:00+00:00'
[2024-12-19T13:51:27.659+0000] {taskinstance.py:731} INFO - ::endgroup::
[2024-12-19T13:51:27.664+0000] {logging_mixin.py:190} INFO - My name is Jerry. I am 19 years old.
[2024-12-19T13:51:27.665+0000] {python.py:240} INFO - Done. Returned value was: None
[2024-12-19T13:51:27.678+0000] {taskinstance.py:340} INFO - ::group::Post task execution logs
[2024-12-19T13:51:27.682+0000] {taskinstance.py:352} INFO - Marking task as SUCCESS. dag_id=dag_with_taskflow_api, task_id=greet, run_id=scheduled__2024-10-02T00:00:00+00:00, execution_date=20241002T000000, start_date=20241219T135127, end_date=20241219T135127
[2024-12-19T13:51:27.750+0000] {local_task_job_runner.py:266} INFO - Task exited with return code 0
[2024-12-19T13:51:27.773+0000] {taskinstance.py:3895} INFO - 0 downstream tasks scheduled from follow-on schedule check
[2024-12-19T13:51:27.776+0000] {local_task_job_runner.py:245} INFO - ::endgroup::
[2024-12-20T10:29:01.302+0000] {local_task_job_runner.py:123} INFO - ::group::Pre task execution logs
[2024-12-20T10:29:01.344+0000] {taskinstance.py:2613} INFO - Dependencies all met for dep_context=non-requeueable deps ti=<TaskInstance: dag_with_taskflow_api.greet scheduled__2024-10-02T00:00:00+00:00 [queued]>
[2024-12-20T10:29:01.359+0000] {taskinstance.py:2613} INFO - Dependencies all met for dep_context=requeueable deps ti=<TaskInstance: dag_with_taskflow_api.greet scheduled__2024-10-02T00:00:00+00:00 [queued]>
[2024-12-20T10:29:01.360+0000] {taskinstance.py:2866} INFO - Starting attempt 1 of 6
[2024-12-20T10:29:01.401+0000] {taskinstance.py:2889} INFO - Executing <Task(_PythonDecoratedOperator): greet> on 2024-10-02 00:00:00+00:00
[2024-12-20T10:29:01.429+0000] {logging_mixin.py:190} WARNING - /home/***/.local/lib/python3.12/site-packages/***/task/task_runner/standard_task_runner.py:70 DeprecationWarning: This process (pid=12762) is multi-threaded, use of fork() may lead to deadlocks in the child.
[2024-12-20T10:29:01.431+0000] {standard_task_runner.py:72} INFO - Started process 12776 to run task
[2024-12-20T10:29:01.431+0000] {standard_task_runner.py:104} INFO - Running: ['***', 'tasks', 'run', 'dag_with_taskflow_api', 'greet', 'scheduled__2024-10-02T00:00:00+00:00', '--job-id', '4693', '--raw', '--subdir', 'DAGS_FOLDER/dag_with_taskflow_api.py', '--cfg-path', '/tmp/tmpla9xdfns']
[2024-12-20T10:29:01.447+0000] {standard_task_runner.py:105} INFO - Job 4693: Subtask greet
[2024-12-20T10:29:01.557+0000] {task_command.py:467} INFO - Running <TaskInstance: dag_with_taskflow_api.greet scheduled__2024-10-02T00:00:00+00:00 [running]> on host a998b5b3d359
[2024-12-20T10:29:01.704+0000] {taskinstance.py:3132} INFO - Exporting env vars: AIRFLOW_CTX_DAG_OWNER='mateo' AIRFLOW_CTX_DAG_ID='dag_with_taskflow_api' AIRFLOW_CTX_TASK_ID='greet' AIRFLOW_CTX_EXECUTION_DATE='2024-10-02T00:00:00+00:00' AIRFLOW_CTX_TRY_NUMBER='1' AIRFLOW_CTX_DAG_RUN_ID='scheduled__2024-10-02T00:00:00+00:00'
[2024-12-20T10:29:01.707+0000] {taskinstance.py:731} INFO - ::endgroup::
[2024-12-20T10:29:01.712+0000] {logging_mixin.py:190} INFO - My name is Jerry. I am 19 years old.
[2024-12-20T10:29:01.714+0000] {python.py:240} INFO - Done. Returned value was: None
[2024-12-20T10:29:01.739+0000] {taskinstance.py:340} INFO - ::group::Post task execution logs
[2024-12-20T10:29:01.740+0000] {taskinstance.py:352} INFO - Marking task as SUCCESS. dag_id=dag_with_taskflow_api, task_id=greet, run_id=scheduled__2024-10-02T00:00:00+00:00, execution_date=20241002T000000, start_date=20241220T102901, end_date=20241220T102901
[2024-12-20T10:29:01.778+0000] {local_task_job_runner.py:266} INFO - Task exited with return code 0
[2024-12-20T10:29:01.804+0000] {taskinstance.py:3895} INFO - 0 downstream tasks scheduled from follow-on schedule check
[2024-12-20T10:29:01.811+0000] {local_task_job_runner.py:245} INFO - ::endgroup::
