[2024-12-19T13:52:14.104+0000] {local_task_job_runner.py:123} INFO - ::group::Pre task execution logs
[2024-12-19T13:52:14.159+0000] {taskinstance.py:2613} INFO - Dependencies all met for dep_context=non-requeueable deps ti=<TaskInstance: dag_with_taskflow_api.get_name scheduled__2024-12-03T00:00:00+00:00 [queued]>
[2024-12-19T13:52:14.190+0000] {taskinstance.py:2613} INFO - Dependencies all met for dep_context=requeueable deps ti=<TaskInstance: dag_with_taskflow_api.get_name scheduled__2024-12-03T00:00:00+00:00 [queued]>
[2024-12-19T13:52:14.195+0000] {taskinstance.py:2866} INFO - Starting attempt 1 of 6
[2024-12-19T13:52:14.280+0000] {taskinstance.py:2889} INFO - Executing <Task(_PythonDecoratedOperator): get_name> on 2024-12-03 00:00:00+00:00
[2024-12-19T13:52:14.354+0000] {logging_mixin.py:190} WARNING - /home/***/.local/lib/python3.12/site-packages/***/task/task_runner/standard_task_runner.py:70 DeprecationWarning: This process (pid=16721) is multi-threaded, use of fork() may lead to deadlocks in the child.
[2024-12-19T13:52:14.373+0000] {standard_task_runner.py:72} INFO - Started process 16744 to run task
[2024-12-19T13:52:14.366+0000] {standard_task_runner.py:104} INFO - Running: ['***', 'tasks', 'run', 'dag_with_taskflow_api', 'get_name', 'scheduled__2024-12-03T00:00:00+00:00', '--job-id', '4552', '--raw', '--subdir', 'DAGS_FOLDER/dag_with_taskflow_api.py', '--cfg-path', '/tmp/tmp28mo_c9t']
[2024-12-19T13:52:14.385+0000] {standard_task_runner.py:105} INFO - Job 4552: Subtask get_name
[2024-12-19T13:52:14.560+0000] {task_command.py:467} INFO - Running <TaskInstance: dag_with_taskflow_api.get_name scheduled__2024-12-03T00:00:00+00:00 [running]> on host 02d979add40a
[2024-12-19T13:52:14.934+0000] {taskinstance.py:3132} INFO - Exporting env vars: AIRFLOW_CTX_DAG_OWNER='mateo' AIRFLOW_CTX_DAG_ID='dag_with_taskflow_api' AIRFLOW_CTX_TASK_ID='get_name' AIRFLOW_CTX_EXECUTION_DATE='2024-12-03T00:00:00+00:00' AIRFLOW_CTX_TRY_NUMBER='1' AIRFLOW_CTX_DAG_RUN_ID='scheduled__2024-12-03T00:00:00+00:00'
[2024-12-19T13:52:14.941+0000] {taskinstance.py:731} INFO - ::endgroup::
[2024-12-19T13:52:14.947+0000] {python.py:240} INFO - Done. Returned value was: Jerry
[2024-12-19T13:52:15.030+0000] {taskinstance.py:340} INFO - ::group::Post task execution logs
[2024-12-19T13:52:15.037+0000] {taskinstance.py:352} INFO - Marking task as SUCCESS. dag_id=dag_with_taskflow_api, task_id=get_name, run_id=scheduled__2024-12-03T00:00:00+00:00, execution_date=20241203T000000, start_date=20241219T135214, end_date=20241219T135215
[2024-12-19T13:52:15.108+0000] {local_task_job_runner.py:266} INFO - Task exited with return code 0
[2024-12-19T13:52:15.177+0000] {taskinstance.py:3895} INFO - 1 downstream tasks scheduled from follow-on schedule check
[2024-12-19T13:52:15.185+0000] {local_task_job_runner.py:245} INFO - ::endgroup::
[2024-12-20T10:29:44.761+0000] {local_task_job_runner.py:123} INFO - ::group::Pre task execution logs
[2024-12-20T10:29:44.801+0000] {taskinstance.py:2613} INFO - Dependencies all met for dep_context=non-requeueable deps ti=<TaskInstance: dag_with_taskflow_api.get_name scheduled__2024-12-03T00:00:00+00:00 [queued]>
[2024-12-20T10:29:44.838+0000] {taskinstance.py:2613} INFO - Dependencies all met for dep_context=requeueable deps ti=<TaskInstance: dag_with_taskflow_api.get_name scheduled__2024-12-03T00:00:00+00:00 [queued]>
[2024-12-20T10:29:44.840+0000] {taskinstance.py:2866} INFO - Starting attempt 1 of 6
[2024-12-20T10:29:44.865+0000] {taskinstance.py:2889} INFO - Executing <Task(_PythonDecoratedOperator): get_name> on 2024-12-03 00:00:00+00:00
[2024-12-20T10:29:44.888+0000] {logging_mixin.py:190} WARNING - /home/***/.local/lib/python3.12/site-packages/***/task/task_runner/standard_task_runner.py:70 DeprecationWarning: This process (pid=13345) is multi-threaded, use of fork() may lead to deadlocks in the child.
[2024-12-20T10:29:44.890+0000] {standard_task_runner.py:72} INFO - Started process 13351 to run task
[2024-12-20T10:29:44.899+0000] {standard_task_runner.py:104} INFO - Running: ['***', 'tasks', 'run', 'dag_with_taskflow_api', 'get_name', 'scheduled__2024-12-03T00:00:00+00:00', '--job-id', '4867', '--raw', '--subdir', 'DAGS_FOLDER/dag_with_taskflow_api.py', '--cfg-path', '/tmp/tmp7_mwry_3']
[2024-12-20T10:29:44.918+0000] {standard_task_runner.py:105} INFO - Job 4867: Subtask get_name
[2024-12-20T10:29:45.059+0000] {task_command.py:467} INFO - Running <TaskInstance: dag_with_taskflow_api.get_name scheduled__2024-12-03T00:00:00+00:00 [running]> on host a998b5b3d359
[2024-12-20T10:29:45.223+0000] {taskinstance.py:3132} INFO - Exporting env vars: AIRFLOW_CTX_DAG_OWNER='mateo' AIRFLOW_CTX_DAG_ID='dag_with_taskflow_api' AIRFLOW_CTX_TASK_ID='get_name' AIRFLOW_CTX_EXECUTION_DATE='2024-12-03T00:00:00+00:00' AIRFLOW_CTX_TRY_NUMBER='1' AIRFLOW_CTX_DAG_RUN_ID='scheduled__2024-12-03T00:00:00+00:00'
[2024-12-20T10:29:45.227+0000] {taskinstance.py:731} INFO - ::endgroup::
[2024-12-20T10:29:45.230+0000] {python.py:240} INFO - Done. Returned value was: Jerry
[2024-12-20T10:29:45.274+0000] {taskinstance.py:340} INFO - ::group::Post task execution logs
[2024-12-20T10:29:45.276+0000] {taskinstance.py:352} INFO - Marking task as SUCCESS. dag_id=dag_with_taskflow_api, task_id=get_name, run_id=scheduled__2024-12-03T00:00:00+00:00, execution_date=20241203T000000, start_date=20241220T102944, end_date=20241220T102945
[2024-12-20T10:29:45.351+0000] {local_task_job_runner.py:266} INFO - Task exited with return code 0
[2024-12-20T10:29:45.384+0000] {taskinstance.py:3895} INFO - 0 downstream tasks scheduled from follow-on schedule check
[2024-12-20T10:29:45.393+0000] {local_task_job_runner.py:245} INFO - ::endgroup::
