[2024-12-19T13:51:33.864+0000] {local_task_job_runner.py:123} INFO - ::group::Pre task execution logs
[2024-12-19T13:51:34.003+0000] {taskinstance.py:2613} INFO - Dependencies all met for dep_context=non-requeueable deps ti=<TaskInstance: dag_with_taskflow_api.greet scheduled__2024-10-09T00:00:00+00:00 [queued]>
[2024-12-19T13:51:34.062+0000] {taskinstance.py:2613} INFO - Dependencies all met for dep_context=requeueable deps ti=<TaskInstance: dag_with_taskflow_api.greet scheduled__2024-10-09T00:00:00+00:00 [queued]>
[2024-12-19T13:51:34.064+0000] {taskinstance.py:2866} INFO - Starting attempt 1 of 6
[2024-12-19T13:51:34.123+0000] {taskinstance.py:2889} INFO - Executing <Task(_PythonDecoratedOperator): greet> on 2024-10-09 00:00:00+00:00
[2024-12-19T13:51:34.183+0000] {logging_mixin.py:190} WARNING - /home/***/.local/lib/python3.12/site-packages/***/task/task_runner/standard_task_runner.py:70 DeprecationWarning: This process (pid=16229) is multi-threaded, use of fork() may lead to deadlocks in the child.
[2024-12-19T13:51:34.194+0000] {standard_task_runner.py:72} INFO - Started process 16246 to run task
[2024-12-19T13:51:34.184+0000] {standard_task_runner.py:104} INFO - Running: ['***', 'tasks', 'run', 'dag_with_taskflow_api', 'greet', 'scheduled__2024-10-09T00:00:00+00:00', '--job-id', '4399', '--raw', '--subdir', 'DAGS_FOLDER/dag_with_taskflow_api.py', '--cfg-path', '/tmp/tmpkk19ef0w']
[2024-12-19T13:51:34.207+0000] {standard_task_runner.py:105} INFO - Job 4399: Subtask greet
[2024-12-19T13:51:34.417+0000] {task_command.py:467} INFO - Running <TaskInstance: dag_with_taskflow_api.greet scheduled__2024-10-09T00:00:00+00:00 [running]> on host 02d979add40a
[2024-12-19T13:51:35.092+0000] {taskinstance.py:3132} INFO - Exporting env vars: AIRFLOW_CTX_DAG_OWNER='mateo' AIRFLOW_CTX_DAG_ID='dag_with_taskflow_api' AIRFLOW_CTX_TASK_ID='greet' AIRFLOW_CTX_EXECUTION_DATE='2024-10-09T00:00:00+00:00' AIRFLOW_CTX_TRY_NUMBER='1' AIRFLOW_CTX_DAG_RUN_ID='scheduled__2024-10-09T00:00:00+00:00'
[2024-12-19T13:51:35.094+0000] {taskinstance.py:731} INFO - ::endgroup::
[2024-12-19T13:51:35.100+0000] {logging_mixin.py:190} INFO - My name is Jerry. I am 19 years old.
[2024-12-19T13:51:35.103+0000] {python.py:240} INFO - Done. Returned value was: None
[2024-12-19T13:51:35.127+0000] {taskinstance.py:340} INFO - ::group::Post task execution logs
[2024-12-19T13:51:35.131+0000] {taskinstance.py:352} INFO - Marking task as SUCCESS. dag_id=dag_with_taskflow_api, task_id=greet, run_id=scheduled__2024-10-09T00:00:00+00:00, execution_date=20241009T000000, start_date=20241219T135134, end_date=20241219T135135
[2024-12-19T13:51:35.450+0000] {local_task_job_runner.py:266} INFO - Task exited with return code 0
[2024-12-19T13:51:35.485+0000] {taskinstance.py:3895} INFO - 0 downstream tasks scheduled from follow-on schedule check
[2024-12-19T13:51:35.492+0000] {local_task_job_runner.py:245} INFO - ::endgroup::
[2024-12-20T10:29:07.547+0000] {local_task_job_runner.py:123} INFO - ::group::Pre task execution logs
[2024-12-20T10:29:07.582+0000] {taskinstance.py:2613} INFO - Dependencies all met for dep_context=non-requeueable deps ti=<TaskInstance: dag_with_taskflow_api.greet scheduled__2024-10-09T00:00:00+00:00 [queued]>
[2024-12-20T10:29:07.594+0000] {taskinstance.py:2613} INFO - Dependencies all met for dep_context=requeueable deps ti=<TaskInstance: dag_with_taskflow_api.greet scheduled__2024-10-09T00:00:00+00:00 [queued]>
[2024-12-20T10:29:07.596+0000] {taskinstance.py:2866} INFO - Starting attempt 1 of 6
[2024-12-20T10:29:07.634+0000] {taskinstance.py:2889} INFO - Executing <Task(_PythonDecoratedOperator): greet> on 2024-10-09 00:00:00+00:00
[2024-12-20T10:29:07.655+0000] {logging_mixin.py:190} WARNING - /home/***/.local/lib/python3.12/site-packages/***/task/task_runner/standard_task_runner.py:70 DeprecationWarning: This process (pid=12829) is multi-threaded, use of fork() may lead to deadlocks in the child.
[2024-12-20T10:29:07.660+0000] {standard_task_runner.py:72} INFO - Started process 12845 to run task
[2024-12-20T10:29:07.668+0000] {standard_task_runner.py:104} INFO - Running: ['***', 'tasks', 'run', 'dag_with_taskflow_api', 'greet', 'scheduled__2024-10-09T00:00:00+00:00', '--job-id', '4714', '--raw', '--subdir', 'DAGS_FOLDER/dag_with_taskflow_api.py', '--cfg-path', '/tmp/tmp23idp7ww']
[2024-12-20T10:29:07.677+0000] {standard_task_runner.py:105} INFO - Job 4714: Subtask greet
[2024-12-20T10:29:07.781+0000] {task_command.py:467} INFO - Running <TaskInstance: dag_with_taskflow_api.greet scheduled__2024-10-09T00:00:00+00:00 [running]> on host a998b5b3d359
[2024-12-20T10:29:08.021+0000] {taskinstance.py:3132} INFO - Exporting env vars: AIRFLOW_CTX_DAG_OWNER='mateo' AIRFLOW_CTX_DAG_ID='dag_with_taskflow_api' AIRFLOW_CTX_TASK_ID='greet' AIRFLOW_CTX_EXECUTION_DATE='2024-10-09T00:00:00+00:00' AIRFLOW_CTX_TRY_NUMBER='1' AIRFLOW_CTX_DAG_RUN_ID='scheduled__2024-10-09T00:00:00+00:00'
[2024-12-20T10:29:08.037+0000] {taskinstance.py:731} INFO - ::endgroup::
[2024-12-20T10:29:08.043+0000] {logging_mixin.py:190} INFO - My name is Jerry. I am 19 years old.
[2024-12-20T10:29:08.047+0000] {python.py:240} INFO - Done. Returned value was: None
[2024-12-20T10:29:08.066+0000] {taskinstance.py:340} INFO - ::group::Post task execution logs
[2024-12-20T10:29:08.068+0000] {taskinstance.py:352} INFO - Marking task as SUCCESS. dag_id=dag_with_taskflow_api, task_id=greet, run_id=scheduled__2024-10-09T00:00:00+00:00, execution_date=20241009T000000, start_date=20241220T102907, end_date=20241220T102908
[2024-12-20T10:29:08.306+0000] {local_task_job_runner.py:266} INFO - Task exited with return code 0
[2024-12-20T10:29:08.330+0000] {taskinstance.py:3895} INFO - 0 downstream tasks scheduled from follow-on schedule check
[2024-12-20T10:29:08.333+0000] {local_task_job_runner.py:245} INFO - ::endgroup::
