[2024-12-19T13:51:53.138+0000] {local_task_job_runner.py:123} INFO - ::group::Pre task execution logs
[2024-12-19T13:51:53.200+0000] {taskinstance.py:2613} INFO - Dependencies all met for dep_context=non-requeueable deps ti=<TaskInstance: dag_with_taskflow_api.get_age scheduled__2024-11-07T00:00:00+00:00 [queued]>
[2024-12-19T13:51:53.241+0000] {taskinstance.py:2613} INFO - Dependencies all met for dep_context=requeueable deps ti=<TaskInstance: dag_with_taskflow_api.get_age scheduled__2024-11-07T00:00:00+00:00 [queued]>
[2024-12-19T13:51:53.243+0000] {taskinstance.py:2866} INFO - Starting attempt 1 of 6
[2024-12-19T13:51:53.309+0000] {taskinstance.py:2889} INFO - Executing <Task(_PythonDecoratedOperator): get_age> on 2024-11-07 00:00:00+00:00
[2024-12-19T13:51:53.363+0000] {logging_mixin.py:190} WARNING - /home/***/.local/lib/python3.12/site-packages/***/task/task_runner/standard_task_runner.py:70 DeprecationWarning: This process (pid=16472) is multi-threaded, use of fork() may lead to deadlocks in the child.
[2024-12-19T13:51:53.361+0000] {standard_task_runner.py:104} INFO - Running: ['***', 'tasks', 'run', 'dag_with_taskflow_api', 'get_age', 'scheduled__2024-11-07T00:00:00+00:00', '--job-id', '4473', '--raw', '--subdir', 'DAGS_FOLDER/dag_with_taskflow_api.py', '--cfg-path', '/tmp/tmp45sn1xc4']
[2024-12-19T13:51:53.386+0000] {standard_task_runner.py:105} INFO - Job 4473: Subtask get_age
[2024-12-19T13:51:53.379+0000] {standard_task_runner.py:72} INFO - Started process 16484 to run task
[2024-12-19T13:51:53.582+0000] {task_command.py:467} INFO - Running <TaskInstance: dag_with_taskflow_api.get_age scheduled__2024-11-07T00:00:00+00:00 [running]> on host 02d979add40a
[2024-12-19T13:51:53.889+0000] {taskinstance.py:3132} INFO - Exporting env vars: AIRFLOW_CTX_DAG_OWNER='mateo' AIRFLOW_CTX_DAG_ID='dag_with_taskflow_api' AIRFLOW_CTX_TASK_ID='get_age' AIRFLOW_CTX_EXECUTION_DATE='2024-11-07T00:00:00+00:00' AIRFLOW_CTX_TRY_NUMBER='1' AIRFLOW_CTX_DAG_RUN_ID='scheduled__2024-11-07T00:00:00+00:00'
[2024-12-19T13:51:53.894+0000] {taskinstance.py:731} INFO - ::endgroup::
[2024-12-19T13:51:53.899+0000] {python.py:240} INFO - Done. Returned value was: 19
[2024-12-19T13:51:53.935+0000] {taskinstance.py:340} INFO - ::group::Post task execution logs
[2024-12-19T13:51:53.939+0000] {taskinstance.py:352} INFO - Marking task as SUCCESS. dag_id=dag_with_taskflow_api, task_id=get_age, run_id=scheduled__2024-11-07T00:00:00+00:00, execution_date=20241107T000000, start_date=20241219T135153, end_date=20241219T135153
[2024-12-19T13:51:54.054+0000] {local_task_job_runner.py:266} INFO - Task exited with return code 0
[2024-12-19T13:51:54.077+0000] {local_task_job_runner.py:245} INFO - ::endgroup::
[2024-12-20T10:29:28.025+0000] {local_task_job_runner.py:123} INFO - ::group::Pre task execution logs
[2024-12-20T10:29:28.049+0000] {taskinstance.py:2613} INFO - Dependencies all met for dep_context=non-requeueable deps ti=<TaskInstance: dag_with_taskflow_api.get_age scheduled__2024-11-07T00:00:00+00:00 [queued]>
[2024-12-20T10:29:28.105+0000] {taskinstance.py:2613} INFO - Dependencies all met for dep_context=requeueable deps ti=<TaskInstance: dag_with_taskflow_api.get_age scheduled__2024-11-07T00:00:00+00:00 [queued]>
[2024-12-20T10:29:28.107+0000] {taskinstance.py:2866} INFO - Starting attempt 1 of 6
[2024-12-20T10:29:28.130+0000] {taskinstance.py:2889} INFO - Executing <Task(_PythonDecoratedOperator): get_age> on 2024-11-07 00:00:00+00:00
[2024-12-20T10:29:28.144+0000] {logging_mixin.py:190} WARNING - /home/***/.local/lib/python3.12/site-packages/***/task/task_runner/standard_task_runner.py:70 DeprecationWarning: This process (pid=13097) is multi-threaded, use of fork() may lead to deadlocks in the child.
[2024-12-20T10:29:28.147+0000] {standard_task_runner.py:72} INFO - Started process 13107 to run task
[2024-12-20T10:29:28.153+0000] {standard_task_runner.py:104} INFO - Running: ['***', 'tasks', 'run', 'dag_with_taskflow_api', 'get_age', 'scheduled__2024-11-07T00:00:00+00:00', '--job-id', '4790', '--raw', '--subdir', 'DAGS_FOLDER/dag_with_taskflow_api.py', '--cfg-path', '/tmp/tmp7kpp9lyl']
[2024-12-20T10:29:28.161+0000] {standard_task_runner.py:105} INFO - Job 4790: Subtask get_age
[2024-12-20T10:29:28.288+0000] {task_command.py:467} INFO - Running <TaskInstance: dag_with_taskflow_api.get_age scheduled__2024-11-07T00:00:00+00:00 [running]> on host a998b5b3d359
[2024-12-20T10:29:28.455+0000] {taskinstance.py:3132} INFO - Exporting env vars: AIRFLOW_CTX_DAG_OWNER='mateo' AIRFLOW_CTX_DAG_ID='dag_with_taskflow_api' AIRFLOW_CTX_TASK_ID='get_age' AIRFLOW_CTX_EXECUTION_DATE='2024-11-07T00:00:00+00:00' AIRFLOW_CTX_TRY_NUMBER='1' AIRFLOW_CTX_DAG_RUN_ID='scheduled__2024-11-07T00:00:00+00:00'
[2024-12-20T10:29:28.458+0000] {taskinstance.py:731} INFO - ::endgroup::
[2024-12-20T10:29:28.462+0000] {python.py:240} INFO - Done. Returned value was: 19
[2024-12-20T10:29:28.514+0000] {taskinstance.py:340} INFO - ::group::Post task execution logs
[2024-12-20T10:29:28.516+0000] {taskinstance.py:352} INFO - Marking task as SUCCESS. dag_id=dag_with_taskflow_api, task_id=get_age, run_id=scheduled__2024-11-07T00:00:00+00:00, execution_date=20241107T000000, start_date=20241220T102928, end_date=20241220T102928
[2024-12-20T10:29:28.615+0000] {local_task_job_runner.py:266} INFO - Task exited with return code 0
[2024-12-20T10:29:28.639+0000] {local_task_job_runner.py:245} INFO - ::endgroup::
