[2024-12-19T13:52:17.368+0000] {local_task_job_runner.py:123} INFO - ::group::Pre task execution logs
[2024-12-19T13:52:17.473+0000] {taskinstance.py:2613} INFO - Dependencies all met for dep_context=non-requeueable deps ti=<TaskInstance: dag_with_taskflow_api.get_name scheduled__2024-12-09T00:00:00+00:00 [queued]>
[2024-12-19T13:52:17.497+0000] {taskinstance.py:2613} INFO - Dependencies all met for dep_context=requeueable deps ti=<TaskInstance: dag_with_taskflow_api.get_name scheduled__2024-12-09T00:00:00+00:00 [queued]>
[2024-12-19T13:52:17.502+0000] {taskinstance.py:2866} INFO - Starting attempt 1 of 6
[2024-12-19T13:52:17.528+0000] {taskinstance.py:2889} INFO - Executing <Task(_PythonDecoratedOperator): get_name> on 2024-12-09 00:00:00+00:00
[2024-12-19T13:52:17.573+0000] {standard_task_runner.py:104} INFO - Running: ['***', 'tasks', 'run', 'dag_with_taskflow_api', 'get_name', 'scheduled__2024-12-09T00:00:00+00:00', '--job-id', '4571', '--raw', '--subdir', 'DAGS_FOLDER/dag_with_taskflow_api.py', '--cfg-path', '/tmp/tmpf8zwv4x1']
[2024-12-19T13:52:17.578+0000] {logging_mixin.py:190} WARNING - /home/***/.local/lib/python3.12/site-packages/***/task/task_runner/standard_task_runner.py:70 DeprecationWarning: This process (pid=16784) is multi-threaded, use of fork() may lead to deadlocks in the child.
[2024-12-19T13:52:17.585+0000] {standard_task_runner.py:105} INFO - Job 4571: Subtask get_name
[2024-12-19T13:52:17.597+0000] {standard_task_runner.py:72} INFO - Started process 16803 to run task
[2024-12-19T13:52:17.761+0000] {task_command.py:467} INFO - Running <TaskInstance: dag_with_taskflow_api.get_name scheduled__2024-12-09T00:00:00+00:00 [running]> on host 02d979add40a
[2024-12-19T13:52:18.020+0000] {taskinstance.py:3132} INFO - Exporting env vars: AIRFLOW_CTX_DAG_OWNER='mateo' AIRFLOW_CTX_DAG_ID='dag_with_taskflow_api' AIRFLOW_CTX_TASK_ID='get_name' AIRFLOW_CTX_EXECUTION_DATE='2024-12-09T00:00:00+00:00' AIRFLOW_CTX_TRY_NUMBER='1' AIRFLOW_CTX_DAG_RUN_ID='scheduled__2024-12-09T00:00:00+00:00'
[2024-12-19T13:52:18.023+0000] {taskinstance.py:731} INFO - ::endgroup::
[2024-12-19T13:52:18.028+0000] {python.py:240} INFO - Done. Returned value was: Jerry
[2024-12-19T13:52:18.070+0000] {taskinstance.py:340} INFO - ::group::Post task execution logs
[2024-12-19T13:52:18.079+0000] {taskinstance.py:352} INFO - Marking task as SUCCESS. dag_id=dag_with_taskflow_api, task_id=get_name, run_id=scheduled__2024-12-09T00:00:00+00:00, execution_date=20241209T000000, start_date=20241219T135217, end_date=20241219T135218
[2024-12-19T13:52:18.194+0000] {local_task_job_runner.py:266} INFO - Task exited with return code 0
[2024-12-19T13:52:18.225+0000] {local_task_job_runner.py:245} INFO - ::endgroup::
[2024-12-20T10:29:52.511+0000] {local_task_job_runner.py:123} INFO - ::group::Pre task execution logs
[2024-12-20T10:29:52.531+0000] {taskinstance.py:2613} INFO - Dependencies all met for dep_context=non-requeueable deps ti=<TaskInstance: dag_with_taskflow_api.get_name scheduled__2024-12-09T00:00:00+00:00 [queued]>
[2024-12-20T10:29:52.542+0000] {taskinstance.py:2613} INFO - Dependencies all met for dep_context=requeueable deps ti=<TaskInstance: dag_with_taskflow_api.get_name scheduled__2024-12-09T00:00:00+00:00 [queued]>
[2024-12-20T10:29:52.544+0000] {taskinstance.py:2866} INFO - Starting attempt 1 of 6
[2024-12-20T10:29:52.564+0000] {taskinstance.py:2889} INFO - Executing <Task(_PythonDecoratedOperator): get_name> on 2024-12-09 00:00:00+00:00
[2024-12-20T10:29:52.575+0000] {logging_mixin.py:190} WARNING - /home/***/.local/lib/python3.12/site-packages/***/task/task_runner/standard_task_runner.py:70 DeprecationWarning: This process (pid=13435) is multi-threaded, use of fork() may lead to deadlocks in the child.
[2024-12-20T10:29:52.578+0000] {standard_task_runner.py:72} INFO - Started process 13438 to run task
[2024-12-20T10:29:52.587+0000] {standard_task_runner.py:104} INFO - Running: ['***', 'tasks', 'run', 'dag_with_taskflow_api', 'get_name', 'scheduled__2024-12-09T00:00:00+00:00', '--job-id', '4889', '--raw', '--subdir', 'DAGS_FOLDER/dag_with_taskflow_api.py', '--cfg-path', '/tmp/tmpob7isbz0']
[2024-12-20T10:29:52.592+0000] {standard_task_runner.py:105} INFO - Job 4889: Subtask get_name
[2024-12-20T10:29:52.664+0000] {task_command.py:467} INFO - Running <TaskInstance: dag_with_taskflow_api.get_name scheduled__2024-12-09T00:00:00+00:00 [running]> on host a998b5b3d359
[2024-12-20T10:29:52.801+0000] {taskinstance.py:3132} INFO - Exporting env vars: AIRFLOW_CTX_DAG_OWNER='mateo' AIRFLOW_CTX_DAG_ID='dag_with_taskflow_api' AIRFLOW_CTX_TASK_ID='get_name' AIRFLOW_CTX_EXECUTION_DATE='2024-12-09T00:00:00+00:00' AIRFLOW_CTX_TRY_NUMBER='1' AIRFLOW_CTX_DAG_RUN_ID='scheduled__2024-12-09T00:00:00+00:00'
[2024-12-20T10:29:52.802+0000] {taskinstance.py:731} INFO - ::endgroup::
[2024-12-20T10:29:52.813+0000] {python.py:240} INFO - Done. Returned value was: Jerry
[2024-12-20T10:29:52.848+0000] {taskinstance.py:340} INFO - ::group::Post task execution logs
[2024-12-20T10:29:52.850+0000] {taskinstance.py:352} INFO - Marking task as SUCCESS. dag_id=dag_with_taskflow_api, task_id=get_name, run_id=scheduled__2024-12-09T00:00:00+00:00, execution_date=20241209T000000, start_date=20241220T102952, end_date=20241220T102952
[2024-12-20T10:29:52.887+0000] {local_task_job_runner.py:266} INFO - Task exited with return code 0
[2024-12-20T10:29:52.900+0000] {local_task_job_runner.py:245} INFO - ::endgroup::
