[2024-12-20T10:51:29.733+0000] {local_task_job_runner.py:123} INFO - ::group::Pre task execution logs
[2024-12-20T10:51:29.806+0000] {taskinstance.py:2613} INFO - Dependencies all met for dep_context=non-requeueable deps ti=<TaskInstance: sql_operator_dag_v3.SQL_insert_sql_operator_practice scheduled__2024-01-01T03:00:00+00:00 [queued]>
[2024-12-20T10:51:29.858+0000] {taskinstance.py:2613} INFO - Dependencies all met for dep_context=requeueable deps ti=<TaskInstance: sql_operator_dag_v3.SQL_insert_sql_operator_practice scheduled__2024-01-01T03:00:00+00:00 [queued]>
[2024-12-20T10:51:29.860+0000] {taskinstance.py:2866} INFO - Starting attempt 1 of 6
[2024-12-20T10:51:30.066+0000] {taskinstance.py:2889} INFO - Executing <Task(SQLExecuteQueryOperator): SQL_insert_sql_operator_practice> on 2024-01-01 03:00:00+00:00
[2024-12-20T10:51:30.078+0000] {standard_task_runner.py:104} INFO - Running: ['***', 'tasks', 'run', 'sql_operator_dag_v3', 'SQL_insert_sql_operator_practice', 'scheduled__2024-01-01T03:00:00+00:00', '--job-id', '5514', '--raw', '--subdir', 'DAGS_FOLDER/dag_with_postgresql.py', '--cfg-path', '/tmp/tmp40qnis8z']
[2024-12-20T10:51:30.083+0000] {standard_task_runner.py:105} INFO - Job 5514: Subtask SQL_insert_sql_operator_practice
[2024-12-20T10:51:30.080+0000] {logging_mixin.py:190} WARNING - /home/***/.local/lib/python3.12/site-packages/***/task/task_runner/standard_task_runner.py:70 DeprecationWarning: This process (pid=16886) is multi-threaded, use of fork() may lead to deadlocks in the child.
[2024-12-20T10:51:30.086+0000] {standard_task_runner.py:72} INFO - Started process 16894 to run task
[2024-12-20T10:51:30.174+0000] {task_command.py:467} INFO - Running <TaskInstance: sql_operator_dag_v3.SQL_insert_sql_operator_practice scheduled__2024-01-01T03:00:00+00:00 [running]> on host a998b5b3d359
[2024-12-20T10:51:30.332+0000] {taskinstance.py:3132} INFO - Exporting env vars: AIRFLOW_CTX_DAG_OWNER='Mateo' AIRFLOW_CTX_DAG_ID='sql_operator_dag_v3' AIRFLOW_CTX_TASK_ID='SQL_insert_sql_operator_practice' AIRFLOW_CTX_EXECUTION_DATE='2024-01-01T03:00:00+00:00' AIRFLOW_CTX_TRY_NUMBER='1' AIRFLOW_CTX_DAG_RUN_ID='scheduled__2024-01-01T03:00:00+00:00'
[2024-12-20T10:51:30.334+0000] {taskinstance.py:731} INFO - ::endgroup::
[2024-12-20T10:51:30.380+0000] {sql.py:278} INFO - Executing: 
        insert into dag_runs_v2(dt,dag_id) values ('2024-01-01','sql_operator_dag_v3');
        
[2024-12-20T10:51:30.409+0000] {base.py:84} INFO - Retrieving connection 'sql_operator_practice'
[2024-12-20T10:51:30.429+0000] {base.py:84} INFO - Retrieving connection 'sql_operator_practice'
[2024-12-20T10:51:30.452+0000] {sql.py:553} INFO - Running statement: 
        insert into dag_runs_v2(dt,dag_id) values ('2024-01-01','sql_operator_dag_v3');
        , parameters: None
[2024-12-20T10:51:30.460+0000] {sql.py:562} INFO - Rows affected: 1
[2024-12-20T10:51:30.482+0000] {taskinstance.py:340} INFO - ::group::Post task execution logs
[2024-12-20T10:51:30.483+0000] {taskinstance.py:352} INFO - Marking task as SUCCESS. dag_id=sql_operator_dag_v3, task_id=SQL_insert_sql_operator_practice, run_id=scheduled__2024-01-01T03:00:00+00:00, execution_date=20240101T030000, start_date=20241220T105129, end_date=20241220T105130
[2024-12-20T10:51:30.637+0000] {local_task_job_runner.py:266} INFO - Task exited with return code 0
[2024-12-20T10:51:30.658+0000] {taskinstance.py:3895} INFO - 0 downstream tasks scheduled from follow-on schedule check
[2024-12-20T10:51:30.661+0000] {local_task_job_runner.py:245} INFO - ::endgroup::
