[2024-12-19T13:52:05.096+0000] {local_task_job_runner.py:123} INFO - ::group::Pre task execution logs
[2024-12-19T13:52:05.120+0000] {taskinstance.py:2613} INFO - Dependencies all met for dep_context=non-requeueable deps ti=<TaskInstance: dag_with_taskflow_api.get_name scheduled__2024-11-19T00:00:00+00:00 [queued]>
[2024-12-19T13:52:05.133+0000] {taskinstance.py:2613} INFO - Dependencies all met for dep_context=requeueable deps ti=<TaskInstance: dag_with_taskflow_api.get_name scheduled__2024-11-19T00:00:00+00:00 [queued]>
[2024-12-19T13:52:05.135+0000] {taskinstance.py:2866} INFO - Starting attempt 1 of 6
[2024-12-19T13:52:05.250+0000] {taskinstance.py:2889} INFO - Executing <Task(_PythonDecoratedOperator): get_name> on 2024-11-19 00:00:00+00:00
[2024-12-19T13:52:05.279+0000] {logging_mixin.py:190} WARNING - /home/***/.local/lib/python3.12/site-packages/***/task/task_runner/standard_task_runner.py:70 DeprecationWarning: This process (pid=16596) is multi-threaded, use of fork() may lead to deadlocks in the child.
[2024-12-19T13:52:05.303+0000] {standard_task_runner.py:72} INFO - Started process 16606 to run task
[2024-12-19T13:52:05.291+0000] {standard_task_runner.py:104} INFO - Running: ['***', 'tasks', 'run', 'dag_with_taskflow_api', 'get_name', 'scheduled__2024-11-19T00:00:00+00:00', '--job-id', '4512', '--raw', '--subdir', 'DAGS_FOLDER/dag_with_taskflow_api.py', '--cfg-path', '/tmp/tmpc7cjom3s']
[2024-12-19T13:52:05.342+0000] {standard_task_runner.py:105} INFO - Job 4512: Subtask get_name
[2024-12-19T13:52:05.510+0000] {task_command.py:467} INFO - Running <TaskInstance: dag_with_taskflow_api.get_name scheduled__2024-11-19T00:00:00+00:00 [running]> on host 02d979add40a
[2024-12-19T13:52:05.750+0000] {taskinstance.py:3132} INFO - Exporting env vars: AIRFLOW_CTX_DAG_OWNER='mateo' AIRFLOW_CTX_DAG_ID='dag_with_taskflow_api' AIRFLOW_CTX_TASK_ID='get_name' AIRFLOW_CTX_EXECUTION_DATE='2024-11-19T00:00:00+00:00' AIRFLOW_CTX_TRY_NUMBER='1' AIRFLOW_CTX_DAG_RUN_ID='scheduled__2024-11-19T00:00:00+00:00'
[2024-12-19T13:52:05.756+0000] {taskinstance.py:731} INFO - ::endgroup::
[2024-12-19T13:52:05.772+0000] {python.py:240} INFO - Done. Returned value was: Jerry
[2024-12-19T13:52:05.825+0000] {taskinstance.py:340} INFO - ::group::Post task execution logs
[2024-12-19T13:52:05.828+0000] {taskinstance.py:352} INFO - Marking task as SUCCESS. dag_id=dag_with_taskflow_api, task_id=get_name, run_id=scheduled__2024-11-19T00:00:00+00:00, execution_date=20241119T000000, start_date=20241219T135205, end_date=20241219T135205
[2024-12-19T13:52:06.000+0000] {local_task_job_runner.py:266} INFO - Task exited with return code 0
[2024-12-19T13:52:06.046+0000] {taskinstance.py:3895} INFO - 1 downstream tasks scheduled from follow-on schedule check
[2024-12-19T13:52:06.052+0000] {local_task_job_runner.py:245} INFO - ::endgroup::
[2024-12-20T10:29:34.550+0000] {local_task_job_runner.py:123} INFO - ::group::Pre task execution logs
[2024-12-20T10:29:34.605+0000] {taskinstance.py:2613} INFO - Dependencies all met for dep_context=non-requeueable deps ti=<TaskInstance: dag_with_taskflow_api.get_name scheduled__2024-11-19T00:00:00+00:00 [queued]>
[2024-12-20T10:29:34.622+0000] {taskinstance.py:2613} INFO - Dependencies all met for dep_context=requeueable deps ti=<TaskInstance: dag_with_taskflow_api.get_name scheduled__2024-11-19T00:00:00+00:00 [queued]>
[2024-12-20T10:29:34.623+0000] {taskinstance.py:2866} INFO - Starting attempt 1 of 6
[2024-12-20T10:29:34.636+0000] {taskinstance.py:2889} INFO - Executing <Task(_PythonDecoratedOperator): get_name> on 2024-11-19 00:00:00+00:00
[2024-12-20T10:29:34.651+0000] {logging_mixin.py:190} WARNING - /home/***/.local/lib/python3.12/site-packages/***/task/task_runner/standard_task_runner.py:70 DeprecationWarning: This process (pid=13203) is multi-threaded, use of fork() may lead to deadlocks in the child.
[2024-12-20T10:29:34.653+0000] {standard_task_runner.py:72} INFO - Started process 13216 to run task
[2024-12-20T10:29:34.659+0000] {standard_task_runner.py:104} INFO - Running: ['***', 'tasks', 'run', 'dag_with_taskflow_api', 'get_name', 'scheduled__2024-11-19T00:00:00+00:00', '--job-id', '4828', '--raw', '--subdir', 'DAGS_FOLDER/dag_with_taskflow_api.py', '--cfg-path', '/tmp/tmpq0r0jdnn']
[2024-12-20T10:29:34.663+0000] {standard_task_runner.py:105} INFO - Job 4828: Subtask get_name
[2024-12-20T10:29:34.737+0000] {task_command.py:467} INFO - Running <TaskInstance: dag_with_taskflow_api.get_name scheduled__2024-11-19T00:00:00+00:00 [running]> on host a998b5b3d359
[2024-12-20T10:29:34.852+0000] {taskinstance.py:3132} INFO - Exporting env vars: AIRFLOW_CTX_DAG_OWNER='mateo' AIRFLOW_CTX_DAG_ID='dag_with_taskflow_api' AIRFLOW_CTX_TASK_ID='get_name' AIRFLOW_CTX_EXECUTION_DATE='2024-11-19T00:00:00+00:00' AIRFLOW_CTX_TRY_NUMBER='1' AIRFLOW_CTX_DAG_RUN_ID='scheduled__2024-11-19T00:00:00+00:00'
[2024-12-20T10:29:34.855+0000] {taskinstance.py:731} INFO - ::endgroup::
[2024-12-20T10:29:34.859+0000] {python.py:240} INFO - Done. Returned value was: Jerry
[2024-12-20T10:29:34.888+0000] {taskinstance.py:340} INFO - ::group::Post task execution logs
[2024-12-20T10:29:34.890+0000] {taskinstance.py:352} INFO - Marking task as SUCCESS. dag_id=dag_with_taskflow_api, task_id=get_name, run_id=scheduled__2024-11-19T00:00:00+00:00, execution_date=20241119T000000, start_date=20241220T102934, end_date=20241220T102934
[2024-12-20T10:29:34.952+0000] {local_task_job_runner.py:266} INFO - Task exited with return code 0
[2024-12-20T10:29:34.972+0000] {taskinstance.py:3895} INFO - 0 downstream tasks scheduled from follow-on schedule check
[2024-12-20T10:29:34.974+0000] {local_task_job_runner.py:245} INFO - ::endgroup::
