[2024-12-19T13:52:07.011+0000] {local_task_job_runner.py:123} INFO - ::group::Pre task execution logs
[2024-12-19T13:52:07.103+0000] {taskinstance.py:2613} INFO - Dependencies all met for dep_context=non-requeueable deps ti=<TaskInstance: dag_with_taskflow_api.get_age scheduled__2024-11-25T00:00:00+00:00 [queued]>
[2024-12-19T13:52:07.172+0000] {taskinstance.py:2613} INFO - Dependencies all met for dep_context=requeueable deps ti=<TaskInstance: dag_with_taskflow_api.get_age scheduled__2024-11-25T00:00:00+00:00 [queued]>
[2024-12-19T13:52:07.178+0000] {taskinstance.py:2866} INFO - Starting attempt 1 of 6
[2024-12-19T13:52:07.350+0000] {taskinstance.py:2889} INFO - Executing <Task(_PythonDecoratedOperator): get_age> on 2024-11-25 00:00:00+00:00
[2024-12-19T13:52:07.374+0000] {logging_mixin.py:190} WARNING - /home/***/.local/lib/python3.12/site-packages/***/task/task_runner/standard_task_runner.py:70 DeprecationWarning: This process (pid=16632) is multi-threaded, use of fork() may lead to deadlocks in the child.
[2024-12-19T13:52:07.384+0000] {standard_task_runner.py:104} INFO - Running: ['***', 'tasks', 'run', 'dag_with_taskflow_api', 'get_age', 'scheduled__2024-11-25T00:00:00+00:00', '--job-id', '4525', '--raw', '--subdir', 'DAGS_FOLDER/dag_with_taskflow_api.py', '--cfg-path', '/tmp/tmprakxn0s_']
[2024-12-19T13:52:07.386+0000] {standard_task_runner.py:72} INFO - Started process 16646 to run task
[2024-12-19T13:52:07.389+0000] {standard_task_runner.py:105} INFO - Job 4525: Subtask get_age
[2024-12-19T13:52:07.525+0000] {task_command.py:467} INFO - Running <TaskInstance: dag_with_taskflow_api.get_age scheduled__2024-11-25T00:00:00+00:00 [running]> on host 02d979add40a
[2024-12-19T13:52:07.777+0000] {taskinstance.py:3132} INFO - Exporting env vars: AIRFLOW_CTX_DAG_OWNER='mateo' AIRFLOW_CTX_DAG_ID='dag_with_taskflow_api' AIRFLOW_CTX_TASK_ID='get_age' AIRFLOW_CTX_EXECUTION_DATE='2024-11-25T00:00:00+00:00' AIRFLOW_CTX_TRY_NUMBER='1' AIRFLOW_CTX_DAG_RUN_ID='scheduled__2024-11-25T00:00:00+00:00'
[2024-12-19T13:52:07.785+0000] {taskinstance.py:731} INFO - ::endgroup::
[2024-12-19T13:52:07.789+0000] {python.py:240} INFO - Done. Returned value was: 19
[2024-12-19T13:52:07.837+0000] {taskinstance.py:340} INFO - ::group::Post task execution logs
[2024-12-19T13:52:07.839+0000] {taskinstance.py:352} INFO - Marking task as SUCCESS. dag_id=dag_with_taskflow_api, task_id=get_age, run_id=scheduled__2024-11-25T00:00:00+00:00, execution_date=20241125T000000, start_date=20241219T135207, end_date=20241219T135207
[2024-12-19T13:52:07.908+0000] {local_task_job_runner.py:266} INFO - Task exited with return code 0
[2024-12-19T13:52:07.959+0000] {taskinstance.py:3895} INFO - 0 downstream tasks scheduled from follow-on schedule check
[2024-12-19T13:52:07.966+0000] {local_task_job_runner.py:245} INFO - ::endgroup::
[2024-12-20T10:29:39.408+0000] {local_task_job_runner.py:123} INFO - ::group::Pre task execution logs
[2024-12-20T10:29:39.444+0000] {taskinstance.py:2613} INFO - Dependencies all met for dep_context=non-requeueable deps ti=<TaskInstance: dag_with_taskflow_api.get_age scheduled__2024-11-25T00:00:00+00:00 [queued]>
[2024-12-20T10:29:39.457+0000] {taskinstance.py:2613} INFO - Dependencies all met for dep_context=requeueable deps ti=<TaskInstance: dag_with_taskflow_api.get_age scheduled__2024-11-25T00:00:00+00:00 [queued]>
[2024-12-20T10:29:39.458+0000] {taskinstance.py:2866} INFO - Starting attempt 1 of 6
[2024-12-20T10:29:39.666+0000] {taskinstance.py:2889} INFO - Executing <Task(_PythonDecoratedOperator): get_age> on 2024-11-25 00:00:00+00:00
[2024-12-20T10:29:39.682+0000] {logging_mixin.py:190} WARNING - /home/***/.local/lib/python3.12/site-packages/***/task/task_runner/standard_task_runner.py:70 DeprecationWarning: This process (pid=13259) is multi-threaded, use of fork() may lead to deadlocks in the child.
[2024-12-20T10:29:39.686+0000] {standard_task_runner.py:72} INFO - Started process 13278 to run task
[2024-12-20T10:29:39.697+0000] {standard_task_runner.py:104} INFO - Running: ['***', 'tasks', 'run', 'dag_with_taskflow_api', 'get_age', 'scheduled__2024-11-25T00:00:00+00:00', '--job-id', '4846', '--raw', '--subdir', 'DAGS_FOLDER/dag_with_taskflow_api.py', '--cfg-path', '/tmp/tmp3f5szpcu']
[2024-12-20T10:29:39.706+0000] {standard_task_runner.py:105} INFO - Job 4846: Subtask get_age
[2024-12-20T10:29:39.893+0000] {task_command.py:467} INFO - Running <TaskInstance: dag_with_taskflow_api.get_age scheduled__2024-11-25T00:00:00+00:00 [running]> on host a998b5b3d359
[2024-12-20T10:29:40.056+0000] {taskinstance.py:3132} INFO - Exporting env vars: AIRFLOW_CTX_DAG_OWNER='mateo' AIRFLOW_CTX_DAG_ID='dag_with_taskflow_api' AIRFLOW_CTX_TASK_ID='get_age' AIRFLOW_CTX_EXECUTION_DATE='2024-11-25T00:00:00+00:00' AIRFLOW_CTX_TRY_NUMBER='1' AIRFLOW_CTX_DAG_RUN_ID='scheduled__2024-11-25T00:00:00+00:00'
[2024-12-20T10:29:40.059+0000] {taskinstance.py:731} INFO - ::endgroup::
[2024-12-20T10:29:40.064+0000] {python.py:240} INFO - Done. Returned value was: 19
[2024-12-20T10:29:40.106+0000] {taskinstance.py:340} INFO - ::group::Post task execution logs
[2024-12-20T10:29:40.107+0000] {taskinstance.py:352} INFO - Marking task as SUCCESS. dag_id=dag_with_taskflow_api, task_id=get_age, run_id=scheduled__2024-11-25T00:00:00+00:00, execution_date=20241125T000000, start_date=20241220T102939, end_date=20241220T102940
[2024-12-20T10:29:40.158+0000] {local_task_job_runner.py:266} INFO - Task exited with return code 0
[2024-12-20T10:29:40.197+0000] {taskinstance.py:3895} INFO - 1 downstream tasks scheduled from follow-on schedule check
[2024-12-20T10:29:40.200+0000] {local_task_job_runner.py:245} INFO - ::endgroup::
