[2024-12-19T13:52:13.059+0000] {local_task_job_runner.py:123} INFO - ::group::Pre task execution logs
[2024-12-19T13:52:13.105+0000] {taskinstance.py:2613} INFO - Dependencies all met for dep_context=non-requeueable deps ti=<TaskInstance: dag_with_taskflow_api.get_age scheduled__2024-11-29T00:00:00+00:00 [queued]>
[2024-12-19T13:52:13.124+0000] {taskinstance.py:2613} INFO - Dependencies all met for dep_context=requeueable deps ti=<TaskInstance: dag_with_taskflow_api.get_age scheduled__2024-11-29T00:00:00+00:00 [queued]>
[2024-12-19T13:52:13.127+0000] {taskinstance.py:2866} INFO - Starting attempt 1 of 6
[2024-12-19T13:52:13.154+0000] {taskinstance.py:2889} INFO - Executing <Task(_PythonDecoratedOperator): get_age> on 2024-11-29 00:00:00+00:00
[2024-12-19T13:52:13.175+0000] {logging_mixin.py:190} WARNING - /home/***/.local/lib/python3.12/site-packages/***/task/task_runner/standard_task_runner.py:70 DeprecationWarning: This process (pid=16704) is multi-threaded, use of fork() may lead to deadlocks in the child.
[2024-12-19T13:52:13.186+0000] {standard_task_runner.py:72} INFO - Started process 16712 to run task
[2024-12-19T13:52:13.193+0000] {standard_task_runner.py:104} INFO - Running: ['***', 'tasks', 'run', 'dag_with_taskflow_api', 'get_age', 'scheduled__2024-11-29T00:00:00+00:00', '--job-id', '4543', '--raw', '--subdir', 'DAGS_FOLDER/dag_with_taskflow_api.py', '--cfg-path', '/tmp/tmpyuqwhcxk']
[2024-12-19T13:52:13.212+0000] {standard_task_runner.py:105} INFO - Job 4543: Subtask get_age
[2024-12-19T13:52:13.345+0000] {task_command.py:467} INFO - Running <TaskInstance: dag_with_taskflow_api.get_age scheduled__2024-11-29T00:00:00+00:00 [running]> on host 02d979add40a
[2024-12-19T13:52:13.795+0000] {taskinstance.py:3132} INFO - Exporting env vars: AIRFLOW_CTX_DAG_OWNER='mateo' AIRFLOW_CTX_DAG_ID='dag_with_taskflow_api' AIRFLOW_CTX_TASK_ID='get_age' AIRFLOW_CTX_EXECUTION_DATE='2024-11-29T00:00:00+00:00' AIRFLOW_CTX_TRY_NUMBER='1' AIRFLOW_CTX_DAG_RUN_ID='scheduled__2024-11-29T00:00:00+00:00'
[2024-12-19T13:52:13.797+0000] {taskinstance.py:731} INFO - ::endgroup::
[2024-12-19T13:52:13.851+0000] {python.py:240} INFO - Done. Returned value was: 19
[2024-12-19T13:52:13.958+0000] {taskinstance.py:340} INFO - ::group::Post task execution logs
[2024-12-19T13:52:13.967+0000] {taskinstance.py:352} INFO - Marking task as SUCCESS. dag_id=dag_with_taskflow_api, task_id=get_age, run_id=scheduled__2024-11-29T00:00:00+00:00, execution_date=20241129T000000, start_date=20241219T135213, end_date=20241219T135213
[2024-12-19T13:52:14.071+0000] {local_task_job_runner.py:266} INFO - Task exited with return code 0
[2024-12-19T13:52:14.095+0000] {local_task_job_runner.py:245} INFO - ::endgroup::
[2024-12-20T10:29:43.290+0000] {local_task_job_runner.py:123} INFO - ::group::Pre task execution logs
[2024-12-20T10:29:43.310+0000] {taskinstance.py:2613} INFO - Dependencies all met for dep_context=non-requeueable deps ti=<TaskInstance: dag_with_taskflow_api.get_age scheduled__2024-11-29T00:00:00+00:00 [queued]>
[2024-12-20T10:29:43.322+0000] {taskinstance.py:2613} INFO - Dependencies all met for dep_context=requeueable deps ti=<TaskInstance: dag_with_taskflow_api.get_age scheduled__2024-11-29T00:00:00+00:00 [queued]>
[2024-12-20T10:29:43.323+0000] {taskinstance.py:2866} INFO - Starting attempt 1 of 6
[2024-12-20T10:29:43.579+0000] {taskinstance.py:2889} INFO - Executing <Task(_PythonDecoratedOperator): get_age> on 2024-11-29 00:00:00+00:00
[2024-12-20T10:29:43.598+0000] {logging_mixin.py:190} WARNING - /home/***/.local/lib/python3.12/site-packages/***/task/task_runner/standard_task_runner.py:70 DeprecationWarning: This process (pid=13313) is multi-threaded, use of fork() may lead to deadlocks in the child.
[2024-12-20T10:29:43.601+0000] {standard_task_runner.py:72} INFO - Started process 13323 to run task
[2024-12-20T10:29:43.612+0000] {standard_task_runner.py:104} INFO - Running: ['***', 'tasks', 'run', 'dag_with_taskflow_api', 'get_age', 'scheduled__2024-11-29T00:00:00+00:00', '--job-id', '4860', '--raw', '--subdir', 'DAGS_FOLDER/dag_with_taskflow_api.py', '--cfg-path', '/tmp/tmp7bdq18n0']
[2024-12-20T10:29:43.617+0000] {standard_task_runner.py:105} INFO - Job 4860: Subtask get_age
[2024-12-20T10:29:43.727+0000] {task_command.py:467} INFO - Running <TaskInstance: dag_with_taskflow_api.get_age scheduled__2024-11-29T00:00:00+00:00 [running]> on host a998b5b3d359
[2024-12-20T10:29:43.941+0000] {taskinstance.py:3132} INFO - Exporting env vars: AIRFLOW_CTX_DAG_OWNER='mateo' AIRFLOW_CTX_DAG_ID='dag_with_taskflow_api' AIRFLOW_CTX_TASK_ID='get_age' AIRFLOW_CTX_EXECUTION_DATE='2024-11-29T00:00:00+00:00' AIRFLOW_CTX_TRY_NUMBER='1' AIRFLOW_CTX_DAG_RUN_ID='scheduled__2024-11-29T00:00:00+00:00'
[2024-12-20T10:29:43.949+0000] {taskinstance.py:731} INFO - ::endgroup::
[2024-12-20T10:29:43.956+0000] {python.py:240} INFO - Done. Returned value was: 19
[2024-12-20T10:29:44.017+0000] {taskinstance.py:340} INFO - ::group::Post task execution logs
[2024-12-20T10:29:44.020+0000] {taskinstance.py:352} INFO - Marking task as SUCCESS. dag_id=dag_with_taskflow_api, task_id=get_age, run_id=scheduled__2024-11-29T00:00:00+00:00, execution_date=20241129T000000, start_date=20241220T102943, end_date=20241220T102944
[2024-12-20T10:29:44.105+0000] {local_task_job_runner.py:266} INFO - Task exited with return code 0
[2024-12-20T10:29:44.139+0000] {taskinstance.py:3895} INFO - 0 downstream tasks scheduled from follow-on schedule check
[2024-12-20T10:29:44.148+0000] {local_task_job_runner.py:245} INFO - ::endgroup::
