[2024-12-19T13:51:17.695+0000] {local_task_job_runner.py:123} INFO - ::group::Pre task execution logs
[2024-12-19T13:51:17.748+0000] {taskinstance.py:2613} INFO - Dependencies all met for dep_context=non-requeueable deps ti=<TaskInstance: dag_with_taskflow_api.get_name scheduled__2024-09-23T00:00:00+00:00 [queued]>
[2024-12-19T13:51:17.764+0000] {taskinstance.py:2613} INFO - Dependencies all met for dep_context=requeueable deps ti=<TaskInstance: dag_with_taskflow_api.get_name scheduled__2024-09-23T00:00:00+00:00 [queued]>
[2024-12-19T13:51:17.765+0000] {taskinstance.py:2866} INFO - Starting attempt 1 of 6
[2024-12-19T13:51:17.840+0000] {taskinstance.py:2889} INFO - Executing <Task(_PythonDecoratedOperator): get_name> on 2024-09-23 00:00:00+00:00
[2024-12-19T13:51:17.889+0000] {logging_mixin.py:190} WARNING - /home/***/.local/lib/python3.12/site-packages/***/task/task_runner/standard_task_runner.py:70 DeprecationWarning: This process (pid=16033) is multi-threaded, use of fork() may lead to deadlocks in the child.
[2024-12-19T13:51:17.897+0000] {standard_task_runner.py:72} INFO - Started process 16051 to run task
[2024-12-19T13:51:17.894+0000] {standard_task_runner.py:104} INFO - Running: ['***', 'tasks', 'run', 'dag_with_taskflow_api', 'get_name', 'scheduled__2024-09-23T00:00:00+00:00', '--job-id', '4337', '--raw', '--subdir', 'DAGS_FOLDER/dag_with_taskflow_api.py', '--cfg-path', '/tmp/tmpwxm_zyaq']
[2024-12-19T13:51:17.910+0000] {standard_task_runner.py:105} INFO - Job 4337: Subtask get_name
[2024-12-19T13:51:18.047+0000] {task_command.py:467} INFO - Running <TaskInstance: dag_with_taskflow_api.get_name scheduled__2024-09-23T00:00:00+00:00 [running]> on host 02d979add40a
[2024-12-19T13:51:18.364+0000] {taskinstance.py:3132} INFO - Exporting env vars: AIRFLOW_CTX_DAG_OWNER='mateo' AIRFLOW_CTX_DAG_ID='dag_with_taskflow_api' AIRFLOW_CTX_TASK_ID='get_name' AIRFLOW_CTX_EXECUTION_DATE='2024-09-23T00:00:00+00:00' AIRFLOW_CTX_TRY_NUMBER='1' AIRFLOW_CTX_DAG_RUN_ID='scheduled__2024-09-23T00:00:00+00:00'
[2024-12-19T13:51:18.368+0000] {taskinstance.py:731} INFO - ::endgroup::
[2024-12-19T13:51:18.376+0000] {python.py:240} INFO - Done. Returned value was: Jerry
[2024-12-19T13:51:18.464+0000] {taskinstance.py:340} INFO - ::group::Post task execution logs
[2024-12-19T13:51:18.467+0000] {taskinstance.py:352} INFO - Marking task as SUCCESS. dag_id=dag_with_taskflow_api, task_id=get_name, run_id=scheduled__2024-09-23T00:00:00+00:00, execution_date=20240923T000000, start_date=20241219T135117, end_date=20241219T135118
[2024-12-19T13:51:18.619+0000] {local_task_job_runner.py:266} INFO - Task exited with return code 0
[2024-12-19T13:51:18.705+0000] {taskinstance.py:3895} INFO - 1 downstream tasks scheduled from follow-on schedule check
[2024-12-19T13:51:18.722+0000] {local_task_job_runner.py:245} INFO - ::endgroup::
[2024-12-20T10:28:53.542+0000] {local_task_job_runner.py:123} INFO - ::group::Pre task execution logs
[2024-12-20T10:28:53.576+0000] {taskinstance.py:2613} INFO - Dependencies all met for dep_context=non-requeueable deps ti=<TaskInstance: dag_with_taskflow_api.get_name scheduled__2024-09-23T00:00:00+00:00 [queued]>
[2024-12-20T10:28:53.594+0000] {taskinstance.py:2613} INFO - Dependencies all met for dep_context=requeueable deps ti=<TaskInstance: dag_with_taskflow_api.get_name scheduled__2024-09-23T00:00:00+00:00 [queued]>
[2024-12-20T10:28:53.598+0000] {taskinstance.py:2866} INFO - Starting attempt 1 of 6
[2024-12-20T10:28:53.645+0000] {taskinstance.py:2889} INFO - Executing <Task(_PythonDecoratedOperator): get_name> on 2024-09-23 00:00:00+00:00
[2024-12-20T10:28:53.673+0000] {standard_task_runner.py:104} INFO - Running: ['***', 'tasks', 'run', 'dag_with_taskflow_api', 'get_name', 'scheduled__2024-09-23T00:00:00+00:00', '--job-id', '4657', '--raw', '--subdir', 'DAGS_FOLDER/dag_with_taskflow_api.py', '--cfg-path', '/tmp/tmp67rh81cj']
[2024-12-20T10:28:53.683+0000] {standard_task_runner.py:105} INFO - Job 4657: Subtask get_name
[2024-12-20T10:28:53.673+0000] {logging_mixin.py:190} WARNING - /home/***/.local/lib/python3.12/site-packages/***/task/task_runner/standard_task_runner.py:70 DeprecationWarning: This process (pid=12657) is multi-threaded, use of fork() may lead to deadlocks in the child.
[2024-12-20T10:28:53.699+0000] {standard_task_runner.py:72} INFO - Started process 12668 to run task
[2024-12-20T10:28:53.811+0000] {task_command.py:467} INFO - Running <TaskInstance: dag_with_taskflow_api.get_name scheduled__2024-09-23T00:00:00+00:00 [running]> on host a998b5b3d359
[2024-12-20T10:28:53.935+0000] {taskinstance.py:3132} INFO - Exporting env vars: AIRFLOW_CTX_DAG_OWNER='mateo' AIRFLOW_CTX_DAG_ID='dag_with_taskflow_api' AIRFLOW_CTX_TASK_ID='get_name' AIRFLOW_CTX_EXECUTION_DATE='2024-09-23T00:00:00+00:00' AIRFLOW_CTX_TRY_NUMBER='1' AIRFLOW_CTX_DAG_RUN_ID='scheduled__2024-09-23T00:00:00+00:00'
[2024-12-20T10:28:53.939+0000] {taskinstance.py:731} INFO - ::endgroup::
[2024-12-20T10:28:53.943+0000] {python.py:240} INFO - Done. Returned value was: Jerry
[2024-12-20T10:28:54.023+0000] {taskinstance.py:340} INFO - ::group::Post task execution logs
[2024-12-20T10:28:54.024+0000] {taskinstance.py:352} INFO - Marking task as SUCCESS. dag_id=dag_with_taskflow_api, task_id=get_name, run_id=scheduled__2024-09-23T00:00:00+00:00, execution_date=20240923T000000, start_date=20241220T102853, end_date=20241220T102854
[2024-12-20T10:28:54.119+0000] {local_task_job_runner.py:266} INFO - Task exited with return code 0
[2024-12-20T10:28:54.133+0000] {local_task_job_runner.py:245} INFO - ::endgroup::
