[2024-12-19T13:51:23.751+0000] {local_task_job_runner.py:123} INFO - ::group::Pre task execution logs
[2024-12-19T13:51:23.774+0000] {taskinstance.py:2613} INFO - Dependencies all met for dep_context=non-requeueable deps ti=<TaskInstance: dag_with_taskflow_api.get_name scheduled__2024-09-29T00:00:00+00:00 [queued]>
[2024-12-19T13:51:23.783+0000] {taskinstance.py:2613} INFO - Dependencies all met for dep_context=requeueable deps ti=<TaskInstance: dag_with_taskflow_api.get_name scheduled__2024-09-29T00:00:00+00:00 [queued]>
[2024-12-19T13:51:23.784+0000] {taskinstance.py:2866} INFO - Starting attempt 1 of 6
[2024-12-19T13:51:23.800+0000] {taskinstance.py:2889} INFO - Executing <Task(_PythonDecoratedOperator): get_name> on 2024-09-29 00:00:00+00:00
[2024-12-19T13:51:23.811+0000] {logging_mixin.py:190} WARNING - /home/***/.local/lib/python3.12/site-packages/***/task/task_runner/standard_task_runner.py:70 DeprecationWarning: This process (pid=16119) is multi-threaded, use of fork() may lead to deadlocks in the child.
[2024-12-19T13:51:23.813+0000] {standard_task_runner.py:72} INFO - Started process 16122 to run task
[2024-12-19T13:51:23.812+0000] {standard_task_runner.py:104} INFO - Running: ['***', 'tasks', 'run', 'dag_with_taskflow_api', 'get_name', 'scheduled__2024-09-29T00:00:00+00:00', '--job-id', '4360', '--raw', '--subdir', 'DAGS_FOLDER/dag_with_taskflow_api.py', '--cfg-path', '/tmp/tmprap5mj9v']
[2024-12-19T13:51:23.815+0000] {standard_task_runner.py:105} INFO - Job 4360: Subtask get_name
[2024-12-19T13:51:23.878+0000] {task_command.py:467} INFO - Running <TaskInstance: dag_with_taskflow_api.get_name scheduled__2024-09-29T00:00:00+00:00 [running]> on host 02d979add40a
[2024-12-19T13:51:23.978+0000] {taskinstance.py:3132} INFO - Exporting env vars: AIRFLOW_CTX_DAG_OWNER='mateo' AIRFLOW_CTX_DAG_ID='dag_with_taskflow_api' AIRFLOW_CTX_TASK_ID='get_name' AIRFLOW_CTX_EXECUTION_DATE='2024-09-29T00:00:00+00:00' AIRFLOW_CTX_TRY_NUMBER='1' AIRFLOW_CTX_DAG_RUN_ID='scheduled__2024-09-29T00:00:00+00:00'
[2024-12-19T13:51:23.981+0000] {taskinstance.py:731} INFO - ::endgroup::
[2024-12-19T13:51:23.985+0000] {python.py:240} INFO - Done. Returned value was: Jerry
[2024-12-19T13:51:24.007+0000] {taskinstance.py:340} INFO - ::group::Post task execution logs
[2024-12-19T13:51:24.008+0000] {taskinstance.py:352} INFO - Marking task as SUCCESS. dag_id=dag_with_taskflow_api, task_id=get_name, run_id=scheduled__2024-09-29T00:00:00+00:00, execution_date=20240929T000000, start_date=20241219T135123, end_date=20241219T135124
[2024-12-19T13:51:24.034+0000] {local_task_job_runner.py:266} INFO - Task exited with return code 0
[2024-12-19T13:51:24.044+0000] {local_task_job_runner.py:245} INFO - ::endgroup::
[2024-12-20T10:28:59.144+0000] {local_task_job_runner.py:123} INFO - ::group::Pre task execution logs
[2024-12-20T10:28:59.167+0000] {taskinstance.py:2613} INFO - Dependencies all met for dep_context=non-requeueable deps ti=<TaskInstance: dag_with_taskflow_api.get_name scheduled__2024-09-29T00:00:00+00:00 [queued]>
[2024-12-20T10:28:59.180+0000] {taskinstance.py:2613} INFO - Dependencies all met for dep_context=requeueable deps ti=<TaskInstance: dag_with_taskflow_api.get_name scheduled__2024-09-29T00:00:00+00:00 [queued]>
[2024-12-20T10:28:59.181+0000] {taskinstance.py:2866} INFO - Starting attempt 1 of 6
[2024-12-20T10:28:59.334+0000] {taskinstance.py:2889} INFO - Executing <Task(_PythonDecoratedOperator): get_name> on 2024-09-29 00:00:00+00:00
[2024-12-20T10:28:59.349+0000] {logging_mixin.py:190} WARNING - /home/***/.local/lib/python3.12/site-packages/***/task/task_runner/standard_task_runner.py:70 DeprecationWarning: This process (pid=12723) is multi-threaded, use of fork() may lead to deadlocks in the child.
[2024-12-20T10:28:59.349+0000] {standard_task_runner.py:104} INFO - Running: ['***', 'tasks', 'run', 'dag_with_taskflow_api', 'get_name', 'scheduled__2024-09-29T00:00:00+00:00', '--job-id', '4677', '--raw', '--subdir', 'DAGS_FOLDER/dag_with_taskflow_api.py', '--cfg-path', '/tmp/tmpv_blj6s9']
[2024-12-20T10:28:59.354+0000] {standard_task_runner.py:72} INFO - Started process 12727 to run task
[2024-12-20T10:28:59.356+0000] {standard_task_runner.py:105} INFO - Job 4677: Subtask get_name
[2024-12-20T10:28:59.466+0000] {task_command.py:467} INFO - Running <TaskInstance: dag_with_taskflow_api.get_name scheduled__2024-09-29T00:00:00+00:00 [running]> on host a998b5b3d359
[2024-12-20T10:28:59.595+0000] {taskinstance.py:3132} INFO - Exporting env vars: AIRFLOW_CTX_DAG_OWNER='mateo' AIRFLOW_CTX_DAG_ID='dag_with_taskflow_api' AIRFLOW_CTX_TASK_ID='get_name' AIRFLOW_CTX_EXECUTION_DATE='2024-09-29T00:00:00+00:00' AIRFLOW_CTX_TRY_NUMBER='1' AIRFLOW_CTX_DAG_RUN_ID='scheduled__2024-09-29T00:00:00+00:00'
[2024-12-20T10:28:59.600+0000] {taskinstance.py:731} INFO - ::endgroup::
[2024-12-20T10:28:59.604+0000] {python.py:240} INFO - Done. Returned value was: Jerry
[2024-12-20T10:28:59.644+0000] {taskinstance.py:340} INFO - ::group::Post task execution logs
[2024-12-20T10:28:59.645+0000] {taskinstance.py:352} INFO - Marking task as SUCCESS. dag_id=dag_with_taskflow_api, task_id=get_name, run_id=scheduled__2024-09-29T00:00:00+00:00, execution_date=20240929T000000, start_date=20241220T102859, end_date=20241220T102859
[2024-12-20T10:28:59.698+0000] {local_task_job_runner.py:266} INFO - Task exited with return code 0
[2024-12-20T10:28:59.729+0000] {taskinstance.py:3895} INFO - 1 downstream tasks scheduled from follow-on schedule check
[2024-12-20T10:28:59.738+0000] {local_task_job_runner.py:245} INFO - ::endgroup::
