[2024-12-19T13:52:23.985+0000] {local_task_job_runner.py:123} INFO - ::group::Pre task execution logs
[2024-12-19T13:52:24.027+0000] {taskinstance.py:2613} INFO - Dependencies all met for dep_context=non-requeueable deps ti=<TaskInstance: dag_with_taskflow_api.greet scheduled__2024-12-14T00:00:00+00:00 [queued]>
[2024-12-19T13:52:24.046+0000] {taskinstance.py:2613} INFO - Dependencies all met for dep_context=requeueable deps ti=<TaskInstance: dag_with_taskflow_api.greet scheduled__2024-12-14T00:00:00+00:00 [queued]>
[2024-12-19T13:52:24.047+0000] {taskinstance.py:2866} INFO - Starting attempt 1 of 6
[2024-12-19T13:52:24.086+0000] {taskinstance.py:2889} INFO - Executing <Task(_PythonDecoratedOperator): greet> on 2024-12-14 00:00:00+00:00
[2024-12-19T13:52:24.106+0000] {logging_mixin.py:190} WARNING - /home/***/.local/lib/python3.12/site-packages/***/task/task_runner/standard_task_runner.py:70 DeprecationWarning: This process (pid=16872) is multi-threaded, use of fork() may lead to deadlocks in the child.
[2024-12-19T13:52:24.112+0000] {standard_task_runner.py:72} INFO - Started process 16884 to run task
[2024-12-19T13:52:24.105+0000] {standard_task_runner.py:104} INFO - Running: ['***', 'tasks', 'run', 'dag_with_taskflow_api', 'greet', 'scheduled__2024-12-14T00:00:00+00:00', '--job-id', '4596', '--raw', '--subdir', 'DAGS_FOLDER/dag_with_taskflow_api.py', '--cfg-path', '/tmp/tmpn6f1du4t']
[2024-12-19T13:52:24.121+0000] {standard_task_runner.py:105} INFO - Job 4596: Subtask greet
[2024-12-19T13:52:24.299+0000] {task_command.py:467} INFO - Running <TaskInstance: dag_with_taskflow_api.greet scheduled__2024-12-14T00:00:00+00:00 [running]> on host 02d979add40a
[2024-12-19T13:52:24.574+0000] {taskinstance.py:3132} INFO - Exporting env vars: AIRFLOW_CTX_DAG_OWNER='mateo' AIRFLOW_CTX_DAG_ID='dag_with_taskflow_api' AIRFLOW_CTX_TASK_ID='greet' AIRFLOW_CTX_EXECUTION_DATE='2024-12-14T00:00:00+00:00' AIRFLOW_CTX_TRY_NUMBER='1' AIRFLOW_CTX_DAG_RUN_ID='scheduled__2024-12-14T00:00:00+00:00'
[2024-12-19T13:52:24.576+0000] {taskinstance.py:731} INFO - ::endgroup::
[2024-12-19T13:52:24.583+0000] {logging_mixin.py:190} INFO - My name is Jerry. I am 19 years old.
[2024-12-19T13:52:24.585+0000] {python.py:240} INFO - Done. Returned value was: None
[2024-12-19T13:52:24.600+0000] {taskinstance.py:340} INFO - ::group::Post task execution logs
[2024-12-19T13:52:24.605+0000] {taskinstance.py:352} INFO - Marking task as SUCCESS. dag_id=dag_with_taskflow_api, task_id=greet, run_id=scheduled__2024-12-14T00:00:00+00:00, execution_date=20241214T000000, start_date=20241219T135224, end_date=20241219T135224
[2024-12-19T13:52:24.671+0000] {local_task_job_runner.py:266} INFO - Task exited with return code 0
[2024-12-19T13:52:24.697+0000] {taskinstance.py:3895} INFO - 0 downstream tasks scheduled from follow-on schedule check
[2024-12-19T13:52:24.699+0000] {local_task_job_runner.py:245} INFO - ::endgroup::
[2024-12-20T10:29:55.803+0000] {local_task_job_runner.py:123} INFO - ::group::Pre task execution logs
[2024-12-20T10:29:55.825+0000] {taskinstance.py:2613} INFO - Dependencies all met for dep_context=non-requeueable deps ti=<TaskInstance: dag_with_taskflow_api.greet scheduled__2024-12-14T00:00:00+00:00 [queued]>
[2024-12-20T10:29:55.845+0000] {taskinstance.py:2613} INFO - Dependencies all met for dep_context=requeueable deps ti=<TaskInstance: dag_with_taskflow_api.greet scheduled__2024-12-14T00:00:00+00:00 [queued]>
[2024-12-20T10:29:55.847+0000] {taskinstance.py:2866} INFO - Starting attempt 1 of 6
[2024-12-20T10:29:55.864+0000] {taskinstance.py:2889} INFO - Executing <Task(_PythonDecoratedOperator): greet> on 2024-12-14 00:00:00+00:00
[2024-12-20T10:29:55.873+0000] {logging_mixin.py:190} WARNING - /home/***/.local/lib/python3.12/site-packages/***/task/task_runner/standard_task_runner.py:70 DeprecationWarning: This process (pid=13493) is multi-threaded, use of fork() may lead to deadlocks in the child.
[2024-12-20T10:29:55.874+0000] {standard_task_runner.py:104} INFO - Running: ['***', 'tasks', 'run', 'dag_with_taskflow_api', 'greet', 'scheduled__2024-12-14T00:00:00+00:00', '--job-id', '4910', '--raw', '--subdir', 'DAGS_FOLDER/dag_with_taskflow_api.py', '--cfg-path', '/tmp/tmp1pyzhk4f']
[2024-12-20T10:29:55.876+0000] {standard_task_runner.py:72} INFO - Started process 13499 to run task
[2024-12-20T10:29:55.878+0000] {standard_task_runner.py:105} INFO - Job 4910: Subtask greet
[2024-12-20T10:29:55.936+0000] {task_command.py:467} INFO - Running <TaskInstance: dag_with_taskflow_api.greet scheduled__2024-12-14T00:00:00+00:00 [running]> on host a998b5b3d359
[2024-12-20T10:29:56.043+0000] {taskinstance.py:3132} INFO - Exporting env vars: AIRFLOW_CTX_DAG_OWNER='mateo' AIRFLOW_CTX_DAG_ID='dag_with_taskflow_api' AIRFLOW_CTX_TASK_ID='greet' AIRFLOW_CTX_EXECUTION_DATE='2024-12-14T00:00:00+00:00' AIRFLOW_CTX_TRY_NUMBER='1' AIRFLOW_CTX_DAG_RUN_ID='scheduled__2024-12-14T00:00:00+00:00'
[2024-12-20T10:29:56.046+0000] {taskinstance.py:731} INFO - ::endgroup::
[2024-12-20T10:29:56.049+0000] {logging_mixin.py:190} INFO - My name is Jerry. I am 19 years old.
[2024-12-20T10:29:56.050+0000] {python.py:240} INFO - Done. Returned value was: None
[2024-12-20T10:29:56.061+0000] {taskinstance.py:340} INFO - ::group::Post task execution logs
[2024-12-20T10:29:56.063+0000] {taskinstance.py:352} INFO - Marking task as SUCCESS. dag_id=dag_with_taskflow_api, task_id=greet, run_id=scheduled__2024-12-14T00:00:00+00:00, execution_date=20241214T000000, start_date=20241220T102955, end_date=20241220T102956
[2024-12-20T10:29:56.094+0000] {local_task_job_runner.py:266} INFO - Task exited with return code 0
[2024-12-20T10:29:56.112+0000] {taskinstance.py:3895} INFO - 0 downstream tasks scheduled from follow-on schedule check
[2024-12-20T10:29:56.116+0000] {local_task_job_runner.py:245} INFO - ::endgroup::
