[2024-12-19T13:51:16.782+0000] {local_task_job_runner.py:123} INFO - ::group::Pre task execution logs
[2024-12-19T13:51:16.844+0000] {taskinstance.py:2613} INFO - Dependencies all met for dep_context=non-requeueable deps ti=<TaskInstance: dag_with_taskflow_api.get_age scheduled__2024-09-21T00:00:00+00:00 [queued]>
[2024-12-19T13:51:16.865+0000] {taskinstance.py:2613} INFO - Dependencies all met for dep_context=requeueable deps ti=<TaskInstance: dag_with_taskflow_api.get_age scheduled__2024-09-21T00:00:00+00:00 [queued]>
[2024-12-19T13:51:16.867+0000] {taskinstance.py:2866} INFO - Starting attempt 1 of 6
[2024-12-19T13:51:16.900+0000] {taskinstance.py:2889} INFO - Executing <Task(_PythonDecoratedOperator): get_age> on 2024-09-21 00:00:00+00:00
[2024-12-19T13:51:16.935+0000] {logging_mixin.py:190} WARNING - /home/***/.local/lib/python3.12/site-packages/***/task/task_runner/standard_task_runner.py:70 DeprecationWarning: This process (pid=16022) is multi-threaded, use of fork() may lead to deadlocks in the child.
[2024-12-19T13:51:16.941+0000] {standard_task_runner.py:72} INFO - Started process 16037 to run task
[2024-12-19T13:51:16.959+0000] {standard_task_runner.py:104} INFO - Running: ['***', 'tasks', 'run', 'dag_with_taskflow_api', 'get_age', 'scheduled__2024-09-21T00:00:00+00:00', '--job-id', '4332', '--raw', '--subdir', 'DAGS_FOLDER/dag_with_taskflow_api.py', '--cfg-path', '/tmp/tmpb9kslikj']
[2024-12-19T13:51:16.993+0000] {standard_task_runner.py:105} INFO - Job 4332: Subtask get_age
[2024-12-19T13:51:17.148+0000] {task_command.py:467} INFO - Running <TaskInstance: dag_with_taskflow_api.get_age scheduled__2024-09-21T00:00:00+00:00 [running]> on host 02d979add40a
[2024-12-19T13:51:17.536+0000] {taskinstance.py:3132} INFO - Exporting env vars: AIRFLOW_CTX_DAG_OWNER='mateo' AIRFLOW_CTX_DAG_ID='dag_with_taskflow_api' AIRFLOW_CTX_TASK_ID='get_age' AIRFLOW_CTX_EXECUTION_DATE='2024-09-21T00:00:00+00:00' AIRFLOW_CTX_TRY_NUMBER='1' AIRFLOW_CTX_DAG_RUN_ID='scheduled__2024-09-21T00:00:00+00:00'
[2024-12-19T13:51:17.541+0000] {taskinstance.py:731} INFO - ::endgroup::
[2024-12-19T13:51:17.545+0000] {python.py:240} INFO - Done. Returned value was: 19
[2024-12-19T13:51:17.604+0000] {taskinstance.py:340} INFO - ::group::Post task execution logs
[2024-12-19T13:51:17.605+0000] {taskinstance.py:352} INFO - Marking task as SUCCESS. dag_id=dag_with_taskflow_api, task_id=get_age, run_id=scheduled__2024-09-21T00:00:00+00:00, execution_date=20240921T000000, start_date=20241219T135116, end_date=20241219T135117
[2024-12-19T13:51:17.704+0000] {local_task_job_runner.py:266} INFO - Task exited with return code 0
[2024-12-19T13:51:17.735+0000] {local_task_job_runner.py:245} INFO - ::endgroup::
[2024-12-20T10:28:52.951+0000] {local_task_job_runner.py:123} INFO - ::group::Pre task execution logs
[2024-12-20T10:28:52.972+0000] {taskinstance.py:2613} INFO - Dependencies all met for dep_context=non-requeueable deps ti=<TaskInstance: dag_with_taskflow_api.get_age scheduled__2024-09-21T00:00:00+00:00 [queued]>
[2024-12-20T10:28:52.984+0000] {taskinstance.py:2613} INFO - Dependencies all met for dep_context=requeueable deps ti=<TaskInstance: dag_with_taskflow_api.get_age scheduled__2024-09-21T00:00:00+00:00 [queued]>
[2024-12-20T10:28:52.987+0000] {taskinstance.py:2866} INFO - Starting attempt 1 of 6
[2024-12-20T10:28:53.160+0000] {taskinstance.py:2889} INFO - Executing <Task(_PythonDecoratedOperator): get_age> on 2024-09-21 00:00:00+00:00
[2024-12-20T10:28:53.174+0000] {logging_mixin.py:190} WARNING - /home/***/.local/lib/python3.12/site-packages/***/task/task_runner/standard_task_runner.py:70 DeprecationWarning: This process (pid=12651) is multi-threaded, use of fork() may lead to deadlocks in the child.
[2024-12-20T10:28:53.180+0000] {standard_task_runner.py:72} INFO - Started process 12655 to run task
[2024-12-20T10:28:53.181+0000] {standard_task_runner.py:104} INFO - Running: ['***', 'tasks', 'run', 'dag_with_taskflow_api', 'get_age', 'scheduled__2024-09-21T00:00:00+00:00', '--job-id', '4653', '--raw', '--subdir', 'DAGS_FOLDER/dag_with_taskflow_api.py', '--cfg-path', '/tmp/tmp8ljsybhz']
[2024-12-20T10:28:53.192+0000] {standard_task_runner.py:105} INFO - Job 4653: Subtask get_age
[2024-12-20T10:28:53.273+0000] {task_command.py:467} INFO - Running <TaskInstance: dag_with_taskflow_api.get_age scheduled__2024-09-21T00:00:00+00:00 [running]> on host a998b5b3d359
[2024-12-20T10:28:53.432+0000] {taskinstance.py:3132} INFO - Exporting env vars: AIRFLOW_CTX_DAG_OWNER='mateo' AIRFLOW_CTX_DAG_ID='dag_with_taskflow_api' AIRFLOW_CTX_TASK_ID='get_age' AIRFLOW_CTX_EXECUTION_DATE='2024-09-21T00:00:00+00:00' AIRFLOW_CTX_TRY_NUMBER='1' AIRFLOW_CTX_DAG_RUN_ID='scheduled__2024-09-21T00:00:00+00:00'
[2024-12-20T10:28:53.436+0000] {taskinstance.py:731} INFO - ::endgroup::
[2024-12-20T10:28:53.441+0000] {python.py:240} INFO - Done. Returned value was: 19
[2024-12-20T10:28:53.485+0000] {taskinstance.py:340} INFO - ::group::Post task execution logs
[2024-12-20T10:28:53.489+0000] {taskinstance.py:352} INFO - Marking task as SUCCESS. dag_id=dag_with_taskflow_api, task_id=get_age, run_id=scheduled__2024-09-21T00:00:00+00:00, execution_date=20240921T000000, start_date=20241220T102852, end_date=20241220T102853
[2024-12-20T10:28:53.562+0000] {local_task_job_runner.py:266} INFO - Task exited with return code 0
[2024-12-20T10:28:53.590+0000] {local_task_job_runner.py:245} INFO - ::endgroup::
