[2024-12-19T13:52:21.937+0000] {local_task_job_runner.py:123} INFO - ::group::Pre task execution logs
[2024-12-19T13:52:22.012+0000] {taskinstance.py:2613} INFO - Dependencies all met for dep_context=non-requeueable deps ti=<TaskInstance: dag_with_taskflow_api.get_age scheduled__2024-12-14T00:00:00+00:00 [queued]>
[2024-12-19T13:52:22.085+0000] {taskinstance.py:2613} INFO - Dependencies all met for dep_context=requeueable deps ti=<TaskInstance: dag_with_taskflow_api.get_age scheduled__2024-12-14T00:00:00+00:00 [queued]>
[2024-12-19T13:52:22.086+0000] {taskinstance.py:2866} INFO - Starting attempt 1 of 6
[2024-12-19T13:52:22.156+0000] {taskinstance.py:2889} INFO - Executing <Task(_PythonDecoratedOperator): get_age> on 2024-12-14 00:00:00+00:00
[2024-12-19T13:52:22.174+0000] {logging_mixin.py:190} WARNING - /home/***/.local/lib/python3.12/site-packages/***/task/task_runner/standard_task_runner.py:70 DeprecationWarning: This process (pid=16833) is multi-threaded, use of fork() may lead to deadlocks in the child.
[2024-12-19T13:52:22.178+0000] {standard_task_runner.py:72} INFO - Started process 16851 to run task
[2024-12-19T13:52:22.183+0000] {standard_task_runner.py:104} INFO - Running: ['***', 'tasks', 'run', 'dag_with_taskflow_api', 'get_age', 'scheduled__2024-12-14T00:00:00+00:00', '--job-id', '4586', '--raw', '--subdir', 'DAGS_FOLDER/dag_with_taskflow_api.py', '--cfg-path', '/tmp/tmp2g9ejzmk']
[2024-12-19T13:52:22.203+0000] {standard_task_runner.py:105} INFO - Job 4586: Subtask get_age
[2024-12-19T13:52:22.396+0000] {task_command.py:467} INFO - Running <TaskInstance: dag_with_taskflow_api.get_age scheduled__2024-12-14T00:00:00+00:00 [running]> on host 02d979add40a
[2024-12-19T13:52:22.920+0000] {taskinstance.py:3132} INFO - Exporting env vars: AIRFLOW_CTX_DAG_OWNER='mateo' AIRFLOW_CTX_DAG_ID='dag_with_taskflow_api' AIRFLOW_CTX_TASK_ID='get_age' AIRFLOW_CTX_EXECUTION_DATE='2024-12-14T00:00:00+00:00' AIRFLOW_CTX_TRY_NUMBER='1' AIRFLOW_CTX_DAG_RUN_ID='scheduled__2024-12-14T00:00:00+00:00'
[2024-12-19T13:52:22.926+0000] {taskinstance.py:731} INFO - ::endgroup::
[2024-12-19T13:52:22.934+0000] {python.py:240} INFO - Done. Returned value was: 19
[2024-12-19T13:52:23.014+0000] {taskinstance.py:340} INFO - ::group::Post task execution logs
[2024-12-19T13:52:23.016+0000] {taskinstance.py:352} INFO - Marking task as SUCCESS. dag_id=dag_with_taskflow_api, task_id=get_age, run_id=scheduled__2024-12-14T00:00:00+00:00, execution_date=20241214T000000, start_date=20241219T135222, end_date=20241219T135223
[2024-12-19T13:52:23.113+0000] {local_task_job_runner.py:266} INFO - Task exited with return code 0
[2024-12-19T13:52:23.148+0000] {local_task_job_runner.py:245} INFO - ::endgroup::
[2024-12-20T10:29:54.473+0000] {local_task_job_runner.py:123} INFO - ::group::Pre task execution logs
[2024-12-20T10:29:54.509+0000] {taskinstance.py:2613} INFO - Dependencies all met for dep_context=non-requeueable deps ti=<TaskInstance: dag_with_taskflow_api.get_age scheduled__2024-12-14T00:00:00+00:00 [queued]>
[2024-12-20T10:29:54.540+0000] {taskinstance.py:2613} INFO - Dependencies all met for dep_context=requeueable deps ti=<TaskInstance: dag_with_taskflow_api.get_age scheduled__2024-12-14T00:00:00+00:00 [queued]>
[2024-12-20T10:29:54.544+0000] {taskinstance.py:2866} INFO - Starting attempt 1 of 6
[2024-12-20T10:29:54.729+0000] {taskinstance.py:2889} INFO - Executing <Task(_PythonDecoratedOperator): get_age> on 2024-12-14 00:00:00+00:00
[2024-12-20T10:29:54.754+0000] {logging_mixin.py:190} WARNING - /home/***/.local/lib/python3.12/site-packages/***/task/task_runner/standard_task_runner.py:70 DeprecationWarning: This process (pid=13462) is multi-threaded, use of fork() may lead to deadlocks in the child.
[2024-12-20T10:29:54.760+0000] {standard_task_runner.py:104} INFO - Running: ['***', 'tasks', 'run', 'dag_with_taskflow_api', 'get_age', 'scheduled__2024-12-14T00:00:00+00:00', '--job-id', '4901', '--raw', '--subdir', 'DAGS_FOLDER/dag_with_taskflow_api.py', '--cfg-path', '/tmp/tmpjy_eiltk']
[2024-12-20T10:29:54.766+0000] {standard_task_runner.py:105} INFO - Job 4901: Subtask get_age
[2024-12-20T10:29:54.761+0000] {standard_task_runner.py:72} INFO - Started process 13477 to run task
[2024-12-20T10:29:54.883+0000] {task_command.py:467} INFO - Running <TaskInstance: dag_with_taskflow_api.get_age scheduled__2024-12-14T00:00:00+00:00 [running]> on host a998b5b3d359
[2024-12-20T10:29:55.116+0000] {taskinstance.py:3132} INFO - Exporting env vars: AIRFLOW_CTX_DAG_OWNER='mateo' AIRFLOW_CTX_DAG_ID='dag_with_taskflow_api' AIRFLOW_CTX_TASK_ID='get_age' AIRFLOW_CTX_EXECUTION_DATE='2024-12-14T00:00:00+00:00' AIRFLOW_CTX_TRY_NUMBER='1' AIRFLOW_CTX_DAG_RUN_ID='scheduled__2024-12-14T00:00:00+00:00'
[2024-12-20T10:29:55.127+0000] {taskinstance.py:731} INFO - ::endgroup::
[2024-12-20T10:29:55.133+0000] {python.py:240} INFO - Done. Returned value was: 19
[2024-12-20T10:29:55.215+0000] {taskinstance.py:340} INFO - ::group::Post task execution logs
[2024-12-20T10:29:55.220+0000] {taskinstance.py:352} INFO - Marking task as SUCCESS. dag_id=dag_with_taskflow_api, task_id=get_age, run_id=scheduled__2024-12-14T00:00:00+00:00, execution_date=20241214T000000, start_date=20241220T102954, end_date=20241220T102955
[2024-12-20T10:29:55.318+0000] {local_task_job_runner.py:266} INFO - Task exited with return code 0
[2024-12-20T10:29:55.355+0000] {taskinstance.py:3895} INFO - 0 downstream tasks scheduled from follow-on schedule check
[2024-12-20T10:29:55.360+0000] {local_task_job_runner.py:245} INFO - ::endgroup::
