[2024-12-19T13:51:09.860+0000] {local_task_job_runner.py:123} INFO - ::group::Pre task execution logs
[2024-12-19T13:51:09.942+0000] {taskinstance.py:2613} INFO - Dependencies all met for dep_context=non-requeueable deps ti=<TaskInstance: dag_with_taskflow_api.get_age scheduled__2024-09-14T00:00:00+00:00 [queued]>
[2024-12-19T13:51:09.974+0000] {taskinstance.py:2613} INFO - Dependencies all met for dep_context=requeueable deps ti=<TaskInstance: dag_with_taskflow_api.get_age scheduled__2024-09-14T00:00:00+00:00 [queued]>
[2024-12-19T13:51:09.975+0000] {taskinstance.py:2866} INFO - Starting attempt 1 of 6
[2024-12-19T13:51:10.166+0000] {taskinstance.py:2889} INFO - Executing <Task(_PythonDecoratedOperator): get_age> on 2024-09-14 00:00:00+00:00
[2024-12-19T13:51:10.207+0000] {standard_task_runner.py:104} INFO - Running: ['***', 'tasks', 'run', 'dag_with_taskflow_api', 'get_age', 'scheduled__2024-09-14T00:00:00+00:00', '--job-id', '4312', '--raw', '--subdir', 'DAGS_FOLDER/dag_with_taskflow_api.py', '--cfg-path', '/tmp/tmpcnq2yxw1']
[2024-12-19T13:51:10.220+0000] {standard_task_runner.py:105} INFO - Job 4312: Subtask get_age
[2024-12-19T13:51:10.236+0000] {logging_mixin.py:190} WARNING - /home/***/.local/lib/python3.12/site-packages/***/task/task_runner/standard_task_runner.py:70 DeprecationWarning: This process (pid=15939) is multi-threaded, use of fork() may lead to deadlocks in the child.
[2024-12-19T13:51:10.238+0000] {standard_task_runner.py:72} INFO - Started process 15957 to run task
[2024-12-19T13:51:10.401+0000] {task_command.py:467} INFO - Running <TaskInstance: dag_with_taskflow_api.get_age scheduled__2024-09-14T00:00:00+00:00 [running]> on host 02d979add40a
[2024-12-19T13:51:10.658+0000] {taskinstance.py:3132} INFO - Exporting env vars: AIRFLOW_CTX_DAG_OWNER='mateo' AIRFLOW_CTX_DAG_ID='dag_with_taskflow_api' AIRFLOW_CTX_TASK_ID='get_age' AIRFLOW_CTX_EXECUTION_DATE='2024-09-14T00:00:00+00:00' AIRFLOW_CTX_TRY_NUMBER='1' AIRFLOW_CTX_DAG_RUN_ID='scheduled__2024-09-14T00:00:00+00:00'
[2024-12-19T13:51:10.660+0000] {taskinstance.py:731} INFO - ::endgroup::
[2024-12-19T13:51:10.668+0000] {python.py:240} INFO - Done. Returned value was: 19
[2024-12-19T13:51:10.729+0000] {taskinstance.py:340} INFO - ::group::Post task execution logs
[2024-12-19T13:51:10.730+0000] {taskinstance.py:352} INFO - Marking task as SUCCESS. dag_id=dag_with_taskflow_api, task_id=get_age, run_id=scheduled__2024-09-14T00:00:00+00:00, execution_date=20240914T000000, start_date=20241219T135109, end_date=20241219T135110
[2024-12-19T13:51:10.863+0000] {local_task_job_runner.py:266} INFO - Task exited with return code 0
[2024-12-19T13:51:10.897+0000] {local_task_job_runner.py:245} INFO - ::endgroup::
[2024-12-20T10:28:45.479+0000] {local_task_job_runner.py:123} INFO - ::group::Pre task execution logs
[2024-12-20T10:28:45.512+0000] {taskinstance.py:2613} INFO - Dependencies all met for dep_context=non-requeueable deps ti=<TaskInstance: dag_with_taskflow_api.get_age scheduled__2024-09-14T00:00:00+00:00 [queued]>
[2024-12-20T10:28:45.527+0000] {taskinstance.py:2613} INFO - Dependencies all met for dep_context=requeueable deps ti=<TaskInstance: dag_with_taskflow_api.get_age scheduled__2024-09-14T00:00:00+00:00 [queued]>
[2024-12-20T10:28:45.530+0000] {taskinstance.py:2866} INFO - Starting attempt 1 of 6
[2024-12-20T10:28:45.562+0000] {taskinstance.py:2889} INFO - Executing <Task(_PythonDecoratedOperator): get_age> on 2024-09-14 00:00:00+00:00
[2024-12-20T10:28:45.588+0000] {logging_mixin.py:190} WARNING - /home/***/.local/lib/python3.12/site-packages/***/task/task_runner/standard_task_runner.py:70 DeprecationWarning: This process (pid=12572) is multi-threaded, use of fork() may lead to deadlocks in the child.
[2024-12-20T10:28:45.594+0000] {standard_task_runner.py:72} INFO - Started process 12580 to run task
[2024-12-20T10:28:45.592+0000] {standard_task_runner.py:104} INFO - Running: ['***', 'tasks', 'run', 'dag_with_taskflow_api', 'get_age', 'scheduled__2024-09-14T00:00:00+00:00', '--job-id', '4630', '--raw', '--subdir', 'DAGS_FOLDER/dag_with_taskflow_api.py', '--cfg-path', '/tmp/tmppvtqxxk7']
[2024-12-20T10:28:45.606+0000] {standard_task_runner.py:105} INFO - Job 4630: Subtask get_age
[2024-12-20T10:28:45.689+0000] {task_command.py:467} INFO - Running <TaskInstance: dag_with_taskflow_api.get_age scheduled__2024-09-14T00:00:00+00:00 [running]> on host a998b5b3d359
[2024-12-20T10:28:45.804+0000] {taskinstance.py:3132} INFO - Exporting env vars: AIRFLOW_CTX_DAG_OWNER='mateo' AIRFLOW_CTX_DAG_ID='dag_with_taskflow_api' AIRFLOW_CTX_TASK_ID='get_age' AIRFLOW_CTX_EXECUTION_DATE='2024-09-14T00:00:00+00:00' AIRFLOW_CTX_TRY_NUMBER='1' AIRFLOW_CTX_DAG_RUN_ID='scheduled__2024-09-14T00:00:00+00:00'
[2024-12-20T10:28:45.814+0000] {taskinstance.py:731} INFO - ::endgroup::
[2024-12-20T10:28:45.823+0000] {python.py:240} INFO - Done. Returned value was: 19
[2024-12-20T10:28:45.881+0000] {taskinstance.py:340} INFO - ::group::Post task execution logs
[2024-12-20T10:28:45.883+0000] {taskinstance.py:352} INFO - Marking task as SUCCESS. dag_id=dag_with_taskflow_api, task_id=get_age, run_id=scheduled__2024-09-14T00:00:00+00:00, execution_date=20240914T000000, start_date=20241220T102845, end_date=20241220T102845
[2024-12-20T10:28:45.995+0000] {local_task_job_runner.py:266} INFO - Task exited with return code 0
[2024-12-20T10:28:46.021+0000] {local_task_job_runner.py:245} INFO - ::endgroup::
