[2024-12-19T08:47:47.871+0000] {local_task_job_runner.py:123} INFO - ::group::Pre task execution logs
[2024-12-19T08:47:47.890+0000] {taskinstance.py:2613} INFO - Dependencies all met for dep_context=non-requeueable deps ti=<TaskInstance: our_first_dag.first_task scheduled__2021-12-24T00:00:00+00:00 [queued]>
[2024-12-19T08:47:47.901+0000] {taskinstance.py:2613} INFO - Dependencies all met for dep_context=requeueable deps ti=<TaskInstance: our_first_dag.first_task scheduled__2021-12-24T00:00:00+00:00 [queued]>
[2024-12-19T08:47:47.902+0000] {taskinstance.py:2866} INFO - Starting attempt 1 of 6
[2024-12-19T08:47:47.921+0000] {taskinstance.py:2889} INFO - Executing <Task(BashOperator): first_task> on 2021-12-24 00:00:00+00:00
[2024-12-19T08:47:47.933+0000] {logging_mixin.py:190} WARNING - /home/***/.local/lib/python3.12/site-packages/***/task/task_runner/standard_task_runner.py:70 DeprecationWarning: This process (pid=1081) is multi-threaded, use of fork() may lead to deadlocks in the child.
[2024-12-19T08:47:47.933+0000] {standard_task_runner.py:104} INFO - Running: ['***', 'tasks', 'run', 'our_first_dag', 'first_task', 'scheduled__2021-12-24T00:00:00+00:00', '--job-id', '150', '--raw', '--subdir', 'DAGS_FOLDER/our_first_dag.py', '--cfg-path', '/tmp/tmps4snz0v4']
[2024-12-19T08:47:47.936+0000] {standard_task_runner.py:72} INFO - Started process 1087 to run task
[2024-12-19T08:47:47.937+0000] {standard_task_runner.py:105} INFO - Job 150: Subtask first_task
[2024-12-19T08:47:48.015+0000] {task_command.py:467} INFO - Running <TaskInstance: our_first_dag.first_task scheduled__2021-12-24T00:00:00+00:00 [running]> on host 8d142e9c83a7
[2024-12-19T08:47:48.130+0000] {taskinstance.py:3132} INFO - Exporting env vars: AIRFLOW_CTX_DAG_OWNER='mateo' AIRFLOW_CTX_DAG_ID='our_first_dag' AIRFLOW_CTX_TASK_ID='first_task' AIRFLOW_CTX_EXECUTION_DATE='2021-12-24T00:00:00+00:00' AIRFLOW_CTX_TRY_NUMBER='1' AIRFLOW_CTX_DAG_RUN_ID='scheduled__2021-12-24T00:00:00+00:00'
[2024-12-19T08:47:48.131+0000] {taskinstance.py:731} INFO - ::endgroup::
[2024-12-19T08:47:48.169+0000] {subprocess.py:78} INFO - Tmp dir root location: /tmp
[2024-12-19T08:47:48.171+0000] {subprocess.py:88} INFO - Running command: ['/usr/bin/bash', '-c', 'echo hello world, this is the first task']
[2024-12-19T08:47:48.202+0000] {subprocess.py:99} INFO - Output:
[2024-12-19T08:47:48.206+0000] {subprocess.py:106} INFO - hello world, this is the first task
[2024-12-19T08:47:48.207+0000] {subprocess.py:110} INFO - Command exited with return code 0
[2024-12-19T08:47:48.239+0000] {taskinstance.py:340} INFO - ::group::Post task execution logs
[2024-12-19T08:47:48.241+0000] {taskinstance.py:352} INFO - Marking task as SUCCESS. dag_id=our_first_dag, task_id=first_task, run_id=scheduled__2021-12-24T00:00:00+00:00, execution_date=20211224T000000, start_date=20241219T084747, end_date=20241219T084748
[2024-12-19T08:47:48.318+0000] {local_task_job_runner.py:266} INFO - Task exited with return code 0
[2024-12-19T08:47:48.343+0000] {taskinstance.py:3895} INFO - 0 downstream tasks scheduled from follow-on schedule check
[2024-12-19T08:47:48.350+0000] {local_task_job_runner.py:245} INFO - ::endgroup::
