[2024-12-19T13:51:50.013+0000] {local_task_job_runner.py:123} INFO - ::group::Pre task execution logs
[2024-12-19T13:51:50.061+0000] {taskinstance.py:2613} INFO - Dependencies all met for dep_context=non-requeueable deps ti=<TaskInstance: dag_with_taskflow_api.get_name scheduled__2024-10-31T00:00:00+00:00 [queued]>
[2024-12-19T13:51:50.079+0000] {taskinstance.py:2613} INFO - Dependencies all met for dep_context=requeueable deps ti=<TaskInstance: dag_with_taskflow_api.get_name scheduled__2024-10-31T00:00:00+00:00 [queued]>
[2024-12-19T13:51:50.081+0000] {taskinstance.py:2866} INFO - Starting attempt 1 of 6
[2024-12-19T13:51:50.120+0000] {taskinstance.py:2889} INFO - Executing <Task(_PythonDecoratedOperator): get_name> on 2024-10-31 00:00:00+00:00
[2024-12-19T13:51:50.186+0000] {logging_mixin.py:190} WARNING - /home/***/.local/lib/python3.12/site-packages/***/task/task_runner/standard_task_runner.py:70 DeprecationWarning: This process (pid=16408) is multi-threaded, use of fork() may lead to deadlocks in the child.
[2024-12-19T13:51:50.178+0000] {standard_task_runner.py:104} INFO - Running: ['***', 'tasks', 'run', 'dag_with_taskflow_api', 'get_name', 'scheduled__2024-10-31T00:00:00+00:00', '--job-id', '4454', '--raw', '--subdir', 'DAGS_FOLDER/dag_with_taskflow_api.py', '--cfg-path', '/tmp/tmpqw52sitq']
[2024-12-19T13:51:50.196+0000] {standard_task_runner.py:105} INFO - Job 4454: Subtask get_name
[2024-12-19T13:51:50.195+0000] {standard_task_runner.py:72} INFO - Started process 16421 to run task
[2024-12-19T13:51:50.372+0000] {task_command.py:467} INFO - Running <TaskInstance: dag_with_taskflow_api.get_name scheduled__2024-10-31T00:00:00+00:00 [running]> on host 02d979add40a
[2024-12-19T13:51:50.650+0000] {taskinstance.py:3132} INFO - Exporting env vars: AIRFLOW_CTX_DAG_OWNER='mateo' AIRFLOW_CTX_DAG_ID='dag_with_taskflow_api' AIRFLOW_CTX_TASK_ID='get_name' AIRFLOW_CTX_EXECUTION_DATE='2024-10-31T00:00:00+00:00' AIRFLOW_CTX_TRY_NUMBER='1' AIRFLOW_CTX_DAG_RUN_ID='scheduled__2024-10-31T00:00:00+00:00'
[2024-12-19T13:51:50.652+0000] {taskinstance.py:731} INFO - ::endgroup::
[2024-12-19T13:51:50.658+0000] {python.py:240} INFO - Done. Returned value was: Jerry
[2024-12-19T13:51:50.712+0000] {taskinstance.py:340} INFO - ::group::Post task execution logs
[2024-12-19T13:51:50.714+0000] {taskinstance.py:352} INFO - Marking task as SUCCESS. dag_id=dag_with_taskflow_api, task_id=get_name, run_id=scheduled__2024-10-31T00:00:00+00:00, execution_date=20241031T000000, start_date=20241219T135150, end_date=20241219T135150
[2024-12-19T13:51:50.793+0000] {local_task_job_runner.py:266} INFO - Task exited with return code 0
[2024-12-19T13:51:50.837+0000] {taskinstance.py:3895} INFO - 0 downstream tasks scheduled from follow-on schedule check
[2024-12-19T13:51:50.847+0000] {local_task_job_runner.py:245} INFO - ::endgroup::
[2024-12-20T10:29:21.376+0000] {local_task_job_runner.py:123} INFO - ::group::Pre task execution logs
[2024-12-20T10:29:21.422+0000] {taskinstance.py:2613} INFO - Dependencies all met for dep_context=non-requeueable deps ti=<TaskInstance: dag_with_taskflow_api.get_name scheduled__2024-10-31T00:00:00+00:00 [queued]>
[2024-12-20T10:29:21.456+0000] {taskinstance.py:2613} INFO - Dependencies all met for dep_context=requeueable deps ti=<TaskInstance: dag_with_taskflow_api.get_name scheduled__2024-10-31T00:00:00+00:00 [queued]>
[2024-12-20T10:29:21.458+0000] {taskinstance.py:2866} INFO - Starting attempt 1 of 6
[2024-12-20T10:29:21.516+0000] {taskinstance.py:2889} INFO - Executing <Task(_PythonDecoratedOperator): get_name> on 2024-10-31 00:00:00+00:00
[2024-12-20T10:29:21.531+0000] {logging_mixin.py:190} WARNING - /home/***/.local/lib/python3.12/site-packages/***/task/task_runner/standard_task_runner.py:70 DeprecationWarning: This process (pid=13030) is multi-threaded, use of fork() may lead to deadlocks in the child.
[2024-12-20T10:29:21.529+0000] {standard_task_runner.py:104} INFO - Running: ['***', 'tasks', 'run', 'dag_with_taskflow_api', 'get_name', 'scheduled__2024-10-31T00:00:00+00:00', '--job-id', '4771', '--raw', '--subdir', 'DAGS_FOLDER/dag_with_taskflow_api.py', '--cfg-path', '/tmp/tmp21rkak9l']
[2024-12-20T10:29:21.533+0000] {standard_task_runner.py:72} INFO - Started process 13048 to run task
[2024-12-20T10:29:21.541+0000] {standard_task_runner.py:105} INFO - Job 4771: Subtask get_name
[2024-12-20T10:29:21.622+0000] {task_command.py:467} INFO - Running <TaskInstance: dag_with_taskflow_api.get_name scheduled__2024-10-31T00:00:00+00:00 [running]> on host a998b5b3d359
[2024-12-20T10:29:21.753+0000] {taskinstance.py:3132} INFO - Exporting env vars: AIRFLOW_CTX_DAG_OWNER='mateo' AIRFLOW_CTX_DAG_ID='dag_with_taskflow_api' AIRFLOW_CTX_TASK_ID='get_name' AIRFLOW_CTX_EXECUTION_DATE='2024-10-31T00:00:00+00:00' AIRFLOW_CTX_TRY_NUMBER='1' AIRFLOW_CTX_DAG_RUN_ID='scheduled__2024-10-31T00:00:00+00:00'
[2024-12-20T10:29:21.758+0000] {taskinstance.py:731} INFO - ::endgroup::
[2024-12-20T10:29:21.775+0000] {python.py:240} INFO - Done. Returned value was: Jerry
[2024-12-20T10:29:21.814+0000] {taskinstance.py:340} INFO - ::group::Post task execution logs
[2024-12-20T10:29:21.817+0000] {taskinstance.py:352} INFO - Marking task as SUCCESS. dag_id=dag_with_taskflow_api, task_id=get_name, run_id=scheduled__2024-10-31T00:00:00+00:00, execution_date=20241031T000000, start_date=20241220T102921, end_date=20241220T102921
[2024-12-20T10:29:21.852+0000] {local_task_job_runner.py:266} INFO - Task exited with return code 0
[2024-12-20T10:29:21.866+0000] {local_task_job_runner.py:245} INFO - ::endgroup::
