[2024-12-19T13:52:13.395+0000] {local_task_job_runner.py:123} INFO - ::group::Pre task execution logs
[2024-12-19T13:52:13.438+0000] {taskinstance.py:2613} INFO - Dependencies all met for dep_context=non-requeueable deps ti=<TaskInstance: dag_with_taskflow_api.get_age scheduled__2024-12-01T00:00:00+00:00 [queued]>
[2024-12-19T13:52:13.479+0000] {taskinstance.py:2613} INFO - Dependencies all met for dep_context=requeueable deps ti=<TaskInstance: dag_with_taskflow_api.get_age scheduled__2024-12-01T00:00:00+00:00 [queued]>
[2024-12-19T13:52:13.482+0000] {taskinstance.py:2866} INFO - Starting attempt 1 of 6
[2024-12-19T13:52:13.598+0000] {taskinstance.py:2889} INFO - Executing <Task(_PythonDecoratedOperator): get_age> on 2024-12-01 00:00:00+00:00
[2024-12-19T13:52:13.627+0000] {logging_mixin.py:190} WARNING - /home/***/.local/lib/python3.12/site-packages/***/task/task_runner/standard_task_runner.py:70 DeprecationWarning: This process (pid=16709) is multi-threaded, use of fork() may lead to deadlocks in the child.
[2024-12-19T13:52:13.633+0000] {standard_task_runner.py:72} INFO - Started process 16724 to run task
[2024-12-19T13:52:13.614+0000] {standard_task_runner.py:104} INFO - Running: ['***', 'tasks', 'run', 'dag_with_taskflow_api', 'get_age', 'scheduled__2024-12-01T00:00:00+00:00', '--job-id', '4548', '--raw', '--subdir', 'DAGS_FOLDER/dag_with_taskflow_api.py', '--cfg-path', '/tmp/tmpxuajkmff']
[2024-12-19T13:52:13.637+0000] {standard_task_runner.py:105} INFO - Job 4548: Subtask get_age
[2024-12-19T13:52:13.930+0000] {task_command.py:467} INFO - Running <TaskInstance: dag_with_taskflow_api.get_age scheduled__2024-12-01T00:00:00+00:00 [running]> on host 02d979add40a
[2024-12-19T13:52:14.197+0000] {taskinstance.py:3132} INFO - Exporting env vars: AIRFLOW_CTX_DAG_OWNER='mateo' AIRFLOW_CTX_DAG_ID='dag_with_taskflow_api' AIRFLOW_CTX_TASK_ID='get_age' AIRFLOW_CTX_EXECUTION_DATE='2024-12-01T00:00:00+00:00' AIRFLOW_CTX_TRY_NUMBER='1' AIRFLOW_CTX_DAG_RUN_ID='scheduled__2024-12-01T00:00:00+00:00'
[2024-12-19T13:52:14.204+0000] {taskinstance.py:731} INFO - ::endgroup::
[2024-12-19T13:52:14.219+0000] {python.py:240} INFO - Done. Returned value was: 19
[2024-12-19T13:52:14.288+0000] {taskinstance.py:340} INFO - ::group::Post task execution logs
[2024-12-19T13:52:14.290+0000] {taskinstance.py:352} INFO - Marking task as SUCCESS. dag_id=dag_with_taskflow_api, task_id=get_age, run_id=scheduled__2024-12-01T00:00:00+00:00, execution_date=20241201T000000, start_date=20241219T135213, end_date=20241219T135214
[2024-12-19T13:52:14.393+0000] {local_task_job_runner.py:266} INFO - Task exited with return code 0
[2024-12-19T13:52:14.418+0000] {local_task_job_runner.py:245} INFO - ::endgroup::
[2024-12-20T10:29:44.066+0000] {local_task_job_runner.py:123} INFO - ::group::Pre task execution logs
[2024-12-20T10:29:44.094+0000] {taskinstance.py:2613} INFO - Dependencies all met for dep_context=non-requeueable deps ti=<TaskInstance: dag_with_taskflow_api.get_age scheduled__2024-12-01T00:00:00+00:00 [queued]>
[2024-12-20T10:29:44.112+0000] {taskinstance.py:2613} INFO - Dependencies all met for dep_context=requeueable deps ti=<TaskInstance: dag_with_taskflow_api.get_age scheduled__2024-12-01T00:00:00+00:00 [queued]>
[2024-12-20T10:29:44.118+0000] {taskinstance.py:2866} INFO - Starting attempt 1 of 6
[2024-12-20T10:29:44.412+0000] {taskinstance.py:2889} INFO - Executing <Task(_PythonDecoratedOperator): get_age> on 2024-12-01 00:00:00+00:00
[2024-12-20T10:29:44.431+0000] {logging_mixin.py:190} WARNING - /home/***/.local/lib/python3.12/site-packages/***/task/task_runner/standard_task_runner.py:70 DeprecationWarning: This process (pid=13327) is multi-threaded, use of fork() may lead to deadlocks in the child.
[2024-12-20T10:29:44.432+0000] {standard_task_runner.py:104} INFO - Running: ['***', 'tasks', 'run', 'dag_with_taskflow_api', 'get_age', 'scheduled__2024-12-01T00:00:00+00:00', '--job-id', '4863', '--raw', '--subdir', 'DAGS_FOLDER/dag_with_taskflow_api.py', '--cfg-path', '/tmp/tmpmhpa_z0f']
[2024-12-20T10:29:44.440+0000] {standard_task_runner.py:105} INFO - Job 4863: Subtask get_age
[2024-12-20T10:29:44.439+0000] {standard_task_runner.py:72} INFO - Started process 13343 to run task
[2024-12-20T10:29:44.538+0000] {task_command.py:467} INFO - Running <TaskInstance: dag_with_taskflow_api.get_age scheduled__2024-12-01T00:00:00+00:00 [running]> on host a998b5b3d359
[2024-12-20T10:29:44.698+0000] {taskinstance.py:3132} INFO - Exporting env vars: AIRFLOW_CTX_DAG_OWNER='mateo' AIRFLOW_CTX_DAG_ID='dag_with_taskflow_api' AIRFLOW_CTX_TASK_ID='get_age' AIRFLOW_CTX_EXECUTION_DATE='2024-12-01T00:00:00+00:00' AIRFLOW_CTX_TRY_NUMBER='1' AIRFLOW_CTX_DAG_RUN_ID='scheduled__2024-12-01T00:00:00+00:00'
[2024-12-20T10:29:44.701+0000] {taskinstance.py:731} INFO - ::endgroup::
[2024-12-20T10:29:44.704+0000] {python.py:240} INFO - Done. Returned value was: 19
[2024-12-20T10:29:44.755+0000] {taskinstance.py:340} INFO - ::group::Post task execution logs
[2024-12-20T10:29:44.757+0000] {taskinstance.py:352} INFO - Marking task as SUCCESS. dag_id=dag_with_taskflow_api, task_id=get_age, run_id=scheduled__2024-12-01T00:00:00+00:00, execution_date=20241201T000000, start_date=20241220T102944, end_date=20241220T102944
[2024-12-20T10:29:44.834+0000] {local_task_job_runner.py:266} INFO - Task exited with return code 0
[2024-12-20T10:29:44.864+0000] {taskinstance.py:3895} INFO - 0 downstream tasks scheduled from follow-on schedule check
[2024-12-20T10:29:44.869+0000] {local_task_job_runner.py:245} INFO - ::endgroup::
