[2024-12-19T13:52:22.819+0000] {local_task_job_runner.py:123} INFO - ::group::Pre task execution logs
[2024-12-19T13:52:22.903+0000] {taskinstance.py:2613} INFO - Dependencies all met for dep_context=non-requeueable deps ti=<TaskInstance: dag_with_taskflow_api.get_age scheduled__2024-12-16T00:00:00+00:00 [queued]>
[2024-12-19T13:52:22.941+0000] {taskinstance.py:2613} INFO - Dependencies all met for dep_context=requeueable deps ti=<TaskInstance: dag_with_taskflow_api.get_age scheduled__2024-12-16T00:00:00+00:00 [queued]>
[2024-12-19T13:52:22.946+0000] {taskinstance.py:2866} INFO - Starting attempt 1 of 6
[2024-12-19T13:52:22.989+0000] {taskinstance.py:2889} INFO - Executing <Task(_PythonDecoratedOperator): get_age> on 2024-12-16 00:00:00+00:00
[2024-12-19T13:52:23.019+0000] {standard_task_runner.py:104} INFO - Running: ['***', 'tasks', 'run', 'dag_with_taskflow_api', 'get_age', 'scheduled__2024-12-16T00:00:00+00:00', '--job-id', '4590', '--raw', '--subdir', 'DAGS_FOLDER/dag_with_taskflow_api.py', '--cfg-path', '/tmp/tmpqdmv9y11']
[2024-12-19T13:52:23.029+0000] {standard_task_runner.py:105} INFO - Job 4590: Subtask get_age
[2024-12-19T13:52:23.025+0000] {logging_mixin.py:190} WARNING - /home/***/.local/lib/python3.12/site-packages/***/task/task_runner/standard_task_runner.py:70 DeprecationWarning: This process (pid=16845) is multi-threaded, use of fork() may lead to deadlocks in the child.
[2024-12-19T13:52:23.033+0000] {standard_task_runner.py:72} INFO - Started process 16863 to run task
[2024-12-19T13:52:23.214+0000] {task_command.py:467} INFO - Running <TaskInstance: dag_with_taskflow_api.get_age scheduled__2024-12-16T00:00:00+00:00 [running]> on host 02d979add40a
[2024-12-19T13:52:23.497+0000] {taskinstance.py:3132} INFO - Exporting env vars: AIRFLOW_CTX_DAG_OWNER='mateo' AIRFLOW_CTX_DAG_ID='dag_with_taskflow_api' AIRFLOW_CTX_TASK_ID='get_age' AIRFLOW_CTX_EXECUTION_DATE='2024-12-16T00:00:00+00:00' AIRFLOW_CTX_TRY_NUMBER='1' AIRFLOW_CTX_DAG_RUN_ID='scheduled__2024-12-16T00:00:00+00:00'
[2024-12-19T13:52:23.502+0000] {taskinstance.py:731} INFO - ::endgroup::
[2024-12-19T13:52:23.506+0000] {python.py:240} INFO - Done. Returned value was: 19
[2024-12-19T13:52:23.560+0000] {taskinstance.py:340} INFO - ::group::Post task execution logs
[2024-12-19T13:52:23.562+0000] {taskinstance.py:352} INFO - Marking task as SUCCESS. dag_id=dag_with_taskflow_api, task_id=get_age, run_id=scheduled__2024-12-16T00:00:00+00:00, execution_date=20241216T000000, start_date=20241219T135222, end_date=20241219T135223
[2024-12-19T13:52:23.634+0000] {local_task_job_runner.py:266} INFO - Task exited with return code 0
[2024-12-19T13:52:23.707+0000] {local_task_job_runner.py:245} INFO - ::endgroup::
[2024-12-20T10:29:55.261+0000] {local_task_job_runner.py:123} INFO - ::group::Pre task execution logs
[2024-12-20T10:29:55.333+0000] {taskinstance.py:2613} INFO - Dependencies all met for dep_context=non-requeueable deps ti=<TaskInstance: dag_with_taskflow_api.get_age scheduled__2024-12-16T00:00:00+00:00 [queued]>
[2024-12-20T10:29:55.355+0000] {taskinstance.py:2613} INFO - Dependencies all met for dep_context=requeueable deps ti=<TaskInstance: dag_with_taskflow_api.get_age scheduled__2024-12-16T00:00:00+00:00 [queued]>
[2024-12-20T10:29:55.357+0000] {taskinstance.py:2866} INFO - Starting attempt 1 of 6
[2024-12-20T10:29:55.563+0000] {taskinstance.py:2889} INFO - Executing <Task(_PythonDecoratedOperator): get_age> on 2024-12-16 00:00:00+00:00
[2024-12-20T10:29:55.582+0000] {logging_mixin.py:190} WARNING - /home/***/.local/lib/python3.12/site-packages/***/task/task_runner/standard_task_runner.py:70 DeprecationWarning: This process (pid=13479) is multi-threaded, use of fork() may lead to deadlocks in the child.
[2024-12-20T10:29:55.581+0000] {standard_task_runner.py:104} INFO - Running: ['***', 'tasks', 'run', 'dag_with_taskflow_api', 'get_age', 'scheduled__2024-12-16T00:00:00+00:00', '--job-id', '4908', '--raw', '--subdir', 'DAGS_FOLDER/dag_with_taskflow_api.py', '--cfg-path', '/tmp/tmpzlsv074d']
[2024-12-20T10:29:55.585+0000] {standard_task_runner.py:72} INFO - Started process 13494 to run task
[2024-12-20T10:29:55.586+0000] {standard_task_runner.py:105} INFO - Job 4908: Subtask get_age
[2024-12-20T10:29:55.693+0000] {task_command.py:467} INFO - Running <TaskInstance: dag_with_taskflow_api.get_age scheduled__2024-12-16T00:00:00+00:00 [running]> on host a998b5b3d359
[2024-12-20T10:29:55.793+0000] {taskinstance.py:3132} INFO - Exporting env vars: AIRFLOW_CTX_DAG_OWNER='mateo' AIRFLOW_CTX_DAG_ID='dag_with_taskflow_api' AIRFLOW_CTX_TASK_ID='get_age' AIRFLOW_CTX_EXECUTION_DATE='2024-12-16T00:00:00+00:00' AIRFLOW_CTX_TRY_NUMBER='1' AIRFLOW_CTX_DAG_RUN_ID='scheduled__2024-12-16T00:00:00+00:00'
[2024-12-20T10:29:55.795+0000] {taskinstance.py:731} INFO - ::endgroup::
[2024-12-20T10:29:55.799+0000] {python.py:240} INFO - Done. Returned value was: 19
[2024-12-20T10:29:55.822+0000] {taskinstance.py:340} INFO - ::group::Post task execution logs
[2024-12-20T10:29:55.823+0000] {taskinstance.py:352} INFO - Marking task as SUCCESS. dag_id=dag_with_taskflow_api, task_id=get_age, run_id=scheduled__2024-12-16T00:00:00+00:00, execution_date=20241216T000000, start_date=20241220T102955, end_date=20241220T102955
[2024-12-20T10:29:55.886+0000] {local_task_job_runner.py:266} INFO - Task exited with return code 0
[2024-12-20T10:29:55.895+0000] {local_task_job_runner.py:245} INFO - ::endgroup::
