[2024-12-19T08:55:37.175+0000] {local_task_job_runner.py:123} INFO - ::group::Pre task execution logs
[2024-12-19T08:55:37.198+0000] {taskinstance.py:2613} INFO - Dependencies all met for dep_context=non-requeueable deps ti=<TaskInstance: our_first_dag_v2.first_task scheduled__2023-03-28T00:00:00+00:00 [queued]>
[2024-12-19T08:55:37.213+0000] {taskinstance.py:2613} INFO - Dependencies all met for dep_context=requeueable deps ti=<TaskInstance: our_first_dag_v2.first_task scheduled__2023-03-28T00:00:00+00:00 [queued]>
[2024-12-19T08:55:37.214+0000] {taskinstance.py:2866} INFO - Starting attempt 1 of 6
[2024-12-19T08:55:37.270+0000] {taskinstance.py:2889} INFO - Executing <Task(BashOperator): first_task> on 2023-03-28 00:00:00+00:00
[2024-12-19T08:55:37.286+0000] {logging_mixin.py:190} WARNING - /home/***/.local/lib/python3.12/site-packages/***/task/task_runner/standard_task_runner.py:70 DeprecationWarning: This process (pid=6964) is multi-threaded, use of fork() may lead to deadlocks in the child.
[2024-12-19T08:55:37.289+0000] {standard_task_runner.py:72} INFO - Started process 6971 to run task
[2024-12-19T08:55:37.288+0000] {standard_task_runner.py:104} INFO - Running: ['***', 'tasks', 'run', 'our_first_dag_v2', 'first_task', 'scheduled__2023-03-28T00:00:00+00:00', '--job-id', '1568', '--raw', '--subdir', 'DAGS_FOLDER/our_first_dag.py', '--cfg-path', '/tmp/tmp7_p_tjwc']
[2024-12-19T08:55:37.293+0000] {standard_task_runner.py:105} INFO - Job 1568: Subtask first_task
[2024-12-19T08:55:37.352+0000] {task_command.py:467} INFO - Running <TaskInstance: our_first_dag_v2.first_task scheduled__2023-03-28T00:00:00+00:00 [running]> on host 8d142e9c83a7
[2024-12-19T08:55:37.513+0000] {taskinstance.py:3132} INFO - Exporting env vars: AIRFLOW_CTX_DAG_OWNER='mateo' AIRFLOW_CTX_DAG_ID='our_first_dag_v2' AIRFLOW_CTX_TASK_ID='first_task' AIRFLOW_CTX_EXECUTION_DATE='2023-03-28T00:00:00+00:00' AIRFLOW_CTX_TRY_NUMBER='1' AIRFLOW_CTX_DAG_RUN_ID='scheduled__2023-03-28T00:00:00+00:00'
[2024-12-19T08:55:37.518+0000] {taskinstance.py:731} INFO - ::endgroup::
[2024-12-19T08:55:37.543+0000] {subprocess.py:78} INFO - Tmp dir root location: /tmp
[2024-12-19T08:55:37.552+0000] {subprocess.py:88} INFO - Running command: ['/usr/bin/bash', '-c', 'echo hello world, this is the first task']
[2024-12-19T08:55:37.588+0000] {subprocess.py:99} INFO - Output:
[2024-12-19T08:55:37.594+0000] {subprocess.py:106} INFO - hello world, this is the first task
[2024-12-19T08:55:37.605+0000] {subprocess.py:110} INFO - Command exited with return code 0
[2024-12-19T08:55:37.651+0000] {taskinstance.py:340} INFO - ::group::Post task execution logs
[2024-12-19T08:55:37.655+0000] {taskinstance.py:352} INFO - Marking task as SUCCESS. dag_id=our_first_dag_v2, task_id=first_task, run_id=scheduled__2023-03-28T00:00:00+00:00, execution_date=20230328T000000, start_date=20241219T085537, end_date=20241219T085537
[2024-12-19T08:55:37.716+0000] {local_task_job_runner.py:266} INFO - Task exited with return code 0
[2024-12-19T08:55:37.750+0000] {taskinstance.py:3895} INFO - 1 downstream tasks scheduled from follow-on schedule check
[2024-12-19T08:55:37.755+0000] {local_task_job_runner.py:245} INFO - ::endgroup::
