[2024-12-19T09:01:29.671+0000] {local_task_job_runner.py:123} INFO - ::group::Pre task execution logs
[2024-12-19T09:01:29.698+0000] {taskinstance.py:2613} INFO - Dependencies all met for dep_context=non-requeueable deps ti=<TaskInstance: our_first_dag_v2.third_task scheduled__2024-11-08T00:00:00+00:00 [queued]>
[2024-12-19T09:01:29.719+0000] {taskinstance.py:2613} INFO - Dependencies all met for dep_context=requeueable deps ti=<TaskInstance: our_first_dag_v2.third_task scheduled__2024-11-08T00:00:00+00:00 [queued]>
[2024-12-19T09:01:29.721+0000] {taskinstance.py:2866} INFO - Starting attempt 1 of 6
[2024-12-19T09:01:29.765+0000] {taskinstance.py:2889} INFO - Executing <Task(BashOperator): third_task> on 2024-11-08 00:00:00+00:00
[2024-12-19T09:01:29.793+0000] {standard_task_runner.py:104} INFO - Running: ['***', 'tasks', 'run', 'our_first_dag_v2', 'third_task', 'scheduled__2024-11-08T00:00:00+00:00', '--job-id', '3263', '--raw', '--subdir', 'DAGS_FOLDER/our_first_dag.py', '--cfg-path', '/tmp/tmpy6ta7yih']
[2024-12-19T09:01:29.799+0000] {standard_task_runner.py:105} INFO - Job 3263: Subtask third_task
[2024-12-19T09:01:29.799+0000] {logging_mixin.py:190} WARNING - /home/***/.local/lib/python3.12/site-packages/***/task/task_runner/standard_task_runner.py:70 DeprecationWarning: This process (pid=13858) is multi-threaded, use of fork() may lead to deadlocks in the child.
[2024-12-19T09:01:29.822+0000] {standard_task_runner.py:72} INFO - Started process 13871 to run task
[2024-12-19T09:01:29.943+0000] {task_command.py:467} INFO - Running <TaskInstance: our_first_dag_v2.third_task scheduled__2024-11-08T00:00:00+00:00 [running]> on host 8d142e9c83a7
[2024-12-19T09:01:30.244+0000] {taskinstance.py:3132} INFO - Exporting env vars: AIRFLOW_CTX_DAG_OWNER='mateo' AIRFLOW_CTX_DAG_ID='our_first_dag_v2' AIRFLOW_CTX_TASK_ID='third_task' AIRFLOW_CTX_EXECUTION_DATE='2024-11-08T00:00:00+00:00' AIRFLOW_CTX_TRY_NUMBER='1' AIRFLOW_CTX_DAG_RUN_ID='scheduled__2024-11-08T00:00:00+00:00'
[2024-12-19T09:01:30.247+0000] {taskinstance.py:731} INFO - ::endgroup::
[2024-12-19T09:01:30.306+0000] {subprocess.py:78} INFO - Tmp dir root location: /tmp
[2024-12-19T09:01:30.308+0000] {subprocess.py:88} INFO - Running command: ['/usr/bin/bash', '-c', 'echo I am the third task and I will be executed at the same time as the second task.']
[2024-12-19T09:01:30.338+0000] {subprocess.py:99} INFO - Output:
[2024-12-19T09:01:30.343+0000] {subprocess.py:106} INFO - I am the third task and I will be executed at the same time as the second task.
[2024-12-19T09:01:30.344+0000] {subprocess.py:110} INFO - Command exited with return code 0
[2024-12-19T09:01:30.413+0000] {taskinstance.py:340} INFO - ::group::Post task execution logs
[2024-12-19T09:01:30.414+0000] {taskinstance.py:352} INFO - Marking task as SUCCESS. dag_id=our_first_dag_v2, task_id=third_task, run_id=scheduled__2024-11-08T00:00:00+00:00, execution_date=20241108T000000, start_date=20241219T090129, end_date=20241219T090130
[2024-12-19T09:01:30.494+0000] {local_task_job_runner.py:266} INFO - Task exited with return code 0
[2024-12-19T09:01:30.515+0000] {taskinstance.py:3895} INFO - 0 downstream tasks scheduled from follow-on schedule check
[2024-12-19T09:01:30.518+0000] {local_task_job_runner.py:245} INFO - ::endgroup::
