[2024-12-19T13:51:41.508+0000] {local_task_job_runner.py:123} INFO - ::group::Pre task execution logs
[2024-12-19T13:51:41.589+0000] {taskinstance.py:2613} INFO - Dependencies all met for dep_context=non-requeueable deps ti=<TaskInstance: dag_with_taskflow_api.get_name scheduled__2024-10-22T00:00:00+00:00 [queued]>
[2024-12-19T13:51:41.623+0000] {taskinstance.py:2613} INFO - Dependencies all met for dep_context=requeueable deps ti=<TaskInstance: dag_with_taskflow_api.get_name scheduled__2024-10-22T00:00:00+00:00 [queued]>
[2024-12-19T13:51:41.624+0000] {taskinstance.py:2866} INFO - Starting attempt 1 of 6
[2024-12-19T13:51:41.671+0000] {taskinstance.py:2889} INFO - Executing <Task(_PythonDecoratedOperator): get_name> on 2024-10-22 00:00:00+00:00
[2024-12-19T13:51:41.703+0000] {logging_mixin.py:190} WARNING - /home/***/.local/lib/python3.12/site-packages/***/task/task_runner/standard_task_runner.py:70 DeprecationWarning: This process (pid=16306) is multi-threaded, use of fork() may lead to deadlocks in the child.
[2024-12-19T13:51:41.708+0000] {standard_task_runner.py:72} INFO - Started process 16321 to run task
[2024-12-19T13:51:41.731+0000] {standard_task_runner.py:104} INFO - Running: ['***', 'tasks', 'run', 'dag_with_taskflow_api', 'get_name', 'scheduled__2024-10-22T00:00:00+00:00', '--job-id', '4425', '--raw', '--subdir', 'DAGS_FOLDER/dag_with_taskflow_api.py', '--cfg-path', '/tmp/tmp12ntkwol']
[2024-12-19T13:51:41.734+0000] {standard_task_runner.py:105} INFO - Job 4425: Subtask get_name
[2024-12-19T13:51:41.873+0000] {task_command.py:467} INFO - Running <TaskInstance: dag_with_taskflow_api.get_name scheduled__2024-10-22T00:00:00+00:00 [running]> on host 02d979add40a
[2024-12-19T13:51:42.269+0000] {taskinstance.py:3132} INFO - Exporting env vars: AIRFLOW_CTX_DAG_OWNER='mateo' AIRFLOW_CTX_DAG_ID='dag_with_taskflow_api' AIRFLOW_CTX_TASK_ID='get_name' AIRFLOW_CTX_EXECUTION_DATE='2024-10-22T00:00:00+00:00' AIRFLOW_CTX_TRY_NUMBER='1' AIRFLOW_CTX_DAG_RUN_ID='scheduled__2024-10-22T00:00:00+00:00'
[2024-12-19T13:51:42.274+0000] {taskinstance.py:731} INFO - ::endgroup::
[2024-12-19T13:51:42.286+0000] {python.py:240} INFO - Done. Returned value was: Jerry
[2024-12-19T13:51:42.365+0000] {taskinstance.py:340} INFO - ::group::Post task execution logs
[2024-12-19T13:51:42.377+0000] {taskinstance.py:352} INFO - Marking task as SUCCESS. dag_id=dag_with_taskflow_api, task_id=get_name, run_id=scheduled__2024-10-22T00:00:00+00:00, execution_date=20241022T000000, start_date=20241219T135141, end_date=20241219T135142
[2024-12-19T13:51:42.467+0000] {local_task_job_runner.py:266} INFO - Task exited with return code 0
[2024-12-19T13:51:42.499+0000] {local_task_job_runner.py:245} INFO - ::endgroup::
[2024-12-20T10:29:14.271+0000] {local_task_job_runner.py:123} INFO - ::group::Pre task execution logs
[2024-12-20T10:29:14.387+0000] {taskinstance.py:2613} INFO - Dependencies all met for dep_context=non-requeueable deps ti=<TaskInstance: dag_with_taskflow_api.get_name scheduled__2024-10-22T00:00:00+00:00 [queued]>
[2024-12-20T10:29:14.402+0000] {taskinstance.py:2613} INFO - Dependencies all met for dep_context=requeueable deps ti=<TaskInstance: dag_with_taskflow_api.get_name scheduled__2024-10-22T00:00:00+00:00 [queued]>
[2024-12-20T10:29:14.406+0000] {taskinstance.py:2866} INFO - Starting attempt 1 of 6
[2024-12-20T10:29:14.425+0000] {taskinstance.py:2889} INFO - Executing <Task(_PythonDecoratedOperator): get_name> on 2024-10-22 00:00:00+00:00
[2024-12-20T10:29:14.449+0000] {logging_mixin.py:190} WARNING - /home/***/.local/lib/python3.12/site-packages/***/task/task_runner/standard_task_runner.py:70 DeprecationWarning: This process (pid=12931) is multi-threaded, use of fork() may lead to deadlocks in the child.
[2024-12-20T10:29:14.452+0000] {standard_task_runner.py:72} INFO - Started process 12943 to run task
[2024-12-20T10:29:14.458+0000] {standard_task_runner.py:104} INFO - Running: ['***', 'tasks', 'run', 'dag_with_taskflow_api', 'get_name', 'scheduled__2024-10-22T00:00:00+00:00', '--job-id', '4744', '--raw', '--subdir', 'DAGS_FOLDER/dag_with_taskflow_api.py', '--cfg-path', '/tmp/tmp6w8699nl']
[2024-12-20T10:29:14.462+0000] {standard_task_runner.py:105} INFO - Job 4744: Subtask get_name
[2024-12-20T10:29:14.559+0000] {task_command.py:467} INFO - Running <TaskInstance: dag_with_taskflow_api.get_name scheduled__2024-10-22T00:00:00+00:00 [running]> on host a998b5b3d359
[2024-12-20T10:29:14.719+0000] {taskinstance.py:3132} INFO - Exporting env vars: AIRFLOW_CTX_DAG_OWNER='mateo' AIRFLOW_CTX_DAG_ID='dag_with_taskflow_api' AIRFLOW_CTX_TASK_ID='get_name' AIRFLOW_CTX_EXECUTION_DATE='2024-10-22T00:00:00+00:00' AIRFLOW_CTX_TRY_NUMBER='1' AIRFLOW_CTX_DAG_RUN_ID='scheduled__2024-10-22T00:00:00+00:00'
[2024-12-20T10:29:14.724+0000] {taskinstance.py:731} INFO - ::endgroup::
[2024-12-20T10:29:14.727+0000] {python.py:240} INFO - Done. Returned value was: Jerry
[2024-12-20T10:29:14.789+0000] {taskinstance.py:340} INFO - ::group::Post task execution logs
[2024-12-20T10:29:14.791+0000] {taskinstance.py:352} INFO - Marking task as SUCCESS. dag_id=dag_with_taskflow_api, task_id=get_name, run_id=scheduled__2024-10-22T00:00:00+00:00, execution_date=20241022T000000, start_date=20241220T102914, end_date=20241220T102914
[2024-12-20T10:29:14.880+0000] {local_task_job_runner.py:266} INFO - Task exited with return code 0
[2024-12-20T10:29:14.916+0000] {taskinstance.py:3895} INFO - 1 downstream tasks scheduled from follow-on schedule check
[2024-12-20T10:29:14.920+0000] {local_task_job_runner.py:245} INFO - ::endgroup::
