[2024-12-19T08:49:10.425+0000] {local_task_job_runner.py:123} INFO - ::group::Pre task execution logs
[2024-12-19T08:49:10.450+0000] {taskinstance.py:2613} INFO - Dependencies all met for dep_context=non-requeueable deps ti=<TaskInstance: our_first_dag.second_task scheduled__2022-03-26T00:00:00+00:00 [queued]>
[2024-12-19T08:49:10.469+0000] {taskinstance.py:2613} INFO - Dependencies all met for dep_context=requeueable deps ti=<TaskInstance: our_first_dag.second_task scheduled__2022-03-26T00:00:00+00:00 [queued]>
[2024-12-19T08:49:10.471+0000] {taskinstance.py:2866} INFO - Starting attempt 1 of 6
[2024-12-19T08:49:10.510+0000] {taskinstance.py:2889} INFO - Executing <Task(BashOperator): second_task> on 2022-03-26 00:00:00+00:00
[2024-12-19T08:49:10.524+0000] {standard_task_runner.py:104} INFO - Running: ['***', 'tasks', 'run', 'our_first_dag', 'second_task', 'scheduled__2022-03-26T00:00:00+00:00', '--job-id', '259', '--raw', '--subdir', 'DAGS_FOLDER/our_first_dag.py', '--cfg-path', '/tmp/tmpcxoeri59']
[2024-12-19T08:49:10.526+0000] {logging_mixin.py:190} WARNING - /home/***/.local/lib/python3.12/site-packages/***/task/task_runner/standard_task_runner.py:70 DeprecationWarning: This process (pid=1536) is multi-threaded, use of fork() may lead to deadlocks in the child.
[2024-12-19T08:49:10.527+0000] {standard_task_runner.py:105} INFO - Job 259: Subtask second_task
[2024-12-19T08:49:10.528+0000] {standard_task_runner.py:72} INFO - Started process 1551 to run task
[2024-12-19T08:49:10.620+0000] {task_command.py:467} INFO - Running <TaskInstance: our_first_dag.second_task scheduled__2022-03-26T00:00:00+00:00 [running]> on host 8d142e9c83a7
[2024-12-19T08:49:10.775+0000] {taskinstance.py:3132} INFO - Exporting env vars: AIRFLOW_CTX_DAG_OWNER='mateo' AIRFLOW_CTX_DAG_ID='our_first_dag' AIRFLOW_CTX_TASK_ID='second_task' AIRFLOW_CTX_EXECUTION_DATE='2022-03-26T00:00:00+00:00' AIRFLOW_CTX_TRY_NUMBER='1' AIRFLOW_CTX_DAG_RUN_ID='scheduled__2022-03-26T00:00:00+00:00'
[2024-12-19T08:49:10.779+0000] {taskinstance.py:731} INFO - ::endgroup::
[2024-12-19T08:49:10.801+0000] {subprocess.py:78} INFO - Tmp dir root location: /tmp
[2024-12-19T08:49:10.802+0000] {subprocess.py:88} INFO - Running command: ['/usr/bin/bash', '-c', 'echo I am the second task and i will me executed after first task']
[2024-12-19T08:49:10.820+0000] {subprocess.py:99} INFO - Output:
[2024-12-19T08:49:10.826+0000] {subprocess.py:106} INFO - I am the second task and i will me executed after first task
[2024-12-19T08:49:10.829+0000] {subprocess.py:110} INFO - Command exited with return code 0
[2024-12-19T08:49:10.881+0000] {taskinstance.py:340} INFO - ::group::Post task execution logs
[2024-12-19T08:49:10.883+0000] {taskinstance.py:352} INFO - Marking task as SUCCESS. dag_id=our_first_dag, task_id=second_task, run_id=scheduled__2022-03-26T00:00:00+00:00, execution_date=20220326T000000, start_date=20241219T084910, end_date=20241219T084910
[2024-12-19T08:49:10.912+0000] {local_task_job_runner.py:266} INFO - Task exited with return code 0
[2024-12-19T08:49:10.931+0000] {taskinstance.py:3895} INFO - 0 downstream tasks scheduled from follow-on schedule check
[2024-12-19T08:49:10.932+0000] {local_task_job_runner.py:245} INFO - ::endgroup::
