[2024-12-19T13:51:12.765+0000] {local_task_job_runner.py:123} INFO - ::group::Pre task execution logs
[2024-12-19T13:51:12.785+0000] {taskinstance.py:2613} INFO - Dependencies all met for dep_context=non-requeueable deps ti=<TaskInstance: dag_with_taskflow_api.greet scheduled__2024-09-16T00:00:00+00:00 [queued]>
[2024-12-19T13:51:12.795+0000] {taskinstance.py:2613} INFO - Dependencies all met for dep_context=requeueable deps ti=<TaskInstance: dag_with_taskflow_api.greet scheduled__2024-09-16T00:00:00+00:00 [queued]>
[2024-12-19T13:51:12.797+0000] {taskinstance.py:2866} INFO - Starting attempt 1 of 6
[2024-12-19T13:51:12.811+0000] {taskinstance.py:2889} INFO - Executing <Task(_PythonDecoratedOperator): greet> on 2024-09-16 00:00:00+00:00
[2024-12-19T13:51:12.822+0000] {logging_mixin.py:190} WARNING - /home/***/.local/lib/python3.12/site-packages/***/task/task_runner/standard_task_runner.py:70 DeprecationWarning: This process (pid=16001) is multi-threaded, use of fork() may lead to deadlocks in the child.
[2024-12-19T13:51:12.827+0000] {standard_task_runner.py:72} INFO - Started process 16002 to run task
[2024-12-19T13:51:12.827+0000] {standard_task_runner.py:104} INFO - Running: ['***', 'tasks', 'run', 'dag_with_taskflow_api', 'greet', 'scheduled__2024-09-16T00:00:00+00:00', '--job-id', '4322', '--raw', '--subdir', 'DAGS_FOLDER/dag_with_taskflow_api.py', '--cfg-path', '/tmp/tmp28k85dxr']
[2024-12-19T13:51:12.834+0000] {standard_task_runner.py:105} INFO - Job 4322: Subtask greet
[2024-12-19T13:51:12.896+0000] {task_command.py:467} INFO - Running <TaskInstance: dag_with_taskflow_api.greet scheduled__2024-09-16T00:00:00+00:00 [running]> on host 02d979add40a
[2024-12-19T13:51:13.024+0000] {taskinstance.py:3132} INFO - Exporting env vars: AIRFLOW_CTX_DAG_OWNER='mateo' AIRFLOW_CTX_DAG_ID='dag_with_taskflow_api' AIRFLOW_CTX_TASK_ID='greet' AIRFLOW_CTX_EXECUTION_DATE='2024-09-16T00:00:00+00:00' AIRFLOW_CTX_TRY_NUMBER='1' AIRFLOW_CTX_DAG_RUN_ID='scheduled__2024-09-16T00:00:00+00:00'
[2024-12-19T13:51:13.027+0000] {taskinstance.py:731} INFO - ::endgroup::
[2024-12-19T13:51:13.032+0000] {logging_mixin.py:190} INFO - My name is Jerry. I am 19 years old.
[2024-12-19T13:51:13.033+0000] {python.py:240} INFO - Done. Returned value was: None
[2024-12-19T13:51:13.044+0000] {taskinstance.py:340} INFO - ::group::Post task execution logs
[2024-12-19T13:51:13.046+0000] {taskinstance.py:352} INFO - Marking task as SUCCESS. dag_id=dag_with_taskflow_api, task_id=greet, run_id=scheduled__2024-09-16T00:00:00+00:00, execution_date=20240916T000000, start_date=20241219T135112, end_date=20241219T135113
[2024-12-19T13:51:13.089+0000] {local_task_job_runner.py:266} INFO - Task exited with return code 0
[2024-12-19T13:51:13.105+0000] {taskinstance.py:3895} INFO - 0 downstream tasks scheduled from follow-on schedule check
[2024-12-19T13:51:13.107+0000] {local_task_job_runner.py:245} INFO - ::endgroup::
[2024-12-20T10:28:47.792+0000] {local_task_job_runner.py:123} INFO - ::group::Pre task execution logs
[2024-12-20T10:28:47.827+0000] {taskinstance.py:2613} INFO - Dependencies all met for dep_context=non-requeueable deps ti=<TaskInstance: dag_with_taskflow_api.greet scheduled__2024-09-16T00:00:00+00:00 [queued]>
[2024-12-20T10:28:47.854+0000] {taskinstance.py:2613} INFO - Dependencies all met for dep_context=requeueable deps ti=<TaskInstance: dag_with_taskflow_api.greet scheduled__2024-09-16T00:00:00+00:00 [queued]>
[2024-12-20T10:28:47.856+0000] {taskinstance.py:2866} INFO - Starting attempt 1 of 6
[2024-12-20T10:28:47.883+0000] {taskinstance.py:2889} INFO - Executing <Task(_PythonDecoratedOperator): greet> on 2024-09-16 00:00:00+00:00
[2024-12-20T10:28:47.910+0000] {standard_task_runner.py:104} INFO - Running: ['***', 'tasks', 'run', 'dag_with_taskflow_api', 'greet', 'scheduled__2024-09-16T00:00:00+00:00', '--job-id', '4643', '--raw', '--subdir', 'DAGS_FOLDER/dag_with_taskflow_api.py', '--cfg-path', '/tmp/tmpu1cb1kjd']
[2024-12-20T10:28:47.917+0000] {logging_mixin.py:190} WARNING - /home/***/.local/lib/python3.12/site-packages/***/task/task_runner/standard_task_runner.py:70 DeprecationWarning: This process (pid=12613) is multi-threaded, use of fork() may lead to deadlocks in the child.
[2024-12-20T10:28:47.914+0000] {standard_task_runner.py:105} INFO - Job 4643: Subtask greet
[2024-12-20T10:28:47.933+0000] {standard_task_runner.py:72} INFO - Started process 12623 to run task
[2024-12-20T10:28:48.030+0000] {task_command.py:467} INFO - Running <TaskInstance: dag_with_taskflow_api.greet scheduled__2024-09-16T00:00:00+00:00 [running]> on host a998b5b3d359
[2024-12-20T10:28:48.240+0000] {taskinstance.py:3132} INFO - Exporting env vars: AIRFLOW_CTX_DAG_OWNER='mateo' AIRFLOW_CTX_DAG_ID='dag_with_taskflow_api' AIRFLOW_CTX_TASK_ID='greet' AIRFLOW_CTX_EXECUTION_DATE='2024-09-16T00:00:00+00:00' AIRFLOW_CTX_TRY_NUMBER='1' AIRFLOW_CTX_DAG_RUN_ID='scheduled__2024-09-16T00:00:00+00:00'
[2024-12-20T10:28:48.243+0000] {taskinstance.py:731} INFO - ::endgroup::
[2024-12-20T10:28:48.251+0000] {logging_mixin.py:190} INFO - My name is Jerry. I am 19 years old.
[2024-12-20T10:28:48.255+0000] {python.py:240} INFO - Done. Returned value was: None
[2024-12-20T10:28:48.278+0000] {taskinstance.py:340} INFO - ::group::Post task execution logs
[2024-12-20T10:28:48.280+0000] {taskinstance.py:352} INFO - Marking task as SUCCESS. dag_id=dag_with_taskflow_api, task_id=greet, run_id=scheduled__2024-09-16T00:00:00+00:00, execution_date=20240916T000000, start_date=20241220T102847, end_date=20241220T102848
[2024-12-20T10:28:48.366+0000] {local_task_job_runner.py:266} INFO - Task exited with return code 0
[2024-12-20T10:28:48.392+0000] {local_task_job_runner.py:245} INFO - ::endgroup::
