[2024-12-20T01:42:28.117+0000] {local_task_job_runner.py:123} INFO - ::group::Pre task execution logs
[2024-12-20T01:42:28.133+0000] {taskinstance.py:2613} INFO - Dependencies all met for dep_context=non-requeueable deps ti=<TaskInstance: dag_with_taskflow_api.greet scheduled__2024-12-19T00:00:00+00:00 [queued]>
[2024-12-20T01:42:28.141+0000] {taskinstance.py:2613} INFO - Dependencies all met for dep_context=requeueable deps ti=<TaskInstance: dag_with_taskflow_api.greet scheduled__2024-12-19T00:00:00+00:00 [queued]>
[2024-12-20T01:42:28.142+0000] {taskinstance.py:2866} INFO - Starting attempt 1 of 6
[2024-12-20T01:42:28.152+0000] {taskinstance.py:2889} INFO - Executing <Task(_PythonDecoratedOperator): greet> on 2024-12-19 00:00:00+00:00
[2024-12-20T01:42:28.160+0000] {standard_task_runner.py:104} INFO - Running: ['***', 'tasks', 'run', 'dag_with_taskflow_api', 'greet', 'scheduled__2024-12-19T00:00:00+00:00', '--job-id', '4608', '--raw', '--subdir', 'DAGS_FOLDER/dag_with_taskflow_api.py', '--cfg-path', '/tmp/tmpj83kivpe']
[2024-12-20T01:42:28.163+0000] {logging_mixin.py:190} WARNING - /home/***/.local/lib/python3.12/site-packages/***/task/task_runner/standard_task_runner.py:70 DeprecationWarning: This process (pid=6313) is multi-threaded, use of fork() may lead to deadlocks in the child.
[2024-12-20T01:42:28.164+0000] {standard_task_runner.py:105} INFO - Job 4608: Subtask greet
[2024-12-20T01:42:28.164+0000] {standard_task_runner.py:72} INFO - Started process 6314 to run task
[2024-12-20T01:42:28.209+0000] {task_command.py:467} INFO - Running <TaskInstance: dag_with_taskflow_api.greet scheduled__2024-12-19T00:00:00+00:00 [running]> on host a998b5b3d359
[2024-12-20T01:42:28.300+0000] {taskinstance.py:3132} INFO - Exporting env vars: AIRFLOW_CTX_DAG_OWNER='mateo' AIRFLOW_CTX_DAG_ID='dag_with_taskflow_api' AIRFLOW_CTX_TASK_ID='greet' AIRFLOW_CTX_EXECUTION_DATE='2024-12-19T00:00:00+00:00' AIRFLOW_CTX_TRY_NUMBER='1' AIRFLOW_CTX_DAG_RUN_ID='scheduled__2024-12-19T00:00:00+00:00'
[2024-12-20T01:42:28.302+0000] {taskinstance.py:731} INFO - ::endgroup::
[2024-12-20T01:42:28.305+0000] {logging_mixin.py:190} INFO - My name is Jerry. I am 19 years old.
[2024-12-20T01:42:28.305+0000] {python.py:240} INFO - Done. Returned value was: None
[2024-12-20T01:42:28.314+0000] {taskinstance.py:340} INFO - ::group::Post task execution logs
[2024-12-20T01:42:28.315+0000] {taskinstance.py:352} INFO - Marking task as SUCCESS. dag_id=dag_with_taskflow_api, task_id=greet, run_id=scheduled__2024-12-19T00:00:00+00:00, execution_date=20241219T000000, start_date=20241220T014228, end_date=20241220T014228
[2024-12-20T01:42:28.341+0000] {local_task_job_runner.py:266} INFO - Task exited with return code 0
[2024-12-20T01:42:28.355+0000] {taskinstance.py:3895} INFO - 0 downstream tasks scheduled from follow-on schedule check
[2024-12-20T01:42:28.357+0000] {local_task_job_runner.py:245} INFO - ::endgroup::
[2024-12-20T10:30:00.834+0000] {local_task_job_runner.py:123} INFO - ::group::Pre task execution logs
[2024-12-20T10:30:00.851+0000] {taskinstance.py:2613} INFO - Dependencies all met for dep_context=non-requeueable deps ti=<TaskInstance: dag_with_taskflow_api.greet scheduled__2024-12-19T00:00:00+00:00 [queued]>
[2024-12-20T10:30:00.860+0000] {taskinstance.py:2613} INFO - Dependencies all met for dep_context=requeueable deps ti=<TaskInstance: dag_with_taskflow_api.greet scheduled__2024-12-19T00:00:00+00:00 [queued]>
[2024-12-20T10:30:00.861+0000] {taskinstance.py:2866} INFO - Starting attempt 1 of 6
[2024-12-20T10:30:00.874+0000] {taskinstance.py:2889} INFO - Executing <Task(_PythonDecoratedOperator): greet> on 2024-12-19 00:00:00+00:00
[2024-12-20T10:30:00.883+0000] {logging_mixin.py:190} WARNING - /home/***/.local/lib/python3.12/site-packages/***/task/task_runner/standard_task_runner.py:70 DeprecationWarning: This process (pid=13528) is multi-threaded, use of fork() may lead to deadlocks in the child.
[2024-12-20T10:30:00.885+0000] {standard_task_runner.py:72} INFO - Started process 13530 to run task
[2024-12-20T10:30:00.888+0000] {standard_task_runner.py:104} INFO - Running: ['***', 'tasks', 'run', 'dag_with_taskflow_api', 'greet', 'scheduled__2024-12-19T00:00:00+00:00', '--job-id', '4921', '--raw', '--subdir', 'DAGS_FOLDER/dag_with_taskflow_api.py', '--cfg-path', '/tmp/tmpqllrikbo']
[2024-12-20T10:30:00.891+0000] {standard_task_runner.py:105} INFO - Job 4921: Subtask greet
[2024-12-20T10:30:00.938+0000] {task_command.py:467} INFO - Running <TaskInstance: dag_with_taskflow_api.greet scheduled__2024-12-19T00:00:00+00:00 [running]> on host a998b5b3d359
[2024-12-20T10:30:01.039+0000] {taskinstance.py:3132} INFO - Exporting env vars: AIRFLOW_CTX_DAG_OWNER='mateo' AIRFLOW_CTX_DAG_ID='dag_with_taskflow_api' AIRFLOW_CTX_TASK_ID='greet' AIRFLOW_CTX_EXECUTION_DATE='2024-12-19T00:00:00+00:00' AIRFLOW_CTX_TRY_NUMBER='1' AIRFLOW_CTX_DAG_RUN_ID='scheduled__2024-12-19T00:00:00+00:00'
[2024-12-20T10:30:01.041+0000] {taskinstance.py:731} INFO - ::endgroup::
[2024-12-20T10:30:01.044+0000] {logging_mixin.py:190} INFO - My name is Jerry. I am 19 years old.
[2024-12-20T10:30:01.045+0000] {python.py:240} INFO - Done. Returned value was: None
[2024-12-20T10:30:01.053+0000] {taskinstance.py:340} INFO - ::group::Post task execution logs
[2024-12-20T10:30:01.054+0000] {taskinstance.py:352} INFO - Marking task as SUCCESS. dag_id=dag_with_taskflow_api, task_id=greet, run_id=scheduled__2024-12-19T00:00:00+00:00, execution_date=20241219T000000, start_date=20241220T103000, end_date=20241220T103001
[2024-12-20T10:30:01.102+0000] {local_task_job_runner.py:266} INFO - Task exited with return code 0
[2024-12-20T10:30:01.117+0000] {taskinstance.py:3895} INFO - 0 downstream tasks scheduled from follow-on schedule check
[2024-12-20T10:30:01.120+0000] {local_task_job_runner.py:245} INFO - ::endgroup::
