[2024-12-19T13:51:59.918+0000] {local_task_job_runner.py:123} INFO - ::group::Pre task execution logs
[2024-12-19T13:51:59.955+0000] {taskinstance.py:2613} INFO - Dependencies all met for dep_context=non-requeueable deps ti=<TaskInstance: dag_with_taskflow_api.get_name scheduled__2024-11-16T00:00:00+00:00 [queued]>
[2024-12-19T13:51:59.994+0000] {taskinstance.py:2613} INFO - Dependencies all met for dep_context=requeueable deps ti=<TaskInstance: dag_with_taskflow_api.get_name scheduled__2024-11-16T00:00:00+00:00 [queued]>
[2024-12-19T13:51:59.998+0000] {taskinstance.py:2866} INFO - Starting attempt 1 of 6
[2024-12-19T13:52:00.062+0000] {taskinstance.py:2889} INFO - Executing <Task(_PythonDecoratedOperator): get_name> on 2024-11-16 00:00:00+00:00
[2024-12-19T13:52:00.111+0000] {logging_mixin.py:190} WARNING - /home/***/.local/lib/python3.12/site-packages/***/task/task_runner/standard_task_runner.py:70 DeprecationWarning: This process (pid=16550) is multi-threaded, use of fork() may lead to deadlocks in the child.
[2024-12-19T13:52:00.115+0000] {standard_task_runner.py:72} INFO - Started process 16565 to run task
[2024-12-19T13:52:00.121+0000] {standard_task_runner.py:104} INFO - Running: ['***', 'tasks', 'run', 'dag_with_taskflow_api', 'get_name', 'scheduled__2024-11-16T00:00:00+00:00', '--job-id', '4498', '--raw', '--subdir', 'DAGS_FOLDER/dag_with_taskflow_api.py', '--cfg-path', '/tmp/tmpu1mkjln6']
[2024-12-19T13:52:00.143+0000] {standard_task_runner.py:105} INFO - Job 4498: Subtask get_name
[2024-12-19T13:52:00.408+0000] {task_command.py:467} INFO - Running <TaskInstance: dag_with_taskflow_api.get_name scheduled__2024-11-16T00:00:00+00:00 [running]> on host 02d979add40a
[2024-12-19T13:52:00.907+0000] {taskinstance.py:3132} INFO - Exporting env vars: AIRFLOW_CTX_DAG_OWNER='mateo' AIRFLOW_CTX_DAG_ID='dag_with_taskflow_api' AIRFLOW_CTX_TASK_ID='get_name' AIRFLOW_CTX_EXECUTION_DATE='2024-11-16T00:00:00+00:00' AIRFLOW_CTX_TRY_NUMBER='1' AIRFLOW_CTX_DAG_RUN_ID='scheduled__2024-11-16T00:00:00+00:00'
[2024-12-19T13:52:00.913+0000] {taskinstance.py:731} INFO - ::endgroup::
[2024-12-19T13:52:00.917+0000] {python.py:240} INFO - Done. Returned value was: Jerry
[2024-12-19T13:52:01.008+0000] {taskinstance.py:340} INFO - ::group::Post task execution logs
[2024-12-19T13:52:01.014+0000] {taskinstance.py:352} INFO - Marking task as SUCCESS. dag_id=dag_with_taskflow_api, task_id=get_name, run_id=scheduled__2024-11-16T00:00:00+00:00, execution_date=20241116T000000, start_date=20241219T135159, end_date=20241219T135201
[2024-12-19T13:52:01.133+0000] {local_task_job_runner.py:266} INFO - Task exited with return code 0
[2024-12-19T13:52:01.156+0000] {local_task_job_runner.py:245} INFO - ::endgroup::
[2024-12-20T10:29:33.454+0000] {local_task_job_runner.py:123} INFO - ::group::Pre task execution logs
[2024-12-20T10:29:33.476+0000] {taskinstance.py:2613} INFO - Dependencies all met for dep_context=non-requeueable deps ti=<TaskInstance: dag_with_taskflow_api.get_name scheduled__2024-11-16T00:00:00+00:00 [queued]>
[2024-12-20T10:29:33.485+0000] {taskinstance.py:2613} INFO - Dependencies all met for dep_context=requeueable deps ti=<TaskInstance: dag_with_taskflow_api.get_name scheduled__2024-11-16T00:00:00+00:00 [queued]>
[2024-12-20T10:29:33.486+0000] {taskinstance.py:2866} INFO - Starting attempt 1 of 6
[2024-12-20T10:29:33.504+0000] {taskinstance.py:2889} INFO - Executing <Task(_PythonDecoratedOperator): get_name> on 2024-11-16 00:00:00+00:00
[2024-12-20T10:29:33.514+0000] {logging_mixin.py:190} WARNING - /home/***/.local/lib/python3.12/site-packages/***/task/task_runner/standard_task_runner.py:70 DeprecationWarning: This process (pid=13175) is multi-threaded, use of fork() may lead to deadlocks in the child.
[2024-12-20T10:29:33.516+0000] {standard_task_runner.py:72} INFO - Started process 13182 to run task
[2024-12-20T10:29:33.517+0000] {standard_task_runner.py:104} INFO - Running: ['***', 'tasks', 'run', 'dag_with_taskflow_api', 'get_name', 'scheduled__2024-11-16T00:00:00+00:00', '--job-id', '4816', '--raw', '--subdir', 'DAGS_FOLDER/dag_with_taskflow_api.py', '--cfg-path', '/tmp/tmpkjre8zf_']
[2024-12-20T10:29:33.535+0000] {standard_task_runner.py:105} INFO - Job 4816: Subtask get_name
[2024-12-20T10:29:33.638+0000] {task_command.py:467} INFO - Running <TaskInstance: dag_with_taskflow_api.get_name scheduled__2024-11-16T00:00:00+00:00 [running]> on host a998b5b3d359
[2024-12-20T10:29:33.777+0000] {taskinstance.py:3132} INFO - Exporting env vars: AIRFLOW_CTX_DAG_OWNER='mateo' AIRFLOW_CTX_DAG_ID='dag_with_taskflow_api' AIRFLOW_CTX_TASK_ID='get_name' AIRFLOW_CTX_EXECUTION_DATE='2024-11-16T00:00:00+00:00' AIRFLOW_CTX_TRY_NUMBER='1' AIRFLOW_CTX_DAG_RUN_ID='scheduled__2024-11-16T00:00:00+00:00'
[2024-12-20T10:29:33.779+0000] {taskinstance.py:731} INFO - ::endgroup::
[2024-12-20T10:29:33.785+0000] {python.py:240} INFO - Done. Returned value was: Jerry
[2024-12-20T10:29:33.827+0000] {taskinstance.py:340} INFO - ::group::Post task execution logs
[2024-12-20T10:29:33.829+0000] {taskinstance.py:352} INFO - Marking task as SUCCESS. dag_id=dag_with_taskflow_api, task_id=get_name, run_id=scheduled__2024-11-16T00:00:00+00:00, execution_date=20241116T000000, start_date=20241220T102933, end_date=20241220T102933
[2024-12-20T10:29:33.896+0000] {local_task_job_runner.py:266} INFO - Task exited with return code 0
[2024-12-20T10:29:33.910+0000] {local_task_job_runner.py:245} INFO - ::endgroup::
