[2024-12-19T13:52:17.848+0000] {local_task_job_runner.py:123} INFO - ::group::Pre task execution logs
[2024-12-19T13:52:17.931+0000] {taskinstance.py:2613} INFO - Dependencies all met for dep_context=non-requeueable deps ti=<TaskInstance: dag_with_taskflow_api.get_name scheduled__2024-12-10T00:00:00+00:00 [queued]>
[2024-12-19T13:52:18.003+0000] {taskinstance.py:2613} INFO - Dependencies all met for dep_context=requeueable deps ti=<TaskInstance: dag_with_taskflow_api.get_name scheduled__2024-12-10T00:00:00+00:00 [queued]>
[2024-12-19T13:52:18.007+0000] {taskinstance.py:2866} INFO - Starting attempt 1 of 6
[2024-12-19T13:52:18.071+0000] {taskinstance.py:2889} INFO - Executing <Task(_PythonDecoratedOperator): get_name> on 2024-12-10 00:00:00+00:00
[2024-12-19T13:52:18.103+0000] {logging_mixin.py:190} WARNING - /home/***/.local/lib/python3.12/site-packages/***/task/task_runner/standard_task_runner.py:70 DeprecationWarning: This process (pid=16792) is multi-threaded, use of fork() may lead to deadlocks in the child.
[2024-12-19T13:52:18.118+0000] {standard_task_runner.py:72} INFO - Started process 16806 to run task
[2024-12-19T13:52:18.102+0000] {standard_task_runner.py:104} INFO - Running: ['***', 'tasks', 'run', 'dag_with_taskflow_api', 'get_name', 'scheduled__2024-12-10T00:00:00+00:00', '--job-id', '4572', '--raw', '--subdir', 'DAGS_FOLDER/dag_with_taskflow_api.py', '--cfg-path', '/tmp/tmpn80y7mfz']
[2024-12-19T13:52:18.123+0000] {standard_task_runner.py:105} INFO - Job 4572: Subtask get_name
[2024-12-19T13:52:18.212+0000] {task_command.py:467} INFO - Running <TaskInstance: dag_with_taskflow_api.get_name scheduled__2024-12-10T00:00:00+00:00 [running]> on host 02d979add40a
[2024-12-19T13:52:18.420+0000] {taskinstance.py:3132} INFO - Exporting env vars: AIRFLOW_CTX_DAG_OWNER='mateo' AIRFLOW_CTX_DAG_ID='dag_with_taskflow_api' AIRFLOW_CTX_TASK_ID='get_name' AIRFLOW_CTX_EXECUTION_DATE='2024-12-10T00:00:00+00:00' AIRFLOW_CTX_TRY_NUMBER='1' AIRFLOW_CTX_DAG_RUN_ID='scheduled__2024-12-10T00:00:00+00:00'
[2024-12-19T13:52:18.423+0000] {taskinstance.py:731} INFO - ::endgroup::
[2024-12-19T13:52:18.435+0000] {python.py:240} INFO - Done. Returned value was: Jerry
[2024-12-19T13:52:18.506+0000] {taskinstance.py:340} INFO - ::group::Post task execution logs
[2024-12-19T13:52:18.511+0000] {taskinstance.py:352} INFO - Marking task as SUCCESS. dag_id=dag_with_taskflow_api, task_id=get_name, run_id=scheduled__2024-12-10T00:00:00+00:00, execution_date=20241210T000000, start_date=20241219T135217, end_date=20241219T135218
[2024-12-19T13:52:18.599+0000] {local_task_job_runner.py:266} INFO - Task exited with return code 0
[2024-12-19T13:52:18.628+0000] {taskinstance.py:3895} INFO - 1 downstream tasks scheduled from follow-on schedule check
[2024-12-19T13:52:18.632+0000] {local_task_job_runner.py:245} INFO - ::endgroup::
[2024-12-20T10:29:52.765+0000] {local_task_job_runner.py:123} INFO - ::group::Pre task execution logs
[2024-12-20T10:29:52.789+0000] {taskinstance.py:2613} INFO - Dependencies all met for dep_context=non-requeueable deps ti=<TaskInstance: dag_with_taskflow_api.get_name scheduled__2024-12-10T00:00:00+00:00 [queued]>
[2024-12-20T10:29:52.810+0000] {taskinstance.py:2613} INFO - Dependencies all met for dep_context=requeueable deps ti=<TaskInstance: dag_with_taskflow_api.get_name scheduled__2024-12-10T00:00:00+00:00 [queued]>
[2024-12-20T10:29:52.816+0000] {taskinstance.py:2866} INFO - Starting attempt 1 of 6
[2024-12-20T10:29:53.067+0000] {taskinstance.py:2889} INFO - Executing <Task(_PythonDecoratedOperator): get_name> on 2024-12-10 00:00:00+00:00
[2024-12-20T10:29:53.087+0000] {standard_task_runner.py:104} INFO - Running: ['***', 'tasks', 'run', 'dag_with_taskflow_api', 'get_name', 'scheduled__2024-12-10T00:00:00+00:00', '--job-id', '4891', '--raw', '--subdir', 'DAGS_FOLDER/dag_with_taskflow_api.py', '--cfg-path', '/tmp/tmpinja8sh4']
[2024-12-20T10:29:53.100+0000] {standard_task_runner.py:105} INFO - Job 4891: Subtask get_name
[2024-12-20T10:29:53.112+0000] {logging_mixin.py:190} WARNING - /home/***/.local/lib/python3.12/site-packages/***/task/task_runner/standard_task_runner.py:70 DeprecationWarning: This process (pid=13437) is multi-threaded, use of fork() may lead to deadlocks in the child.
[2024-12-20T10:29:53.114+0000] {standard_task_runner.py:72} INFO - Started process 13447 to run task
[2024-12-20T10:29:53.206+0000] {task_command.py:467} INFO - Running <TaskInstance: dag_with_taskflow_api.get_name scheduled__2024-12-10T00:00:00+00:00 [running]> on host a998b5b3d359
[2024-12-20T10:29:53.405+0000] {taskinstance.py:3132} INFO - Exporting env vars: AIRFLOW_CTX_DAG_OWNER='mateo' AIRFLOW_CTX_DAG_ID='dag_with_taskflow_api' AIRFLOW_CTX_TASK_ID='get_name' AIRFLOW_CTX_EXECUTION_DATE='2024-12-10T00:00:00+00:00' AIRFLOW_CTX_TRY_NUMBER='1' AIRFLOW_CTX_DAG_RUN_ID='scheduled__2024-12-10T00:00:00+00:00'
[2024-12-20T10:29:53.414+0000] {taskinstance.py:731} INFO - ::endgroup::
[2024-12-20T10:29:53.418+0000] {python.py:240} INFO - Done. Returned value was: Jerry
[2024-12-20T10:29:53.512+0000] {taskinstance.py:340} INFO - ::group::Post task execution logs
[2024-12-20T10:29:53.514+0000] {taskinstance.py:352} INFO - Marking task as SUCCESS. dag_id=dag_with_taskflow_api, task_id=get_name, run_id=scheduled__2024-12-10T00:00:00+00:00, execution_date=20241210T000000, start_date=20241220T102952, end_date=20241220T102953
[2024-12-20T10:29:53.600+0000] {local_task_job_runner.py:266} INFO - Task exited with return code 0
[2024-12-20T10:29:53.660+0000] {taskinstance.py:3895} INFO - 0 downstream tasks scheduled from follow-on schedule check
[2024-12-20T10:29:53.667+0000] {local_task_job_runner.py:245} INFO - ::endgroup::
