[2024-12-19T13:52:17.955+0000] {local_task_job_runner.py:123} INFO - ::group::Pre task execution logs
[2024-12-19T13:52:18.034+0000] {taskinstance.py:2613} INFO - Dependencies all met for dep_context=non-requeueable deps ti=<TaskInstance: dag_with_taskflow_api.get_age scheduled__2024-12-10T00:00:00+00:00 [queued]>
[2024-12-19T13:52:18.076+0000] {taskinstance.py:2613} INFO - Dependencies all met for dep_context=requeueable deps ti=<TaskInstance: dag_with_taskflow_api.get_age scheduled__2024-12-10T00:00:00+00:00 [queued]>
[2024-12-19T13:52:18.083+0000] {taskinstance.py:2866} INFO - Starting attempt 1 of 6
[2024-12-19T13:52:18.149+0000] {taskinstance.py:2889} INFO - Executing <Task(_PythonDecoratedOperator): get_age> on 2024-12-10 00:00:00+00:00
[2024-12-19T13:52:18.163+0000] {logging_mixin.py:190} WARNING - /home/***/.local/lib/python3.12/site-packages/***/task/task_runner/standard_task_runner.py:70 DeprecationWarning: This process (pid=16794) is multi-threaded, use of fork() may lead to deadlocks in the child.
[2024-12-19T13:52:18.168+0000] {standard_task_runner.py:72} INFO - Started process 16808 to run task
[2024-12-19T13:52:18.172+0000] {standard_task_runner.py:104} INFO - Running: ['***', 'tasks', 'run', 'dag_with_taskflow_api', 'get_age', 'scheduled__2024-12-10T00:00:00+00:00', '--job-id', '4573', '--raw', '--subdir', 'DAGS_FOLDER/dag_with_taskflow_api.py', '--cfg-path', '/tmp/tmpkj0wexmt']
[2024-12-19T13:52:18.177+0000] {standard_task_runner.py:105} INFO - Job 4573: Subtask get_age
[2024-12-19T13:52:18.307+0000] {task_command.py:467} INFO - Running <TaskInstance: dag_with_taskflow_api.get_age scheduled__2024-12-10T00:00:00+00:00 [running]> on host 02d979add40a
[2024-12-19T13:52:18.519+0000] {taskinstance.py:3132} INFO - Exporting env vars: AIRFLOW_CTX_DAG_OWNER='mateo' AIRFLOW_CTX_DAG_ID='dag_with_taskflow_api' AIRFLOW_CTX_TASK_ID='get_age' AIRFLOW_CTX_EXECUTION_DATE='2024-12-10T00:00:00+00:00' AIRFLOW_CTX_TRY_NUMBER='1' AIRFLOW_CTX_DAG_RUN_ID='scheduled__2024-12-10T00:00:00+00:00'
[2024-12-19T13:52:18.523+0000] {taskinstance.py:731} INFO - ::endgroup::
[2024-12-19T13:52:18.530+0000] {python.py:240} INFO - Done. Returned value was: 19
[2024-12-19T13:52:18.567+0000] {taskinstance.py:340} INFO - ::group::Post task execution logs
[2024-12-19T13:52:18.569+0000] {taskinstance.py:352} INFO - Marking task as SUCCESS. dag_id=dag_with_taskflow_api, task_id=get_age, run_id=scheduled__2024-12-10T00:00:00+00:00, execution_date=20241210T000000, start_date=20241219T135218, end_date=20241219T135218
[2024-12-19T13:52:18.636+0000] {local_task_job_runner.py:266} INFO - Task exited with return code 0
[2024-12-19T13:52:18.656+0000] {taskinstance.py:3895} INFO - 0 downstream tasks scheduled from follow-on schedule check
[2024-12-19T13:52:18.658+0000] {local_task_job_runner.py:245} INFO - ::endgroup::
[2024-12-20T10:29:52.759+0000] {local_task_job_runner.py:123} INFO - ::group::Pre task execution logs
[2024-12-20T10:29:52.802+0000] {taskinstance.py:2613} INFO - Dependencies all met for dep_context=non-requeueable deps ti=<TaskInstance: dag_with_taskflow_api.get_age scheduled__2024-12-10T00:00:00+00:00 [queued]>
[2024-12-20T10:29:52.819+0000] {taskinstance.py:2613} INFO - Dependencies all met for dep_context=requeueable deps ti=<TaskInstance: dag_with_taskflow_api.get_age scheduled__2024-12-10T00:00:00+00:00 [queued]>
[2024-12-20T10:29:52.823+0000] {taskinstance.py:2866} INFO - Starting attempt 1 of 6
[2024-12-20T10:29:53.082+0000] {taskinstance.py:2889} INFO - Executing <Task(_PythonDecoratedOperator): get_age> on 2024-12-10 00:00:00+00:00
[2024-12-20T10:29:53.110+0000] {logging_mixin.py:190} WARNING - /home/***/.local/lib/python3.12/site-packages/***/task/task_runner/standard_task_runner.py:70 DeprecationWarning: This process (pid=13436) is multi-threaded, use of fork() may lead to deadlocks in the child.
[2024-12-20T10:29:53.113+0000] {standard_task_runner.py:72} INFO - Started process 13449 to run task
[2024-12-20T10:29:53.120+0000] {standard_task_runner.py:104} INFO - Running: ['***', 'tasks', 'run', 'dag_with_taskflow_api', 'get_age', 'scheduled__2024-12-10T00:00:00+00:00', '--job-id', '4892', '--raw', '--subdir', 'DAGS_FOLDER/dag_with_taskflow_api.py', '--cfg-path', '/tmp/tmpp_8rn2fj']
[2024-12-20T10:29:53.126+0000] {standard_task_runner.py:105} INFO - Job 4892: Subtask get_age
[2024-12-20T10:29:53.250+0000] {task_command.py:467} INFO - Running <TaskInstance: dag_with_taskflow_api.get_age scheduled__2024-12-10T00:00:00+00:00 [running]> on host a998b5b3d359
[2024-12-20T10:29:53.532+0000] {taskinstance.py:3132} INFO - Exporting env vars: AIRFLOW_CTX_DAG_OWNER='mateo' AIRFLOW_CTX_DAG_ID='dag_with_taskflow_api' AIRFLOW_CTX_TASK_ID='get_age' AIRFLOW_CTX_EXECUTION_DATE='2024-12-10T00:00:00+00:00' AIRFLOW_CTX_TRY_NUMBER='1' AIRFLOW_CTX_DAG_RUN_ID='scheduled__2024-12-10T00:00:00+00:00'
[2024-12-20T10:29:53.536+0000] {taskinstance.py:731} INFO - ::endgroup::
[2024-12-20T10:29:53.545+0000] {python.py:240} INFO - Done. Returned value was: 19
[2024-12-20T10:29:53.618+0000] {taskinstance.py:340} INFO - ::group::Post task execution logs
[2024-12-20T10:29:53.628+0000] {taskinstance.py:352} INFO - Marking task as SUCCESS. dag_id=dag_with_taskflow_api, task_id=get_age, run_id=scheduled__2024-12-10T00:00:00+00:00, execution_date=20241210T000000, start_date=20241220T102952, end_date=20241220T102953
[2024-12-20T10:29:53.761+0000] {local_task_job_runner.py:266} INFO - Task exited with return code 0
[2024-12-20T10:29:53.773+0000] {local_task_job_runner.py:245} INFO - ::endgroup::
