[2024-12-19T10:07:27.080+0000] {local_task_job_runner.py:123} INFO - ::group::Pre task execution logs
[2024-12-19T10:07:27.107+0000] {taskinstance.py:2613} INFO - Dependencies all met for dep_context=non-requeueable deps ti=<TaskInstance: python_operator_dag_v2.get_name scheduled__2021-10-09T00:00:00+00:00 [queued]>
[2024-12-19T10:07:27.122+0000] {taskinstance.py:2613} INFO - Dependencies all met for dep_context=requeueable deps ti=<TaskInstance: python_operator_dag_v2.get_name scheduled__2021-10-09T00:00:00+00:00 [queued]>
[2024-12-19T10:07:27.123+0000] {taskinstance.py:2866} INFO - Starting attempt 1 of 6
[2024-12-19T10:07:27.201+0000] {taskinstance.py:2889} INFO - Executing <Task(PythonOperator): get_name> on 2021-10-09 00:00:00+00:00
[2024-12-19T10:07:27.218+0000] {logging_mixin.py:190} WARNING - /home/***/.local/lib/python3.12/site-packages/***/task/task_runner/standard_task_runner.py:70 DeprecationWarning: This process (pid=3940) is multi-threaded, use of fork() may lead to deadlocks in the child.
[2024-12-19T10:07:27.221+0000] {standard_task_runner.py:72} INFO - Started process 3949 to run task
[2024-12-19T10:07:27.225+0000] {standard_task_runner.py:104} INFO - Running: ['***', 'tasks', 'run', 'python_operator_dag_v2', 'get_name', 'scheduled__2021-10-09T00:00:00+00:00', '--job-id', '1201', '--raw', '--subdir', 'DAGS_FOLDER/python_operator_dag.py', '--cfg-path', '/tmp/tmp_gj67dip']
[2024-12-19T10:07:27.229+0000] {standard_task_runner.py:105} INFO - Job 1201: Subtask get_name
[2024-12-19T10:07:27.321+0000] {task_command.py:467} INFO - Running <TaskInstance: python_operator_dag_v2.get_name scheduled__2021-10-09T00:00:00+00:00 [running]> on host 02d979add40a
[2024-12-19T10:07:27.461+0000] {taskinstance.py:3132} INFO - Exporting env vars: AIRFLOW_CTX_DAG_OWNER='mateo' AIRFLOW_CTX_DAG_ID='python_operator_dag_v2' AIRFLOW_CTX_TASK_ID='get_name' AIRFLOW_CTX_EXECUTION_DATE='2021-10-09T00:00:00+00:00' AIRFLOW_CTX_TRY_NUMBER='1' AIRFLOW_CTX_DAG_RUN_ID='scheduled__2021-10-09T00:00:00+00:00'
[2024-12-19T10:07:27.464+0000] {taskinstance.py:731} INFO - ::endgroup::
[2024-12-19T10:07:27.483+0000] {python.py:240} INFO - Done. Returned value was: Josip
[2024-12-19T10:07:27.524+0000] {taskinstance.py:340} INFO - ::group::Post task execution logs
[2024-12-19T10:07:27.526+0000] {taskinstance.py:352} INFO - Marking task as SUCCESS. dag_id=python_operator_dag_v2, task_id=get_name, run_id=scheduled__2021-10-09T00:00:00+00:00, execution_date=20211009T000000, start_date=20241219T100727, end_date=20241219T100727
[2024-12-19T10:07:27.569+0000] {local_task_job_runner.py:266} INFO - Task exited with return code 0
[2024-12-19T10:07:27.598+0000] {taskinstance.py:3895} INFO - 1 downstream tasks scheduled from follow-on schedule check
[2024-12-19T10:07:27.600+0000] {local_task_job_runner.py:245} INFO - ::endgroup::
[2024-12-19T10:10:55.889+0000] {local_task_job_runner.py:123} INFO - ::group::Pre task execution logs
[2024-12-19T10:10:55.907+0000] {taskinstance.py:2613} INFO - Dependencies all met for dep_context=non-requeueable deps ti=<TaskInstance: python_operator_dag_v2.get_name scheduled__2021-10-09T00:00:00+00:00 [queued]>
[2024-12-19T10:10:55.920+0000] {taskinstance.py:2613} INFO - Dependencies all met for dep_context=requeueable deps ti=<TaskInstance: python_operator_dag_v2.get_name scheduled__2021-10-09T00:00:00+00:00 [queued]>
[2024-12-19T10:10:55.921+0000] {taskinstance.py:2866} INFO - Starting attempt 1 of 6
[2024-12-19T10:10:55.938+0000] {taskinstance.py:2889} INFO - Executing <Task(PythonOperator): get_name> on 2021-10-09 00:00:00+00:00
[2024-12-19T10:10:55.948+0000] {logging_mixin.py:190} WARNING - /home/***/.local/lib/python3.12/site-packages/***/task/task_runner/standard_task_runner.py:70 DeprecationWarning: This process (pid=4155) is multi-threaded, use of fork() may lead to deadlocks in the child.
[2024-12-19T10:10:55.949+0000] {standard_task_runner.py:104} INFO - Running: ['***', 'tasks', 'run', 'python_operator_dag_v2', 'get_name', 'scheduled__2021-10-09T00:00:00+00:00', '--job-id', '1235', '--raw', '--subdir', 'DAGS_FOLDER/python_operator_dag.py', '--cfg-path', '/tmp/tmprdho2so0']
[2024-12-19T10:10:55.955+0000] {standard_task_runner.py:105} INFO - Job 1235: Subtask get_name
[2024-12-19T10:10:55.950+0000] {standard_task_runner.py:72} INFO - Started process 4162 to run task
[2024-12-19T10:10:56.022+0000] {task_command.py:467} INFO - Running <TaskInstance: python_operator_dag_v2.get_name scheduled__2021-10-09T00:00:00+00:00 [running]> on host 02d979add40a
[2024-12-19T10:10:56.133+0000] {taskinstance.py:3132} INFO - Exporting env vars: AIRFLOW_CTX_DAG_OWNER='mateo' AIRFLOW_CTX_DAG_ID='python_operator_dag_v2' AIRFLOW_CTX_TASK_ID='get_name' AIRFLOW_CTX_EXECUTION_DATE='2021-10-09T00:00:00+00:00' AIRFLOW_CTX_TRY_NUMBER='1' AIRFLOW_CTX_DAG_RUN_ID='scheduled__2021-10-09T00:00:00+00:00'
[2024-12-19T10:10:56.138+0000] {taskinstance.py:731} INFO - ::endgroup::
[2024-12-19T10:10:56.156+0000] {python.py:240} INFO - Done. Returned value was: Josip
[2024-12-19T10:10:56.196+0000] {taskinstance.py:340} INFO - ::group::Post task execution logs
[2024-12-19T10:10:56.197+0000] {taskinstance.py:352} INFO - Marking task as SUCCESS. dag_id=python_operator_dag_v2, task_id=get_name, run_id=scheduled__2021-10-09T00:00:00+00:00, execution_date=20211009T000000, start_date=20241219T101055, end_date=20241219T101056
[2024-12-19T10:10:56.258+0000] {local_task_job_runner.py:266} INFO - Task exited with return code 0
[2024-12-19T10:10:56.296+0000] {taskinstance.py:3895} INFO - 1 downstream tasks scheduled from follow-on schedule check
[2024-12-19T10:10:56.302+0000] {local_task_job_runner.py:245} INFO - ::endgroup::
