[2024-12-19T13:51:53.906+0000] {local_task_job_runner.py:123} INFO - ::group::Pre task execution logs
[2024-12-19T13:51:53.934+0000] {taskinstance.py:2613} INFO - Dependencies all met for dep_context=non-requeueable deps ti=<TaskInstance: dag_with_taskflow_api.get_name scheduled__2024-11-08T00:00:00+00:00 [queued]>
[2024-12-19T13:51:53.958+0000] {taskinstance.py:2613} INFO - Dependencies all met for dep_context=requeueable deps ti=<TaskInstance: dag_with_taskflow_api.get_name scheduled__2024-11-08T00:00:00+00:00 [queued]>
[2024-12-19T13:51:53.960+0000] {taskinstance.py:2866} INFO - Starting attempt 1 of 6
[2024-12-19T13:51:54.190+0000] {taskinstance.py:2889} INFO - Executing <Task(_PythonDecoratedOperator): get_name> on 2024-11-08 00:00:00+00:00
[2024-12-19T13:51:54.209+0000] {logging_mixin.py:190} WARNING - /home/***/.local/lib/python3.12/site-packages/***/task/task_runner/standard_task_runner.py:70 DeprecationWarning: This process (pid=16482) is multi-threaded, use of fork() may lead to deadlocks in the child.
[2024-12-19T13:51:54.213+0000] {standard_task_runner.py:72} INFO - Started process 16493 to run task
[2024-12-19T13:51:54.220+0000] {standard_task_runner.py:104} INFO - Running: ['***', 'tasks', 'run', 'dag_with_taskflow_api', 'get_name', 'scheduled__2024-11-08T00:00:00+00:00', '--job-id', '4476', '--raw', '--subdir', 'DAGS_FOLDER/dag_with_taskflow_api.py', '--cfg-path', '/tmp/tmpn_2lmmb6']
[2024-12-19T13:51:54.225+0000] {standard_task_runner.py:105} INFO - Job 4476: Subtask get_name
[2024-12-19T13:51:54.335+0000] {task_command.py:467} INFO - Running <TaskInstance: dag_with_taskflow_api.get_name scheduled__2024-11-08T00:00:00+00:00 [running]> on host 02d979add40a
[2024-12-19T13:51:54.638+0000] {taskinstance.py:3132} INFO - Exporting env vars: AIRFLOW_CTX_DAG_OWNER='mateo' AIRFLOW_CTX_DAG_ID='dag_with_taskflow_api' AIRFLOW_CTX_TASK_ID='get_name' AIRFLOW_CTX_EXECUTION_DATE='2024-11-08T00:00:00+00:00' AIRFLOW_CTX_TRY_NUMBER='1' AIRFLOW_CTX_DAG_RUN_ID='scheduled__2024-11-08T00:00:00+00:00'
[2024-12-19T13:51:54.642+0000] {taskinstance.py:731} INFO - ::endgroup::
[2024-12-19T13:51:54.653+0000] {python.py:240} INFO - Done. Returned value was: Jerry
[2024-12-19T13:51:54.700+0000] {taskinstance.py:340} INFO - ::group::Post task execution logs
[2024-12-19T13:51:54.702+0000] {taskinstance.py:352} INFO - Marking task as SUCCESS. dag_id=dag_with_taskflow_api, task_id=get_name, run_id=scheduled__2024-11-08T00:00:00+00:00, execution_date=20241108T000000, start_date=20241219T135153, end_date=20241219T135154
[2024-12-19T13:51:54.776+0000] {local_task_job_runner.py:266} INFO - Task exited with return code 0
[2024-12-19T13:51:54.848+0000] {taskinstance.py:3895} INFO - 1 downstream tasks scheduled from follow-on schedule check
[2024-12-19T13:51:54.867+0000] {local_task_job_runner.py:245} INFO - ::endgroup::
[2024-12-20T10:29:28.431+0000] {local_task_job_runner.py:123} INFO - ::group::Pre task execution logs
[2024-12-20T10:29:28.461+0000] {taskinstance.py:2613} INFO - Dependencies all met for dep_context=non-requeueable deps ti=<TaskInstance: dag_with_taskflow_api.get_name scheduled__2024-11-08T00:00:00+00:00 [queued]>
[2024-12-20T10:29:28.498+0000] {taskinstance.py:2613} INFO - Dependencies all met for dep_context=requeueable deps ti=<TaskInstance: dag_with_taskflow_api.get_name scheduled__2024-11-08T00:00:00+00:00 [queued]>
[2024-12-20T10:29:28.501+0000] {taskinstance.py:2866} INFO - Starting attempt 1 of 6
[2024-12-20T10:29:28.532+0000] {taskinstance.py:2889} INFO - Executing <Task(_PythonDecoratedOperator): get_name> on 2024-11-08 00:00:00+00:00
[2024-12-20T10:29:28.546+0000] {logging_mixin.py:190} WARNING - /home/***/.local/lib/python3.12/site-packages/***/task/task_runner/standard_task_runner.py:70 DeprecationWarning: This process (pid=13101) is multi-threaded, use of fork() may lead to deadlocks in the child.
[2024-12-20T10:29:28.549+0000] {standard_task_runner.py:72} INFO - Started process 13114 to run task
[2024-12-20T10:29:28.555+0000] {standard_task_runner.py:104} INFO - Running: ['***', 'tasks', 'run', 'dag_with_taskflow_api', 'get_name', 'scheduled__2024-11-08T00:00:00+00:00', '--job-id', '4792', '--raw', '--subdir', 'DAGS_FOLDER/dag_with_taskflow_api.py', '--cfg-path', '/tmp/tmplm8nhcmw']
[2024-12-20T10:29:28.564+0000] {standard_task_runner.py:105} INFO - Job 4792: Subtask get_name
[2024-12-20T10:29:28.722+0000] {task_command.py:467} INFO - Running <TaskInstance: dag_with_taskflow_api.get_name scheduled__2024-11-08T00:00:00+00:00 [running]> on host a998b5b3d359
[2024-12-20T10:29:28.871+0000] {taskinstance.py:3132} INFO - Exporting env vars: AIRFLOW_CTX_DAG_OWNER='mateo' AIRFLOW_CTX_DAG_ID='dag_with_taskflow_api' AIRFLOW_CTX_TASK_ID='get_name' AIRFLOW_CTX_EXECUTION_DATE='2024-11-08T00:00:00+00:00' AIRFLOW_CTX_TRY_NUMBER='1' AIRFLOW_CTX_DAG_RUN_ID='scheduled__2024-11-08T00:00:00+00:00'
[2024-12-20T10:29:28.875+0000] {taskinstance.py:731} INFO - ::endgroup::
[2024-12-20T10:29:28.881+0000] {python.py:240} INFO - Done. Returned value was: Jerry
[2024-12-20T10:29:28.915+0000] {taskinstance.py:340} INFO - ::group::Post task execution logs
[2024-12-20T10:29:28.916+0000] {taskinstance.py:352} INFO - Marking task as SUCCESS. dag_id=dag_with_taskflow_api, task_id=get_name, run_id=scheduled__2024-11-08T00:00:00+00:00, execution_date=20241108T000000, start_date=20241220T102928, end_date=20241220T102928
[2024-12-20T10:29:28.979+0000] {local_task_job_runner.py:266} INFO - Task exited with return code 0
[2024-12-20T10:29:29.011+0000] {taskinstance.py:3895} INFO - 1 downstream tasks scheduled from follow-on schedule check
[2024-12-20T10:29:29.014+0000] {local_task_job_runner.py:245} INFO - ::endgroup::
