[2024-12-19T13:51:11.645+0000] {local_task_job_runner.py:123} INFO - ::group::Pre task execution logs
[2024-12-19T13:51:11.675+0000] {taskinstance.py:2613} INFO - Dependencies all met for dep_context=non-requeueable deps ti=<TaskInstance: dag_with_taskflow_api.greet scheduled__2024-09-14T00:00:00+00:00 [queued]>
[2024-12-19T13:51:11.690+0000] {taskinstance.py:2613} INFO - Dependencies all met for dep_context=requeueable deps ti=<TaskInstance: dag_with_taskflow_api.greet scheduled__2024-09-14T00:00:00+00:00 [queued]>
[2024-12-19T13:51:11.693+0000] {taskinstance.py:2866} INFO - Starting attempt 1 of 6
[2024-12-19T13:51:11.728+0000] {taskinstance.py:2889} INFO - Executing <Task(_PythonDecoratedOperator): greet> on 2024-09-14 00:00:00+00:00
[2024-12-19T13:51:11.746+0000] {logging_mixin.py:190} WARNING - /home/***/.local/lib/python3.12/site-packages/***/task/task_runner/standard_task_runner.py:70 DeprecationWarning: This process (pid=15975) is multi-threaded, use of fork() may lead to deadlocks in the child.
[2024-12-19T13:51:11.749+0000] {standard_task_runner.py:72} INFO - Started process 15988 to run task
[2024-12-19T13:51:11.748+0000] {standard_task_runner.py:104} INFO - Running: ['***', 'tasks', 'run', 'dag_with_taskflow_api', 'greet', 'scheduled__2024-09-14T00:00:00+00:00', '--job-id', '4321', '--raw', '--subdir', 'DAGS_FOLDER/dag_with_taskflow_api.py', '--cfg-path', '/tmp/tmpoz2_ogyh']
[2024-12-19T13:51:11.756+0000] {standard_task_runner.py:105} INFO - Job 4321: Subtask greet
[2024-12-19T13:51:11.847+0000] {task_command.py:467} INFO - Running <TaskInstance: dag_with_taskflow_api.greet scheduled__2024-09-14T00:00:00+00:00 [running]> on host 02d979add40a
[2024-12-19T13:51:12.038+0000] {taskinstance.py:3132} INFO - Exporting env vars: AIRFLOW_CTX_DAG_OWNER='mateo' AIRFLOW_CTX_DAG_ID='dag_with_taskflow_api' AIRFLOW_CTX_TASK_ID='greet' AIRFLOW_CTX_EXECUTION_DATE='2024-09-14T00:00:00+00:00' AIRFLOW_CTX_TRY_NUMBER='1' AIRFLOW_CTX_DAG_RUN_ID='scheduled__2024-09-14T00:00:00+00:00'
[2024-12-19T13:51:12.043+0000] {taskinstance.py:731} INFO - ::endgroup::
[2024-12-19T13:51:12.048+0000] {logging_mixin.py:190} INFO - My name is Jerry. I am 19 years old.
[2024-12-19T13:51:12.049+0000] {python.py:240} INFO - Done. Returned value was: None
[2024-12-19T13:51:12.059+0000] {taskinstance.py:340} INFO - ::group::Post task execution logs
[2024-12-19T13:51:12.060+0000] {taskinstance.py:352} INFO - Marking task as SUCCESS. dag_id=dag_with_taskflow_api, task_id=greet, run_id=scheduled__2024-09-14T00:00:00+00:00, execution_date=20240914T000000, start_date=20241219T135111, end_date=20241219T135112
[2024-12-19T13:51:12.102+0000] {local_task_job_runner.py:266} INFO - Task exited with return code 0
[2024-12-19T13:51:12.121+0000] {taskinstance.py:3895} INFO - 0 downstream tasks scheduled from follow-on schedule check
[2024-12-19T13:51:12.124+0000] {local_task_job_runner.py:245} INFO - ::endgroup::
[2024-12-20T10:28:46.885+0000] {local_task_job_runner.py:123} INFO - ::group::Pre task execution logs
[2024-12-20T10:28:46.937+0000] {taskinstance.py:2613} INFO - Dependencies all met for dep_context=non-requeueable deps ti=<TaskInstance: dag_with_taskflow_api.greet scheduled__2024-09-14T00:00:00+00:00 [queued]>
[2024-12-20T10:28:46.965+0000] {taskinstance.py:2613} INFO - Dependencies all met for dep_context=requeueable deps ti=<TaskInstance: dag_with_taskflow_api.greet scheduled__2024-09-14T00:00:00+00:00 [queued]>
[2024-12-20T10:28:46.972+0000] {taskinstance.py:2866} INFO - Starting attempt 1 of 6
[2024-12-20T10:28:47.006+0000] {taskinstance.py:2889} INFO - Executing <Task(_PythonDecoratedOperator): greet> on 2024-09-14 00:00:00+00:00
[2024-12-20T10:28:47.038+0000] {logging_mixin.py:190} WARNING - /home/***/.local/lib/python3.12/site-packages/***/task/task_runner/standard_task_runner.py:70 DeprecationWarning: This process (pid=12593) is multi-threaded, use of fork() may lead to deadlocks in the child.
[2024-12-20T10:28:47.034+0000] {standard_task_runner.py:104} INFO - Running: ['***', 'tasks', 'run', 'dag_with_taskflow_api', 'greet', 'scheduled__2024-09-14T00:00:00+00:00', '--job-id', '4638', '--raw', '--subdir', 'DAGS_FOLDER/dag_with_taskflow_api.py', '--cfg-path', '/tmp/tmp35ovlrq2']
[2024-12-20T10:28:47.044+0000] {standard_task_runner.py:105} INFO - Job 4638: Subtask greet
[2024-12-20T10:28:47.042+0000] {standard_task_runner.py:72} INFO - Started process 12608 to run task
[2024-12-20T10:28:47.191+0000] {task_command.py:467} INFO - Running <TaskInstance: dag_with_taskflow_api.greet scheduled__2024-09-14T00:00:00+00:00 [running]> on host a998b5b3d359
[2024-12-20T10:28:47.387+0000] {taskinstance.py:3132} INFO - Exporting env vars: AIRFLOW_CTX_DAG_OWNER='mateo' AIRFLOW_CTX_DAG_ID='dag_with_taskflow_api' AIRFLOW_CTX_TASK_ID='greet' AIRFLOW_CTX_EXECUTION_DATE='2024-09-14T00:00:00+00:00' AIRFLOW_CTX_TRY_NUMBER='1' AIRFLOW_CTX_DAG_RUN_ID='scheduled__2024-09-14T00:00:00+00:00'
[2024-12-20T10:28:47.392+0000] {taskinstance.py:731} INFO - ::endgroup::
[2024-12-20T10:28:47.398+0000] {logging_mixin.py:190} INFO - My name is Jerry. I am 19 years old.
[2024-12-20T10:28:47.401+0000] {python.py:240} INFO - Done. Returned value was: None
[2024-12-20T10:28:47.416+0000] {taskinstance.py:340} INFO - ::group::Post task execution logs
[2024-12-20T10:28:47.418+0000] {taskinstance.py:352} INFO - Marking task as SUCCESS. dag_id=dag_with_taskflow_api, task_id=greet, run_id=scheduled__2024-09-14T00:00:00+00:00, execution_date=20240914T000000, start_date=20241220T102846, end_date=20241220T102847
[2024-12-20T10:28:47.521+0000] {local_task_job_runner.py:266} INFO - Task exited with return code 0
[2024-12-20T10:28:47.558+0000] {taskinstance.py:3895} INFO - 0 downstream tasks scheduled from follow-on schedule check
[2024-12-20T10:28:47.568+0000] {local_task_job_runner.py:245} INFO - ::endgroup::
