[2024-12-19T13:52:13.105+0000] {local_task_job_runner.py:123} INFO - ::group::Pre task execution logs
[2024-12-19T13:52:13.138+0000] {taskinstance.py:2613} INFO - Dependencies all met for dep_context=non-requeueable deps ti=<TaskInstance: dag_with_taskflow_api.get_age scheduled__2024-11-30T00:00:00+00:00 [queued]>
[2024-12-19T13:52:13.175+0000] {taskinstance.py:2613} INFO - Dependencies all met for dep_context=requeueable deps ti=<TaskInstance: dag_with_taskflow_api.get_age scheduled__2024-11-30T00:00:00+00:00 [queued]>
[2024-12-19T13:52:13.180+0000] {taskinstance.py:2866} INFO - Starting attempt 1 of 6
[2024-12-19T13:52:13.220+0000] {taskinstance.py:2889} INFO - Executing <Task(_PythonDecoratedOperator): get_age> on 2024-11-30 00:00:00+00:00
[2024-12-19T13:52:13.255+0000] {logging_mixin.py:190} WARNING - /home/***/.local/lib/python3.12/site-packages/***/task/task_runner/standard_task_runner.py:70 DeprecationWarning: This process (pid=16707) is multi-threaded, use of fork() may lead to deadlocks in the child.
[2024-12-19T13:52:13.264+0000] {standard_task_runner.py:72} INFO - Started process 16717 to run task
[2024-12-19T13:52:13.270+0000] {standard_task_runner.py:104} INFO - Running: ['***', 'tasks', 'run', 'dag_with_taskflow_api', 'get_age', 'scheduled__2024-11-30T00:00:00+00:00', '--job-id', '4546', '--raw', '--subdir', 'DAGS_FOLDER/dag_with_taskflow_api.py', '--cfg-path', '/tmp/tmpkf1pf_7y']
[2024-12-19T13:52:13.280+0000] {standard_task_runner.py:105} INFO - Job 4546: Subtask get_age
[2024-12-19T13:52:13.420+0000] {task_command.py:467} INFO - Running <TaskInstance: dag_with_taskflow_api.get_age scheduled__2024-11-30T00:00:00+00:00 [running]> on host 02d979add40a
[2024-12-19T13:52:13.938+0000] {taskinstance.py:3132} INFO - Exporting env vars: AIRFLOW_CTX_DAG_OWNER='mateo' AIRFLOW_CTX_DAG_ID='dag_with_taskflow_api' AIRFLOW_CTX_TASK_ID='get_age' AIRFLOW_CTX_EXECUTION_DATE='2024-11-30T00:00:00+00:00' AIRFLOW_CTX_TRY_NUMBER='1' AIRFLOW_CTX_DAG_RUN_ID='scheduled__2024-11-30T00:00:00+00:00'
[2024-12-19T13:52:13.943+0000] {taskinstance.py:731} INFO - ::endgroup::
[2024-12-19T13:52:13.953+0000] {python.py:240} INFO - Done. Returned value was: 19
[2024-12-19T13:52:14.046+0000] {taskinstance.py:340} INFO - ::group::Post task execution logs
[2024-12-19T13:52:14.052+0000] {taskinstance.py:352} INFO - Marking task as SUCCESS. dag_id=dag_with_taskflow_api, task_id=get_age, run_id=scheduled__2024-11-30T00:00:00+00:00, execution_date=20241130T000000, start_date=20241219T135213, end_date=20241219T135214
[2024-12-19T13:52:14.267+0000] {local_task_job_runner.py:266} INFO - Task exited with return code 0
[2024-12-19T13:52:14.304+0000] {taskinstance.py:3895} INFO - 0 downstream tasks scheduled from follow-on schedule check
[2024-12-19T13:52:14.307+0000] {local_task_job_runner.py:245} INFO - ::endgroup::
[2024-12-20T10:29:43.578+0000] {local_task_job_runner.py:123} INFO - ::group::Pre task execution logs
[2024-12-20T10:29:43.630+0000] {taskinstance.py:2613} INFO - Dependencies all met for dep_context=non-requeueable deps ti=<TaskInstance: dag_with_taskflow_api.get_age scheduled__2024-11-30T00:00:00+00:00 [queued]>
[2024-12-20T10:29:43.648+0000] {taskinstance.py:2613} INFO - Dependencies all met for dep_context=requeueable deps ti=<TaskInstance: dag_with_taskflow_api.get_age scheduled__2024-11-30T00:00:00+00:00 [queued]>
[2024-12-20T10:29:43.650+0000] {taskinstance.py:2866} INFO - Starting attempt 1 of 6
[2024-12-20T10:29:43.718+0000] {taskinstance.py:2889} INFO - Executing <Task(_PythonDecoratedOperator): get_age> on 2024-11-30 00:00:00+00:00
[2024-12-20T10:29:43.751+0000] {logging_mixin.py:190} WARNING - /home/***/.local/lib/python3.12/site-packages/***/task/task_runner/standard_task_runner.py:70 DeprecationWarning: This process (pid=13316) is multi-threaded, use of fork() may lead to deadlocks in the child.
[2024-12-20T10:29:43.755+0000] {standard_task_runner.py:72} INFO - Started process 13331 to run task
[2024-12-20T10:29:43.753+0000] {standard_task_runner.py:104} INFO - Running: ['***', 'tasks', 'run', 'dag_with_taskflow_api', 'get_age', 'scheduled__2024-11-30T00:00:00+00:00', '--job-id', '4861', '--raw', '--subdir', 'DAGS_FOLDER/dag_with_taskflow_api.py', '--cfg-path', '/tmp/tmpgdx98qke']
[2024-12-20T10:29:43.772+0000] {standard_task_runner.py:105} INFO - Job 4861: Subtask get_age
[2024-12-20T10:29:43.878+0000] {task_command.py:467} INFO - Running <TaskInstance: dag_with_taskflow_api.get_age scheduled__2024-11-30T00:00:00+00:00 [running]> on host a998b5b3d359
[2024-12-20T10:29:44.072+0000] {taskinstance.py:3132} INFO - Exporting env vars: AIRFLOW_CTX_DAG_OWNER='mateo' AIRFLOW_CTX_DAG_ID='dag_with_taskflow_api' AIRFLOW_CTX_TASK_ID='get_age' AIRFLOW_CTX_EXECUTION_DATE='2024-11-30T00:00:00+00:00' AIRFLOW_CTX_TRY_NUMBER='1' AIRFLOW_CTX_DAG_RUN_ID='scheduled__2024-11-30T00:00:00+00:00'
[2024-12-20T10:29:44.074+0000] {taskinstance.py:731} INFO - ::endgroup::
[2024-12-20T10:29:44.083+0000] {python.py:240} INFO - Done. Returned value was: 19
[2024-12-20T10:29:44.144+0000] {taskinstance.py:340} INFO - ::group::Post task execution logs
[2024-12-20T10:29:44.149+0000] {taskinstance.py:352} INFO - Marking task as SUCCESS. dag_id=dag_with_taskflow_api, task_id=get_age, run_id=scheduled__2024-11-30T00:00:00+00:00, execution_date=20241130T000000, start_date=20241220T102943, end_date=20241220T102944
[2024-12-20T10:29:44.200+0000] {local_task_job_runner.py:266} INFO - Task exited with return code 0
[2024-12-20T10:29:44.219+0000] {local_task_job_runner.py:245} INFO - ::endgroup::
