[2024-12-19T13:51:52.161+0000] {local_task_job_runner.py:123} INFO - ::group::Pre task execution logs
[2024-12-19T13:51:52.225+0000] {taskinstance.py:2613} INFO - Dependencies all met for dep_context=non-requeueable deps ti=<TaskInstance: dag_with_taskflow_api.get_name scheduled__2024-11-05T00:00:00+00:00 [queued]>
[2024-12-19T13:51:52.270+0000] {taskinstance.py:2613} INFO - Dependencies all met for dep_context=requeueable deps ti=<TaskInstance: dag_with_taskflow_api.get_name scheduled__2024-11-05T00:00:00+00:00 [queued]>
[2024-12-19T13:51:52.272+0000] {taskinstance.py:2866} INFO - Starting attempt 1 of 6
[2024-12-19T13:51:52.365+0000] {taskinstance.py:2889} INFO - Executing <Task(_PythonDecoratedOperator): get_name> on 2024-11-05 00:00:00+00:00
[2024-12-19T13:51:52.396+0000] {logging_mixin.py:190} WARNING - /home/***/.local/lib/python3.12/site-packages/***/task/task_runner/standard_task_runner.py:70 DeprecationWarning: This process (pid=16442) is multi-threaded, use of fork() may lead to deadlocks in the child.
[2024-12-19T13:51:52.402+0000] {standard_task_runner.py:72} INFO - Started process 16464 to run task
[2024-12-19T13:51:52.421+0000] {standard_task_runner.py:104} INFO - Running: ['***', 'tasks', 'run', 'dag_with_taskflow_api', 'get_name', 'scheduled__2024-11-05T00:00:00+00:00', '--job-id', '4466', '--raw', '--subdir', 'DAGS_FOLDER/dag_with_taskflow_api.py', '--cfg-path', '/tmp/tmpwuiba0s7']
[2024-12-19T13:51:52.427+0000] {standard_task_runner.py:105} INFO - Job 4466: Subtask get_name
[2024-12-19T13:51:52.594+0000] {task_command.py:467} INFO - Running <TaskInstance: dag_with_taskflow_api.get_name scheduled__2024-11-05T00:00:00+00:00 [running]> on host 02d979add40a
[2024-12-19T13:51:52.942+0000] {taskinstance.py:3132} INFO - Exporting env vars: AIRFLOW_CTX_DAG_OWNER='mateo' AIRFLOW_CTX_DAG_ID='dag_with_taskflow_api' AIRFLOW_CTX_TASK_ID='get_name' AIRFLOW_CTX_EXECUTION_DATE='2024-11-05T00:00:00+00:00' AIRFLOW_CTX_TRY_NUMBER='1' AIRFLOW_CTX_DAG_RUN_ID='scheduled__2024-11-05T00:00:00+00:00'
[2024-12-19T13:51:52.944+0000] {taskinstance.py:731} INFO - ::endgroup::
[2024-12-19T13:51:52.956+0000] {python.py:240} INFO - Done. Returned value was: Jerry
[2024-12-19T13:51:53.019+0000] {taskinstance.py:340} INFO - ::group::Post task execution logs
[2024-12-19T13:51:53.021+0000] {taskinstance.py:352} INFO - Marking task as SUCCESS. dag_id=dag_with_taskflow_api, task_id=get_name, run_id=scheduled__2024-11-05T00:00:00+00:00, execution_date=20241105T000000, start_date=20241219T135152, end_date=20241219T135153
[2024-12-19T13:51:53.112+0000] {local_task_job_runner.py:266} INFO - Task exited with return code 0
[2024-12-19T13:51:53.136+0000] {local_task_job_runner.py:245} INFO - ::endgroup::
[2024-12-20T10:29:27.340+0000] {local_task_job_runner.py:123} INFO - ::group::Pre task execution logs
[2024-12-20T10:29:27.362+0000] {taskinstance.py:2613} INFO - Dependencies all met for dep_context=non-requeueable deps ti=<TaskInstance: dag_with_taskflow_api.get_name scheduled__2024-11-05T00:00:00+00:00 [queued]>
[2024-12-20T10:29:27.376+0000] {taskinstance.py:2613} INFO - Dependencies all met for dep_context=requeueable deps ti=<TaskInstance: dag_with_taskflow_api.get_name scheduled__2024-11-05T00:00:00+00:00 [queued]>
[2024-12-20T10:29:27.385+0000] {taskinstance.py:2866} INFO - Starting attempt 1 of 6
[2024-12-20T10:29:27.424+0000] {taskinstance.py:2889} INFO - Executing <Task(_PythonDecoratedOperator): get_name> on 2024-11-05 00:00:00+00:00
[2024-12-20T10:29:27.436+0000] {standard_task_runner.py:104} INFO - Running: ['***', 'tasks', 'run', 'dag_with_taskflow_api', 'get_name', 'scheduled__2024-11-05T00:00:00+00:00', '--job-id', '4786', '--raw', '--subdir', 'DAGS_FOLDER/dag_with_taskflow_api.py', '--cfg-path', '/tmp/tmpvecbi382']
[2024-12-20T10:29:27.439+0000] {logging_mixin.py:190} WARNING - /home/***/.local/lib/python3.12/site-packages/***/task/task_runner/standard_task_runner.py:70 DeprecationWarning: This process (pid=13082) is multi-threaded, use of fork() may lead to deadlocks in the child.
[2024-12-20T10:29:27.445+0000] {standard_task_runner.py:72} INFO - Started process 13092 to run task
[2024-12-20T10:29:27.441+0000] {standard_task_runner.py:105} INFO - Job 4786: Subtask get_name
[2024-12-20T10:29:27.553+0000] {task_command.py:467} INFO - Running <TaskInstance: dag_with_taskflow_api.get_name scheduled__2024-11-05T00:00:00+00:00 [running]> on host a998b5b3d359
[2024-12-20T10:29:27.722+0000] {taskinstance.py:3132} INFO - Exporting env vars: AIRFLOW_CTX_DAG_OWNER='mateo' AIRFLOW_CTX_DAG_ID='dag_with_taskflow_api' AIRFLOW_CTX_TASK_ID='get_name' AIRFLOW_CTX_EXECUTION_DATE='2024-11-05T00:00:00+00:00' AIRFLOW_CTX_TRY_NUMBER='1' AIRFLOW_CTX_DAG_RUN_ID='scheduled__2024-11-05T00:00:00+00:00'
[2024-12-20T10:29:27.724+0000] {taskinstance.py:731} INFO - ::endgroup::
[2024-12-20T10:29:27.729+0000] {python.py:240} INFO - Done. Returned value was: Jerry
[2024-12-20T10:29:27.774+0000] {taskinstance.py:340} INFO - ::group::Post task execution logs
[2024-12-20T10:29:27.776+0000] {taskinstance.py:352} INFO - Marking task as SUCCESS. dag_id=dag_with_taskflow_api, task_id=get_name, run_id=scheduled__2024-11-05T00:00:00+00:00, execution_date=20241105T000000, start_date=20241220T102927, end_date=20241220T102927
[2024-12-20T10:29:27.856+0000] {local_task_job_runner.py:266} INFO - Task exited with return code 0
[2024-12-20T10:29:27.874+0000] {local_task_job_runner.py:245} INFO - ::endgroup::
