[2024-12-19T13:51:49.780+0000] {local_task_job_runner.py:123} INFO - ::group::Pre task execution logs
[2024-12-19T13:51:49.818+0000] {taskinstance.py:2613} INFO - Dependencies all met for dep_context=non-requeueable deps ti=<TaskInstance: dag_with_taskflow_api.get_age scheduled__2024-10-29T00:00:00+00:00 [queued]>
[2024-12-19T13:51:49.836+0000] {taskinstance.py:2613} INFO - Dependencies all met for dep_context=requeueable deps ti=<TaskInstance: dag_with_taskflow_api.get_age scheduled__2024-10-29T00:00:00+00:00 [queued]>
[2024-12-19T13:51:49.837+0000] {taskinstance.py:2866} INFO - Starting attempt 1 of 6
[2024-12-19T13:51:49.860+0000] {taskinstance.py:2889} INFO - Executing <Task(_PythonDecoratedOperator): get_age> on 2024-10-29 00:00:00+00:00
[2024-12-19T13:51:49.878+0000] {logging_mixin.py:190} WARNING - /home/***/.local/lib/python3.12/site-packages/***/task/task_runner/standard_task_runner.py:70 DeprecationWarning: This process (pid=16404) is multi-threaded, use of fork() may lead to deadlocks in the child.
[2024-12-19T13:51:49.881+0000] {standard_task_runner.py:72} INFO - Started process 16414 to run task
[2024-12-19T13:51:49.881+0000] {standard_task_runner.py:104} INFO - Running: ['***', 'tasks', 'run', 'dag_with_taskflow_api', 'get_age', 'scheduled__2024-10-29T00:00:00+00:00', '--job-id', '4451', '--raw', '--subdir', 'DAGS_FOLDER/dag_with_taskflow_api.py', '--cfg-path', '/tmp/tmpjqht0g81']
[2024-12-19T13:51:49.898+0000] {standard_task_runner.py:105} INFO - Job 4451: Subtask get_age
[2024-12-19T13:51:50.028+0000] {task_command.py:467} INFO - Running <TaskInstance: dag_with_taskflow_api.get_age scheduled__2024-10-29T00:00:00+00:00 [running]> on host 02d979add40a
[2024-12-19T13:51:50.257+0000] {taskinstance.py:3132} INFO - Exporting env vars: AIRFLOW_CTX_DAG_OWNER='mateo' AIRFLOW_CTX_DAG_ID='dag_with_taskflow_api' AIRFLOW_CTX_TASK_ID='get_age' AIRFLOW_CTX_EXECUTION_DATE='2024-10-29T00:00:00+00:00' AIRFLOW_CTX_TRY_NUMBER='1' AIRFLOW_CTX_DAG_RUN_ID='scheduled__2024-10-29T00:00:00+00:00'
[2024-12-19T13:51:50.273+0000] {taskinstance.py:731} INFO - ::endgroup::
[2024-12-19T13:51:50.279+0000] {python.py:240} INFO - Done. Returned value was: 19
[2024-12-19T13:51:50.352+0000] {taskinstance.py:340} INFO - ::group::Post task execution logs
[2024-12-19T13:51:50.357+0000] {taskinstance.py:352} INFO - Marking task as SUCCESS. dag_id=dag_with_taskflow_api, task_id=get_age, run_id=scheduled__2024-10-29T00:00:00+00:00, execution_date=20241029T000000, start_date=20241219T135149, end_date=20241219T135150
[2024-12-19T13:51:50.473+0000] {local_task_job_runner.py:266} INFO - Task exited with return code 0
[2024-12-19T13:51:50.499+0000] {local_task_job_runner.py:245} INFO - ::endgroup::
[2024-12-20T10:29:20.532+0000] {local_task_job_runner.py:123} INFO - ::group::Pre task execution logs
[2024-12-20T10:29:20.557+0000] {taskinstance.py:2613} INFO - Dependencies all met for dep_context=non-requeueable deps ti=<TaskInstance: dag_with_taskflow_api.get_age scheduled__2024-10-29T00:00:00+00:00 [queued]>
[2024-12-20T10:29:20.566+0000] {taskinstance.py:2613} INFO - Dependencies all met for dep_context=requeueable deps ti=<TaskInstance: dag_with_taskflow_api.get_age scheduled__2024-10-29T00:00:00+00:00 [queued]>
[2024-12-20T10:29:20.567+0000] {taskinstance.py:2866} INFO - Starting attempt 1 of 6
[2024-12-20T10:29:20.585+0000] {taskinstance.py:2889} INFO - Executing <Task(_PythonDecoratedOperator): get_age> on 2024-10-29 00:00:00+00:00
[2024-12-20T10:29:20.601+0000] {logging_mixin.py:190} WARNING - /home/***/.local/lib/python3.12/site-packages/***/task/task_runner/standard_task_runner.py:70 DeprecationWarning: This process (pid=13015) is multi-threaded, use of fork() may lead to deadlocks in the child.
[2024-12-20T10:29:20.603+0000] {standard_task_runner.py:72} INFO - Started process 13026 to run task
[2024-12-20T10:29:20.605+0000] {standard_task_runner.py:104} INFO - Running: ['***', 'tasks', 'run', 'dag_with_taskflow_api', 'get_age', 'scheduled__2024-10-29T00:00:00+00:00', '--job-id', '4763', '--raw', '--subdir', 'DAGS_FOLDER/dag_with_taskflow_api.py', '--cfg-path', '/tmp/tmpa3emmvfx']
[2024-12-20T10:29:20.624+0000] {standard_task_runner.py:105} INFO - Job 4763: Subtask get_age
[2024-12-20T10:29:20.758+0000] {task_command.py:467} INFO - Running <TaskInstance: dag_with_taskflow_api.get_age scheduled__2024-10-29T00:00:00+00:00 [running]> on host a998b5b3d359
[2024-12-20T10:29:20.890+0000] {taskinstance.py:3132} INFO - Exporting env vars: AIRFLOW_CTX_DAG_OWNER='mateo' AIRFLOW_CTX_DAG_ID='dag_with_taskflow_api' AIRFLOW_CTX_TASK_ID='get_age' AIRFLOW_CTX_EXECUTION_DATE='2024-10-29T00:00:00+00:00' AIRFLOW_CTX_TRY_NUMBER='1' AIRFLOW_CTX_DAG_RUN_ID='scheduled__2024-10-29T00:00:00+00:00'
[2024-12-20T10:29:20.892+0000] {taskinstance.py:731} INFO - ::endgroup::
[2024-12-20T10:29:20.895+0000] {python.py:240} INFO - Done. Returned value was: 19
[2024-12-20T10:29:20.928+0000] {taskinstance.py:340} INFO - ::group::Post task execution logs
[2024-12-20T10:29:20.929+0000] {taskinstance.py:352} INFO - Marking task as SUCCESS. dag_id=dag_with_taskflow_api, task_id=get_age, run_id=scheduled__2024-10-29T00:00:00+00:00, execution_date=20241029T000000, start_date=20241220T102920, end_date=20241220T102920
[2024-12-20T10:29:20.984+0000] {local_task_job_runner.py:266} INFO - Task exited with return code 0
[2024-12-20T10:29:21.013+0000] {taskinstance.py:3895} INFO - 1 downstream tasks scheduled from follow-on schedule check
[2024-12-20T10:29:21.018+0000] {local_task_job_runner.py:245} INFO - ::endgroup::
