[2024-12-19T08:58:22.011+0000] {local_task_job_runner.py:123} INFO - ::group::Pre task execution logs
[2024-12-19T08:58:22.031+0000] {taskinstance.py:2613} INFO - Dependencies all met for dep_context=non-requeueable deps ti=<TaskInstance: our_first_dag_v2.third_task scheduled__2023-12-06T00:00:00+00:00 [queued]>
[2024-12-19T08:58:22.044+0000] {taskinstance.py:2613} INFO - Dependencies all met for dep_context=requeueable deps ti=<TaskInstance: our_first_dag_v2.third_task scheduled__2023-12-06T00:00:00+00:00 [queued]>
[2024-12-19T08:58:22.045+0000] {taskinstance.py:2866} INFO - Starting attempt 1 of 6
[2024-12-19T08:58:22.063+0000] {taskinstance.py:2889} INFO - Executing <Task(BashOperator): third_task> on 2023-12-06 00:00:00+00:00
[2024-12-19T08:58:22.077+0000] {logging_mixin.py:190} WARNING - /home/***/.local/lib/python3.12/site-packages/***/task/task_runner/standard_task_runner.py:70 DeprecationWarning: This process (pid=9733) is multi-threaded, use of fork() may lead to deadlocks in the child.
[2024-12-19T08:58:22.077+0000] {standard_task_runner.py:104} INFO - Running: ['***', 'tasks', 'run', 'our_first_dag_v2', 'third_task', 'scheduled__2023-12-06T00:00:00+00:00', '--job-id', '2247', '--raw', '--subdir', 'DAGS_FOLDER/our_first_dag.py', '--cfg-path', '/tmp/tmprz28l7oy']
[2024-12-19T08:58:22.081+0000] {standard_task_runner.py:105} INFO - Job 2247: Subtask third_task
[2024-12-19T08:58:22.080+0000] {standard_task_runner.py:72} INFO - Started process 9742 to run task
[2024-12-19T08:58:22.144+0000] {task_command.py:467} INFO - Running <TaskInstance: our_first_dag_v2.third_task scheduled__2023-12-06T00:00:00+00:00 [running]> on host 8d142e9c83a7
[2024-12-19T08:58:22.247+0000] {taskinstance.py:3132} INFO - Exporting env vars: AIRFLOW_CTX_DAG_OWNER='mateo' AIRFLOW_CTX_DAG_ID='our_first_dag_v2' AIRFLOW_CTX_TASK_ID='third_task' AIRFLOW_CTX_EXECUTION_DATE='2023-12-06T00:00:00+00:00' AIRFLOW_CTX_TRY_NUMBER='1' AIRFLOW_CTX_DAG_RUN_ID='scheduled__2023-12-06T00:00:00+00:00'
[2024-12-19T08:58:22.248+0000] {taskinstance.py:731} INFO - ::endgroup::
[2024-12-19T08:58:22.270+0000] {subprocess.py:78} INFO - Tmp dir root location: /tmp
[2024-12-19T08:58:22.272+0000] {subprocess.py:88} INFO - Running command: ['/usr/bin/bash', '-c', 'echo I am the third task and I will be executed at the same time as the second task.']
[2024-12-19T08:58:22.288+0000] {subprocess.py:99} INFO - Output:
[2024-12-19T08:58:22.290+0000] {subprocess.py:106} INFO - I am the third task and I will be executed at the same time as the second task.
[2024-12-19T08:58:22.291+0000] {subprocess.py:110} INFO - Command exited with return code 0
[2024-12-19T08:58:22.323+0000] {taskinstance.py:340} INFO - ::group::Post task execution logs
[2024-12-19T08:58:22.325+0000] {taskinstance.py:352} INFO - Marking task as SUCCESS. dag_id=our_first_dag_v2, task_id=third_task, run_id=scheduled__2023-12-06T00:00:00+00:00, execution_date=20231206T000000, start_date=20241219T085822, end_date=20241219T085822
[2024-12-19T08:58:22.383+0000] {local_task_job_runner.py:266} INFO - Task exited with return code 0
[2024-12-19T08:58:22.398+0000] {taskinstance.py:3895} INFO - 0 downstream tasks scheduled from follow-on schedule check
[2024-12-19T08:58:22.400+0000] {local_task_job_runner.py:245} INFO - ::endgroup::
