[2024-12-19T13:52:23.031+0000] {local_task_job_runner.py:123} INFO - ::group::Pre task execution logs
[2024-12-19T13:52:23.071+0000] {taskinstance.py:2613} INFO - Dependencies all met for dep_context=non-requeueable deps ti=<TaskInstance: dag_with_taskflow_api.get_name scheduled__2024-12-17T00:00:00+00:00 [queued]>
[2024-12-19T13:52:23.098+0000] {taskinstance.py:2613} INFO - Dependencies all met for dep_context=requeueable deps ti=<TaskInstance: dag_with_taskflow_api.get_name scheduled__2024-12-17T00:00:00+00:00 [queued]>
[2024-12-19T13:52:23.104+0000] {taskinstance.py:2866} INFO - Starting attempt 1 of 6
[2024-12-19T13:52:23.154+0000] {taskinstance.py:2889} INFO - Executing <Task(_PythonDecoratedOperator): get_name> on 2024-12-17 00:00:00+00:00
[2024-12-19T13:52:23.183+0000] {logging_mixin.py:190} WARNING - /home/***/.local/lib/python3.12/site-packages/***/task/task_runner/standard_task_runner.py:70 DeprecationWarning: This process (pid=16858) is multi-threaded, use of fork() may lead to deadlocks in the child.
[2024-12-19T13:52:23.190+0000] {standard_task_runner.py:72} INFO - Started process 16870 to run task
[2024-12-19T13:52:23.184+0000] {standard_task_runner.py:104} INFO - Running: ['***', 'tasks', 'run', 'dag_with_taskflow_api', 'get_name', 'scheduled__2024-12-17T00:00:00+00:00', '--job-id', '4593', '--raw', '--subdir', 'DAGS_FOLDER/dag_with_taskflow_api.py', '--cfg-path', '/tmp/tmpbn4dm7gx']
[2024-12-19T13:52:23.213+0000] {standard_task_runner.py:105} INFO - Job 4593: Subtask get_name
[2024-12-19T13:52:23.330+0000] {task_command.py:467} INFO - Running <TaskInstance: dag_with_taskflow_api.get_name scheduled__2024-12-17T00:00:00+00:00 [running]> on host 02d979add40a
[2024-12-19T13:52:23.977+0000] {taskinstance.py:3132} INFO - Exporting env vars: AIRFLOW_CTX_DAG_OWNER='mateo' AIRFLOW_CTX_DAG_ID='dag_with_taskflow_api' AIRFLOW_CTX_TASK_ID='get_name' AIRFLOW_CTX_EXECUTION_DATE='2024-12-17T00:00:00+00:00' AIRFLOW_CTX_TRY_NUMBER='1' AIRFLOW_CTX_DAG_RUN_ID='scheduled__2024-12-17T00:00:00+00:00'
[2024-12-19T13:52:23.982+0000] {taskinstance.py:731} INFO - ::endgroup::
[2024-12-19T13:52:23.988+0000] {python.py:240} INFO - Done. Returned value was: Jerry
[2024-12-19T13:52:24.037+0000] {taskinstance.py:340} INFO - ::group::Post task execution logs
[2024-12-19T13:52:24.039+0000] {taskinstance.py:352} INFO - Marking task as SUCCESS. dag_id=dag_with_taskflow_api, task_id=get_name, run_id=scheduled__2024-12-17T00:00:00+00:00, execution_date=20241217T000000, start_date=20241219T135223, end_date=20241219T135224
[2024-12-19T13:52:24.121+0000] {local_task_job_runner.py:266} INFO - Task exited with return code 0
[2024-12-19T13:52:24.160+0000] {taskinstance.py:3895} INFO - 1 downstream tasks scheduled from follow-on schedule check
[2024-12-19T13:52:24.167+0000] {local_task_job_runner.py:245} INFO - ::endgroup::
[2024-12-20T10:29:58.744+0000] {local_task_job_runner.py:123} INFO - ::group::Pre task execution logs
[2024-12-20T10:29:58.765+0000] {taskinstance.py:2613} INFO - Dependencies all met for dep_context=non-requeueable deps ti=<TaskInstance: dag_with_taskflow_api.get_name scheduled__2024-12-17T00:00:00+00:00 [queued]>
[2024-12-20T10:29:58.775+0000] {taskinstance.py:2613} INFO - Dependencies all met for dep_context=requeueable deps ti=<TaskInstance: dag_with_taskflow_api.get_name scheduled__2024-12-17T00:00:00+00:00 [queued]>
[2024-12-20T10:29:58.776+0000] {taskinstance.py:2866} INFO - Starting attempt 1 of 6
[2024-12-20T10:29:58.792+0000] {taskinstance.py:2889} INFO - Executing <Task(_PythonDecoratedOperator): get_name> on 2024-12-17 00:00:00+00:00
[2024-12-20T10:29:58.805+0000] {logging_mixin.py:190} WARNING - /home/***/.local/lib/python3.12/site-packages/***/task/task_runner/standard_task_runner.py:70 DeprecationWarning: This process (pid=13506) is multi-threaded, use of fork() may lead to deadlocks in the child.
[2024-12-20T10:29:58.808+0000] {standard_task_runner.py:72} INFO - Started process 13510 to run task
[2024-12-20T10:29:58.808+0000] {standard_task_runner.py:104} INFO - Running: ['***', 'tasks', 'run', 'dag_with_taskflow_api', 'get_name', 'scheduled__2024-12-17T00:00:00+00:00', '--job-id', '4913', '--raw', '--subdir', 'DAGS_FOLDER/dag_with_taskflow_api.py', '--cfg-path', '/tmp/tmpiwj3tmm5']
[2024-12-20T10:29:58.812+0000] {standard_task_runner.py:105} INFO - Job 4913: Subtask get_name
[2024-12-20T10:29:58.870+0000] {task_command.py:467} INFO - Running <TaskInstance: dag_with_taskflow_api.get_name scheduled__2024-12-17T00:00:00+00:00 [running]> on host a998b5b3d359
[2024-12-20T10:29:58.972+0000] {taskinstance.py:3132} INFO - Exporting env vars: AIRFLOW_CTX_DAG_OWNER='mateo' AIRFLOW_CTX_DAG_ID='dag_with_taskflow_api' AIRFLOW_CTX_TASK_ID='get_name' AIRFLOW_CTX_EXECUTION_DATE='2024-12-17T00:00:00+00:00' AIRFLOW_CTX_TRY_NUMBER='1' AIRFLOW_CTX_DAG_RUN_ID='scheduled__2024-12-17T00:00:00+00:00'
[2024-12-20T10:29:58.974+0000] {taskinstance.py:731} INFO - ::endgroup::
[2024-12-20T10:29:58.978+0000] {python.py:240} INFO - Done. Returned value was: Jerry
[2024-12-20T10:29:59.004+0000] {taskinstance.py:340} INFO - ::group::Post task execution logs
[2024-12-20T10:29:59.006+0000] {taskinstance.py:352} INFO - Marking task as SUCCESS. dag_id=dag_with_taskflow_api, task_id=get_name, run_id=scheduled__2024-12-17T00:00:00+00:00, execution_date=20241217T000000, start_date=20241220T102958, end_date=20241220T102959
[2024-12-20T10:29:59.073+0000] {local_task_job_runner.py:266} INFO - Task exited with return code 0
[2024-12-20T10:29:59.089+0000] {local_task_job_runner.py:245} INFO - ::endgroup::
