[2024-12-19T13:52:05.781+0000] {local_task_job_runner.py:123} INFO - ::group::Pre task execution logs
[2024-12-19T13:52:05.843+0000] {taskinstance.py:2613} INFO - Dependencies all met for dep_context=non-requeueable deps ti=<TaskInstance: dag_with_taskflow_api.get_age scheduled__2024-11-22T00:00:00+00:00 [queued]>
[2024-12-19T13:52:05.858+0000] {taskinstance.py:2613} INFO - Dependencies all met for dep_context=requeueable deps ti=<TaskInstance: dag_with_taskflow_api.get_age scheduled__2024-11-22T00:00:00+00:00 [queued]>
[2024-12-19T13:52:05.861+0000] {taskinstance.py:2866} INFO - Starting attempt 1 of 6
[2024-12-19T13:52:05.960+0000] {taskinstance.py:2889} INFO - Executing <Task(_PythonDecoratedOperator): get_age> on 2024-11-22 00:00:00+00:00
[2024-12-19T13:52:05.996+0000] {logging_mixin.py:190} WARNING - /home/***/.local/lib/python3.12/site-packages/***/task/task_runner/standard_task_runner.py:70 DeprecationWarning: This process (pid=16609) is multi-threaded, use of fork() may lead to deadlocks in the child.
[2024-12-19T13:52:06.005+0000] {standard_task_runner.py:72} INFO - Started process 16622 to run task
[2024-12-19T13:52:06.030+0000] {standard_task_runner.py:104} INFO - Running: ['***', 'tasks', 'run', 'dag_with_taskflow_api', 'get_age', 'scheduled__2024-11-22T00:00:00+00:00', '--job-id', '4518', '--raw', '--subdir', 'DAGS_FOLDER/dag_with_taskflow_api.py', '--cfg-path', '/tmp/tmpi259391a']
[2024-12-19T13:52:06.044+0000] {standard_task_runner.py:105} INFO - Job 4518: Subtask get_age
[2024-12-19T13:52:06.214+0000] {task_command.py:467} INFO - Running <TaskInstance: dag_with_taskflow_api.get_age scheduled__2024-11-22T00:00:00+00:00 [running]> on host 02d979add40a
[2024-12-19T13:52:06.535+0000] {taskinstance.py:3132} INFO - Exporting env vars: AIRFLOW_CTX_DAG_OWNER='mateo' AIRFLOW_CTX_DAG_ID='dag_with_taskflow_api' AIRFLOW_CTX_TASK_ID='get_age' AIRFLOW_CTX_EXECUTION_DATE='2024-11-22T00:00:00+00:00' AIRFLOW_CTX_TRY_NUMBER='1' AIRFLOW_CTX_DAG_RUN_ID='scheduled__2024-11-22T00:00:00+00:00'
[2024-12-19T13:52:06.542+0000] {taskinstance.py:731} INFO - ::endgroup::
[2024-12-19T13:52:06.556+0000] {python.py:240} INFO - Done. Returned value was: 19
[2024-12-19T13:52:06.629+0000] {taskinstance.py:340} INFO - ::group::Post task execution logs
[2024-12-19T13:52:06.642+0000] {taskinstance.py:352} INFO - Marking task as SUCCESS. dag_id=dag_with_taskflow_api, task_id=get_age, run_id=scheduled__2024-11-22T00:00:00+00:00, execution_date=20241122T000000, start_date=20241219T135205, end_date=20241219T135206
[2024-12-19T13:52:06.847+0000] {local_task_job_runner.py:266} INFO - Task exited with return code 0
[2024-12-19T13:52:06.876+0000] {local_task_job_runner.py:245} INFO - ::endgroup::
[2024-12-20T10:29:38.395+0000] {local_task_job_runner.py:123} INFO - ::group::Pre task execution logs
[2024-12-20T10:29:38.429+0000] {taskinstance.py:2613} INFO - Dependencies all met for dep_context=non-requeueable deps ti=<TaskInstance: dag_with_taskflow_api.get_age scheduled__2024-11-22T00:00:00+00:00 [queued]>
[2024-12-20T10:29:38.453+0000] {taskinstance.py:2613} INFO - Dependencies all met for dep_context=requeueable deps ti=<TaskInstance: dag_with_taskflow_api.get_age scheduled__2024-11-22T00:00:00+00:00 [queued]>
[2024-12-20T10:29:38.459+0000] {taskinstance.py:2866} INFO - Starting attempt 1 of 6
[2024-12-20T10:29:38.482+0000] {taskinstance.py:2889} INFO - Executing <Task(_PythonDecoratedOperator): get_age> on 2024-11-22 00:00:00+00:00
[2024-12-20T10:29:38.497+0000] {logging_mixin.py:190} WARNING - /home/***/.local/lib/python3.12/site-packages/***/task/task_runner/standard_task_runner.py:70 DeprecationWarning: This process (pid=13240) is multi-threaded, use of fork() may lead to deadlocks in the child.
[2024-12-20T10:29:38.497+0000] {standard_task_runner.py:104} INFO - Running: ['***', 'tasks', 'run', 'dag_with_taskflow_api', 'get_age', 'scheduled__2024-11-22T00:00:00+00:00', '--job-id', '4837', '--raw', '--subdir', 'DAGS_FOLDER/dag_with_taskflow_api.py', '--cfg-path', '/tmp/tmpx1n4meeu']
[2024-12-20T10:29:38.502+0000] {standard_task_runner.py:105} INFO - Job 4837: Subtask get_age
[2024-12-20T10:29:38.501+0000] {standard_task_runner.py:72} INFO - Started process 13250 to run task
[2024-12-20T10:29:38.576+0000] {task_command.py:467} INFO - Running <TaskInstance: dag_with_taskflow_api.get_age scheduled__2024-11-22T00:00:00+00:00 [running]> on host a998b5b3d359
[2024-12-20T10:29:38.673+0000] {taskinstance.py:3132} INFO - Exporting env vars: AIRFLOW_CTX_DAG_OWNER='mateo' AIRFLOW_CTX_DAG_ID='dag_with_taskflow_api' AIRFLOW_CTX_TASK_ID='get_age' AIRFLOW_CTX_EXECUTION_DATE='2024-11-22T00:00:00+00:00' AIRFLOW_CTX_TRY_NUMBER='1' AIRFLOW_CTX_DAG_RUN_ID='scheduled__2024-11-22T00:00:00+00:00'
[2024-12-20T10:29:38.675+0000] {taskinstance.py:731} INFO - ::endgroup::
[2024-12-20T10:29:38.678+0000] {python.py:240} INFO - Done. Returned value was: 19
[2024-12-20T10:29:38.706+0000] {taskinstance.py:340} INFO - ::group::Post task execution logs
[2024-12-20T10:29:38.708+0000] {taskinstance.py:352} INFO - Marking task as SUCCESS. dag_id=dag_with_taskflow_api, task_id=get_age, run_id=scheduled__2024-11-22T00:00:00+00:00, execution_date=20241122T000000, start_date=20241220T102938, end_date=20241220T102938
[2024-12-20T10:29:38.780+0000] {local_task_job_runner.py:266} INFO - Task exited with return code 0
[2024-12-20T10:29:38.804+0000] {local_task_job_runner.py:245} INFO - ::endgroup::
