[2024-12-19T08:58:26.397+0000] {local_task_job_runner.py:123} INFO - ::group::Pre task execution logs
[2024-12-19T08:58:26.433+0000] {taskinstance.py:2613} INFO - Dependencies all met for dep_context=non-requeueable deps ti=<TaskInstance: our_first_dag_v2.third_task scheduled__2023-12-10T00:00:00+00:00 [queued]>
[2024-12-19T08:58:26.447+0000] {taskinstance.py:2613} INFO - Dependencies all met for dep_context=requeueable deps ti=<TaskInstance: our_first_dag_v2.third_task scheduled__2023-12-10T00:00:00+00:00 [queued]>
[2024-12-19T08:58:26.449+0000] {taskinstance.py:2866} INFO - Starting attempt 1 of 6
[2024-12-19T08:58:26.488+0000] {taskinstance.py:2889} INFO - Executing <Task(BashOperator): third_task> on 2023-12-10 00:00:00+00:00
[2024-12-19T08:58:26.515+0000] {logging_mixin.py:190} WARNING - /home/***/.local/lib/python3.12/site-packages/***/task/task_runner/standard_task_runner.py:70 DeprecationWarning: This process (pid=9795) is multi-threaded, use of fork() may lead to deadlocks in the child.
[2024-12-19T08:58:26.519+0000] {standard_task_runner.py:72} INFO - Started process 9806 to run task
[2024-12-19T08:58:26.513+0000] {standard_task_runner.py:104} INFO - Running: ['***', 'tasks', 'run', 'our_first_dag_v2', 'third_task', 'scheduled__2023-12-10T00:00:00+00:00', '--job-id', '2261', '--raw', '--subdir', 'DAGS_FOLDER/our_first_dag.py', '--cfg-path', '/tmp/tmpg94lkidf']
[2024-12-19T08:58:26.535+0000] {standard_task_runner.py:105} INFO - Job 2261: Subtask third_task
[2024-12-19T08:58:26.693+0000] {task_command.py:467} INFO - Running <TaskInstance: our_first_dag_v2.third_task scheduled__2023-12-10T00:00:00+00:00 [running]> on host 8d142e9c83a7
[2024-12-19T08:58:26.882+0000] {taskinstance.py:3132} INFO - Exporting env vars: AIRFLOW_CTX_DAG_OWNER='mateo' AIRFLOW_CTX_DAG_ID='our_first_dag_v2' AIRFLOW_CTX_TASK_ID='third_task' AIRFLOW_CTX_EXECUTION_DATE='2023-12-10T00:00:00+00:00' AIRFLOW_CTX_TRY_NUMBER='1' AIRFLOW_CTX_DAG_RUN_ID='scheduled__2023-12-10T00:00:00+00:00'
[2024-12-19T08:58:26.888+0000] {taskinstance.py:731} INFO - ::endgroup::
[2024-12-19T08:58:26.971+0000] {subprocess.py:78} INFO - Tmp dir root location: /tmp
[2024-12-19T08:58:26.976+0000] {subprocess.py:88} INFO - Running command: ['/usr/bin/bash', '-c', 'echo I am the third task and I will be executed at the same time as the second task.']
[2024-12-19T08:58:27.029+0000] {subprocess.py:99} INFO - Output:
[2024-12-19T08:58:27.041+0000] {subprocess.py:106} INFO - I am the third task and I will be executed at the same time as the second task.
[2024-12-19T08:58:27.044+0000] {subprocess.py:110} INFO - Command exited with return code 0
[2024-12-19T08:58:27.103+0000] {taskinstance.py:340} INFO - ::group::Post task execution logs
[2024-12-19T08:58:27.104+0000] {taskinstance.py:352} INFO - Marking task as SUCCESS. dag_id=our_first_dag_v2, task_id=third_task, run_id=scheduled__2023-12-10T00:00:00+00:00, execution_date=20231210T000000, start_date=20241219T085826, end_date=20241219T085827
[2024-12-19T08:58:27.192+0000] {local_task_job_runner.py:266} INFO - Task exited with return code 0
[2024-12-19T08:58:27.218+0000] {local_task_job_runner.py:245} INFO - ::endgroup::
