[2024-12-19T13:52:09.467+0000] {local_task_job_runner.py:123} INFO - ::group::Pre task execution logs
[2024-12-19T13:52:09.508+0000] {taskinstance.py:2613} INFO - Dependencies all met for dep_context=non-requeueable deps ti=<TaskInstance: dag_with_taskflow_api.greet scheduled__2024-11-25T00:00:00+00:00 [queued]>
[2024-12-19T13:52:09.535+0000] {taskinstance.py:2613} INFO - Dependencies all met for dep_context=requeueable deps ti=<TaskInstance: dag_with_taskflow_api.greet scheduled__2024-11-25T00:00:00+00:00 [queued]>
[2024-12-19T13:52:09.545+0000] {taskinstance.py:2866} INFO - Starting attempt 1 of 6
[2024-12-19T13:52:09.585+0000] {taskinstance.py:2889} INFO - Executing <Task(_PythonDecoratedOperator): greet> on 2024-11-25 00:00:00+00:00
[2024-12-19T13:52:09.798+0000] {logging_mixin.py:190} WARNING - /home/***/.local/lib/python3.12/site-packages/***/task/task_runner/standard_task_runner.py:70 DeprecationWarning: This process (pid=16677) is multi-threaded, use of fork() may lead to deadlocks in the child.
[2024-12-19T13:52:09.835+0000] {standard_task_runner.py:72} INFO - Started process 16686 to run task
[2024-12-19T13:52:09.633+0000] {standard_task_runner.py:104} INFO - Running: ['***', 'tasks', 'run', 'dag_with_taskflow_api', 'greet', 'scheduled__2024-11-25T00:00:00+00:00', '--job-id', '4539', '--raw', '--subdir', 'DAGS_FOLDER/dag_with_taskflow_api.py', '--cfg-path', '/tmp/tmp5i607le2']
[2024-12-19T13:52:09.867+0000] {standard_task_runner.py:105} INFO - Job 4539: Subtask greet
[2024-12-19T13:52:10.069+0000] {task_command.py:467} INFO - Running <TaskInstance: dag_with_taskflow_api.greet scheduled__2024-11-25T00:00:00+00:00 [running]> on host 02d979add40a
[2024-12-19T13:52:10.433+0000] {taskinstance.py:3132} INFO - Exporting env vars: AIRFLOW_CTX_DAG_OWNER='mateo' AIRFLOW_CTX_DAG_ID='dag_with_taskflow_api' AIRFLOW_CTX_TASK_ID='greet' AIRFLOW_CTX_EXECUTION_DATE='2024-11-25T00:00:00+00:00' AIRFLOW_CTX_TRY_NUMBER='1' AIRFLOW_CTX_DAG_RUN_ID='scheduled__2024-11-25T00:00:00+00:00'
[2024-12-19T13:52:10.438+0000] {taskinstance.py:731} INFO - ::endgroup::
[2024-12-19T13:52:10.444+0000] {logging_mixin.py:190} INFO - My name is Jerry. I am 19 years old.
[2024-12-19T13:52:10.445+0000] {python.py:240} INFO - Done. Returned value was: None
[2024-12-19T13:52:10.464+0000] {taskinstance.py:340} INFO - ::group::Post task execution logs
[2024-12-19T13:52:10.466+0000] {taskinstance.py:352} INFO - Marking task as SUCCESS. dag_id=dag_with_taskflow_api, task_id=greet, run_id=scheduled__2024-11-25T00:00:00+00:00, execution_date=20241125T000000, start_date=20241219T135209, end_date=20241219T135210
[2024-12-19T13:52:10.513+0000] {local_task_job_runner.py:266} INFO - Task exited with return code 0
[2024-12-19T13:52:10.540+0000] {taskinstance.py:3895} INFO - 0 downstream tasks scheduled from follow-on schedule check
[2024-12-19T13:52:10.545+0000] {local_task_job_runner.py:245} INFO - ::endgroup::
[2024-12-20T10:29:40.883+0000] {local_task_job_runner.py:123} INFO - ::group::Pre task execution logs
[2024-12-20T10:29:40.914+0000] {taskinstance.py:2613} INFO - Dependencies all met for dep_context=non-requeueable deps ti=<TaskInstance: dag_with_taskflow_api.greet scheduled__2024-11-25T00:00:00+00:00 [queued]>
[2024-12-20T10:29:40.927+0000] {taskinstance.py:2613} INFO - Dependencies all met for dep_context=requeueable deps ti=<TaskInstance: dag_with_taskflow_api.greet scheduled__2024-11-25T00:00:00+00:00 [queued]>
[2024-12-20T10:29:40.928+0000] {taskinstance.py:2866} INFO - Starting attempt 1 of 6
[2024-12-20T10:29:40.949+0000] {taskinstance.py:2889} INFO - Executing <Task(_PythonDecoratedOperator): greet> on 2024-11-25 00:00:00+00:00
[2024-12-20T10:29:40.966+0000] {logging_mixin.py:190} WARNING - /home/***/.local/lib/python3.12/site-packages/***/task/task_runner/standard_task_runner.py:70 DeprecationWarning: This process (pid=13295) is multi-threaded, use of fork() may lead to deadlocks in the child.
[2024-12-20T10:29:40.968+0000] {standard_task_runner.py:72} INFO - Started process 13306 to run task
[2024-12-20T10:29:40.967+0000] {standard_task_runner.py:104} INFO - Running: ['***', 'tasks', 'run', 'dag_with_taskflow_api', 'greet', 'scheduled__2024-11-25T00:00:00+00:00', '--job-id', '4856', '--raw', '--subdir', 'DAGS_FOLDER/dag_with_taskflow_api.py', '--cfg-path', '/tmp/tmpr74jwlo0']
[2024-12-20T10:29:40.978+0000] {standard_task_runner.py:105} INFO - Job 4856: Subtask greet
[2024-12-20T10:29:41.060+0000] {task_command.py:467} INFO - Running <TaskInstance: dag_with_taskflow_api.greet scheduled__2024-11-25T00:00:00+00:00 [running]> on host a998b5b3d359
[2024-12-20T10:29:41.174+0000] {taskinstance.py:3132} INFO - Exporting env vars: AIRFLOW_CTX_DAG_OWNER='mateo' AIRFLOW_CTX_DAG_ID='dag_with_taskflow_api' AIRFLOW_CTX_TASK_ID='greet' AIRFLOW_CTX_EXECUTION_DATE='2024-11-25T00:00:00+00:00' AIRFLOW_CTX_TRY_NUMBER='1' AIRFLOW_CTX_DAG_RUN_ID='scheduled__2024-11-25T00:00:00+00:00'
[2024-12-20T10:29:41.177+0000] {taskinstance.py:731} INFO - ::endgroup::
[2024-12-20T10:29:41.182+0000] {logging_mixin.py:190} INFO - My name is Jerry. I am 19 years old.
[2024-12-20T10:29:41.185+0000] {python.py:240} INFO - Done. Returned value was: None
[2024-12-20T10:29:41.200+0000] {taskinstance.py:340} INFO - ::group::Post task execution logs
[2024-12-20T10:29:41.202+0000] {taskinstance.py:352} INFO - Marking task as SUCCESS. dag_id=dag_with_taskflow_api, task_id=greet, run_id=scheduled__2024-11-25T00:00:00+00:00, execution_date=20241125T000000, start_date=20241220T102940, end_date=20241220T102941
[2024-12-20T10:29:41.394+0000] {local_task_job_runner.py:266} INFO - Task exited with return code 0
[2024-12-20T10:29:41.431+0000] {taskinstance.py:3895} INFO - 0 downstream tasks scheduled from follow-on schedule check
[2024-12-20T10:29:41.433+0000] {local_task_job_runner.py:245} INFO - ::endgroup::
