[2024-12-19T13:52:10.055+0000] {local_task_job_runner.py:123} INFO - ::group::Pre task execution logs
[2024-12-19T13:52:10.112+0000] {taskinstance.py:2613} INFO - Dependencies all met for dep_context=non-requeueable deps ti=<TaskInstance: dag_with_taskflow_api.greet scheduled__2024-11-26T00:00:00+00:00 [queued]>
[2024-12-19T13:52:10.133+0000] {taskinstance.py:2613} INFO - Dependencies all met for dep_context=requeueable deps ti=<TaskInstance: dag_with_taskflow_api.greet scheduled__2024-11-26T00:00:00+00:00 [queued]>
[2024-12-19T13:52:10.135+0000] {taskinstance.py:2866} INFO - Starting attempt 1 of 6
[2024-12-19T13:52:10.328+0000] {taskinstance.py:2889} INFO - Executing <Task(_PythonDecoratedOperator): greet> on 2024-11-26 00:00:00+00:00
[2024-12-19T13:52:10.373+0000] {logging_mixin.py:190} WARNING - /home/***/.local/lib/python3.12/site-packages/***/task/task_runner/standard_task_runner.py:70 DeprecationWarning: This process (pid=16680) is multi-threaded, use of fork() may lead to deadlocks in the child.
[2024-12-19T13:52:10.365+0000] {standard_task_runner.py:104} INFO - Running: ['***', 'tasks', 'run', 'dag_with_taskflow_api', 'greet', 'scheduled__2024-11-26T00:00:00+00:00', '--job-id', '4540', '--raw', '--subdir', 'DAGS_FOLDER/dag_with_taskflow_api.py', '--cfg-path', '/tmp/tmp6t1wizr8']
[2024-12-19T13:52:10.378+0000] {standard_task_runner.py:72} INFO - Started process 16690 to run task
[2024-12-19T13:52:10.379+0000] {standard_task_runner.py:105} INFO - Job 4540: Subtask greet
[2024-12-19T13:52:10.478+0000] {task_command.py:467} INFO - Running <TaskInstance: dag_with_taskflow_api.greet scheduled__2024-11-26T00:00:00+00:00 [running]> on host 02d979add40a
[2024-12-19T13:52:10.638+0000] {taskinstance.py:3132} INFO - Exporting env vars: AIRFLOW_CTX_DAG_OWNER='mateo' AIRFLOW_CTX_DAG_ID='dag_with_taskflow_api' AIRFLOW_CTX_TASK_ID='greet' AIRFLOW_CTX_EXECUTION_DATE='2024-11-26T00:00:00+00:00' AIRFLOW_CTX_TRY_NUMBER='1' AIRFLOW_CTX_DAG_RUN_ID='scheduled__2024-11-26T00:00:00+00:00'
[2024-12-19T13:52:10.640+0000] {taskinstance.py:731} INFO - ::endgroup::
[2024-12-19T13:52:10.644+0000] {logging_mixin.py:190} INFO - My name is Jerry. I am 19 years old.
[2024-12-19T13:52:10.645+0000] {python.py:240} INFO - Done. Returned value was: None
[2024-12-19T13:52:10.656+0000] {taskinstance.py:340} INFO - ::group::Post task execution logs
[2024-12-19T13:52:10.660+0000] {taskinstance.py:352} INFO - Marking task as SUCCESS. dag_id=dag_with_taskflow_api, task_id=greet, run_id=scheduled__2024-11-26T00:00:00+00:00, execution_date=20241126T000000, start_date=20241219T135210, end_date=20241219T135210
[2024-12-19T13:52:10.727+0000] {local_task_job_runner.py:266} INFO - Task exited with return code 0
[2024-12-19T13:52:10.747+0000] {taskinstance.py:3895} INFO - 0 downstream tasks scheduled from follow-on schedule check
[2024-12-19T13:52:10.750+0000] {local_task_job_runner.py:245} INFO - ::endgroup::
[2024-12-20T10:29:40.845+0000] {local_task_job_runner.py:123} INFO - ::group::Pre task execution logs
[2024-12-20T10:29:40.867+0000] {taskinstance.py:2613} INFO - Dependencies all met for dep_context=non-requeueable deps ti=<TaskInstance: dag_with_taskflow_api.greet scheduled__2024-11-26T00:00:00+00:00 [queued]>
[2024-12-20T10:29:40.879+0000] {taskinstance.py:2613} INFO - Dependencies all met for dep_context=requeueable deps ti=<TaskInstance: dag_with_taskflow_api.greet scheduled__2024-11-26T00:00:00+00:00 [queued]>
[2024-12-20T10:29:40.880+0000] {taskinstance.py:2866} INFO - Starting attempt 1 of 6
[2024-12-20T10:29:40.898+0000] {taskinstance.py:2889} INFO - Executing <Task(_PythonDecoratedOperator): greet> on 2024-11-26 00:00:00+00:00
[2024-12-20T10:29:40.919+0000] {logging_mixin.py:190} WARNING - /home/***/.local/lib/python3.12/site-packages/***/task/task_runner/standard_task_runner.py:70 DeprecationWarning: This process (pid=13296) is multi-threaded, use of fork() may lead to deadlocks in the child.
[2024-12-20T10:29:40.922+0000] {standard_task_runner.py:72} INFO - Started process 13304 to run task
[2024-12-20T10:29:40.926+0000] {standard_task_runner.py:104} INFO - Running: ['***', 'tasks', 'run', 'dag_with_taskflow_api', 'greet', 'scheduled__2024-11-26T00:00:00+00:00', '--job-id', '4855', '--raw', '--subdir', 'DAGS_FOLDER/dag_with_taskflow_api.py', '--cfg-path', '/tmp/tmp7_mj6i57']
[2024-12-20T10:29:40.936+0000] {standard_task_runner.py:105} INFO - Job 4855: Subtask greet
[2024-12-20T10:29:41.009+0000] {task_command.py:467} INFO - Running <TaskInstance: dag_with_taskflow_api.greet scheduled__2024-11-26T00:00:00+00:00 [running]> on host a998b5b3d359
[2024-12-20T10:29:41.146+0000] {taskinstance.py:3132} INFO - Exporting env vars: AIRFLOW_CTX_DAG_OWNER='mateo' AIRFLOW_CTX_DAG_ID='dag_with_taskflow_api' AIRFLOW_CTX_TASK_ID='greet' AIRFLOW_CTX_EXECUTION_DATE='2024-11-26T00:00:00+00:00' AIRFLOW_CTX_TRY_NUMBER='1' AIRFLOW_CTX_DAG_RUN_ID='scheduled__2024-11-26T00:00:00+00:00'
[2024-12-20T10:29:41.150+0000] {taskinstance.py:731} INFO - ::endgroup::
[2024-12-20T10:29:41.154+0000] {logging_mixin.py:190} INFO - My name is Jerry. I am 19 years old.
[2024-12-20T10:29:41.155+0000] {python.py:240} INFO - Done. Returned value was: None
[2024-12-20T10:29:41.164+0000] {taskinstance.py:340} INFO - ::group::Post task execution logs
[2024-12-20T10:29:41.165+0000] {taskinstance.py:352} INFO - Marking task as SUCCESS. dag_id=dag_with_taskflow_api, task_id=greet, run_id=scheduled__2024-11-26T00:00:00+00:00, execution_date=20241126T000000, start_date=20241220T102940, end_date=20241220T102941
[2024-12-20T10:29:41.227+0000] {local_task_job_runner.py:266} INFO - Task exited with return code 0
[2024-12-20T10:29:41.238+0000] {local_task_job_runner.py:245} INFO - ::endgroup::
