[2024-12-19T08:58:46.387+0000] {local_task_job_runner.py:123} INFO - ::group::Pre task execution logs
[2024-12-19T08:58:46.430+0000] {taskinstance.py:2613} INFO - Dependencies all met for dep_context=non-requeueable deps ti=<TaskInstance: our_first_dag_v2.second_task scheduled__2024-01-16T00:00:00+00:00 [queued]>
[2024-12-19T08:58:46.469+0000] {taskinstance.py:2613} INFO - Dependencies all met for dep_context=requeueable deps ti=<TaskInstance: our_first_dag_v2.second_task scheduled__2024-01-16T00:00:00+00:00 [queued]>
[2024-12-19T08:58:46.471+0000] {taskinstance.py:2866} INFO - Starting attempt 1 of 6
[2024-12-19T08:58:46.512+0000] {taskinstance.py:2889} INFO - Executing <Task(BashOperator): second_task> on 2024-01-16 00:00:00+00:00
[2024-12-19T08:58:46.550+0000] {logging_mixin.py:190} WARNING - /home/***/.local/lib/python3.12/site-packages/***/task/task_runner/standard_task_runner.py:70 DeprecationWarning: This process (pid=10213) is multi-threaded, use of fork() may lead to deadlocks in the child.
[2024-12-19T08:58:46.565+0000] {standard_task_runner.py:72} INFO - Started process 10230 to run task
[2024-12-19T08:58:46.553+0000] {standard_task_runner.py:104} INFO - Running: ['***', 'tasks', 'run', 'our_first_dag_v2', 'second_task', 'scheduled__2024-01-16T00:00:00+00:00', '--job-id', '2365', '--raw', '--subdir', 'DAGS_FOLDER/our_first_dag.py', '--cfg-path', '/tmp/tmpm1mw6j04']
[2024-12-19T08:58:46.569+0000] {standard_task_runner.py:105} INFO - Job 2365: Subtask second_task
[2024-12-19T08:58:46.668+0000] {task_command.py:467} INFO - Running <TaskInstance: our_first_dag_v2.second_task scheduled__2024-01-16T00:00:00+00:00 [running]> on host 8d142e9c83a7
[2024-12-19T08:58:46.926+0000] {taskinstance.py:3132} INFO - Exporting env vars: AIRFLOW_CTX_DAG_OWNER='mateo' AIRFLOW_CTX_DAG_ID='our_first_dag_v2' AIRFLOW_CTX_TASK_ID='second_task' AIRFLOW_CTX_EXECUTION_DATE='2024-01-16T00:00:00+00:00' AIRFLOW_CTX_TRY_NUMBER='1' AIRFLOW_CTX_DAG_RUN_ID='scheduled__2024-01-16T00:00:00+00:00'
[2024-12-19T08:58:46.934+0000] {taskinstance.py:731} INFO - ::endgroup::
[2024-12-19T08:58:47.016+0000] {subprocess.py:78} INFO - Tmp dir root location: /tmp
[2024-12-19T08:58:47.030+0000] {subprocess.py:88} INFO - Running command: ['/usr/bin/bash', '-c', 'echo I am the second task and i will me executed after first task']
[2024-12-19T08:58:47.093+0000] {subprocess.py:99} INFO - Output:
[2024-12-19T08:58:47.100+0000] {subprocess.py:106} INFO - I am the second task and i will me executed after first task
[2024-12-19T08:58:47.107+0000] {subprocess.py:110} INFO - Command exited with return code 0
[2024-12-19T08:58:47.144+0000] {taskinstance.py:340} INFO - ::group::Post task execution logs
[2024-12-19T08:58:47.145+0000] {taskinstance.py:352} INFO - Marking task as SUCCESS. dag_id=our_first_dag_v2, task_id=second_task, run_id=scheduled__2024-01-16T00:00:00+00:00, execution_date=20240116T000000, start_date=20241219T085846, end_date=20241219T085847
[2024-12-19T08:58:47.499+0000] {local_task_job_runner.py:266} INFO - Task exited with return code 0
[2024-12-19T08:58:47.539+0000] {taskinstance.py:3895} INFO - 0 downstream tasks scheduled from follow-on schedule check
[2024-12-19T08:58:47.549+0000] {local_task_job_runner.py:245} INFO - ::endgroup::
