[2024-12-19T13:52:04.988+0000] {local_task_job_runner.py:123} INFO - ::group::Pre task execution logs
[2024-12-19T13:52:05.017+0000] {taskinstance.py:2613} INFO - Dependencies all met for dep_context=non-requeueable deps ti=<TaskInstance: dag_with_taskflow_api.get_age scheduled__2024-11-18T00:00:00+00:00 [queued]>
[2024-12-19T13:52:05.032+0000] {taskinstance.py:2613} INFO - Dependencies all met for dep_context=requeueable deps ti=<TaskInstance: dag_with_taskflow_api.get_age scheduled__2024-11-18T00:00:00+00:00 [queued]>
[2024-12-19T13:52:05.034+0000] {taskinstance.py:2866} INFO - Starting attempt 1 of 6
[2024-12-19T13:52:05.074+0000] {taskinstance.py:2889} INFO - Executing <Task(_PythonDecoratedOperator): get_age> on 2024-11-18 00:00:00+00:00
[2024-12-19T13:52:05.105+0000] {logging_mixin.py:190} WARNING - /home/***/.local/lib/python3.12/site-packages/***/task/task_runner/standard_task_runner.py:70 DeprecationWarning: This process (pid=16595) is multi-threaded, use of fork() may lead to deadlocks in the child.
[2024-12-19T13:52:05.108+0000] {standard_task_runner.py:72} INFO - Started process 16603 to run task
[2024-12-19T13:52:05.112+0000] {standard_task_runner.py:104} INFO - Running: ['***', 'tasks', 'run', 'dag_with_taskflow_api', 'get_age', 'scheduled__2024-11-18T00:00:00+00:00', '--job-id', '4511', '--raw', '--subdir', 'DAGS_FOLDER/dag_with_taskflow_api.py', '--cfg-path', '/tmp/tmpcv3jeu8n']
[2024-12-19T13:52:05.129+0000] {standard_task_runner.py:105} INFO - Job 4511: Subtask get_age
[2024-12-19T13:52:05.229+0000] {task_command.py:467} INFO - Running <TaskInstance: dag_with_taskflow_api.get_age scheduled__2024-11-18T00:00:00+00:00 [running]> on host 02d979add40a
[2024-12-19T13:52:05.495+0000] {taskinstance.py:3132} INFO - Exporting env vars: AIRFLOW_CTX_DAG_OWNER='mateo' AIRFLOW_CTX_DAG_ID='dag_with_taskflow_api' AIRFLOW_CTX_TASK_ID='get_age' AIRFLOW_CTX_EXECUTION_DATE='2024-11-18T00:00:00+00:00' AIRFLOW_CTX_TRY_NUMBER='1' AIRFLOW_CTX_DAG_RUN_ID='scheduled__2024-11-18T00:00:00+00:00'
[2024-12-19T13:52:05.499+0000] {taskinstance.py:731} INFO - ::endgroup::
[2024-12-19T13:52:05.511+0000] {python.py:240} INFO - Done. Returned value was: 19
[2024-12-19T13:52:05.558+0000] {taskinstance.py:340} INFO - ::group::Post task execution logs
[2024-12-19T13:52:05.560+0000] {taskinstance.py:352} INFO - Marking task as SUCCESS. dag_id=dag_with_taskflow_api, task_id=get_age, run_id=scheduled__2024-11-18T00:00:00+00:00, execution_date=20241118T000000, start_date=20241219T135205, end_date=20241219T135205
[2024-12-19T13:52:05.650+0000] {local_task_job_runner.py:266} INFO - Task exited with return code 0
[2024-12-19T13:52:05.697+0000] {taskinstance.py:3895} INFO - 1 downstream tasks scheduled from follow-on schedule check
[2024-12-19T13:52:05.710+0000] {local_task_job_runner.py:245} INFO - ::endgroup::
[2024-12-20T10:29:34.194+0000] {local_task_job_runner.py:123} INFO - ::group::Pre task execution logs
[2024-12-20T10:29:34.258+0000] {taskinstance.py:2613} INFO - Dependencies all met for dep_context=non-requeueable deps ti=<TaskInstance: dag_with_taskflow_api.get_age scheduled__2024-11-18T00:00:00+00:00 [queued]>
[2024-12-20T10:29:34.288+0000] {taskinstance.py:2613} INFO - Dependencies all met for dep_context=requeueable deps ti=<TaskInstance: dag_with_taskflow_api.get_age scheduled__2024-11-18T00:00:00+00:00 [queued]>
[2024-12-20T10:29:34.289+0000] {taskinstance.py:2866} INFO - Starting attempt 1 of 6
[2024-12-20T10:29:34.461+0000] {taskinstance.py:2889} INFO - Executing <Task(_PythonDecoratedOperator): get_age> on 2024-11-18 00:00:00+00:00
[2024-12-20T10:29:34.481+0000] {logging_mixin.py:190} WARNING - /home/***/.local/lib/python3.12/site-packages/***/task/task_runner/standard_task_runner.py:70 DeprecationWarning: This process (pid=13192) is multi-threaded, use of fork() may lead to deadlocks in the child.
[2024-12-20T10:29:34.484+0000] {standard_task_runner.py:72} INFO - Started process 13206 to run task
[2024-12-20T10:29:34.496+0000] {standard_task_runner.py:104} INFO - Running: ['***', 'tasks', 'run', 'dag_with_taskflow_api', 'get_age', 'scheduled__2024-11-18T00:00:00+00:00', '--job-id', '4824', '--raw', '--subdir', 'DAGS_FOLDER/dag_with_taskflow_api.py', '--cfg-path', '/tmp/tmpeyh8z7zq']
[2024-12-20T10:29:34.501+0000] {standard_task_runner.py:105} INFO - Job 4824: Subtask get_age
[2024-12-20T10:29:34.623+0000] {task_command.py:467} INFO - Running <TaskInstance: dag_with_taskflow_api.get_age scheduled__2024-11-18T00:00:00+00:00 [running]> on host a998b5b3d359
[2024-12-20T10:29:34.740+0000] {taskinstance.py:3132} INFO - Exporting env vars: AIRFLOW_CTX_DAG_OWNER='mateo' AIRFLOW_CTX_DAG_ID='dag_with_taskflow_api' AIRFLOW_CTX_TASK_ID='get_age' AIRFLOW_CTX_EXECUTION_DATE='2024-11-18T00:00:00+00:00' AIRFLOW_CTX_TRY_NUMBER='1' AIRFLOW_CTX_DAG_RUN_ID='scheduled__2024-11-18T00:00:00+00:00'
[2024-12-20T10:29:34.745+0000] {taskinstance.py:731} INFO - ::endgroup::
[2024-12-20T10:29:34.750+0000] {python.py:240} INFO - Done. Returned value was: 19
[2024-12-20T10:29:34.781+0000] {taskinstance.py:340} INFO - ::group::Post task execution logs
[2024-12-20T10:29:34.783+0000] {taskinstance.py:352} INFO - Marking task as SUCCESS. dag_id=dag_with_taskflow_api, task_id=get_age, run_id=scheduled__2024-11-18T00:00:00+00:00, execution_date=20241118T000000, start_date=20241220T102934, end_date=20241220T102934
[2024-12-20T10:29:34.826+0000] {local_task_job_runner.py:266} INFO - Task exited with return code 0
[2024-12-20T10:29:34.848+0000] {taskinstance.py:3895} INFO - 1 downstream tasks scheduled from follow-on schedule check
[2024-12-20T10:29:34.858+0000] {local_task_job_runner.py:245} INFO - ::endgroup::
