[2024-12-19T13:51:36.262+0000] {local_task_job_runner.py:123} INFO - ::group::Pre task execution logs
[2024-12-19T13:51:36.292+0000] {taskinstance.py:2613} INFO - Dependencies all met for dep_context=non-requeueable deps ti=<TaskInstance: dag_with_taskflow_api.greet scheduled__2024-10-15T00:00:00+00:00 [queued]>
[2024-12-19T13:51:36.303+0000] {taskinstance.py:2613} INFO - Dependencies all met for dep_context=requeueable deps ti=<TaskInstance: dag_with_taskflow_api.greet scheduled__2024-10-15T00:00:00+00:00 [queued]>
[2024-12-19T13:51:36.304+0000] {taskinstance.py:2866} INFO - Starting attempt 1 of 6
[2024-12-19T13:51:36.333+0000] {taskinstance.py:2889} INFO - Executing <Task(_PythonDecoratedOperator): greet> on 2024-10-15 00:00:00+00:00
[2024-12-19T13:51:36.349+0000] {logging_mixin.py:190} WARNING - /home/***/.local/lib/python3.12/site-packages/***/task/task_runner/standard_task_runner.py:70 DeprecationWarning: This process (pid=16270) is multi-threaded, use of fork() may lead to deadlocks in the child.
[2024-12-19T13:51:36.354+0000] {standard_task_runner.py:72} INFO - Started process 16280 to run task
[2024-12-19T13:51:36.366+0000] {standard_task_runner.py:104} INFO - Running: ['***', 'tasks', 'run', 'dag_with_taskflow_api', 'greet', 'scheduled__2024-10-15T00:00:00+00:00', '--job-id', '4413', '--raw', '--subdir', 'DAGS_FOLDER/dag_with_taskflow_api.py', '--cfg-path', '/tmp/tmpzxnbcnl1']
[2024-12-19T13:51:36.371+0000] {standard_task_runner.py:105} INFO - Job 4413: Subtask greet
[2024-12-19T13:51:36.437+0000] {task_command.py:467} INFO - Running <TaskInstance: dag_with_taskflow_api.greet scheduled__2024-10-15T00:00:00+00:00 [running]> on host 02d979add40a
[2024-12-19T13:51:36.570+0000] {taskinstance.py:3132} INFO - Exporting env vars: AIRFLOW_CTX_DAG_OWNER='mateo' AIRFLOW_CTX_DAG_ID='dag_with_taskflow_api' AIRFLOW_CTX_TASK_ID='greet' AIRFLOW_CTX_EXECUTION_DATE='2024-10-15T00:00:00+00:00' AIRFLOW_CTX_TRY_NUMBER='1' AIRFLOW_CTX_DAG_RUN_ID='scheduled__2024-10-15T00:00:00+00:00'
[2024-12-19T13:51:36.572+0000] {taskinstance.py:731} INFO - ::endgroup::
[2024-12-19T13:51:36.575+0000] {logging_mixin.py:190} INFO - My name is Jerry. I am 19 years old.
[2024-12-19T13:51:36.576+0000] {python.py:240} INFO - Done. Returned value was: None
[2024-12-19T13:51:36.585+0000] {taskinstance.py:340} INFO - ::group::Post task execution logs
[2024-12-19T13:51:36.586+0000] {taskinstance.py:352} INFO - Marking task as SUCCESS. dag_id=dag_with_taskflow_api, task_id=greet, run_id=scheduled__2024-10-15T00:00:00+00:00, execution_date=20241015T000000, start_date=20241219T135136, end_date=20241219T135136
[2024-12-19T13:51:36.615+0000] {local_task_job_runner.py:266} INFO - Task exited with return code 0
[2024-12-19T13:51:36.640+0000] {taskinstance.py:3895} INFO - 0 downstream tasks scheduled from follow-on schedule check
[2024-12-19T13:51:36.642+0000] {local_task_job_runner.py:245} INFO - ::endgroup::
[2024-12-20T10:29:09.459+0000] {local_task_job_runner.py:123} INFO - ::group::Pre task execution logs
[2024-12-20T10:29:09.476+0000] {taskinstance.py:2613} INFO - Dependencies all met for dep_context=non-requeueable deps ti=<TaskInstance: dag_with_taskflow_api.greet scheduled__2024-10-15T00:00:00+00:00 [queued]>
[2024-12-20T10:29:09.485+0000] {taskinstance.py:2613} INFO - Dependencies all met for dep_context=requeueable deps ti=<TaskInstance: dag_with_taskflow_api.greet scheduled__2024-10-15T00:00:00+00:00 [queued]>
[2024-12-20T10:29:09.486+0000] {taskinstance.py:2866} INFO - Starting attempt 1 of 6
[2024-12-20T10:29:09.499+0000] {taskinstance.py:2889} INFO - Executing <Task(_PythonDecoratedOperator): greet> on 2024-10-15 00:00:00+00:00
[2024-12-20T10:29:09.510+0000] {logging_mixin.py:190} WARNING - /home/***/.local/lib/python3.12/site-packages/***/task/task_runner/standard_task_runner.py:70 DeprecationWarning: This process (pid=12875) is multi-threaded, use of fork() may lead to deadlocks in the child.
[2024-12-20T10:29:09.512+0000] {standard_task_runner.py:72} INFO - Started process 12878 to run task
[2024-12-20T10:29:09.510+0000] {standard_task_runner.py:104} INFO - Running: ['***', 'tasks', 'run', 'dag_with_taskflow_api', 'greet', 'scheduled__2024-10-15T00:00:00+00:00', '--job-id', '4726', '--raw', '--subdir', 'DAGS_FOLDER/dag_with_taskflow_api.py', '--cfg-path', '/tmp/tmpmp7lgm16']
[2024-12-20T10:29:09.514+0000] {standard_task_runner.py:105} INFO - Job 4726: Subtask greet
[2024-12-20T10:29:09.565+0000] {task_command.py:467} INFO - Running <TaskInstance: dag_with_taskflow_api.greet scheduled__2024-10-15T00:00:00+00:00 [running]> on host a998b5b3d359
[2024-12-20T10:29:09.671+0000] {taskinstance.py:3132} INFO - Exporting env vars: AIRFLOW_CTX_DAG_OWNER='mateo' AIRFLOW_CTX_DAG_ID='dag_with_taskflow_api' AIRFLOW_CTX_TASK_ID='greet' AIRFLOW_CTX_EXECUTION_DATE='2024-10-15T00:00:00+00:00' AIRFLOW_CTX_TRY_NUMBER='1' AIRFLOW_CTX_DAG_RUN_ID='scheduled__2024-10-15T00:00:00+00:00'
[2024-12-20T10:29:09.673+0000] {taskinstance.py:731} INFO - ::endgroup::
[2024-12-20T10:29:09.676+0000] {logging_mixin.py:190} INFO - My name is Jerry. I am 19 years old.
[2024-12-20T10:29:09.677+0000] {python.py:240} INFO - Done. Returned value was: None
[2024-12-20T10:29:09.685+0000] {taskinstance.py:340} INFO - ::group::Post task execution logs
[2024-12-20T10:29:09.686+0000] {taskinstance.py:352} INFO - Marking task as SUCCESS. dag_id=dag_with_taskflow_api, task_id=greet, run_id=scheduled__2024-10-15T00:00:00+00:00, execution_date=20241015T000000, start_date=20241220T102909, end_date=20241220T102909
[2024-12-20T10:29:09.727+0000] {local_task_job_runner.py:266} INFO - Task exited with return code 0
[2024-12-20T10:29:09.758+0000] {taskinstance.py:3895} INFO - 0 downstream tasks scheduled from follow-on schedule check
[2024-12-20T10:29:09.763+0000] {local_task_job_runner.py:245} INFO - ::endgroup::
