[2024-12-19T13:51:26.022+0000] {local_task_job_runner.py:123} INFO - ::group::Pre task execution logs
[2024-12-19T13:51:26.065+0000] {taskinstance.py:2613} INFO - Dependencies all met for dep_context=non-requeueable deps ti=<TaskInstance: dag_with_taskflow_api.get_name scheduled__2024-10-04T00:00:00+00:00 [queued]>
[2024-12-19T13:51:26.091+0000] {taskinstance.py:2613} INFO - Dependencies all met for dep_context=requeueable deps ti=<TaskInstance: dag_with_taskflow_api.get_name scheduled__2024-10-04T00:00:00+00:00 [queued]>
[2024-12-19T13:51:26.092+0000] {taskinstance.py:2866} INFO - Starting attempt 1 of 6
[2024-12-19T13:51:26.191+0000] {taskinstance.py:2889} INFO - Executing <Task(_PythonDecoratedOperator): get_name> on 2024-10-04 00:00:00+00:00
[2024-12-19T13:51:26.246+0000] {logging_mixin.py:190} WARNING - /home/***/.local/lib/python3.12/site-packages/***/task/task_runner/standard_task_runner.py:70 DeprecationWarning: This process (pid=16142) is multi-threaded, use of fork() may lead to deadlocks in the child.
[2024-12-19T13:51:26.260+0000] {standard_task_runner.py:72} INFO - Started process 16160 to run task
[2024-12-19T13:51:26.259+0000] {standard_task_runner.py:104} INFO - Running: ['***', 'tasks', 'run', 'dag_with_taskflow_api', 'get_name', 'scheduled__2024-10-04T00:00:00+00:00', '--job-id', '4372', '--raw', '--subdir', 'DAGS_FOLDER/dag_with_taskflow_api.py', '--cfg-path', '/tmp/tmpd87tnqp4']
[2024-12-19T13:51:26.274+0000] {standard_task_runner.py:105} INFO - Job 4372: Subtask get_name
[2024-12-19T13:51:26.374+0000] {task_command.py:467} INFO - Running <TaskInstance: dag_with_taskflow_api.get_name scheduled__2024-10-04T00:00:00+00:00 [running]> on host 02d979add40a
[2024-12-19T13:51:26.633+0000] {taskinstance.py:3132} INFO - Exporting env vars: AIRFLOW_CTX_DAG_OWNER='mateo' AIRFLOW_CTX_DAG_ID='dag_with_taskflow_api' AIRFLOW_CTX_TASK_ID='get_name' AIRFLOW_CTX_EXECUTION_DATE='2024-10-04T00:00:00+00:00' AIRFLOW_CTX_TRY_NUMBER='1' AIRFLOW_CTX_DAG_RUN_ID='scheduled__2024-10-04T00:00:00+00:00'
[2024-12-19T13:51:26.639+0000] {taskinstance.py:731} INFO - ::endgroup::
[2024-12-19T13:51:26.657+0000] {python.py:240} INFO - Done. Returned value was: Jerry
[2024-12-19T13:51:26.735+0000] {taskinstance.py:340} INFO - ::group::Post task execution logs
[2024-12-19T13:51:26.736+0000] {taskinstance.py:352} INFO - Marking task as SUCCESS. dag_id=dag_with_taskflow_api, task_id=get_name, run_id=scheduled__2024-10-04T00:00:00+00:00, execution_date=20241004T000000, start_date=20241219T135126, end_date=20241219T135126
[2024-12-19T13:51:26.812+0000] {local_task_job_runner.py:266} INFO - Task exited with return code 0
[2024-12-19T13:51:26.833+0000] {local_task_job_runner.py:245} INFO - ::endgroup::
[2024-12-20T10:29:00.910+0000] {local_task_job_runner.py:123} INFO - ::group::Pre task execution logs
[2024-12-20T10:29:00.950+0000] {taskinstance.py:2613} INFO - Dependencies all met for dep_context=non-requeueable deps ti=<TaskInstance: dag_with_taskflow_api.get_name scheduled__2024-10-04T00:00:00+00:00 [queued]>
[2024-12-20T10:29:00.990+0000] {taskinstance.py:2613} INFO - Dependencies all met for dep_context=requeueable deps ti=<TaskInstance: dag_with_taskflow_api.get_name scheduled__2024-10-04T00:00:00+00:00 [queued]>
[2024-12-20T10:29:00.992+0000] {taskinstance.py:2866} INFO - Starting attempt 1 of 6
[2024-12-20T10:29:01.057+0000] {taskinstance.py:2889} INFO - Executing <Task(_PythonDecoratedOperator): get_name> on 2024-10-04 00:00:00+00:00
[2024-12-20T10:29:01.080+0000] {logging_mixin.py:190} WARNING - /home/***/.local/lib/python3.12/site-packages/***/task/task_runner/standard_task_runner.py:70 DeprecationWarning: This process (pid=12750) is multi-threaded, use of fork() may lead to deadlocks in the child.
[2024-12-20T10:29:01.091+0000] {standard_task_runner.py:72} INFO - Started process 12764 to run task
[2024-12-20T10:29:01.086+0000] {standard_task_runner.py:104} INFO - Running: ['***', 'tasks', 'run', 'dag_with_taskflow_api', 'get_name', 'scheduled__2024-10-04T00:00:00+00:00', '--job-id', '4688', '--raw', '--subdir', 'DAGS_FOLDER/dag_with_taskflow_api.py', '--cfg-path', '/tmp/tmpjzrino5r']
[2024-12-20T10:29:01.098+0000] {standard_task_runner.py:105} INFO - Job 4688: Subtask get_name
[2024-12-20T10:29:01.199+0000] {task_command.py:467} INFO - Running <TaskInstance: dag_with_taskflow_api.get_name scheduled__2024-10-04T00:00:00+00:00 [running]> on host a998b5b3d359
[2024-12-20T10:29:01.356+0000] {taskinstance.py:3132} INFO - Exporting env vars: AIRFLOW_CTX_DAG_OWNER='mateo' AIRFLOW_CTX_DAG_ID='dag_with_taskflow_api' AIRFLOW_CTX_TASK_ID='get_name' AIRFLOW_CTX_EXECUTION_DATE='2024-10-04T00:00:00+00:00' AIRFLOW_CTX_TRY_NUMBER='1' AIRFLOW_CTX_DAG_RUN_ID='scheduled__2024-10-04T00:00:00+00:00'
[2024-12-20T10:29:01.360+0000] {taskinstance.py:731} INFO - ::endgroup::
[2024-12-20T10:29:01.363+0000] {python.py:240} INFO - Done. Returned value was: Jerry
[2024-12-20T10:29:01.422+0000] {taskinstance.py:340} INFO - ::group::Post task execution logs
[2024-12-20T10:29:01.424+0000] {taskinstance.py:352} INFO - Marking task as SUCCESS. dag_id=dag_with_taskflow_api, task_id=get_name, run_id=scheduled__2024-10-04T00:00:00+00:00, execution_date=20241004T000000, start_date=20241220T102900, end_date=20241220T102901
[2024-12-20T10:29:01.474+0000] {local_task_job_runner.py:266} INFO - Task exited with return code 0
[2024-12-20T10:29:01.508+0000] {local_task_job_runner.py:245} INFO - ::endgroup::
