[2024-12-19T08:51:16.087+0000] {local_task_job_runner.py:123} INFO - ::group::Pre task execution logs
[2024-12-19T08:51:16.108+0000] {taskinstance.py:2613} INFO - Dependencies all met for dep_context=non-requeueable deps ti=<TaskInstance: our_first_dag_v2.first_task scheduled__2021-08-21T00:00:00+00:00 [queued]>
[2024-12-19T08:51:16.119+0000] {taskinstance.py:2613} INFO - Dependencies all met for dep_context=requeueable deps ti=<TaskInstance: our_first_dag_v2.first_task scheduled__2021-08-21T00:00:00+00:00 [queued]>
[2024-12-19T08:51:16.120+0000] {taskinstance.py:2866} INFO - Starting attempt 1 of 6
[2024-12-19T08:51:16.137+0000] {taskinstance.py:2889} INFO - Executing <Task(BashOperator): first_task> on 2021-08-21 00:00:00+00:00
[2024-12-19T08:51:16.148+0000] {logging_mixin.py:190} WARNING - /home/***/.local/lib/python3.12/site-packages/***/task/task_runner/standard_task_runner.py:70 DeprecationWarning: This process (pid=2195) is multi-threaded, use of fork() may lead to deadlocks in the child.
[2024-12-19T08:51:16.150+0000] {standard_task_runner.py:72} INFO - Started process 2200 to run task
[2024-12-19T08:51:16.149+0000] {standard_task_runner.py:104} INFO - Running: ['***', 'tasks', 'run', 'our_first_dag_v2', 'first_task', 'scheduled__2021-08-21T00:00:00+00:00', '--job-id', '400', '--raw', '--subdir', 'DAGS_FOLDER/our_first_dag.py', '--cfg-path', '/tmp/tmpxxulauoj']
[2024-12-19T08:51:16.153+0000] {standard_task_runner.py:105} INFO - Job 400: Subtask first_task
[2024-12-19T08:51:16.226+0000] {task_command.py:467} INFO - Running <TaskInstance: our_first_dag_v2.first_task scheduled__2021-08-21T00:00:00+00:00 [running]> on host 8d142e9c83a7
[2024-12-19T08:51:16.339+0000] {taskinstance.py:3132} INFO - Exporting env vars: AIRFLOW_CTX_DAG_OWNER='mateo' AIRFLOW_CTX_DAG_ID='our_first_dag_v2' AIRFLOW_CTX_TASK_ID='first_task' AIRFLOW_CTX_EXECUTION_DATE='2021-08-21T00:00:00+00:00' AIRFLOW_CTX_TRY_NUMBER='1' AIRFLOW_CTX_DAG_RUN_ID='scheduled__2021-08-21T00:00:00+00:00'
[2024-12-19T08:51:16.341+0000] {taskinstance.py:731} INFO - ::endgroup::
[2024-12-19T08:51:16.361+0000] {subprocess.py:78} INFO - Tmp dir root location: /tmp
[2024-12-19T08:51:16.363+0000] {subprocess.py:88} INFO - Running command: ['/usr/bin/bash', '-c', 'echo hello world, this is the first task']
[2024-12-19T08:51:16.377+0000] {subprocess.py:99} INFO - Output:
[2024-12-19T08:51:16.381+0000] {subprocess.py:106} INFO - hello world, this is the first task
[2024-12-19T08:51:16.382+0000] {subprocess.py:110} INFO - Command exited with return code 0
[2024-12-19T08:51:16.416+0000] {taskinstance.py:340} INFO - ::group::Post task execution logs
[2024-12-19T08:51:16.418+0000] {taskinstance.py:352} INFO - Marking task as SUCCESS. dag_id=our_first_dag_v2, task_id=first_task, run_id=scheduled__2021-08-21T00:00:00+00:00, execution_date=20210821T000000, start_date=20241219T085116, end_date=20241219T085116
[2024-12-19T08:51:16.494+0000] {local_task_job_runner.py:266} INFO - Task exited with return code 0
[2024-12-19T08:51:16.511+0000] {local_task_job_runner.py:245} INFO - ::endgroup::
