[2024-12-19T13:52:05.902+0000] {local_task_job_runner.py:123} INFO - ::group::Pre task execution logs
[2024-12-19T13:52:05.936+0000] {taskinstance.py:2613} INFO - Dependencies all met for dep_context=non-requeueable deps ti=<TaskInstance: dag_with_taskflow_api.get_name scheduled__2024-11-22T00:00:00+00:00 [queued]>
[2024-12-19T13:52:05.977+0000] {taskinstance.py:2613} INFO - Dependencies all met for dep_context=requeueable deps ti=<TaskInstance: dag_with_taskflow_api.get_name scheduled__2024-11-22T00:00:00+00:00 [queued]>
[2024-12-19T13:52:05.979+0000] {taskinstance.py:2866} INFO - Starting attempt 1 of 6
[2024-12-19T13:52:06.006+0000] {taskinstance.py:2889} INFO - Executing <Task(_PythonDecoratedOperator): get_name> on 2024-11-22 00:00:00+00:00
[2024-12-19T13:52:06.018+0000] {logging_mixin.py:190} WARNING - /home/***/.local/lib/python3.12/site-packages/***/task/task_runner/standard_task_runner.py:70 DeprecationWarning: This process (pid=16611) is multi-threaded, use of fork() may lead to deadlocks in the child.
[2024-12-19T13:52:06.034+0000] {standard_task_runner.py:72} INFO - Started process 16626 to run task
[2024-12-19T13:52:06.065+0000] {standard_task_runner.py:104} INFO - Running: ['***', 'tasks', 'run', 'dag_with_taskflow_api', 'get_name', 'scheduled__2024-11-22T00:00:00+00:00', '--job-id', '4519', '--raw', '--subdir', 'DAGS_FOLDER/dag_with_taskflow_api.py', '--cfg-path', '/tmp/tmp6jjac4ls']
[2024-12-19T13:52:06.084+0000] {standard_task_runner.py:105} INFO - Job 4519: Subtask get_name
[2024-12-19T13:52:06.238+0000] {task_command.py:467} INFO - Running <TaskInstance: dag_with_taskflow_api.get_name scheduled__2024-11-22T00:00:00+00:00 [running]> on host 02d979add40a
[2024-12-19T13:52:06.713+0000] {taskinstance.py:3132} INFO - Exporting env vars: AIRFLOW_CTX_DAG_OWNER='mateo' AIRFLOW_CTX_DAG_ID='dag_with_taskflow_api' AIRFLOW_CTX_TASK_ID='get_name' AIRFLOW_CTX_EXECUTION_DATE='2024-11-22T00:00:00+00:00' AIRFLOW_CTX_TRY_NUMBER='1' AIRFLOW_CTX_DAG_RUN_ID='scheduled__2024-11-22T00:00:00+00:00'
[2024-12-19T13:52:06.717+0000] {taskinstance.py:731} INFO - ::endgroup::
[2024-12-19T13:52:06.720+0000] {python.py:240} INFO - Done. Returned value was: Jerry
[2024-12-19T13:52:06.764+0000] {taskinstance.py:340} INFO - ::group::Post task execution logs
[2024-12-19T13:52:06.765+0000] {taskinstance.py:352} INFO - Marking task as SUCCESS. dag_id=dag_with_taskflow_api, task_id=get_name, run_id=scheduled__2024-11-22T00:00:00+00:00, execution_date=20241122T000000, start_date=20241219T135205, end_date=20241219T135206
[2024-12-19T13:52:06.847+0000] {local_task_job_runner.py:266} INFO - Task exited with return code 0
[2024-12-19T13:52:06.888+0000] {taskinstance.py:3895} INFO - 1 downstream tasks scheduled from follow-on schedule check
[2024-12-19T13:52:06.908+0000] {local_task_job_runner.py:245} INFO - ::endgroup::
[2024-12-20T10:29:38.381+0000] {local_task_job_runner.py:123} INFO - ::group::Pre task execution logs
[2024-12-20T10:29:38.402+0000] {taskinstance.py:2613} INFO - Dependencies all met for dep_context=non-requeueable deps ti=<TaskInstance: dag_with_taskflow_api.get_name scheduled__2024-11-22T00:00:00+00:00 [queued]>
[2024-12-20T10:29:38.417+0000] {taskinstance.py:2613} INFO - Dependencies all met for dep_context=requeueable deps ti=<TaskInstance: dag_with_taskflow_api.get_name scheduled__2024-11-22T00:00:00+00:00 [queued]>
[2024-12-20T10:29:38.418+0000] {taskinstance.py:2866} INFO - Starting attempt 1 of 6
[2024-12-20T10:29:38.433+0000] {taskinstance.py:2889} INFO - Executing <Task(_PythonDecoratedOperator): get_name> on 2024-11-22 00:00:00+00:00
[2024-12-20T10:29:38.445+0000] {logging_mixin.py:190} WARNING - /home/***/.local/lib/python3.12/site-packages/***/task/task_runner/standard_task_runner.py:70 DeprecationWarning: This process (pid=13241) is multi-threaded, use of fork() may lead to deadlocks in the child.
[2024-12-20T10:29:38.445+0000] {standard_task_runner.py:104} INFO - Running: ['***', 'tasks', 'run', 'dag_with_taskflow_api', 'get_name', 'scheduled__2024-11-22T00:00:00+00:00', '--job-id', '4836', '--raw', '--subdir', 'DAGS_FOLDER/dag_with_taskflow_api.py', '--cfg-path', '/tmp/tmpluzq4diy']
[2024-12-20T10:29:38.456+0000] {standard_task_runner.py:105} INFO - Job 4836: Subtask get_name
[2024-12-20T10:29:38.455+0000] {standard_task_runner.py:72} INFO - Started process 13248 to run task
[2024-12-20T10:29:38.550+0000] {task_command.py:467} INFO - Running <TaskInstance: dag_with_taskflow_api.get_name scheduled__2024-11-22T00:00:00+00:00 [running]> on host a998b5b3d359
[2024-12-20T10:29:38.673+0000] {taskinstance.py:3132} INFO - Exporting env vars: AIRFLOW_CTX_DAG_OWNER='mateo' AIRFLOW_CTX_DAG_ID='dag_with_taskflow_api' AIRFLOW_CTX_TASK_ID='get_name' AIRFLOW_CTX_EXECUTION_DATE='2024-11-22T00:00:00+00:00' AIRFLOW_CTX_TRY_NUMBER='1' AIRFLOW_CTX_DAG_RUN_ID='scheduled__2024-11-22T00:00:00+00:00'
[2024-12-20T10:29:38.678+0000] {taskinstance.py:731} INFO - ::endgroup::
[2024-12-20T10:29:38.682+0000] {python.py:240} INFO - Done. Returned value was: Jerry
[2024-12-20T10:29:38.707+0000] {taskinstance.py:340} INFO - ::group::Post task execution logs
[2024-12-20T10:29:38.709+0000] {taskinstance.py:352} INFO - Marking task as SUCCESS. dag_id=dag_with_taskflow_api, task_id=get_name, run_id=scheduled__2024-11-22T00:00:00+00:00, execution_date=20241122T000000, start_date=20241220T102938, end_date=20241220T102938
[2024-12-20T10:29:38.760+0000] {local_task_job_runner.py:266} INFO - Task exited with return code 0
[2024-12-20T10:29:38.793+0000] {taskinstance.py:3895} INFO - 1 downstream tasks scheduled from follow-on schedule check
[2024-12-20T10:29:38.802+0000] {local_task_job_runner.py:245} INFO - ::endgroup::
