[2024-12-19T13:52:16.884+0000] {local_task_job_runner.py:123} INFO - ::group::Pre task execution logs
[2024-12-19T13:52:16.918+0000] {taskinstance.py:2613} INFO - Dependencies all met for dep_context=non-requeueable deps ti=<TaskInstance: dag_with_taskflow_api.greet scheduled__2024-12-03T00:00:00+00:00 [queued]>
[2024-12-19T13:52:16.952+0000] {taskinstance.py:2613} INFO - Dependencies all met for dep_context=requeueable deps ti=<TaskInstance: dag_with_taskflow_api.greet scheduled__2024-12-03T00:00:00+00:00 [queued]>
[2024-12-19T13:52:16.954+0000] {taskinstance.py:2866} INFO - Starting attempt 1 of 6
[2024-12-19T13:52:17.040+0000] {taskinstance.py:2889} INFO - Executing <Task(_PythonDecoratedOperator): greet> on 2024-12-03 00:00:00+00:00
[2024-12-19T13:52:17.098+0000] {standard_task_runner.py:104} INFO - Running: ['***', 'tasks', 'run', 'dag_with_taskflow_api', 'greet', 'scheduled__2024-12-03T00:00:00+00:00', '--job-id', '4567', '--raw', '--subdir', 'DAGS_FOLDER/dag_with_taskflow_api.py', '--cfg-path', '/tmp/tmpu54hsr4u']
[2024-12-19T13:52:17.104+0000] {standard_task_runner.py:105} INFO - Job 4567: Subtask greet
[2024-12-19T13:52:17.105+0000] {logging_mixin.py:190} WARNING - /home/***/.local/lib/python3.12/site-packages/***/task/task_runner/standard_task_runner.py:70 DeprecationWarning: This process (pid=16774) is multi-threaded, use of fork() may lead to deadlocks in the child.
[2024-12-19T13:52:17.113+0000] {standard_task_runner.py:72} INFO - Started process 16791 to run task
[2024-12-19T13:52:17.282+0000] {task_command.py:467} INFO - Running <TaskInstance: dag_with_taskflow_api.greet scheduled__2024-12-03T00:00:00+00:00 [running]> on host 02d979add40a
[2024-12-19T13:52:17.642+0000] {taskinstance.py:3132} INFO - Exporting env vars: AIRFLOW_CTX_DAG_OWNER='mateo' AIRFLOW_CTX_DAG_ID='dag_with_taskflow_api' AIRFLOW_CTX_TASK_ID='greet' AIRFLOW_CTX_EXECUTION_DATE='2024-12-03T00:00:00+00:00' AIRFLOW_CTX_TRY_NUMBER='1' AIRFLOW_CTX_DAG_RUN_ID='scheduled__2024-12-03T00:00:00+00:00'
[2024-12-19T13:52:17.652+0000] {taskinstance.py:731} INFO - ::endgroup::
[2024-12-19T13:52:17.670+0000] {logging_mixin.py:190} INFO - My name is Jerry. I am 19 years old.
[2024-12-19T13:52:17.679+0000] {python.py:240} INFO - Done. Returned value was: None
[2024-12-19T13:52:17.711+0000] {taskinstance.py:340} INFO - ::group::Post task execution logs
[2024-12-19T13:52:17.713+0000] {taskinstance.py:352} INFO - Marking task as SUCCESS. dag_id=dag_with_taskflow_api, task_id=greet, run_id=scheduled__2024-12-03T00:00:00+00:00, execution_date=20241203T000000, start_date=20241219T135216, end_date=20241219T135217
[2024-12-19T13:52:17.794+0000] {local_task_job_runner.py:266} INFO - Task exited with return code 0
[2024-12-19T13:52:17.847+0000] {taskinstance.py:3895} INFO - 0 downstream tasks scheduled from follow-on schedule check
[2024-12-19T13:52:17.857+0000] {local_task_job_runner.py:245} INFO - ::endgroup::
[2024-12-20T10:29:47.120+0000] {local_task_job_runner.py:123} INFO - ::group::Pre task execution logs
[2024-12-20T10:29:47.176+0000] {taskinstance.py:2613} INFO - Dependencies all met for dep_context=non-requeueable deps ti=<TaskInstance: dag_with_taskflow_api.greet scheduled__2024-12-03T00:00:00+00:00 [queued]>
[2024-12-20T10:29:47.203+0000] {taskinstance.py:2613} INFO - Dependencies all met for dep_context=requeueable deps ti=<TaskInstance: dag_with_taskflow_api.greet scheduled__2024-12-03T00:00:00+00:00 [queued]>
[2024-12-20T10:29:47.208+0000] {taskinstance.py:2866} INFO - Starting attempt 1 of 6
[2024-12-20T10:29:47.401+0000] {taskinstance.py:2889} INFO - Executing <Task(_PythonDecoratedOperator): greet> on 2024-12-03 00:00:00+00:00
[2024-12-20T10:29:47.418+0000] {logging_mixin.py:190} WARNING - /home/***/.local/lib/python3.12/site-packages/***/task/task_runner/standard_task_runner.py:70 DeprecationWarning: This process (pid=13391) is multi-threaded, use of fork() may lead to deadlocks in the child.
[2024-12-20T10:29:47.417+0000] {standard_task_runner.py:104} INFO - Running: ['***', 'tasks', 'run', 'dag_with_taskflow_api', 'greet', 'scheduled__2024-12-03T00:00:00+00:00', '--job-id', '4882', '--raw', '--subdir', 'DAGS_FOLDER/dag_with_taskflow_api.py', '--cfg-path', '/tmp/tmpw064_2sv']
[2024-12-20T10:29:47.432+0000] {standard_task_runner.py:105} INFO - Job 4882: Subtask greet
[2024-12-20T10:29:47.431+0000] {standard_task_runner.py:72} INFO - Started process 13408 to run task
[2024-12-20T10:29:47.564+0000] {task_command.py:467} INFO - Running <TaskInstance: dag_with_taskflow_api.greet scheduled__2024-12-03T00:00:00+00:00 [running]> on host a998b5b3d359
[2024-12-20T10:29:47.807+0000] {taskinstance.py:3132} INFO - Exporting env vars: AIRFLOW_CTX_DAG_OWNER='mateo' AIRFLOW_CTX_DAG_ID='dag_with_taskflow_api' AIRFLOW_CTX_TASK_ID='greet' AIRFLOW_CTX_EXECUTION_DATE='2024-12-03T00:00:00+00:00' AIRFLOW_CTX_TRY_NUMBER='1' AIRFLOW_CTX_DAG_RUN_ID='scheduled__2024-12-03T00:00:00+00:00'
[2024-12-20T10:29:47.809+0000] {taskinstance.py:731} INFO - ::endgroup::
[2024-12-20T10:29:47.814+0000] {logging_mixin.py:190} INFO - My name is Jerry. I am 19 years old.
[2024-12-20T10:29:47.815+0000] {python.py:240} INFO - Done. Returned value was: None
[2024-12-20T10:29:47.832+0000] {taskinstance.py:340} INFO - ::group::Post task execution logs
[2024-12-20T10:29:47.834+0000] {taskinstance.py:352} INFO - Marking task as SUCCESS. dag_id=dag_with_taskflow_api, task_id=greet, run_id=scheduled__2024-12-03T00:00:00+00:00, execution_date=20241203T000000, start_date=20241220T102947, end_date=20241220T102947
[2024-12-20T10:29:47.898+0000] {local_task_job_runner.py:266} INFO - Task exited with return code 0
[2024-12-20T10:29:47.948+0000] {taskinstance.py:3895} INFO - 0 downstream tasks scheduled from follow-on schedule check
[2024-12-20T10:29:47.954+0000] {local_task_job_runner.py:245} INFO - ::endgroup::
