[2024-12-19T13:51:54.247+0000] {local_task_job_runner.py:123} INFO - ::group::Pre task execution logs
[2024-12-19T13:51:54.303+0000] {taskinstance.py:2613} INFO - Dependencies all met for dep_context=non-requeueable deps ti=<TaskInstance: dag_with_taskflow_api.greet scheduled__2024-11-05T00:00:00+00:00 [queued]>
[2024-12-19T13:51:54.356+0000] {taskinstance.py:2613} INFO - Dependencies all met for dep_context=requeueable deps ti=<TaskInstance: dag_with_taskflow_api.greet scheduled__2024-11-05T00:00:00+00:00 [queued]>
[2024-12-19T13:51:54.358+0000] {taskinstance.py:2866} INFO - Starting attempt 1 of 6
[2024-12-19T13:51:54.438+0000] {taskinstance.py:2889} INFO - Executing <Task(_PythonDecoratedOperator): greet> on 2024-11-05 00:00:00+00:00
[2024-12-19T13:51:54.474+0000] {logging_mixin.py:190} WARNING - /home/***/.local/lib/python3.12/site-packages/***/task/task_runner/standard_task_runner.py:70 DeprecationWarning: This process (pid=16490) is multi-threaded, use of fork() may lead to deadlocks in the child.
[2024-12-19T13:51:54.478+0000] {standard_task_runner.py:72} INFO - Started process 16499 to run task
[2024-12-19T13:51:54.490+0000] {standard_task_runner.py:104} INFO - Running: ['***', 'tasks', 'run', 'dag_with_taskflow_api', 'greet', 'scheduled__2024-11-05T00:00:00+00:00', '--job-id', '4479', '--raw', '--subdir', 'DAGS_FOLDER/dag_with_taskflow_api.py', '--cfg-path', '/tmp/tmp5ccdb59v']
[2024-12-19T13:51:54.498+0000] {standard_task_runner.py:105} INFO - Job 4479: Subtask greet
[2024-12-19T13:51:54.636+0000] {task_command.py:467} INFO - Running <TaskInstance: dag_with_taskflow_api.greet scheduled__2024-11-05T00:00:00+00:00 [running]> on host 02d979add40a
[2024-12-19T13:51:54.917+0000] {taskinstance.py:3132} INFO - Exporting env vars: AIRFLOW_CTX_DAG_OWNER='mateo' AIRFLOW_CTX_DAG_ID='dag_with_taskflow_api' AIRFLOW_CTX_TASK_ID='greet' AIRFLOW_CTX_EXECUTION_DATE='2024-11-05T00:00:00+00:00' AIRFLOW_CTX_TRY_NUMBER='1' AIRFLOW_CTX_DAG_RUN_ID='scheduled__2024-11-05T00:00:00+00:00'
[2024-12-19T13:51:54.920+0000] {taskinstance.py:731} INFO - ::endgroup::
[2024-12-19T13:51:54.925+0000] {logging_mixin.py:190} INFO - My name is Jerry. I am 19 years old.
[2024-12-19T13:51:54.927+0000] {python.py:240} INFO - Done. Returned value was: None
[2024-12-19T13:51:54.940+0000] {taskinstance.py:340} INFO - ::group::Post task execution logs
[2024-12-19T13:51:54.942+0000] {taskinstance.py:352} INFO - Marking task as SUCCESS. dag_id=dag_with_taskflow_api, task_id=greet, run_id=scheduled__2024-11-05T00:00:00+00:00, execution_date=20241105T000000, start_date=20241219T135154, end_date=20241219T135154
[2024-12-19T13:51:54.993+0000] {local_task_job_runner.py:266} INFO - Task exited with return code 0
[2024-12-19T13:51:55.013+0000] {taskinstance.py:3895} INFO - 0 downstream tasks scheduled from follow-on schedule check
[2024-12-19T13:51:55.017+0000] {local_task_job_runner.py:245} INFO - ::endgroup::
[2024-12-20T10:29:28.454+0000] {local_task_job_runner.py:123} INFO - ::group::Pre task execution logs
[2024-12-20T10:29:28.505+0000] {taskinstance.py:2613} INFO - Dependencies all met for dep_context=non-requeueable deps ti=<TaskInstance: dag_with_taskflow_api.greet scheduled__2024-11-05T00:00:00+00:00 [queued]>
[2024-12-20T10:29:28.525+0000] {taskinstance.py:2613} INFO - Dependencies all met for dep_context=requeueable deps ti=<TaskInstance: dag_with_taskflow_api.greet scheduled__2024-11-05T00:00:00+00:00 [queued]>
[2024-12-20T10:29:28.527+0000] {taskinstance.py:2866} INFO - Starting attempt 1 of 6
[2024-12-20T10:29:28.915+0000] {taskinstance.py:2889} INFO - Executing <Task(_PythonDecoratedOperator): greet> on 2024-11-05 00:00:00+00:00
[2024-12-20T10:29:28.930+0000] {logging_mixin.py:190} WARNING - /home/***/.local/lib/python3.12/site-packages/***/task/task_runner/standard_task_runner.py:70 DeprecationWarning: This process (pid=13102) is multi-threaded, use of fork() may lead to deadlocks in the child.
[2024-12-20T10:29:28.941+0000] {standard_task_runner.py:104} INFO - Running: ['***', 'tasks', 'run', 'dag_with_taskflow_api', 'greet', 'scheduled__2024-11-05T00:00:00+00:00', '--job-id', '4793', '--raw', '--subdir', 'DAGS_FOLDER/dag_with_taskflow_api.py', '--cfg-path', '/tmp/tmpaagspu7a']
[2024-12-20T10:29:28.958+0000] {standard_task_runner.py:105} INFO - Job 4793: Subtask greet
[2024-12-20T10:29:28.956+0000] {standard_task_runner.py:72} INFO - Started process 13123 to run task
[2024-12-20T10:29:29.108+0000] {task_command.py:467} INFO - Running <TaskInstance: dag_with_taskflow_api.greet scheduled__2024-11-05T00:00:00+00:00 [running]> on host a998b5b3d359
[2024-12-20T10:29:29.273+0000] {taskinstance.py:3132} INFO - Exporting env vars: AIRFLOW_CTX_DAG_OWNER='mateo' AIRFLOW_CTX_DAG_ID='dag_with_taskflow_api' AIRFLOW_CTX_TASK_ID='greet' AIRFLOW_CTX_EXECUTION_DATE='2024-11-05T00:00:00+00:00' AIRFLOW_CTX_TRY_NUMBER='1' AIRFLOW_CTX_DAG_RUN_ID='scheduled__2024-11-05T00:00:00+00:00'
[2024-12-20T10:29:29.277+0000] {taskinstance.py:731} INFO - ::endgroup::
[2024-12-20T10:29:29.282+0000] {logging_mixin.py:190} INFO - My name is Jerry. I am 19 years old.
[2024-12-20T10:29:29.283+0000] {python.py:240} INFO - Done. Returned value was: None
[2024-12-20T10:29:29.302+0000] {taskinstance.py:340} INFO - ::group::Post task execution logs
[2024-12-20T10:29:29.304+0000] {taskinstance.py:352} INFO - Marking task as SUCCESS. dag_id=dag_with_taskflow_api, task_id=greet, run_id=scheduled__2024-11-05T00:00:00+00:00, execution_date=20241105T000000, start_date=20241220T102928, end_date=20241220T102929
[2024-12-20T10:29:29.359+0000] {local_task_job_runner.py:266} INFO - Task exited with return code 0
[2024-12-20T10:29:29.398+0000] {taskinstance.py:3895} INFO - 0 downstream tasks scheduled from follow-on schedule check
[2024-12-20T10:29:29.406+0000] {local_task_job_runner.py:245} INFO - ::endgroup::
