[2024-12-19T13:51:17.793+0000] {local_task_job_runner.py:123} INFO - ::group::Pre task execution logs
[2024-12-19T13:51:17.833+0000] {taskinstance.py:2613} INFO - Dependencies all met for dep_context=non-requeueable deps ti=<TaskInstance: dag_with_taskflow_api.get_age scheduled__2024-09-23T00:00:00+00:00 [queued]>
[2024-12-19T13:51:17.868+0000] {taskinstance.py:2613} INFO - Dependencies all met for dep_context=requeueable deps ti=<TaskInstance: dag_with_taskflow_api.get_age scheduled__2024-09-23T00:00:00+00:00 [queued]>
[2024-12-19T13:51:17.872+0000] {taskinstance.py:2866} INFO - Starting attempt 1 of 6
[2024-12-19T13:51:17.938+0000] {taskinstance.py:2889} INFO - Executing <Task(_PythonDecoratedOperator): get_age> on 2024-09-23 00:00:00+00:00
[2024-12-19T13:51:17.983+0000] {logging_mixin.py:190} WARNING - /home/***/.local/lib/python3.12/site-packages/***/task/task_runner/standard_task_runner.py:70 DeprecationWarning: This process (pid=16034) is multi-threaded, use of fork() may lead to deadlocks in the child.
[2024-12-19T13:51:17.996+0000] {standard_task_runner.py:104} INFO - Running: ['***', 'tasks', 'run', 'dag_with_taskflow_api', 'get_age', 'scheduled__2024-09-23T00:00:00+00:00', '--job-id', '4338', '--raw', '--subdir', 'DAGS_FOLDER/dag_with_taskflow_api.py', '--cfg-path', '/tmp/tmp693n92xv']
[2024-12-19T13:51:18.006+0000] {standard_task_runner.py:105} INFO - Job 4338: Subtask get_age
[2024-12-19T13:51:18.005+0000] {standard_task_runner.py:72} INFO - Started process 16056 to run task
[2024-12-19T13:51:18.167+0000] {task_command.py:467} INFO - Running <TaskInstance: dag_with_taskflow_api.get_age scheduled__2024-09-23T00:00:00+00:00 [running]> on host 02d979add40a
[2024-12-19T13:51:18.448+0000] {taskinstance.py:3132} INFO - Exporting env vars: AIRFLOW_CTX_DAG_OWNER='mateo' AIRFLOW_CTX_DAG_ID='dag_with_taskflow_api' AIRFLOW_CTX_TASK_ID='get_age' AIRFLOW_CTX_EXECUTION_DATE='2024-09-23T00:00:00+00:00' AIRFLOW_CTX_TRY_NUMBER='1' AIRFLOW_CTX_DAG_RUN_ID='scheduled__2024-09-23T00:00:00+00:00'
[2024-12-19T13:51:18.450+0000] {taskinstance.py:731} INFO - ::endgroup::
[2024-12-19T13:51:18.458+0000] {python.py:240} INFO - Done. Returned value was: 19
[2024-12-19T13:51:18.539+0000] {taskinstance.py:340} INFO - ::group::Post task execution logs
[2024-12-19T13:51:18.544+0000] {taskinstance.py:352} INFO - Marking task as SUCCESS. dag_id=dag_with_taskflow_api, task_id=get_age, run_id=scheduled__2024-09-23T00:00:00+00:00, execution_date=20240923T000000, start_date=20241219T135117, end_date=20241219T135118
[2024-12-19T13:51:18.624+0000] {local_task_job_runner.py:266} INFO - Task exited with return code 0
[2024-12-19T13:51:18.654+0000] {local_task_job_runner.py:245} INFO - ::endgroup::
[2024-12-20T10:28:53.480+0000] {local_task_job_runner.py:123} INFO - ::group::Pre task execution logs
[2024-12-20T10:28:53.541+0000] {taskinstance.py:2613} INFO - Dependencies all met for dep_context=non-requeueable deps ti=<TaskInstance: dag_with_taskflow_api.get_age scheduled__2024-09-23T00:00:00+00:00 [queued]>
[2024-12-20T10:28:53.558+0000] {taskinstance.py:2613} INFO - Dependencies all met for dep_context=requeueable deps ti=<TaskInstance: dag_with_taskflow_api.get_age scheduled__2024-09-23T00:00:00+00:00 [queued]>
[2024-12-20T10:28:53.559+0000] {taskinstance.py:2866} INFO - Starting attempt 1 of 6
[2024-12-20T10:28:53.584+0000] {taskinstance.py:2889} INFO - Executing <Task(_PythonDecoratedOperator): get_age> on 2024-09-23 00:00:00+00:00
[2024-12-20T10:28:53.604+0000] {logging_mixin.py:190} WARNING - /home/***/.local/lib/python3.12/site-packages/***/task/task_runner/standard_task_runner.py:70 DeprecationWarning: This process (pid=12659) is multi-threaded, use of fork() may lead to deadlocks in the child.
[2024-12-20T10:28:53.614+0000] {standard_task_runner.py:72} INFO - Started process 12666 to run task
[2024-12-20T10:28:53.610+0000] {standard_task_runner.py:104} INFO - Running: ['***', 'tasks', 'run', 'dag_with_taskflow_api', 'get_age', 'scheduled__2024-09-23T00:00:00+00:00', '--job-id', '4656', '--raw', '--subdir', 'DAGS_FOLDER/dag_with_taskflow_api.py', '--cfg-path', '/tmp/tmpizo_lfy9']
[2024-12-20T10:28:53.624+0000] {standard_task_runner.py:105} INFO - Job 4656: Subtask get_age
[2024-12-20T10:28:53.769+0000] {task_command.py:467} INFO - Running <TaskInstance: dag_with_taskflow_api.get_age scheduled__2024-09-23T00:00:00+00:00 [running]> on host a998b5b3d359
[2024-12-20T10:28:53.922+0000] {taskinstance.py:3132} INFO - Exporting env vars: AIRFLOW_CTX_DAG_OWNER='mateo' AIRFLOW_CTX_DAG_ID='dag_with_taskflow_api' AIRFLOW_CTX_TASK_ID='get_age' AIRFLOW_CTX_EXECUTION_DATE='2024-09-23T00:00:00+00:00' AIRFLOW_CTX_TRY_NUMBER='1' AIRFLOW_CTX_DAG_RUN_ID='scheduled__2024-09-23T00:00:00+00:00'
[2024-12-20T10:28:53.924+0000] {taskinstance.py:731} INFO - ::endgroup::
[2024-12-20T10:28:53.927+0000] {python.py:240} INFO - Done. Returned value was: 19
[2024-12-20T10:28:53.961+0000] {taskinstance.py:340} INFO - ::group::Post task execution logs
[2024-12-20T10:28:53.963+0000] {taskinstance.py:352} INFO - Marking task as SUCCESS. dag_id=dag_with_taskflow_api, task_id=get_age, run_id=scheduled__2024-09-23T00:00:00+00:00, execution_date=20240923T000000, start_date=20241220T102853, end_date=20241220T102853
[2024-12-20T10:28:54.009+0000] {local_task_job_runner.py:266} INFO - Task exited with return code 0
[2024-12-20T10:28:54.085+0000] {taskinstance.py:3895} INFO - 0 downstream tasks scheduled from follow-on schedule check
[2024-12-20T10:28:54.093+0000] {local_task_job_runner.py:245} INFO - ::endgroup::
