[2024-12-19T13:51:37.569+0000] {local_task_job_runner.py:123} INFO - ::group::Pre task execution logs
[2024-12-19T13:51:37.589+0000] {taskinstance.py:2613} INFO - Dependencies all met for dep_context=non-requeueable deps ti=<TaskInstance: dag_with_taskflow_api.greet scheduled__2024-10-16T00:00:00+00:00 [queued]>
[2024-12-19T13:51:37.598+0000] {taskinstance.py:2613} INFO - Dependencies all met for dep_context=requeueable deps ti=<TaskInstance: dag_with_taskflow_api.greet scheduled__2024-10-16T00:00:00+00:00 [queued]>
[2024-12-19T13:51:37.600+0000] {taskinstance.py:2866} INFO - Starting attempt 1 of 6
[2024-12-19T13:51:37.612+0000] {taskinstance.py:2889} INFO - Executing <Task(_PythonDecoratedOperator): greet> on 2024-10-16 00:00:00+00:00
[2024-12-19T13:51:37.621+0000] {logging_mixin.py:190} WARNING - /home/***/.local/lib/python3.12/site-packages/***/task/task_runner/standard_task_runner.py:70 DeprecationWarning: This process (pid=16284) is multi-threaded, use of fork() may lead to deadlocks in the child.
[2024-12-19T13:51:37.624+0000] {standard_task_runner.py:72} INFO - Started process 16287 to run task
[2024-12-19T13:51:37.622+0000] {standard_task_runner.py:104} INFO - Running: ['***', 'tasks', 'run', 'dag_with_taskflow_api', 'greet', 'scheduled__2024-10-16T00:00:00+00:00', '--job-id', '4416', '--raw', '--subdir', 'DAGS_FOLDER/dag_with_taskflow_api.py', '--cfg-path', '/tmp/tmpm76jephw']
[2024-12-19T13:51:37.625+0000] {standard_task_runner.py:105} INFO - Job 4416: Subtask greet
[2024-12-19T13:51:37.683+0000] {task_command.py:467} INFO - Running <TaskInstance: dag_with_taskflow_api.greet scheduled__2024-10-16T00:00:00+00:00 [running]> on host 02d979add40a
[2024-12-19T13:51:37.786+0000] {taskinstance.py:3132} INFO - Exporting env vars: AIRFLOW_CTX_DAG_OWNER='mateo' AIRFLOW_CTX_DAG_ID='dag_with_taskflow_api' AIRFLOW_CTX_TASK_ID='greet' AIRFLOW_CTX_EXECUTION_DATE='2024-10-16T00:00:00+00:00' AIRFLOW_CTX_TRY_NUMBER='1' AIRFLOW_CTX_DAG_RUN_ID='scheduled__2024-10-16T00:00:00+00:00'
[2024-12-19T13:51:37.788+0000] {taskinstance.py:731} INFO - ::endgroup::
[2024-12-19T13:51:37.792+0000] {logging_mixin.py:190} INFO - My name is Jerry. I am 19 years old.
[2024-12-19T13:51:37.793+0000] {python.py:240} INFO - Done. Returned value was: None
[2024-12-19T13:51:37.801+0000] {taskinstance.py:340} INFO - ::group::Post task execution logs
[2024-12-19T13:51:37.803+0000] {taskinstance.py:352} INFO - Marking task as SUCCESS. dag_id=dag_with_taskflow_api, task_id=greet, run_id=scheduled__2024-10-16T00:00:00+00:00, execution_date=20241016T000000, start_date=20241219T135137, end_date=20241219T135137
[2024-12-19T13:51:37.840+0000] {local_task_job_runner.py:266} INFO - Task exited with return code 0
[2024-12-19T13:51:37.856+0000] {taskinstance.py:3895} INFO - 0 downstream tasks scheduled from follow-on schedule check
[2024-12-19T13:51:37.859+0000] {local_task_job_runner.py:245} INFO - ::endgroup::
[2024-12-20T10:29:13.484+0000] {local_task_job_runner.py:123} INFO - ::group::Pre task execution logs
[2024-12-20T10:29:13.514+0000] {taskinstance.py:2613} INFO - Dependencies all met for dep_context=non-requeueable deps ti=<TaskInstance: dag_with_taskflow_api.greet scheduled__2024-10-16T00:00:00+00:00 [queued]>
[2024-12-20T10:29:13.528+0000] {taskinstance.py:2613} INFO - Dependencies all met for dep_context=requeueable deps ti=<TaskInstance: dag_with_taskflow_api.greet scheduled__2024-10-16T00:00:00+00:00 [queued]>
[2024-12-20T10:29:13.530+0000] {taskinstance.py:2866} INFO - Starting attempt 1 of 6
[2024-12-20T10:29:13.725+0000] {taskinstance.py:2889} INFO - Executing <Task(_PythonDecoratedOperator): greet> on 2024-10-16 00:00:00+00:00
[2024-12-20T10:29:13.756+0000] {logging_mixin.py:190} WARNING - /home/***/.local/lib/python3.12/site-packages/***/task/task_runner/standard_task_runner.py:70 DeprecationWarning: This process (pid=12915) is multi-threaded, use of fork() may lead to deadlocks in the child.
[2024-12-20T10:29:13.760+0000] {standard_task_runner.py:72} INFO - Started process 12928 to run task
[2024-12-20T10:29:13.767+0000] {standard_task_runner.py:104} INFO - Running: ['***', 'tasks', 'run', 'dag_with_taskflow_api', 'greet', 'scheduled__2024-10-16T00:00:00+00:00', '--job-id', '4738', '--raw', '--subdir', 'DAGS_FOLDER/dag_with_taskflow_api.py', '--cfg-path', '/tmp/tmp_q8r7v9t']
[2024-12-20T10:29:13.771+0000] {standard_task_runner.py:105} INFO - Job 4738: Subtask greet
[2024-12-20T10:29:13.863+0000] {task_command.py:467} INFO - Running <TaskInstance: dag_with_taskflow_api.greet scheduled__2024-10-16T00:00:00+00:00 [running]> on host a998b5b3d359
[2024-12-20T10:29:14.057+0000] {taskinstance.py:3132} INFO - Exporting env vars: AIRFLOW_CTX_DAG_OWNER='mateo' AIRFLOW_CTX_DAG_ID='dag_with_taskflow_api' AIRFLOW_CTX_TASK_ID='greet' AIRFLOW_CTX_EXECUTION_DATE='2024-10-16T00:00:00+00:00' AIRFLOW_CTX_TRY_NUMBER='1' AIRFLOW_CTX_DAG_RUN_ID='scheduled__2024-10-16T00:00:00+00:00'
[2024-12-20T10:29:14.061+0000] {taskinstance.py:731} INFO - ::endgroup::
[2024-12-20T10:29:14.074+0000] {logging_mixin.py:190} INFO - My name is Jerry. I am 19 years old.
[2024-12-20T10:29:14.076+0000] {python.py:240} INFO - Done. Returned value was: None
[2024-12-20T10:29:14.091+0000] {taskinstance.py:340} INFO - ::group::Post task execution logs
[2024-12-20T10:29:14.092+0000] {taskinstance.py:352} INFO - Marking task as SUCCESS. dag_id=dag_with_taskflow_api, task_id=greet, run_id=scheduled__2024-10-16T00:00:00+00:00, execution_date=20241016T000000, start_date=20241220T102913, end_date=20241220T102914
[2024-12-20T10:29:14.185+0000] {local_task_job_runner.py:266} INFO - Task exited with return code 0
[2024-12-20T10:29:14.226+0000] {taskinstance.py:3895} INFO - 0 downstream tasks scheduled from follow-on schedule check
[2024-12-20T10:29:14.232+0000] {local_task_job_runner.py:245} INFO - ::endgroup::
