[2024-12-19T13:52:07.434+0000] {local_task_job_runner.py:123} INFO - ::group::Pre task execution logs
[2024-12-19T13:52:07.546+0000] {taskinstance.py:2613} INFO - Dependencies all met for dep_context=non-requeueable deps ti=<TaskInstance: dag_with_taskflow_api.get_age scheduled__2024-11-26T00:00:00+00:00 [queued]>
[2024-12-19T13:52:07.599+0000] {taskinstance.py:2613} INFO - Dependencies all met for dep_context=requeueable deps ti=<TaskInstance: dag_with_taskflow_api.get_age scheduled__2024-11-26T00:00:00+00:00 [queued]>
[2024-12-19T13:52:07.616+0000] {taskinstance.py:2866} INFO - Starting attempt 1 of 6
[2024-12-19T13:52:07.882+0000] {taskinstance.py:2889} INFO - Executing <Task(_PythonDecoratedOperator): get_age> on 2024-11-26 00:00:00+00:00
[2024-12-19T13:52:07.939+0000] {logging_mixin.py:190} WARNING - /home/***/.local/lib/python3.12/site-packages/***/task/task_runner/standard_task_runner.py:70 DeprecationWarning: This process (pid=16641) is multi-threaded, use of fork() may lead to deadlocks in the child.
[2024-12-19T13:52:07.942+0000] {standard_task_runner.py:72} INFO - Started process 16659 to run task
[2024-12-19T13:52:07.975+0000] {standard_task_runner.py:104} INFO - Running: ['***', 'tasks', 'run', 'dag_with_taskflow_api', 'get_age', 'scheduled__2024-11-26T00:00:00+00:00', '--job-id', '4528', '--raw', '--subdir', 'DAGS_FOLDER/dag_with_taskflow_api.py', '--cfg-path', '/tmp/tmpsn4ta366']
[2024-12-19T13:52:07.994+0000] {standard_task_runner.py:105} INFO - Job 4528: Subtask get_age
[2024-12-19T13:52:08.186+0000] {task_command.py:467} INFO - Running <TaskInstance: dag_with_taskflow_api.get_age scheduled__2024-11-26T00:00:00+00:00 [running]> on host 02d979add40a
[2024-12-19T13:52:08.510+0000] {taskinstance.py:3132} INFO - Exporting env vars: AIRFLOW_CTX_DAG_OWNER='mateo' AIRFLOW_CTX_DAG_ID='dag_with_taskflow_api' AIRFLOW_CTX_TASK_ID='get_age' AIRFLOW_CTX_EXECUTION_DATE='2024-11-26T00:00:00+00:00' AIRFLOW_CTX_TRY_NUMBER='1' AIRFLOW_CTX_DAG_RUN_ID='scheduled__2024-11-26T00:00:00+00:00'
[2024-12-19T13:52:08.518+0000] {taskinstance.py:731} INFO - ::endgroup::
[2024-12-19T13:52:08.524+0000] {python.py:240} INFO - Done. Returned value was: 19
[2024-12-19T13:52:08.605+0000] {taskinstance.py:340} INFO - ::group::Post task execution logs
[2024-12-19T13:52:08.607+0000] {taskinstance.py:352} INFO - Marking task as SUCCESS. dag_id=dag_with_taskflow_api, task_id=get_age, run_id=scheduled__2024-11-26T00:00:00+00:00, execution_date=20241126T000000, start_date=20241219T135207, end_date=20241219T135208
[2024-12-19T13:52:08.681+0000] {local_task_job_runner.py:266} INFO - Task exited with return code 0
[2024-12-19T13:52:08.742+0000] {taskinstance.py:3895} INFO - 1 downstream tasks scheduled from follow-on schedule check
[2024-12-19T13:52:08.747+0000] {local_task_job_runner.py:245} INFO - ::endgroup::
[2024-12-20T10:29:39.653+0000] {local_task_job_runner.py:123} INFO - ::group::Pre task execution logs
[2024-12-20T10:29:39.679+0000] {taskinstance.py:2613} INFO - Dependencies all met for dep_context=non-requeueable deps ti=<TaskInstance: dag_with_taskflow_api.get_age scheduled__2024-11-26T00:00:00+00:00 [queued]>
[2024-12-20T10:29:39.697+0000] {taskinstance.py:2613} INFO - Dependencies all met for dep_context=requeueable deps ti=<TaskInstance: dag_with_taskflow_api.get_age scheduled__2024-11-26T00:00:00+00:00 [queued]>
[2024-12-20T10:29:39.699+0000] {taskinstance.py:2866} INFO - Starting attempt 1 of 6
[2024-12-20T10:29:39.794+0000] {taskinstance.py:2889} INFO - Executing <Task(_PythonDecoratedOperator): get_age> on 2024-11-26 00:00:00+00:00
[2024-12-20T10:29:39.809+0000] {logging_mixin.py:190} WARNING - /home/***/.local/lib/python3.12/site-packages/***/task/task_runner/standard_task_runner.py:70 DeprecationWarning: This process (pid=13270) is multi-threaded, use of fork() may lead to deadlocks in the child.
[2024-12-20T10:29:39.814+0000] {standard_task_runner.py:72} INFO - Started process 13282 to run task
[2024-12-20T10:29:39.811+0000] {standard_task_runner.py:104} INFO - Running: ['***', 'tasks', 'run', 'dag_with_taskflow_api', 'get_age', 'scheduled__2024-11-26T00:00:00+00:00', '--job-id', '4848', '--raw', '--subdir', 'DAGS_FOLDER/dag_with_taskflow_api.py', '--cfg-path', '/tmp/tmpx0r5l4vr']
[2024-12-20T10:29:39.837+0000] {standard_task_runner.py:105} INFO - Job 4848: Subtask get_age
[2024-12-20T10:29:39.976+0000] {task_command.py:467} INFO - Running <TaskInstance: dag_with_taskflow_api.get_age scheduled__2024-11-26T00:00:00+00:00 [running]> on host a998b5b3d359
[2024-12-20T10:29:40.171+0000] {taskinstance.py:3132} INFO - Exporting env vars: AIRFLOW_CTX_DAG_OWNER='mateo' AIRFLOW_CTX_DAG_ID='dag_with_taskflow_api' AIRFLOW_CTX_TASK_ID='get_age' AIRFLOW_CTX_EXECUTION_DATE='2024-11-26T00:00:00+00:00' AIRFLOW_CTX_TRY_NUMBER='1' AIRFLOW_CTX_DAG_RUN_ID='scheduled__2024-11-26T00:00:00+00:00'
[2024-12-20T10:29:40.175+0000] {taskinstance.py:731} INFO - ::endgroup::
[2024-12-20T10:29:40.180+0000] {python.py:240} INFO - Done. Returned value was: 19
[2024-12-20T10:29:40.229+0000] {taskinstance.py:340} INFO - ::group::Post task execution logs
[2024-12-20T10:29:40.230+0000] {taskinstance.py:352} INFO - Marking task as SUCCESS. dag_id=dag_with_taskflow_api, task_id=get_age, run_id=scheduled__2024-11-26T00:00:00+00:00, execution_date=20241126T000000, start_date=20241220T102939, end_date=20241220T102940
[2024-12-20T10:29:40.319+0000] {local_task_job_runner.py:266} INFO - Task exited with return code 0
[2024-12-20T10:29:40.337+0000] {local_task_job_runner.py:245} INFO - ::endgroup::
