[2024-12-19T08:59:43.261+0000] {local_task_job_runner.py:123} INFO - ::group::Pre task execution logs
[2024-12-19T08:59:43.301+0000] {taskinstance.py:2613} INFO - Dependencies all met for dep_context=non-requeueable deps ti=<TaskInstance: our_first_dag_v2.third_task scheduled__2024-05-05T00:00:00+00:00 [queued]>
[2024-12-19T08:59:43.350+0000] {taskinstance.py:2613} INFO - Dependencies all met for dep_context=requeueable deps ti=<TaskInstance: our_first_dag_v2.third_task scheduled__2024-05-05T00:00:00+00:00 [queued]>
[2024-12-19T08:59:43.354+0000] {taskinstance.py:2866} INFO - Starting attempt 1 of 6
[2024-12-19T08:59:43.480+0000] {taskinstance.py:2889} INFO - Executing <Task(BashOperator): third_task> on 2024-05-05 00:00:00+00:00
[2024-12-19T08:59:43.512+0000] {logging_mixin.py:190} WARNING - /home/***/.local/lib/python3.12/site-packages/***/task/task_runner/standard_task_runner.py:70 DeprecationWarning: This process (pid=11560) is multi-threaded, use of fork() may lead to deadlocks in the child.
[2024-12-19T08:59:43.523+0000] {standard_task_runner.py:72} INFO - Started process 11574 to run task
[2024-12-19T08:59:43.529+0000] {standard_task_runner.py:104} INFO - Running: ['***', 'tasks', 'run', 'our_first_dag_v2', 'third_task', 'scheduled__2024-05-05T00:00:00+00:00', '--job-id', '2696', '--raw', '--subdir', 'DAGS_FOLDER/our_first_dag.py', '--cfg-path', '/tmp/tmpivcyhrm3']
[2024-12-19T08:59:43.539+0000] {standard_task_runner.py:105} INFO - Job 2696: Subtask third_task
[2024-12-19T08:59:43.677+0000] {task_command.py:467} INFO - Running <TaskInstance: our_first_dag_v2.third_task scheduled__2024-05-05T00:00:00+00:00 [running]> on host 8d142e9c83a7
[2024-12-19T08:59:43.869+0000] {taskinstance.py:3132} INFO - Exporting env vars: AIRFLOW_CTX_DAG_OWNER='mateo' AIRFLOW_CTX_DAG_ID='our_first_dag_v2' AIRFLOW_CTX_TASK_ID='third_task' AIRFLOW_CTX_EXECUTION_DATE='2024-05-05T00:00:00+00:00' AIRFLOW_CTX_TRY_NUMBER='1' AIRFLOW_CTX_DAG_RUN_ID='scheduled__2024-05-05T00:00:00+00:00'
[2024-12-19T08:59:43.874+0000] {taskinstance.py:731} INFO - ::endgroup::
[2024-12-19T08:59:43.917+0000] {subprocess.py:78} INFO - Tmp dir root location: /tmp
[2024-12-19T08:59:43.923+0000] {subprocess.py:88} INFO - Running command: ['/usr/bin/bash', '-c', 'echo I am the third task and I will be executed at the same time as the second task.']
[2024-12-19T08:59:43.953+0000] {subprocess.py:99} INFO - Output:
[2024-12-19T08:59:43.955+0000] {subprocess.py:106} INFO - I am the third task and I will be executed at the same time as the second task.
[2024-12-19T08:59:43.956+0000] {subprocess.py:110} INFO - Command exited with return code 0
[2024-12-19T08:59:43.998+0000] {taskinstance.py:340} INFO - ::group::Post task execution logs
[2024-12-19T08:59:43.999+0000] {taskinstance.py:352} INFO - Marking task as SUCCESS. dag_id=our_first_dag_v2, task_id=third_task, run_id=scheduled__2024-05-05T00:00:00+00:00, execution_date=20240505T000000, start_date=20241219T085943, end_date=20241219T085943
[2024-12-19T08:59:44.045+0000] {local_task_job_runner.py:266} INFO - Task exited with return code 0
[2024-12-19T08:59:44.067+0000] {taskinstance.py:3895} INFO - 0 downstream tasks scheduled from follow-on schedule check
[2024-12-19T08:59:44.073+0000] {local_task_job_runner.py:245} INFO - ::endgroup::
