[2024-12-19T13:51:19.995+0000] {local_task_job_runner.py:123} INFO - ::group::Pre task execution logs
[2024-12-19T13:51:20.027+0000] {taskinstance.py:2613} INFO - Dependencies all met for dep_context=non-requeueable deps ti=<TaskInstance: dag_with_taskflow_api.greet scheduled__2024-09-24T00:00:00+00:00 [queued]>
[2024-12-19T13:51:20.047+0000] {taskinstance.py:2613} INFO - Dependencies all met for dep_context=requeueable deps ti=<TaskInstance: dag_with_taskflow_api.greet scheduled__2024-09-24T00:00:00+00:00 [queued]>
[2024-12-19T13:51:20.049+0000] {taskinstance.py:2866} INFO - Starting attempt 1 of 6
[2024-12-19T13:51:20.094+0000] {taskinstance.py:2889} INFO - Executing <Task(_PythonDecoratedOperator): greet> on 2024-09-24 00:00:00+00:00
[2024-12-19T13:51:20.114+0000] {logging_mixin.py:190} WARNING - /home/***/.local/lib/python3.12/site-packages/***/task/task_runner/standard_task_runner.py:70 DeprecationWarning: This process (pid=16085) is multi-threaded, use of fork() may lead to deadlocks in the child.
[2024-12-19T13:51:20.125+0000] {standard_task_runner.py:72} INFO - Started process 16098 to run task
[2024-12-19T13:51:20.131+0000] {standard_task_runner.py:104} INFO - Running: ['***', 'tasks', 'run', 'dag_with_taskflow_api', 'greet', 'scheduled__2024-09-24T00:00:00+00:00', '--job-id', '4353', '--raw', '--subdir', 'DAGS_FOLDER/dag_with_taskflow_api.py', '--cfg-path', '/tmp/tmpzn72p9cz']
[2024-12-19T13:51:20.136+0000] {standard_task_runner.py:105} INFO - Job 4353: Subtask greet
[2024-12-19T13:51:20.308+0000] {task_command.py:467} INFO - Running <TaskInstance: dag_with_taskflow_api.greet scheduled__2024-09-24T00:00:00+00:00 [running]> on host 02d979add40a
[2024-12-19T13:51:20.498+0000] {taskinstance.py:3132} INFO - Exporting env vars: AIRFLOW_CTX_DAG_OWNER='mateo' AIRFLOW_CTX_DAG_ID='dag_with_taskflow_api' AIRFLOW_CTX_TASK_ID='greet' AIRFLOW_CTX_EXECUTION_DATE='2024-09-24T00:00:00+00:00' AIRFLOW_CTX_TRY_NUMBER='1' AIRFLOW_CTX_DAG_RUN_ID='scheduled__2024-09-24T00:00:00+00:00'
[2024-12-19T13:51:20.500+0000] {taskinstance.py:731} INFO - ::endgroup::
[2024-12-19T13:51:20.504+0000] {logging_mixin.py:190} INFO - My name is Jerry. I am 19 years old.
[2024-12-19T13:51:20.506+0000] {python.py:240} INFO - Done. Returned value was: None
[2024-12-19T13:51:20.516+0000] {taskinstance.py:340} INFO - ::group::Post task execution logs
[2024-12-19T13:51:20.517+0000] {taskinstance.py:352} INFO - Marking task as SUCCESS. dag_id=dag_with_taskflow_api, task_id=greet, run_id=scheduled__2024-09-24T00:00:00+00:00, execution_date=20240924T000000, start_date=20241219T135120, end_date=20241219T135120
[2024-12-19T13:51:20.559+0000] {local_task_job_runner.py:266} INFO - Task exited with return code 0
[2024-12-19T13:51:20.584+0000] {taskinstance.py:3895} INFO - 0 downstream tasks scheduled from follow-on schedule check
[2024-12-19T13:51:20.589+0000] {local_task_job_runner.py:245} INFO - ::endgroup::
[2024-12-20T10:28:55.220+0000] {local_task_job_runner.py:123} INFO - ::group::Pre task execution logs
[2024-12-20T10:28:55.254+0000] {taskinstance.py:2613} INFO - Dependencies all met for dep_context=non-requeueable deps ti=<TaskInstance: dag_with_taskflow_api.greet scheduled__2024-09-24T00:00:00+00:00 [queued]>
[2024-12-20T10:28:55.270+0000] {taskinstance.py:2613} INFO - Dependencies all met for dep_context=requeueable deps ti=<TaskInstance: dag_with_taskflow_api.greet scheduled__2024-09-24T00:00:00+00:00 [queued]>
[2024-12-20T10:28:55.272+0000] {taskinstance.py:2866} INFO - Starting attempt 1 of 6
[2024-12-20T10:28:55.299+0000] {taskinstance.py:2889} INFO - Executing <Task(_PythonDecoratedOperator): greet> on 2024-09-24 00:00:00+00:00
[2024-12-20T10:28:55.320+0000] {logging_mixin.py:190} WARNING - /home/***/.local/lib/python3.12/site-packages/***/task/task_runner/standard_task_runner.py:70 DeprecationWarning: This process (pid=12696) is multi-threaded, use of fork() may lead to deadlocks in the child.
[2024-12-20T10:28:55.325+0000] {standard_task_runner.py:72} INFO - Started process 12699 to run task
[2024-12-20T10:28:55.342+0000] {standard_task_runner.py:104} INFO - Running: ['***', 'tasks', 'run', 'dag_with_taskflow_api', 'greet', 'scheduled__2024-09-24T00:00:00+00:00', '--job-id', '4669', '--raw', '--subdir', 'DAGS_FOLDER/dag_with_taskflow_api.py', '--cfg-path', '/tmp/tmpgv48i2ne']
[2024-12-20T10:28:55.352+0000] {standard_task_runner.py:105} INFO - Job 4669: Subtask greet
[2024-12-20T10:28:55.457+0000] {task_command.py:467} INFO - Running <TaskInstance: dag_with_taskflow_api.greet scheduled__2024-09-24T00:00:00+00:00 [running]> on host a998b5b3d359
[2024-12-20T10:28:55.611+0000] {taskinstance.py:3132} INFO - Exporting env vars: AIRFLOW_CTX_DAG_OWNER='mateo' AIRFLOW_CTX_DAG_ID='dag_with_taskflow_api' AIRFLOW_CTX_TASK_ID='greet' AIRFLOW_CTX_EXECUTION_DATE='2024-09-24T00:00:00+00:00' AIRFLOW_CTX_TRY_NUMBER='1' AIRFLOW_CTX_DAG_RUN_ID='scheduled__2024-09-24T00:00:00+00:00'
[2024-12-20T10:28:55.616+0000] {taskinstance.py:731} INFO - ::endgroup::
[2024-12-20T10:28:55.623+0000] {logging_mixin.py:190} INFO - My name is Jerry. I am 19 years old.
[2024-12-20T10:28:55.623+0000] {python.py:240} INFO - Done. Returned value was: None
[2024-12-20T10:28:55.637+0000] {taskinstance.py:340} INFO - ::group::Post task execution logs
[2024-12-20T10:28:55.638+0000] {taskinstance.py:352} INFO - Marking task as SUCCESS. dag_id=dag_with_taskflow_api, task_id=greet, run_id=scheduled__2024-09-24T00:00:00+00:00, execution_date=20240924T000000, start_date=20241220T102855, end_date=20241220T102855
[2024-12-20T10:28:55.674+0000] {local_task_job_runner.py:266} INFO - Task exited with return code 0
[2024-12-20T10:28:55.753+0000] {taskinstance.py:3895} INFO - 0 downstream tasks scheduled from follow-on schedule check
[2024-12-20T10:28:55.763+0000] {local_task_job_runner.py:245} INFO - ::endgroup::
