[2024-12-19T13:51:31.318+0000] {local_task_job_runner.py:123} INFO - ::group::Pre task execution logs
[2024-12-19T13:51:31.391+0000] {taskinstance.py:2613} INFO - Dependencies all met for dep_context=non-requeueable deps ti=<TaskInstance: dag_with_taskflow_api.get_name scheduled__2024-10-08T00:00:00+00:00 [queued]>
[2024-12-19T13:51:31.423+0000] {taskinstance.py:2613} INFO - Dependencies all met for dep_context=requeueable deps ti=<TaskInstance: dag_with_taskflow_api.get_name scheduled__2024-10-08T00:00:00+00:00 [queued]>
[2024-12-19T13:51:31.425+0000] {taskinstance.py:2866} INFO - Starting attempt 1 of 6
[2024-12-19T13:51:31.485+0000] {taskinstance.py:2889} INFO - Executing <Task(_PythonDecoratedOperator): get_name> on 2024-10-08 00:00:00+00:00
[2024-12-19T13:51:31.508+0000] {standard_task_runner.py:104} INFO - Running: ['***', 'tasks', 'run', 'dag_with_taskflow_api', 'get_name', 'scheduled__2024-10-08T00:00:00+00:00', '--job-id', '4387', '--raw', '--subdir', 'DAGS_FOLDER/dag_with_taskflow_api.py', '--cfg-path', '/tmp/tmp22rfgjg4']
[2024-12-19T13:51:31.517+0000] {logging_mixin.py:190} WARNING - /home/***/.local/lib/python3.12/site-packages/***/task/task_runner/standard_task_runner.py:70 DeprecationWarning: This process (pid=16193) is multi-threaded, use of fork() may lead to deadlocks in the child.
[2024-12-19T13:51:31.524+0000] {standard_task_runner.py:105} INFO - Job 4387: Subtask get_name
[2024-12-19T13:51:31.525+0000] {standard_task_runner.py:72} INFO - Started process 16203 to run task
[2024-12-19T13:51:31.690+0000] {task_command.py:467} INFO - Running <TaskInstance: dag_with_taskflow_api.get_name scheduled__2024-10-08T00:00:00+00:00 [running]> on host 02d979add40a
[2024-12-19T13:51:32.096+0000] {taskinstance.py:3132} INFO - Exporting env vars: AIRFLOW_CTX_DAG_OWNER='mateo' AIRFLOW_CTX_DAG_ID='dag_with_taskflow_api' AIRFLOW_CTX_TASK_ID='get_name' AIRFLOW_CTX_EXECUTION_DATE='2024-10-08T00:00:00+00:00' AIRFLOW_CTX_TRY_NUMBER='1' AIRFLOW_CTX_DAG_RUN_ID='scheduled__2024-10-08T00:00:00+00:00'
[2024-12-19T13:51:32.102+0000] {taskinstance.py:731} INFO - ::endgroup::
[2024-12-19T13:51:32.112+0000] {python.py:240} INFO - Done. Returned value was: Jerry
[2024-12-19T13:51:32.204+0000] {taskinstance.py:340} INFO - ::group::Post task execution logs
[2024-12-19T13:51:32.207+0000] {taskinstance.py:352} INFO - Marking task as SUCCESS. dag_id=dag_with_taskflow_api, task_id=get_name, run_id=scheduled__2024-10-08T00:00:00+00:00, execution_date=20241008T000000, start_date=20241219T135131, end_date=20241219T135132
[2024-12-19T13:51:32.337+0000] {local_task_job_runner.py:266} INFO - Task exited with return code 0
[2024-12-19T13:51:32.383+0000] {taskinstance.py:3895} INFO - 0 downstream tasks scheduled from follow-on schedule check
[2024-12-19T13:51:32.399+0000] {local_task_job_runner.py:245} INFO - ::endgroup::
[2024-12-20T10:29:06.254+0000] {local_task_job_runner.py:123} INFO - ::group::Pre task execution logs
[2024-12-20T10:29:06.280+0000] {taskinstance.py:2613} INFO - Dependencies all met for dep_context=non-requeueable deps ti=<TaskInstance: dag_with_taskflow_api.get_name scheduled__2024-10-08T00:00:00+00:00 [queued]>
[2024-12-20T10:29:06.308+0000] {taskinstance.py:2613} INFO - Dependencies all met for dep_context=requeueable deps ti=<TaskInstance: dag_with_taskflow_api.get_name scheduled__2024-10-08T00:00:00+00:00 [queued]>
[2024-12-20T10:29:06.315+0000] {taskinstance.py:2866} INFO - Starting attempt 1 of 6
[2024-12-20T10:29:06.350+0000] {taskinstance.py:2889} INFO - Executing <Task(_PythonDecoratedOperator): get_name> on 2024-10-08 00:00:00+00:00
[2024-12-20T10:29:06.362+0000] {logging_mixin.py:190} WARNING - /home/***/.local/lib/python3.12/site-packages/***/task/task_runner/standard_task_runner.py:70 DeprecationWarning: This process (pid=12796) is multi-threaded, use of fork() may lead to deadlocks in the child.
[2024-12-20T10:29:06.365+0000] {standard_task_runner.py:72} INFO - Started process 12810 to run task
[2024-12-20T10:29:06.376+0000] {standard_task_runner.py:104} INFO - Running: ['***', 'tasks', 'run', 'dag_with_taskflow_api', 'get_name', 'scheduled__2024-10-08T00:00:00+00:00', '--job-id', '4702', '--raw', '--subdir', 'DAGS_FOLDER/dag_with_taskflow_api.py', '--cfg-path', '/tmp/tmpeiy_gjnd']
[2024-12-20T10:29:06.380+0000] {standard_task_runner.py:105} INFO - Job 4702: Subtask get_name
[2024-12-20T10:29:06.456+0000] {task_command.py:467} INFO - Running <TaskInstance: dag_with_taskflow_api.get_name scheduled__2024-10-08T00:00:00+00:00 [running]> on host a998b5b3d359
[2024-12-20T10:29:06.585+0000] {taskinstance.py:3132} INFO - Exporting env vars: AIRFLOW_CTX_DAG_OWNER='mateo' AIRFLOW_CTX_DAG_ID='dag_with_taskflow_api' AIRFLOW_CTX_TASK_ID='get_name' AIRFLOW_CTX_EXECUTION_DATE='2024-10-08T00:00:00+00:00' AIRFLOW_CTX_TRY_NUMBER='1' AIRFLOW_CTX_DAG_RUN_ID='scheduled__2024-10-08T00:00:00+00:00'
[2024-12-20T10:29:06.588+0000] {taskinstance.py:731} INFO - ::endgroup::
[2024-12-20T10:29:06.593+0000] {python.py:240} INFO - Done. Returned value was: Jerry
[2024-12-20T10:29:06.630+0000] {taskinstance.py:340} INFO - ::group::Post task execution logs
[2024-12-20T10:29:06.632+0000] {taskinstance.py:352} INFO - Marking task as SUCCESS. dag_id=dag_with_taskflow_api, task_id=get_name, run_id=scheduled__2024-10-08T00:00:00+00:00, execution_date=20241008T000000, start_date=20241220T102906, end_date=20241220T102906
[2024-12-20T10:29:06.703+0000] {local_task_job_runner.py:266} INFO - Task exited with return code 0
[2024-12-20T10:29:06.735+0000] {local_task_job_runner.py:245} INFO - ::endgroup::
