[2024-12-19T13:52:15.315+0000] {local_task_job_runner.py:123} INFO - ::group::Pre task execution logs
[2024-12-19T13:52:15.514+0000] {taskinstance.py:2613} INFO - Dependencies all met for dep_context=non-requeueable deps ti=<TaskInstance: dag_with_taskflow_api.greet scheduled__2024-12-01T00:00:00+00:00 [queued]>
[2024-12-19T13:52:15.559+0000] {taskinstance.py:2613} INFO - Dependencies all met for dep_context=requeueable deps ti=<TaskInstance: dag_with_taskflow_api.greet scheduled__2024-12-01T00:00:00+00:00 [queued]>
[2024-12-19T13:52:15.562+0000] {taskinstance.py:2866} INFO - Starting attempt 1 of 6
[2024-12-19T13:52:15.671+0000] {taskinstance.py:2889} INFO - Executing <Task(_PythonDecoratedOperator): greet> on 2024-12-01 00:00:00+00:00
[2024-12-19T13:52:15.714+0000] {logging_mixin.py:190} WARNING - /home/***/.local/lib/python3.12/site-packages/***/task/task_runner/standard_task_runner.py:70 DeprecationWarning: This process (pid=16751) is multi-threaded, use of fork() may lead to deadlocks in the child.
[2024-12-19T13:52:15.724+0000] {standard_task_runner.py:72} INFO - Started process 16766 to run task
[2024-12-19T13:52:15.720+0000] {standard_task_runner.py:104} INFO - Running: ['***', 'tasks', 'run', 'dag_with_taskflow_api', 'greet', 'scheduled__2024-12-01T00:00:00+00:00', '--job-id', '4559', '--raw', '--subdir', 'DAGS_FOLDER/dag_with_taskflow_api.py', '--cfg-path', '/tmp/tmp1hiux6wu']
[2024-12-19T13:52:15.735+0000] {standard_task_runner.py:105} INFO - Job 4559: Subtask greet
[2024-12-19T13:52:16.006+0000] {task_command.py:467} INFO - Running <TaskInstance: dag_with_taskflow_api.greet scheduled__2024-12-01T00:00:00+00:00 [running]> on host 02d979add40a
[2024-12-19T13:52:16.325+0000] {taskinstance.py:3132} INFO - Exporting env vars: AIRFLOW_CTX_DAG_OWNER='mateo' AIRFLOW_CTX_DAG_ID='dag_with_taskflow_api' AIRFLOW_CTX_TASK_ID='greet' AIRFLOW_CTX_EXECUTION_DATE='2024-12-01T00:00:00+00:00' AIRFLOW_CTX_TRY_NUMBER='1' AIRFLOW_CTX_DAG_RUN_ID='scheduled__2024-12-01T00:00:00+00:00'
[2024-12-19T13:52:16.331+0000] {taskinstance.py:731} INFO - ::endgroup::
[2024-12-19T13:52:16.336+0000] {logging_mixin.py:190} INFO - My name is Jerry. I am 19 years old.
[2024-12-19T13:52:16.339+0000] {python.py:240} INFO - Done. Returned value was: None
[2024-12-19T13:52:16.360+0000] {taskinstance.py:340} INFO - ::group::Post task execution logs
[2024-12-19T13:52:16.362+0000] {taskinstance.py:352} INFO - Marking task as SUCCESS. dag_id=dag_with_taskflow_api, task_id=greet, run_id=scheduled__2024-12-01T00:00:00+00:00, execution_date=20241201T000000, start_date=20241219T135215, end_date=20241219T135216
[2024-12-19T13:52:16.572+0000] {local_task_job_runner.py:266} INFO - Task exited with return code 0
[2024-12-19T13:52:16.634+0000] {taskinstance.py:3895} INFO - 0 downstream tasks scheduled from follow-on schedule check
[2024-12-19T13:52:16.641+0000] {local_task_job_runner.py:245} INFO - ::endgroup::
[2024-12-20T10:29:45.835+0000] {local_task_job_runner.py:123} INFO - ::group::Pre task execution logs
[2024-12-20T10:29:45.867+0000] {taskinstance.py:2613} INFO - Dependencies all met for dep_context=non-requeueable deps ti=<TaskInstance: dag_with_taskflow_api.greet scheduled__2024-12-01T00:00:00+00:00 [queued]>
[2024-12-20T10:29:45.880+0000] {taskinstance.py:2613} INFO - Dependencies all met for dep_context=requeueable deps ti=<TaskInstance: dag_with_taskflow_api.greet scheduled__2024-12-01T00:00:00+00:00 [queued]>
[2024-12-20T10:29:45.881+0000] {taskinstance.py:2866} INFO - Starting attempt 1 of 6
[2024-12-20T10:29:45.923+0000] {taskinstance.py:2889} INFO - Executing <Task(_PythonDecoratedOperator): greet> on 2024-12-01 00:00:00+00:00
[2024-12-20T10:29:45.940+0000] {logging_mixin.py:190} WARNING - /home/***/.local/lib/python3.12/site-packages/***/task/task_runner/standard_task_runner.py:70 DeprecationWarning: This process (pid=13365) is multi-threaded, use of fork() may lead to deadlocks in the child.
[2024-12-20T10:29:45.947+0000] {standard_task_runner.py:104} INFO - Running: ['***', 'tasks', 'run', 'dag_with_taskflow_api', 'greet', 'scheduled__2024-12-01T00:00:00+00:00', '--job-id', '4876', '--raw', '--subdir', 'DAGS_FOLDER/dag_with_taskflow_api.py', '--cfg-path', '/tmp/tmpp5k2k12u']
[2024-12-20T10:29:45.958+0000] {standard_task_runner.py:105} INFO - Job 4876: Subtask greet
[2024-12-20T10:29:45.956+0000] {standard_task_runner.py:72} INFO - Started process 13375 to run task
[2024-12-20T10:29:46.077+0000] {task_command.py:467} INFO - Running <TaskInstance: dag_with_taskflow_api.greet scheduled__2024-12-01T00:00:00+00:00 [running]> on host a998b5b3d359
[2024-12-20T10:29:46.369+0000] {taskinstance.py:3132} INFO - Exporting env vars: AIRFLOW_CTX_DAG_OWNER='mateo' AIRFLOW_CTX_DAG_ID='dag_with_taskflow_api' AIRFLOW_CTX_TASK_ID='greet' AIRFLOW_CTX_EXECUTION_DATE='2024-12-01T00:00:00+00:00' AIRFLOW_CTX_TRY_NUMBER='1' AIRFLOW_CTX_DAG_RUN_ID='scheduled__2024-12-01T00:00:00+00:00'
[2024-12-20T10:29:46.372+0000] {taskinstance.py:731} INFO - ::endgroup::
[2024-12-20T10:29:46.381+0000] {logging_mixin.py:190} INFO - My name is Jerry. I am 19 years old.
[2024-12-20T10:29:46.385+0000] {python.py:240} INFO - Done. Returned value was: None
[2024-12-20T10:29:46.423+0000] {taskinstance.py:340} INFO - ::group::Post task execution logs
[2024-12-20T10:29:46.424+0000] {taskinstance.py:352} INFO - Marking task as SUCCESS. dag_id=dag_with_taskflow_api, task_id=greet, run_id=scheduled__2024-12-01T00:00:00+00:00, execution_date=20241201T000000, start_date=20241220T102945, end_date=20241220T102946
[2024-12-20T10:29:46.489+0000] {local_task_job_runner.py:266} INFO - Task exited with return code 0
[2024-12-20T10:29:46.511+0000] {taskinstance.py:3895} INFO - 0 downstream tasks scheduled from follow-on schedule check
[2024-12-20T10:29:46.518+0000] {local_task_job_runner.py:245} INFO - ::endgroup::
