[2024-12-19T10:07:27.308+0000] {local_task_job_runner.py:123} INFO - ::group::Pre task execution logs
[2024-12-19T10:07:27.332+0000] {taskinstance.py:2613} INFO - Dependencies all met for dep_context=non-requeueable deps ti=<TaskInstance: python_operator_dag_v2.get_name scheduled__2021-10-11T00:00:00+00:00 [queued]>
[2024-12-19T10:07:27.351+0000] {taskinstance.py:2613} INFO - Dependencies all met for dep_context=requeueable deps ti=<TaskInstance: python_operator_dag_v2.get_name scheduled__2021-10-11T00:00:00+00:00 [queued]>
[2024-12-19T10:07:27.353+0000] {taskinstance.py:2866} INFO - Starting attempt 1 of 6
[2024-12-19T10:07:27.372+0000] {taskinstance.py:2889} INFO - Executing <Task(PythonOperator): get_name> on 2021-10-11 00:00:00+00:00
[2024-12-19T10:07:27.392+0000] {logging_mixin.py:190} WARNING - /home/***/.local/lib/python3.12/site-packages/***/task/task_runner/standard_task_runner.py:70 DeprecationWarning: This process (pid=3948) is multi-threaded, use of fork() may lead to deadlocks in the child.
[2024-12-19T10:07:27.408+0000] {standard_task_runner.py:72} INFO - Started process 3956 to run task
[2024-12-19T10:07:27.406+0000] {standard_task_runner.py:104} INFO - Running: ['***', 'tasks', 'run', 'python_operator_dag_v2', 'get_name', 'scheduled__2021-10-11T00:00:00+00:00', '--job-id', '1203', '--raw', '--subdir', 'DAGS_FOLDER/python_operator_dag.py', '--cfg-path', '/tmp/tmpiona2k83']
[2024-12-19T10:07:27.415+0000] {standard_task_runner.py:105} INFO - Job 1203: Subtask get_name
[2024-12-19T10:07:27.501+0000] {task_command.py:467} INFO - Running <TaskInstance: python_operator_dag_v2.get_name scheduled__2021-10-11T00:00:00+00:00 [running]> on host 02d979add40a
[2024-12-19T10:07:27.630+0000] {taskinstance.py:3132} INFO - Exporting env vars: AIRFLOW_CTX_DAG_OWNER='mateo' AIRFLOW_CTX_DAG_ID='python_operator_dag_v2' AIRFLOW_CTX_TASK_ID='get_name' AIRFLOW_CTX_EXECUTION_DATE='2021-10-11T00:00:00+00:00' AIRFLOW_CTX_TRY_NUMBER='1' AIRFLOW_CTX_DAG_RUN_ID='scheduled__2021-10-11T00:00:00+00:00'
[2024-12-19T10:07:27.634+0000] {taskinstance.py:731} INFO - ::endgroup::
[2024-12-19T10:07:27.659+0000] {python.py:240} INFO - Done. Returned value was: Josip
[2024-12-19T10:07:27.708+0000] {taskinstance.py:340} INFO - ::group::Post task execution logs
[2024-12-19T10:07:27.709+0000] {taskinstance.py:352} INFO - Marking task as SUCCESS. dag_id=python_operator_dag_v2, task_id=get_name, run_id=scheduled__2021-10-11T00:00:00+00:00, execution_date=20211011T000000, start_date=20241219T100727, end_date=20241219T100727
[2024-12-19T10:07:27.831+0000] {local_task_job_runner.py:266} INFO - Task exited with return code 0
[2024-12-19T10:07:27.876+0000] {taskinstance.py:3895} INFO - 1 downstream tasks scheduled from follow-on schedule check
[2024-12-19T10:07:27.886+0000] {local_task_job_runner.py:245} INFO - ::endgroup::
[2024-12-19T10:10:56.127+0000] {local_task_job_runner.py:123} INFO - ::group::Pre task execution logs
[2024-12-19T10:10:56.166+0000] {taskinstance.py:2613} INFO - Dependencies all met for dep_context=non-requeueable deps ti=<TaskInstance: python_operator_dag_v2.get_name scheduled__2021-10-11T00:00:00+00:00 [queued]>
[2024-12-19T10:10:56.195+0000] {taskinstance.py:2613} INFO - Dependencies all met for dep_context=requeueable deps ti=<TaskInstance: python_operator_dag_v2.get_name scheduled__2021-10-11T00:00:00+00:00 [queued]>
[2024-12-19T10:10:56.201+0000] {taskinstance.py:2866} INFO - Starting attempt 1 of 6
[2024-12-19T10:10:56.238+0000] {taskinstance.py:2889} INFO - Executing <Task(PythonOperator): get_name> on 2021-10-11 00:00:00+00:00
[2024-12-19T10:10:56.249+0000] {logging_mixin.py:190} WARNING - /home/***/.local/lib/python3.12/site-packages/***/task/task_runner/standard_task_runner.py:70 DeprecationWarning: This process (pid=4163) is multi-threaded, use of fork() may lead to deadlocks in the child.
[2024-12-19T10:10:56.252+0000] {standard_task_runner.py:72} INFO - Started process 4169 to run task
[2024-12-19T10:10:56.252+0000] {standard_task_runner.py:104} INFO - Running: ['***', 'tasks', 'run', 'python_operator_dag_v2', 'get_name', 'scheduled__2021-10-11T00:00:00+00:00', '--job-id', '1237', '--raw', '--subdir', 'DAGS_FOLDER/python_operator_dag.py', '--cfg-path', '/tmp/tmp3u_nxllk']
[2024-12-19T10:10:56.257+0000] {standard_task_runner.py:105} INFO - Job 1237: Subtask get_name
[2024-12-19T10:10:56.335+0000] {task_command.py:467} INFO - Running <TaskInstance: python_operator_dag_v2.get_name scheduled__2021-10-11T00:00:00+00:00 [running]> on host 02d979add40a
[2024-12-19T10:10:56.453+0000] {taskinstance.py:3132} INFO - Exporting env vars: AIRFLOW_CTX_DAG_OWNER='mateo' AIRFLOW_CTX_DAG_ID='python_operator_dag_v2' AIRFLOW_CTX_TASK_ID='get_name' AIRFLOW_CTX_EXECUTION_DATE='2021-10-11T00:00:00+00:00' AIRFLOW_CTX_TRY_NUMBER='1' AIRFLOW_CTX_DAG_RUN_ID='scheduled__2021-10-11T00:00:00+00:00'
[2024-12-19T10:10:56.456+0000] {taskinstance.py:731} INFO - ::endgroup::
[2024-12-19T10:10:56.486+0000] {python.py:240} INFO - Done. Returned value was: Josip
[2024-12-19T10:10:56.529+0000] {taskinstance.py:340} INFO - ::group::Post task execution logs
[2024-12-19T10:10:56.531+0000] {taskinstance.py:352} INFO - Marking task as SUCCESS. dag_id=python_operator_dag_v2, task_id=get_name, run_id=scheduled__2021-10-11T00:00:00+00:00, execution_date=20211011T000000, start_date=20241219T101056, end_date=20241219T101056
[2024-12-19T10:10:56.605+0000] {local_task_job_runner.py:266} INFO - Task exited with return code 0
[2024-12-19T10:10:56.632+0000] {taskinstance.py:3895} INFO - 1 downstream tasks scheduled from follow-on schedule check
[2024-12-19T10:10:56.635+0000] {local_task_job_runner.py:245} INFO - ::endgroup::
