[2024-12-19T08:56:57.742+0000] {local_task_job_runner.py:123} INFO - ::group::Pre task execution logs
[2024-12-19T08:56:57.812+0000] {taskinstance.py:2613} INFO - Dependencies all met for dep_context=non-requeueable deps ti=<TaskInstance: our_first_dag_v2.first_task scheduled__2023-07-14T00:00:00+00:00 [queued]>
[2024-12-19T08:56:57.853+0000] {taskinstance.py:2613} INFO - Dependencies all met for dep_context=requeueable deps ti=<TaskInstance: our_first_dag_v2.first_task scheduled__2023-07-14T00:00:00+00:00 [queued]>
[2024-12-19T08:56:57.856+0000] {taskinstance.py:2866} INFO - Starting attempt 1 of 6
[2024-12-19T08:56:57.931+0000] {taskinstance.py:2889} INFO - Executing <Task(BashOperator): first_task> on 2023-07-14 00:00:00+00:00
[2024-12-19T08:56:57.953+0000] {standard_task_runner.py:104} INFO - Running: ['***', 'tasks', 'run', 'our_first_dag_v2', 'first_task', 'scheduled__2023-07-14T00:00:00+00:00', '--job-id', '1796', '--raw', '--subdir', 'DAGS_FOLDER/our_first_dag.py', '--cfg-path', '/tmp/tmpqrflyna0']
[2024-12-19T08:56:57.960+0000] {logging_mixin.py:190} WARNING - /home/***/.local/lib/python3.12/site-packages/***/task/task_runner/standard_task_runner.py:70 DeprecationWarning: This process (pid=7888) is multi-threaded, use of fork() may lead to deadlocks in the child.
[2024-12-19T08:56:57.964+0000] {standard_task_runner.py:72} INFO - Started process 7911 to run task
[2024-12-19T08:56:57.963+0000] {standard_task_runner.py:105} INFO - Job 1796: Subtask first_task
[2024-12-19T08:56:58.141+0000] {task_command.py:467} INFO - Running <TaskInstance: our_first_dag_v2.first_task scheduled__2023-07-14T00:00:00+00:00 [running]> on host 8d142e9c83a7
[2024-12-19T08:56:58.440+0000] {taskinstance.py:3132} INFO - Exporting env vars: AIRFLOW_CTX_DAG_OWNER='mateo' AIRFLOW_CTX_DAG_ID='our_first_dag_v2' AIRFLOW_CTX_TASK_ID='first_task' AIRFLOW_CTX_EXECUTION_DATE='2023-07-14T00:00:00+00:00' AIRFLOW_CTX_TRY_NUMBER='1' AIRFLOW_CTX_DAG_RUN_ID='scheduled__2023-07-14T00:00:00+00:00'
[2024-12-19T08:56:58.446+0000] {taskinstance.py:731} INFO - ::endgroup::
[2024-12-19T08:56:58.520+0000] {subprocess.py:78} INFO - Tmp dir root location: /tmp
[2024-12-19T08:56:58.537+0000] {subprocess.py:88} INFO - Running command: ['/usr/bin/bash', '-c', 'echo hello world, this is the first task']
[2024-12-19T08:56:58.670+0000] {subprocess.py:99} INFO - Output:
[2024-12-19T08:56:58.671+0000] {subprocess.py:106} INFO - hello world, this is the first task
[2024-12-19T08:56:58.699+0000] {subprocess.py:110} INFO - Command exited with return code 0
[2024-12-19T08:56:58.759+0000] {taskinstance.py:340} INFO - ::group::Post task execution logs
[2024-12-19T08:56:58.760+0000] {taskinstance.py:352} INFO - Marking task as SUCCESS. dag_id=our_first_dag_v2, task_id=first_task, run_id=scheduled__2023-07-14T00:00:00+00:00, execution_date=20230714T000000, start_date=20241219T085657, end_date=20241219T085658
[2024-12-19T08:56:58.896+0000] {local_task_job_runner.py:266} INFO - Task exited with return code 0
[2024-12-19T08:56:58.935+0000] {taskinstance.py:3895} INFO - 2 downstream tasks scheduled from follow-on schedule check
[2024-12-19T08:56:58.948+0000] {local_task_job_runner.py:245} INFO - ::endgroup::
