[2024-12-19T13:51:15.919+0000] {local_task_job_runner.py:123} INFO - ::group::Pre task execution logs
[2024-12-19T13:51:15.978+0000] {taskinstance.py:2613} INFO - Dependencies all met for dep_context=non-requeueable deps ti=<TaskInstance: dag_with_taskflow_api.get_name scheduled__2024-09-18T00:00:00+00:00 [queued]>
[2024-12-19T13:51:15.997+0000] {taskinstance.py:2613} INFO - Dependencies all met for dep_context=requeueable deps ti=<TaskInstance: dag_with_taskflow_api.get_name scheduled__2024-09-18T00:00:00+00:00 [queued]>
[2024-12-19T13:51:15.998+0000] {taskinstance.py:2866} INFO - Starting attempt 1 of 6
[2024-12-19T13:51:16.098+0000] {taskinstance.py:2889} INFO - Executing <Task(_PythonDecoratedOperator): get_name> on 2024-09-18 00:00:00+00:00
[2024-12-19T13:51:16.112+0000] {logging_mixin.py:190} WARNING - /home/***/.local/lib/python3.12/site-packages/***/task/task_runner/standard_task_runner.py:70 DeprecationWarning: This process (pid=16008) is multi-threaded, use of fork() may lead to deadlocks in the child.
[2024-12-19T13:51:16.115+0000] {standard_task_runner.py:72} INFO - Started process 16018 to run task
[2024-12-19T13:51:16.151+0000] {standard_task_runner.py:104} INFO - Running: ['***', 'tasks', 'run', 'dag_with_taskflow_api', 'get_name', 'scheduled__2024-09-18T00:00:00+00:00', '--job-id', '4326', '--raw', '--subdir', 'DAGS_FOLDER/dag_with_taskflow_api.py', '--cfg-path', '/tmp/tmphdz33fug']
[2024-12-19T13:51:16.163+0000] {standard_task_runner.py:105} INFO - Job 4326: Subtask get_name
[2024-12-19T13:51:16.333+0000] {task_command.py:467} INFO - Running <TaskInstance: dag_with_taskflow_api.get_name scheduled__2024-09-18T00:00:00+00:00 [running]> on host 02d979add40a
[2024-12-19T13:51:16.694+0000] {taskinstance.py:3132} INFO - Exporting env vars: AIRFLOW_CTX_DAG_OWNER='mateo' AIRFLOW_CTX_DAG_ID='dag_with_taskflow_api' AIRFLOW_CTX_TASK_ID='get_name' AIRFLOW_CTX_EXECUTION_DATE='2024-09-18T00:00:00+00:00' AIRFLOW_CTX_TRY_NUMBER='1' AIRFLOW_CTX_DAG_RUN_ID='scheduled__2024-09-18T00:00:00+00:00'
[2024-12-19T13:51:16.700+0000] {taskinstance.py:731} INFO - ::endgroup::
[2024-12-19T13:51:16.713+0000] {python.py:240} INFO - Done. Returned value was: Jerry
[2024-12-19T13:51:16.762+0000] {taskinstance.py:340} INFO - ::group::Post task execution logs
[2024-12-19T13:51:16.764+0000] {taskinstance.py:352} INFO - Marking task as SUCCESS. dag_id=dag_with_taskflow_api, task_id=get_name, run_id=scheduled__2024-09-18T00:00:00+00:00, execution_date=20240918T000000, start_date=20241219T135115, end_date=20241219T135116
[2024-12-19T13:51:16.831+0000] {local_task_job_runner.py:266} INFO - Task exited with return code 0
[2024-12-19T13:51:16.918+0000] {taskinstance.py:3895} INFO - 1 downstream tasks scheduled from follow-on schedule check
[2024-12-19T13:51:16.926+0000] {local_task_job_runner.py:245} INFO - ::endgroup::
[2024-12-20T10:28:47.395+0000] {local_task_job_runner.py:123} INFO - ::group::Pre task execution logs
[2024-12-20T10:28:47.432+0000] {taskinstance.py:2613} INFO - Dependencies all met for dep_context=non-requeueable deps ti=<TaskInstance: dag_with_taskflow_api.get_name scheduled__2024-09-18T00:00:00+00:00 [queued]>
[2024-12-20T10:28:47.464+0000] {taskinstance.py:2613} INFO - Dependencies all met for dep_context=requeueable deps ti=<TaskInstance: dag_with_taskflow_api.get_name scheduled__2024-09-18T00:00:00+00:00 [queued]>
[2024-12-20T10:28:47.466+0000] {taskinstance.py:2866} INFO - Starting attempt 1 of 6
[2024-12-20T10:28:47.496+0000] {taskinstance.py:2889} INFO - Executing <Task(_PythonDecoratedOperator): get_name> on 2024-09-18 00:00:00+00:00
[2024-12-20T10:28:47.516+0000] {logging_mixin.py:190} WARNING - /home/***/.local/lib/python3.12/site-packages/***/task/task_runner/standard_task_runner.py:70 DeprecationWarning: This process (pid=12600) is multi-threaded, use of fork() may lead to deadlocks in the child.
[2024-12-20T10:28:47.520+0000] {standard_task_runner.py:72} INFO - Started process 12618 to run task
[2024-12-20T10:28:47.523+0000] {standard_task_runner.py:104} INFO - Running: ['***', 'tasks', 'run', 'dag_with_taskflow_api', 'get_name', 'scheduled__2024-09-18T00:00:00+00:00', '--job-id', '4642', '--raw', '--subdir', 'DAGS_FOLDER/dag_with_taskflow_api.py', '--cfg-path', '/tmp/tmpca45i3df']
[2024-12-20T10:28:47.533+0000] {standard_task_runner.py:105} INFO - Job 4642: Subtask get_name
[2024-12-20T10:28:47.675+0000] {task_command.py:467} INFO - Running <TaskInstance: dag_with_taskflow_api.get_name scheduled__2024-09-18T00:00:00+00:00 [running]> on host a998b5b3d359
[2024-12-20T10:28:47.822+0000] {taskinstance.py:3132} INFO - Exporting env vars: AIRFLOW_CTX_DAG_OWNER='mateo' AIRFLOW_CTX_DAG_ID='dag_with_taskflow_api' AIRFLOW_CTX_TASK_ID='get_name' AIRFLOW_CTX_EXECUTION_DATE='2024-09-18T00:00:00+00:00' AIRFLOW_CTX_TRY_NUMBER='1' AIRFLOW_CTX_DAG_RUN_ID='scheduled__2024-09-18T00:00:00+00:00'
[2024-12-20T10:28:47.825+0000] {taskinstance.py:731} INFO - ::endgroup::
[2024-12-20T10:28:47.832+0000] {python.py:240} INFO - Done. Returned value was: Jerry
[2024-12-20T10:28:47.900+0000] {taskinstance.py:340} INFO - ::group::Post task execution logs
[2024-12-20T10:28:47.901+0000] {taskinstance.py:352} INFO - Marking task as SUCCESS. dag_id=dag_with_taskflow_api, task_id=get_name, run_id=scheduled__2024-09-18T00:00:00+00:00, execution_date=20240918T000000, start_date=20241220T102847, end_date=20241220T102847
[2024-12-20T10:28:47.971+0000] {local_task_job_runner.py:266} INFO - Task exited with return code 0
[2024-12-20T10:28:47.996+0000] {taskinstance.py:3895} INFO - 0 downstream tasks scheduled from follow-on schedule check
[2024-12-20T10:28:48.003+0000] {local_task_job_runner.py:245} INFO - ::endgroup::
