[2024-12-19T13:51:31.524+0000] {local_task_job_runner.py:123} INFO - ::group::Pre task execution logs
[2024-12-19T13:51:31.567+0000] {taskinstance.py:2613} INFO - Dependencies all met for dep_context=non-requeueable deps ti=<TaskInstance: dag_with_taskflow_api.get_name scheduled__2024-10-09T00:00:00+00:00 [queued]>
[2024-12-19T13:51:31.601+0000] {taskinstance.py:2613} INFO - Dependencies all met for dep_context=requeueable deps ti=<TaskInstance: dag_with_taskflow_api.get_name scheduled__2024-10-09T00:00:00+00:00 [queued]>
[2024-12-19T13:51:31.603+0000] {taskinstance.py:2866} INFO - Starting attempt 1 of 6
[2024-12-19T13:51:31.661+0000] {taskinstance.py:2889} INFO - Executing <Task(_PythonDecoratedOperator): get_name> on 2024-10-09 00:00:00+00:00
[2024-12-19T13:51:31.700+0000] {logging_mixin.py:190} WARNING - /home/***/.local/lib/python3.12/site-packages/***/task/task_runner/standard_task_runner.py:70 DeprecationWarning: This process (pid=16195) is multi-threaded, use of fork() may lead to deadlocks in the child.
[2024-12-19T13:51:31.699+0000] {standard_task_runner.py:104} INFO - Running: ['***', 'tasks', 'run', 'dag_with_taskflow_api', 'get_name', 'scheduled__2024-10-09T00:00:00+00:00', '--job-id', '4389', '--raw', '--subdir', 'DAGS_FOLDER/dag_with_taskflow_api.py', '--cfg-path', '/tmp/tmph_nvnrst']
[2024-12-19T13:51:31.722+0000] {standard_task_runner.py:72} INFO - Started process 16210 to run task
[2024-12-19T13:51:31.723+0000] {standard_task_runner.py:105} INFO - Job 4389: Subtask get_name
[2024-12-19T13:51:31.986+0000] {task_command.py:467} INFO - Running <TaskInstance: dag_with_taskflow_api.get_name scheduled__2024-10-09T00:00:00+00:00 [running]> on host 02d979add40a
[2024-12-19T13:51:32.308+0000] {taskinstance.py:3132} INFO - Exporting env vars: AIRFLOW_CTX_DAG_OWNER='mateo' AIRFLOW_CTX_DAG_ID='dag_with_taskflow_api' AIRFLOW_CTX_TASK_ID='get_name' AIRFLOW_CTX_EXECUTION_DATE='2024-10-09T00:00:00+00:00' AIRFLOW_CTX_TRY_NUMBER='1' AIRFLOW_CTX_DAG_RUN_ID='scheduled__2024-10-09T00:00:00+00:00'
[2024-12-19T13:51:32.313+0000] {taskinstance.py:731} INFO - ::endgroup::
[2024-12-19T13:51:32.317+0000] {python.py:240} INFO - Done. Returned value was: Jerry
[2024-12-19T13:51:32.396+0000] {taskinstance.py:340} INFO - ::group::Post task execution logs
[2024-12-19T13:51:32.398+0000] {taskinstance.py:352} INFO - Marking task as SUCCESS. dag_id=dag_with_taskflow_api, task_id=get_name, run_id=scheduled__2024-10-09T00:00:00+00:00, execution_date=20241009T000000, start_date=20241219T135131, end_date=20241219T135132
[2024-12-19T13:51:32.597+0000] {local_task_job_runner.py:266} INFO - Task exited with return code 0
[2024-12-19T13:51:32.639+0000] {local_task_job_runner.py:245} INFO - ::endgroup::
[2024-12-20T10:29:06.533+0000] {local_task_job_runner.py:123} INFO - ::group::Pre task execution logs
[2024-12-20T10:29:06.559+0000] {taskinstance.py:2613} INFO - Dependencies all met for dep_context=non-requeueable deps ti=<TaskInstance: dag_with_taskflow_api.get_name scheduled__2024-10-09T00:00:00+00:00 [queued]>
[2024-12-20T10:29:06.569+0000] {taskinstance.py:2613} INFO - Dependencies all met for dep_context=requeueable deps ti=<TaskInstance: dag_with_taskflow_api.get_name scheduled__2024-10-09T00:00:00+00:00 [queued]>
[2024-12-20T10:29:06.571+0000] {taskinstance.py:2866} INFO - Starting attempt 1 of 6
[2024-12-20T10:29:06.593+0000] {taskinstance.py:2889} INFO - Executing <Task(_PythonDecoratedOperator): get_name> on 2024-10-09 00:00:00+00:00
[2024-12-20T10:29:06.605+0000] {logging_mixin.py:190} WARNING - /home/***/.local/lib/python3.12/site-packages/***/task/task_runner/standard_task_runner.py:70 DeprecationWarning: This process (pid=12805) is multi-threaded, use of fork() may lead to deadlocks in the child.
[2024-12-20T10:29:06.606+0000] {standard_task_runner.py:104} INFO - Running: ['***', 'tasks', 'run', 'dag_with_taskflow_api', 'get_name', 'scheduled__2024-10-09T00:00:00+00:00', '--job-id', '4704', '--raw', '--subdir', 'DAGS_FOLDER/dag_with_taskflow_api.py', '--cfg-path', '/tmp/tmp1lq6_znx']
[2024-12-20T10:29:06.615+0000] {standard_task_runner.py:105} INFO - Job 4704: Subtask get_name
[2024-12-20T10:29:06.615+0000] {standard_task_runner.py:72} INFO - Started process 12815 to run task
[2024-12-20T10:29:06.714+0000] {task_command.py:467} INFO - Running <TaskInstance: dag_with_taskflow_api.get_name scheduled__2024-10-09T00:00:00+00:00 [running]> on host a998b5b3d359
[2024-12-20T10:29:06.851+0000] {taskinstance.py:3132} INFO - Exporting env vars: AIRFLOW_CTX_DAG_OWNER='mateo' AIRFLOW_CTX_DAG_ID='dag_with_taskflow_api' AIRFLOW_CTX_TASK_ID='get_name' AIRFLOW_CTX_EXECUTION_DATE='2024-10-09T00:00:00+00:00' AIRFLOW_CTX_TRY_NUMBER='1' AIRFLOW_CTX_DAG_RUN_ID='scheduled__2024-10-09T00:00:00+00:00'
[2024-12-20T10:29:06.853+0000] {taskinstance.py:731} INFO - ::endgroup::
[2024-12-20T10:29:06.857+0000] {python.py:240} INFO - Done. Returned value was: Jerry
[2024-12-20T10:29:06.882+0000] {taskinstance.py:340} INFO - ::group::Post task execution logs
[2024-12-20T10:29:06.883+0000] {taskinstance.py:352} INFO - Marking task as SUCCESS. dag_id=dag_with_taskflow_api, task_id=get_name, run_id=scheduled__2024-10-09T00:00:00+00:00, execution_date=20241009T000000, start_date=20241220T102906, end_date=20241220T102906
[2024-12-20T10:29:06.927+0000] {local_task_job_runner.py:266} INFO - Task exited with return code 0
[2024-12-20T10:29:06.958+0000] {taskinstance.py:3895} INFO - 0 downstream tasks scheduled from follow-on schedule check
[2024-12-20T10:29:06.960+0000] {local_task_job_runner.py:245} INFO - ::endgroup::
