[2024-12-19T13:51:35.807+0000] {local_task_job_runner.py:123} INFO - ::group::Pre task execution logs
[2024-12-19T13:51:35.851+0000] {taskinstance.py:2613} INFO - Dependencies all met for dep_context=non-requeueable deps ti=<TaskInstance: dag_with_taskflow_api.greet scheduled__2024-10-12T00:00:00+00:00 [queued]>
[2024-12-19T13:51:35.888+0000] {taskinstance.py:2613} INFO - Dependencies all met for dep_context=requeueable deps ti=<TaskInstance: dag_with_taskflow_api.greet scheduled__2024-10-12T00:00:00+00:00 [queued]>
[2024-12-19T13:51:35.890+0000] {taskinstance.py:2866} INFO - Starting attempt 1 of 6
[2024-12-19T13:51:35.916+0000] {taskinstance.py:2889} INFO - Executing <Task(_PythonDecoratedOperator): greet> on 2024-10-12 00:00:00+00:00
[2024-12-19T13:51:35.945+0000] {standard_task_runner.py:104} INFO - Running: ['***', 'tasks', 'run', 'dag_with_taskflow_api', 'greet', 'scheduled__2024-10-12T00:00:00+00:00', '--job-id', '4410', '--raw', '--subdir', 'DAGS_FOLDER/dag_with_taskflow_api.py', '--cfg-path', '/tmp/tmpw4adzyv5']
[2024-12-19T13:51:35.951+0000] {standard_task_runner.py:105} INFO - Job 4410: Subtask greet
[2024-12-19T13:51:35.963+0000] {logging_mixin.py:190} WARNING - /home/***/.local/lib/python3.12/site-packages/***/task/task_runner/standard_task_runner.py:70 DeprecationWarning: This process (pid=16260) is multi-threaded, use of fork() may lead to deadlocks in the child.
[2024-12-19T13:51:35.965+0000] {standard_task_runner.py:72} INFO - Started process 16272 to run task
[2024-12-19T13:51:36.146+0000] {task_command.py:467} INFO - Running <TaskInstance: dag_with_taskflow_api.greet scheduled__2024-10-12T00:00:00+00:00 [running]> on host 02d979add40a
[2024-12-19T13:51:36.339+0000] {taskinstance.py:3132} INFO - Exporting env vars: AIRFLOW_CTX_DAG_OWNER='mateo' AIRFLOW_CTX_DAG_ID='dag_with_taskflow_api' AIRFLOW_CTX_TASK_ID='greet' AIRFLOW_CTX_EXECUTION_DATE='2024-10-12T00:00:00+00:00' AIRFLOW_CTX_TRY_NUMBER='1' AIRFLOW_CTX_DAG_RUN_ID='scheduled__2024-10-12T00:00:00+00:00'
[2024-12-19T13:51:36.345+0000] {taskinstance.py:731} INFO - ::endgroup::
[2024-12-19T13:51:36.355+0000] {logging_mixin.py:190} INFO - My name is Jerry. I am 19 years old.
[2024-12-19T13:51:36.363+0000] {python.py:240} INFO - Done. Returned value was: None
[2024-12-19T13:51:36.376+0000] {taskinstance.py:340} INFO - ::group::Post task execution logs
[2024-12-19T13:51:36.378+0000] {taskinstance.py:352} INFO - Marking task as SUCCESS. dag_id=dag_with_taskflow_api, task_id=greet, run_id=scheduled__2024-10-12T00:00:00+00:00, execution_date=20241012T000000, start_date=20241219T135135, end_date=20241219T135136
[2024-12-19T13:51:36.444+0000] {local_task_job_runner.py:266} INFO - Task exited with return code 0
[2024-12-19T13:51:36.467+0000] {taskinstance.py:3895} INFO - 0 downstream tasks scheduled from follow-on schedule check
[2024-12-19T13:51:36.472+0000] {local_task_job_runner.py:245} INFO - ::endgroup::
[2024-12-20T10:29:08.704+0000] {local_task_job_runner.py:123} INFO - ::group::Pre task execution logs
[2024-12-20T10:29:08.731+0000] {taskinstance.py:2613} INFO - Dependencies all met for dep_context=non-requeueable deps ti=<TaskInstance: dag_with_taskflow_api.greet scheduled__2024-10-12T00:00:00+00:00 [queued]>
[2024-12-20T10:29:08.745+0000] {taskinstance.py:2613} INFO - Dependencies all met for dep_context=requeueable deps ti=<TaskInstance: dag_with_taskflow_api.greet scheduled__2024-10-12T00:00:00+00:00 [queued]>
[2024-12-20T10:29:08.746+0000] {taskinstance.py:2866} INFO - Starting attempt 1 of 6
[2024-12-20T10:29:08.760+0000] {taskinstance.py:2889} INFO - Executing <Task(_PythonDecoratedOperator): greet> on 2024-10-12 00:00:00+00:00
[2024-12-20T10:29:08.775+0000] {logging_mixin.py:190} WARNING - /home/***/.local/lib/python3.12/site-packages/***/task/task_runner/standard_task_runner.py:70 DeprecationWarning: This process (pid=12857) is multi-threaded, use of fork() may lead to deadlocks in the child.
[2024-12-20T10:29:08.778+0000] {standard_task_runner.py:72} INFO - Started process 12867 to run task
[2024-12-20T10:29:08.788+0000] {standard_task_runner.py:104} INFO - Running: ['***', 'tasks', 'run', 'dag_with_taskflow_api', 'greet', 'scheduled__2024-10-12T00:00:00+00:00', '--job-id', '4722', '--raw', '--subdir', 'DAGS_FOLDER/dag_with_taskflow_api.py', '--cfg-path', '/tmp/tmph_3eolfl']
[2024-12-20T10:29:08.792+0000] {standard_task_runner.py:105} INFO - Job 4722: Subtask greet
[2024-12-20T10:29:08.872+0000] {task_command.py:467} INFO - Running <TaskInstance: dag_with_taskflow_api.greet scheduled__2024-10-12T00:00:00+00:00 [running]> on host a998b5b3d359
[2024-12-20T10:29:08.997+0000] {taskinstance.py:3132} INFO - Exporting env vars: AIRFLOW_CTX_DAG_OWNER='mateo' AIRFLOW_CTX_DAG_ID='dag_with_taskflow_api' AIRFLOW_CTX_TASK_ID='greet' AIRFLOW_CTX_EXECUTION_DATE='2024-10-12T00:00:00+00:00' AIRFLOW_CTX_TRY_NUMBER='1' AIRFLOW_CTX_DAG_RUN_ID='scheduled__2024-10-12T00:00:00+00:00'
[2024-12-20T10:29:09.000+0000] {taskinstance.py:731} INFO - ::endgroup::
[2024-12-20T10:29:09.004+0000] {logging_mixin.py:190} INFO - My name is Jerry. I am 19 years old.
[2024-12-20T10:29:09.005+0000] {python.py:240} INFO - Done. Returned value was: None
[2024-12-20T10:29:09.021+0000] {taskinstance.py:340} INFO - ::group::Post task execution logs
[2024-12-20T10:29:09.022+0000] {taskinstance.py:352} INFO - Marking task as SUCCESS. dag_id=dag_with_taskflow_api, task_id=greet, run_id=scheduled__2024-10-12T00:00:00+00:00, execution_date=20241012T000000, start_date=20241220T102908, end_date=20241220T102909
[2024-12-20T10:29:09.086+0000] {local_task_job_runner.py:266} INFO - Task exited with return code 0
[2024-12-20T10:29:09.108+0000] {taskinstance.py:3895} INFO - 0 downstream tasks scheduled from follow-on schedule check
[2024-12-20T10:29:09.111+0000] {local_task_job_runner.py:245} INFO - ::endgroup::
