[2024-12-19T13:51:25.658+0000] {local_task_job_runner.py:123} INFO - ::group::Pre task execution logs
[2024-12-19T13:51:25.697+0000] {taskinstance.py:2613} INFO - Dependencies all met for dep_context=non-requeueable deps ti=<TaskInstance: dag_with_taskflow_api.get_age scheduled__2024-10-03T00:00:00+00:00 [queued]>
[2024-12-19T13:51:25.741+0000] {taskinstance.py:2613} INFO - Dependencies all met for dep_context=requeueable deps ti=<TaskInstance: dag_with_taskflow_api.get_age scheduled__2024-10-03T00:00:00+00:00 [queued]>
[2024-12-19T13:51:25.742+0000] {taskinstance.py:2866} INFO - Starting attempt 1 of 6
[2024-12-19T13:51:25.807+0000] {taskinstance.py:2889} INFO - Executing <Task(_PythonDecoratedOperator): get_age> on 2024-10-03 00:00:00+00:00
[2024-12-19T13:51:25.845+0000] {logging_mixin.py:190} WARNING - /home/***/.local/lib/python3.12/site-packages/***/task/task_runner/standard_task_runner.py:70 DeprecationWarning: This process (pid=16133) is multi-threaded, use of fork() may lead to deadlocks in the child.
[2024-12-19T13:51:25.872+0000] {standard_task_runner.py:72} INFO - Started process 16152 to run task
[2024-12-19T13:51:25.877+0000] {standard_task_runner.py:104} INFO - Running: ['***', 'tasks', 'run', 'dag_with_taskflow_api', 'get_age', 'scheduled__2024-10-03T00:00:00+00:00', '--job-id', '4370', '--raw', '--subdir', 'DAGS_FOLDER/dag_with_taskflow_api.py', '--cfg-path', '/tmp/tmpon0v5owx']
[2024-12-19T13:51:25.899+0000] {standard_task_runner.py:105} INFO - Job 4370: Subtask get_age
[2024-12-19T13:51:26.040+0000] {task_command.py:467} INFO - Running <TaskInstance: dag_with_taskflow_api.get_age scheduled__2024-10-03T00:00:00+00:00 [running]> on host 02d979add40a
[2024-12-19T13:51:26.334+0000] {taskinstance.py:3132} INFO - Exporting env vars: AIRFLOW_CTX_DAG_OWNER='mateo' AIRFLOW_CTX_DAG_ID='dag_with_taskflow_api' AIRFLOW_CTX_TASK_ID='get_age' AIRFLOW_CTX_EXECUTION_DATE='2024-10-03T00:00:00+00:00' AIRFLOW_CTX_TRY_NUMBER='1' AIRFLOW_CTX_DAG_RUN_ID='scheduled__2024-10-03T00:00:00+00:00'
[2024-12-19T13:51:26.338+0000] {taskinstance.py:731} INFO - ::endgroup::
[2024-12-19T13:51:26.344+0000] {python.py:240} INFO - Done. Returned value was: 19
[2024-12-19T13:51:26.419+0000] {taskinstance.py:340} INFO - ::group::Post task execution logs
[2024-12-19T13:51:26.422+0000] {taskinstance.py:352} INFO - Marking task as SUCCESS. dag_id=dag_with_taskflow_api, task_id=get_age, run_id=scheduled__2024-10-03T00:00:00+00:00, execution_date=20241003T000000, start_date=20241219T135125, end_date=20241219T135126
[2024-12-19T13:51:26.511+0000] {local_task_job_runner.py:266} INFO - Task exited with return code 0
[2024-12-19T13:51:26.532+0000] {local_task_job_runner.py:245} INFO - ::endgroup::
[2024-12-20T10:29:00.458+0000] {local_task_job_runner.py:123} INFO - ::group::Pre task execution logs
[2024-12-20T10:29:00.491+0000] {taskinstance.py:2613} INFO - Dependencies all met for dep_context=non-requeueable deps ti=<TaskInstance: dag_with_taskflow_api.get_age scheduled__2024-10-03T00:00:00+00:00 [queued]>
[2024-12-20T10:29:00.522+0000] {taskinstance.py:2613} INFO - Dependencies all met for dep_context=requeueable deps ti=<TaskInstance: dag_with_taskflow_api.get_age scheduled__2024-10-03T00:00:00+00:00 [queued]>
[2024-12-20T10:29:00.524+0000] {taskinstance.py:2866} INFO - Starting attempt 1 of 6
[2024-12-20T10:29:00.582+0000] {taskinstance.py:2889} INFO - Executing <Task(_PythonDecoratedOperator): get_age> on 2024-10-03 00:00:00+00:00
[2024-12-20T10:29:00.605+0000] {standard_task_runner.py:104} INFO - Running: ['***', 'tasks', 'run', 'dag_with_taskflow_api', 'get_age', 'scheduled__2024-10-03T00:00:00+00:00', '--job-id', '4686', '--raw', '--subdir', 'DAGS_FOLDER/dag_with_taskflow_api.py', '--cfg-path', '/tmp/tmpuazot2di']
[2024-12-20T10:29:00.613+0000] {logging_mixin.py:190} WARNING - /home/***/.local/lib/python3.12/site-packages/***/task/task_runner/standard_task_runner.py:70 DeprecationWarning: This process (pid=12742) is multi-threaded, use of fork() may lead to deadlocks in the child.
[2024-12-20T10:29:00.614+0000] {standard_task_runner.py:105} INFO - Job 4686: Subtask get_age
[2024-12-20T10:29:00.616+0000] {standard_task_runner.py:72} INFO - Started process 12756 to run task
[2024-12-20T10:29:00.808+0000] {task_command.py:467} INFO - Running <TaskInstance: dag_with_taskflow_api.get_age scheduled__2024-10-03T00:00:00+00:00 [running]> on host a998b5b3d359
[2024-12-20T10:29:01.040+0000] {taskinstance.py:3132} INFO - Exporting env vars: AIRFLOW_CTX_DAG_OWNER='mateo' AIRFLOW_CTX_DAG_ID='dag_with_taskflow_api' AIRFLOW_CTX_TASK_ID='get_age' AIRFLOW_CTX_EXECUTION_DATE='2024-10-03T00:00:00+00:00' AIRFLOW_CTX_TRY_NUMBER='1' AIRFLOW_CTX_DAG_RUN_ID='scheduled__2024-10-03T00:00:00+00:00'
[2024-12-20T10:29:01.044+0000] {taskinstance.py:731} INFO - ::endgroup::
[2024-12-20T10:29:01.054+0000] {python.py:240} INFO - Done. Returned value was: 19
[2024-12-20T10:29:01.116+0000] {taskinstance.py:340} INFO - ::group::Post task execution logs
[2024-12-20T10:29:01.128+0000] {taskinstance.py:352} INFO - Marking task as SUCCESS. dag_id=dag_with_taskflow_api, task_id=get_age, run_id=scheduled__2024-10-03T00:00:00+00:00, execution_date=20241003T000000, start_date=20241220T102900, end_date=20241220T102901
[2024-12-20T10:29:01.368+0000] {local_task_job_runner.py:266} INFO - Task exited with return code 0
[2024-12-20T10:29:01.389+0000] {local_task_job_runner.py:245} INFO - ::endgroup::
