[2024-12-19T13:51:15.993+0000] {local_task_job_runner.py:123} INFO - ::group::Pre task execution logs
[2024-12-19T13:51:16.023+0000] {taskinstance.py:2613} INFO - Dependencies all met for dep_context=non-requeueable deps ti=<TaskInstance: dag_with_taskflow_api.get_age scheduled__2024-09-18T00:00:00+00:00 [queued]>
[2024-12-19T13:51:16.038+0000] {taskinstance.py:2613} INFO - Dependencies all met for dep_context=requeueable deps ti=<TaskInstance: dag_with_taskflow_api.get_age scheduled__2024-09-18T00:00:00+00:00 [queued]>
[2024-12-19T13:51:16.039+0000] {taskinstance.py:2866} INFO - Starting attempt 1 of 6
[2024-12-19T13:51:16.110+0000] {taskinstance.py:2889} INFO - Executing <Task(_PythonDecoratedOperator): get_age> on 2024-09-18 00:00:00+00:00
[2024-12-19T13:51:16.125+0000] {standard_task_runner.py:104} INFO - Running: ['***', 'tasks', 'run', 'dag_with_taskflow_api', 'get_age', 'scheduled__2024-09-18T00:00:00+00:00', '--job-id', '4327', '--raw', '--subdir', 'DAGS_FOLDER/dag_with_taskflow_api.py', '--cfg-path', '/tmp/tmpp7bd9v9s']
[2024-12-19T13:51:16.130+0000] {standard_task_runner.py:105} INFO - Job 4327: Subtask get_age
[2024-12-19T13:51:16.128+0000] {logging_mixin.py:190} WARNING - /home/***/.local/lib/python3.12/site-packages/***/task/task_runner/standard_task_runner.py:70 DeprecationWarning: This process (pid=16009) is multi-threaded, use of fork() may lead to deadlocks in the child.
[2024-12-19T13:51:16.149+0000] {standard_task_runner.py:72} INFO - Started process 16020 to run task
[2024-12-19T13:51:16.301+0000] {task_command.py:467} INFO - Running <TaskInstance: dag_with_taskflow_api.get_age scheduled__2024-09-18T00:00:00+00:00 [running]> on host 02d979add40a
[2024-12-19T13:51:16.618+0000] {taskinstance.py:3132} INFO - Exporting env vars: AIRFLOW_CTX_DAG_OWNER='mateo' AIRFLOW_CTX_DAG_ID='dag_with_taskflow_api' AIRFLOW_CTX_TASK_ID='get_age' AIRFLOW_CTX_EXECUTION_DATE='2024-09-18T00:00:00+00:00' AIRFLOW_CTX_TRY_NUMBER='1' AIRFLOW_CTX_DAG_RUN_ID='scheduled__2024-09-18T00:00:00+00:00'
[2024-12-19T13:51:16.624+0000] {taskinstance.py:731} INFO - ::endgroup::
[2024-12-19T13:51:16.635+0000] {python.py:240} INFO - Done. Returned value was: 19
[2024-12-19T13:51:16.693+0000] {taskinstance.py:340} INFO - ::group::Post task execution logs
[2024-12-19T13:51:16.694+0000] {taskinstance.py:352} INFO - Marking task as SUCCESS. dag_id=dag_with_taskflow_api, task_id=get_age, run_id=scheduled__2024-09-18T00:00:00+00:00, execution_date=20240918T000000, start_date=20241219T135116, end_date=20241219T135116
[2024-12-19T13:51:16.752+0000] {local_task_job_runner.py:266} INFO - Task exited with return code 0
[2024-12-19T13:51:16.779+0000] {local_task_job_runner.py:245} INFO - ::endgroup::
[2024-12-20T10:28:47.378+0000] {local_task_job_runner.py:123} INFO - ::group::Pre task execution logs
[2024-12-20T10:28:47.411+0000] {taskinstance.py:2613} INFO - Dependencies all met for dep_context=non-requeueable deps ti=<TaskInstance: dag_with_taskflow_api.get_age scheduled__2024-09-18T00:00:00+00:00 [queued]>
[2024-12-20T10:28:47.438+0000] {taskinstance.py:2613} INFO - Dependencies all met for dep_context=requeueable deps ti=<TaskInstance: dag_with_taskflow_api.get_age scheduled__2024-09-18T00:00:00+00:00 [queued]>
[2024-12-20T10:28:47.441+0000] {taskinstance.py:2866} INFO - Starting attempt 1 of 6
[2024-12-20T10:28:47.482+0000] {taskinstance.py:2889} INFO - Executing <Task(_PythonDecoratedOperator): get_age> on 2024-09-18 00:00:00+00:00
[2024-12-20T10:28:47.498+0000] {logging_mixin.py:190} WARNING - /home/***/.local/lib/python3.12/site-packages/***/task/task_runner/standard_task_runner.py:70 DeprecationWarning: This process (pid=12601) is multi-threaded, use of fork() may lead to deadlocks in the child.
[2024-12-20T10:28:47.501+0000] {standard_task_runner.py:72} INFO - Started process 12616 to run task
[2024-12-20T10:28:47.514+0000] {standard_task_runner.py:104} INFO - Running: ['***', 'tasks', 'run', 'dag_with_taskflow_api', 'get_age', 'scheduled__2024-09-18T00:00:00+00:00', '--job-id', '4641', '--raw', '--subdir', 'DAGS_FOLDER/dag_with_taskflow_api.py', '--cfg-path', '/tmp/tmpn3kodnl6']
[2024-12-20T10:28:47.526+0000] {standard_task_runner.py:105} INFO - Job 4641: Subtask get_age
[2024-12-20T10:28:47.669+0000] {task_command.py:467} INFO - Running <TaskInstance: dag_with_taskflow_api.get_age scheduled__2024-09-18T00:00:00+00:00 [running]> on host a998b5b3d359
[2024-12-20T10:28:47.805+0000] {taskinstance.py:3132} INFO - Exporting env vars: AIRFLOW_CTX_DAG_OWNER='mateo' AIRFLOW_CTX_DAG_ID='dag_with_taskflow_api' AIRFLOW_CTX_TASK_ID='get_age' AIRFLOW_CTX_EXECUTION_DATE='2024-09-18T00:00:00+00:00' AIRFLOW_CTX_TRY_NUMBER='1' AIRFLOW_CTX_DAG_RUN_ID='scheduled__2024-09-18T00:00:00+00:00'
[2024-12-20T10:28:47.808+0000] {taskinstance.py:731} INFO - ::endgroup::
[2024-12-20T10:28:47.811+0000] {python.py:240} INFO - Done. Returned value was: 19
[2024-12-20T10:28:47.850+0000] {taskinstance.py:340} INFO - ::group::Post task execution logs
[2024-12-20T10:28:47.851+0000] {taskinstance.py:352} INFO - Marking task as SUCCESS. dag_id=dag_with_taskflow_api, task_id=get_age, run_id=scheduled__2024-09-18T00:00:00+00:00, execution_date=20240918T000000, start_date=20241220T102847, end_date=20241220T102847
[2024-12-20T10:28:47.929+0000] {local_task_job_runner.py:266} INFO - Task exited with return code 0
[2024-12-20T10:28:47.971+0000] {taskinstance.py:3895} INFO - 1 downstream tasks scheduled from follow-on schedule check
[2024-12-20T10:28:47.979+0000] {local_task_job_runner.py:245} INFO - ::endgroup::
