[2024-12-19T13:52:05.409+0000] {local_task_job_runner.py:123} INFO - ::group::Pre task execution logs
[2024-12-19T13:52:05.473+0000] {taskinstance.py:2613} INFO - Dependencies all met for dep_context=non-requeueable deps ti=<TaskInstance: dag_with_taskflow_api.get_name scheduled__2024-11-20T00:00:00+00:00 [queued]>
[2024-12-19T13:52:05.509+0000] {taskinstance.py:2613} INFO - Dependencies all met for dep_context=requeueable deps ti=<TaskInstance: dag_with_taskflow_api.get_name scheduled__2024-11-20T00:00:00+00:00 [queued]>
[2024-12-19T13:52:05.525+0000] {taskinstance.py:2866} INFO - Starting attempt 1 of 6
[2024-12-19T13:52:05.617+0000] {taskinstance.py:2889} INFO - Executing <Task(_PythonDecoratedOperator): get_name> on 2024-11-20 00:00:00+00:00
[2024-12-19T13:52:05.640+0000] {logging_mixin.py:190} WARNING - /home/***/.local/lib/python3.12/site-packages/***/task/task_runner/standard_task_runner.py:70 DeprecationWarning: This process (pid=16598) is multi-threaded, use of fork() may lead to deadlocks in the child.
[2024-12-19T13:52:05.645+0000] {standard_task_runner.py:72} INFO - Started process 16614 to run task
[2024-12-19T13:52:05.660+0000] {standard_task_runner.py:104} INFO - Running: ['***', 'tasks', 'run', 'dag_with_taskflow_api', 'get_name', 'scheduled__2024-11-20T00:00:00+00:00', '--job-id', '4515', '--raw', '--subdir', 'DAGS_FOLDER/dag_with_taskflow_api.py', '--cfg-path', '/tmp/tmp4mk9g8g1']
[2024-12-19T13:52:05.669+0000] {standard_task_runner.py:105} INFO - Job 4515: Subtask get_name
[2024-12-19T13:52:05.795+0000] {task_command.py:467} INFO - Running <TaskInstance: dag_with_taskflow_api.get_name scheduled__2024-11-20T00:00:00+00:00 [running]> on host 02d979add40a
[2024-12-19T13:52:06.054+0000] {taskinstance.py:3132} INFO - Exporting env vars: AIRFLOW_CTX_DAG_OWNER='mateo' AIRFLOW_CTX_DAG_ID='dag_with_taskflow_api' AIRFLOW_CTX_TASK_ID='get_name' AIRFLOW_CTX_EXECUTION_DATE='2024-11-20T00:00:00+00:00' AIRFLOW_CTX_TRY_NUMBER='1' AIRFLOW_CTX_DAG_RUN_ID='scheduled__2024-11-20T00:00:00+00:00'
[2024-12-19T13:52:06.061+0000] {taskinstance.py:731} INFO - ::endgroup::
[2024-12-19T13:52:06.079+0000] {python.py:240} INFO - Done. Returned value was: Jerry
[2024-12-19T13:52:06.147+0000] {taskinstance.py:340} INFO - ::group::Post task execution logs
[2024-12-19T13:52:06.149+0000] {taskinstance.py:352} INFO - Marking task as SUCCESS. dag_id=dag_with_taskflow_api, task_id=get_name, run_id=scheduled__2024-11-20T00:00:00+00:00, execution_date=20241120T000000, start_date=20241219T135205, end_date=20241219T135206
[2024-12-19T13:52:06.519+0000] {local_task_job_runner.py:266} INFO - Task exited with return code 0
[2024-12-19T13:52:06.535+0000] {local_task_job_runner.py:245} INFO - ::endgroup::
[2024-12-20T10:29:38.003+0000] {local_task_job_runner.py:123} INFO - ::group::Pre task execution logs
[2024-12-20T10:29:38.025+0000] {taskinstance.py:2613} INFO - Dependencies all met for dep_context=non-requeueable deps ti=<TaskInstance: dag_with_taskflow_api.get_name scheduled__2024-11-20T00:00:00+00:00 [queued]>
[2024-12-20T10:29:38.038+0000] {taskinstance.py:2613} INFO - Dependencies all met for dep_context=requeueable deps ti=<TaskInstance: dag_with_taskflow_api.get_name scheduled__2024-11-20T00:00:00+00:00 [queued]>
[2024-12-20T10:29:38.039+0000] {taskinstance.py:2866} INFO - Starting attempt 1 of 6
[2024-12-20T10:29:38.169+0000] {taskinstance.py:2889} INFO - Executing <Task(_PythonDecoratedOperator): get_name> on 2024-11-20 00:00:00+00:00
[2024-12-20T10:29:38.179+0000] {logging_mixin.py:190} WARNING - /home/***/.local/lib/python3.12/site-packages/***/task/task_runner/standard_task_runner.py:70 DeprecationWarning: This process (pid=13233) is multi-threaded, use of fork() may lead to deadlocks in the child.
[2024-12-20T10:29:38.181+0000] {standard_task_runner.py:72} INFO - Started process 13237 to run task
[2024-12-20T10:29:38.185+0000] {standard_task_runner.py:104} INFO - Running: ['***', 'tasks', 'run', 'dag_with_taskflow_api', 'get_name', 'scheduled__2024-11-20T00:00:00+00:00', '--job-id', '4833', '--raw', '--subdir', 'DAGS_FOLDER/dag_with_taskflow_api.py', '--cfg-path', '/tmp/tmp_50w2o9e']
[2024-12-20T10:29:38.191+0000] {standard_task_runner.py:105} INFO - Job 4833: Subtask get_name
[2024-12-20T10:29:38.261+0000] {task_command.py:467} INFO - Running <TaskInstance: dag_with_taskflow_api.get_name scheduled__2024-11-20T00:00:00+00:00 [running]> on host a998b5b3d359
[2024-12-20T10:29:38.358+0000] {taskinstance.py:3132} INFO - Exporting env vars: AIRFLOW_CTX_DAG_OWNER='mateo' AIRFLOW_CTX_DAG_ID='dag_with_taskflow_api' AIRFLOW_CTX_TASK_ID='get_name' AIRFLOW_CTX_EXECUTION_DATE='2024-11-20T00:00:00+00:00' AIRFLOW_CTX_TRY_NUMBER='1' AIRFLOW_CTX_DAG_RUN_ID='scheduled__2024-11-20T00:00:00+00:00'
[2024-12-20T10:29:38.360+0000] {taskinstance.py:731} INFO - ::endgroup::
[2024-12-20T10:29:38.364+0000] {python.py:240} INFO - Done. Returned value was: Jerry
[2024-12-20T10:29:38.386+0000] {taskinstance.py:340} INFO - ::group::Post task execution logs
[2024-12-20T10:29:38.387+0000] {taskinstance.py:352} INFO - Marking task as SUCCESS. dag_id=dag_with_taskflow_api, task_id=get_name, run_id=scheduled__2024-11-20T00:00:00+00:00, execution_date=20241120T000000, start_date=20241220T102938, end_date=20241220T102938
[2024-12-20T10:29:38.439+0000] {local_task_job_runner.py:266} INFO - Task exited with return code 0
[2024-12-20T10:29:38.453+0000] {local_task_job_runner.py:245} INFO - ::endgroup::
