[2024-12-20T10:51:30.422+0000] {local_task_job_runner.py:123} INFO - ::group::Pre task execution logs
[2024-12-20T10:51:30.473+0000] {taskinstance.py:2613} INFO - Dependencies all met for dep_context=non-requeueable deps ti=<TaskInstance: sql_operator_dag_v3.SQL_delete_dag_if_exists scheduled__2024-01-01T08:00:00+00:00 [queued]>
[2024-12-20T10:51:30.490+0000] {taskinstance.py:2613} INFO - Dependencies all met for dep_context=requeueable deps ti=<TaskInstance: sql_operator_dag_v3.SQL_delete_dag_if_exists scheduled__2024-01-01T08:00:00+00:00 [queued]>
[2024-12-20T10:51:30.492+0000] {taskinstance.py:2866} INFO - Starting attempt 1 of 6
[2024-12-20T10:51:30.605+0000] {taskinstance.py:2889} INFO - Executing <Task(SQLExecuteQueryOperator): SQL_delete_dag_if_exists> on 2024-01-01 08:00:00+00:00
[2024-12-20T10:51:30.619+0000] {logging_mixin.py:190} WARNING - /home/***/.local/lib/python3.12/site-packages/***/task/task_runner/standard_task_runner.py:70 DeprecationWarning: This process (pid=16896) is multi-threaded, use of fork() may lead to deadlocks in the child.
[2024-12-20T10:51:30.623+0000] {standard_task_runner.py:72} INFO - Started process 16901 to run task
[2024-12-20T10:51:30.627+0000] {standard_task_runner.py:104} INFO - Running: ['***', 'tasks', 'run', 'sql_operator_dag_v3', 'SQL_delete_dag_if_exists', 'scheduled__2024-01-01T08:00:00+00:00', '--job-id', '5517', '--raw', '--subdir', 'DAGS_FOLDER/dag_with_postgresql.py', '--cfg-path', '/tmp/tmpgb9cnvii']
[2024-12-20T10:51:30.631+0000] {standard_task_runner.py:105} INFO - Job 5517: Subtask SQL_delete_dag_if_exists
[2024-12-20T10:51:30.710+0000] {task_command.py:467} INFO - Running <TaskInstance: sql_operator_dag_v3.SQL_delete_dag_if_exists scheduled__2024-01-01T08:00:00+00:00 [running]> on host a998b5b3d359
[2024-12-20T10:51:30.853+0000] {taskinstance.py:3132} INFO - Exporting env vars: AIRFLOW_CTX_DAG_OWNER='Mateo' AIRFLOW_CTX_DAG_ID='sql_operator_dag_v3' AIRFLOW_CTX_TASK_ID='SQL_delete_dag_if_exists' AIRFLOW_CTX_EXECUTION_DATE='2024-01-01T08:00:00+00:00' AIRFLOW_CTX_TRY_NUMBER='1' AIRFLOW_CTX_DAG_RUN_ID='scheduled__2024-01-01T08:00:00+00:00'
[2024-12-20T10:51:30.859+0000] {taskinstance.py:731} INFO - ::endgroup::
[2024-12-20T10:51:30.888+0000] {sql.py:278} INFO - Executing: 
            delete from dag_runs_v2 where dt='2024-01-01' and dag_id = 'sql_operator_dag_v3';
        
[2024-12-20T10:51:30.900+0000] {base.py:84} INFO - Retrieving connection 'sql_operator_practice'
[2024-12-20T10:51:30.916+0000] {base.py:84} INFO - Retrieving connection 'sql_operator_practice'
[2024-12-20T10:51:30.935+0000] {sql.py:553} INFO - Running statement: 
            delete from dag_runs_v2 where dt='2024-01-01' and dag_id = 'sql_operator_dag_v3';
        , parameters: None
[2024-12-20T10:51:30.942+0000] {sql.py:562} INFO - Rows affected: 0
[2024-12-20T10:51:30.962+0000] {taskinstance.py:340} INFO - ::group::Post task execution logs
[2024-12-20T10:51:30.963+0000] {taskinstance.py:352} INFO - Marking task as SUCCESS. dag_id=sql_operator_dag_v3, task_id=SQL_delete_dag_if_exists, run_id=scheduled__2024-01-01T08:00:00+00:00, execution_date=20240101T080000, start_date=20241220T105130, end_date=20241220T105130
[2024-12-20T10:51:31.008+0000] {local_task_job_runner.py:266} INFO - Task exited with return code 0
[2024-12-20T10:51:31.039+0000] {taskinstance.py:3895} INFO - 1 downstream tasks scheduled from follow-on schedule check
[2024-12-20T10:51:31.044+0000] {local_task_job_runner.py:245} INFO - ::endgroup::
