[2024-12-19T13:51:27.523+0000] {local_task_job_runner.py:123} INFO - ::group::Pre task execution logs
[2024-12-19T13:51:27.547+0000] {taskinstance.py:2613} INFO - Dependencies all met for dep_context=non-requeueable deps ti=<TaskInstance: dag_with_taskflow_api.greet scheduled__2024-10-04T00:00:00+00:00 [queued]>
[2024-12-19T13:51:27.566+0000] {taskinstance.py:2613} INFO - Dependencies all met for dep_context=requeueable deps ti=<TaskInstance: dag_with_taskflow_api.greet scheduled__2024-10-04T00:00:00+00:00 [queued]>
[2024-12-19T13:51:27.570+0000] {taskinstance.py:2866} INFO - Starting attempt 1 of 6
[2024-12-19T13:51:27.596+0000] {taskinstance.py:2889} INFO - Executing <Task(_PythonDecoratedOperator): greet> on 2024-10-04 00:00:00+00:00
[2024-12-19T13:51:27.608+0000] {logging_mixin.py:190} WARNING - /home/***/.local/lib/python3.12/site-packages/***/task/task_runner/standard_task_runner.py:70 DeprecationWarning: This process (pid=16176) is multi-threaded, use of fork() may lead to deadlocks in the child.
[2024-12-19T13:51:27.608+0000] {standard_task_runner.py:104} INFO - Running: ['***', 'tasks', 'run', 'dag_with_taskflow_api', 'greet', 'scheduled__2024-10-04T00:00:00+00:00', '--job-id', '4381', '--raw', '--subdir', 'DAGS_FOLDER/dag_with_taskflow_api.py', '--cfg-path', '/tmp/tmpbxzke7se']
[2024-12-19T13:51:27.613+0000] {standard_task_runner.py:105} INFO - Job 4381: Subtask greet
[2024-12-19T13:51:27.610+0000] {standard_task_runner.py:72} INFO - Started process 16183 to run task
[2024-12-19T13:51:27.684+0000] {task_command.py:467} INFO - Running <TaskInstance: dag_with_taskflow_api.greet scheduled__2024-10-04T00:00:00+00:00 [running]> on host 02d979add40a
[2024-12-19T13:51:27.825+0000] {taskinstance.py:3132} INFO - Exporting env vars: AIRFLOW_CTX_DAG_OWNER='mateo' AIRFLOW_CTX_DAG_ID='dag_with_taskflow_api' AIRFLOW_CTX_TASK_ID='greet' AIRFLOW_CTX_EXECUTION_DATE='2024-10-04T00:00:00+00:00' AIRFLOW_CTX_TRY_NUMBER='1' AIRFLOW_CTX_DAG_RUN_ID='scheduled__2024-10-04T00:00:00+00:00'
[2024-12-19T13:51:27.846+0000] {taskinstance.py:731} INFO - ::endgroup::
[2024-12-19T13:51:27.856+0000] {logging_mixin.py:190} INFO - My name is Jerry. I am 19 years old.
[2024-12-19T13:51:27.857+0000] {python.py:240} INFO - Done. Returned value was: None
[2024-12-19T13:51:27.867+0000] {taskinstance.py:340} INFO - ::group::Post task execution logs
[2024-12-19T13:51:27.869+0000] {taskinstance.py:352} INFO - Marking task as SUCCESS. dag_id=dag_with_taskflow_api, task_id=greet, run_id=scheduled__2024-10-04T00:00:00+00:00, execution_date=20241004T000000, start_date=20241219T135127, end_date=20241219T135127
[2024-12-19T13:51:27.915+0000] {local_task_job_runner.py:266} INFO - Task exited with return code 0
[2024-12-19T13:51:27.936+0000] {taskinstance.py:3895} INFO - 0 downstream tasks scheduled from follow-on schedule check
[2024-12-19T13:51:27.940+0000] {local_task_job_runner.py:245} INFO - ::endgroup::
[2024-12-20T10:29:01.981+0000] {local_task_job_runner.py:123} INFO - ::group::Pre task execution logs
[2024-12-20T10:29:02.002+0000] {taskinstance.py:2613} INFO - Dependencies all met for dep_context=non-requeueable deps ti=<TaskInstance: dag_with_taskflow_api.greet scheduled__2024-10-04T00:00:00+00:00 [queued]>
[2024-12-20T10:29:02.014+0000] {taskinstance.py:2613} INFO - Dependencies all met for dep_context=requeueable deps ti=<TaskInstance: dag_with_taskflow_api.greet scheduled__2024-10-04T00:00:00+00:00 [queued]>
[2024-12-20T10:29:02.016+0000] {taskinstance.py:2866} INFO - Starting attempt 1 of 6
[2024-12-20T10:29:02.029+0000] {taskinstance.py:2889} INFO - Executing <Task(_PythonDecoratedOperator): greet> on 2024-10-04 00:00:00+00:00
[2024-12-20T10:29:02.038+0000] {logging_mixin.py:190} WARNING - /home/***/.local/lib/python3.12/site-packages/***/task/task_runner/standard_task_runner.py:70 DeprecationWarning: This process (pid=12779) is multi-threaded, use of fork() may lead to deadlocks in the child.
[2024-12-20T10:29:02.039+0000] {standard_task_runner.py:104} INFO - Running: ['***', 'tasks', 'run', 'dag_with_taskflow_api', 'greet', 'scheduled__2024-10-04T00:00:00+00:00', '--job-id', '4697', '--raw', '--subdir', 'DAGS_FOLDER/dag_with_taskflow_api.py', '--cfg-path', '/tmp/tmpzd8erbel']
[2024-12-20T10:29:02.041+0000] {standard_task_runner.py:72} INFO - Started process 12787 to run task
[2024-12-20T10:29:02.043+0000] {standard_task_runner.py:105} INFO - Job 4697: Subtask greet
[2024-12-20T10:29:02.123+0000] {task_command.py:467} INFO - Running <TaskInstance: dag_with_taskflow_api.greet scheduled__2024-10-04T00:00:00+00:00 [running]> on host a998b5b3d359
[2024-12-20T10:29:02.252+0000] {taskinstance.py:3132} INFO - Exporting env vars: AIRFLOW_CTX_DAG_OWNER='mateo' AIRFLOW_CTX_DAG_ID='dag_with_taskflow_api' AIRFLOW_CTX_TASK_ID='greet' AIRFLOW_CTX_EXECUTION_DATE='2024-10-04T00:00:00+00:00' AIRFLOW_CTX_TRY_NUMBER='1' AIRFLOW_CTX_DAG_RUN_ID='scheduled__2024-10-04T00:00:00+00:00'
[2024-12-20T10:29:02.257+0000] {taskinstance.py:731} INFO - ::endgroup::
[2024-12-20T10:29:02.262+0000] {logging_mixin.py:190} INFO - My name is Jerry. I am 19 years old.
[2024-12-20T10:29:02.265+0000] {python.py:240} INFO - Done. Returned value was: None
[2024-12-20T10:29:02.280+0000] {taskinstance.py:340} INFO - ::group::Post task execution logs
[2024-12-20T10:29:02.285+0000] {taskinstance.py:352} INFO - Marking task as SUCCESS. dag_id=dag_with_taskflow_api, task_id=greet, run_id=scheduled__2024-10-04T00:00:00+00:00, execution_date=20241004T000000, start_date=20241220T102902, end_date=20241220T102902
[2024-12-20T10:29:02.343+0000] {local_task_job_runner.py:266} INFO - Task exited with return code 0
[2024-12-20T10:29:02.353+0000] {local_task_job_runner.py:245} INFO - ::endgroup::
