[2024-12-19T13:51:18.748+0000] {local_task_job_runner.py:123} INFO - ::group::Pre task execution logs
[2024-12-19T13:51:18.860+0000] {taskinstance.py:2613} INFO - Dependencies all met for dep_context=non-requeueable deps ti=<TaskInstance: dag_with_taskflow_api.get_name scheduled__2024-09-25T00:00:00+00:00 [queued]>
[2024-12-19T13:51:18.881+0000] {taskinstance.py:2613} INFO - Dependencies all met for dep_context=requeueable deps ti=<TaskInstance: dag_with_taskflow_api.get_name scheduled__2024-09-25T00:00:00+00:00 [queued]>
[2024-12-19T13:51:18.883+0000] {taskinstance.py:2866} INFO - Starting attempt 1 of 6
[2024-12-19T13:51:18.983+0000] {taskinstance.py:2889} INFO - Executing <Task(_PythonDecoratedOperator): get_name> on 2024-09-25 00:00:00+00:00
[2024-12-19T13:51:19.018+0000] {logging_mixin.py:190} WARNING - /home/***/.local/lib/python3.12/site-packages/***/task/task_runner/standard_task_runner.py:70 DeprecationWarning: This process (pid=16052) is multi-threaded, use of fork() may lead to deadlocks in the child.
[2024-12-19T13:51:19.032+0000] {standard_task_runner.py:72} INFO - Started process 16074 to run task
[2024-12-19T13:51:19.033+0000] {standard_task_runner.py:104} INFO - Running: ['***', 'tasks', 'run', 'dag_with_taskflow_api', 'get_name', 'scheduled__2024-09-25T00:00:00+00:00', '--job-id', '4345', '--raw', '--subdir', 'DAGS_FOLDER/dag_with_taskflow_api.py', '--cfg-path', '/tmp/tmpmuz1m634']
[2024-12-19T13:51:19.045+0000] {standard_task_runner.py:105} INFO - Job 4345: Subtask get_name
[2024-12-19T13:51:19.275+0000] {task_command.py:467} INFO - Running <TaskInstance: dag_with_taskflow_api.get_name scheduled__2024-09-25T00:00:00+00:00 [running]> on host 02d979add40a
[2024-12-19T13:51:19.501+0000] {taskinstance.py:3132} INFO - Exporting env vars: AIRFLOW_CTX_DAG_OWNER='mateo' AIRFLOW_CTX_DAG_ID='dag_with_taskflow_api' AIRFLOW_CTX_TASK_ID='get_name' AIRFLOW_CTX_EXECUTION_DATE='2024-09-25T00:00:00+00:00' AIRFLOW_CTX_TRY_NUMBER='1' AIRFLOW_CTX_DAG_RUN_ID='scheduled__2024-09-25T00:00:00+00:00'
[2024-12-19T13:51:19.506+0000] {taskinstance.py:731} INFO - ::endgroup::
[2024-12-19T13:51:19.511+0000] {python.py:240} INFO - Done. Returned value was: Jerry
[2024-12-19T13:51:19.593+0000] {taskinstance.py:340} INFO - ::group::Post task execution logs
[2024-12-19T13:51:19.594+0000] {taskinstance.py:352} INFO - Marking task as SUCCESS. dag_id=dag_with_taskflow_api, task_id=get_name, run_id=scheduled__2024-09-25T00:00:00+00:00, execution_date=20240925T000000, start_date=20241219T135118, end_date=20241219T135119
[2024-12-19T13:51:19.669+0000] {local_task_job_runner.py:266} INFO - Task exited with return code 0
[2024-12-19T13:51:19.698+0000] {local_task_job_runner.py:245} INFO - ::endgroup::
[2024-12-20T10:28:54.326+0000] {local_task_job_runner.py:123} INFO - ::group::Pre task execution logs
[2024-12-20T10:28:54.351+0000] {taskinstance.py:2613} INFO - Dependencies all met for dep_context=non-requeueable deps ti=<TaskInstance: dag_with_taskflow_api.get_name scheduled__2024-09-25T00:00:00+00:00 [queued]>
[2024-12-20T10:28:54.371+0000] {taskinstance.py:2613} INFO - Dependencies all met for dep_context=requeueable deps ti=<TaskInstance: dag_with_taskflow_api.get_name scheduled__2024-09-25T00:00:00+00:00 [queued]>
[2024-12-20T10:28:54.373+0000] {taskinstance.py:2866} INFO - Starting attempt 1 of 6
[2024-12-20T10:28:54.393+0000] {taskinstance.py:2889} INFO - Executing <Task(_PythonDecoratedOperator): get_name> on 2024-09-25 00:00:00+00:00
[2024-12-20T10:28:54.405+0000] {logging_mixin.py:190} WARNING - /home/***/.local/lib/python3.12/site-packages/***/task/task_runner/standard_task_runner.py:70 DeprecationWarning: This process (pid=12670) is multi-threaded, use of fork() may lead to deadlocks in the child.
[2024-12-20T10:28:54.408+0000] {standard_task_runner.py:72} INFO - Started process 12678 to run task
[2024-12-20T10:28:54.412+0000] {standard_task_runner.py:104} INFO - Running: ['***', 'tasks', 'run', 'dag_with_taskflow_api', 'get_name', 'scheduled__2024-09-25T00:00:00+00:00', '--job-id', '4660', '--raw', '--subdir', 'DAGS_FOLDER/dag_with_taskflow_api.py', '--cfg-path', '/tmp/tmpqpb88md7']
[2024-12-20T10:28:54.417+0000] {standard_task_runner.py:105} INFO - Job 4660: Subtask get_name
[2024-12-20T10:28:54.531+0000] {task_command.py:467} INFO - Running <TaskInstance: dag_with_taskflow_api.get_name scheduled__2024-09-25T00:00:00+00:00 [running]> on host a998b5b3d359
[2024-12-20T10:28:54.971+0000] {taskinstance.py:3132} INFO - Exporting env vars: AIRFLOW_CTX_DAG_OWNER='mateo' AIRFLOW_CTX_DAG_ID='dag_with_taskflow_api' AIRFLOW_CTX_TASK_ID='get_name' AIRFLOW_CTX_EXECUTION_DATE='2024-09-25T00:00:00+00:00' AIRFLOW_CTX_TRY_NUMBER='1' AIRFLOW_CTX_DAG_RUN_ID='scheduled__2024-09-25T00:00:00+00:00'
[2024-12-20T10:28:54.975+0000] {taskinstance.py:731} INFO - ::endgroup::
[2024-12-20T10:28:54.978+0000] {python.py:240} INFO - Done. Returned value was: Jerry
[2024-12-20T10:28:55.021+0000] {taskinstance.py:340} INFO - ::group::Post task execution logs
[2024-12-20T10:28:55.022+0000] {taskinstance.py:352} INFO - Marking task as SUCCESS. dag_id=dag_with_taskflow_api, task_id=get_name, run_id=scheduled__2024-09-25T00:00:00+00:00, execution_date=20240925T000000, start_date=20241220T102854, end_date=20241220T102855
[2024-12-20T10:28:55.357+0000] {local_task_job_runner.py:266} INFO - Task exited with return code 0
[2024-12-20T10:28:55.409+0000] {taskinstance.py:3895} INFO - 1 downstream tasks scheduled from follow-on schedule check
[2024-12-20T10:28:55.417+0000] {local_task_job_runner.py:245} INFO - ::endgroup::
