[2024-12-19T09:01:40.160+0000] {local_task_job_runner.py:123} INFO - ::group::Pre task execution logs
[2024-12-19T09:01:40.177+0000] {taskinstance.py:2613} INFO - Dependencies all met for dep_context=non-requeueable deps ti=<TaskInstance: our_first_dag_v2.second_task scheduled__2024-11-25T00:00:00+00:00 [queued]>
[2024-12-19T09:01:40.186+0000] {taskinstance.py:2613} INFO - Dependencies all met for dep_context=requeueable deps ti=<TaskInstance: our_first_dag_v2.second_task scheduled__2024-11-25T00:00:00+00:00 [queued]>
[2024-12-19T09:01:40.187+0000] {taskinstance.py:2866} INFO - Starting attempt 1 of 6
[2024-12-19T09:01:40.211+0000] {taskinstance.py:2889} INFO - Executing <Task(BashOperator): second_task> on 2024-11-25 00:00:00+00:00
[2024-12-19T09:01:40.224+0000] {logging_mixin.py:190} WARNING - /home/***/.local/lib/python3.12/site-packages/***/task/task_runner/standard_task_runner.py:70 DeprecationWarning: This process (pid=14058) is multi-threaded, use of fork() may lead to deadlocks in the child.
[2024-12-19T09:01:40.223+0000] {standard_task_runner.py:104} INFO - Running: ['***', 'tasks', 'run', 'our_first_dag_v2', 'second_task', 'scheduled__2024-11-25T00:00:00+00:00', '--job-id', '3307', '--raw', '--subdir', 'DAGS_FOLDER/our_first_dag.py', '--cfg-path', '/tmp/tmpsrltqqys']
[2024-12-19T09:01:40.227+0000] {standard_task_runner.py:105} INFO - Job 3307: Subtask second_task
[2024-12-19T09:01:40.226+0000] {standard_task_runner.py:72} INFO - Started process 14060 to run task
[2024-12-19T09:01:40.283+0000] {task_command.py:467} INFO - Running <TaskInstance: our_first_dag_v2.second_task scheduled__2024-11-25T00:00:00+00:00 [running]> on host 8d142e9c83a7
[2024-12-19T09:01:40.406+0000] {taskinstance.py:3132} INFO - Exporting env vars: AIRFLOW_CTX_DAG_OWNER='mateo' AIRFLOW_CTX_DAG_ID='our_first_dag_v2' AIRFLOW_CTX_TASK_ID='second_task' AIRFLOW_CTX_EXECUTION_DATE='2024-11-25T00:00:00+00:00' AIRFLOW_CTX_TRY_NUMBER='1' AIRFLOW_CTX_DAG_RUN_ID='scheduled__2024-11-25T00:00:00+00:00'
[2024-12-19T09:01:40.409+0000] {taskinstance.py:731} INFO - ::endgroup::
[2024-12-19T09:01:40.428+0000] {subprocess.py:78} INFO - Tmp dir root location: /tmp
[2024-12-19T09:01:40.429+0000] {subprocess.py:88} INFO - Running command: ['/usr/bin/bash', '-c', 'echo I am the second task and i will me executed after first task']
[2024-12-19T09:01:40.442+0000] {subprocess.py:99} INFO - Output:
[2024-12-19T09:01:40.444+0000] {subprocess.py:106} INFO - I am the second task and i will me executed after first task
[2024-12-19T09:01:40.445+0000] {subprocess.py:110} INFO - Command exited with return code 0
[2024-12-19T09:01:40.467+0000] {taskinstance.py:340} INFO - ::group::Post task execution logs
[2024-12-19T09:01:40.468+0000] {taskinstance.py:352} INFO - Marking task as SUCCESS. dag_id=our_first_dag_v2, task_id=second_task, run_id=scheduled__2024-11-25T00:00:00+00:00, execution_date=20241125T000000, start_date=20241219T090140, end_date=20241219T090140
[2024-12-19T09:01:40.525+0000] {local_task_job_runner.py:266} INFO - Task exited with return code 0
[2024-12-19T09:01:40.550+0000] {taskinstance.py:3895} INFO - 0 downstream tasks scheduled from follow-on schedule check
[2024-12-19T09:01:40.560+0000] {local_task_job_runner.py:245} INFO - ::endgroup::
