[2024-12-19T13:52:22.153+0000] {local_task_job_runner.py:123} INFO - ::group::Pre task execution logs
[2024-12-19T13:52:22.211+0000] {taskinstance.py:2613} INFO - Dependencies all met for dep_context=non-requeueable deps ti=<TaskInstance: dag_with_taskflow_api.get_age scheduled__2024-12-15T00:00:00+00:00 [queued]>
[2024-12-19T13:52:22.233+0000] {taskinstance.py:2613} INFO - Dependencies all met for dep_context=requeueable deps ti=<TaskInstance: dag_with_taskflow_api.get_age scheduled__2024-12-15T00:00:00+00:00 [queued]>
[2024-12-19T13:52:22.242+0000] {taskinstance.py:2866} INFO - Starting attempt 1 of 6
[2024-12-19T13:52:22.275+0000] {taskinstance.py:2889} INFO - Executing <Task(_PythonDecoratedOperator): get_age> on 2024-12-15 00:00:00+00:00
[2024-12-19T13:52:22.310+0000] {logging_mixin.py:190} WARNING - /home/***/.local/lib/python3.12/site-packages/***/task/task_runner/standard_task_runner.py:70 DeprecationWarning: This process (pid=16839) is multi-threaded, use of fork() may lead to deadlocks in the child.
[2024-12-19T13:52:22.313+0000] {standard_task_runner.py:72} INFO - Started process 16853 to run task
[2024-12-19T13:52:22.322+0000] {standard_task_runner.py:104} INFO - Running: ['***', 'tasks', 'run', 'dag_with_taskflow_api', 'get_age', 'scheduled__2024-12-15T00:00:00+00:00', '--job-id', '4588', '--raw', '--subdir', 'DAGS_FOLDER/dag_with_taskflow_api.py', '--cfg-path', '/tmp/tmpr7en64y2']
[2024-12-19T13:52:22.330+0000] {standard_task_runner.py:105} INFO - Job 4588: Subtask get_age
[2024-12-19T13:52:22.530+0000] {task_command.py:467} INFO - Running <TaskInstance: dag_with_taskflow_api.get_age scheduled__2024-12-15T00:00:00+00:00 [running]> on host 02d979add40a
[2024-12-19T13:52:22.916+0000] {taskinstance.py:3132} INFO - Exporting env vars: AIRFLOW_CTX_DAG_OWNER='mateo' AIRFLOW_CTX_DAG_ID='dag_with_taskflow_api' AIRFLOW_CTX_TASK_ID='get_age' AIRFLOW_CTX_EXECUTION_DATE='2024-12-15T00:00:00+00:00' AIRFLOW_CTX_TRY_NUMBER='1' AIRFLOW_CTX_DAG_RUN_ID='scheduled__2024-12-15T00:00:00+00:00'
[2024-12-19T13:52:22.922+0000] {taskinstance.py:731} INFO - ::endgroup::
[2024-12-19T13:52:22.930+0000] {python.py:240} INFO - Done. Returned value was: 19
[2024-12-19T13:52:22.993+0000] {taskinstance.py:340} INFO - ::group::Post task execution logs
[2024-12-19T13:52:22.995+0000] {taskinstance.py:352} INFO - Marking task as SUCCESS. dag_id=dag_with_taskflow_api, task_id=get_age, run_id=scheduled__2024-12-15T00:00:00+00:00, execution_date=20241215T000000, start_date=20241219T135222, end_date=20241219T135222
[2024-12-19T13:52:23.082+0000] {local_task_job_runner.py:266} INFO - Task exited with return code 0
[2024-12-19T13:52:23.121+0000] {taskinstance.py:3895} INFO - 0 downstream tasks scheduled from follow-on schedule check
[2024-12-19T13:52:23.124+0000] {local_task_job_runner.py:245} INFO - ::endgroup::
[2024-12-20T10:29:54.758+0000] {local_task_job_runner.py:123} INFO - ::group::Pre task execution logs
[2024-12-20T10:29:54.796+0000] {taskinstance.py:2613} INFO - Dependencies all met for dep_context=non-requeueable deps ti=<TaskInstance: dag_with_taskflow_api.get_age scheduled__2024-12-15T00:00:00+00:00 [queued]>
[2024-12-20T10:29:54.816+0000] {taskinstance.py:2613} INFO - Dependencies all met for dep_context=requeueable deps ti=<TaskInstance: dag_with_taskflow_api.get_age scheduled__2024-12-15T00:00:00+00:00 [queued]>
[2024-12-20T10:29:54.819+0000] {taskinstance.py:2866} INFO - Starting attempt 1 of 6
[2024-12-20T10:29:54.847+0000] {taskinstance.py:2889} INFO - Executing <Task(_PythonDecoratedOperator): get_age> on 2024-12-15 00:00:00+00:00
[2024-12-20T10:29:54.875+0000] {logging_mixin.py:190} WARNING - /home/***/.local/lib/python3.12/site-packages/***/task/task_runner/standard_task_runner.py:70 DeprecationWarning: This process (pid=13472) is multi-threaded, use of fork() may lead to deadlocks in the child.
[2024-12-20T10:29:54.885+0000] {standard_task_runner.py:72} INFO - Started process 13488 to run task
[2024-12-20T10:29:54.877+0000] {standard_task_runner.py:104} INFO - Running: ['***', 'tasks', 'run', 'dag_with_taskflow_api', 'get_age', 'scheduled__2024-12-15T00:00:00+00:00', '--job-id', '4906', '--raw', '--subdir', 'DAGS_FOLDER/dag_with_taskflow_api.py', '--cfg-path', '/tmp/tmpvjlkciwr']
[2024-12-20T10:29:54.894+0000] {standard_task_runner.py:105} INFO - Job 4906: Subtask get_age
[2024-12-20T10:29:55.013+0000] {task_command.py:467} INFO - Running <TaskInstance: dag_with_taskflow_api.get_age scheduled__2024-12-15T00:00:00+00:00 [running]> on host a998b5b3d359
[2024-12-20T10:29:55.234+0000] {taskinstance.py:3132} INFO - Exporting env vars: AIRFLOW_CTX_DAG_OWNER='mateo' AIRFLOW_CTX_DAG_ID='dag_with_taskflow_api' AIRFLOW_CTX_TASK_ID='get_age' AIRFLOW_CTX_EXECUTION_DATE='2024-12-15T00:00:00+00:00' AIRFLOW_CTX_TRY_NUMBER='1' AIRFLOW_CTX_DAG_RUN_ID='scheduled__2024-12-15T00:00:00+00:00'
[2024-12-20T10:29:55.239+0000] {taskinstance.py:731} INFO - ::endgroup::
[2024-12-20T10:29:55.257+0000] {python.py:240} INFO - Done. Returned value was: 19
[2024-12-20T10:29:55.337+0000] {taskinstance.py:340} INFO - ::group::Post task execution logs
[2024-12-20T10:29:55.339+0000] {taskinstance.py:352} INFO - Marking task as SUCCESS. dag_id=dag_with_taskflow_api, task_id=get_age, run_id=scheduled__2024-12-15T00:00:00+00:00, execution_date=20241215T000000, start_date=20241220T102954, end_date=20241220T102955
[2024-12-20T10:29:55.600+0000] {local_task_job_runner.py:266} INFO - Task exited with return code 0
[2024-12-20T10:29:55.646+0000] {taskinstance.py:3895} INFO - 1 downstream tasks scheduled from follow-on schedule check
[2024-12-20T10:29:55.649+0000] {local_task_job_runner.py:245} INFO - ::endgroup::
