[2024-12-19T13:52:07.125+0000] {local_task_job_runner.py:123} INFO - ::group::Pre task execution logs
[2024-12-19T13:52:07.178+0000] {taskinstance.py:2613} INFO - Dependencies all met for dep_context=non-requeueable deps ti=<TaskInstance: dag_with_taskflow_api.get_name scheduled__2024-11-25T00:00:00+00:00 [queued]>
[2024-12-19T13:52:07.201+0000] {taskinstance.py:2613} INFO - Dependencies all met for dep_context=requeueable deps ti=<TaskInstance: dag_with_taskflow_api.get_name scheduled__2024-11-25T00:00:00+00:00 [queued]>
[2024-12-19T13:52:07.202+0000] {taskinstance.py:2866} INFO - Starting attempt 1 of 6
[2024-12-19T13:52:07.361+0000] {taskinstance.py:2889} INFO - Executing <Task(_PythonDecoratedOperator): get_name> on 2024-11-25 00:00:00+00:00
[2024-12-19T13:52:07.379+0000] {logging_mixin.py:190} WARNING - /home/***/.local/lib/python3.12/site-packages/***/task/task_runner/standard_task_runner.py:70 DeprecationWarning: This process (pid=16631) is multi-threaded, use of fork() may lead to deadlocks in the child.
[2024-12-19T13:52:07.388+0000] {standard_task_runner.py:72} INFO - Started process 16648 to run task
[2024-12-19T13:52:07.408+0000] {standard_task_runner.py:104} INFO - Running: ['***', 'tasks', 'run', 'dag_with_taskflow_api', 'get_name', 'scheduled__2024-11-25T00:00:00+00:00', '--job-id', '4526', '--raw', '--subdir', 'DAGS_FOLDER/dag_with_taskflow_api.py', '--cfg-path', '/tmp/tmpxevqhqah']
[2024-12-19T13:52:07.423+0000] {standard_task_runner.py:105} INFO - Job 4526: Subtask get_name
[2024-12-19T13:52:07.633+0000] {task_command.py:467} INFO - Running <TaskInstance: dag_with_taskflow_api.get_name scheduled__2024-11-25T00:00:00+00:00 [running]> on host 02d979add40a
[2024-12-19T13:52:08.003+0000] {taskinstance.py:3132} INFO - Exporting env vars: AIRFLOW_CTX_DAG_OWNER='mateo' AIRFLOW_CTX_DAG_ID='dag_with_taskflow_api' AIRFLOW_CTX_TASK_ID='get_name' AIRFLOW_CTX_EXECUTION_DATE='2024-11-25T00:00:00+00:00' AIRFLOW_CTX_TRY_NUMBER='1' AIRFLOW_CTX_DAG_RUN_ID='scheduled__2024-11-25T00:00:00+00:00'
[2024-12-19T13:52:08.007+0000] {taskinstance.py:731} INFO - ::endgroup::
[2024-12-19T13:52:08.026+0000] {python.py:240} INFO - Done. Returned value was: Jerry
[2024-12-19T13:52:08.087+0000] {taskinstance.py:340} INFO - ::group::Post task execution logs
[2024-12-19T13:52:08.089+0000] {taskinstance.py:352} INFO - Marking task as SUCCESS. dag_id=dag_with_taskflow_api, task_id=get_name, run_id=scheduled__2024-11-25T00:00:00+00:00, execution_date=20241125T000000, start_date=20241219T135207, end_date=20241219T135208
[2024-12-19T13:52:08.301+0000] {local_task_job_runner.py:266} INFO - Task exited with return code 0
[2024-12-19T13:52:08.377+0000] {taskinstance.py:3895} INFO - 1 downstream tasks scheduled from follow-on schedule check
[2024-12-19T13:52:08.384+0000] {local_task_job_runner.py:245} INFO - ::endgroup::
[2024-12-20T10:29:39.395+0000] {local_task_job_runner.py:123} INFO - ::group::Pre task execution logs
[2024-12-20T10:29:39.421+0000] {taskinstance.py:2613} INFO - Dependencies all met for dep_context=non-requeueable deps ti=<TaskInstance: dag_with_taskflow_api.get_name scheduled__2024-11-25T00:00:00+00:00 [queued]>
[2024-12-20T10:29:39.440+0000] {taskinstance.py:2613} INFO - Dependencies all met for dep_context=requeueable deps ti=<TaskInstance: dag_with_taskflow_api.get_name scheduled__2024-11-25T00:00:00+00:00 [queued]>
[2024-12-20T10:29:39.441+0000] {taskinstance.py:2866} INFO - Starting attempt 1 of 6
[2024-12-20T10:29:39.643+0000] {taskinstance.py:2889} INFO - Executing <Task(_PythonDecoratedOperator): get_name> on 2024-11-25 00:00:00+00:00
[2024-12-20T10:29:39.656+0000] {logging_mixin.py:190} WARNING - /home/***/.local/lib/python3.12/site-packages/***/task/task_runner/standard_task_runner.py:70 DeprecationWarning: This process (pid=13260) is multi-threaded, use of fork() may lead to deadlocks in the child.
[2024-12-20T10:29:39.656+0000] {standard_task_runner.py:104} INFO - Running: ['***', 'tasks', 'run', 'dag_with_taskflow_api', 'get_name', 'scheduled__2024-11-25T00:00:00+00:00', '--job-id', '4845', '--raw', '--subdir', 'DAGS_FOLDER/dag_with_taskflow_api.py', '--cfg-path', '/tmp/tmpf0raqgsi']
[2024-12-20T10:29:39.667+0000] {standard_task_runner.py:105} INFO - Job 4845: Subtask get_name
[2024-12-20T10:29:39.666+0000] {standard_task_runner.py:72} INFO - Started process 13275 to run task
[2024-12-20T10:29:39.803+0000] {task_command.py:467} INFO - Running <TaskInstance: dag_with_taskflow_api.get_name scheduled__2024-11-25T00:00:00+00:00 [running]> on host a998b5b3d359
[2024-12-20T10:29:40.003+0000] {taskinstance.py:3132} INFO - Exporting env vars: AIRFLOW_CTX_DAG_OWNER='mateo' AIRFLOW_CTX_DAG_ID='dag_with_taskflow_api' AIRFLOW_CTX_TASK_ID='get_name' AIRFLOW_CTX_EXECUTION_DATE='2024-11-25T00:00:00+00:00' AIRFLOW_CTX_TRY_NUMBER='1' AIRFLOW_CTX_DAG_RUN_ID='scheduled__2024-11-25T00:00:00+00:00'
[2024-12-20T10:29:40.005+0000] {taskinstance.py:731} INFO - ::endgroup::
[2024-12-20T10:29:40.011+0000] {python.py:240} INFO - Done. Returned value was: Jerry
[2024-12-20T10:29:40.036+0000] {taskinstance.py:340} INFO - ::group::Post task execution logs
[2024-12-20T10:29:40.039+0000] {taskinstance.py:352} INFO - Marking task as SUCCESS. dag_id=dag_with_taskflow_api, task_id=get_name, run_id=scheduled__2024-11-25T00:00:00+00:00, execution_date=20241125T000000, start_date=20241220T102939, end_date=20241220T102940
[2024-12-20T10:29:40.121+0000] {local_task_job_runner.py:266} INFO - Task exited with return code 0
[2024-12-20T10:29:40.139+0000] {local_task_job_runner.py:245} INFO - ::endgroup::
