[2024-12-19T10:07:26.972+0000] {local_task_job_runner.py:123} INFO - ::group::Pre task execution logs
[2024-12-19T10:07:27.002+0000] {taskinstance.py:2613} INFO - Dependencies all met for dep_context=non-requeueable deps ti=<TaskInstance: python_operator_dag_v2.get_name scheduled__2021-10-08T00:00:00+00:00 [queued]>
[2024-12-19T10:07:27.017+0000] {taskinstance.py:2613} INFO - Dependencies all met for dep_context=requeueable deps ti=<TaskInstance: python_operator_dag_v2.get_name scheduled__2021-10-08T00:00:00+00:00 [queued]>
[2024-12-19T10:07:27.018+0000] {taskinstance.py:2866} INFO - Starting attempt 1 of 6
[2024-12-19T10:07:27.072+0000] {taskinstance.py:2889} INFO - Executing <Task(PythonOperator): get_name> on 2021-10-08 00:00:00+00:00
[2024-12-19T10:07:27.090+0000] {logging_mixin.py:190} WARNING - /home/***/.local/lib/python3.12/site-packages/***/task/task_runner/standard_task_runner.py:70 DeprecationWarning: This process (pid=3939) is multi-threaded, use of fork() may lead to deadlocks in the child.
[2024-12-19T10:07:27.088+0000] {standard_task_runner.py:104} INFO - Running: ['***', 'tasks', 'run', 'python_operator_dag_v2', 'get_name', 'scheduled__2021-10-08T00:00:00+00:00', '--job-id', '1200', '--raw', '--subdir', 'DAGS_FOLDER/python_operator_dag.py', '--cfg-path', '/tmp/tmpia8lts0t']
[2024-12-19T10:07:27.093+0000] {standard_task_runner.py:105} INFO - Job 1200: Subtask get_name
[2024-12-19T10:07:27.092+0000] {standard_task_runner.py:72} INFO - Started process 3946 to run task
[2024-12-19T10:07:27.178+0000] {task_command.py:467} INFO - Running <TaskInstance: python_operator_dag_v2.get_name scheduled__2021-10-08T00:00:00+00:00 [running]> on host 02d979add40a
[2024-12-19T10:07:27.318+0000] {taskinstance.py:3132} INFO - Exporting env vars: AIRFLOW_CTX_DAG_OWNER='mateo' AIRFLOW_CTX_DAG_ID='python_operator_dag_v2' AIRFLOW_CTX_TASK_ID='get_name' AIRFLOW_CTX_EXECUTION_DATE='2021-10-08T00:00:00+00:00' AIRFLOW_CTX_TRY_NUMBER='1' AIRFLOW_CTX_DAG_RUN_ID='scheduled__2021-10-08T00:00:00+00:00'
[2024-12-19T10:07:27.320+0000] {taskinstance.py:731} INFO - ::endgroup::
[2024-12-19T10:07:27.338+0000] {python.py:240} INFO - Done. Returned value was: Josip
[2024-12-19T10:07:27.384+0000] {taskinstance.py:340} INFO - ::group::Post task execution logs
[2024-12-19T10:07:27.385+0000] {taskinstance.py:352} INFO - Marking task as SUCCESS. dag_id=python_operator_dag_v2, task_id=get_name, run_id=scheduled__2021-10-08T00:00:00+00:00, execution_date=20211008T000000, start_date=20241219T100727, end_date=20241219T100727
[2024-12-19T10:07:27.438+0000] {local_task_job_runner.py:266} INFO - Task exited with return code 0
[2024-12-19T10:07:27.456+0000] {local_task_job_runner.py:245} INFO - ::endgroup::
[2024-12-19T10:10:55.791+0000] {local_task_job_runner.py:123} INFO - ::group::Pre task execution logs
[2024-12-19T10:10:55.810+0000] {taskinstance.py:2613} INFO - Dependencies all met for dep_context=non-requeueable deps ti=<TaskInstance: python_operator_dag_v2.get_name scheduled__2021-10-08T00:00:00+00:00 [queued]>
[2024-12-19T10:10:55.824+0000] {taskinstance.py:2613} INFO - Dependencies all met for dep_context=requeueable deps ti=<TaskInstance: python_operator_dag_v2.get_name scheduled__2021-10-08T00:00:00+00:00 [queued]>
[2024-12-19T10:10:55.826+0000] {taskinstance.py:2866} INFO - Starting attempt 1 of 6
[2024-12-19T10:10:55.842+0000] {taskinstance.py:2889} INFO - Executing <Task(PythonOperator): get_name> on 2021-10-08 00:00:00+00:00
[2024-12-19T10:10:55.853+0000] {logging_mixin.py:190} WARNING - /home/***/.local/lib/python3.12/site-packages/***/task/task_runner/standard_task_runner.py:70 DeprecationWarning: This process (pid=4153) is multi-threaded, use of fork() may lead to deadlocks in the child.
[2024-12-19T10:10:55.855+0000] {standard_task_runner.py:72} INFO - Started process 4160 to run task
[2024-12-19T10:10:55.856+0000] {standard_task_runner.py:104} INFO - Running: ['***', 'tasks', 'run', 'python_operator_dag_v2', 'get_name', 'scheduled__2021-10-08T00:00:00+00:00', '--job-id', '1234', '--raw', '--subdir', 'DAGS_FOLDER/python_operator_dag.py', '--cfg-path', '/tmp/tmp4j5ny4pl']
[2024-12-19T10:10:55.867+0000] {standard_task_runner.py:105} INFO - Job 1234: Subtask get_name
[2024-12-19T10:10:55.936+0000] {task_command.py:467} INFO - Running <TaskInstance: python_operator_dag_v2.get_name scheduled__2021-10-08T00:00:00+00:00 [running]> on host 02d979add40a
[2024-12-19T10:10:56.043+0000] {taskinstance.py:3132} INFO - Exporting env vars: AIRFLOW_CTX_DAG_OWNER='mateo' AIRFLOW_CTX_DAG_ID='python_operator_dag_v2' AIRFLOW_CTX_TASK_ID='get_name' AIRFLOW_CTX_EXECUTION_DATE='2021-10-08T00:00:00+00:00' AIRFLOW_CTX_TRY_NUMBER='1' AIRFLOW_CTX_DAG_RUN_ID='scheduled__2021-10-08T00:00:00+00:00'
[2024-12-19T10:10:56.045+0000] {taskinstance.py:731} INFO - ::endgroup::
[2024-12-19T10:10:56.066+0000] {python.py:240} INFO - Done. Returned value was: Josip
[2024-12-19T10:10:56.102+0000] {taskinstance.py:340} INFO - ::group::Post task execution logs
[2024-12-19T10:10:56.103+0000] {taskinstance.py:352} INFO - Marking task as SUCCESS. dag_id=python_operator_dag_v2, task_id=get_name, run_id=scheduled__2021-10-08T00:00:00+00:00, execution_date=20211008T000000, start_date=20241219T101055, end_date=20241219T101056
[2024-12-19T10:10:56.159+0000] {local_task_job_runner.py:266} INFO - Task exited with return code 0
[2024-12-19T10:10:56.177+0000] {local_task_job_runner.py:245} INFO - ::endgroup::
