[2024-12-19T13:51:42.826+0000] {local_task_job_runner.py:123} INFO - ::group::Pre task execution logs
[2024-12-19T13:51:42.887+0000] {taskinstance.py:2613} INFO - Dependencies all met for dep_context=non-requeueable deps ti=<TaskInstance: dag_with_taskflow_api.greet scheduled__2024-10-19T00:00:00+00:00 [queued]>
[2024-12-19T13:51:42.934+0000] {taskinstance.py:2613} INFO - Dependencies all met for dep_context=requeueable deps ti=<TaskInstance: dag_with_taskflow_api.greet scheduled__2024-10-19T00:00:00+00:00 [queued]>
[2024-12-19T13:51:42.941+0000] {taskinstance.py:2866} INFO - Starting attempt 1 of 6
[2024-12-19T13:51:43.121+0000] {taskinstance.py:2889} INFO - Executing <Task(_PythonDecoratedOperator): greet> on 2024-10-19 00:00:00+00:00
[2024-12-19T13:51:43.149+0000] {logging_mixin.py:190} WARNING - /home/***/.local/lib/python3.12/site-packages/***/task/task_runner/standard_task_runner.py:70 DeprecationWarning: This process (pid=16336) is multi-threaded, use of fork() may lead to deadlocks in the child.
[2024-12-19T13:51:43.151+0000] {standard_task_runner.py:72} INFO - Started process 16358 to run task
[2024-12-19T13:51:43.143+0000] {standard_task_runner.py:104} INFO - Running: ['***', 'tasks', 'run', 'dag_with_taskflow_api', 'greet', 'scheduled__2024-10-19T00:00:00+00:00', '--job-id', '4433', '--raw', '--subdir', 'DAGS_FOLDER/dag_with_taskflow_api.py', '--cfg-path', '/tmp/tmpoqrpo8mi']
[2024-12-19T13:51:43.154+0000] {standard_task_runner.py:105} INFO - Job 4433: Subtask greet
[2024-12-19T13:51:43.318+0000] {task_command.py:467} INFO - Running <TaskInstance: dag_with_taskflow_api.greet scheduled__2024-10-19T00:00:00+00:00 [running]> on host 02d979add40a
[2024-12-19T13:51:43.620+0000] {taskinstance.py:3132} INFO - Exporting env vars: AIRFLOW_CTX_DAG_OWNER='mateo' AIRFLOW_CTX_DAG_ID='dag_with_taskflow_api' AIRFLOW_CTX_TASK_ID='greet' AIRFLOW_CTX_EXECUTION_DATE='2024-10-19T00:00:00+00:00' AIRFLOW_CTX_TRY_NUMBER='1' AIRFLOW_CTX_DAG_RUN_ID='scheduled__2024-10-19T00:00:00+00:00'
[2024-12-19T13:51:43.623+0000] {taskinstance.py:731} INFO - ::endgroup::
[2024-12-19T13:51:43.629+0000] {logging_mixin.py:190} INFO - My name is Jerry. I am 19 years old.
[2024-12-19T13:51:43.632+0000] {python.py:240} INFO - Done. Returned value was: None
[2024-12-19T13:51:43.650+0000] {taskinstance.py:340} INFO - ::group::Post task execution logs
[2024-12-19T13:51:43.656+0000] {taskinstance.py:352} INFO - Marking task as SUCCESS. dag_id=dag_with_taskflow_api, task_id=greet, run_id=scheduled__2024-10-19T00:00:00+00:00, execution_date=20241019T000000, start_date=20241219T135142, end_date=20241219T135143
[2024-12-19T13:51:43.739+0000] {local_task_job_runner.py:266} INFO - Task exited with return code 0
[2024-12-19T13:51:43.801+0000] {taskinstance.py:3895} INFO - 0 downstream tasks scheduled from follow-on schedule check
[2024-12-19T13:51:43.814+0000] {local_task_job_runner.py:245} INFO - ::endgroup::
[2024-12-20T10:29:14.178+0000] {local_task_job_runner.py:123} INFO - ::group::Pre task execution logs
[2024-12-20T10:29:14.212+0000] {taskinstance.py:2613} INFO - Dependencies all met for dep_context=non-requeueable deps ti=<TaskInstance: dag_with_taskflow_api.greet scheduled__2024-10-19T00:00:00+00:00 [queued]>
[2024-12-20T10:29:14.227+0000] {taskinstance.py:2613} INFO - Dependencies all met for dep_context=requeueable deps ti=<TaskInstance: dag_with_taskflow_api.greet scheduled__2024-10-19T00:00:00+00:00 [queued]>
[2024-12-20T10:29:14.233+0000] {taskinstance.py:2866} INFO - Starting attempt 1 of 6
[2024-12-20T10:29:14.294+0000] {taskinstance.py:2889} INFO - Executing <Task(_PythonDecoratedOperator): greet> on 2024-10-19 00:00:00+00:00
[2024-12-20T10:29:14.334+0000] {standard_task_runner.py:104} INFO - Running: ['***', 'tasks', 'run', 'dag_with_taskflow_api', 'greet', 'scheduled__2024-10-19T00:00:00+00:00', '--job-id', '4742', '--raw', '--subdir', 'DAGS_FOLDER/dag_with_taskflow_api.py', '--cfg-path', '/tmp/tmpwa1vqmb0']
[2024-12-20T10:29:14.328+0000] {logging_mixin.py:190} WARNING - /home/***/.local/lib/python3.12/site-packages/***/task/task_runner/standard_task_runner.py:70 DeprecationWarning: This process (pid=12933) is multi-threaded, use of fork() may lead to deadlocks in the child.
[2024-12-20T10:29:14.351+0000] {standard_task_runner.py:72} INFO - Started process 12940 to run task
[2024-12-20T10:29:14.349+0000] {standard_task_runner.py:105} INFO - Job 4742: Subtask greet
[2024-12-20T10:29:14.481+0000] {task_command.py:467} INFO - Running <TaskInstance: dag_with_taskflow_api.greet scheduled__2024-10-19T00:00:00+00:00 [running]> on host a998b5b3d359
[2024-12-20T10:29:14.680+0000] {taskinstance.py:3132} INFO - Exporting env vars: AIRFLOW_CTX_DAG_OWNER='mateo' AIRFLOW_CTX_DAG_ID='dag_with_taskflow_api' AIRFLOW_CTX_TASK_ID='greet' AIRFLOW_CTX_EXECUTION_DATE='2024-10-19T00:00:00+00:00' AIRFLOW_CTX_TRY_NUMBER='1' AIRFLOW_CTX_DAG_RUN_ID='scheduled__2024-10-19T00:00:00+00:00'
[2024-12-20T10:29:14.682+0000] {taskinstance.py:731} INFO - ::endgroup::
[2024-12-20T10:29:14.686+0000] {logging_mixin.py:190} INFO - My name is Jerry. I am 19 years old.
[2024-12-20T10:29:14.688+0000] {python.py:240} INFO - Done. Returned value was: None
[2024-12-20T10:29:14.705+0000] {taskinstance.py:340} INFO - ::group::Post task execution logs
[2024-12-20T10:29:14.708+0000] {taskinstance.py:352} INFO - Marking task as SUCCESS. dag_id=dag_with_taskflow_api, task_id=greet, run_id=scheduled__2024-10-19T00:00:00+00:00, execution_date=20241019T000000, start_date=20241220T102914, end_date=20241220T102914
[2024-12-20T10:29:14.797+0000] {local_task_job_runner.py:266} INFO - Task exited with return code 0
[2024-12-20T10:29:14.827+0000] {taskinstance.py:3895} INFO - 0 downstream tasks scheduled from follow-on schedule check
[2024-12-20T10:29:14.830+0000] {local_task_job_runner.py:245} INFO - ::endgroup::
