[2024-12-19T10:07:28.397+0000] {local_task_job_runner.py:123} INFO - ::group::Pre task execution logs
[2024-12-19T10:07:28.446+0000] {taskinstance.py:2613} INFO - Dependencies all met for dep_context=non-requeueable deps ti=<TaskInstance: python_operator_dag_v2.get_name scheduled__2021-10-16T00:00:00+00:00 [queued]>
[2024-12-19T10:07:28.465+0000] {taskinstance.py:2613} INFO - Dependencies all met for dep_context=requeueable deps ti=<TaskInstance: python_operator_dag_v2.get_name scheduled__2021-10-16T00:00:00+00:00 [queued]>
[2024-12-19T10:07:28.467+0000] {taskinstance.py:2866} INFO - Starting attempt 1 of 6
[2024-12-19T10:07:28.562+0000] {taskinstance.py:2889} INFO - Executing <Task(PythonOperator): get_name> on 2021-10-16 00:00:00+00:00
[2024-12-19T10:07:28.590+0000] {logging_mixin.py:190} WARNING - /home/***/.local/lib/python3.12/site-packages/***/task/task_runner/standard_task_runner.py:70 DeprecationWarning: This process (pid=3977) is multi-threaded, use of fork() may lead to deadlocks in the child.
[2024-12-19T10:07:28.588+0000] {standard_task_runner.py:104} INFO - Running: ['***', 'tasks', 'run', 'python_operator_dag_v2', 'get_name', 'scheduled__2021-10-16T00:00:00+00:00', '--job-id', '1214', '--raw', '--subdir', 'DAGS_FOLDER/python_operator_dag.py', '--cfg-path', '/tmp/tmpv02__yxg']
[2024-12-19T10:07:28.600+0000] {standard_task_runner.py:105} INFO - Job 1214: Subtask get_name
[2024-12-19T10:07:28.599+0000] {standard_task_runner.py:72} INFO - Started process 3987 to run task
[2024-12-19T10:07:28.776+0000] {task_command.py:467} INFO - Running <TaskInstance: python_operator_dag_v2.get_name scheduled__2021-10-16T00:00:00+00:00 [running]> on host 02d979add40a
[2024-12-19T10:07:28.940+0000] {taskinstance.py:3132} INFO - Exporting env vars: AIRFLOW_CTX_DAG_OWNER='mateo' AIRFLOW_CTX_DAG_ID='python_operator_dag_v2' AIRFLOW_CTX_TASK_ID='get_name' AIRFLOW_CTX_EXECUTION_DATE='2021-10-16T00:00:00+00:00' AIRFLOW_CTX_TRY_NUMBER='1' AIRFLOW_CTX_DAG_RUN_ID='scheduled__2021-10-16T00:00:00+00:00'
[2024-12-19T10:07:28.945+0000] {taskinstance.py:731} INFO - ::endgroup::
[2024-12-19T10:07:29.013+0000] {python.py:240} INFO - Done. Returned value was: Josip
[2024-12-19T10:07:29.064+0000] {taskinstance.py:340} INFO - ::group::Post task execution logs
[2024-12-19T10:07:29.065+0000] {taskinstance.py:352} INFO - Marking task as SUCCESS. dag_id=python_operator_dag_v2, task_id=get_name, run_id=scheduled__2021-10-16T00:00:00+00:00, execution_date=20211016T000000, start_date=20241219T100728, end_date=20241219T100729
[2024-12-19T10:07:29.160+0000] {local_task_job_runner.py:266} INFO - Task exited with return code 0
[2024-12-19T10:07:29.183+0000] {local_task_job_runner.py:245} INFO - ::endgroup::
[2024-12-19T10:10:57.250+0000] {local_task_job_runner.py:123} INFO - ::group::Pre task execution logs
[2024-12-19T10:10:57.302+0000] {taskinstance.py:2613} INFO - Dependencies all met for dep_context=non-requeueable deps ti=<TaskInstance: python_operator_dag_v2.get_name scheduled__2021-10-16T00:00:00+00:00 [queued]>
[2024-12-19T10:10:57.327+0000] {taskinstance.py:2613} INFO - Dependencies all met for dep_context=requeueable deps ti=<TaskInstance: python_operator_dag_v2.get_name scheduled__2021-10-16T00:00:00+00:00 [queued]>
[2024-12-19T10:10:57.328+0000] {taskinstance.py:2866} INFO - Starting attempt 1 of 6
[2024-12-19T10:10:57.480+0000] {taskinstance.py:2889} INFO - Executing <Task(PythonOperator): get_name> on 2021-10-16 00:00:00+00:00
[2024-12-19T10:10:57.497+0000] {standard_task_runner.py:104} INFO - Running: ['***', 'tasks', 'run', 'python_operator_dag_v2', 'get_name', 'scheduled__2021-10-16T00:00:00+00:00', '--job-id', '1248', '--raw', '--subdir', 'DAGS_FOLDER/python_operator_dag.py', '--cfg-path', '/tmp/tmp87rs1dkd']
[2024-12-19T10:10:57.502+0000] {standard_task_runner.py:105} INFO - Job 1248: Subtask get_name
[2024-12-19T10:10:57.504+0000] {logging_mixin.py:190} WARNING - /home/***/.local/lib/python3.12/site-packages/***/task/task_runner/standard_task_runner.py:70 DeprecationWarning: This process (pid=4192) is multi-threaded, use of fork() may lead to deadlocks in the child.
[2024-12-19T10:10:57.506+0000] {standard_task_runner.py:72} INFO - Started process 4202 to run task
[2024-12-19T10:10:57.599+0000] {task_command.py:467} INFO - Running <TaskInstance: python_operator_dag_v2.get_name scheduled__2021-10-16T00:00:00+00:00 [running]> on host 02d979add40a
[2024-12-19T10:10:57.701+0000] {taskinstance.py:3132} INFO - Exporting env vars: AIRFLOW_CTX_DAG_OWNER='mateo' AIRFLOW_CTX_DAG_ID='python_operator_dag_v2' AIRFLOW_CTX_TASK_ID='get_name' AIRFLOW_CTX_EXECUTION_DATE='2021-10-16T00:00:00+00:00' AIRFLOW_CTX_TRY_NUMBER='1' AIRFLOW_CTX_DAG_RUN_ID='scheduled__2021-10-16T00:00:00+00:00'
[2024-12-19T10:10:57.703+0000] {taskinstance.py:731} INFO - ::endgroup::
[2024-12-19T10:10:57.720+0000] {python.py:240} INFO - Done. Returned value was: Josip
[2024-12-19T10:10:57.763+0000] {taskinstance.py:340} INFO - ::group::Post task execution logs
[2024-12-19T10:10:57.765+0000] {taskinstance.py:352} INFO - Marking task as SUCCESS. dag_id=python_operator_dag_v2, task_id=get_name, run_id=scheduled__2021-10-16T00:00:00+00:00, execution_date=20211016T000000, start_date=20241219T101057, end_date=20241219T101057
[2024-12-19T10:10:57.851+0000] {local_task_job_runner.py:266} INFO - Task exited with return code 0
[2024-12-19T10:10:57.866+0000] {local_task_job_runner.py:245} INFO - ::endgroup::
