[2024-12-19T13:51:42.142+0000] {local_task_job_runner.py:123} INFO - ::group::Pre task execution logs
[2024-12-19T13:51:42.248+0000] {taskinstance.py:2613} INFO - Dependencies all met for dep_context=non-requeueable deps ti=<TaskInstance: dag_with_taskflow_api.greet scheduled__2024-10-18T00:00:00+00:00 [queued]>
[2024-12-19T13:51:42.310+0000] {taskinstance.py:2613} INFO - Dependencies all met for dep_context=requeueable deps ti=<TaskInstance: dag_with_taskflow_api.greet scheduled__2024-10-18T00:00:00+00:00 [queued]>
[2024-12-19T13:51:42.311+0000] {taskinstance.py:2866} INFO - Starting attempt 1 of 6
[2024-12-19T13:51:42.489+0000] {taskinstance.py:2889} INFO - Executing <Task(_PythonDecoratedOperator): greet> on 2024-10-18 00:00:00+00:00
[2024-12-19T13:51:42.513+0000] {logging_mixin.py:190} WARNING - /home/***/.local/lib/python3.12/site-packages/***/task/task_runner/standard_task_runner.py:70 DeprecationWarning: This process (pid=16317) is multi-threaded, use of fork() may lead to deadlocks in the child.
[2024-12-19T13:51:42.541+0000] {standard_task_runner.py:72} INFO - Started process 16347 to run task
[2024-12-19T13:51:42.547+0000] {standard_task_runner.py:104} INFO - Running: ['***', 'tasks', 'run', 'dag_with_taskflow_api', 'greet', 'scheduled__2024-10-18T00:00:00+00:00', '--job-id', '4429', '--raw', '--subdir', 'DAGS_FOLDER/dag_with_taskflow_api.py', '--cfg-path', '/tmp/tmp8fr0tbce']
[2024-12-19T13:51:42.562+0000] {standard_task_runner.py:105} INFO - Job 4429: Subtask greet
[2024-12-19T13:51:42.666+0000] {task_command.py:467} INFO - Running <TaskInstance: dag_with_taskflow_api.greet scheduled__2024-10-18T00:00:00+00:00 [running]> on host 02d979add40a
[2024-12-19T13:51:43.006+0000] {taskinstance.py:3132} INFO - Exporting env vars: AIRFLOW_CTX_DAG_OWNER='mateo' AIRFLOW_CTX_DAG_ID='dag_with_taskflow_api' AIRFLOW_CTX_TASK_ID='greet' AIRFLOW_CTX_EXECUTION_DATE='2024-10-18T00:00:00+00:00' AIRFLOW_CTX_TRY_NUMBER='1' AIRFLOW_CTX_DAG_RUN_ID='scheduled__2024-10-18T00:00:00+00:00'
[2024-12-19T13:51:43.014+0000] {taskinstance.py:731} INFO - ::endgroup::
[2024-12-19T13:51:43.020+0000] {logging_mixin.py:190} INFO - My name is Jerry. I am 19 years old.
[2024-12-19T13:51:43.028+0000] {python.py:240} INFO - Done. Returned value was: None
[2024-12-19T13:51:43.048+0000] {taskinstance.py:340} INFO - ::group::Post task execution logs
[2024-12-19T13:51:43.065+0000] {taskinstance.py:352} INFO - Marking task as SUCCESS. dag_id=dag_with_taskflow_api, task_id=greet, run_id=scheduled__2024-10-18T00:00:00+00:00, execution_date=20241018T000000, start_date=20241219T135142, end_date=20241219T135143
[2024-12-19T13:51:43.149+0000] {local_task_job_runner.py:266} INFO - Task exited with return code 0
[2024-12-19T13:51:43.179+0000] {taskinstance.py:3895} INFO - 0 downstream tasks scheduled from follow-on schedule check
[2024-12-19T13:51:43.189+0000] {local_task_job_runner.py:245} INFO - ::endgroup::
[2024-12-20T10:29:13.735+0000] {local_task_job_runner.py:123} INFO - ::group::Pre task execution logs
[2024-12-20T10:29:13.782+0000] {taskinstance.py:2613} INFO - Dependencies all met for dep_context=non-requeueable deps ti=<TaskInstance: dag_with_taskflow_api.greet scheduled__2024-10-18T00:00:00+00:00 [queued]>
[2024-12-20T10:29:13.804+0000] {taskinstance.py:2613} INFO - Dependencies all met for dep_context=requeueable deps ti=<TaskInstance: dag_with_taskflow_api.greet scheduled__2024-10-18T00:00:00+00:00 [queued]>
[2024-12-20T10:29:13.806+0000] {taskinstance.py:2866} INFO - Starting attempt 1 of 6
[2024-12-20T10:29:13.841+0000] {taskinstance.py:2889} INFO - Executing <Task(_PythonDecoratedOperator): greet> on 2024-10-18 00:00:00+00:00
[2024-12-20T10:29:13.870+0000] {logging_mixin.py:190} WARNING - /home/***/.local/lib/python3.12/site-packages/***/task/task_runner/standard_task_runner.py:70 DeprecationWarning: This process (pid=12919) is multi-threaded, use of fork() may lead to deadlocks in the child.
[2024-12-20T10:29:13.874+0000] {standard_task_runner.py:72} INFO - Started process 12934 to run task
[2024-12-20T10:29:13.869+0000] {standard_task_runner.py:104} INFO - Running: ['***', 'tasks', 'run', 'dag_with_taskflow_api', 'greet', 'scheduled__2024-10-18T00:00:00+00:00', '--job-id', '4741', '--raw', '--subdir', 'DAGS_FOLDER/dag_with_taskflow_api.py', '--cfg-path', '/tmp/tmpif156iix']
[2024-12-20T10:29:13.876+0000] {standard_task_runner.py:105} INFO - Job 4741: Subtask greet
[2024-12-20T10:29:14.016+0000] {task_command.py:467} INFO - Running <TaskInstance: dag_with_taskflow_api.greet scheduled__2024-10-18T00:00:00+00:00 [running]> on host a998b5b3d359
[2024-12-20T10:29:14.276+0000] {taskinstance.py:3132} INFO - Exporting env vars: AIRFLOW_CTX_DAG_OWNER='mateo' AIRFLOW_CTX_DAG_ID='dag_with_taskflow_api' AIRFLOW_CTX_TASK_ID='greet' AIRFLOW_CTX_EXECUTION_DATE='2024-10-18T00:00:00+00:00' AIRFLOW_CTX_TRY_NUMBER='1' AIRFLOW_CTX_DAG_RUN_ID='scheduled__2024-10-18T00:00:00+00:00'
[2024-12-20T10:29:14.278+0000] {taskinstance.py:731} INFO - ::endgroup::
[2024-12-20T10:29:14.283+0000] {logging_mixin.py:190} INFO - My name is Jerry. I am 19 years old.
[2024-12-20T10:29:14.285+0000] {python.py:240} INFO - Done. Returned value was: None
[2024-12-20T10:29:14.317+0000] {taskinstance.py:340} INFO - ::group::Post task execution logs
[2024-12-20T10:29:14.321+0000] {taskinstance.py:352} INFO - Marking task as SUCCESS. dag_id=dag_with_taskflow_api, task_id=greet, run_id=scheduled__2024-10-18T00:00:00+00:00, execution_date=20241018T000000, start_date=20241220T102913, end_date=20241220T102914
[2024-12-20T10:29:14.439+0000] {local_task_job_runner.py:266} INFO - Task exited with return code 0
[2024-12-20T10:29:14.461+0000] {local_task_job_runner.py:245} INFO - ::endgroup::
