[2024-12-19T08:51:16.167+0000] {local_task_job_runner.py:123} INFO - ::group::Pre task execution logs
[2024-12-19T08:51:16.185+0000] {taskinstance.py:2613} INFO - Dependencies all met for dep_context=non-requeueable deps ti=<TaskInstance: our_first_dag_v2.first_task scheduled__2021-08-22T00:00:00+00:00 [queued]>
[2024-12-19T08:51:16.199+0000] {taskinstance.py:2613} INFO - Dependencies all met for dep_context=requeueable deps ti=<TaskInstance: our_first_dag_v2.first_task scheduled__2021-08-22T00:00:00+00:00 [queued]>
[2024-12-19T08:51:16.201+0000] {taskinstance.py:2866} INFO - Starting attempt 1 of 6
[2024-12-19T08:51:16.237+0000] {taskinstance.py:2889} INFO - Executing <Task(BashOperator): first_task> on 2021-08-22 00:00:00+00:00
[2024-12-19T08:51:16.257+0000] {logging_mixin.py:190} WARNING - /home/***/.local/lib/python3.12/site-packages/***/task/task_runner/standard_task_runner.py:70 DeprecationWarning: This process (pid=2196) is multi-threaded, use of fork() may lead to deadlocks in the child.
[2024-12-19T08:51:16.266+0000] {standard_task_runner.py:72} INFO - Started process 2204 to run task
[2024-12-19T08:51:16.268+0000] {standard_task_runner.py:104} INFO - Running: ['***', 'tasks', 'run', 'our_first_dag_v2', 'first_task', 'scheduled__2021-08-22T00:00:00+00:00', '--job-id', '401', '--raw', '--subdir', 'DAGS_FOLDER/our_first_dag.py', '--cfg-path', '/tmp/tmpjzf7mdq2']
[2024-12-19T08:51:16.274+0000] {standard_task_runner.py:105} INFO - Job 401: Subtask first_task
[2024-12-19T08:51:16.355+0000] {task_command.py:467} INFO - Running <TaskInstance: our_first_dag_v2.first_task scheduled__2021-08-22T00:00:00+00:00 [running]> on host 8d142e9c83a7
[2024-12-19T08:51:16.502+0000] {taskinstance.py:3132} INFO - Exporting env vars: AIRFLOW_CTX_DAG_OWNER='mateo' AIRFLOW_CTX_DAG_ID='our_first_dag_v2' AIRFLOW_CTX_TASK_ID='first_task' AIRFLOW_CTX_EXECUTION_DATE='2021-08-22T00:00:00+00:00' AIRFLOW_CTX_TRY_NUMBER='1' AIRFLOW_CTX_DAG_RUN_ID='scheduled__2021-08-22T00:00:00+00:00'
[2024-12-19T08:51:16.504+0000] {taskinstance.py:731} INFO - ::endgroup::
[2024-12-19T08:51:16.528+0000] {subprocess.py:78} INFO - Tmp dir root location: /tmp
[2024-12-19T08:51:16.529+0000] {subprocess.py:88} INFO - Running command: ['/usr/bin/bash', '-c', 'echo hello world, this is the first task']
[2024-12-19T08:51:16.555+0000] {subprocess.py:99} INFO - Output:
[2024-12-19T08:51:16.558+0000] {subprocess.py:106} INFO - hello world, this is the first task
[2024-12-19T08:51:16.559+0000] {subprocess.py:110} INFO - Command exited with return code 0
[2024-12-19T08:51:16.587+0000] {taskinstance.py:340} INFO - ::group::Post task execution logs
[2024-12-19T08:51:16.588+0000] {taskinstance.py:352} INFO - Marking task as SUCCESS. dag_id=our_first_dag_v2, task_id=first_task, run_id=scheduled__2021-08-22T00:00:00+00:00, execution_date=20210822T000000, start_date=20241219T085116, end_date=20241219T085116
[2024-12-19T08:51:16.612+0000] {local_task_job_runner.py:266} INFO - Task exited with return code 0
[2024-12-19T08:51:16.643+0000] {taskinstance.py:3895} INFO - 1 downstream tasks scheduled from follow-on schedule check
[2024-12-19T08:51:16.646+0000] {local_task_job_runner.py:245} INFO - ::endgroup::
