[2024-12-19T13:52:21.930+0000] {local_task_job_runner.py:123} INFO - ::group::Pre task execution logs
[2024-12-19T13:52:22.000+0000] {taskinstance.py:2613} INFO - Dependencies all met for dep_context=non-requeueable deps ti=<TaskInstance: dag_with_taskflow_api.get_name scheduled__2024-12-14T00:00:00+00:00 [queued]>
[2024-12-19T13:52:22.029+0000] {taskinstance.py:2613} INFO - Dependencies all met for dep_context=requeueable deps ti=<TaskInstance: dag_with_taskflow_api.get_name scheduled__2024-12-14T00:00:00+00:00 [queued]>
[2024-12-19T13:52:22.030+0000] {taskinstance.py:2866} INFO - Starting attempt 1 of 6
[2024-12-19T13:52:22.081+0000] {taskinstance.py:2889} INFO - Executing <Task(_PythonDecoratedOperator): get_name> on 2024-12-14 00:00:00+00:00
[2024-12-19T13:52:22.120+0000] {logging_mixin.py:190} WARNING - /home/***/.local/lib/python3.12/site-packages/***/task/task_runner/standard_task_runner.py:70 DeprecationWarning: This process (pid=16832) is multi-threaded, use of fork() may lead to deadlocks in the child.
[2024-12-19T13:52:22.124+0000] {standard_task_runner.py:72} INFO - Started process 16849 to run task
[2024-12-19T13:52:22.130+0000] {standard_task_runner.py:104} INFO - Running: ['***', 'tasks', 'run', 'dag_with_taskflow_api', 'get_name', 'scheduled__2024-12-14T00:00:00+00:00', '--job-id', '4585', '--raw', '--subdir', 'DAGS_FOLDER/dag_with_taskflow_api.py', '--cfg-path', '/tmp/tmp7lpqvazg']
[2024-12-19T13:52:22.134+0000] {standard_task_runner.py:105} INFO - Job 4585: Subtask get_name
[2024-12-19T13:52:22.314+0000] {task_command.py:467} INFO - Running <TaskInstance: dag_with_taskflow_api.get_name scheduled__2024-12-14T00:00:00+00:00 [running]> on host 02d979add40a
[2024-12-19T13:52:22.657+0000] {taskinstance.py:3132} INFO - Exporting env vars: AIRFLOW_CTX_DAG_OWNER='mateo' AIRFLOW_CTX_DAG_ID='dag_with_taskflow_api' AIRFLOW_CTX_TASK_ID='get_name' AIRFLOW_CTX_EXECUTION_DATE='2024-12-14T00:00:00+00:00' AIRFLOW_CTX_TRY_NUMBER='1' AIRFLOW_CTX_DAG_RUN_ID='scheduled__2024-12-14T00:00:00+00:00'
[2024-12-19T13:52:22.662+0000] {taskinstance.py:731} INFO - ::endgroup::
[2024-12-19T13:52:22.672+0000] {python.py:240} INFO - Done. Returned value was: Jerry
[2024-12-19T13:52:22.748+0000] {taskinstance.py:340} INFO - ::group::Post task execution logs
[2024-12-19T13:52:22.750+0000] {taskinstance.py:352} INFO - Marking task as SUCCESS. dag_id=dag_with_taskflow_api, task_id=get_name, run_id=scheduled__2024-12-14T00:00:00+00:00, execution_date=20241214T000000, start_date=20241219T135222, end_date=20241219T135222
[2024-12-19T13:52:22.851+0000] {local_task_job_runner.py:266} INFO - Task exited with return code 0
[2024-12-19T13:52:22.886+0000] {local_task_job_runner.py:245} INFO - ::endgroup::
[2024-12-20T10:29:54.533+0000] {local_task_job_runner.py:123} INFO - ::group::Pre task execution logs
[2024-12-20T10:29:54.565+0000] {taskinstance.py:2613} INFO - Dependencies all met for dep_context=non-requeueable deps ti=<TaskInstance: dag_with_taskflow_api.get_name scheduled__2024-12-14T00:00:00+00:00 [queued]>
[2024-12-20T10:29:54.582+0000] {taskinstance.py:2613} INFO - Dependencies all met for dep_context=requeueable deps ti=<TaskInstance: dag_with_taskflow_api.get_name scheduled__2024-12-14T00:00:00+00:00 [queued]>
[2024-12-20T10:29:54.584+0000] {taskinstance.py:2866} INFO - Starting attempt 1 of 6
[2024-12-20T10:29:54.742+0000] {taskinstance.py:2889} INFO - Executing <Task(_PythonDecoratedOperator): get_name> on 2024-12-14 00:00:00+00:00
[2024-12-20T10:29:54.759+0000] {logging_mixin.py:190} WARNING - /home/***/.local/lib/python3.12/site-packages/***/task/task_runner/standard_task_runner.py:70 DeprecationWarning: This process (pid=13461) is multi-threaded, use of fork() may lead to deadlocks in the child.
[2024-12-20T10:29:54.765+0000] {standard_task_runner.py:72} INFO - Started process 13481 to run task
[2024-12-20T10:29:54.767+0000] {standard_task_runner.py:104} INFO - Running: ['***', 'tasks', 'run', 'dag_with_taskflow_api', 'get_name', 'scheduled__2024-12-14T00:00:00+00:00', '--job-id', '4903', '--raw', '--subdir', 'DAGS_FOLDER/dag_with_taskflow_api.py', '--cfg-path', '/tmp/tmp1eu4thkl']
[2024-12-20T10:29:54.779+0000] {standard_task_runner.py:105} INFO - Job 4903: Subtask get_name
[2024-12-20T10:29:54.904+0000] {task_command.py:467} INFO - Running <TaskInstance: dag_with_taskflow_api.get_name scheduled__2024-12-14T00:00:00+00:00 [running]> on host a998b5b3d359
[2024-12-20T10:29:55.085+0000] {taskinstance.py:3132} INFO - Exporting env vars: AIRFLOW_CTX_DAG_OWNER='mateo' AIRFLOW_CTX_DAG_ID='dag_with_taskflow_api' AIRFLOW_CTX_TASK_ID='get_name' AIRFLOW_CTX_EXECUTION_DATE='2024-12-14T00:00:00+00:00' AIRFLOW_CTX_TRY_NUMBER='1' AIRFLOW_CTX_DAG_RUN_ID='scheduled__2024-12-14T00:00:00+00:00'
[2024-12-20T10:29:55.090+0000] {taskinstance.py:731} INFO - ::endgroup::
[2024-12-20T10:29:55.093+0000] {python.py:240} INFO - Done. Returned value was: Jerry
[2024-12-20T10:29:55.152+0000] {taskinstance.py:340} INFO - ::group::Post task execution logs
[2024-12-20T10:29:55.153+0000] {taskinstance.py:352} INFO - Marking task as SUCCESS. dag_id=dag_with_taskflow_api, task_id=get_name, run_id=scheduled__2024-12-14T00:00:00+00:00, execution_date=20241214T000000, start_date=20241220T102954, end_date=20241220T102955
[2024-12-20T10:29:55.270+0000] {local_task_job_runner.py:266} INFO - Task exited with return code 0
[2024-12-20T10:29:55.320+0000] {taskinstance.py:3895} INFO - 1 downstream tasks scheduled from follow-on schedule check
[2024-12-20T10:29:55.324+0000] {local_task_job_runner.py:245} INFO - ::endgroup::
