[2024-12-19T09:00:54.480+0000] {local_task_job_runner.py:123} INFO - ::group::Pre task execution logs
[2024-12-19T09:00:54.510+0000] {taskinstance.py:2613} INFO - Dependencies all met for dep_context=non-requeueable deps ti=<TaskInstance: our_first_dag_v2.first_task scheduled__2024-09-16T00:00:00+00:00 [queued]>
[2024-12-19T09:00:54.527+0000] {taskinstance.py:2613} INFO - Dependencies all met for dep_context=requeueable deps ti=<TaskInstance: our_first_dag_v2.first_task scheduled__2024-09-16T00:00:00+00:00 [queued]>
[2024-12-19T09:00:54.528+0000] {taskinstance.py:2866} INFO - Starting attempt 1 of 6
[2024-12-19T09:00:54.564+0000] {taskinstance.py:2889} INFO - Executing <Task(BashOperator): first_task> on 2024-09-16 00:00:00+00:00
[2024-12-19T09:00:54.578+0000] {logging_mixin.py:190} WARNING - /home/***/.local/lib/python3.12/site-packages/***/task/task_runner/standard_task_runner.py:70 DeprecationWarning: This process (pid=13143) is multi-threaded, use of fork() may lead to deadlocks in the child.
[2024-12-19T09:00:54.590+0000] {standard_task_runner.py:72} INFO - Started process 13162 to run task
[2024-12-19T09:00:54.586+0000] {standard_task_runner.py:104} INFO - Running: ['***', 'tasks', 'run', 'our_first_dag_v2', 'first_task', 'scheduled__2024-09-16T00:00:00+00:00', '--job-id', '3088', '--raw', '--subdir', 'DAGS_FOLDER/our_first_dag.py', '--cfg-path', '/tmp/tmpovqhpw98']
[2024-12-19T09:00:54.597+0000] {standard_task_runner.py:105} INFO - Job 3088: Subtask first_task
[2024-12-19T09:00:54.735+0000] {task_command.py:467} INFO - Running <TaskInstance: our_first_dag_v2.first_task scheduled__2024-09-16T00:00:00+00:00 [running]> on host 8d142e9c83a7
[2024-12-19T09:00:54.915+0000] {taskinstance.py:3132} INFO - Exporting env vars: AIRFLOW_CTX_DAG_OWNER='mateo' AIRFLOW_CTX_DAG_ID='our_first_dag_v2' AIRFLOW_CTX_TASK_ID='first_task' AIRFLOW_CTX_EXECUTION_DATE='2024-09-16T00:00:00+00:00' AIRFLOW_CTX_TRY_NUMBER='1' AIRFLOW_CTX_DAG_RUN_ID='scheduled__2024-09-16T00:00:00+00:00'
[2024-12-19T09:00:54.918+0000] {taskinstance.py:731} INFO - ::endgroup::
[2024-12-19T09:00:54.962+0000] {subprocess.py:78} INFO - Tmp dir root location: /tmp
[2024-12-19T09:00:54.968+0000] {subprocess.py:88} INFO - Running command: ['/usr/bin/bash', '-c', 'echo hello world, this is the first task']
[2024-12-19T09:00:54.994+0000] {subprocess.py:99} INFO - Output:
[2024-12-19T09:00:55.002+0000] {subprocess.py:106} INFO - hello world, this is the first task
[2024-12-19T09:00:55.006+0000] {subprocess.py:110} INFO - Command exited with return code 0
[2024-12-19T09:00:55.051+0000] {taskinstance.py:340} INFO - ::group::Post task execution logs
[2024-12-19T09:00:55.054+0000] {taskinstance.py:352} INFO - Marking task as SUCCESS. dag_id=our_first_dag_v2, task_id=first_task, run_id=scheduled__2024-09-16T00:00:00+00:00, execution_date=20240916T000000, start_date=20241219T090054, end_date=20241219T090055
[2024-12-19T09:00:55.145+0000] {local_task_job_runner.py:266} INFO - Task exited with return code 0
[2024-12-19T09:00:55.163+0000] {local_task_job_runner.py:245} INFO - ::endgroup::
