[2024-12-19T13:51:51.905+0000] {local_task_job_runner.py:123} INFO - ::group::Pre task execution logs
[2024-12-19T13:51:52.010+0000] {taskinstance.py:2613} INFO - Dependencies all met for dep_context=non-requeueable deps ti=<TaskInstance: dag_with_taskflow_api.get_age scheduled__2024-11-04T00:00:00+00:00 [queued]>
[2024-12-19T13:51:52.054+0000] {taskinstance.py:2613} INFO - Dependencies all met for dep_context=requeueable deps ti=<TaskInstance: dag_with_taskflow_api.get_age scheduled__2024-11-04T00:00:00+00:00 [queued]>
[2024-12-19T13:51:52.056+0000] {taskinstance.py:2866} INFO - Starting attempt 1 of 6
[2024-12-19T13:51:52.201+0000] {taskinstance.py:2889} INFO - Executing <Task(_PythonDecoratedOperator): get_age> on 2024-11-04 00:00:00+00:00
[2024-12-19T13:51:52.235+0000] {logging_mixin.py:190} WARNING - /home/***/.local/lib/python3.12/site-packages/***/task/task_runner/standard_task_runner.py:70 DeprecationWarning: This process (pid=16431) is multi-threaded, use of fork() may lead to deadlocks in the child.
[2024-12-19T13:51:52.238+0000] {standard_task_runner.py:72} INFO - Started process 16458 to run task
[2024-12-19T13:51:52.251+0000] {standard_task_runner.py:104} INFO - Running: ['***', 'tasks', 'run', 'dag_with_taskflow_api', 'get_age', 'scheduled__2024-11-04T00:00:00+00:00', '--job-id', '4464', '--raw', '--subdir', 'DAGS_FOLDER/dag_with_taskflow_api.py', '--cfg-path', '/tmp/tmpgde8jx7m']
[2024-12-19T13:51:52.258+0000] {standard_task_runner.py:105} INFO - Job 4464: Subtask get_age
[2024-12-19T13:51:52.474+0000] {task_command.py:467} INFO - Running <TaskInstance: dag_with_taskflow_api.get_age scheduled__2024-11-04T00:00:00+00:00 [running]> on host 02d979add40a
[2024-12-19T13:51:52.780+0000] {taskinstance.py:3132} INFO - Exporting env vars: AIRFLOW_CTX_DAG_OWNER='mateo' AIRFLOW_CTX_DAG_ID='dag_with_taskflow_api' AIRFLOW_CTX_TASK_ID='get_age' AIRFLOW_CTX_EXECUTION_DATE='2024-11-04T00:00:00+00:00' AIRFLOW_CTX_TRY_NUMBER='1' AIRFLOW_CTX_DAG_RUN_ID='scheduled__2024-11-04T00:00:00+00:00'
[2024-12-19T13:51:52.784+0000] {taskinstance.py:731} INFO - ::endgroup::
[2024-12-19T13:51:52.789+0000] {python.py:240} INFO - Done. Returned value was: 19
[2024-12-19T13:51:52.873+0000] {taskinstance.py:340} INFO - ::group::Post task execution logs
[2024-12-19T13:51:52.875+0000] {taskinstance.py:352} INFO - Marking task as SUCCESS. dag_id=dag_with_taskflow_api, task_id=get_age, run_id=scheduled__2024-11-04T00:00:00+00:00, execution_date=20241104T000000, start_date=20241219T135152, end_date=20241219T135152
[2024-12-19T13:51:52.950+0000] {local_task_job_runner.py:266} INFO - Task exited with return code 0
[2024-12-19T13:51:52.969+0000] {local_task_job_runner.py:245} INFO - ::endgroup::
[2024-12-20T10:29:27.020+0000] {local_task_job_runner.py:123} INFO - ::group::Pre task execution logs
[2024-12-20T10:29:27.058+0000] {taskinstance.py:2613} INFO - Dependencies all met for dep_context=non-requeueable deps ti=<TaskInstance: dag_with_taskflow_api.get_age scheduled__2024-11-04T00:00:00+00:00 [queued]>
[2024-12-20T10:29:27.071+0000] {taskinstance.py:2613} INFO - Dependencies all met for dep_context=requeueable deps ti=<TaskInstance: dag_with_taskflow_api.get_age scheduled__2024-11-04T00:00:00+00:00 [queued]>
[2024-12-20T10:29:27.072+0000] {taskinstance.py:2866} INFO - Starting attempt 1 of 6
[2024-12-20T10:29:27.093+0000] {taskinstance.py:2889} INFO - Executing <Task(_PythonDecoratedOperator): get_age> on 2024-11-04 00:00:00+00:00
[2024-12-20T10:29:27.107+0000] {logging_mixin.py:190} WARNING - /home/***/.local/lib/python3.12/site-packages/***/task/task_runner/standard_task_runner.py:70 DeprecationWarning: This process (pid=13077) is multi-threaded, use of fork() may lead to deadlocks in the child.
[2024-12-20T10:29:27.110+0000] {standard_task_runner.py:72} INFO - Started process 13085 to run task
[2024-12-20T10:29:27.121+0000] {standard_task_runner.py:104} INFO - Running: ['***', 'tasks', 'run', 'dag_with_taskflow_api', 'get_age', 'scheduled__2024-11-04T00:00:00+00:00', '--job-id', '4783', '--raw', '--subdir', 'DAGS_FOLDER/dag_with_taskflow_api.py', '--cfg-path', '/tmp/tmpd252yvuw']
[2024-12-20T10:29:27.127+0000] {standard_task_runner.py:105} INFO - Job 4783: Subtask get_age
[2024-12-20T10:29:27.222+0000] {task_command.py:467} INFO - Running <TaskInstance: dag_with_taskflow_api.get_age scheduled__2024-11-04T00:00:00+00:00 [running]> on host a998b5b3d359
[2024-12-20T10:29:27.414+0000] {taskinstance.py:3132} INFO - Exporting env vars: AIRFLOW_CTX_DAG_OWNER='mateo' AIRFLOW_CTX_DAG_ID='dag_with_taskflow_api' AIRFLOW_CTX_TASK_ID='get_age' AIRFLOW_CTX_EXECUTION_DATE='2024-11-04T00:00:00+00:00' AIRFLOW_CTX_TRY_NUMBER='1' AIRFLOW_CTX_DAG_RUN_ID='scheduled__2024-11-04T00:00:00+00:00'
[2024-12-20T10:29:27.416+0000] {taskinstance.py:731} INFO - ::endgroup::
[2024-12-20T10:29:27.420+0000] {python.py:240} INFO - Done. Returned value was: 19
[2024-12-20T10:29:27.455+0000] {taskinstance.py:340} INFO - ::group::Post task execution logs
[2024-12-20T10:29:27.457+0000] {taskinstance.py:352} INFO - Marking task as SUCCESS. dag_id=dag_with_taskflow_api, task_id=get_age, run_id=scheduled__2024-11-04T00:00:00+00:00, execution_date=20241104T000000, start_date=20241220T102927, end_date=20241220T102927
[2024-12-20T10:29:27.533+0000] {local_task_job_runner.py:266} INFO - Task exited with return code 0
[2024-12-20T10:29:27.550+0000] {local_task_job_runner.py:245} INFO - ::endgroup::
