[2024-12-20T10:52:04.608+0000] {local_task_job_runner.py:123} INFO - ::group::Pre task execution logs
[2024-12-20T10:52:04.623+0000] {taskinstance.py:2613} INFO - Dependencies all met for dep_context=non-requeueable deps ti=<TaskInstance: sql_operator_dag_v3.SQL_delete_dag_if_exists manual__2024-12-20T10:52:02.181505+00:00 [queued]>
[2024-12-20T10:52:04.631+0000] {taskinstance.py:2613} INFO - Dependencies all met for dep_context=requeueable deps ti=<TaskInstance: sql_operator_dag_v3.SQL_delete_dag_if_exists manual__2024-12-20T10:52:02.181505+00:00 [queued]>
[2024-12-20T10:52:04.632+0000] {taskinstance.py:2866} INFO - Starting attempt 1 of 6
[2024-12-20T10:52:04.644+0000] {taskinstance.py:2889} INFO - Executing <Task(SQLExecuteQueryOperator): SQL_delete_dag_if_exists> on 2024-12-20 10:52:02.181505+00:00
[2024-12-20T10:52:04.652+0000] {logging_mixin.py:190} WARNING - /home/***/.local/lib/python3.12/site-packages/***/task/task_runner/standard_task_runner.py:70 DeprecationWarning: This process (pid=17084) is multi-threaded, use of fork() may lead to deadlocks in the child.
[2024-12-20T10:52:04.655+0000] {standard_task_runner.py:72} INFO - Started process 17085 to run task
[2024-12-20T10:52:04.653+0000] {standard_task_runner.py:104} INFO - Running: ['***', 'tasks', 'run', 'sql_operator_dag_v3', 'SQL_delete_dag_if_exists', 'manual__2024-12-20T10:52:02.181505+00:00', '--job-id', '5566', '--raw', '--subdir', 'DAGS_FOLDER/dag_with_postgresql.py', '--cfg-path', '/tmp/tmp4w2nmn8u']
[2024-12-20T10:52:04.656+0000] {standard_task_runner.py:105} INFO - Job 5566: Subtask SQL_delete_dag_if_exists
[2024-12-20T10:52:04.700+0000] {task_command.py:467} INFO - Running <TaskInstance: sql_operator_dag_v3.SQL_delete_dag_if_exists manual__2024-12-20T10:52:02.181505+00:00 [running]> on host a998b5b3d359
[2024-12-20T10:52:04.780+0000] {taskinstance.py:3132} INFO - Exporting env vars: AIRFLOW_CTX_DAG_OWNER='Mateo' AIRFLOW_CTX_DAG_ID='sql_operator_dag_v3' AIRFLOW_CTX_TASK_ID='SQL_delete_dag_if_exists' AIRFLOW_CTX_EXECUTION_DATE='2024-12-20T10:52:02.181505+00:00' AIRFLOW_CTX_TRY_NUMBER='1' AIRFLOW_CTX_DAG_RUN_ID='manual__2024-12-20T10:52:02.181505+00:00'
[2024-12-20T10:52:04.782+0000] {taskinstance.py:731} INFO - ::endgroup::
[2024-12-20T10:52:04.802+0000] {sql.py:278} INFO - Executing: 
            delete from dag_runs_v2 where dt='2024-12-20' and dag_id = 'sql_operator_dag_v3';
        
[2024-12-20T10:52:04.811+0000] {base.py:84} INFO - Retrieving connection 'sql_operator_practice'
[2024-12-20T10:52:04.820+0000] {base.py:84} INFO - Retrieving connection 'sql_operator_practice'
[2024-12-20T10:52:04.833+0000] {sql.py:553} INFO - Running statement: 
            delete from dag_runs_v2 where dt='2024-12-20' and dag_id = 'sql_operator_dag_v3';
        , parameters: None
[2024-12-20T10:52:04.837+0000] {sql.py:562} INFO - Rows affected: 1
[2024-12-20T10:52:04.849+0000] {taskinstance.py:340} INFO - ::group::Post task execution logs
[2024-12-20T10:52:04.850+0000] {taskinstance.py:352} INFO - Marking task as SUCCESS. dag_id=sql_operator_dag_v3, task_id=SQL_delete_dag_if_exists, run_id=manual__2024-12-20T10:52:02.181505+00:00, execution_date=20241220T105202, start_date=20241220T105204, end_date=20241220T105204
[2024-12-20T10:52:04.870+0000] {local_task_job_runner.py:266} INFO - Task exited with return code 0
[2024-12-20T10:52:04.888+0000] {taskinstance.py:3895} INFO - 1 downstream tasks scheduled from follow-on schedule check
[2024-12-20T10:52:04.890+0000] {local_task_job_runner.py:245} INFO - ::endgroup::
