[2024-12-19T13:52:06.595+0000] {local_task_job_runner.py:123} INFO - ::group::Pre task execution logs
[2024-12-19T13:52:06.660+0000] {taskinstance.py:2613} INFO - Dependencies all met for dep_context=non-requeueable deps ti=<TaskInstance: dag_with_taskflow_api.greet scheduled__2024-11-18T00:00:00+00:00 [queued]>
[2024-12-19T13:52:06.690+0000] {taskinstance.py:2613} INFO - Dependencies all met for dep_context=requeueable deps ti=<TaskInstance: dag_with_taskflow_api.greet scheduled__2024-11-18T00:00:00+00:00 [queued]>
[2024-12-19T13:52:06.691+0000] {taskinstance.py:2866} INFO - Starting attempt 1 of 6
[2024-12-19T13:52:06.805+0000] {taskinstance.py:2889} INFO - Executing <Task(_PythonDecoratedOperator): greet> on 2024-11-18 00:00:00+00:00
[2024-12-19T13:52:06.832+0000] {logging_mixin.py:190} WARNING - /home/***/.local/lib/python3.12/site-packages/***/task/task_runner/standard_task_runner.py:70 DeprecationWarning: This process (pid=16623) is multi-threaded, use of fork() may lead to deadlocks in the child.
[2024-12-19T13:52:06.841+0000] {standard_task_runner.py:72} INFO - Started process 16636 to run task
[2024-12-19T13:52:06.841+0000] {standard_task_runner.py:104} INFO - Running: ['***', 'tasks', 'run', 'dag_with_taskflow_api', 'greet', 'scheduled__2024-11-18T00:00:00+00:00', '--job-id', '4522', '--raw', '--subdir', 'DAGS_FOLDER/dag_with_taskflow_api.py', '--cfg-path', '/tmp/tmp42x_lmq4']
[2024-12-19T13:52:06.863+0000] {standard_task_runner.py:105} INFO - Job 4522: Subtask greet
[2024-12-19T13:52:07.025+0000] {task_command.py:467} INFO - Running <TaskInstance: dag_with_taskflow_api.greet scheduled__2024-11-18T00:00:00+00:00 [running]> on host 02d979add40a
[2024-12-19T13:52:07.326+0000] {taskinstance.py:3132} INFO - Exporting env vars: AIRFLOW_CTX_DAG_OWNER='mateo' AIRFLOW_CTX_DAG_ID='dag_with_taskflow_api' AIRFLOW_CTX_TASK_ID='greet' AIRFLOW_CTX_EXECUTION_DATE='2024-11-18T00:00:00+00:00' AIRFLOW_CTX_TRY_NUMBER='1' AIRFLOW_CTX_DAG_RUN_ID='scheduled__2024-11-18T00:00:00+00:00'
[2024-12-19T13:52:07.329+0000] {taskinstance.py:731} INFO - ::endgroup::
[2024-12-19T13:52:07.336+0000] {logging_mixin.py:190} INFO - My name is Jerry. I am 19 years old.
[2024-12-19T13:52:07.337+0000] {python.py:240} INFO - Done. Returned value was: None
[2024-12-19T13:52:07.374+0000] {taskinstance.py:340} INFO - ::group::Post task execution logs
[2024-12-19T13:52:07.376+0000] {taskinstance.py:352} INFO - Marking task as SUCCESS. dag_id=dag_with_taskflow_api, task_id=greet, run_id=scheduled__2024-11-18T00:00:00+00:00, execution_date=20241118T000000, start_date=20241219T135206, end_date=20241219T135207
[2024-12-19T13:52:07.481+0000] {local_task_job_runner.py:266} INFO - Task exited with return code 0
[2024-12-19T13:52:07.526+0000] {taskinstance.py:3895} INFO - 0 downstream tasks scheduled from follow-on schedule check
[2024-12-19T13:52:07.539+0000] {local_task_job_runner.py:245} INFO - ::endgroup::
[2024-12-20T10:29:35.809+0000] {local_task_job_runner.py:123} INFO - ::group::Pre task execution logs
[2024-12-20T10:29:35.828+0000] {taskinstance.py:2613} INFO - Dependencies all met for dep_context=non-requeueable deps ti=<TaskInstance: dag_with_taskflow_api.greet scheduled__2024-11-18T00:00:00+00:00 [queued]>
[2024-12-20T10:29:35.838+0000] {taskinstance.py:2613} INFO - Dependencies all met for dep_context=requeueable deps ti=<TaskInstance: dag_with_taskflow_api.greet scheduled__2024-11-18T00:00:00+00:00 [queued]>
[2024-12-20T10:29:35.839+0000] {taskinstance.py:2866} INFO - Starting attempt 1 of 6
[2024-12-20T10:29:35.851+0000] {taskinstance.py:2889} INFO - Executing <Task(_PythonDecoratedOperator): greet> on 2024-11-18 00:00:00+00:00
[2024-12-20T10:29:35.860+0000] {logging_mixin.py:190} WARNING - /home/***/.local/lib/python3.12/site-packages/***/task/task_runner/standard_task_runner.py:70 DeprecationWarning: This process (pid=13219) is multi-threaded, use of fork() may lead to deadlocks in the child.
[2024-12-20T10:29:35.862+0000] {standard_task_runner.py:72} INFO - Started process 13222 to run task
[2024-12-20T10:29:35.860+0000] {standard_task_runner.py:104} INFO - Running: ['***', 'tasks', 'run', 'dag_with_taskflow_api', 'greet', 'scheduled__2024-11-18T00:00:00+00:00', '--job-id', '4829', '--raw', '--subdir', 'DAGS_FOLDER/dag_with_taskflow_api.py', '--cfg-path', '/tmp/tmp_7d4m1tv']
[2024-12-20T10:29:35.865+0000] {standard_task_runner.py:105} INFO - Job 4829: Subtask greet
[2024-12-20T10:29:35.916+0000] {task_command.py:467} INFO - Running <TaskInstance: dag_with_taskflow_api.greet scheduled__2024-11-18T00:00:00+00:00 [running]> on host a998b5b3d359
[2024-12-20T10:29:36.013+0000] {taskinstance.py:3132} INFO - Exporting env vars: AIRFLOW_CTX_DAG_OWNER='mateo' AIRFLOW_CTX_DAG_ID='dag_with_taskflow_api' AIRFLOW_CTX_TASK_ID='greet' AIRFLOW_CTX_EXECUTION_DATE='2024-11-18T00:00:00+00:00' AIRFLOW_CTX_TRY_NUMBER='1' AIRFLOW_CTX_DAG_RUN_ID='scheduled__2024-11-18T00:00:00+00:00'
[2024-12-20T10:29:36.016+0000] {taskinstance.py:731} INFO - ::endgroup::
[2024-12-20T10:29:36.018+0000] {logging_mixin.py:190} INFO - My name is Jerry. I am 19 years old.
[2024-12-20T10:29:36.020+0000] {python.py:240} INFO - Done. Returned value was: None
[2024-12-20T10:29:36.028+0000] {taskinstance.py:340} INFO - ::group::Post task execution logs
[2024-12-20T10:29:36.029+0000] {taskinstance.py:352} INFO - Marking task as SUCCESS. dag_id=dag_with_taskflow_api, task_id=greet, run_id=scheduled__2024-11-18T00:00:00+00:00, execution_date=20241118T000000, start_date=20241220T102935, end_date=20241220T102936
[2024-12-20T10:29:36.079+0000] {local_task_job_runner.py:266} INFO - Task exited with return code 0
[2024-12-20T10:29:36.097+0000] {taskinstance.py:3895} INFO - 0 downstream tasks scheduled from follow-on schedule check
[2024-12-20T10:29:36.099+0000] {local_task_job_runner.py:245} INFO - ::endgroup::
