[2024-12-19T09:01:08.931+0000] {local_task_job_runner.py:123} INFO - ::group::Pre task execution logs
[2024-12-19T09:01:08.989+0000] {taskinstance.py:2613} INFO - Dependencies all met for dep_context=non-requeueable deps ti=<TaskInstance: our_first_dag_v2.first_task scheduled__2024-10-09T00:00:00+00:00 [queued]>
[2024-12-19T09:01:09.033+0000] {taskinstance.py:2613} INFO - Dependencies all met for dep_context=requeueable deps ti=<TaskInstance: our_first_dag_v2.first_task scheduled__2024-10-09T00:00:00+00:00 [queued]>
[2024-12-19T09:01:09.036+0000] {taskinstance.py:2866} INFO - Starting attempt 1 of 6
[2024-12-19T09:01:09.154+0000] {taskinstance.py:2889} INFO - Executing <Task(BashOperator): first_task> on 2024-10-09 00:00:00+00:00
[2024-12-19T09:01:09.184+0000] {standard_task_runner.py:104} INFO - Running: ['***', 'tasks', 'run', 'our_first_dag_v2', 'first_task', 'scheduled__2024-10-09T00:00:00+00:00', '--job-id', '3156', '--raw', '--subdir', 'DAGS_FOLDER/our_first_dag.py', '--cfg-path', '/tmp/tmp9num6b8l']
[2024-12-19T09:01:09.195+0000] {standard_task_runner.py:105} INFO - Job 3156: Subtask first_task
[2024-12-19T09:01:09.204+0000] {logging_mixin.py:190} WARNING - /home/***/.local/lib/python3.12/site-packages/***/task/task_runner/standard_task_runner.py:70 DeprecationWarning: This process (pid=13418) is multi-threaded, use of fork() may lead to deadlocks in the child.
[2024-12-19T09:01:09.211+0000] {standard_task_runner.py:72} INFO - Started process 13450 to run task
[2024-12-19T09:01:09.323+0000] {task_command.py:467} INFO - Running <TaskInstance: our_first_dag_v2.first_task scheduled__2024-10-09T00:00:00+00:00 [running]> on host 8d142e9c83a7
[2024-12-19T09:01:09.573+0000] {taskinstance.py:3132} INFO - Exporting env vars: AIRFLOW_CTX_DAG_OWNER='mateo' AIRFLOW_CTX_DAG_ID='our_first_dag_v2' AIRFLOW_CTX_TASK_ID='first_task' AIRFLOW_CTX_EXECUTION_DATE='2024-10-09T00:00:00+00:00' AIRFLOW_CTX_TRY_NUMBER='1' AIRFLOW_CTX_DAG_RUN_ID='scheduled__2024-10-09T00:00:00+00:00'
[2024-12-19T09:01:09.579+0000] {taskinstance.py:731} INFO - ::endgroup::
[2024-12-19T09:01:09.626+0000] {subprocess.py:78} INFO - Tmp dir root location: /tmp
[2024-12-19T09:01:09.631+0000] {subprocess.py:88} INFO - Running command: ['/usr/bin/bash', '-c', 'echo hello world, this is the first task']
[2024-12-19T09:01:09.689+0000] {subprocess.py:99} INFO - Output:
[2024-12-19T09:01:09.691+0000] {subprocess.py:106} INFO - hello world, this is the first task
[2024-12-19T09:01:09.692+0000] {subprocess.py:110} INFO - Command exited with return code 0
[2024-12-19T09:01:09.758+0000] {taskinstance.py:340} INFO - ::group::Post task execution logs
[2024-12-19T09:01:09.760+0000] {taskinstance.py:352} INFO - Marking task as SUCCESS. dag_id=our_first_dag_v2, task_id=first_task, run_id=scheduled__2024-10-09T00:00:00+00:00, execution_date=20241009T000000, start_date=20241219T090108, end_date=20241219T090109
[2024-12-19T09:01:09.811+0000] {local_task_job_runner.py:266} INFO - Task exited with return code 0
[2024-12-19T09:01:09.869+0000] {taskinstance.py:3895} INFO - 2 downstream tasks scheduled from follow-on schedule check
[2024-12-19T09:01:09.879+0000] {local_task_job_runner.py:245} INFO - ::endgroup::
