[2024-12-19T13:52:06.283+0000] {local_task_job_runner.py:123} INFO - ::group::Pre task execution logs
[2024-12-19T13:52:06.484+0000] {taskinstance.py:2613} INFO - Dependencies all met for dep_context=non-requeueable deps ti=<TaskInstance: dag_with_taskflow_api.get_name scheduled__2024-11-23T00:00:00+00:00 [queued]>
[2024-12-19T13:52:06.501+0000] {taskinstance.py:2613} INFO - Dependencies all met for dep_context=requeueable deps ti=<TaskInstance: dag_with_taskflow_api.get_name scheduled__2024-11-23T00:00:00+00:00 [queued]>
[2024-12-19T13:52:06.510+0000] {taskinstance.py:2866} INFO - Starting attempt 1 of 6
[2024-12-19T13:52:06.531+0000] {taskinstance.py:2889} INFO - Executing <Task(_PythonDecoratedOperator): get_name> on 2024-11-23 00:00:00+00:00
[2024-12-19T13:52:06.568+0000] {logging_mixin.py:190} WARNING - /home/***/.local/lib/python3.12/site-packages/***/task/task_runner/standard_task_runner.py:70 DeprecationWarning: This process (pid=16615) is multi-threaded, use of fork() may lead to deadlocks in the child.
[2024-12-19T13:52:06.572+0000] {standard_task_runner.py:72} INFO - Started process 16634 to run task
[2024-12-19T13:52:06.587+0000] {standard_task_runner.py:104} INFO - Running: ['***', 'tasks', 'run', 'dag_with_taskflow_api', 'get_name', 'scheduled__2024-11-23T00:00:00+00:00', '--job-id', '4521', '--raw', '--subdir', 'DAGS_FOLDER/dag_with_taskflow_api.py', '--cfg-path', '/tmp/tmpy7rf0bt7']
[2024-12-19T13:52:06.613+0000] {standard_task_runner.py:105} INFO - Job 4521: Subtask get_name
[2024-12-19T13:52:06.739+0000] {task_command.py:467} INFO - Running <TaskInstance: dag_with_taskflow_api.get_name scheduled__2024-11-23T00:00:00+00:00 [running]> on host 02d979add40a
[2024-12-19T13:52:07.067+0000] {taskinstance.py:3132} INFO - Exporting env vars: AIRFLOW_CTX_DAG_OWNER='mateo' AIRFLOW_CTX_DAG_ID='dag_with_taskflow_api' AIRFLOW_CTX_TASK_ID='get_name' AIRFLOW_CTX_EXECUTION_DATE='2024-11-23T00:00:00+00:00' AIRFLOW_CTX_TRY_NUMBER='1' AIRFLOW_CTX_DAG_RUN_ID='scheduled__2024-11-23T00:00:00+00:00'
[2024-12-19T13:52:07.070+0000] {taskinstance.py:731} INFO - ::endgroup::
[2024-12-19T13:52:07.075+0000] {python.py:240} INFO - Done. Returned value was: Jerry
[2024-12-19T13:52:07.159+0000] {taskinstance.py:340} INFO - ::group::Post task execution logs
[2024-12-19T13:52:07.161+0000] {taskinstance.py:352} INFO - Marking task as SUCCESS. dag_id=dag_with_taskflow_api, task_id=get_name, run_id=scheduled__2024-11-23T00:00:00+00:00, execution_date=20241123T000000, start_date=20241219T135206, end_date=20241219T135207
[2024-12-19T13:52:07.228+0000] {local_task_job_runner.py:266} INFO - Task exited with return code 0
[2024-12-19T13:52:07.247+0000] {local_task_job_runner.py:245} INFO - ::endgroup::
[2024-12-20T10:29:38.701+0000] {local_task_job_runner.py:123} INFO - ::group::Pre task execution logs
[2024-12-20T10:29:38.745+0000] {taskinstance.py:2613} INFO - Dependencies all met for dep_context=non-requeueable deps ti=<TaskInstance: dag_with_taskflow_api.get_name scheduled__2024-11-23T00:00:00+00:00 [queued]>
[2024-12-20T10:29:38.763+0000] {taskinstance.py:2613} INFO - Dependencies all met for dep_context=requeueable deps ti=<TaskInstance: dag_with_taskflow_api.get_name scheduled__2024-11-23T00:00:00+00:00 [queued]>
[2024-12-20T10:29:38.764+0000] {taskinstance.py:2866} INFO - Starting attempt 1 of 6
[2024-12-20T10:29:38.812+0000] {taskinstance.py:2889} INFO - Executing <Task(_PythonDecoratedOperator): get_name> on 2024-11-23 00:00:00+00:00
[2024-12-20T10:29:38.828+0000] {logging_mixin.py:190} WARNING - /home/***/.local/lib/python3.12/site-packages/***/task/task_runner/standard_task_runner.py:70 DeprecationWarning: This process (pid=13244) is multi-threaded, use of fork() may lead to deadlocks in the child.
[2024-12-20T10:29:38.836+0000] {standard_task_runner.py:72} INFO - Started process 13257 to run task
[2024-12-20T10:29:38.841+0000] {standard_task_runner.py:104} INFO - Running: ['***', 'tasks', 'run', 'dag_with_taskflow_api', 'get_name', 'scheduled__2024-11-23T00:00:00+00:00', '--job-id', '4839', '--raw', '--subdir', 'DAGS_FOLDER/dag_with_taskflow_api.py', '--cfg-path', '/tmp/tmpaxa_1kn0']
[2024-12-20T10:29:38.866+0000] {standard_task_runner.py:105} INFO - Job 4839: Subtask get_name
[2024-12-20T10:29:38.942+0000] {task_command.py:467} INFO - Running <TaskInstance: dag_with_taskflow_api.get_name scheduled__2024-11-23T00:00:00+00:00 [running]> on host a998b5b3d359
[2024-12-20T10:29:39.083+0000] {taskinstance.py:3132} INFO - Exporting env vars: AIRFLOW_CTX_DAG_OWNER='mateo' AIRFLOW_CTX_DAG_ID='dag_with_taskflow_api' AIRFLOW_CTX_TASK_ID='get_name' AIRFLOW_CTX_EXECUTION_DATE='2024-11-23T00:00:00+00:00' AIRFLOW_CTX_TRY_NUMBER='1' AIRFLOW_CTX_DAG_RUN_ID='scheduled__2024-11-23T00:00:00+00:00'
[2024-12-20T10:29:39.085+0000] {taskinstance.py:731} INFO - ::endgroup::
[2024-12-20T10:29:39.090+0000] {python.py:240} INFO - Done. Returned value was: Jerry
[2024-12-20T10:29:39.133+0000] {taskinstance.py:340} INFO - ::group::Post task execution logs
[2024-12-20T10:29:39.135+0000] {taskinstance.py:352} INFO - Marking task as SUCCESS. dag_id=dag_with_taskflow_api, task_id=get_name, run_id=scheduled__2024-11-23T00:00:00+00:00, execution_date=20241123T000000, start_date=20241220T102938, end_date=20241220T102939
[2024-12-20T10:29:39.202+0000] {local_task_job_runner.py:266} INFO - Task exited with return code 0
[2024-12-20T10:29:39.225+0000] {local_task_job_runner.py:245} INFO - ::endgroup::
