[2024-12-19T09:01:53.335+0000] {local_task_job_runner.py:123} INFO - ::group::Pre task execution logs
[2024-12-19T09:01:53.443+0000] {taskinstance.py:2613} INFO - Dependencies all met for dep_context=non-requeueable deps ti=<TaskInstance: our_first_dag_v2.second_task scheduled__2024-12-10T00:00:00+00:00 [queued]>
[2024-12-19T09:01:53.465+0000] {taskinstance.py:2613} INFO - Dependencies all met for dep_context=requeueable deps ti=<TaskInstance: our_first_dag_v2.second_task scheduled__2024-12-10T00:00:00+00:00 [queued]>
[2024-12-19T09:01:53.467+0000] {taskinstance.py:2866} INFO - Starting attempt 1 of 6
[2024-12-19T09:01:53.578+0000] {taskinstance.py:2889} INFO - Executing <Task(BashOperator): second_task> on 2024-12-10 00:00:00+00:00
[2024-12-19T09:01:53.657+0000] {logging_mixin.py:190} WARNING - /home/***/.local/lib/python3.12/site-packages/***/task/task_runner/standard_task_runner.py:70 DeprecationWarning: This process (pid=14235) is multi-threaded, use of fork() may lead to deadlocks in the child.
[2024-12-19T09:01:53.672+0000] {standard_task_runner.py:72} INFO - Started process 14260 to run task
[2024-12-19T09:01:53.640+0000] {standard_task_runner.py:104} INFO - Running: ['***', 'tasks', 'run', 'our_first_dag_v2', 'second_task', 'scheduled__2024-12-10T00:00:00+00:00', '--job-id', '3358', '--raw', '--subdir', 'DAGS_FOLDER/our_first_dag.py', '--cfg-path', '/tmp/tmpe_xvseg4']
[2024-12-19T09:01:53.676+0000] {standard_task_runner.py:105} INFO - Job 3358: Subtask second_task
[2024-12-19T09:01:53.906+0000] {task_command.py:467} INFO - Running <TaskInstance: our_first_dag_v2.second_task scheduled__2024-12-10T00:00:00+00:00 [running]> on host 8d142e9c83a7
[2024-12-19T09:01:54.257+0000] {taskinstance.py:3132} INFO - Exporting env vars: AIRFLOW_CTX_DAG_OWNER='mateo' AIRFLOW_CTX_DAG_ID='our_first_dag_v2' AIRFLOW_CTX_TASK_ID='second_task' AIRFLOW_CTX_EXECUTION_DATE='2024-12-10T00:00:00+00:00' AIRFLOW_CTX_TRY_NUMBER='1' AIRFLOW_CTX_DAG_RUN_ID='scheduled__2024-12-10T00:00:00+00:00'
[2024-12-19T09:01:54.261+0000] {taskinstance.py:731} INFO - ::endgroup::
[2024-12-19T09:01:54.369+0000] {subprocess.py:78} INFO - Tmp dir root location: /tmp
[2024-12-19T09:01:54.371+0000] {subprocess.py:88} INFO - Running command: ['/usr/bin/bash', '-c', 'echo I am the second task and i will me executed after first task']
[2024-12-19T09:01:54.428+0000] {subprocess.py:99} INFO - Output:
[2024-12-19T09:01:54.432+0000] {subprocess.py:106} INFO - I am the second task and i will me executed after first task
[2024-12-19T09:01:54.434+0000] {subprocess.py:110} INFO - Command exited with return code 0
[2024-12-19T09:01:54.519+0000] {taskinstance.py:340} INFO - ::group::Post task execution logs
[2024-12-19T09:01:54.521+0000] {taskinstance.py:352} INFO - Marking task as SUCCESS. dag_id=our_first_dag_v2, task_id=second_task, run_id=scheduled__2024-12-10T00:00:00+00:00, execution_date=20241210T000000, start_date=20241219T090153, end_date=20241219T090154
[2024-12-19T09:01:54.640+0000] {local_task_job_runner.py:266} INFO - Task exited with return code 0
[2024-12-19T09:01:54.669+0000] {taskinstance.py:3895} INFO - 0 downstream tasks scheduled from follow-on schedule check
[2024-12-19T09:01:54.677+0000] {local_task_job_runner.py:245} INFO - ::endgroup::
