[2024-12-19T13:51:12.765+0000] {local_task_job_runner.py:123} INFO - ::group::Pre task execution logs
[2024-12-19T13:51:12.785+0000] {taskinstance.py:2613} INFO - Dependencies all met for dep_context=non-requeueable deps ti=<TaskInstance: dag_with_taskflow_api.greet scheduled__2024-09-15T00:00:00+00:00 [queued]>
[2024-12-19T13:51:12.795+0000] {taskinstance.py:2613} INFO - Dependencies all met for dep_context=requeueable deps ti=<TaskInstance: dag_with_taskflow_api.greet scheduled__2024-09-15T00:00:00+00:00 [queued]>
[2024-12-19T13:51:12.797+0000] {taskinstance.py:2866} INFO - Starting attempt 1 of 6
[2024-12-19T13:51:12.811+0000] {taskinstance.py:2889} INFO - Executing <Task(_PythonDecoratedOperator): greet> on 2024-09-15 00:00:00+00:00
[2024-12-19T13:51:12.823+0000] {logging_mixin.py:190} WARNING - /home/***/.local/lib/python3.12/site-packages/***/task/task_runner/standard_task_runner.py:70 DeprecationWarning: This process (pid=16000) is multi-threaded, use of fork() may lead to deadlocks in the child.
[2024-12-19T13:51:12.826+0000] {standard_task_runner.py:72} INFO - Started process 16003 to run task
[2024-12-19T13:51:12.831+0000] {standard_task_runner.py:104} INFO - Running: ['***', 'tasks', 'run', 'dag_with_taskflow_api', 'greet', 'scheduled__2024-09-15T00:00:00+00:00', '--job-id', '4323', '--raw', '--subdir', 'DAGS_FOLDER/dag_with_taskflow_api.py', '--cfg-path', '/tmp/tmpassc4cit']
[2024-12-19T13:51:12.835+0000] {standard_task_runner.py:105} INFO - Job 4323: Subtask greet
[2024-12-19T13:51:12.897+0000] {task_command.py:467} INFO - Running <TaskInstance: dag_with_taskflow_api.greet scheduled__2024-09-15T00:00:00+00:00 [running]> on host 02d979add40a
[2024-12-19T13:51:13.023+0000] {taskinstance.py:3132} INFO - Exporting env vars: AIRFLOW_CTX_DAG_OWNER='mateo' AIRFLOW_CTX_DAG_ID='dag_with_taskflow_api' AIRFLOW_CTX_TASK_ID='greet' AIRFLOW_CTX_EXECUTION_DATE='2024-09-15T00:00:00+00:00' AIRFLOW_CTX_TRY_NUMBER='1' AIRFLOW_CTX_DAG_RUN_ID='scheduled__2024-09-15T00:00:00+00:00'
[2024-12-19T13:51:13.025+0000] {taskinstance.py:731} INFO - ::endgroup::
[2024-12-19T13:51:13.030+0000] {logging_mixin.py:190} INFO - My name is Jerry. I am 19 years old.
[2024-12-19T13:51:13.032+0000] {python.py:240} INFO - Done. Returned value was: None
[2024-12-19T13:51:13.044+0000] {taskinstance.py:340} INFO - ::group::Post task execution logs
[2024-12-19T13:51:13.046+0000] {taskinstance.py:352} INFO - Marking task as SUCCESS. dag_id=dag_with_taskflow_api, task_id=greet, run_id=scheduled__2024-09-15T00:00:00+00:00, execution_date=20240915T000000, start_date=20241219T135112, end_date=20241219T135113
[2024-12-19T13:51:13.126+0000] {local_task_job_runner.py:266} INFO - Task exited with return code 0
[2024-12-19T13:51:13.146+0000] {taskinstance.py:3895} INFO - 0 downstream tasks scheduled from follow-on schedule check
[2024-12-19T13:51:13.148+0000] {local_task_job_runner.py:245} INFO - ::endgroup::
[2024-12-20T10:28:47.307+0000] {local_task_job_runner.py:123} INFO - ::group::Pre task execution logs
[2024-12-20T10:28:47.335+0000] {taskinstance.py:2613} INFO - Dependencies all met for dep_context=non-requeueable deps ti=<TaskInstance: dag_with_taskflow_api.greet scheduled__2024-09-15T00:00:00+00:00 [queued]>
[2024-12-20T10:28:47.351+0000] {taskinstance.py:2613} INFO - Dependencies all met for dep_context=requeueable deps ti=<TaskInstance: dag_with_taskflow_api.greet scheduled__2024-09-15T00:00:00+00:00 [queued]>
[2024-12-20T10:28:47.355+0000] {taskinstance.py:2866} INFO - Starting attempt 1 of 6
[2024-12-20T10:28:47.388+0000] {taskinstance.py:2889} INFO - Executing <Task(_PythonDecoratedOperator): greet> on 2024-09-15 00:00:00+00:00
[2024-12-20T10:28:47.403+0000] {logging_mixin.py:190} WARNING - /home/***/.local/lib/python3.12/site-packages/***/task/task_runner/standard_task_runner.py:70 DeprecationWarning: This process (pid=12602) is multi-threaded, use of fork() may lead to deadlocks in the child.
[2024-12-20T10:28:47.411+0000] {standard_task_runner.py:72} INFO - Started process 12611 to run task
[2024-12-20T10:28:47.422+0000] {standard_task_runner.py:104} INFO - Running: ['***', 'tasks', 'run', 'dag_with_taskflow_api', 'greet', 'scheduled__2024-09-15T00:00:00+00:00', '--job-id', '4640', '--raw', '--subdir', 'DAGS_FOLDER/dag_with_taskflow_api.py', '--cfg-path', '/tmp/tmpi61hevba']
[2024-12-20T10:28:47.430+0000] {standard_task_runner.py:105} INFO - Job 4640: Subtask greet
[2024-12-20T10:28:47.529+0000] {task_command.py:467} INFO - Running <TaskInstance: dag_with_taskflow_api.greet scheduled__2024-09-15T00:00:00+00:00 [running]> on host a998b5b3d359
[2024-12-20T10:28:47.772+0000] {taskinstance.py:3132} INFO - Exporting env vars: AIRFLOW_CTX_DAG_OWNER='mateo' AIRFLOW_CTX_DAG_ID='dag_with_taskflow_api' AIRFLOW_CTX_TASK_ID='greet' AIRFLOW_CTX_EXECUTION_DATE='2024-09-15T00:00:00+00:00' AIRFLOW_CTX_TRY_NUMBER='1' AIRFLOW_CTX_DAG_RUN_ID='scheduled__2024-09-15T00:00:00+00:00'
[2024-12-20T10:28:47.777+0000] {taskinstance.py:731} INFO - ::endgroup::
[2024-12-20T10:28:47.785+0000] {logging_mixin.py:190} INFO - My name is Jerry. I am 19 years old.
[2024-12-20T10:28:47.791+0000] {python.py:240} INFO - Done. Returned value was: None
[2024-12-20T10:28:47.806+0000] {taskinstance.py:340} INFO - ::group::Post task execution logs
[2024-12-20T10:28:47.807+0000] {taskinstance.py:352} INFO - Marking task as SUCCESS. dag_id=dag_with_taskflow_api, task_id=greet, run_id=scheduled__2024-09-15T00:00:00+00:00, execution_date=20240915T000000, start_date=20241220T102847, end_date=20241220T102847
[2024-12-20T10:28:47.875+0000] {local_task_job_runner.py:266} INFO - Task exited with return code 0
[2024-12-20T10:28:47.906+0000] {taskinstance.py:3895} INFO - 0 downstream tasks scheduled from follow-on schedule check
[2024-12-20T10:28:47.914+0000] {local_task_job_runner.py:245} INFO - ::endgroup::
