[2024-12-19T13:52:16.089+0000] {local_task_job_runner.py:123} INFO - ::group::Pre task execution logs
[2024-12-19T13:52:16.167+0000] {taskinstance.py:2613} INFO - Dependencies all met for dep_context=non-requeueable deps ti=<TaskInstance: dag_with_taskflow_api.get_name scheduled__2024-12-07T00:00:00+00:00 [queued]>
[2024-12-19T13:52:16.199+0000] {taskinstance.py:2613} INFO - Dependencies all met for dep_context=requeueable deps ti=<TaskInstance: dag_with_taskflow_api.get_name scheduled__2024-12-07T00:00:00+00:00 [queued]>
[2024-12-19T13:52:16.202+0000] {taskinstance.py:2866} INFO - Starting attempt 1 of 6
[2024-12-19T13:52:16.390+0000] {taskinstance.py:2889} INFO - Executing <Task(_PythonDecoratedOperator): get_name> on 2024-12-07 00:00:00+00:00
[2024-12-19T13:52:16.406+0000] {logging_mixin.py:190} WARNING - /home/***/.local/lib/python3.12/site-packages/***/task/task_runner/standard_task_runner.py:70 DeprecationWarning: This process (pid=16761) is multi-threaded, use of fork() may lead to deadlocks in the child.
[2024-12-19T13:52:16.411+0000] {standard_task_runner.py:72} INFO - Started process 16778 to run task
[2024-12-19T13:52:16.414+0000] {standard_task_runner.py:104} INFO - Running: ['***', 'tasks', 'run', 'dag_with_taskflow_api', 'get_name', 'scheduled__2024-12-07T00:00:00+00:00', '--job-id', '4564', '--raw', '--subdir', 'DAGS_FOLDER/dag_with_taskflow_api.py', '--cfg-path', '/tmp/tmp9e8oi0xt']
[2024-12-19T13:52:16.419+0000] {standard_task_runner.py:105} INFO - Job 4564: Subtask get_name
[2024-12-19T13:52:16.534+0000] {task_command.py:467} INFO - Running <TaskInstance: dag_with_taskflow_api.get_name scheduled__2024-12-07T00:00:00+00:00 [running]> on host 02d979add40a
[2024-12-19T13:52:16.960+0000] {taskinstance.py:3132} INFO - Exporting env vars: AIRFLOW_CTX_DAG_OWNER='mateo' AIRFLOW_CTX_DAG_ID='dag_with_taskflow_api' AIRFLOW_CTX_TASK_ID='get_name' AIRFLOW_CTX_EXECUTION_DATE='2024-12-07T00:00:00+00:00' AIRFLOW_CTX_TRY_NUMBER='1' AIRFLOW_CTX_DAG_RUN_ID='scheduled__2024-12-07T00:00:00+00:00'
[2024-12-19T13:52:16.963+0000] {taskinstance.py:731} INFO - ::endgroup::
[2024-12-19T13:52:16.969+0000] {python.py:240} INFO - Done. Returned value was: Jerry
[2024-12-19T13:52:17.022+0000] {taskinstance.py:340} INFO - ::group::Post task execution logs
[2024-12-19T13:52:17.025+0000] {taskinstance.py:352} INFO - Marking task as SUCCESS. dag_id=dag_with_taskflow_api, task_id=get_name, run_id=scheduled__2024-12-07T00:00:00+00:00, execution_date=20241207T000000, start_date=20241219T135216, end_date=20241219T135217
[2024-12-19T13:52:17.124+0000] {local_task_job_runner.py:266} INFO - Task exited with return code 0
[2024-12-19T13:52:17.189+0000] {taskinstance.py:3895} INFO - 0 downstream tasks scheduled from follow-on schedule check
[2024-12-19T13:52:17.197+0000] {local_task_job_runner.py:245} INFO - ::endgroup::
[2024-12-20T10:29:47.062+0000] {local_task_job_runner.py:123} INFO - ::group::Pre task execution logs
[2024-12-20T10:29:47.125+0000] {taskinstance.py:2613} INFO - Dependencies all met for dep_context=non-requeueable deps ti=<TaskInstance: dag_with_taskflow_api.get_name scheduled__2024-12-07T00:00:00+00:00 [queued]>
[2024-12-20T10:29:47.173+0000] {taskinstance.py:2613} INFO - Dependencies all met for dep_context=requeueable deps ti=<TaskInstance: dag_with_taskflow_api.get_name scheduled__2024-12-07T00:00:00+00:00 [queued]>
[2024-12-20T10:29:47.174+0000] {taskinstance.py:2866} INFO - Starting attempt 1 of 6
[2024-12-20T10:29:47.400+0000] {taskinstance.py:2889} INFO - Executing <Task(_PythonDecoratedOperator): get_name> on 2024-12-07 00:00:00+00:00
[2024-12-20T10:29:47.412+0000] {standard_task_runner.py:104} INFO - Running: ['***', 'tasks', 'run', 'dag_with_taskflow_api', 'get_name', 'scheduled__2024-12-07T00:00:00+00:00', '--job-id', '4880', '--raw', '--subdir', 'DAGS_FOLDER/dag_with_taskflow_api.py', '--cfg-path', '/tmp/tmpuk4ribl_']
[2024-12-20T10:29:47.412+0000] {logging_mixin.py:190} WARNING - /home/***/.local/lib/python3.12/site-packages/***/task/task_runner/standard_task_runner.py:70 DeprecationWarning: This process (pid=13394) is multi-threaded, use of fork() may lead to deadlocks in the child.
[2024-12-20T10:29:47.424+0000] {standard_task_runner.py:105} INFO - Job 4880: Subtask get_name
[2024-12-20T10:29:47.426+0000] {standard_task_runner.py:72} INFO - Started process 13407 to run task
[2024-12-20T10:29:47.594+0000] {task_command.py:467} INFO - Running <TaskInstance: dag_with_taskflow_api.get_name scheduled__2024-12-07T00:00:00+00:00 [running]> on host a998b5b3d359
[2024-12-20T10:29:47.785+0000] {taskinstance.py:3132} INFO - Exporting env vars: AIRFLOW_CTX_DAG_OWNER='mateo' AIRFLOW_CTX_DAG_ID='dag_with_taskflow_api' AIRFLOW_CTX_TASK_ID='get_name' AIRFLOW_CTX_EXECUTION_DATE='2024-12-07T00:00:00+00:00' AIRFLOW_CTX_TRY_NUMBER='1' AIRFLOW_CTX_DAG_RUN_ID='scheduled__2024-12-07T00:00:00+00:00'
[2024-12-20T10:29:47.791+0000] {taskinstance.py:731} INFO - ::endgroup::
[2024-12-20T10:29:47.795+0000] {python.py:240} INFO - Done. Returned value was: Jerry
[2024-12-20T10:29:47.849+0000] {taskinstance.py:340} INFO - ::group::Post task execution logs
[2024-12-20T10:29:47.850+0000] {taskinstance.py:352} INFO - Marking task as SUCCESS. dag_id=dag_with_taskflow_api, task_id=get_name, run_id=scheduled__2024-12-07T00:00:00+00:00, execution_date=20241207T000000, start_date=20241220T102947, end_date=20241220T102947
[2024-12-20T10:29:47.915+0000] {local_task_job_runner.py:266} INFO - Task exited with return code 0
[2024-12-20T10:29:47.974+0000] {taskinstance.py:3895} INFO - 1 downstream tasks scheduled from follow-on schedule check
[2024-12-20T10:29:47.979+0000] {local_task_job_runner.py:245} INFO - ::endgroup::
