[2024-12-19T13:52:23.590+0000] {local_task_job_runner.py:123} INFO - ::group::Pre task execution logs
[2024-12-19T13:52:23.692+0000] {taskinstance.py:2613} INFO - Dependencies all met for dep_context=non-requeueable deps ti=<TaskInstance: dag_with_taskflow_api.greet scheduled__2024-12-13T00:00:00+00:00 [queued]>
[2024-12-19T13:52:23.721+0000] {taskinstance.py:2613} INFO - Dependencies all met for dep_context=requeueable deps ti=<TaskInstance: dag_with_taskflow_api.greet scheduled__2024-12-13T00:00:00+00:00 [queued]>
[2024-12-19T13:52:23.722+0000] {taskinstance.py:2866} INFO - Starting attempt 1 of 6
[2024-12-19T13:52:23.756+0000] {taskinstance.py:2889} INFO - Executing <Task(_PythonDecoratedOperator): greet> on 2024-12-13 00:00:00+00:00
[2024-12-19T13:52:23.789+0000] {logging_mixin.py:190} WARNING - /home/***/.local/lib/python3.12/site-packages/***/task/task_runner/standard_task_runner.py:70 DeprecationWarning: This process (pid=16864) is multi-threaded, use of fork() may lead to deadlocks in the child.
[2024-12-19T13:52:23.798+0000] {standard_task_runner.py:72} INFO - Started process 16877 to run task
[2024-12-19T13:52:23.805+0000] {standard_task_runner.py:104} INFO - Running: ['***', 'tasks', 'run', 'dag_with_taskflow_api', 'greet', 'scheduled__2024-12-13T00:00:00+00:00', '--job-id', '4595', '--raw', '--subdir', 'DAGS_FOLDER/dag_with_taskflow_api.py', '--cfg-path', '/tmp/tmpwfpmll9m']
[2024-12-19T13:52:23.832+0000] {standard_task_runner.py:105} INFO - Job 4595: Subtask greet
[2024-12-19T13:52:24.004+0000] {task_command.py:467} INFO - Running <TaskInstance: dag_with_taskflow_api.greet scheduled__2024-12-13T00:00:00+00:00 [running]> on host 02d979add40a
[2024-12-19T13:52:24.267+0000] {taskinstance.py:3132} INFO - Exporting env vars: AIRFLOW_CTX_DAG_OWNER='mateo' AIRFLOW_CTX_DAG_ID='dag_with_taskflow_api' AIRFLOW_CTX_TASK_ID='greet' AIRFLOW_CTX_EXECUTION_DATE='2024-12-13T00:00:00+00:00' AIRFLOW_CTX_TRY_NUMBER='1' AIRFLOW_CTX_DAG_RUN_ID='scheduled__2024-12-13T00:00:00+00:00'
[2024-12-19T13:52:24.271+0000] {taskinstance.py:731} INFO - ::endgroup::
[2024-12-19T13:52:24.274+0000] {logging_mixin.py:190} INFO - My name is Jerry. I am 19 years old.
[2024-12-19T13:52:24.277+0000] {python.py:240} INFO - Done. Returned value was: None
[2024-12-19T13:52:24.291+0000] {taskinstance.py:340} INFO - ::group::Post task execution logs
[2024-12-19T13:52:24.295+0000] {taskinstance.py:352} INFO - Marking task as SUCCESS. dag_id=dag_with_taskflow_api, task_id=greet, run_id=scheduled__2024-12-13T00:00:00+00:00, execution_date=20241213T000000, start_date=20241219T135223, end_date=20241219T135224
[2024-12-19T13:52:24.358+0000] {local_task_job_runner.py:266} INFO - Task exited with return code 0
[2024-12-19T13:52:24.393+0000] {taskinstance.py:3895} INFO - 0 downstream tasks scheduled from follow-on schedule check
[2024-12-19T13:52:24.404+0000] {local_task_job_runner.py:245} INFO - ::endgroup::
[2024-12-20T10:29:55.546+0000] {local_task_job_runner.py:123} INFO - ::group::Pre task execution logs
[2024-12-20T10:29:55.577+0000] {taskinstance.py:2613} INFO - Dependencies all met for dep_context=non-requeueable deps ti=<TaskInstance: dag_with_taskflow_api.greet scheduled__2024-12-13T00:00:00+00:00 [queued]>
[2024-12-20T10:29:55.591+0000] {taskinstance.py:2613} INFO - Dependencies all met for dep_context=requeueable deps ti=<TaskInstance: dag_with_taskflow_api.greet scheduled__2024-12-13T00:00:00+00:00 [queued]>
[2024-12-20T10:29:55.593+0000] {taskinstance.py:2866} INFO - Starting attempt 1 of 6
[2024-12-20T10:29:55.611+0000] {taskinstance.py:2889} INFO - Executing <Task(_PythonDecoratedOperator): greet> on 2024-12-13 00:00:00+00:00
[2024-12-20T10:29:55.630+0000] {logging_mixin.py:190} WARNING - /home/***/.local/lib/python3.12/site-packages/***/task/task_runner/standard_task_runner.py:70 DeprecationWarning: This process (pid=13490) is multi-threaded, use of fork() may lead to deadlocks in the child.
[2024-12-20T10:29:55.634+0000] {standard_task_runner.py:72} INFO - Started process 13496 to run task
[2024-12-20T10:29:55.639+0000] {standard_task_runner.py:104} INFO - Running: ['***', 'tasks', 'run', 'dag_with_taskflow_api', 'greet', 'scheduled__2024-12-13T00:00:00+00:00', '--job-id', '4909', '--raw', '--subdir', 'DAGS_FOLDER/dag_with_taskflow_api.py', '--cfg-path', '/tmp/tmpcw6flzny']
[2024-12-20T10:29:55.643+0000] {standard_task_runner.py:105} INFO - Job 4909: Subtask greet
[2024-12-20T10:29:55.719+0000] {task_command.py:467} INFO - Running <TaskInstance: dag_with_taskflow_api.greet scheduled__2024-12-13T00:00:00+00:00 [running]> on host a998b5b3d359
[2024-12-20T10:29:55.853+0000] {taskinstance.py:3132} INFO - Exporting env vars: AIRFLOW_CTX_DAG_OWNER='mateo' AIRFLOW_CTX_DAG_ID='dag_with_taskflow_api' AIRFLOW_CTX_TASK_ID='greet' AIRFLOW_CTX_EXECUTION_DATE='2024-12-13T00:00:00+00:00' AIRFLOW_CTX_TRY_NUMBER='1' AIRFLOW_CTX_DAG_RUN_ID='scheduled__2024-12-13T00:00:00+00:00'
[2024-12-20T10:29:55.855+0000] {taskinstance.py:731} INFO - ::endgroup::
[2024-12-20T10:29:55.858+0000] {logging_mixin.py:190} INFO - My name is Jerry. I am 19 years old.
[2024-12-20T10:29:55.859+0000] {python.py:240} INFO - Done. Returned value was: None
[2024-12-20T10:29:55.868+0000] {taskinstance.py:340} INFO - ::group::Post task execution logs
[2024-12-20T10:29:55.869+0000] {taskinstance.py:352} INFO - Marking task as SUCCESS. dag_id=dag_with_taskflow_api, task_id=greet, run_id=scheduled__2024-12-13T00:00:00+00:00, execution_date=20241213T000000, start_date=20241220T102955, end_date=20241220T102955
[2024-12-20T10:29:56.054+0000] {local_task_job_runner.py:266} INFO - Task exited with return code 0
[2024-12-20T10:29:56.073+0000] {taskinstance.py:3895} INFO - 0 downstream tasks scheduled from follow-on schedule check
[2024-12-20T10:29:56.080+0000] {local_task_job_runner.py:245} INFO - ::endgroup::
