[2024-12-19T13:51:35.019+0000] {local_task_job_runner.py:123} INFO - ::group::Pre task execution logs
[2024-12-19T13:51:35.113+0000] {taskinstance.py:2613} INFO - Dependencies all met for dep_context=non-requeueable deps ti=<TaskInstance: dag_with_taskflow_api.get_name scheduled__2024-10-16T00:00:00+00:00 [queued]>
[2024-12-19T13:51:35.151+0000] {taskinstance.py:2613} INFO - Dependencies all met for dep_context=requeueable deps ti=<TaskInstance: dag_with_taskflow_api.get_name scheduled__2024-10-16T00:00:00+00:00 [queued]>
[2024-12-19T13:51:35.154+0000] {taskinstance.py:2866} INFO - Starting attempt 1 of 6
[2024-12-19T13:51:35.358+0000] {taskinstance.py:2889} INFO - Executing <Task(_PythonDecoratedOperator): get_name> on 2024-10-16 00:00:00+00:00
[2024-12-19T13:51:35.399+0000] {logging_mixin.py:190} WARNING - /home/***/.local/lib/python3.12/site-packages/***/task/task_runner/standard_task_runner.py:70 DeprecationWarning: This process (pid=16245) is multi-threaded, use of fork() may lead to deadlocks in the child.
[2024-12-19T13:51:35.410+0000] {standard_task_runner.py:72} INFO - Started process 16263 to run task
[2024-12-19T13:51:35.401+0000] {standard_task_runner.py:104} INFO - Running: ['***', 'tasks', 'run', 'dag_with_taskflow_api', 'get_name', 'scheduled__2024-10-16T00:00:00+00:00', '--job-id', '4406', '--raw', '--subdir', 'DAGS_FOLDER/dag_with_taskflow_api.py', '--cfg-path', '/tmp/tmpy0hwa99m']
[2024-12-19T13:51:35.415+0000] {standard_task_runner.py:105} INFO - Job 4406: Subtask get_name
[2024-12-19T13:51:35.637+0000] {task_command.py:467} INFO - Running <TaskInstance: dag_with_taskflow_api.get_name scheduled__2024-10-16T00:00:00+00:00 [running]> on host 02d979add40a
[2024-12-19T13:51:35.968+0000] {taskinstance.py:3132} INFO - Exporting env vars: AIRFLOW_CTX_DAG_OWNER='mateo' AIRFLOW_CTX_DAG_ID='dag_with_taskflow_api' AIRFLOW_CTX_TASK_ID='get_name' AIRFLOW_CTX_EXECUTION_DATE='2024-10-16T00:00:00+00:00' AIRFLOW_CTX_TRY_NUMBER='1' AIRFLOW_CTX_DAG_RUN_ID='scheduled__2024-10-16T00:00:00+00:00'
[2024-12-19T13:51:35.973+0000] {taskinstance.py:731} INFO - ::endgroup::
[2024-12-19T13:51:35.979+0000] {python.py:240} INFO - Done. Returned value was: Jerry
[2024-12-19T13:51:36.049+0000] {taskinstance.py:340} INFO - ::group::Post task execution logs
[2024-12-19T13:51:36.050+0000] {taskinstance.py:352} INFO - Marking task as SUCCESS. dag_id=dag_with_taskflow_api, task_id=get_name, run_id=scheduled__2024-10-16T00:00:00+00:00, execution_date=20241016T000000, start_date=20241219T135135, end_date=20241219T135136
[2024-12-19T13:51:36.134+0000] {local_task_job_runner.py:266} INFO - Task exited with return code 0
[2024-12-19T13:51:36.152+0000] {local_task_job_runner.py:245} INFO - ::endgroup::
[2024-12-20T10:29:12.024+0000] {local_task_job_runner.py:123} INFO - ::group::Pre task execution logs
[2024-12-20T10:29:12.045+0000] {taskinstance.py:2613} INFO - Dependencies all met for dep_context=non-requeueable deps ti=<TaskInstance: dag_with_taskflow_api.get_name scheduled__2024-10-16T00:00:00+00:00 [queued]>
[2024-12-20T10:29:12.058+0000] {taskinstance.py:2613} INFO - Dependencies all met for dep_context=requeueable deps ti=<TaskInstance: dag_with_taskflow_api.get_name scheduled__2024-10-16T00:00:00+00:00 [queued]>
[2024-12-20T10:29:12.059+0000] {taskinstance.py:2866} INFO - Starting attempt 1 of 6
[2024-12-20T10:29:12.199+0000] {taskinstance.py:2889} INFO - Executing <Task(_PythonDecoratedOperator): get_name> on 2024-10-16 00:00:00+00:00
[2024-12-20T10:29:12.209+0000] {logging_mixin.py:190} WARNING - /home/***/.local/lib/python3.12/site-packages/***/task/task_runner/standard_task_runner.py:70 DeprecationWarning: This process (pid=12880) is multi-threaded, use of fork() may lead to deadlocks in the child.
[2024-12-20T10:29:12.211+0000] {standard_task_runner.py:72} INFO - Started process 12884 to run task
[2024-12-20T10:29:12.214+0000] {standard_task_runner.py:104} INFO - Running: ['***', 'tasks', 'run', 'dag_with_taskflow_api', 'get_name', 'scheduled__2024-10-16T00:00:00+00:00', '--job-id', '4728', '--raw', '--subdir', 'DAGS_FOLDER/dag_with_taskflow_api.py', '--cfg-path', '/tmp/tmpxtu7ixqd']
[2024-12-20T10:29:12.217+0000] {standard_task_runner.py:105} INFO - Job 4728: Subtask get_name
[2024-12-20T10:29:12.286+0000] {task_command.py:467} INFO - Running <TaskInstance: dag_with_taskflow_api.get_name scheduled__2024-10-16T00:00:00+00:00 [running]> on host a998b5b3d359
[2024-12-20T10:29:12.406+0000] {taskinstance.py:3132} INFO - Exporting env vars: AIRFLOW_CTX_DAG_OWNER='mateo' AIRFLOW_CTX_DAG_ID='dag_with_taskflow_api' AIRFLOW_CTX_TASK_ID='get_name' AIRFLOW_CTX_EXECUTION_DATE='2024-10-16T00:00:00+00:00' AIRFLOW_CTX_TRY_NUMBER='1' AIRFLOW_CTX_DAG_RUN_ID='scheduled__2024-10-16T00:00:00+00:00'
[2024-12-20T10:29:12.408+0000] {taskinstance.py:731} INFO - ::endgroup::
[2024-12-20T10:29:12.414+0000] {python.py:240} INFO - Done. Returned value was: Jerry
[2024-12-20T10:29:12.476+0000] {taskinstance.py:340} INFO - ::group::Post task execution logs
[2024-12-20T10:29:12.479+0000] {taskinstance.py:352} INFO - Marking task as SUCCESS. dag_id=dag_with_taskflow_api, task_id=get_name, run_id=scheduled__2024-10-16T00:00:00+00:00, execution_date=20241016T000000, start_date=20241220T102912, end_date=20241220T102912
[2024-12-20T10:29:12.553+0000] {local_task_job_runner.py:266} INFO - Task exited with return code 0
[2024-12-20T10:29:12.583+0000] {local_task_job_runner.py:245} INFO - ::endgroup::
