[2024-12-19T13:51:31.478+0000] {local_task_job_runner.py:123} INFO - ::group::Pre task execution logs
[2024-12-19T13:51:31.528+0000] {taskinstance.py:2613} INFO - Dependencies all met for dep_context=non-requeueable deps ti=<TaskInstance: dag_with_taskflow_api.get_age scheduled__2024-10-09T00:00:00+00:00 [queued]>
[2024-12-19T13:51:31.552+0000] {taskinstance.py:2613} INFO - Dependencies all met for dep_context=requeueable deps ti=<TaskInstance: dag_with_taskflow_api.get_age scheduled__2024-10-09T00:00:00+00:00 [queued]>
[2024-12-19T13:51:31.554+0000] {taskinstance.py:2866} INFO - Starting attempt 1 of 6
[2024-12-19T13:51:31.633+0000] {taskinstance.py:2889} INFO - Executing <Task(_PythonDecoratedOperator): get_age> on 2024-10-09 00:00:00+00:00
[2024-12-19T13:51:31.680+0000] {logging_mixin.py:190} WARNING - /home/***/.local/lib/python3.12/site-packages/***/task/task_runner/standard_task_runner.py:70 DeprecationWarning: This process (pid=16196) is multi-threaded, use of fork() may lead to deadlocks in the child.
[2024-12-19T13:51:31.678+0000] {standard_task_runner.py:104} INFO - Running: ['***', 'tasks', 'run', 'dag_with_taskflow_api', 'get_age', 'scheduled__2024-10-09T00:00:00+00:00', '--job-id', '4388', '--raw', '--subdir', 'DAGS_FOLDER/dag_with_taskflow_api.py', '--cfg-path', '/tmp/tmpfhxymhz8']
[2024-12-19T13:51:31.691+0000] {standard_task_runner.py:105} INFO - Job 4388: Subtask get_age
[2024-12-19T13:51:31.687+0000] {standard_task_runner.py:72} INFO - Started process 16209 to run task
[2024-12-19T13:51:31.830+0000] {task_command.py:467} INFO - Running <TaskInstance: dag_with_taskflow_api.get_age scheduled__2024-10-09T00:00:00+00:00 [running]> on host 02d979add40a
[2024-12-19T13:51:32.150+0000] {taskinstance.py:3132} INFO - Exporting env vars: AIRFLOW_CTX_DAG_OWNER='mateo' AIRFLOW_CTX_DAG_ID='dag_with_taskflow_api' AIRFLOW_CTX_TASK_ID='get_age' AIRFLOW_CTX_EXECUTION_DATE='2024-10-09T00:00:00+00:00' AIRFLOW_CTX_TRY_NUMBER='1' AIRFLOW_CTX_DAG_RUN_ID='scheduled__2024-10-09T00:00:00+00:00'
[2024-12-19T13:51:32.156+0000] {taskinstance.py:731} INFO - ::endgroup::
[2024-12-19T13:51:32.178+0000] {python.py:240} INFO - Done. Returned value was: 19
[2024-12-19T13:51:32.245+0000] {taskinstance.py:340} INFO - ::group::Post task execution logs
[2024-12-19T13:51:32.247+0000] {taskinstance.py:352} INFO - Marking task as SUCCESS. dag_id=dag_with_taskflow_api, task_id=get_age, run_id=scheduled__2024-10-09T00:00:00+00:00, execution_date=20241009T000000, start_date=20241219T135131, end_date=20241219T135132
[2024-12-19T13:51:32.339+0000] {local_task_job_runner.py:266} INFO - Task exited with return code 0
[2024-12-19T13:51:32.412+0000] {taskinstance.py:3895} INFO - 0 downstream tasks scheduled from follow-on schedule check
[2024-12-19T13:51:32.432+0000] {local_task_job_runner.py:245} INFO - ::endgroup::
[2024-12-20T10:29:06.573+0000] {local_task_job_runner.py:123} INFO - ::group::Pre task execution logs
[2024-12-20T10:29:06.615+0000] {taskinstance.py:2613} INFO - Dependencies all met for dep_context=non-requeueable deps ti=<TaskInstance: dag_with_taskflow_api.get_age scheduled__2024-10-09T00:00:00+00:00 [queued]>
[2024-12-20T10:29:06.633+0000] {taskinstance.py:2613} INFO - Dependencies all met for dep_context=requeueable deps ti=<TaskInstance: dag_with_taskflow_api.get_age scheduled__2024-10-09T00:00:00+00:00 [queued]>
[2024-12-20T10:29:06.634+0000] {taskinstance.py:2866} INFO - Starting attempt 1 of 6
[2024-12-20T10:29:06.663+0000] {taskinstance.py:2889} INFO - Executing <Task(_PythonDecoratedOperator): get_age> on 2024-10-09 00:00:00+00:00
[2024-12-20T10:29:06.696+0000] {logging_mixin.py:190} WARNING - /home/***/.local/lib/python3.12/site-packages/***/task/task_runner/standard_task_runner.py:70 DeprecationWarning: This process (pid=12806) is multi-threaded, use of fork() may lead to deadlocks in the child.
[2024-12-20T10:29:06.698+0000] {standard_task_runner.py:72} INFO - Started process 12817 to run task
[2024-12-20T10:29:06.696+0000] {standard_task_runner.py:104} INFO - Running: ['***', 'tasks', 'run', 'dag_with_taskflow_api', 'get_age', 'scheduled__2024-10-09T00:00:00+00:00', '--job-id', '4705', '--raw', '--subdir', 'DAGS_FOLDER/dag_with_taskflow_api.py', '--cfg-path', '/tmp/tmpwtfzyw4z']
[2024-12-20T10:29:06.702+0000] {standard_task_runner.py:105} INFO - Job 4705: Subtask get_age
[2024-12-20T10:29:06.794+0000] {task_command.py:467} INFO - Running <TaskInstance: dag_with_taskflow_api.get_age scheduled__2024-10-09T00:00:00+00:00 [running]> on host a998b5b3d359
[2024-12-20T10:29:06.895+0000] {taskinstance.py:3132} INFO - Exporting env vars: AIRFLOW_CTX_DAG_OWNER='mateo' AIRFLOW_CTX_DAG_ID='dag_with_taskflow_api' AIRFLOW_CTX_TASK_ID='get_age' AIRFLOW_CTX_EXECUTION_DATE='2024-10-09T00:00:00+00:00' AIRFLOW_CTX_TRY_NUMBER='1' AIRFLOW_CTX_DAG_RUN_ID='scheduled__2024-10-09T00:00:00+00:00'
[2024-12-20T10:29:06.897+0000] {taskinstance.py:731} INFO - ::endgroup::
[2024-12-20T10:29:06.904+0000] {python.py:240} INFO - Done. Returned value was: 19
[2024-12-20T10:29:06.940+0000] {taskinstance.py:340} INFO - ::group::Post task execution logs
[2024-12-20T10:29:06.943+0000] {taskinstance.py:352} INFO - Marking task as SUCCESS. dag_id=dag_with_taskflow_api, task_id=get_age, run_id=scheduled__2024-10-09T00:00:00+00:00, execution_date=20241009T000000, start_date=20241220T102906, end_date=20241220T102906
[2024-12-20T10:29:06.999+0000] {local_task_job_runner.py:266} INFO - Task exited with return code 0
[2024-12-20T10:29:07.024+0000] {local_task_job_runner.py:245} INFO - ::endgroup::
