[2024-12-19T13:51:10.525+0000] {local_task_job_runner.py:123} INFO - ::group::Pre task execution logs
[2024-12-19T13:51:10.552+0000] {taskinstance.py:2613} INFO - Dependencies all met for dep_context=non-requeueable deps ti=<TaskInstance: dag_with_taskflow_api.get_name scheduled__2024-09-15T00:00:00+00:00 [queued]>
[2024-12-19T13:51:10.572+0000] {taskinstance.py:2613} INFO - Dependencies all met for dep_context=requeueable deps ti=<TaskInstance: dag_with_taskflow_api.get_name scheduled__2024-09-15T00:00:00+00:00 [queued]>
[2024-12-19T13:51:10.574+0000] {taskinstance.py:2866} INFO - Starting attempt 1 of 6
[2024-12-19T13:51:10.644+0000] {taskinstance.py:2889} INFO - Executing <Task(_PythonDecoratedOperator): get_name> on 2024-09-15 00:00:00+00:00
[2024-12-19T13:51:10.693+0000] {logging_mixin.py:190} WARNING - /home/***/.local/lib/python3.12/site-packages/***/task/task_runner/standard_task_runner.py:70 DeprecationWarning: This process (pid=15950) is multi-threaded, use of fork() may lead to deadlocks in the child.
[2024-12-19T13:51:10.696+0000] {standard_task_runner.py:72} INFO - Started process 15970 to run task
[2024-12-19T13:51:10.708+0000] {standard_task_runner.py:104} INFO - Running: ['***', 'tasks', 'run', 'dag_with_taskflow_api', 'get_name', 'scheduled__2024-09-15T00:00:00+00:00', '--job-id', '4316', '--raw', '--subdir', 'DAGS_FOLDER/dag_with_taskflow_api.py', '--cfg-path', '/tmp/tmpv54w9rye']
[2024-12-19T13:51:10.718+0000] {standard_task_runner.py:105} INFO - Job 4316: Subtask get_name
[2024-12-19T13:51:10.910+0000] {task_command.py:467} INFO - Running <TaskInstance: dag_with_taskflow_api.get_name scheduled__2024-09-15T00:00:00+00:00 [running]> on host 02d979add40a
[2024-12-19T13:51:11.223+0000] {taskinstance.py:3132} INFO - Exporting env vars: AIRFLOW_CTX_DAG_OWNER='mateo' AIRFLOW_CTX_DAG_ID='dag_with_taskflow_api' AIRFLOW_CTX_TASK_ID='get_name' AIRFLOW_CTX_EXECUTION_DATE='2024-09-15T00:00:00+00:00' AIRFLOW_CTX_TRY_NUMBER='1' AIRFLOW_CTX_DAG_RUN_ID='scheduled__2024-09-15T00:00:00+00:00'
[2024-12-19T13:51:11.227+0000] {taskinstance.py:731} INFO - ::endgroup::
[2024-12-19T13:51:11.236+0000] {python.py:240} INFO - Done. Returned value was: Jerry
[2024-12-19T13:51:11.282+0000] {taskinstance.py:340} INFO - ::group::Post task execution logs
[2024-12-19T13:51:11.287+0000] {taskinstance.py:352} INFO - Marking task as SUCCESS. dag_id=dag_with_taskflow_api, task_id=get_name, run_id=scheduled__2024-09-15T00:00:00+00:00, execution_date=20240915T000000, start_date=20241219T135110, end_date=20241219T135111
[2024-12-19T13:51:11.344+0000] {local_task_job_runner.py:266} INFO - Task exited with return code 0
[2024-12-19T13:51:11.363+0000] {local_task_job_runner.py:245} INFO - ::endgroup::
[2024-12-20T10:28:45.789+0000] {local_task_job_runner.py:123} INFO - ::group::Pre task execution logs
[2024-12-20T10:28:45.826+0000] {taskinstance.py:2613} INFO - Dependencies all met for dep_context=non-requeueable deps ti=<TaskInstance: dag_with_taskflow_api.get_name scheduled__2024-09-15T00:00:00+00:00 [queued]>
[2024-12-20T10:28:45.843+0000] {taskinstance.py:2613} INFO - Dependencies all met for dep_context=requeueable deps ti=<TaskInstance: dag_with_taskflow_api.get_name scheduled__2024-09-15T00:00:00+00:00 [queued]>
[2024-12-20T10:28:45.859+0000] {taskinstance.py:2866} INFO - Starting attempt 1 of 6
[2024-12-20T10:28:45.893+0000] {taskinstance.py:2889} INFO - Executing <Task(_PythonDecoratedOperator): get_name> on 2024-09-15 00:00:00+00:00
[2024-12-20T10:28:45.926+0000] {logging_mixin.py:190} WARNING - /home/***/.local/lib/python3.12/site-packages/***/task/task_runner/standard_task_runner.py:70 DeprecationWarning: This process (pid=12578) is multi-threaded, use of fork() may lead to deadlocks in the child.
[2024-12-20T10:28:45.932+0000] {standard_task_runner.py:72} INFO - Started process 12586 to run task
[2024-12-20T10:28:45.918+0000] {standard_task_runner.py:104} INFO - Running: ['***', 'tasks', 'run', 'dag_with_taskflow_api', 'get_name', 'scheduled__2024-09-15T00:00:00+00:00', '--job-id', '4631', '--raw', '--subdir', 'DAGS_FOLDER/dag_with_taskflow_api.py', '--cfg-path', '/tmp/tmpjlejtwcn']
[2024-12-20T10:28:45.941+0000] {standard_task_runner.py:105} INFO - Job 4631: Subtask get_name
[2024-12-20T10:28:46.123+0000] {task_command.py:467} INFO - Running <TaskInstance: dag_with_taskflow_api.get_name scheduled__2024-09-15T00:00:00+00:00 [running]> on host a998b5b3d359
[2024-12-20T10:28:46.305+0000] {taskinstance.py:3132} INFO - Exporting env vars: AIRFLOW_CTX_DAG_OWNER='mateo' AIRFLOW_CTX_DAG_ID='dag_with_taskflow_api' AIRFLOW_CTX_TASK_ID='get_name' AIRFLOW_CTX_EXECUTION_DATE='2024-09-15T00:00:00+00:00' AIRFLOW_CTX_TRY_NUMBER='1' AIRFLOW_CTX_DAG_RUN_ID='scheduled__2024-09-15T00:00:00+00:00'
[2024-12-20T10:28:46.307+0000] {taskinstance.py:731} INFO - ::endgroup::
[2024-12-20T10:28:46.311+0000] {python.py:240} INFO - Done. Returned value was: Jerry
[2024-12-20T10:28:46.361+0000] {taskinstance.py:340} INFO - ::group::Post task execution logs
[2024-12-20T10:28:46.363+0000] {taskinstance.py:352} INFO - Marking task as SUCCESS. dag_id=dag_with_taskflow_api, task_id=get_name, run_id=scheduled__2024-09-15T00:00:00+00:00, execution_date=20240915T000000, start_date=20241220T102845, end_date=20241220T102846
[2024-12-20T10:28:46.458+0000] {local_task_job_runner.py:266} INFO - Task exited with return code 0
[2024-12-20T10:28:46.504+0000] {taskinstance.py:3895} INFO - 1 downstream tasks scheduled from follow-on schedule check
[2024-12-20T10:28:46.522+0000] {local_task_job_runner.py:245} INFO - ::endgroup::
