[2024-12-19T13:51:43.905+0000] {local_task_job_runner.py:123} INFO - ::group::Pre task execution logs
[2024-12-19T13:51:43.985+0000] {taskinstance.py:2613} INFO - Dependencies all met for dep_context=non-requeueable deps ti=<TaskInstance: dag_with_taskflow_api.get_name scheduled__2024-10-27T00:00:00+00:00 [queued]>
[2024-12-19T13:51:44.026+0000] {taskinstance.py:2613} INFO - Dependencies all met for dep_context=requeueable deps ti=<TaskInstance: dag_with_taskflow_api.get_name scheduled__2024-10-27T00:00:00+00:00 [queued]>
[2024-12-19T13:51:44.044+0000] {taskinstance.py:2866} INFO - Starting attempt 1 of 6
[2024-12-19T13:51:44.117+0000] {taskinstance.py:2889} INFO - Executing <Task(_PythonDecoratedOperator): get_name> on 2024-10-27 00:00:00+00:00
[2024-12-19T13:51:44.166+0000] {standard_task_runner.py:104} INFO - Running: ['***', 'tasks', 'run', 'dag_with_taskflow_api', 'get_name', 'scheduled__2024-10-27T00:00:00+00:00', '--job-id', '4441', '--raw', '--subdir', 'DAGS_FOLDER/dag_with_taskflow_api.py', '--cfg-path', '/tmp/tmp7i2f5r9l']
[2024-12-19T13:51:44.171+0000] {logging_mixin.py:190} WARNING - /home/***/.local/lib/python3.12/site-packages/***/task/task_runner/standard_task_runner.py:70 DeprecationWarning: This process (pid=16363) is multi-threaded, use of fork() may lead to deadlocks in the child.
[2024-12-19T13:51:44.177+0000] {standard_task_runner.py:105} INFO - Job 4441: Subtask get_name
[2024-12-19T13:51:44.179+0000] {standard_task_runner.py:72} INFO - Started process 16381 to run task
[2024-12-19T13:51:44.362+0000] {task_command.py:467} INFO - Running <TaskInstance: dag_with_taskflow_api.get_name scheduled__2024-10-27T00:00:00+00:00 [running]> on host 02d979add40a
[2024-12-19T13:51:44.626+0000] {taskinstance.py:3132} INFO - Exporting env vars: AIRFLOW_CTX_DAG_OWNER='mateo' AIRFLOW_CTX_DAG_ID='dag_with_taskflow_api' AIRFLOW_CTX_TASK_ID='get_name' AIRFLOW_CTX_EXECUTION_DATE='2024-10-27T00:00:00+00:00' AIRFLOW_CTX_TRY_NUMBER='1' AIRFLOW_CTX_DAG_RUN_ID='scheduled__2024-10-27T00:00:00+00:00'
[2024-12-19T13:51:44.634+0000] {taskinstance.py:731} INFO - ::endgroup::
[2024-12-19T13:51:44.660+0000] {python.py:240} INFO - Done. Returned value was: Jerry
[2024-12-19T13:51:44.722+0000] {taskinstance.py:340} INFO - ::group::Post task execution logs
[2024-12-19T13:51:44.770+0000] {taskinstance.py:352} INFO - Marking task as SUCCESS. dag_id=dag_with_taskflow_api, task_id=get_name, run_id=scheduled__2024-10-27T00:00:00+00:00, execution_date=20241027T000000, start_date=20241219T135143, end_date=20241219T135144
[2024-12-19T13:51:44.928+0000] {local_task_job_runner.py:266} INFO - Task exited with return code 0
[2024-12-19T13:51:44.968+0000] {taskinstance.py:3895} INFO - 0 downstream tasks scheduled from follow-on schedule check
[2024-12-19T13:51:44.973+0000] {local_task_job_runner.py:245} INFO - ::endgroup::
[2024-12-20T10:29:19.915+0000] {local_task_job_runner.py:123} INFO - ::group::Pre task execution logs
[2024-12-20T10:29:19.932+0000] {taskinstance.py:2613} INFO - Dependencies all met for dep_context=non-requeueable deps ti=<TaskInstance: dag_with_taskflow_api.get_name scheduled__2024-10-27T00:00:00+00:00 [queued]>
[2024-12-20T10:29:19.941+0000] {taskinstance.py:2613} INFO - Dependencies all met for dep_context=requeueable deps ti=<TaskInstance: dag_with_taskflow_api.get_name scheduled__2024-10-27T00:00:00+00:00 [queued]>
[2024-12-20T10:29:19.942+0000] {taskinstance.py:2866} INFO - Starting attempt 1 of 6
[2024-12-20T10:29:19.971+0000] {taskinstance.py:2889} INFO - Executing <Task(_PythonDecoratedOperator): get_name> on 2024-10-27 00:00:00+00:00
[2024-12-20T10:29:19.982+0000] {logging_mixin.py:190} WARNING - /home/***/.local/lib/python3.12/site-packages/***/task/task_runner/standard_task_runner.py:70 DeprecationWarning: This process (pid=13001) is multi-threaded, use of fork() may lead to deadlocks in the child.
[2024-12-20T10:29:19.985+0000] {standard_task_runner.py:72} INFO - Started process 13009 to run task
[2024-12-20T10:29:19.989+0000] {standard_task_runner.py:104} INFO - Running: ['***', 'tasks', 'run', 'dag_with_taskflow_api', 'get_name', 'scheduled__2024-10-27T00:00:00+00:00', '--job-id', '4759', '--raw', '--subdir', 'DAGS_FOLDER/dag_with_taskflow_api.py', '--cfg-path', '/tmp/tmpignau77g']
[2024-12-20T10:29:20.010+0000] {standard_task_runner.py:105} INFO - Job 4759: Subtask get_name
[2024-12-20T10:29:20.109+0000] {task_command.py:467} INFO - Running <TaskInstance: dag_with_taskflow_api.get_name scheduled__2024-10-27T00:00:00+00:00 [running]> on host a998b5b3d359
[2024-12-20T10:29:20.220+0000] {taskinstance.py:3132} INFO - Exporting env vars: AIRFLOW_CTX_DAG_OWNER='mateo' AIRFLOW_CTX_DAG_ID='dag_with_taskflow_api' AIRFLOW_CTX_TASK_ID='get_name' AIRFLOW_CTX_EXECUTION_DATE='2024-10-27T00:00:00+00:00' AIRFLOW_CTX_TRY_NUMBER='1' AIRFLOW_CTX_DAG_RUN_ID='scheduled__2024-10-27T00:00:00+00:00'
[2024-12-20T10:29:20.222+0000] {taskinstance.py:731} INFO - ::endgroup::
[2024-12-20T10:29:20.229+0000] {python.py:240} INFO - Done. Returned value was: Jerry
[2024-12-20T10:29:20.267+0000] {taskinstance.py:340} INFO - ::group::Post task execution logs
[2024-12-20T10:29:20.269+0000] {taskinstance.py:352} INFO - Marking task as SUCCESS. dag_id=dag_with_taskflow_api, task_id=get_name, run_id=scheduled__2024-10-27T00:00:00+00:00, execution_date=20241027T000000, start_date=20241220T102919, end_date=20241220T102920
[2024-12-20T10:29:20.328+0000] {local_task_job_runner.py:266} INFO - Task exited with return code 0
[2024-12-20T10:29:20.350+0000] {local_task_job_runner.py:245} INFO - ::endgroup::
