[2024-12-19T13:51:52.905+0000] {local_task_job_runner.py:123} INFO - ::group::Pre task execution logs
[2024-12-19T13:51:52.971+0000] {taskinstance.py:2613} INFO - Dependencies all met for dep_context=non-requeueable deps ti=<TaskInstance: dag_with_taskflow_api.get_name scheduled__2024-11-06T00:00:00+00:00 [queued]>
[2024-12-19T13:51:53.005+0000] {taskinstance.py:2613} INFO - Dependencies all met for dep_context=requeueable deps ti=<TaskInstance: dag_with_taskflow_api.get_name scheduled__2024-11-06T00:00:00+00:00 [queued]>
[2024-12-19T13:51:53.016+0000] {taskinstance.py:2866} INFO - Starting attempt 1 of 6
[2024-12-19T13:51:53.165+0000] {taskinstance.py:2889} INFO - Executing <Task(_PythonDecoratedOperator): get_name> on 2024-11-06 00:00:00+00:00
[2024-12-19T13:51:53.194+0000] {logging_mixin.py:190} WARNING - /home/***/.local/lib/python3.12/site-packages/***/task/task_runner/standard_task_runner.py:70 DeprecationWarning: This process (pid=16462) is multi-threaded, use of fork() may lead to deadlocks in the child.
[2024-12-19T13:51:53.210+0000] {standard_task_runner.py:72} INFO - Started process 16478 to run task
[2024-12-19T13:51:53.218+0000] {standard_task_runner.py:104} INFO - Running: ['***', 'tasks', 'run', 'dag_with_taskflow_api', 'get_name', 'scheduled__2024-11-06T00:00:00+00:00', '--job-id', '4471', '--raw', '--subdir', 'DAGS_FOLDER/dag_with_taskflow_api.py', '--cfg-path', '/tmp/tmp9j8t4i7j']
[2024-12-19T13:51:53.229+0000] {standard_task_runner.py:105} INFO - Job 4471: Subtask get_name
[2024-12-19T13:51:53.416+0000] {task_command.py:467} INFO - Running <TaskInstance: dag_with_taskflow_api.get_name scheduled__2024-11-06T00:00:00+00:00 [running]> on host 02d979add40a
[2024-12-19T13:51:53.668+0000] {taskinstance.py:3132} INFO - Exporting env vars: AIRFLOW_CTX_DAG_OWNER='mateo' AIRFLOW_CTX_DAG_ID='dag_with_taskflow_api' AIRFLOW_CTX_TASK_ID='get_name' AIRFLOW_CTX_EXECUTION_DATE='2024-11-06T00:00:00+00:00' AIRFLOW_CTX_TRY_NUMBER='1' AIRFLOW_CTX_DAG_RUN_ID='scheduled__2024-11-06T00:00:00+00:00'
[2024-12-19T13:51:53.674+0000] {taskinstance.py:731} INFO - ::endgroup::
[2024-12-19T13:51:53.679+0000] {python.py:240} INFO - Done. Returned value was: Jerry
[2024-12-19T13:51:53.726+0000] {taskinstance.py:340} INFO - ::group::Post task execution logs
[2024-12-19T13:51:53.727+0000] {taskinstance.py:352} INFO - Marking task as SUCCESS. dag_id=dag_with_taskflow_api, task_id=get_name, run_id=scheduled__2024-11-06T00:00:00+00:00, execution_date=20241106T000000, start_date=20241219T135152, end_date=20241219T135153
[2024-12-19T13:51:53.780+0000] {local_task_job_runner.py:266} INFO - Task exited with return code 0
[2024-12-19T13:51:53.811+0000] {local_task_job_runner.py:245} INFO - ::endgroup::
[2024-12-20T10:29:27.687+0000] {local_task_job_runner.py:123} INFO - ::group::Pre task execution logs
[2024-12-20T10:29:27.708+0000] {taskinstance.py:2613} INFO - Dependencies all met for dep_context=non-requeueable deps ti=<TaskInstance: dag_with_taskflow_api.get_name scheduled__2024-11-06T00:00:00+00:00 [queued]>
[2024-12-20T10:29:27.723+0000] {taskinstance.py:2613} INFO - Dependencies all met for dep_context=requeueable deps ti=<TaskInstance: dag_with_taskflow_api.get_name scheduled__2024-11-06T00:00:00+00:00 [queued]>
[2024-12-20T10:29:27.724+0000] {taskinstance.py:2866} INFO - Starting attempt 1 of 6
[2024-12-20T10:29:27.742+0000] {taskinstance.py:2889} INFO - Executing <Task(_PythonDecoratedOperator): get_name> on 2024-11-06 00:00:00+00:00
[2024-12-20T10:29:27.763+0000] {logging_mixin.py:190} WARNING - /home/***/.local/lib/python3.12/site-packages/***/task/task_runner/standard_task_runner.py:70 DeprecationWarning: This process (pid=13089) is multi-threaded, use of fork() may lead to deadlocks in the child.
[2024-12-20T10:29:27.766+0000] {standard_task_runner.py:72} INFO - Started process 13099 to run task
[2024-12-20T10:29:27.773+0000] {standard_task_runner.py:104} INFO - Running: ['***', 'tasks', 'run', 'dag_with_taskflow_api', 'get_name', 'scheduled__2024-11-06T00:00:00+00:00', '--job-id', '4788', '--raw', '--subdir', 'DAGS_FOLDER/dag_with_taskflow_api.py', '--cfg-path', '/tmp/tmpvmp5_7hf']
[2024-12-20T10:29:27.788+0000] {standard_task_runner.py:105} INFO - Job 4788: Subtask get_name
[2024-12-20T10:29:27.893+0000] {task_command.py:467} INFO - Running <TaskInstance: dag_with_taskflow_api.get_name scheduled__2024-11-06T00:00:00+00:00 [running]> on host a998b5b3d359
[2024-12-20T10:29:28.017+0000] {taskinstance.py:3132} INFO - Exporting env vars: AIRFLOW_CTX_DAG_OWNER='mateo' AIRFLOW_CTX_DAG_ID='dag_with_taskflow_api' AIRFLOW_CTX_TASK_ID='get_name' AIRFLOW_CTX_EXECUTION_DATE='2024-11-06T00:00:00+00:00' AIRFLOW_CTX_TRY_NUMBER='1' AIRFLOW_CTX_DAG_RUN_ID='scheduled__2024-11-06T00:00:00+00:00'
[2024-12-20T10:29:28.020+0000] {taskinstance.py:731} INFO - ::endgroup::
[2024-12-20T10:29:28.023+0000] {python.py:240} INFO - Done. Returned value was: Jerry
[2024-12-20T10:29:28.070+0000] {taskinstance.py:340} INFO - ::group::Post task execution logs
[2024-12-20T10:29:28.074+0000] {taskinstance.py:352} INFO - Marking task as SUCCESS. dag_id=dag_with_taskflow_api, task_id=get_name, run_id=scheduled__2024-11-06T00:00:00+00:00, execution_date=20241106T000000, start_date=20241220T102927, end_date=20241220T102928
[2024-12-20T10:29:28.160+0000] {local_task_job_runner.py:266} INFO - Task exited with return code 0
[2024-12-20T10:29:28.176+0000] {local_task_job_runner.py:245} INFO - ::endgroup::
