[2024-12-19T13:51:41.784+0000] {local_task_job_runner.py:123} INFO - ::group::Pre task execution logs
[2024-12-19T13:51:41.834+0000] {taskinstance.py:2613} INFO - Dependencies all met for dep_context=non-requeueable deps ti=<TaskInstance: dag_with_taskflow_api.get_name scheduled__2024-10-23T00:00:00+00:00 [queued]>
[2024-12-19T13:51:41.870+0000] {taskinstance.py:2613} INFO - Dependencies all met for dep_context=requeueable deps ti=<TaskInstance: dag_with_taskflow_api.get_name scheduled__2024-10-23T00:00:00+00:00 [queued]>
[2024-12-19T13:51:41.871+0000] {taskinstance.py:2866} INFO - Starting attempt 1 of 6
[2024-12-19T13:51:42.001+0000] {taskinstance.py:2889} INFO - Executing <Task(_PythonDecoratedOperator): get_name> on 2024-10-23 00:00:00+00:00
[2024-12-19T13:51:42.018+0000] {standard_task_runner.py:104} INFO - Running: ['***', 'tasks', 'run', 'dag_with_taskflow_api', 'get_name', 'scheduled__2024-10-23T00:00:00+00:00', '--job-id', '4427', '--raw', '--subdir', 'DAGS_FOLDER/dag_with_taskflow_api.py', '--cfg-path', '/tmp/tmptugcitwe']
[2024-12-19T13:51:42.016+0000] {logging_mixin.py:190} WARNING - /home/***/.local/lib/python3.12/site-packages/***/task/task_runner/standard_task_runner.py:70 DeprecationWarning: This process (pid=16312) is multi-threaded, use of fork() may lead to deadlocks in the child.
[2024-12-19T13:51:42.039+0000] {standard_task_runner.py:72} INFO - Started process 16325 to run task
[2024-12-19T13:51:42.037+0000] {standard_task_runner.py:105} INFO - Job 4427: Subtask get_name
[2024-12-19T13:51:42.270+0000] {task_command.py:467} INFO - Running <TaskInstance: dag_with_taskflow_api.get_name scheduled__2024-10-23T00:00:00+00:00 [running]> on host 02d979add40a
[2024-12-19T13:51:42.688+0000] {taskinstance.py:3132} INFO - Exporting env vars: AIRFLOW_CTX_DAG_OWNER='mateo' AIRFLOW_CTX_DAG_ID='dag_with_taskflow_api' AIRFLOW_CTX_TASK_ID='get_name' AIRFLOW_CTX_EXECUTION_DATE='2024-10-23T00:00:00+00:00' AIRFLOW_CTX_TRY_NUMBER='1' AIRFLOW_CTX_DAG_RUN_ID='scheduled__2024-10-23T00:00:00+00:00'
[2024-12-19T13:51:42.696+0000] {taskinstance.py:731} INFO - ::endgroup::
[2024-12-19T13:51:42.701+0000] {python.py:240} INFO - Done. Returned value was: Jerry
[2024-12-19T13:51:42.798+0000] {taskinstance.py:340} INFO - ::group::Post task execution logs
[2024-12-19T13:51:42.800+0000] {taskinstance.py:352} INFO - Marking task as SUCCESS. dag_id=dag_with_taskflow_api, task_id=get_name, run_id=scheduled__2024-10-23T00:00:00+00:00, execution_date=20241023T000000, start_date=20241219T135141, end_date=20241219T135142
[2024-12-19T13:51:42.911+0000] {local_task_job_runner.py:266} INFO - Task exited with return code 0
[2024-12-19T13:51:42.939+0000] {local_task_job_runner.py:245} INFO - ::endgroup::
[2024-12-20T10:29:14.703+0000] {local_task_job_runner.py:123} INFO - ::group::Pre task execution logs
[2024-12-20T10:29:14.738+0000] {taskinstance.py:2613} INFO - Dependencies all met for dep_context=non-requeueable deps ti=<TaskInstance: dag_with_taskflow_api.get_name scheduled__2024-10-23T00:00:00+00:00 [queued]>
[2024-12-20T10:29:14.771+0000] {taskinstance.py:2613} INFO - Dependencies all met for dep_context=requeueable deps ti=<TaskInstance: dag_with_taskflow_api.get_name scheduled__2024-10-23T00:00:00+00:00 [queued]>
[2024-12-20T10:29:14.774+0000] {taskinstance.py:2866} INFO - Starting attempt 1 of 6
[2024-12-20T10:29:14.812+0000] {taskinstance.py:2889} INFO - Executing <Task(_PythonDecoratedOperator): get_name> on 2024-10-23 00:00:00+00:00
[2024-12-20T10:29:14.872+0000] {standard_task_runner.py:104} INFO - Running: ['***', 'tasks', 'run', 'dag_with_taskflow_api', 'get_name', 'scheduled__2024-10-23T00:00:00+00:00', '--job-id', '4746', '--raw', '--subdir', 'DAGS_FOLDER/dag_with_taskflow_api.py', '--cfg-path', '/tmp/tmpanoxigam']
[2024-12-20T10:29:14.876+0000] {standard_task_runner.py:105} INFO - Job 4746: Subtask get_name
[2024-12-20T10:29:14.875+0000] {logging_mixin.py:190} WARNING - /home/***/.local/lib/python3.12/site-packages/***/task/task_runner/standard_task_runner.py:70 DeprecationWarning: This process (pid=12938) is multi-threaded, use of fork() may lead to deadlocks in the child.
[2024-12-20T10:29:14.885+0000] {standard_task_runner.py:72} INFO - Started process 12957 to run task
[2024-12-20T10:29:15.021+0000] {task_command.py:467} INFO - Running <TaskInstance: dag_with_taskflow_api.get_name scheduled__2024-10-23T00:00:00+00:00 [running]> on host a998b5b3d359
[2024-12-20T10:29:15.189+0000] {taskinstance.py:3132} INFO - Exporting env vars: AIRFLOW_CTX_DAG_OWNER='mateo' AIRFLOW_CTX_DAG_ID='dag_with_taskflow_api' AIRFLOW_CTX_TASK_ID='get_name' AIRFLOW_CTX_EXECUTION_DATE='2024-10-23T00:00:00+00:00' AIRFLOW_CTX_TRY_NUMBER='1' AIRFLOW_CTX_DAG_RUN_ID='scheduled__2024-10-23T00:00:00+00:00'
[2024-12-20T10:29:15.191+0000] {taskinstance.py:731} INFO - ::endgroup::
[2024-12-20T10:29:15.196+0000] {python.py:240} INFO - Done. Returned value was: Jerry
[2024-12-20T10:29:15.253+0000] {taskinstance.py:340} INFO - ::group::Post task execution logs
[2024-12-20T10:29:15.255+0000] {taskinstance.py:352} INFO - Marking task as SUCCESS. dag_id=dag_with_taskflow_api, task_id=get_name, run_id=scheduled__2024-10-23T00:00:00+00:00, execution_date=20241023T000000, start_date=20241220T102914, end_date=20241220T102915
[2024-12-20T10:29:15.318+0000] {local_task_job_runner.py:266} INFO - Task exited with return code 0
[2024-12-20T10:29:15.359+0000] {taskinstance.py:3895} INFO - 1 downstream tasks scheduled from follow-on schedule check
[2024-12-20T10:29:15.362+0000] {local_task_job_runner.py:245} INFO - ::endgroup::
