[2024-12-19T13:52:15.473+0000] {local_task_job_runner.py:123} INFO - ::group::Pre task execution logs
[2024-12-19T13:52:15.557+0000] {taskinstance.py:2613} INFO - Dependencies all met for dep_context=non-requeueable deps ti=<TaskInstance: dag_with_taskflow_api.greet scheduled__2024-11-30T00:00:00+00:00 [queued]>
[2024-12-19T13:52:15.603+0000] {taskinstance.py:2613} INFO - Dependencies all met for dep_context=requeueable deps ti=<TaskInstance: dag_with_taskflow_api.greet scheduled__2024-11-30T00:00:00+00:00 [queued]>
[2024-12-19T13:52:15.609+0000] {taskinstance.py:2866} INFO - Starting attempt 1 of 6
[2024-12-19T13:52:15.698+0000] {taskinstance.py:2889} INFO - Executing <Task(_PythonDecoratedOperator): greet> on 2024-11-30 00:00:00+00:00
[2024-12-19T13:52:15.743+0000] {logging_mixin.py:190} WARNING - /home/***/.local/lib/python3.12/site-packages/***/task/task_runner/standard_task_runner.py:70 DeprecationWarning: This process (pid=16750) is multi-threaded, use of fork() may lead to deadlocks in the child.
[2024-12-19T13:52:15.760+0000] {standard_task_runner.py:72} INFO - Started process 16767 to run task
[2024-12-19T13:52:15.761+0000] {standard_task_runner.py:104} INFO - Running: ['***', 'tasks', 'run', 'dag_with_taskflow_api', 'greet', 'scheduled__2024-11-30T00:00:00+00:00', '--job-id', '4560', '--raw', '--subdir', 'DAGS_FOLDER/dag_with_taskflow_api.py', '--cfg-path', '/tmp/tmprttoh1vz']
[2024-12-19T13:52:15.778+0000] {standard_task_runner.py:105} INFO - Job 4560: Subtask greet
[2024-12-19T13:52:16.036+0000] {task_command.py:467} INFO - Running <TaskInstance: dag_with_taskflow_api.greet scheduled__2024-11-30T00:00:00+00:00 [running]> on host 02d979add40a
[2024-12-19T13:52:16.397+0000] {taskinstance.py:3132} INFO - Exporting env vars: AIRFLOW_CTX_DAG_OWNER='mateo' AIRFLOW_CTX_DAG_ID='dag_with_taskflow_api' AIRFLOW_CTX_TASK_ID='greet' AIRFLOW_CTX_EXECUTION_DATE='2024-11-30T00:00:00+00:00' AIRFLOW_CTX_TRY_NUMBER='1' AIRFLOW_CTX_DAG_RUN_ID='scheduled__2024-11-30T00:00:00+00:00'
[2024-12-19T13:52:16.402+0000] {taskinstance.py:731} INFO - ::endgroup::
[2024-12-19T13:52:16.409+0000] {logging_mixin.py:190} INFO - My name is Jerry. I am 19 years old.
[2024-12-19T13:52:16.426+0000] {python.py:240} INFO - Done. Returned value was: None
[2024-12-19T13:52:16.450+0000] {taskinstance.py:340} INFO - ::group::Post task execution logs
[2024-12-19T13:52:16.454+0000] {taskinstance.py:352} INFO - Marking task as SUCCESS. dag_id=dag_with_taskflow_api, task_id=greet, run_id=scheduled__2024-11-30T00:00:00+00:00, execution_date=20241130T000000, start_date=20241219T135215, end_date=20241219T135216
[2024-12-19T13:52:16.604+0000] {local_task_job_runner.py:266} INFO - Task exited with return code 0
[2024-12-19T13:52:16.661+0000] {taskinstance.py:3895} INFO - 0 downstream tasks scheduled from follow-on schedule check
[2024-12-19T13:52:16.677+0000] {local_task_job_runner.py:245} INFO - ::endgroup::
[2024-12-20T10:29:44.913+0000] {local_task_job_runner.py:123} INFO - ::group::Pre task execution logs
[2024-12-20T10:29:44.962+0000] {taskinstance.py:2613} INFO - Dependencies all met for dep_context=non-requeueable deps ti=<TaskInstance: dag_with_taskflow_api.greet scheduled__2024-11-30T00:00:00+00:00 [queued]>
[2024-12-20T10:29:44.977+0000] {taskinstance.py:2613} INFO - Dependencies all met for dep_context=requeueable deps ti=<TaskInstance: dag_with_taskflow_api.greet scheduled__2024-11-30T00:00:00+00:00 [queued]>
[2024-12-20T10:29:44.980+0000] {taskinstance.py:2866} INFO - Starting attempt 1 of 6
[2024-12-20T10:29:45.017+0000] {taskinstance.py:2889} INFO - Executing <Task(_PythonDecoratedOperator): greet> on 2024-11-30 00:00:00+00:00
[2024-12-20T10:29:45.034+0000] {standard_task_runner.py:104} INFO - Running: ['***', 'tasks', 'run', 'dag_with_taskflow_api', 'greet', 'scheduled__2024-11-30T00:00:00+00:00', '--job-id', '4869', '--raw', '--subdir', 'DAGS_FOLDER/dag_with_taskflow_api.py', '--cfg-path', '/tmp/tmpo_h2o8id']
[2024-12-20T10:29:45.039+0000] {standard_task_runner.py:105} INFO - Job 4869: Subtask greet
[2024-12-20T10:29:45.039+0000] {logging_mixin.py:190} WARNING - /home/***/.local/lib/python3.12/site-packages/***/task/task_runner/standard_task_runner.py:70 DeprecationWarning: This process (pid=13350) is multi-threaded, use of fork() may lead to deadlocks in the child.
[2024-12-20T10:29:45.050+0000] {standard_task_runner.py:72} INFO - Started process 13357 to run task
[2024-12-20T10:29:45.137+0000] {task_command.py:467} INFO - Running <TaskInstance: dag_with_taskflow_api.greet scheduled__2024-11-30T00:00:00+00:00 [running]> on host a998b5b3d359
[2024-12-20T10:29:45.284+0000] {taskinstance.py:3132} INFO - Exporting env vars: AIRFLOW_CTX_DAG_OWNER='mateo' AIRFLOW_CTX_DAG_ID='dag_with_taskflow_api' AIRFLOW_CTX_TASK_ID='greet' AIRFLOW_CTX_EXECUTION_DATE='2024-11-30T00:00:00+00:00' AIRFLOW_CTX_TRY_NUMBER='1' AIRFLOW_CTX_DAG_RUN_ID='scheduled__2024-11-30T00:00:00+00:00'
[2024-12-20T10:29:45.286+0000] {taskinstance.py:731} INFO - ::endgroup::
[2024-12-20T10:29:45.291+0000] {logging_mixin.py:190} INFO - My name is Jerry. I am 19 years old.
[2024-12-20T10:29:45.293+0000] {python.py:240} INFO - Done. Returned value was: None
[2024-12-20T10:29:45.343+0000] {taskinstance.py:340} INFO - ::group::Post task execution logs
[2024-12-20T10:29:45.345+0000] {taskinstance.py:352} INFO - Marking task as SUCCESS. dag_id=dag_with_taskflow_api, task_id=greet, run_id=scheduled__2024-11-30T00:00:00+00:00, execution_date=20241130T000000, start_date=20241220T102944, end_date=20241220T102945
[2024-12-20T10:29:45.451+0000] {local_task_job_runner.py:266} INFO - Task exited with return code 0
[2024-12-20T10:29:45.486+0000] {taskinstance.py:3895} INFO - 0 downstream tasks scheduled from follow-on schedule check
[2024-12-20T10:29:45.495+0000] {local_task_job_runner.py:245} INFO - ::endgroup::
