[2024-12-19T13:51:42.165+0000] {local_task_job_runner.py:123} INFO - ::group::Pre task execution logs
[2024-12-19T13:51:42.239+0000] {taskinstance.py:2613} INFO - Dependencies all met for dep_context=non-requeueable deps ti=<TaskInstance: dag_with_taskflow_api.get_age scheduled__2024-10-24T00:00:00+00:00 [queued]>
[2024-12-19T13:51:42.281+0000] {taskinstance.py:2613} INFO - Dependencies all met for dep_context=requeueable deps ti=<TaskInstance: dag_with_taskflow_api.get_age scheduled__2024-10-24T00:00:00+00:00 [queued]>
[2024-12-19T13:51:42.282+0000] {taskinstance.py:2866} INFO - Starting attempt 1 of 6
[2024-12-19T13:51:42.339+0000] {taskinstance.py:2889} INFO - Executing <Task(_PythonDecoratedOperator): get_age> on 2024-10-24 00:00:00+00:00
[2024-12-19T13:51:42.386+0000] {logging_mixin.py:190} WARNING - /home/***/.local/lib/python3.12/site-packages/***/task/task_runner/standard_task_runner.py:70 DeprecationWarning: This process (pid=16318) is multi-threaded, use of fork() may lead to deadlocks in the child.
[2024-12-19T13:51:42.394+0000] {standard_task_runner.py:72} INFO - Started process 16338 to run task
[2024-12-19T13:51:42.440+0000] {standard_task_runner.py:104} INFO - Running: ['***', 'tasks', 'run', 'dag_with_taskflow_api', 'get_age', 'scheduled__2024-10-24T00:00:00+00:00', '--job-id', '4431', '--raw', '--subdir', 'DAGS_FOLDER/dag_with_taskflow_api.py', '--cfg-path', '/tmp/tmpzoidh6co']
[2024-12-19T13:51:42.450+0000] {standard_task_runner.py:105} INFO - Job 4431: Subtask get_age
[2024-12-19T13:51:42.636+0000] {task_command.py:467} INFO - Running <TaskInstance: dag_with_taskflow_api.get_age scheduled__2024-10-24T00:00:00+00:00 [running]> on host 02d979add40a
[2024-12-19T13:51:42.989+0000] {taskinstance.py:3132} INFO - Exporting env vars: AIRFLOW_CTX_DAG_OWNER='mateo' AIRFLOW_CTX_DAG_ID='dag_with_taskflow_api' AIRFLOW_CTX_TASK_ID='get_age' AIRFLOW_CTX_EXECUTION_DATE='2024-10-24T00:00:00+00:00' AIRFLOW_CTX_TRY_NUMBER='1' AIRFLOW_CTX_DAG_RUN_ID='scheduled__2024-10-24T00:00:00+00:00'
[2024-12-19T13:51:42.993+0000] {taskinstance.py:731} INFO - ::endgroup::
[2024-12-19T13:51:43.010+0000] {python.py:240} INFO - Done. Returned value was: 19
[2024-12-19T13:51:43.056+0000] {taskinstance.py:340} INFO - ::group::Post task execution logs
[2024-12-19T13:51:43.060+0000] {taskinstance.py:352} INFO - Marking task as SUCCESS. dag_id=dag_with_taskflow_api, task_id=get_age, run_id=scheduled__2024-10-24T00:00:00+00:00, execution_date=20241024T000000, start_date=20241219T135142, end_date=20241219T135143
[2024-12-19T13:51:43.155+0000] {local_task_job_runner.py:266} INFO - Task exited with return code 0
[2024-12-19T13:51:43.197+0000] {taskinstance.py:3895} INFO - 0 downstream tasks scheduled from follow-on schedule check
[2024-12-19T13:51:43.210+0000] {local_task_job_runner.py:245} INFO - ::endgroup::
[2024-12-20T10:29:15.183+0000] {local_task_job_runner.py:123} INFO - ::group::Pre task execution logs
[2024-12-20T10:29:15.215+0000] {taskinstance.py:2613} INFO - Dependencies all met for dep_context=non-requeueable deps ti=<TaskInstance: dag_with_taskflow_api.get_age scheduled__2024-10-24T00:00:00+00:00 [queued]>
[2024-12-20T10:29:15.228+0000] {taskinstance.py:2613} INFO - Dependencies all met for dep_context=requeueable deps ti=<TaskInstance: dag_with_taskflow_api.get_age scheduled__2024-10-24T00:00:00+00:00 [queued]>
[2024-12-20T10:29:15.229+0000] {taskinstance.py:2866} INFO - Starting attempt 1 of 6
[2024-12-20T10:29:15.252+0000] {taskinstance.py:2889} INFO - Executing <Task(_PythonDecoratedOperator): get_age> on 2024-10-24 00:00:00+00:00
[2024-12-20T10:29:15.277+0000] {logging_mixin.py:190} WARNING - /home/***/.local/lib/python3.12/site-packages/***/task/task_runner/standard_task_runner.py:70 DeprecationWarning: This process (pid=12956) is multi-threaded, use of fork() may lead to deadlocks in the child.
[2024-12-20T10:29:15.283+0000] {standard_task_runner.py:72} INFO - Started process 12968 to run task
[2024-12-20T10:29:15.283+0000] {standard_task_runner.py:104} INFO - Running: ['***', 'tasks', 'run', 'dag_with_taskflow_api', 'get_age', 'scheduled__2024-10-24T00:00:00+00:00', '--job-id', '4747', '--raw', '--subdir', 'DAGS_FOLDER/dag_with_taskflow_api.py', '--cfg-path', '/tmp/tmpevetou04']
[2024-12-20T10:29:15.294+0000] {standard_task_runner.py:105} INFO - Job 4747: Subtask get_age
[2024-12-20T10:29:15.381+0000] {task_command.py:467} INFO - Running <TaskInstance: dag_with_taskflow_api.get_age scheduled__2024-10-24T00:00:00+00:00 [running]> on host a998b5b3d359
[2024-12-20T10:29:15.512+0000] {taskinstance.py:3132} INFO - Exporting env vars: AIRFLOW_CTX_DAG_OWNER='mateo' AIRFLOW_CTX_DAG_ID='dag_with_taskflow_api' AIRFLOW_CTX_TASK_ID='get_age' AIRFLOW_CTX_EXECUTION_DATE='2024-10-24T00:00:00+00:00' AIRFLOW_CTX_TRY_NUMBER='1' AIRFLOW_CTX_DAG_RUN_ID='scheduled__2024-10-24T00:00:00+00:00'
[2024-12-20T10:29:15.514+0000] {taskinstance.py:731} INFO - ::endgroup::
[2024-12-20T10:29:15.518+0000] {python.py:240} INFO - Done. Returned value was: 19
[2024-12-20T10:29:15.549+0000] {taskinstance.py:340} INFO - ::group::Post task execution logs
[2024-12-20T10:29:15.554+0000] {taskinstance.py:352} INFO - Marking task as SUCCESS. dag_id=dag_with_taskflow_api, task_id=get_age, run_id=scheduled__2024-10-24T00:00:00+00:00, execution_date=20241024T000000, start_date=20241220T102915, end_date=20241220T102915
[2024-12-20T10:29:15.629+0000] {local_task_job_runner.py:266} INFO - Task exited with return code 0
[2024-12-20T10:29:15.673+0000] {taskinstance.py:3895} INFO - 1 downstream tasks scheduled from follow-on schedule check
[2024-12-20T10:29:15.681+0000] {local_task_job_runner.py:245} INFO - ::endgroup::
