[2024-12-19T13:52:14.563+0000] {local_task_job_runner.py:123} INFO - ::group::Pre task execution logs
[2024-12-19T13:52:14.639+0000] {taskinstance.py:2613} INFO - Dependencies all met for dep_context=non-requeueable deps ti=<TaskInstance: dag_with_taskflow_api.get_age scheduled__2024-12-04T00:00:00+00:00 [queued]>
[2024-12-19T13:52:14.689+0000] {taskinstance.py:2613} INFO - Dependencies all met for dep_context=requeueable deps ti=<TaskInstance: dag_with_taskflow_api.get_age scheduled__2024-12-04T00:00:00+00:00 [queued]>
[2024-12-19T13:52:14.690+0000] {taskinstance.py:2866} INFO - Starting attempt 1 of 6
[2024-12-19T13:52:14.738+0000] {taskinstance.py:2889} INFO - Executing <Task(_PythonDecoratedOperator): get_age> on 2024-12-04 00:00:00+00:00
[2024-12-19T13:52:14.771+0000] {logging_mixin.py:190} WARNING - /home/***/.local/lib/python3.12/site-packages/***/task/task_runner/standard_task_runner.py:70 DeprecationWarning: This process (pid=16727) is multi-threaded, use of fork() may lead to deadlocks in the child.
[2024-12-19T13:52:14.777+0000] {standard_task_runner.py:72} INFO - Started process 16753 to run task
[2024-12-19T13:52:14.805+0000] {standard_task_runner.py:104} INFO - Running: ['***', 'tasks', 'run', 'dag_with_taskflow_api', 'get_age', 'scheduled__2024-12-04T00:00:00+00:00', '--job-id', '4554', '--raw', '--subdir', 'DAGS_FOLDER/dag_with_taskflow_api.py', '--cfg-path', '/tmp/tmpqqoukrlv']
[2024-12-19T13:52:14.829+0000] {standard_task_runner.py:105} INFO - Job 4554: Subtask get_age
[2024-12-19T13:52:15.052+0000] {task_command.py:467} INFO - Running <TaskInstance: dag_with_taskflow_api.get_age scheduled__2024-12-04T00:00:00+00:00 [running]> on host 02d979add40a
[2024-12-19T13:52:15.490+0000] {taskinstance.py:3132} INFO - Exporting env vars: AIRFLOW_CTX_DAG_OWNER='mateo' AIRFLOW_CTX_DAG_ID='dag_with_taskflow_api' AIRFLOW_CTX_TASK_ID='get_age' AIRFLOW_CTX_EXECUTION_DATE='2024-12-04T00:00:00+00:00' AIRFLOW_CTX_TRY_NUMBER='1' AIRFLOW_CTX_DAG_RUN_ID='scheduled__2024-12-04T00:00:00+00:00'
[2024-12-19T13:52:15.494+0000] {taskinstance.py:731} INFO - ::endgroup::
[2024-12-19T13:52:15.504+0000] {python.py:240} INFO - Done. Returned value was: 19
[2024-12-19T13:52:15.591+0000] {taskinstance.py:340} INFO - ::group::Post task execution logs
[2024-12-19T13:52:15.594+0000] {taskinstance.py:352} INFO - Marking task as SUCCESS. dag_id=dag_with_taskflow_api, task_id=get_age, run_id=scheduled__2024-12-04T00:00:00+00:00, execution_date=20241204T000000, start_date=20241219T135214, end_date=20241219T135215
[2024-12-19T13:52:15.744+0000] {local_task_job_runner.py:266} INFO - Task exited with return code 0
[2024-12-19T13:52:15.847+0000] {taskinstance.py:3895} INFO - 1 downstream tasks scheduled from follow-on schedule check
[2024-12-19T13:52:15.855+0000] {local_task_job_runner.py:245} INFO - ::endgroup::
[2024-12-20T10:29:45.180+0000] {local_task_job_runner.py:123} INFO - ::group::Pre task execution logs
[2024-12-20T10:29:45.209+0000] {taskinstance.py:2613} INFO - Dependencies all met for dep_context=non-requeueable deps ti=<TaskInstance: dag_with_taskflow_api.get_age scheduled__2024-12-04T00:00:00+00:00 [queued]>
[2024-12-20T10:29:45.220+0000] {taskinstance.py:2613} INFO - Dependencies all met for dep_context=requeueable deps ti=<TaskInstance: dag_with_taskflow_api.get_age scheduled__2024-12-04T00:00:00+00:00 [queued]>
[2024-12-20T10:29:45.221+0000] {taskinstance.py:2866} INFO - Starting attempt 1 of 6
[2024-12-20T10:29:45.240+0000] {taskinstance.py:2889} INFO - Executing <Task(_PythonDecoratedOperator): get_age> on 2024-12-04 00:00:00+00:00
[2024-12-20T10:29:45.252+0000] {logging_mixin.py:190} WARNING - /home/***/.local/lib/python3.12/site-packages/***/task/task_runner/standard_task_runner.py:70 DeprecationWarning: This process (pid=13353) is multi-threaded, use of fork() may lead to deadlocks in the child.
[2024-12-20T10:29:45.257+0000] {standard_task_runner.py:72} INFO - Started process 13359 to run task
[2024-12-20T10:29:45.254+0000] {standard_task_runner.py:104} INFO - Running: ['***', 'tasks', 'run', 'dag_with_taskflow_api', 'get_age', 'scheduled__2024-12-04T00:00:00+00:00', '--job-id', '4871', '--raw', '--subdir', 'DAGS_FOLDER/dag_with_taskflow_api.py', '--cfg-path', '/tmp/tmpydi5p72h']
[2024-12-20T10:29:45.268+0000] {standard_task_runner.py:105} INFO - Job 4871: Subtask get_age
[2024-12-20T10:29:45.461+0000] {task_command.py:467} INFO - Running <TaskInstance: dag_with_taskflow_api.get_age scheduled__2024-12-04T00:00:00+00:00 [running]> on host a998b5b3d359
[2024-12-20T10:29:46.038+0000] {taskinstance.py:3132} INFO - Exporting env vars: AIRFLOW_CTX_DAG_OWNER='mateo' AIRFLOW_CTX_DAG_ID='dag_with_taskflow_api' AIRFLOW_CTX_TASK_ID='get_age' AIRFLOW_CTX_EXECUTION_DATE='2024-12-04T00:00:00+00:00' AIRFLOW_CTX_TRY_NUMBER='1' AIRFLOW_CTX_DAG_RUN_ID='scheduled__2024-12-04T00:00:00+00:00'
[2024-12-20T10:29:46.042+0000] {taskinstance.py:731} INFO - ::endgroup::
[2024-12-20T10:29:46.045+0000] {python.py:240} INFO - Done. Returned value was: 19
[2024-12-20T10:29:46.099+0000] {taskinstance.py:340} INFO - ::group::Post task execution logs
[2024-12-20T10:29:46.102+0000] {taskinstance.py:352} INFO - Marking task as SUCCESS. dag_id=dag_with_taskflow_api, task_id=get_age, run_id=scheduled__2024-12-04T00:00:00+00:00, execution_date=20241204T000000, start_date=20241220T102945, end_date=20241220T102946
[2024-12-20T10:29:46.204+0000] {local_task_job_runner.py:266} INFO - Task exited with return code 0
[2024-12-20T10:29:46.237+0000] {local_task_job_runner.py:245} INFO - ::endgroup::
