[2024-12-19T09:01:10.741+0000] {local_task_job_runner.py:123} INFO - ::group::Pre task execution logs
[2024-12-19T09:01:10.771+0000] {taskinstance.py:2613} INFO - Dependencies all met for dep_context=non-requeueable deps ti=<TaskInstance: our_first_dag_v2.third_task scheduled__2024-10-10T00:00:00+00:00 [queued]>
[2024-12-19T09:01:10.792+0000] {taskinstance.py:2613} INFO - Dependencies all met for dep_context=requeueable deps ti=<TaskInstance: our_first_dag_v2.third_task scheduled__2024-10-10T00:00:00+00:00 [queued]>
[2024-12-19T09:01:10.793+0000] {taskinstance.py:2866} INFO - Starting attempt 1 of 6
[2024-12-19T09:01:10.812+0000] {taskinstance.py:2889} INFO - Executing <Task(BashOperator): third_task> on 2024-10-10 00:00:00+00:00
[2024-12-19T09:01:10.822+0000] {logging_mixin.py:190} WARNING - /home/***/.local/lib/python3.12/site-packages/***/task/task_runner/standard_task_runner.py:70 DeprecationWarning: This process (pid=13488) is multi-threaded, use of fork() may lead to deadlocks in the child.
[2024-12-19T09:01:10.827+0000] {standard_task_runner.py:72} INFO - Started process 13491 to run task
[2024-12-19T09:01:10.835+0000] {standard_task_runner.py:104} INFO - Running: ['***', 'tasks', 'run', 'our_first_dag_v2', 'third_task', 'scheduled__2024-10-10T00:00:00+00:00', '--job-id', '3166', '--raw', '--subdir', 'DAGS_FOLDER/our_first_dag.py', '--cfg-path', '/tmp/tmptyrxwv7r']
[2024-12-19T09:01:10.840+0000] {standard_task_runner.py:105} INFO - Job 3166: Subtask third_task
[2024-12-19T09:01:10.924+0000] {task_command.py:467} INFO - Running <TaskInstance: our_first_dag_v2.third_task scheduled__2024-10-10T00:00:00+00:00 [running]> on host 8d142e9c83a7
[2024-12-19T09:01:11.081+0000] {taskinstance.py:3132} INFO - Exporting env vars: AIRFLOW_CTX_DAG_OWNER='mateo' AIRFLOW_CTX_DAG_ID='our_first_dag_v2' AIRFLOW_CTX_TASK_ID='third_task' AIRFLOW_CTX_EXECUTION_DATE='2024-10-10T00:00:00+00:00' AIRFLOW_CTX_TRY_NUMBER='1' AIRFLOW_CTX_DAG_RUN_ID='scheduled__2024-10-10T00:00:00+00:00'
[2024-12-19T09:01:11.083+0000] {taskinstance.py:731} INFO - ::endgroup::
[2024-12-19T09:01:11.116+0000] {subprocess.py:78} INFO - Tmp dir root location: /tmp
[2024-12-19T09:01:11.118+0000] {subprocess.py:88} INFO - Running command: ['/usr/bin/bash', '-c', 'echo I am the third task and I will be executed at the same time as the second task.']
[2024-12-19T09:01:11.153+0000] {subprocess.py:99} INFO - Output:
[2024-12-19T09:01:11.158+0000] {subprocess.py:106} INFO - I am the third task and I will be executed at the same time as the second task.
[2024-12-19T09:01:11.159+0000] {subprocess.py:110} INFO - Command exited with return code 0
[2024-12-19T09:01:11.196+0000] {taskinstance.py:340} INFO - ::group::Post task execution logs
[2024-12-19T09:01:11.197+0000] {taskinstance.py:352} INFO - Marking task as SUCCESS. dag_id=our_first_dag_v2, task_id=third_task, run_id=scheduled__2024-10-10T00:00:00+00:00, execution_date=20241010T000000, start_date=20241219T090110, end_date=20241219T090111
[2024-12-19T09:01:11.250+0000] {local_task_job_runner.py:266} INFO - Task exited with return code 0
[2024-12-19T09:01:11.267+0000] {taskinstance.py:3895} INFO - 0 downstream tasks scheduled from follow-on schedule check
[2024-12-19T09:01:11.278+0000] {local_task_job_runner.py:245} INFO - ::endgroup::
