[2024-12-19T13:52:13.917+0000] {local_task_job_runner.py:123} INFO - ::group::Pre task execution logs
[2024-12-19T13:52:13.984+0000] {taskinstance.py:2613} INFO - Dependencies all met for dep_context=non-requeueable deps ti=<TaskInstance: dag_with_taskflow_api.get_age scheduled__2024-12-03T00:00:00+00:00 [queued]>
[2024-12-19T13:52:14.003+0000] {taskinstance.py:2613} INFO - Dependencies all met for dep_context=requeueable deps ti=<TaskInstance: dag_with_taskflow_api.get_age scheduled__2024-12-03T00:00:00+00:00 [queued]>
[2024-12-19T13:52:14.004+0000] {taskinstance.py:2866} INFO - Starting attempt 1 of 6
[2024-12-19T13:52:14.076+0000] {taskinstance.py:2889} INFO - Executing <Task(_PythonDecoratedOperator): get_age> on 2024-12-03 00:00:00+00:00
[2024-12-19T13:52:14.090+0000] {logging_mixin.py:190} WARNING - /home/***/.local/lib/python3.12/site-packages/***/task/task_runner/standard_task_runner.py:70 DeprecationWarning: This process (pid=16720) is multi-threaded, use of fork() may lead to deadlocks in the child.
[2024-12-19T13:52:14.096+0000] {standard_task_runner.py:72} INFO - Started process 16736 to run task
[2024-12-19T13:52:14.111+0000] {standard_task_runner.py:104} INFO - Running: ['***', 'tasks', 'run', 'dag_with_taskflow_api', 'get_age', 'scheduled__2024-12-03T00:00:00+00:00', '--job-id', '4551', '--raw', '--subdir', 'DAGS_FOLDER/dag_with_taskflow_api.py', '--cfg-path', '/tmp/tmp82uv1vhh']
[2024-12-19T13:52:14.125+0000] {standard_task_runner.py:105} INFO - Job 4551: Subtask get_age
[2024-12-19T13:52:14.328+0000] {task_command.py:467} INFO - Running <TaskInstance: dag_with_taskflow_api.get_age scheduled__2024-12-03T00:00:00+00:00 [running]> on host 02d979add40a
[2024-12-19T13:52:14.756+0000] {taskinstance.py:3132} INFO - Exporting env vars: AIRFLOW_CTX_DAG_OWNER='mateo' AIRFLOW_CTX_DAG_ID='dag_with_taskflow_api' AIRFLOW_CTX_TASK_ID='get_age' AIRFLOW_CTX_EXECUTION_DATE='2024-12-03T00:00:00+00:00' AIRFLOW_CTX_TRY_NUMBER='1' AIRFLOW_CTX_DAG_RUN_ID='scheduled__2024-12-03T00:00:00+00:00'
[2024-12-19T13:52:14.761+0000] {taskinstance.py:731} INFO - ::endgroup::
[2024-12-19T13:52:14.781+0000] {python.py:240} INFO - Done. Returned value was: 19
[2024-12-19T13:52:14.834+0000] {taskinstance.py:340} INFO - ::group::Post task execution logs
[2024-12-19T13:52:14.836+0000] {taskinstance.py:352} INFO - Marking task as SUCCESS. dag_id=dag_with_taskflow_api, task_id=get_age, run_id=scheduled__2024-12-03T00:00:00+00:00, execution_date=20241203T000000, start_date=20241219T135213, end_date=20241219T135214
[2024-12-19T13:52:15.142+0000] {local_task_job_runner.py:266} INFO - Task exited with return code 0
[2024-12-19T13:52:15.166+0000] {local_task_job_runner.py:245} INFO - ::endgroup::
[2024-12-20T10:29:44.960+0000] {local_task_job_runner.py:123} INFO - ::group::Pre task execution logs
[2024-12-20T10:29:45.008+0000] {taskinstance.py:2613} INFO - Dependencies all met for dep_context=non-requeueable deps ti=<TaskInstance: dag_with_taskflow_api.get_age scheduled__2024-12-03T00:00:00+00:00 [queued]>
[2024-12-20T10:29:45.021+0000] {taskinstance.py:2613} INFO - Dependencies all met for dep_context=requeueable deps ti=<TaskInstance: dag_with_taskflow_api.get_age scheduled__2024-12-03T00:00:00+00:00 [queued]>
[2024-12-20T10:29:45.026+0000] {taskinstance.py:2866} INFO - Starting attempt 1 of 6
[2024-12-20T10:29:45.270+0000] {taskinstance.py:2889} INFO - Executing <Task(_PythonDecoratedOperator): get_age> on 2024-12-03 00:00:00+00:00
[2024-12-20T10:29:45.289+0000] {logging_mixin.py:190} WARNING - /home/***/.local/lib/python3.12/site-packages/***/task/task_runner/standard_task_runner.py:70 DeprecationWarning: This process (pid=13346) is multi-threaded, use of fork() may lead to deadlocks in the child.
[2024-12-20T10:29:45.298+0000] {standard_task_runner.py:72} INFO - Started process 13361 to run task
[2024-12-20T10:29:45.296+0000] {standard_task_runner.py:104} INFO - Running: ['***', 'tasks', 'run', 'dag_with_taskflow_api', 'get_age', 'scheduled__2024-12-03T00:00:00+00:00', '--job-id', '4870', '--raw', '--subdir', 'DAGS_FOLDER/dag_with_taskflow_api.py', '--cfg-path', '/tmp/tmpmdtouws_']
[2024-12-20T10:29:45.312+0000] {standard_task_runner.py:105} INFO - Job 4870: Subtask get_age
[2024-12-20T10:29:45.483+0000] {task_command.py:467} INFO - Running <TaskInstance: dag_with_taskflow_api.get_age scheduled__2024-12-03T00:00:00+00:00 [running]> on host a998b5b3d359
[2024-12-20T10:29:45.624+0000] {taskinstance.py:3132} INFO - Exporting env vars: AIRFLOW_CTX_DAG_OWNER='mateo' AIRFLOW_CTX_DAG_ID='dag_with_taskflow_api' AIRFLOW_CTX_TASK_ID='get_age' AIRFLOW_CTX_EXECUTION_DATE='2024-12-03T00:00:00+00:00' AIRFLOW_CTX_TRY_NUMBER='1' AIRFLOW_CTX_DAG_RUN_ID='scheduled__2024-12-03T00:00:00+00:00'
[2024-12-20T10:29:45.627+0000] {taskinstance.py:731} INFO - ::endgroup::
[2024-12-20T10:29:45.631+0000] {python.py:240} INFO - Done. Returned value was: 19
[2024-12-20T10:29:45.666+0000] {taskinstance.py:340} INFO - ::group::Post task execution logs
[2024-12-20T10:29:45.667+0000] {taskinstance.py:352} INFO - Marking task as SUCCESS. dag_id=dag_with_taskflow_api, task_id=get_age, run_id=scheduled__2024-12-03T00:00:00+00:00, execution_date=20241203T000000, start_date=20241220T102945, end_date=20241220T102945
[2024-12-20T10:29:45.729+0000] {local_task_job_runner.py:266} INFO - Task exited with return code 0
[2024-12-20T10:29:45.748+0000] {local_task_job_runner.py:245} INFO - ::endgroup::
