[2024-12-19T13:51:49.753+0000] {local_task_job_runner.py:123} INFO - ::group::Pre task execution logs
[2024-12-19T13:51:49.784+0000] {taskinstance.py:2613} INFO - Dependencies all met for dep_context=non-requeueable deps ti=<TaskInstance: dag_with_taskflow_api.get_name scheduled__2024-10-29T00:00:00+00:00 [queued]>
[2024-12-19T13:51:49.806+0000] {taskinstance.py:2613} INFO - Dependencies all met for dep_context=requeueable deps ti=<TaskInstance: dag_with_taskflow_api.get_name scheduled__2024-10-29T00:00:00+00:00 [queued]>
[2024-12-19T13:51:49.808+0000] {taskinstance.py:2866} INFO - Starting attempt 1 of 6
[2024-12-19T13:51:49.833+0000] {taskinstance.py:2889} INFO - Executing <Task(_PythonDecoratedOperator): get_name> on 2024-10-29 00:00:00+00:00
[2024-12-19T13:51:49.848+0000] {logging_mixin.py:190} WARNING - /home/***/.local/lib/python3.12/site-packages/***/task/task_runner/standard_task_runner.py:70 DeprecationWarning: This process (pid=16405) is multi-threaded, use of fork() may lead to deadlocks in the child.
[2024-12-19T13:51:49.850+0000] {standard_task_runner.py:72} INFO - Started process 16410 to run task
[2024-12-19T13:51:49.855+0000] {standard_task_runner.py:104} INFO - Running: ['***', 'tasks', 'run', 'dag_with_taskflow_api', 'get_name', 'scheduled__2024-10-29T00:00:00+00:00', '--job-id', '4450', '--raw', '--subdir', 'DAGS_FOLDER/dag_with_taskflow_api.py', '--cfg-path', '/tmp/tmpxba2nm0d']
[2024-12-19T13:51:49.863+0000] {standard_task_runner.py:105} INFO - Job 4450: Subtask get_name
[2024-12-19T13:51:50.004+0000] {task_command.py:467} INFO - Running <TaskInstance: dag_with_taskflow_api.get_name scheduled__2024-10-29T00:00:00+00:00 [running]> on host 02d979add40a
[2024-12-19T13:51:50.299+0000] {taskinstance.py:3132} INFO - Exporting env vars: AIRFLOW_CTX_DAG_OWNER='mateo' AIRFLOW_CTX_DAG_ID='dag_with_taskflow_api' AIRFLOW_CTX_TASK_ID='get_name' AIRFLOW_CTX_EXECUTION_DATE='2024-10-29T00:00:00+00:00' AIRFLOW_CTX_TRY_NUMBER='1' AIRFLOW_CTX_DAG_RUN_ID='scheduled__2024-10-29T00:00:00+00:00'
[2024-12-19T13:51:50.303+0000] {taskinstance.py:731} INFO - ::endgroup::
[2024-12-19T13:51:50.316+0000] {python.py:240} INFO - Done. Returned value was: Jerry
[2024-12-19T13:51:50.402+0000] {taskinstance.py:340} INFO - ::group::Post task execution logs
[2024-12-19T13:51:50.404+0000] {taskinstance.py:352} INFO - Marking task as SUCCESS. dag_id=dag_with_taskflow_api, task_id=get_name, run_id=scheduled__2024-10-29T00:00:00+00:00, execution_date=20241029T000000, start_date=20241219T135149, end_date=20241219T135150
[2024-12-19T13:51:50.451+0000] {local_task_job_runner.py:266} INFO - Task exited with return code 0
[2024-12-19T13:51:50.475+0000] {local_task_job_runner.py:245} INFO - ::endgroup::
[2024-12-20T10:29:20.520+0000] {local_task_job_runner.py:123} INFO - ::group::Pre task execution logs
[2024-12-20T10:29:20.541+0000] {taskinstance.py:2613} INFO - Dependencies all met for dep_context=non-requeueable deps ti=<TaskInstance: dag_with_taskflow_api.get_name scheduled__2024-10-29T00:00:00+00:00 [queued]>
[2024-12-20T10:29:20.554+0000] {taskinstance.py:2613} INFO - Dependencies all met for dep_context=requeueable deps ti=<TaskInstance: dag_with_taskflow_api.get_name scheduled__2024-10-29T00:00:00+00:00 [queued]>
[2024-12-20T10:29:20.556+0000] {taskinstance.py:2866} INFO - Starting attempt 1 of 6
[2024-12-20T10:29:20.568+0000] {taskinstance.py:2889} INFO - Executing <Task(_PythonDecoratedOperator): get_name> on 2024-10-29 00:00:00+00:00
[2024-12-20T10:29:20.579+0000] {logging_mixin.py:190} WARNING - /home/***/.local/lib/python3.12/site-packages/***/task/task_runner/standard_task_runner.py:70 DeprecationWarning: This process (pid=13013) is multi-threaded, use of fork() may lead to deadlocks in the child.
[2024-12-20T10:29:20.581+0000] {standard_task_runner.py:72} INFO - Started process 13020 to run task
[2024-12-20T10:29:20.580+0000] {standard_task_runner.py:104} INFO - Running: ['***', 'tasks', 'run', 'dag_with_taskflow_api', 'get_name', 'scheduled__2024-10-29T00:00:00+00:00', '--job-id', '4762', '--raw', '--subdir', 'DAGS_FOLDER/dag_with_taskflow_api.py', '--cfg-path', '/tmp/tmp4qhuqzx0']
[2024-12-20T10:29:20.593+0000] {standard_task_runner.py:105} INFO - Job 4762: Subtask get_name
[2024-12-20T10:29:20.705+0000] {task_command.py:467} INFO - Running <TaskInstance: dag_with_taskflow_api.get_name scheduled__2024-10-29T00:00:00+00:00 [running]> on host a998b5b3d359
[2024-12-20T10:29:20.834+0000] {taskinstance.py:3132} INFO - Exporting env vars: AIRFLOW_CTX_DAG_OWNER='mateo' AIRFLOW_CTX_DAG_ID='dag_with_taskflow_api' AIRFLOW_CTX_TASK_ID='get_name' AIRFLOW_CTX_EXECUTION_DATE='2024-10-29T00:00:00+00:00' AIRFLOW_CTX_TRY_NUMBER='1' AIRFLOW_CTX_DAG_RUN_ID='scheduled__2024-10-29T00:00:00+00:00'
[2024-12-20T10:29:20.838+0000] {taskinstance.py:731} INFO - ::endgroup::
[2024-12-20T10:29:20.842+0000] {python.py:240} INFO - Done. Returned value was: Jerry
[2024-12-20T10:29:20.881+0000] {taskinstance.py:340} INFO - ::group::Post task execution logs
[2024-12-20T10:29:20.882+0000] {taskinstance.py:352} INFO - Marking task as SUCCESS. dag_id=dag_with_taskflow_api, task_id=get_name, run_id=scheduled__2024-10-29T00:00:00+00:00, execution_date=20241029T000000, start_date=20241220T102920, end_date=20241220T102920
[2024-12-20T10:29:20.923+0000] {local_task_job_runner.py:266} INFO - Task exited with return code 0
[2024-12-20T10:29:20.939+0000] {local_task_job_runner.py:245} INFO - ::endgroup::
