[2024-12-19T13:51:17.796+0000] {local_task_job_runner.py:123} INFO - ::group::Pre task execution logs
[2024-12-19T13:51:17.880+0000] {taskinstance.py:2613} INFO - Dependencies all met for dep_context=non-requeueable deps ti=<TaskInstance: dag_with_taskflow_api.get_name scheduled__2024-09-24T00:00:00+00:00 [queued]>
[2024-12-19T13:51:17.933+0000] {taskinstance.py:2613} INFO - Dependencies all met for dep_context=requeueable deps ti=<TaskInstance: dag_with_taskflow_api.get_name scheduled__2024-09-24T00:00:00+00:00 [queued]>
[2024-12-19T13:51:17.939+0000] {taskinstance.py:2866} INFO - Starting attempt 1 of 6
[2024-12-19T13:51:17.990+0000] {taskinstance.py:2889} INFO - Executing <Task(_PythonDecoratedOperator): get_name> on 2024-09-24 00:00:00+00:00
[2024-12-19T13:51:18.022+0000] {logging_mixin.py:190} WARNING - /home/***/.local/lib/python3.12/site-packages/***/task/task_runner/standard_task_runner.py:70 DeprecationWarning: This process (pid=16043) is multi-threaded, use of fork() may lead to deadlocks in the child.
[2024-12-19T13:51:18.031+0000] {standard_task_runner.py:72} INFO - Started process 16057 to run task
[2024-12-19T13:51:18.048+0000] {standard_task_runner.py:104} INFO - Running: ['***', 'tasks', 'run', 'dag_with_taskflow_api', 'get_name', 'scheduled__2024-09-24T00:00:00+00:00', '--job-id', '4339', '--raw', '--subdir', 'DAGS_FOLDER/dag_with_taskflow_api.py', '--cfg-path', '/tmp/tmpd5xi08ti']
[2024-12-19T13:51:18.057+0000] {standard_task_runner.py:105} INFO - Job 4339: Subtask get_name
[2024-12-19T13:51:18.325+0000] {task_command.py:467} INFO - Running <TaskInstance: dag_with_taskflow_api.get_name scheduled__2024-09-24T00:00:00+00:00 [running]> on host 02d979add40a
[2024-12-19T13:51:18.600+0000] {taskinstance.py:3132} INFO - Exporting env vars: AIRFLOW_CTX_DAG_OWNER='mateo' AIRFLOW_CTX_DAG_ID='dag_with_taskflow_api' AIRFLOW_CTX_TASK_ID='get_name' AIRFLOW_CTX_EXECUTION_DATE='2024-09-24T00:00:00+00:00' AIRFLOW_CTX_TRY_NUMBER='1' AIRFLOW_CTX_DAG_RUN_ID='scheduled__2024-09-24T00:00:00+00:00'
[2024-12-19T13:51:18.608+0000] {taskinstance.py:731} INFO - ::endgroup::
[2024-12-19T13:51:18.637+0000] {python.py:240} INFO - Done. Returned value was: Jerry
[2024-12-19T13:51:18.744+0000] {taskinstance.py:340} INFO - ::group::Post task execution logs
[2024-12-19T13:51:18.746+0000] {taskinstance.py:352} INFO - Marking task as SUCCESS. dag_id=dag_with_taskflow_api, task_id=get_name, run_id=scheduled__2024-09-24T00:00:00+00:00, execution_date=20240924T000000, start_date=20241219T135117, end_date=20241219T135118
[2024-12-19T13:51:18.871+0000] {local_task_job_runner.py:266} INFO - Task exited with return code 0
[2024-12-19T13:51:18.895+0000] {local_task_job_runner.py:245} INFO - ::endgroup::
[2024-12-20T10:28:53.921+0000] {local_task_job_runner.py:123} INFO - ::group::Pre task execution logs
[2024-12-20T10:28:53.950+0000] {taskinstance.py:2613} INFO - Dependencies all met for dep_context=non-requeueable deps ti=<TaskInstance: dag_with_taskflow_api.get_name scheduled__2024-09-24T00:00:00+00:00 [queued]>
[2024-12-20T10:28:53.964+0000] {taskinstance.py:2613} INFO - Dependencies all met for dep_context=requeueable deps ti=<TaskInstance: dag_with_taskflow_api.get_name scheduled__2024-09-24T00:00:00+00:00 [queued]>
[2024-12-20T10:28:53.973+0000] {taskinstance.py:2866} INFO - Starting attempt 1 of 6
[2024-12-20T10:28:53.997+0000] {taskinstance.py:2889} INFO - Executing <Task(_PythonDecoratedOperator): get_name> on 2024-09-24 00:00:00+00:00
[2024-12-20T10:28:54.020+0000] {standard_task_runner.py:104} INFO - Running: ['***', 'tasks', 'run', 'dag_with_taskflow_api', 'get_name', 'scheduled__2024-09-24T00:00:00+00:00', '--job-id', '4659', '--raw', '--subdir', 'DAGS_FOLDER/dag_with_taskflow_api.py', '--cfg-path', '/tmp/tmpee_v1ycb']
[2024-12-20T10:28:54.028+0000] {standard_task_runner.py:105} INFO - Job 4659: Subtask get_name
[2024-12-20T10:28:54.028+0000] {logging_mixin.py:190} WARNING - /home/***/.local/lib/python3.12/site-packages/***/task/task_runner/standard_task_runner.py:70 DeprecationWarning: This process (pid=12664) is multi-threaded, use of fork() may lead to deadlocks in the child.
[2024-12-20T10:28:54.040+0000] {standard_task_runner.py:72} INFO - Started process 12675 to run task
[2024-12-20T10:28:54.168+0000] {task_command.py:467} INFO - Running <TaskInstance: dag_with_taskflow_api.get_name scheduled__2024-09-24T00:00:00+00:00 [running]> on host a998b5b3d359
[2024-12-20T10:28:54.361+0000] {taskinstance.py:3132} INFO - Exporting env vars: AIRFLOW_CTX_DAG_OWNER='mateo' AIRFLOW_CTX_DAG_ID='dag_with_taskflow_api' AIRFLOW_CTX_TASK_ID='get_name' AIRFLOW_CTX_EXECUTION_DATE='2024-09-24T00:00:00+00:00' AIRFLOW_CTX_TRY_NUMBER='1' AIRFLOW_CTX_DAG_RUN_ID='scheduled__2024-09-24T00:00:00+00:00'
[2024-12-20T10:28:54.363+0000] {taskinstance.py:731} INFO - ::endgroup::
[2024-12-20T10:28:54.368+0000] {python.py:240} INFO - Done. Returned value was: Jerry
[2024-12-20T10:28:54.407+0000] {taskinstance.py:340} INFO - ::group::Post task execution logs
[2024-12-20T10:28:54.408+0000] {taskinstance.py:352} INFO - Marking task as SUCCESS. dag_id=dag_with_taskflow_api, task_id=get_name, run_id=scheduled__2024-09-24T00:00:00+00:00, execution_date=20240924T000000, start_date=20241220T102853, end_date=20241220T102854
[2024-12-20T10:28:54.463+0000] {local_task_job_runner.py:266} INFO - Task exited with return code 0
[2024-12-20T10:28:54.476+0000] {local_task_job_runner.py:245} INFO - ::endgroup::
