[2024-12-19T13:51:17.921+0000] {local_task_job_runner.py:123} INFO - ::group::Pre task execution logs
[2024-12-19T13:51:17.961+0000] {taskinstance.py:2613} INFO - Dependencies all met for dep_context=non-requeueable deps ti=<TaskInstance: dag_with_taskflow_api.greet scheduled__2024-09-19T00:00:00+00:00 [queued]>
[2024-12-19T13:51:17.991+0000] {taskinstance.py:2613} INFO - Dependencies all met for dep_context=requeueable deps ti=<TaskInstance: dag_with_taskflow_api.greet scheduled__2024-09-19T00:00:00+00:00 [queued]>
[2024-12-19T13:51:17.993+0000] {taskinstance.py:2866} INFO - Starting attempt 1 of 6
[2024-12-19T13:51:18.049+0000] {taskinstance.py:2889} INFO - Executing <Task(_PythonDecoratedOperator): greet> on 2024-09-19 00:00:00+00:00
[2024-12-19T13:51:18.084+0000] {logging_mixin.py:190} WARNING - /home/***/.local/lib/python3.12/site-packages/***/task/task_runner/standard_task_runner.py:70 DeprecationWarning: This process (pid=16044) is multi-threaded, use of fork() may lead to deadlocks in the child.
[2024-12-19T13:51:18.097+0000] {standard_task_runner.py:104} INFO - Running: ['***', 'tasks', 'run', 'dag_with_taskflow_api', 'greet', 'scheduled__2024-09-19T00:00:00+00:00', '--job-id', '4341', '--raw', '--subdir', 'DAGS_FOLDER/dag_with_taskflow_api.py', '--cfg-path', '/tmp/tmp0ghlv9_2']
[2024-12-19T13:51:18.100+0000] {standard_task_runner.py:72} INFO - Started process 16061 to run task
[2024-12-19T13:51:18.101+0000] {standard_task_runner.py:105} INFO - Job 4341: Subtask greet
[2024-12-19T13:51:18.262+0000] {task_command.py:467} INFO - Running <TaskInstance: dag_with_taskflow_api.greet scheduled__2024-09-19T00:00:00+00:00 [running]> on host 02d979add40a
[2024-12-19T13:51:18.572+0000] {taskinstance.py:3132} INFO - Exporting env vars: AIRFLOW_CTX_DAG_OWNER='mateo' AIRFLOW_CTX_DAG_ID='dag_with_taskflow_api' AIRFLOW_CTX_TASK_ID='greet' AIRFLOW_CTX_EXECUTION_DATE='2024-09-19T00:00:00+00:00' AIRFLOW_CTX_TRY_NUMBER='1' AIRFLOW_CTX_DAG_RUN_ID='scheduled__2024-09-19T00:00:00+00:00'
[2024-12-19T13:51:18.579+0000] {taskinstance.py:731} INFO - ::endgroup::
[2024-12-19T13:51:18.584+0000] {logging_mixin.py:190} INFO - My name is Jerry. I am 19 years old.
[2024-12-19T13:51:18.586+0000] {python.py:240} INFO - Done. Returned value was: None
[2024-12-19T13:51:18.615+0000] {taskinstance.py:340} INFO - ::group::Post task execution logs
[2024-12-19T13:51:18.616+0000] {taskinstance.py:352} INFO - Marking task as SUCCESS. dag_id=dag_with_taskflow_api, task_id=greet, run_id=scheduled__2024-09-19T00:00:00+00:00, execution_date=20240919T000000, start_date=20241219T135117, end_date=20241219T135118
[2024-12-19T13:51:18.709+0000] {local_task_job_runner.py:266} INFO - Task exited with return code 0
[2024-12-19T13:51:18.732+0000] {local_task_job_runner.py:245} INFO - ::endgroup::
[2024-12-20T10:28:48.791+0000] {local_task_job_runner.py:123} INFO - ::group::Pre task execution logs
[2024-12-20T10:28:48.816+0000] {taskinstance.py:2613} INFO - Dependencies all met for dep_context=non-requeueable deps ti=<TaskInstance: dag_with_taskflow_api.greet scheduled__2024-09-19T00:00:00+00:00 [queued]>
[2024-12-20T10:28:48.832+0000] {taskinstance.py:2613} INFO - Dependencies all met for dep_context=requeueable deps ti=<TaskInstance: dag_with_taskflow_api.greet scheduled__2024-09-19T00:00:00+00:00 [queued]>
[2024-12-20T10:28:48.838+0000] {taskinstance.py:2866} INFO - Starting attempt 1 of 6
[2024-12-20T10:28:48.854+0000] {taskinstance.py:2889} INFO - Executing <Task(_PythonDecoratedOperator): greet> on 2024-09-19 00:00:00+00:00
[2024-12-20T10:28:48.867+0000] {standard_task_runner.py:104} INFO - Running: ['***', 'tasks', 'run', 'dag_with_taskflow_api', 'greet', 'scheduled__2024-09-19T00:00:00+00:00', '--job-id', '4650', '--raw', '--subdir', 'DAGS_FOLDER/dag_with_taskflow_api.py', '--cfg-path', '/tmp/tmpafaruu53']
[2024-12-20T10:28:48.872+0000] {standard_task_runner.py:105} INFO - Job 4650: Subtask greet
[2024-12-20T10:28:48.866+0000] {logging_mixin.py:190} WARNING - /home/***/.local/lib/python3.12/site-packages/***/task/task_runner/standard_task_runner.py:70 DeprecationWarning: This process (pid=12636) is multi-threaded, use of fork() may lead to deadlocks in the child.
[2024-12-20T10:28:48.883+0000] {standard_task_runner.py:72} INFO - Started process 12640 to run task
[2024-12-20T10:28:48.943+0000] {task_command.py:467} INFO - Running <TaskInstance: dag_with_taskflow_api.greet scheduled__2024-09-19T00:00:00+00:00 [running]> on host a998b5b3d359
[2024-12-20T10:28:49.067+0000] {taskinstance.py:3132} INFO - Exporting env vars: AIRFLOW_CTX_DAG_OWNER='mateo' AIRFLOW_CTX_DAG_ID='dag_with_taskflow_api' AIRFLOW_CTX_TASK_ID='greet' AIRFLOW_CTX_EXECUTION_DATE='2024-09-19T00:00:00+00:00' AIRFLOW_CTX_TRY_NUMBER='1' AIRFLOW_CTX_DAG_RUN_ID='scheduled__2024-09-19T00:00:00+00:00'
[2024-12-20T10:28:49.072+0000] {taskinstance.py:731} INFO - ::endgroup::
[2024-12-20T10:28:49.076+0000] {logging_mixin.py:190} INFO - My name is Jerry. I am 19 years old.
[2024-12-20T10:28:49.077+0000] {python.py:240} INFO - Done. Returned value was: None
[2024-12-20T10:28:49.087+0000] {taskinstance.py:340} INFO - ::group::Post task execution logs
[2024-12-20T10:28:49.089+0000] {taskinstance.py:352} INFO - Marking task as SUCCESS. dag_id=dag_with_taskflow_api, task_id=greet, run_id=scheduled__2024-09-19T00:00:00+00:00, execution_date=20240919T000000, start_date=20241220T102848, end_date=20241220T102849
[2024-12-20T10:28:49.151+0000] {local_task_job_runner.py:266} INFO - Task exited with return code 0
[2024-12-20T10:28:49.168+0000] {taskinstance.py:3895} INFO - 0 downstream tasks scheduled from follow-on schedule check
[2024-12-20T10:28:49.171+0000] {local_task_job_runner.py:245} INFO - ::endgroup::
