[2024-12-19T13:52:21.414+0000] {local_task_job_runner.py:123} INFO - ::group::Pre task execution logs
[2024-12-19T13:52:21.459+0000] {taskinstance.py:2613} INFO - Dependencies all met for dep_context=non-requeueable deps ti=<TaskInstance: dag_with_taskflow_api.get_age scheduled__2024-12-12T00:00:00+00:00 [queued]>
[2024-12-19T13:52:21.496+0000] {taskinstance.py:2613} INFO - Dependencies all met for dep_context=requeueable deps ti=<TaskInstance: dag_with_taskflow_api.get_age scheduled__2024-12-12T00:00:00+00:00 [queued]>
[2024-12-19T13:52:21.497+0000] {taskinstance.py:2866} INFO - Starting attempt 1 of 6
[2024-12-19T13:52:21.544+0000] {taskinstance.py:2889} INFO - Executing <Task(_PythonDecoratedOperator): get_age> on 2024-12-12 00:00:00+00:00
[2024-12-19T13:52:21.565+0000] {logging_mixin.py:190} WARNING - /home/***/.local/lib/python3.12/site-packages/***/task/task_runner/standard_task_runner.py:70 DeprecationWarning: This process (pid=16825) is multi-threaded, use of fork() may lead to deadlocks in the child.
[2024-12-19T13:52:21.584+0000] {standard_task_runner.py:72} INFO - Started process 16836 to run task
[2024-12-19T13:52:21.564+0000] {standard_task_runner.py:104} INFO - Running: ['***', 'tasks', 'run', 'dag_with_taskflow_api', 'get_age', 'scheduled__2024-12-12T00:00:00+00:00', '--job-id', '4582', '--raw', '--subdir', 'DAGS_FOLDER/dag_with_taskflow_api.py', '--cfg-path', '/tmp/tmpj29rjyxi']
[2024-12-19T13:52:21.588+0000] {standard_task_runner.py:105} INFO - Job 4582: Subtask get_age
[2024-12-19T13:52:21.741+0000] {task_command.py:467} INFO - Running <TaskInstance: dag_with_taskflow_api.get_age scheduled__2024-12-12T00:00:00+00:00 [running]> on host 02d979add40a
[2024-12-19T13:52:22.130+0000] {taskinstance.py:3132} INFO - Exporting env vars: AIRFLOW_CTX_DAG_OWNER='mateo' AIRFLOW_CTX_DAG_ID='dag_with_taskflow_api' AIRFLOW_CTX_TASK_ID='get_age' AIRFLOW_CTX_EXECUTION_DATE='2024-12-12T00:00:00+00:00' AIRFLOW_CTX_TRY_NUMBER='1' AIRFLOW_CTX_DAG_RUN_ID='scheduled__2024-12-12T00:00:00+00:00'
[2024-12-19T13:52:22.134+0000] {taskinstance.py:731} INFO - ::endgroup::
[2024-12-19T13:52:22.145+0000] {python.py:240} INFO - Done. Returned value was: 19
[2024-12-19T13:52:22.212+0000] {taskinstance.py:340} INFO - ::group::Post task execution logs
[2024-12-19T13:52:22.216+0000] {taskinstance.py:352} INFO - Marking task as SUCCESS. dag_id=dag_with_taskflow_api, task_id=get_age, run_id=scheduled__2024-12-12T00:00:00+00:00, execution_date=20241212T000000, start_date=20241219T135221, end_date=20241219T135222
[2024-12-19T13:52:22.317+0000] {local_task_job_runner.py:266} INFO - Task exited with return code 0
[2024-12-19T13:52:22.347+0000] {taskinstance.py:3895} INFO - 1 downstream tasks scheduled from follow-on schedule check
[2024-12-19T13:52:22.352+0000] {local_task_job_runner.py:245} INFO - ::endgroup::
[2024-12-20T10:29:53.496+0000] {local_task_job_runner.py:123} INFO - ::group::Pre task execution logs
[2024-12-20T10:29:53.527+0000] {taskinstance.py:2613} INFO - Dependencies all met for dep_context=non-requeueable deps ti=<TaskInstance: dag_with_taskflow_api.get_age scheduled__2024-12-12T00:00:00+00:00 [queued]>
[2024-12-20T10:29:53.544+0000] {taskinstance.py:2613} INFO - Dependencies all met for dep_context=requeueable deps ti=<TaskInstance: dag_with_taskflow_api.get_age scheduled__2024-12-12T00:00:00+00:00 [queued]>
[2024-12-20T10:29:53.548+0000] {taskinstance.py:2866} INFO - Starting attempt 1 of 6
[2024-12-20T10:29:53.574+0000] {taskinstance.py:2889} INFO - Executing <Task(_PythonDecoratedOperator): get_age> on 2024-12-12 00:00:00+00:00
[2024-12-20T10:29:53.591+0000] {logging_mixin.py:190} WARNING - /home/***/.local/lib/python3.12/site-packages/***/task/task_runner/standard_task_runner.py:70 DeprecationWarning: This process (pid=13450) is multi-threaded, use of fork() may lead to deadlocks in the child.
[2024-12-20T10:29:53.595+0000] {standard_task_runner.py:72} INFO - Started process 13454 to run task
[2024-12-20T10:29:53.604+0000] {standard_task_runner.py:104} INFO - Running: ['***', 'tasks', 'run', 'dag_with_taskflow_api', 'get_age', 'scheduled__2024-12-12T00:00:00+00:00', '--job-id', '4896', '--raw', '--subdir', 'DAGS_FOLDER/dag_with_taskflow_api.py', '--cfg-path', '/tmp/tmp8rrvsvht']
[2024-12-20T10:29:53.614+0000] {standard_task_runner.py:105} INFO - Job 4896: Subtask get_age
[2024-12-20T10:29:53.797+0000] {task_command.py:467} INFO - Running <TaskInstance: dag_with_taskflow_api.get_age scheduled__2024-12-12T00:00:00+00:00 [running]> on host a998b5b3d359
[2024-12-20T10:29:53.958+0000] {taskinstance.py:3132} INFO - Exporting env vars: AIRFLOW_CTX_DAG_OWNER='mateo' AIRFLOW_CTX_DAG_ID='dag_with_taskflow_api' AIRFLOW_CTX_TASK_ID='get_age' AIRFLOW_CTX_EXECUTION_DATE='2024-12-12T00:00:00+00:00' AIRFLOW_CTX_TRY_NUMBER='1' AIRFLOW_CTX_DAG_RUN_ID='scheduled__2024-12-12T00:00:00+00:00'
[2024-12-20T10:29:53.960+0000] {taskinstance.py:731} INFO - ::endgroup::
[2024-12-20T10:29:53.964+0000] {python.py:240} INFO - Done. Returned value was: 19
[2024-12-20T10:29:53.998+0000] {taskinstance.py:340} INFO - ::group::Post task execution logs
[2024-12-20T10:29:54.000+0000] {taskinstance.py:352} INFO - Marking task as SUCCESS. dag_id=dag_with_taskflow_api, task_id=get_age, run_id=scheduled__2024-12-12T00:00:00+00:00, execution_date=20241212T000000, start_date=20241220T102953, end_date=20241220T102954
[2024-12-20T10:29:54.062+0000] {local_task_job_runner.py:266} INFO - Task exited with return code 0
[2024-12-20T10:29:54.107+0000] {taskinstance.py:3895} INFO - 0 downstream tasks scheduled from follow-on schedule check
[2024-12-20T10:29:54.119+0000] {local_task_job_runner.py:245} INFO - ::endgroup::
