[2024-12-19T13:51:58.826+0000] {local_task_job_runner.py:123} INFO - ::group::Pre task execution logs
[2024-12-19T13:51:58.863+0000] {taskinstance.py:2613} INFO - Dependencies all met for dep_context=non-requeueable deps ti=<TaskInstance: dag_with_taskflow_api.get_name scheduled__2024-11-12T00:00:00+00:00 [queued]>
[2024-12-19T13:51:58.897+0000] {taskinstance.py:2613} INFO - Dependencies all met for dep_context=requeueable deps ti=<TaskInstance: dag_with_taskflow_api.get_name scheduled__2024-11-12T00:00:00+00:00 [queued]>
[2024-12-19T13:51:58.898+0000] {taskinstance.py:2866} INFO - Starting attempt 1 of 6
[2024-12-19T13:51:58.956+0000] {taskinstance.py:2889} INFO - Executing <Task(_PythonDecoratedOperator): get_name> on 2024-11-12 00:00:00+00:00
[2024-12-19T13:51:59.024+0000] {logging_mixin.py:190} WARNING - /home/***/.local/lib/python3.12/site-packages/***/task/task_runner/standard_task_runner.py:70 DeprecationWarning: This process (pid=16524) is multi-threaded, use of fork() may lead to deadlocks in the child.
[2024-12-19T13:51:59.031+0000] {standard_task_runner.py:72} INFO - Started process 16544 to run task
[2024-12-19T13:51:59.039+0000] {standard_task_runner.py:104} INFO - Running: ['***', 'tasks', 'run', 'dag_with_taskflow_api', 'get_name', 'scheduled__2024-11-12T00:00:00+00:00', '--job-id', '4491', '--raw', '--subdir', 'DAGS_FOLDER/dag_with_taskflow_api.py', '--cfg-path', '/tmp/tmphlf60ll5']
[2024-12-19T13:51:59.048+0000] {standard_task_runner.py:105} INFO - Job 4491: Subtask get_name
[2024-12-19T13:51:59.176+0000] {task_command.py:467} INFO - Running <TaskInstance: dag_with_taskflow_api.get_name scheduled__2024-11-12T00:00:00+00:00 [running]> on host 02d979add40a
[2024-12-19T13:51:59.609+0000] {taskinstance.py:3132} INFO - Exporting env vars: AIRFLOW_CTX_DAG_OWNER='mateo' AIRFLOW_CTX_DAG_ID='dag_with_taskflow_api' AIRFLOW_CTX_TASK_ID='get_name' AIRFLOW_CTX_EXECUTION_DATE='2024-11-12T00:00:00+00:00' AIRFLOW_CTX_TRY_NUMBER='1' AIRFLOW_CTX_DAG_RUN_ID='scheduled__2024-11-12T00:00:00+00:00'
[2024-12-19T13:51:59.613+0000] {taskinstance.py:731} INFO - ::endgroup::
[2024-12-19T13:51:59.617+0000] {python.py:240} INFO - Done. Returned value was: Jerry
[2024-12-19T13:51:59.711+0000] {taskinstance.py:340} INFO - ::group::Post task execution logs
[2024-12-19T13:51:59.714+0000] {taskinstance.py:352} INFO - Marking task as SUCCESS. dag_id=dag_with_taskflow_api, task_id=get_name, run_id=scheduled__2024-11-12T00:00:00+00:00, execution_date=20241112T000000, start_date=20241219T135158, end_date=20241219T135159
[2024-12-19T13:51:59.811+0000] {local_task_job_runner.py:266} INFO - Task exited with return code 0
[2024-12-19T13:51:59.840+0000] {taskinstance.py:3895} INFO - 0 downstream tasks scheduled from follow-on schedule check
[2024-12-19T13:51:59.856+0000] {local_task_job_runner.py:245} INFO - ::endgroup::
[2024-12-20T10:29:32.470+0000] {local_task_job_runner.py:123} INFO - ::group::Pre task execution logs
[2024-12-20T10:29:32.489+0000] {taskinstance.py:2613} INFO - Dependencies all met for dep_context=non-requeueable deps ti=<TaskInstance: dag_with_taskflow_api.get_name scheduled__2024-11-12T00:00:00+00:00 [queued]>
[2024-12-20T10:29:32.501+0000] {taskinstance.py:2613} INFO - Dependencies all met for dep_context=requeueable deps ti=<TaskInstance: dag_with_taskflow_api.get_name scheduled__2024-11-12T00:00:00+00:00 [queued]>
[2024-12-20T10:29:32.503+0000] {taskinstance.py:2866} INFO - Starting attempt 1 of 6
[2024-12-20T10:29:32.631+0000] {taskinstance.py:2889} INFO - Executing <Task(_PythonDecoratedOperator): get_name> on 2024-11-12 00:00:00+00:00
[2024-12-20T10:29:32.649+0000] {logging_mixin.py:190} WARNING - /home/***/.local/lib/python3.12/site-packages/***/task/task_runner/standard_task_runner.py:70 DeprecationWarning: This process (pid=13155) is multi-threaded, use of fork() may lead to deadlocks in the child.
[2024-12-20T10:29:32.651+0000] {standard_task_runner.py:104} INFO - Running: ['***', 'tasks', 'run', 'dag_with_taskflow_api', 'get_name', 'scheduled__2024-11-12T00:00:00+00:00', '--job-id', '4809', '--raw', '--subdir', 'DAGS_FOLDER/dag_with_taskflow_api.py', '--cfg-path', '/tmp/tmpp9f4ep40']
[2024-12-20T10:29:32.655+0000] {standard_task_runner.py:72} INFO - Started process 13162 to run task
[2024-12-20T10:29:32.657+0000] {standard_task_runner.py:105} INFO - Job 4809: Subtask get_name
[2024-12-20T10:29:32.742+0000] {task_command.py:467} INFO - Running <TaskInstance: dag_with_taskflow_api.get_name scheduled__2024-11-12T00:00:00+00:00 [running]> on host a998b5b3d359
[2024-12-20T10:29:32.885+0000] {taskinstance.py:3132} INFO - Exporting env vars: AIRFLOW_CTX_DAG_OWNER='mateo' AIRFLOW_CTX_DAG_ID='dag_with_taskflow_api' AIRFLOW_CTX_TASK_ID='get_name' AIRFLOW_CTX_EXECUTION_DATE='2024-11-12T00:00:00+00:00' AIRFLOW_CTX_TRY_NUMBER='1' AIRFLOW_CTX_DAG_RUN_ID='scheduled__2024-11-12T00:00:00+00:00'
[2024-12-20T10:29:32.887+0000] {taskinstance.py:731} INFO - ::endgroup::
[2024-12-20T10:29:32.896+0000] {python.py:240} INFO - Done. Returned value was: Jerry
[2024-12-20T10:29:32.926+0000] {taskinstance.py:340} INFO - ::group::Post task execution logs
[2024-12-20T10:29:32.927+0000] {taskinstance.py:352} INFO - Marking task as SUCCESS. dag_id=dag_with_taskflow_api, task_id=get_name, run_id=scheduled__2024-11-12T00:00:00+00:00, execution_date=20241112T000000, start_date=20241220T102932, end_date=20241220T102932
[2024-12-20T10:29:32.960+0000] {local_task_job_runner.py:266} INFO - Task exited with return code 0
[2024-12-20T10:29:32.974+0000] {local_task_job_runner.py:245} INFO - ::endgroup::
