[2024-12-19T13:51:24.967+0000] {local_task_job_runner.py:123} INFO - ::group::Pre task execution logs
[2024-12-19T13:51:25.014+0000] {taskinstance.py:2613} INFO - Dependencies all met for dep_context=non-requeueable deps ti=<TaskInstance: dag_with_taskflow_api.get_age scheduled__2024-09-30T00:00:00+00:00 [queued]>
[2024-12-19T13:51:25.026+0000] {taskinstance.py:2613} INFO - Dependencies all met for dep_context=requeueable deps ti=<TaskInstance: dag_with_taskflow_api.get_age scheduled__2024-09-30T00:00:00+00:00 [queued]>
[2024-12-19T13:51:25.027+0000] {taskinstance.py:2866} INFO - Starting attempt 1 of 6
[2024-12-19T13:51:25.064+0000] {taskinstance.py:2889} INFO - Executing <Task(_PythonDecoratedOperator): get_age> on 2024-09-30 00:00:00+00:00
[2024-12-19T13:51:25.098+0000] {logging_mixin.py:190} WARNING - /home/***/.local/lib/python3.12/site-packages/***/task/task_runner/standard_task_runner.py:70 DeprecationWarning: This process (pid=16125) is multi-threaded, use of fork() may lead to deadlocks in the child.
[2024-12-19T13:51:25.108+0000] {standard_task_runner.py:72} INFO - Started process 16136 to run task
[2024-12-19T13:51:25.112+0000] {standard_task_runner.py:104} INFO - Running: ['***', 'tasks', 'run', 'dag_with_taskflow_api', 'get_age', 'scheduled__2024-09-30T00:00:00+00:00', '--job-id', '4363', '--raw', '--subdir', 'DAGS_FOLDER/dag_with_taskflow_api.py', '--cfg-path', '/tmp/tmpfx1jfgyk']
[2024-12-19T13:51:25.118+0000] {standard_task_runner.py:105} INFO - Job 4363: Subtask get_age
[2024-12-19T13:51:25.276+0000] {task_command.py:467} INFO - Running <TaskInstance: dag_with_taskflow_api.get_age scheduled__2024-09-30T00:00:00+00:00 [running]> on host 02d979add40a
[2024-12-19T13:51:25.675+0000] {taskinstance.py:3132} INFO - Exporting env vars: AIRFLOW_CTX_DAG_OWNER='mateo' AIRFLOW_CTX_DAG_ID='dag_with_taskflow_api' AIRFLOW_CTX_TASK_ID='get_age' AIRFLOW_CTX_EXECUTION_DATE='2024-09-30T00:00:00+00:00' AIRFLOW_CTX_TRY_NUMBER='1' AIRFLOW_CTX_DAG_RUN_ID='scheduled__2024-09-30T00:00:00+00:00'
[2024-12-19T13:51:25.685+0000] {taskinstance.py:731} INFO - ::endgroup::
[2024-12-19T13:51:25.693+0000] {python.py:240} INFO - Done. Returned value was: 19
[2024-12-19T13:51:25.787+0000] {taskinstance.py:340} INFO - ::group::Post task execution logs
[2024-12-19T13:51:25.789+0000] {taskinstance.py:352} INFO - Marking task as SUCCESS. dag_id=dag_with_taskflow_api, task_id=get_age, run_id=scheduled__2024-09-30T00:00:00+00:00, execution_date=20240930T000000, start_date=20241219T135125, end_date=20241219T135125
[2024-12-19T13:51:25.906+0000] {local_task_job_runner.py:266} INFO - Task exited with return code 0
[2024-12-19T13:51:25.937+0000] {local_task_job_runner.py:245} INFO - ::endgroup::
[2024-12-20T10:28:59.327+0000] {local_task_job_runner.py:123} INFO - ::group::Pre task execution logs
[2024-12-20T10:28:59.352+0000] {taskinstance.py:2613} INFO - Dependencies all met for dep_context=non-requeueable deps ti=<TaskInstance: dag_with_taskflow_api.get_age scheduled__2024-09-30T00:00:00+00:00 [queued]>
[2024-12-20T10:28:59.365+0000] {taskinstance.py:2613} INFO - Dependencies all met for dep_context=requeueable deps ti=<TaskInstance: dag_with_taskflow_api.get_age scheduled__2024-09-30T00:00:00+00:00 [queued]>
[2024-12-20T10:28:59.367+0000] {taskinstance.py:2866} INFO - Starting attempt 1 of 6
[2024-12-20T10:28:59.387+0000] {taskinstance.py:2889} INFO - Executing <Task(_PythonDecoratedOperator): get_age> on 2024-09-30 00:00:00+00:00
[2024-12-20T10:28:59.400+0000] {logging_mixin.py:190} WARNING - /home/***/.local/lib/python3.12/site-packages/***/task/task_runner/standard_task_runner.py:70 DeprecationWarning: This process (pid=12724) is multi-threaded, use of fork() may lead to deadlocks in the child.
[2024-12-20T10:28:59.403+0000] {standard_task_runner.py:72} INFO - Started process 12732 to run task
[2024-12-20T10:28:59.401+0000] {standard_task_runner.py:104} INFO - Running: ['***', 'tasks', 'run', 'dag_with_taskflow_api', 'get_age', 'scheduled__2024-09-30T00:00:00+00:00', '--job-id', '4678', '--raw', '--subdir', 'DAGS_FOLDER/dag_with_taskflow_api.py', '--cfg-path', '/tmp/tmpitb_somd']
[2024-12-20T10:28:59.407+0000] {standard_task_runner.py:105} INFO - Job 4678: Subtask get_age
[2024-12-20T10:28:59.491+0000] {task_command.py:467} INFO - Running <TaskInstance: dag_with_taskflow_api.get_age scheduled__2024-09-30T00:00:00+00:00 [running]> on host a998b5b3d359
[2024-12-20T10:28:59.616+0000] {taskinstance.py:3132} INFO - Exporting env vars: AIRFLOW_CTX_DAG_OWNER='mateo' AIRFLOW_CTX_DAG_ID='dag_with_taskflow_api' AIRFLOW_CTX_TASK_ID='get_age' AIRFLOW_CTX_EXECUTION_DATE='2024-09-30T00:00:00+00:00' AIRFLOW_CTX_TRY_NUMBER='1' AIRFLOW_CTX_DAG_RUN_ID='scheduled__2024-09-30T00:00:00+00:00'
[2024-12-20T10:28:59.620+0000] {taskinstance.py:731} INFO - ::endgroup::
[2024-12-20T10:28:59.626+0000] {python.py:240} INFO - Done. Returned value was: 19
[2024-12-20T10:28:59.671+0000] {taskinstance.py:340} INFO - ::group::Post task execution logs
[2024-12-20T10:28:59.672+0000] {taskinstance.py:352} INFO - Marking task as SUCCESS. dag_id=dag_with_taskflow_api, task_id=get_age, run_id=scheduled__2024-09-30T00:00:00+00:00, execution_date=20240930T000000, start_date=20241220T102859, end_date=20241220T102859
[2024-12-20T10:28:59.708+0000] {local_task_job_runner.py:266} INFO - Task exited with return code 0
[2024-12-20T10:28:59.744+0000] {taskinstance.py:3895} INFO - 0 downstream tasks scheduled from follow-on schedule check
[2024-12-20T10:28:59.753+0000] {local_task_job_runner.py:245} INFO - ::endgroup::
