[2024-12-20T10:52:55.957+0000] {local_task_job_runner.py:123} INFO - ::group::Pre task execution logs
[2024-12-20T10:52:55.977+0000] {taskinstance.py:2613} INFO - Dependencies all met for dep_context=non-requeueable deps ti=<TaskInstance: sql_operator_dag_v4.SQL_delete_dag_if_exists manual__2024-12-20T10:52:54.856241+00:00 [queued]>
[2024-12-20T10:52:55.990+0000] {taskinstance.py:2613} INFO - Dependencies all met for dep_context=requeueable deps ti=<TaskInstance: sql_operator_dag_v4.SQL_delete_dag_if_exists manual__2024-12-20T10:52:54.856241+00:00 [queued]>
[2024-12-20T10:52:55.995+0000] {taskinstance.py:2866} INFO - Starting attempt 1 of 6
[2024-12-20T10:52:56.017+0000] {taskinstance.py:2889} INFO - Executing <Task(SQLExecuteQueryOperator): SQL_delete_dag_if_exists> on 2024-12-20 10:52:54.856241+00:00
[2024-12-20T10:52:56.030+0000] {logging_mixin.py:190} WARNING - /home/***/.local/lib/python3.12/site-packages/***/task/task_runner/standard_task_runner.py:70 DeprecationWarning: This process (pid=17269) is multi-threaded, use of fork() may lead to deadlocks in the child.
[2024-12-20T10:52:56.032+0000] {standard_task_runner.py:72} INFO - Started process 17277 to run task
[2024-12-20T10:52:56.041+0000] {standard_task_runner.py:104} INFO - Running: ['***', 'tasks', 'run', 'sql_operator_dag_v4', 'SQL_delete_dag_if_exists', 'manual__2024-12-20T10:52:54.856241+00:00', '--job-id', '5603', '--raw', '--subdir', 'DAGS_FOLDER/dag_with_postgresql.py', '--cfg-path', '/tmp/tmpzw0z0gij']
[2024-12-20T10:52:56.045+0000] {standard_task_runner.py:105} INFO - Job 5603: Subtask SQL_delete_dag_if_exists
[2024-12-20T10:52:56.113+0000] {task_command.py:467} INFO - Running <TaskInstance: sql_operator_dag_v4.SQL_delete_dag_if_exists manual__2024-12-20T10:52:54.856241+00:00 [running]> on host a998b5b3d359
[2024-12-20T10:52:56.250+0000] {taskinstance.py:3132} INFO - Exporting env vars: AIRFLOW_CTX_DAG_OWNER='Mateo' AIRFLOW_CTX_DAG_ID='sql_operator_dag_v4' AIRFLOW_CTX_TASK_ID='SQL_delete_dag_if_exists' AIRFLOW_CTX_EXECUTION_DATE='2024-12-20T10:52:54.856241+00:00' AIRFLOW_CTX_TRY_NUMBER='1' AIRFLOW_CTX_DAG_RUN_ID='manual__2024-12-20T10:52:54.856241+00:00'
[2024-12-20T10:52:56.253+0000] {taskinstance.py:731} INFO - ::endgroup::
[2024-12-20T10:52:56.297+0000] {sql.py:278} INFO - Executing: 
            delete from dag_runs_v2 where dt='2024-12-20' and dag_id = 'sql_operator_dag_v4';
        
[2024-12-20T10:52:56.327+0000] {base.py:84} INFO - Retrieving connection 'sql_operator_practice'
[2024-12-20T10:52:56.343+0000] {base.py:84} INFO - Retrieving connection 'sql_operator_practice'
[2024-12-20T10:52:56.364+0000] {sql.py:553} INFO - Running statement: 
            delete from dag_runs_v2 where dt='2024-12-20' and dag_id = 'sql_operator_dag_v4';
        , parameters: None
[2024-12-20T10:52:56.371+0000] {sql.py:562} INFO - Rows affected: 0
[2024-12-20T10:52:56.394+0000] {taskinstance.py:340} INFO - ::group::Post task execution logs
[2024-12-20T10:52:56.397+0000] {taskinstance.py:352} INFO - Marking task as SUCCESS. dag_id=sql_operator_dag_v4, task_id=SQL_delete_dag_if_exists, run_id=manual__2024-12-20T10:52:54.856241+00:00, execution_date=20241220T105254, start_date=20241220T105255, end_date=20241220T105256
[2024-12-20T10:52:56.627+0000] {local_task_job_runner.py:266} INFO - Task exited with return code 0
[2024-12-20T10:52:56.659+0000] {taskinstance.py:3895} INFO - 0 downstream tasks scheduled from follow-on schedule check
[2024-12-20T10:52:56.665+0000] {local_task_job_runner.py:245} INFO - ::endgroup::
