[2024-12-19T13:52:15.263+0000] {local_task_job_runner.py:123} INFO - ::group::Pre task execution logs
[2024-12-19T13:52:15.333+0000] {taskinstance.py:2613} INFO - Dependencies all met for dep_context=non-requeueable deps ti=<TaskInstance: dag_with_taskflow_api.greet scheduled__2024-11-29T00:00:00+00:00 [queued]>
[2024-12-19T13:52:15.420+0000] {taskinstance.py:2613} INFO - Dependencies all met for dep_context=requeueable deps ti=<TaskInstance: dag_with_taskflow_api.greet scheduled__2024-11-29T00:00:00+00:00 [queued]>
[2024-12-19T13:52:15.437+0000] {taskinstance.py:2866} INFO - Starting attempt 1 of 6
[2024-12-19T13:52:15.711+0000] {taskinstance.py:2889} INFO - Executing <Task(_PythonDecoratedOperator): greet> on 2024-11-29 00:00:00+00:00
[2024-12-19T13:52:15.782+0000] {logging_mixin.py:190} WARNING - /home/***/.local/lib/python3.12/site-packages/***/task/task_runner/standard_task_runner.py:70 DeprecationWarning: This process (pid=16752) is multi-threaded, use of fork() may lead to deadlocks in the child.
[2024-12-19T13:52:15.796+0000] {standard_task_runner.py:72} INFO - Started process 16769 to run task
[2024-12-19T13:52:15.819+0000] {standard_task_runner.py:104} INFO - Running: ['***', 'tasks', 'run', 'dag_with_taskflow_api', 'greet', 'scheduled__2024-11-29T00:00:00+00:00', '--job-id', '4558', '--raw', '--subdir', 'DAGS_FOLDER/dag_with_taskflow_api.py', '--cfg-path', '/tmp/tmp4nuxlq__']
[2024-12-19T13:52:15.829+0000] {standard_task_runner.py:105} INFO - Job 4558: Subtask greet
[2024-12-19T13:52:16.026+0000] {task_command.py:467} INFO - Running <TaskInstance: dag_with_taskflow_api.greet scheduled__2024-11-29T00:00:00+00:00 [running]> on host 02d979add40a
[2024-12-19T13:52:16.385+0000] {taskinstance.py:3132} INFO - Exporting env vars: AIRFLOW_CTX_DAG_OWNER='mateo' AIRFLOW_CTX_DAG_ID='dag_with_taskflow_api' AIRFLOW_CTX_TASK_ID='greet' AIRFLOW_CTX_EXECUTION_DATE='2024-11-29T00:00:00+00:00' AIRFLOW_CTX_TRY_NUMBER='1' AIRFLOW_CTX_DAG_RUN_ID='scheduled__2024-11-29T00:00:00+00:00'
[2024-12-19T13:52:16.387+0000] {taskinstance.py:731} INFO - ::endgroup::
[2024-12-19T13:52:16.395+0000] {logging_mixin.py:190} INFO - My name is Jerry. I am 19 years old.
[2024-12-19T13:52:16.408+0000] {python.py:240} INFO - Done. Returned value was: None
[2024-12-19T13:52:16.440+0000] {taskinstance.py:340} INFO - ::group::Post task execution logs
[2024-12-19T13:52:16.443+0000] {taskinstance.py:352} INFO - Marking task as SUCCESS. dag_id=dag_with_taskflow_api, task_id=greet, run_id=scheduled__2024-11-29T00:00:00+00:00, execution_date=20241129T000000, start_date=20241219T135215, end_date=20241219T135216
[2024-12-19T13:52:16.606+0000] {local_task_job_runner.py:266} INFO - Task exited with return code 0
[2024-12-19T13:52:16.645+0000] {taskinstance.py:3895} INFO - 0 downstream tasks scheduled from follow-on schedule check
[2024-12-19T13:52:16.648+0000] {local_task_job_runner.py:245} INFO - ::endgroup::
[2024-12-20T10:29:44.903+0000] {local_task_job_runner.py:123} INFO - ::group::Pre task execution logs
[2024-12-20T10:29:44.941+0000] {taskinstance.py:2613} INFO - Dependencies all met for dep_context=non-requeueable deps ti=<TaskInstance: dag_with_taskflow_api.greet scheduled__2024-11-29T00:00:00+00:00 [queued]>
[2024-12-20T10:29:44.954+0000] {taskinstance.py:2613} INFO - Dependencies all met for dep_context=requeueable deps ti=<TaskInstance: dag_with_taskflow_api.greet scheduled__2024-11-29T00:00:00+00:00 [queued]>
[2024-12-20T10:29:44.955+0000] {taskinstance.py:2866} INFO - Starting attempt 1 of 6
[2024-12-20T10:29:44.978+0000] {taskinstance.py:2889} INFO - Executing <Task(_PythonDecoratedOperator): greet> on 2024-11-29 00:00:00+00:00
[2024-12-20T10:29:44.998+0000] {logging_mixin.py:190} WARNING - /home/***/.local/lib/python3.12/site-packages/***/task/task_runner/standard_task_runner.py:70 DeprecationWarning: This process (pid=13349) is multi-threaded, use of fork() may lead to deadlocks in the child.
[2024-12-20T10:29:45.017+0000] {standard_task_runner.py:72} INFO - Started process 13355 to run task
[2024-12-20T10:29:45.015+0000] {standard_task_runner.py:104} INFO - Running: ['***', 'tasks', 'run', 'dag_with_taskflow_api', 'greet', 'scheduled__2024-11-29T00:00:00+00:00', '--job-id', '4868', '--raw', '--subdir', 'DAGS_FOLDER/dag_with_taskflow_api.py', '--cfg-path', '/tmp/tmpfqtxaoxg']
[2024-12-20T10:29:45.052+0000] {standard_task_runner.py:105} INFO - Job 4868: Subtask greet
[2024-12-20T10:29:45.163+0000] {task_command.py:467} INFO - Running <TaskInstance: dag_with_taskflow_api.greet scheduled__2024-11-29T00:00:00+00:00 [running]> on host a998b5b3d359
[2024-12-20T10:29:45.335+0000] {taskinstance.py:3132} INFO - Exporting env vars: AIRFLOW_CTX_DAG_OWNER='mateo' AIRFLOW_CTX_DAG_ID='dag_with_taskflow_api' AIRFLOW_CTX_TASK_ID='greet' AIRFLOW_CTX_EXECUTION_DATE='2024-11-29T00:00:00+00:00' AIRFLOW_CTX_TRY_NUMBER='1' AIRFLOW_CTX_DAG_RUN_ID='scheduled__2024-11-29T00:00:00+00:00'
[2024-12-20T10:29:45.343+0000] {taskinstance.py:731} INFO - ::endgroup::
[2024-12-20T10:29:45.352+0000] {logging_mixin.py:190} INFO - My name is Jerry. I am 19 years old.
[2024-12-20T10:29:45.355+0000] {python.py:240} INFO - Done. Returned value was: None
[2024-12-20T10:29:45.386+0000] {taskinstance.py:340} INFO - ::group::Post task execution logs
[2024-12-20T10:29:45.389+0000] {taskinstance.py:352} INFO - Marking task as SUCCESS. dag_id=dag_with_taskflow_api, task_id=greet, run_id=scheduled__2024-11-29T00:00:00+00:00, execution_date=20241129T000000, start_date=20241220T102944, end_date=20241220T102945
[2024-12-20T10:29:45.452+0000] {local_task_job_runner.py:266} INFO - Task exited with return code 0
[2024-12-20T10:29:45.482+0000] {taskinstance.py:3895} INFO - 0 downstream tasks scheduled from follow-on schedule check
[2024-12-20T10:29:45.493+0000] {local_task_job_runner.py:245} INFO - ::endgroup::
