[2024-12-19T08:54:24.628+0000] {local_task_job_runner.py:123} INFO - ::group::Pre task execution logs
[2024-12-19T08:54:24.647+0000] {taskinstance.py:2613} INFO - Dependencies all met for dep_context=non-requeueable deps ti=<TaskInstance: our_first_dag_v2.first_task scheduled__2022-10-24T00:00:00+00:00 [queued]>
[2024-12-19T08:54:24.657+0000] {taskinstance.py:2613} INFO - Dependencies all met for dep_context=requeueable deps ti=<TaskInstance: our_first_dag_v2.first_task scheduled__2022-10-24T00:00:00+00:00 [queued]>
[2024-12-19T08:54:24.659+0000] {taskinstance.py:2866} INFO - Starting attempt 1 of 6
[2024-12-19T08:54:24.693+0000] {taskinstance.py:2889} INFO - Executing <Task(BashOperator): first_task> on 2022-10-24 00:00:00+00:00
[2024-12-19T08:54:24.702+0000] {logging_mixin.py:190} WARNING - /home/***/.local/lib/python3.12/site-packages/***/task/task_runner/standard_task_runner.py:70 DeprecationWarning: This process (pid=5693) is multi-threaded, use of fork() may lead to deadlocks in the child.
[2024-12-19T08:54:24.704+0000] {standard_task_runner.py:72} INFO - Started process 5698 to run task
[2024-12-19T08:54:24.707+0000] {standard_task_runner.py:104} INFO - Running: ['***', 'tasks', 'run', 'our_first_dag_v2', 'first_task', 'scheduled__2022-10-24T00:00:00+00:00', '--job-id', '1258', '--raw', '--subdir', 'DAGS_FOLDER/our_first_dag.py', '--cfg-path', '/tmp/tmp_tlmnpjt']
[2024-12-19T08:54:24.711+0000] {standard_task_runner.py:105} INFO - Job 1258: Subtask first_task
[2024-12-19T08:54:24.769+0000] {task_command.py:467} INFO - Running <TaskInstance: our_first_dag_v2.first_task scheduled__2022-10-24T00:00:00+00:00 [running]> on host 8d142e9c83a7
[2024-12-19T08:54:24.874+0000] {taskinstance.py:3132} INFO - Exporting env vars: AIRFLOW_CTX_DAG_OWNER='mateo' AIRFLOW_CTX_DAG_ID='our_first_dag_v2' AIRFLOW_CTX_TASK_ID='first_task' AIRFLOW_CTX_EXECUTION_DATE='2022-10-24T00:00:00+00:00' AIRFLOW_CTX_TRY_NUMBER='1' AIRFLOW_CTX_DAG_RUN_ID='scheduled__2022-10-24T00:00:00+00:00'
[2024-12-19T08:54:24.878+0000] {taskinstance.py:731} INFO - ::endgroup::
[2024-12-19T08:54:24.902+0000] {subprocess.py:78} INFO - Tmp dir root location: /tmp
[2024-12-19T08:54:24.903+0000] {subprocess.py:88} INFO - Running command: ['/usr/bin/bash', '-c', 'echo hello world, this is the first task']
[2024-12-19T08:54:24.922+0000] {subprocess.py:99} INFO - Output:
[2024-12-19T08:54:24.924+0000] {subprocess.py:106} INFO - hello world, this is the first task
[2024-12-19T08:54:24.926+0000] {subprocess.py:110} INFO - Command exited with return code 0
[2024-12-19T08:54:24.958+0000] {taskinstance.py:340} INFO - ::group::Post task execution logs
[2024-12-19T08:54:24.959+0000] {taskinstance.py:352} INFO - Marking task as SUCCESS. dag_id=our_first_dag_v2, task_id=first_task, run_id=scheduled__2022-10-24T00:00:00+00:00, execution_date=20221024T000000, start_date=20241219T085424, end_date=20241219T085424
[2024-12-19T08:54:25.009+0000] {local_task_job_runner.py:266} INFO - Task exited with return code 0
[2024-12-19T08:54:25.019+0000] {local_task_job_runner.py:245} INFO - ::endgroup::
