[2024-12-19T13:52:06.690+0000] {local_task_job_runner.py:123} INFO - ::group::Pre task execution logs
[2024-12-19T13:52:06.740+0000] {taskinstance.py:2613} INFO - Dependencies all met for dep_context=non-requeueable deps ti=<TaskInstance: dag_with_taskflow_api.get_name scheduled__2024-11-24T00:00:00+00:00 [queued]>
[2024-12-19T13:52:06.765+0000] {taskinstance.py:2613} INFO - Dependencies all met for dep_context=requeueable deps ti=<TaskInstance: dag_with_taskflow_api.get_name scheduled__2024-11-24T00:00:00+00:00 [queued]>
[2024-12-19T13:52:06.766+0000] {taskinstance.py:2866} INFO - Starting attempt 1 of 6
[2024-12-19T13:52:06.822+0000] {taskinstance.py:2889} INFO - Executing <Task(_PythonDecoratedOperator): get_name> on 2024-11-24 00:00:00+00:00
[2024-12-19T13:52:06.849+0000] {logging_mixin.py:190} WARNING - /home/***/.local/lib/python3.12/site-packages/***/task/task_runner/standard_task_runner.py:70 DeprecationWarning: This process (pid=16624) is multi-threaded, use of fork() may lead to deadlocks in the child.
[2024-12-19T13:52:06.853+0000] {standard_task_runner.py:72} INFO - Started process 16637 to run task
[2024-12-19T13:52:06.859+0000] {standard_task_runner.py:104} INFO - Running: ['***', 'tasks', 'run', 'dag_with_taskflow_api', 'get_name', 'scheduled__2024-11-24T00:00:00+00:00', '--job-id', '4523', '--raw', '--subdir', 'DAGS_FOLDER/dag_with_taskflow_api.py', '--cfg-path', '/tmp/tmplef_oz2w']
[2024-12-19T13:52:06.893+0000] {standard_task_runner.py:105} INFO - Job 4523: Subtask get_name
[2024-12-19T13:52:07.035+0000] {task_command.py:467} INFO - Running <TaskInstance: dag_with_taskflow_api.get_name scheduled__2024-11-24T00:00:00+00:00 [running]> on host 02d979add40a
[2024-12-19T13:52:07.668+0000] {taskinstance.py:3132} INFO - Exporting env vars: AIRFLOW_CTX_DAG_OWNER='mateo' AIRFLOW_CTX_DAG_ID='dag_with_taskflow_api' AIRFLOW_CTX_TASK_ID='get_name' AIRFLOW_CTX_EXECUTION_DATE='2024-11-24T00:00:00+00:00' AIRFLOW_CTX_TRY_NUMBER='1' AIRFLOW_CTX_DAG_RUN_ID='scheduled__2024-11-24T00:00:00+00:00'
[2024-12-19T13:52:07.672+0000] {taskinstance.py:731} INFO - ::endgroup::
[2024-12-19T13:52:07.676+0000] {python.py:240} INFO - Done. Returned value was: Jerry
[2024-12-19T13:52:07.741+0000] {taskinstance.py:340} INFO - ::group::Post task execution logs
[2024-12-19T13:52:07.758+0000] {taskinstance.py:352} INFO - Marking task as SUCCESS. dag_id=dag_with_taskflow_api, task_id=get_name, run_id=scheduled__2024-11-24T00:00:00+00:00, execution_date=20241124T000000, start_date=20241219T135206, end_date=20241219T135207
[2024-12-19T13:52:07.835+0000] {local_task_job_runner.py:266} INFO - Task exited with return code 0
[2024-12-19T13:52:07.859+0000] {local_task_job_runner.py:245} INFO - ::endgroup::
[2024-12-20T10:29:38.972+0000] {local_task_job_runner.py:123} INFO - ::group::Pre task execution logs
[2024-12-20T10:29:38.994+0000] {taskinstance.py:2613} INFO - Dependencies all met for dep_context=non-requeueable deps ti=<TaskInstance: dag_with_taskflow_api.get_name scheduled__2024-11-24T00:00:00+00:00 [queued]>
[2024-12-20T10:29:39.007+0000] {taskinstance.py:2613} INFO - Dependencies all met for dep_context=requeueable deps ti=<TaskInstance: dag_with_taskflow_api.get_name scheduled__2024-11-24T00:00:00+00:00 [queued]>
[2024-12-20T10:29:39.009+0000] {taskinstance.py:2866} INFO - Starting attempt 1 of 6
[2024-12-20T10:29:39.036+0000] {taskinstance.py:2889} INFO - Executing <Task(_PythonDecoratedOperator): get_name> on 2024-11-24 00:00:00+00:00
[2024-12-20T10:29:39.052+0000] {logging_mixin.py:190} WARNING - /home/***/.local/lib/python3.12/site-packages/***/task/task_runner/standard_task_runner.py:70 DeprecationWarning: This process (pid=13252) is multi-threaded, use of fork() may lead to deadlocks in the child.
[2024-12-20T10:29:39.059+0000] {standard_task_runner.py:104} INFO - Running: ['***', 'tasks', 'run', 'dag_with_taskflow_api', 'get_name', 'scheduled__2024-11-24T00:00:00+00:00', '--job-id', '4840', '--raw', '--subdir', 'DAGS_FOLDER/dag_with_taskflow_api.py', '--cfg-path', '/tmp/tmputjiej6e']
[2024-12-20T10:29:39.061+0000] {standard_task_runner.py:72} INFO - Started process 13263 to run task
[2024-12-20T10:29:39.063+0000] {standard_task_runner.py:105} INFO - Job 4840: Subtask get_name
[2024-12-20T10:29:39.173+0000] {task_command.py:467} INFO - Running <TaskInstance: dag_with_taskflow_api.get_name scheduled__2024-11-24T00:00:00+00:00 [running]> on host a998b5b3d359
[2024-12-20T10:29:39.360+0000] {taskinstance.py:3132} INFO - Exporting env vars: AIRFLOW_CTX_DAG_OWNER='mateo' AIRFLOW_CTX_DAG_ID='dag_with_taskflow_api' AIRFLOW_CTX_TASK_ID='get_name' AIRFLOW_CTX_EXECUTION_DATE='2024-11-24T00:00:00+00:00' AIRFLOW_CTX_TRY_NUMBER='1' AIRFLOW_CTX_DAG_RUN_ID='scheduled__2024-11-24T00:00:00+00:00'
[2024-12-20T10:29:39.362+0000] {taskinstance.py:731} INFO - ::endgroup::
[2024-12-20T10:29:39.366+0000] {python.py:240} INFO - Done. Returned value was: Jerry
[2024-12-20T10:29:39.392+0000] {taskinstance.py:340} INFO - ::group::Post task execution logs
[2024-12-20T10:29:39.393+0000] {taskinstance.py:352} INFO - Marking task as SUCCESS. dag_id=dag_with_taskflow_api, task_id=get_name, run_id=scheduled__2024-11-24T00:00:00+00:00, execution_date=20241124T000000, start_date=20241220T102939, end_date=20241220T102939
[2024-12-20T10:29:39.458+0000] {local_task_job_runner.py:266} INFO - Task exited with return code 0
[2024-12-20T10:29:39.481+0000] {local_task_job_runner.py:245} INFO - ::endgroup::
