[2024-12-19T13:52:13.893+0000] {local_task_job_runner.py:123} INFO - ::group::Pre task execution logs
[2024-12-19T13:52:13.945+0000] {taskinstance.py:2613} INFO - Dependencies all met for dep_context=non-requeueable deps ti=<TaskInstance: dag_with_taskflow_api.get_name scheduled__2024-12-02T00:00:00+00:00 [queued]>
[2024-12-19T13:52:13.984+0000] {taskinstance.py:2613} INFO - Dependencies all met for dep_context=requeueable deps ti=<TaskInstance: dag_with_taskflow_api.get_name scheduled__2024-12-02T00:00:00+00:00 [queued]>
[2024-12-19T13:52:13.988+0000] {taskinstance.py:2866} INFO - Starting attempt 1 of 6
[2024-12-19T13:52:14.149+0000] {taskinstance.py:2889} INFO - Executing <Task(_PythonDecoratedOperator): get_name> on 2024-12-02 00:00:00+00:00
[2024-12-19T13:52:14.186+0000] {logging_mixin.py:190} WARNING - /home/***/.local/lib/python3.12/site-packages/***/task/task_runner/standard_task_runner.py:70 DeprecationWarning: This process (pid=16714) is multi-threaded, use of fork() may lead to deadlocks in the child.
[2024-12-19T13:52:14.206+0000] {standard_task_runner.py:72} INFO - Started process 16738 to run task
[2024-12-19T13:52:14.185+0000] {standard_task_runner.py:104} INFO - Running: ['***', 'tasks', 'run', 'dag_with_taskflow_api', 'get_name', 'scheduled__2024-12-02T00:00:00+00:00', '--job-id', '4550', '--raw', '--subdir', 'DAGS_FOLDER/dag_with_taskflow_api.py', '--cfg-path', '/tmp/tmp3g577nj1']
[2024-12-19T13:52:14.211+0000] {standard_task_runner.py:105} INFO - Job 4550: Subtask get_name
[2024-12-19T13:52:14.412+0000] {task_command.py:467} INFO - Running <TaskInstance: dag_with_taskflow_api.get_name scheduled__2024-12-02T00:00:00+00:00 [running]> on host 02d979add40a
[2024-12-19T13:52:14.687+0000] {taskinstance.py:3132} INFO - Exporting env vars: AIRFLOW_CTX_DAG_OWNER='mateo' AIRFLOW_CTX_DAG_ID='dag_with_taskflow_api' AIRFLOW_CTX_TASK_ID='get_name' AIRFLOW_CTX_EXECUTION_DATE='2024-12-02T00:00:00+00:00' AIRFLOW_CTX_TRY_NUMBER='1' AIRFLOW_CTX_DAG_RUN_ID='scheduled__2024-12-02T00:00:00+00:00'
[2024-12-19T13:52:14.693+0000] {taskinstance.py:731} INFO - ::endgroup::
[2024-12-19T13:52:14.703+0000] {python.py:240} INFO - Done. Returned value was: Jerry
[2024-12-19T13:52:14.777+0000] {taskinstance.py:340} INFO - ::group::Post task execution logs
[2024-12-19T13:52:14.783+0000] {taskinstance.py:352} INFO - Marking task as SUCCESS. dag_id=dag_with_taskflow_api, task_id=get_name, run_id=scheduled__2024-12-02T00:00:00+00:00, execution_date=20241202T000000, start_date=20241219T135213, end_date=20241219T135214
[2024-12-19T13:52:14.878+0000] {local_task_job_runner.py:266} INFO - Task exited with return code 0
[2024-12-19T13:52:14.902+0000] {local_task_job_runner.py:245} INFO - ::endgroup::
[2024-12-20T10:29:44.328+0000] {local_task_job_runner.py:123} INFO - ::group::Pre task execution logs
[2024-12-20T10:29:44.351+0000] {taskinstance.py:2613} INFO - Dependencies all met for dep_context=non-requeueable deps ti=<TaskInstance: dag_with_taskflow_api.get_name scheduled__2024-12-02T00:00:00+00:00 [queued]>
[2024-12-20T10:29:44.365+0000] {taskinstance.py:2613} INFO - Dependencies all met for dep_context=requeueable deps ti=<TaskInstance: dag_with_taskflow_api.get_name scheduled__2024-12-02T00:00:00+00:00 [queued]>
[2024-12-20T10:29:44.368+0000] {taskinstance.py:2866} INFO - Starting attempt 1 of 6
[2024-12-20T10:29:44.400+0000] {taskinstance.py:2889} INFO - Executing <Task(_PythonDecoratedOperator): get_name> on 2024-12-02 00:00:00+00:00
[2024-12-20T10:29:44.413+0000] {logging_mixin.py:190} WARNING - /home/***/.local/lib/python3.12/site-packages/***/task/task_runner/standard_task_runner.py:70 DeprecationWarning: This process (pid=13337) is multi-threaded, use of fork() may lead to deadlocks in the child.
[2024-12-20T10:29:44.416+0000] {standard_task_runner.py:72} INFO - Started process 13341 to run task
[2024-12-20T10:29:44.422+0000] {standard_task_runner.py:104} INFO - Running: ['***', 'tasks', 'run', 'dag_with_taskflow_api', 'get_name', 'scheduled__2024-12-02T00:00:00+00:00', '--job-id', '4866', '--raw', '--subdir', 'DAGS_FOLDER/dag_with_taskflow_api.py', '--cfg-path', '/tmp/tmp7h3ui6g8']
[2024-12-20T10:29:44.440+0000] {standard_task_runner.py:105} INFO - Job 4866: Subtask get_name
[2024-12-20T10:29:44.577+0000] {task_command.py:467} INFO - Running <TaskInstance: dag_with_taskflow_api.get_name scheduled__2024-12-02T00:00:00+00:00 [running]> on host a998b5b3d359
[2024-12-20T10:29:44.759+0000] {taskinstance.py:3132} INFO - Exporting env vars: AIRFLOW_CTX_DAG_OWNER='mateo' AIRFLOW_CTX_DAG_ID='dag_with_taskflow_api' AIRFLOW_CTX_TASK_ID='get_name' AIRFLOW_CTX_EXECUTION_DATE='2024-12-02T00:00:00+00:00' AIRFLOW_CTX_TRY_NUMBER='1' AIRFLOW_CTX_DAG_RUN_ID='scheduled__2024-12-02T00:00:00+00:00'
[2024-12-20T10:29:44.765+0000] {taskinstance.py:731} INFO - ::endgroup::
[2024-12-20T10:29:44.778+0000] {python.py:240} INFO - Done. Returned value was: Jerry
[2024-12-20T10:29:44.828+0000] {taskinstance.py:340} INFO - ::group::Post task execution logs
[2024-12-20T10:29:44.830+0000] {taskinstance.py:352} INFO - Marking task as SUCCESS. dag_id=dag_with_taskflow_api, task_id=get_name, run_id=scheduled__2024-12-02T00:00:00+00:00, execution_date=20241202T000000, start_date=20241220T102944, end_date=20241220T102944
[2024-12-20T10:29:44.911+0000] {local_task_job_runner.py:266} INFO - Task exited with return code 0
[2024-12-20T10:29:44.952+0000] {taskinstance.py:3895} INFO - 1 downstream tasks scheduled from follow-on schedule check
[2024-12-20T10:29:44.955+0000] {local_task_job_runner.py:245} INFO - ::endgroup::
