[2024-12-19T13:51:09.280+0000] {local_task_job_runner.py:123} INFO - ::group::Pre task execution logs
[2024-12-19T13:51:09.330+0000] {taskinstance.py:2613} INFO - Dependencies all met for dep_context=non-requeueable deps ti=<TaskInstance: dag_with_taskflow_api.get_age scheduled__2024-09-13T00:00:00+00:00 [queued]>
[2024-12-19T13:51:09.351+0000] {taskinstance.py:2613} INFO - Dependencies all met for dep_context=requeueable deps ti=<TaskInstance: dag_with_taskflow_api.get_age scheduled__2024-09-13T00:00:00+00:00 [queued]>
[2024-12-19T13:51:09.356+0000] {taskinstance.py:2866} INFO - Starting attempt 1 of 6
[2024-12-19T13:51:09.412+0000] {taskinstance.py:2889} INFO - Executing <Task(_PythonDecoratedOperator): get_age> on 2024-09-13 00:00:00+00:00
[2024-12-19T13:51:09.469+0000] {logging_mixin.py:190} WARNING - /home/***/.local/lib/python3.12/site-packages/***/task/task_runner/standard_task_runner.py:70 DeprecationWarning: This process (pid=15927) is multi-threaded, use of fork() may lead to deadlocks in the child.
[2024-12-19T13:51:09.479+0000] {standard_task_runner.py:72} INFO - Started process 15948 to run task
[2024-12-19T13:51:09.508+0000] {standard_task_runner.py:104} INFO - Running: ['***', 'tasks', 'run', 'dag_with_taskflow_api', 'get_age', 'scheduled__2024-09-13T00:00:00+00:00', '--job-id', '4309', '--raw', '--subdir', 'DAGS_FOLDER/dag_with_taskflow_api.py', '--cfg-path', '/tmp/tmp1k2a7cfa']
[2024-12-19T13:51:09.517+0000] {standard_task_runner.py:105} INFO - Job 4309: Subtask get_age
[2024-12-19T13:51:09.740+0000] {task_command.py:467} INFO - Running <TaskInstance: dag_with_taskflow_api.get_age scheduled__2024-09-13T00:00:00+00:00 [running]> on host 02d979add40a
[2024-12-19T13:51:10.096+0000] {taskinstance.py:3132} INFO - Exporting env vars: AIRFLOW_CTX_DAG_OWNER='mateo' AIRFLOW_CTX_DAG_ID='dag_with_taskflow_api' AIRFLOW_CTX_TASK_ID='get_age' AIRFLOW_CTX_EXECUTION_DATE='2024-09-13T00:00:00+00:00' AIRFLOW_CTX_TRY_NUMBER='1' AIRFLOW_CTX_DAG_RUN_ID='scheduled__2024-09-13T00:00:00+00:00'
[2024-12-19T13:51:10.099+0000] {taskinstance.py:731} INFO - ::endgroup::
[2024-12-19T13:51:10.105+0000] {python.py:240} INFO - Done. Returned value was: 19
[2024-12-19T13:51:10.194+0000] {taskinstance.py:340} INFO - ::group::Post task execution logs
[2024-12-19T13:51:10.206+0000] {taskinstance.py:352} INFO - Marking task as SUCCESS. dag_id=dag_with_taskflow_api, task_id=get_age, run_id=scheduled__2024-09-13T00:00:00+00:00, execution_date=20240913T000000, start_date=20241219T135109, end_date=20241219T135110
[2024-12-19T13:51:10.332+0000] {local_task_job_runner.py:266} INFO - Task exited with return code 0
[2024-12-19T13:51:10.358+0000] {local_task_job_runner.py:245} INFO - ::endgroup::
[2024-12-20T10:28:45.121+0000] {local_task_job_runner.py:123} INFO - ::group::Pre task execution logs
[2024-12-20T10:28:45.173+0000] {taskinstance.py:2613} INFO - Dependencies all met for dep_context=non-requeueable deps ti=<TaskInstance: dag_with_taskflow_api.get_age scheduled__2024-09-13T00:00:00+00:00 [queued]>
[2024-12-20T10:28:45.190+0000] {taskinstance.py:2613} INFO - Dependencies all met for dep_context=requeueable deps ti=<TaskInstance: dag_with_taskflow_api.get_age scheduled__2024-09-13T00:00:00+00:00 [queued]>
[2024-12-20T10:28:45.191+0000] {taskinstance.py:2866} INFO - Starting attempt 1 of 6
[2024-12-20T10:28:45.217+0000] {taskinstance.py:2889} INFO - Executing <Task(_PythonDecoratedOperator): get_age> on 2024-09-13 00:00:00+00:00
[2024-12-20T10:28:45.239+0000] {logging_mixin.py:190} WARNING - /home/***/.local/lib/python3.12/site-packages/***/task/task_runner/standard_task_runner.py:70 DeprecationWarning: This process (pid=12566) is multi-threaded, use of fork() may lead to deadlocks in the child.
[2024-12-20T10:28:45.243+0000] {standard_task_runner.py:72} INFO - Started process 12574 to run task
[2024-12-20T10:28:45.240+0000] {standard_task_runner.py:104} INFO - Running: ['***', 'tasks', 'run', 'dag_with_taskflow_api', 'get_age', 'scheduled__2024-09-13T00:00:00+00:00', '--job-id', '4628', '--raw', '--subdir', 'DAGS_FOLDER/dag_with_taskflow_api.py', '--cfg-path', '/tmp/tmpgow8_nx6']
[2024-12-20T10:28:45.245+0000] {standard_task_runner.py:105} INFO - Job 4628: Subtask get_age
[2024-12-20T10:28:45.379+0000] {task_command.py:467} INFO - Running <TaskInstance: dag_with_taskflow_api.get_age scheduled__2024-09-13T00:00:00+00:00 [running]> on host a998b5b3d359
[2024-12-20T10:28:45.558+0000] {taskinstance.py:3132} INFO - Exporting env vars: AIRFLOW_CTX_DAG_OWNER='mateo' AIRFLOW_CTX_DAG_ID='dag_with_taskflow_api' AIRFLOW_CTX_TASK_ID='get_age' AIRFLOW_CTX_EXECUTION_DATE='2024-09-13T00:00:00+00:00' AIRFLOW_CTX_TRY_NUMBER='1' AIRFLOW_CTX_DAG_RUN_ID='scheduled__2024-09-13T00:00:00+00:00'
[2024-12-20T10:28:45.561+0000] {taskinstance.py:731} INFO - ::endgroup::
[2024-12-20T10:28:45.565+0000] {python.py:240} INFO - Done. Returned value was: 19
[2024-12-20T10:28:45.623+0000] {taskinstance.py:340} INFO - ::group::Post task execution logs
[2024-12-20T10:28:45.626+0000] {taskinstance.py:352} INFO - Marking task as SUCCESS. dag_id=dag_with_taskflow_api, task_id=get_age, run_id=scheduled__2024-09-13T00:00:00+00:00, execution_date=20240913T000000, start_date=20241220T102845, end_date=20241220T102845
[2024-12-20T10:28:45.871+0000] {local_task_job_runner.py:266} INFO - Task exited with return code 0
[2024-12-20T10:28:45.888+0000] {local_task_job_runner.py:245} INFO - ::endgroup::
