[2024-12-19T13:51:31.133+0000] {local_task_job_runner.py:123} INFO - ::group::Pre task execution logs
[2024-12-19T13:51:31.173+0000] {taskinstance.py:2613} INFO - Dependencies all met for dep_context=non-requeueable deps ti=<TaskInstance: dag_with_taskflow_api.get_name scheduled__2024-10-07T00:00:00+00:00 [queued]>
[2024-12-19T13:51:31.209+0000] {taskinstance.py:2613} INFO - Dependencies all met for dep_context=requeueable deps ti=<TaskInstance: dag_with_taskflow_api.get_name scheduled__2024-10-07T00:00:00+00:00 [queued]>
[2024-12-19T13:51:31.211+0000] {taskinstance.py:2866} INFO - Starting attempt 1 of 6
[2024-12-19T13:51:31.258+0000] {taskinstance.py:2889} INFO - Executing <Task(_PythonDecoratedOperator): get_name> on 2024-10-07 00:00:00+00:00
[2024-12-19T13:51:31.279+0000] {logging_mixin.py:190} WARNING - /home/***/.local/lib/python3.12/site-packages/***/task/task_runner/standard_task_runner.py:70 DeprecationWarning: This process (pid=16191) is multi-threaded, use of fork() may lead to deadlocks in the child.
[2024-12-19T13:51:31.282+0000] {standard_task_runner.py:72} INFO - Started process 16197 to run task
[2024-12-19T13:51:31.291+0000] {standard_task_runner.py:104} INFO - Running: ['***', 'tasks', 'run', 'dag_with_taskflow_api', 'get_name', 'scheduled__2024-10-07T00:00:00+00:00', '--job-id', '4384', '--raw', '--subdir', 'DAGS_FOLDER/dag_with_taskflow_api.py', '--cfg-path', '/tmp/tmp90o23q1y']
[2024-12-19T13:51:31.302+0000] {standard_task_runner.py:105} INFO - Job 4384: Subtask get_name
[2024-12-19T13:51:31.454+0000] {task_command.py:467} INFO - Running <TaskInstance: dag_with_taskflow_api.get_name scheduled__2024-10-07T00:00:00+00:00 [running]> on host 02d979add40a
[2024-12-19T13:51:31.813+0000] {taskinstance.py:3132} INFO - Exporting env vars: AIRFLOW_CTX_DAG_OWNER='mateo' AIRFLOW_CTX_DAG_ID='dag_with_taskflow_api' AIRFLOW_CTX_TASK_ID='get_name' AIRFLOW_CTX_EXECUTION_DATE='2024-10-07T00:00:00+00:00' AIRFLOW_CTX_TRY_NUMBER='1' AIRFLOW_CTX_DAG_RUN_ID='scheduled__2024-10-07T00:00:00+00:00'
[2024-12-19T13:51:31.823+0000] {taskinstance.py:731} INFO - ::endgroup::
[2024-12-19T13:51:31.828+0000] {python.py:240} INFO - Done. Returned value was: Jerry
[2024-12-19T13:51:31.920+0000] {taskinstance.py:340} INFO - ::group::Post task execution logs
[2024-12-19T13:51:31.925+0000] {taskinstance.py:352} INFO - Marking task as SUCCESS. dag_id=dag_with_taskflow_api, task_id=get_name, run_id=scheduled__2024-10-07T00:00:00+00:00, execution_date=20241007T000000, start_date=20241219T135131, end_date=20241219T135131
[2024-12-19T13:51:32.091+0000] {local_task_job_runner.py:266} INFO - Task exited with return code 0
[2024-12-19T13:51:32.119+0000] {local_task_job_runner.py:245} INFO - ::endgroup::
[2024-12-20T10:29:06.052+0000] {local_task_job_runner.py:123} INFO - ::group::Pre task execution logs
[2024-12-20T10:29:06.072+0000] {taskinstance.py:2613} INFO - Dependencies all met for dep_context=non-requeueable deps ti=<TaskInstance: dag_with_taskflow_api.get_name scheduled__2024-10-07T00:00:00+00:00 [queued]>
[2024-12-20T10:29:06.082+0000] {taskinstance.py:2613} INFO - Dependencies all met for dep_context=requeueable deps ti=<TaskInstance: dag_with_taskflow_api.get_name scheduled__2024-10-07T00:00:00+00:00 [queued]>
[2024-12-20T10:29:06.083+0000] {taskinstance.py:2866} INFO - Starting attempt 1 of 6
[2024-12-20T10:29:06.253+0000] {taskinstance.py:2889} INFO - Executing <Task(_PythonDecoratedOperator): get_name> on 2024-10-07 00:00:00+00:00
[2024-12-20T10:29:06.267+0000] {logging_mixin.py:190} WARNING - /home/***/.local/lib/python3.12/site-packages/***/task/task_runner/standard_task_runner.py:70 DeprecationWarning: This process (pid=12794) is multi-threaded, use of fork() may lead to deadlocks in the child.
[2024-12-20T10:29:06.270+0000] {standard_task_runner.py:72} INFO - Started process 12802 to run task
[2024-12-20T10:29:06.275+0000] {standard_task_runner.py:104} INFO - Running: ['***', 'tasks', 'run', 'dag_with_taskflow_api', 'get_name', 'scheduled__2024-10-07T00:00:00+00:00', '--job-id', '4700', '--raw', '--subdir', 'DAGS_FOLDER/dag_with_taskflow_api.py', '--cfg-path', '/tmp/tmpzpb4unkf']
[2024-12-20T10:29:06.280+0000] {standard_task_runner.py:105} INFO - Job 4700: Subtask get_name
[2024-12-20T10:29:06.363+0000] {task_command.py:467} INFO - Running <TaskInstance: dag_with_taskflow_api.get_name scheduled__2024-10-07T00:00:00+00:00 [running]> on host a998b5b3d359
[2024-12-20T10:29:06.511+0000] {taskinstance.py:3132} INFO - Exporting env vars: AIRFLOW_CTX_DAG_OWNER='mateo' AIRFLOW_CTX_DAG_ID='dag_with_taskflow_api' AIRFLOW_CTX_TASK_ID='get_name' AIRFLOW_CTX_EXECUTION_DATE='2024-10-07T00:00:00+00:00' AIRFLOW_CTX_TRY_NUMBER='1' AIRFLOW_CTX_DAG_RUN_ID='scheduled__2024-10-07T00:00:00+00:00'
[2024-12-20T10:29:06.514+0000] {taskinstance.py:731} INFO - ::endgroup::
[2024-12-20T10:29:06.520+0000] {python.py:240} INFO - Done. Returned value was: Jerry
[2024-12-20T10:29:06.559+0000] {taskinstance.py:340} INFO - ::group::Post task execution logs
[2024-12-20T10:29:06.561+0000] {taskinstance.py:352} INFO - Marking task as SUCCESS. dag_id=dag_with_taskflow_api, task_id=get_name, run_id=scheduled__2024-10-07T00:00:00+00:00, execution_date=20241007T000000, start_date=20241220T102906, end_date=20241220T102906
[2024-12-20T10:29:06.626+0000] {local_task_job_runner.py:266} INFO - Task exited with return code 0
[2024-12-20T10:29:06.638+0000] {local_task_job_runner.py:245} INFO - ::endgroup::
