[2024-12-19T13:51:53.267+0000] {local_task_job_runner.py:123} INFO - ::group::Pre task execution logs
[2024-12-19T13:51:53.326+0000] {taskinstance.py:2613} INFO - Dependencies all met for dep_context=non-requeueable deps ti=<TaskInstance: dag_with_taskflow_api.get_name scheduled__2024-11-07T00:00:00+00:00 [queued]>
[2024-12-19T13:51:53.339+0000] {taskinstance.py:2613} INFO - Dependencies all met for dep_context=requeueable deps ti=<TaskInstance: dag_with_taskflow_api.get_name scheduled__2024-11-07T00:00:00+00:00 [queued]>
[2024-12-19T13:51:53.342+0000] {taskinstance.py:2866} INFO - Starting attempt 1 of 6
[2024-12-19T13:51:53.373+0000] {taskinstance.py:2889} INFO - Executing <Task(_PythonDecoratedOperator): get_name> on 2024-11-07 00:00:00+00:00
[2024-12-19T13:51:53.399+0000] {logging_mixin.py:190} WARNING - /home/***/.local/lib/python3.12/site-packages/***/task/task_runner/standard_task_runner.py:70 DeprecationWarning: This process (pid=16470) is multi-threaded, use of fork() may lead to deadlocks in the child.
[2024-12-19T13:51:53.402+0000] {standard_task_runner.py:104} INFO - Running: ['***', 'tasks', 'run', 'dag_with_taskflow_api', 'get_name', 'scheduled__2024-11-07T00:00:00+00:00', '--job-id', '4474', '--raw', '--subdir', 'DAGS_FOLDER/dag_with_taskflow_api.py', '--cfg-path', '/tmp/tmpkx85bhvn']
[2024-12-19T13:51:53.425+0000] {standard_task_runner.py:105} INFO - Job 4474: Subtask get_name
[2024-12-19T13:51:53.422+0000] {standard_task_runner.py:72} INFO - Started process 16486 to run task
[2024-12-19T13:51:53.573+0000] {task_command.py:467} INFO - Running <TaskInstance: dag_with_taskflow_api.get_name scheduled__2024-11-07T00:00:00+00:00 [running]> on host 02d979add40a
[2024-12-19T13:51:53.870+0000] {taskinstance.py:3132} INFO - Exporting env vars: AIRFLOW_CTX_DAG_OWNER='mateo' AIRFLOW_CTX_DAG_ID='dag_with_taskflow_api' AIRFLOW_CTX_TASK_ID='get_name' AIRFLOW_CTX_EXECUTION_DATE='2024-11-07T00:00:00+00:00' AIRFLOW_CTX_TRY_NUMBER='1' AIRFLOW_CTX_DAG_RUN_ID='scheduled__2024-11-07T00:00:00+00:00'
[2024-12-19T13:51:53.875+0000] {taskinstance.py:731} INFO - ::endgroup::
[2024-12-19T13:51:53.879+0000] {python.py:240} INFO - Done. Returned value was: Jerry
[2024-12-19T13:51:53.935+0000] {taskinstance.py:340} INFO - ::group::Post task execution logs
[2024-12-19T13:51:53.937+0000] {taskinstance.py:352} INFO - Marking task as SUCCESS. dag_id=dag_with_taskflow_api, task_id=get_name, run_id=scheduled__2024-11-07T00:00:00+00:00, execution_date=20241107T000000, start_date=20241219T135153, end_date=20241219T135153
[2024-12-19T13:51:54.013+0000] {local_task_job_runner.py:266} INFO - Task exited with return code 0
[2024-12-19T13:51:54.070+0000] {local_task_job_runner.py:245} INFO - ::endgroup::
[2024-12-20T10:29:28.011+0000] {local_task_job_runner.py:123} INFO - ::group::Pre task execution logs
[2024-12-20T10:29:28.033+0000] {taskinstance.py:2613} INFO - Dependencies all met for dep_context=non-requeueable deps ti=<TaskInstance: dag_with_taskflow_api.get_name scheduled__2024-11-07T00:00:00+00:00 [queued]>
[2024-12-20T10:29:28.051+0000] {taskinstance.py:2613} INFO - Dependencies all met for dep_context=requeueable deps ti=<TaskInstance: dag_with_taskflow_api.get_name scheduled__2024-11-07T00:00:00+00:00 [queued]>
[2024-12-20T10:29:28.053+0000] {taskinstance.py:2866} INFO - Starting attempt 1 of 6
[2024-12-20T10:29:28.081+0000] {taskinstance.py:2889} INFO - Executing <Task(_PythonDecoratedOperator): get_name> on 2024-11-07 00:00:00+00:00
[2024-12-20T10:29:28.094+0000] {logging_mixin.py:190} WARNING - /home/***/.local/lib/python3.12/site-packages/***/task/task_runner/standard_task_runner.py:70 DeprecationWarning: This process (pid=13096) is multi-threaded, use of fork() may lead to deadlocks in the child.
[2024-12-20T10:29:28.097+0000] {standard_task_runner.py:72} INFO - Started process 13103 to run task
[2024-12-20T10:29:28.103+0000] {standard_task_runner.py:104} INFO - Running: ['***', 'tasks', 'run', 'dag_with_taskflow_api', 'get_name', 'scheduled__2024-11-07T00:00:00+00:00', '--job-id', '4789', '--raw', '--subdir', 'DAGS_FOLDER/dag_with_taskflow_api.py', '--cfg-path', '/tmp/tmpyqrpg36t']
[2024-12-20T10:29:28.107+0000] {standard_task_runner.py:105} INFO - Job 4789: Subtask get_name
[2024-12-20T10:29:28.224+0000] {task_command.py:467} INFO - Running <TaskInstance: dag_with_taskflow_api.get_name scheduled__2024-11-07T00:00:00+00:00 [running]> on host a998b5b3d359
[2024-12-20T10:29:28.382+0000] {taskinstance.py:3132} INFO - Exporting env vars: AIRFLOW_CTX_DAG_OWNER='mateo' AIRFLOW_CTX_DAG_ID='dag_with_taskflow_api' AIRFLOW_CTX_TASK_ID='get_name' AIRFLOW_CTX_EXECUTION_DATE='2024-11-07T00:00:00+00:00' AIRFLOW_CTX_TRY_NUMBER='1' AIRFLOW_CTX_DAG_RUN_ID='scheduled__2024-11-07T00:00:00+00:00'
[2024-12-20T10:29:28.387+0000] {taskinstance.py:731} INFO - ::endgroup::
[2024-12-20T10:29:28.391+0000] {python.py:240} INFO - Done. Returned value was: Jerry
[2024-12-20T10:29:28.440+0000] {taskinstance.py:340} INFO - ::group::Post task execution logs
[2024-12-20T10:29:28.442+0000] {taskinstance.py:352} INFO - Marking task as SUCCESS. dag_id=dag_with_taskflow_api, task_id=get_name, run_id=scheduled__2024-11-07T00:00:00+00:00, execution_date=20241107T000000, start_date=20241220T102928, end_date=20241220T102928
[2024-12-20T10:29:28.484+0000] {local_task_job_runner.py:266} INFO - Task exited with return code 0
[2024-12-20T10:29:28.521+0000] {taskinstance.py:3895} INFO - 0 downstream tasks scheduled from follow-on schedule check
[2024-12-20T10:29:28.529+0000] {local_task_job_runner.py:245} INFO - ::endgroup::
