[2024-12-19T13:52:06.167+0000] {local_task_job_runner.py:123} INFO - ::group::Pre task execution logs
[2024-12-19T13:52:06.222+0000] {taskinstance.py:2613} INFO - Dependencies all met for dep_context=non-requeueable deps ti=<TaskInstance: dag_with_taskflow_api.get_age scheduled__2024-11-23T00:00:00+00:00 [queued]>
[2024-12-19T13:52:06.247+0000] {taskinstance.py:2613} INFO - Dependencies all met for dep_context=requeueable deps ti=<TaskInstance: dag_with_taskflow_api.get_age scheduled__2024-11-23T00:00:00+00:00 [queued]>
[2024-12-19T13:52:06.249+0000] {taskinstance.py:2866} INFO - Starting attempt 1 of 6
[2024-12-19T13:52:06.316+0000] {taskinstance.py:2889} INFO - Executing <Task(_PythonDecoratedOperator): get_age> on 2024-11-23 00:00:00+00:00
[2024-12-19T13:52:06.329+0000] {logging_mixin.py:190} WARNING - /home/***/.local/lib/python3.12/site-packages/***/task/task_runner/standard_task_runner.py:70 DeprecationWarning: This process (pid=16616) is multi-threaded, use of fork() may lead to deadlocks in the child.
[2024-12-19T13:52:06.334+0000] {standard_task_runner.py:72} INFO - Started process 16629 to run task
[2024-12-19T13:52:06.424+0000] {standard_task_runner.py:104} INFO - Running: ['***', 'tasks', 'run', 'dag_with_taskflow_api', 'get_age', 'scheduled__2024-11-23T00:00:00+00:00', '--job-id', '4520', '--raw', '--subdir', 'DAGS_FOLDER/dag_with_taskflow_api.py', '--cfg-path', '/tmp/tmpxso7xj_b']
[2024-12-19T13:52:06.467+0000] {standard_task_runner.py:105} INFO - Job 4520: Subtask get_age
[2024-12-19T13:52:06.648+0000] {task_command.py:467} INFO - Running <TaskInstance: dag_with_taskflow_api.get_age scheduled__2024-11-23T00:00:00+00:00 [running]> on host 02d979add40a
[2024-12-19T13:52:06.980+0000] {taskinstance.py:3132} INFO - Exporting env vars: AIRFLOW_CTX_DAG_OWNER='mateo' AIRFLOW_CTX_DAG_ID='dag_with_taskflow_api' AIRFLOW_CTX_TASK_ID='get_age' AIRFLOW_CTX_EXECUTION_DATE='2024-11-23T00:00:00+00:00' AIRFLOW_CTX_TRY_NUMBER='1' AIRFLOW_CTX_DAG_RUN_ID='scheduled__2024-11-23T00:00:00+00:00'
[2024-12-19T13:52:06.987+0000] {taskinstance.py:731} INFO - ::endgroup::
[2024-12-19T13:52:07.008+0000] {python.py:240} INFO - Done. Returned value was: 19
[2024-12-19T13:52:07.090+0000] {taskinstance.py:340} INFO - ::group::Post task execution logs
[2024-12-19T13:52:07.091+0000] {taskinstance.py:352} INFO - Marking task as SUCCESS. dag_id=dag_with_taskflow_api, task_id=get_age, run_id=scheduled__2024-11-23T00:00:00+00:00, execution_date=20241123T000000, start_date=20241219T135206, end_date=20241219T135207
[2024-12-19T13:52:07.198+0000] {local_task_job_runner.py:266} INFO - Task exited with return code 0
[2024-12-19T13:52:07.218+0000] {local_task_job_runner.py:245} INFO - ::endgroup::
[2024-12-20T10:29:38.670+0000] {local_task_job_runner.py:123} INFO - ::group::Pre task execution logs
[2024-12-20T10:29:38.695+0000] {taskinstance.py:2613} INFO - Dependencies all met for dep_context=non-requeueable deps ti=<TaskInstance: dag_with_taskflow_api.get_age scheduled__2024-11-23T00:00:00+00:00 [queued]>
[2024-12-20T10:29:38.710+0000] {taskinstance.py:2613} INFO - Dependencies all met for dep_context=requeueable deps ti=<TaskInstance: dag_with_taskflow_api.get_age scheduled__2024-11-23T00:00:00+00:00 [queued]>
[2024-12-20T10:29:38.712+0000] {taskinstance.py:2866} INFO - Starting attempt 1 of 6
[2024-12-20T10:29:38.731+0000] {taskinstance.py:2889} INFO - Executing <Task(_PythonDecoratedOperator): get_age> on 2024-11-23 00:00:00+00:00
[2024-12-20T10:29:38.751+0000] {logging_mixin.py:190} WARNING - /home/***/.local/lib/python3.12/site-packages/***/task/task_runner/standard_task_runner.py:70 DeprecationWarning: This process (pid=13243) is multi-threaded, use of fork() may lead to deadlocks in the child.
[2024-12-20T10:29:38.754+0000] {standard_task_runner.py:104} INFO - Running: ['***', 'tasks', 'run', 'dag_with_taskflow_api', 'get_age', 'scheduled__2024-11-23T00:00:00+00:00', '--job-id', '4838', '--raw', '--subdir', 'DAGS_FOLDER/dag_with_taskflow_api.py', '--cfg-path', '/tmp/tmptxf6zvyj']
[2024-12-20T10:29:38.759+0000] {standard_task_runner.py:72} INFO - Started process 13255 to run task
[2024-12-20T10:29:38.763+0000] {standard_task_runner.py:105} INFO - Job 4838: Subtask get_age
[2024-12-20T10:29:38.881+0000] {task_command.py:467} INFO - Running <TaskInstance: dag_with_taskflow_api.get_age scheduled__2024-11-23T00:00:00+00:00 [running]> on host a998b5b3d359
[2024-12-20T10:29:39.016+0000] {taskinstance.py:3132} INFO - Exporting env vars: AIRFLOW_CTX_DAG_OWNER='mateo' AIRFLOW_CTX_DAG_ID='dag_with_taskflow_api' AIRFLOW_CTX_TASK_ID='get_age' AIRFLOW_CTX_EXECUTION_DATE='2024-11-23T00:00:00+00:00' AIRFLOW_CTX_TRY_NUMBER='1' AIRFLOW_CTX_DAG_RUN_ID='scheduled__2024-11-23T00:00:00+00:00'
[2024-12-20T10:29:39.020+0000] {taskinstance.py:731} INFO - ::endgroup::
[2024-12-20T10:29:39.024+0000] {python.py:240} INFO - Done. Returned value was: 19
[2024-12-20T10:29:39.069+0000] {taskinstance.py:340} INFO - ::group::Post task execution logs
[2024-12-20T10:29:39.080+0000] {taskinstance.py:352} INFO - Marking task as SUCCESS. dag_id=dag_with_taskflow_api, task_id=get_age, run_id=scheduled__2024-11-23T00:00:00+00:00, execution_date=20241123T000000, start_date=20241220T102938, end_date=20241220T102939
[2024-12-20T10:29:39.149+0000] {local_task_job_runner.py:266} INFO - Task exited with return code 0
[2024-12-20T10:29:39.174+0000] {local_task_job_runner.py:245} INFO - ::endgroup::
