[2024-12-19T13:52:21.264+0000] {local_task_job_runner.py:123} INFO - ::group::Pre task execution logs
[2024-12-19T13:52:21.294+0000] {taskinstance.py:2613} INFO - Dependencies all met for dep_context=non-requeueable deps ti=<TaskInstance: dag_with_taskflow_api.get_age scheduled__2024-12-11T00:00:00+00:00 [queued]>
[2024-12-19T13:52:21.310+0000] {taskinstance.py:2613} INFO - Dependencies all met for dep_context=requeueable deps ti=<TaskInstance: dag_with_taskflow_api.get_age scheduled__2024-12-11T00:00:00+00:00 [queued]>
[2024-12-19T13:52:21.311+0000] {taskinstance.py:2866} INFO - Starting attempt 1 of 6
[2024-12-19T13:52:21.333+0000] {taskinstance.py:2889} INFO - Executing <Task(_PythonDecoratedOperator): get_age> on 2024-12-11 00:00:00+00:00
[2024-12-19T13:52:21.346+0000] {logging_mixin.py:190} WARNING - /home/***/.local/lib/python3.12/site-packages/***/task/task_runner/standard_task_runner.py:70 DeprecationWarning: This process (pid=16822) is multi-threaded, use of fork() may lead to deadlocks in the child.
[2024-12-19T13:52:21.349+0000] {standard_task_runner.py:72} INFO - Started process 16828 to run task
[2024-12-19T13:52:21.360+0000] {standard_task_runner.py:104} INFO - Running: ['***', 'tasks', 'run', 'dag_with_taskflow_api', 'get_age', 'scheduled__2024-12-11T00:00:00+00:00', '--job-id', '4579', '--raw', '--subdir', 'DAGS_FOLDER/dag_with_taskflow_api.py', '--cfg-path', '/tmp/tmpmdy98vyr']
[2024-12-19T13:52:21.366+0000] {standard_task_runner.py:105} INFO - Job 4579: Subtask get_age
[2024-12-19T13:52:21.515+0000] {task_command.py:467} INFO - Running <TaskInstance: dag_with_taskflow_api.get_age scheduled__2024-12-11T00:00:00+00:00 [running]> on host 02d979add40a
[2024-12-19T13:52:21.727+0000] {taskinstance.py:3132} INFO - Exporting env vars: AIRFLOW_CTX_DAG_OWNER='mateo' AIRFLOW_CTX_DAG_ID='dag_with_taskflow_api' AIRFLOW_CTX_TASK_ID='get_age' AIRFLOW_CTX_EXECUTION_DATE='2024-12-11T00:00:00+00:00' AIRFLOW_CTX_TRY_NUMBER='1' AIRFLOW_CTX_DAG_RUN_ID='scheduled__2024-12-11T00:00:00+00:00'
[2024-12-19T13:52:21.735+0000] {taskinstance.py:731} INFO - ::endgroup::
[2024-12-19T13:52:21.738+0000] {python.py:240} INFO - Done. Returned value was: 19
[2024-12-19T13:52:21.790+0000] {taskinstance.py:340} INFO - ::group::Post task execution logs
[2024-12-19T13:52:21.792+0000] {taskinstance.py:352} INFO - Marking task as SUCCESS. dag_id=dag_with_taskflow_api, task_id=get_age, run_id=scheduled__2024-12-11T00:00:00+00:00, execution_date=20241211T000000, start_date=20241219T135221, end_date=20241219T135221
[2024-12-19T13:52:21.856+0000] {local_task_job_runner.py:266} INFO - Task exited with return code 0
[2024-12-19T13:52:21.923+0000] {taskinstance.py:3895} INFO - 0 downstream tasks scheduled from follow-on schedule check
[2024-12-19T13:52:21.936+0000] {local_task_job_runner.py:245} INFO - ::endgroup::
[2024-12-20T10:29:53.006+0000] {local_task_job_runner.py:123} INFO - ::group::Pre task execution logs
[2024-12-20T10:29:53.029+0000] {taskinstance.py:2613} INFO - Dependencies all met for dep_context=non-requeueable deps ti=<TaskInstance: dag_with_taskflow_api.get_age scheduled__2024-12-11T00:00:00+00:00 [queued]>
[2024-12-20T10:29:53.041+0000] {taskinstance.py:2613} INFO - Dependencies all met for dep_context=requeueable deps ti=<TaskInstance: dag_with_taskflow_api.get_age scheduled__2024-12-11T00:00:00+00:00 [queued]>
[2024-12-20T10:29:53.042+0000] {taskinstance.py:2866} INFO - Starting attempt 1 of 6
[2024-12-20T10:29:53.059+0000] {taskinstance.py:2889} INFO - Executing <Task(_PythonDecoratedOperator): get_age> on 2024-12-11 00:00:00+00:00
[2024-12-20T10:29:53.084+0000] {standard_task_runner.py:104} INFO - Running: ['***', 'tasks', 'run', 'dag_with_taskflow_api', 'get_age', 'scheduled__2024-12-11T00:00:00+00:00', '--job-id', '4894', '--raw', '--subdir', 'DAGS_FOLDER/dag_with_taskflow_api.py', '--cfg-path', '/tmp/tmp7f9pvmet']
[2024-12-20T10:29:53.093+0000] {standard_task_runner.py:105} INFO - Job 4894: Subtask get_age
[2024-12-20T10:29:53.104+0000] {logging_mixin.py:190} WARNING - /home/***/.local/lib/python3.12/site-packages/***/task/task_runner/standard_task_runner.py:70 DeprecationWarning: This process (pid=13443) is multi-threaded, use of fork() may lead to deadlocks in the child.
[2024-12-20T10:29:53.115+0000] {standard_task_runner.py:72} INFO - Started process 13445 to run task
[2024-12-20T10:29:53.200+0000] {task_command.py:467} INFO - Running <TaskInstance: dag_with_taskflow_api.get_age scheduled__2024-12-11T00:00:00+00:00 [running]> on host a998b5b3d359
[2024-12-20T10:29:53.468+0000] {taskinstance.py:3132} INFO - Exporting env vars: AIRFLOW_CTX_DAG_OWNER='mateo' AIRFLOW_CTX_DAG_ID='dag_with_taskflow_api' AIRFLOW_CTX_TASK_ID='get_age' AIRFLOW_CTX_EXECUTION_DATE='2024-12-11T00:00:00+00:00' AIRFLOW_CTX_TRY_NUMBER='1' AIRFLOW_CTX_DAG_RUN_ID='scheduled__2024-12-11T00:00:00+00:00'
[2024-12-20T10:29:53.470+0000] {taskinstance.py:731} INFO - ::endgroup::
[2024-12-20T10:29:53.473+0000] {python.py:240} INFO - Done. Returned value was: 19
[2024-12-20T10:29:53.535+0000] {taskinstance.py:340} INFO - ::group::Post task execution logs
[2024-12-20T10:29:53.537+0000] {taskinstance.py:352} INFO - Marking task as SUCCESS. dag_id=dag_with_taskflow_api, task_id=get_age, run_id=scheduled__2024-12-11T00:00:00+00:00, execution_date=20241211T000000, start_date=20241220T102953, end_date=20241220T102953
[2024-12-20T10:29:53.577+0000] {local_task_job_runner.py:266} INFO - Task exited with return code 0
[2024-12-20T10:29:53.614+0000] {taskinstance.py:3895} INFO - 0 downstream tasks scheduled from follow-on schedule check
[2024-12-20T10:29:53.640+0000] {local_task_job_runner.py:245} INFO - ::endgroup::
