[2024-12-19T13:52:13.068+0000] {local_task_job_runner.py:123} INFO - ::group::Pre task execution logs
[2024-12-19T13:52:13.100+0000] {taskinstance.py:2613} INFO - Dependencies all met for dep_context=non-requeueable deps ti=<TaskInstance: dag_with_taskflow_api.get_name scheduled__2024-11-29T00:00:00+00:00 [queued]>
[2024-12-19T13:52:13.114+0000] {taskinstance.py:2613} INFO - Dependencies all met for dep_context=requeueable deps ti=<TaskInstance: dag_with_taskflow_api.get_name scheduled__2024-11-29T00:00:00+00:00 [queued]>
[2024-12-19T13:52:13.116+0000] {taskinstance.py:2866} INFO - Starting attempt 1 of 6
[2024-12-19T13:52:13.143+0000] {taskinstance.py:2889} INFO - Executing <Task(_PythonDecoratedOperator): get_name> on 2024-11-29 00:00:00+00:00
[2024-12-19T13:52:13.160+0000] {logging_mixin.py:190} WARNING - /home/***/.local/lib/python3.12/site-packages/***/task/task_runner/standard_task_runner.py:70 DeprecationWarning: This process (pid=16705) is multi-threaded, use of fork() may lead to deadlocks in the child.
[2024-12-19T13:52:13.172+0000] {standard_task_runner.py:72} INFO - Started process 16711 to run task
[2024-12-19T13:52:13.177+0000] {standard_task_runner.py:104} INFO - Running: ['***', 'tasks', 'run', 'dag_with_taskflow_api', 'get_name', 'scheduled__2024-11-29T00:00:00+00:00', '--job-id', '4544', '--raw', '--subdir', 'DAGS_FOLDER/dag_with_taskflow_api.py', '--cfg-path', '/tmp/tmpxvpd95nv']
[2024-12-19T13:52:13.195+0000] {standard_task_runner.py:105} INFO - Job 4544: Subtask get_name
[2024-12-19T13:52:13.341+0000] {task_command.py:467} INFO - Running <TaskInstance: dag_with_taskflow_api.get_name scheduled__2024-11-29T00:00:00+00:00 [running]> on host 02d979add40a
[2024-12-19T13:52:13.640+0000] {taskinstance.py:3132} INFO - Exporting env vars: AIRFLOW_CTX_DAG_OWNER='mateo' AIRFLOW_CTX_DAG_ID='dag_with_taskflow_api' AIRFLOW_CTX_TASK_ID='get_name' AIRFLOW_CTX_EXECUTION_DATE='2024-11-29T00:00:00+00:00' AIRFLOW_CTX_TRY_NUMBER='1' AIRFLOW_CTX_DAG_RUN_ID='scheduled__2024-11-29T00:00:00+00:00'
[2024-12-19T13:52:13.661+0000] {taskinstance.py:731} INFO - ::endgroup::
[2024-12-19T13:52:13.665+0000] {python.py:240} INFO - Done. Returned value was: Jerry
[2024-12-19T13:52:13.728+0000] {taskinstance.py:340} INFO - ::group::Post task execution logs
[2024-12-19T13:52:13.730+0000] {taskinstance.py:352} INFO - Marking task as SUCCESS. dag_id=dag_with_taskflow_api, task_id=get_name, run_id=scheduled__2024-11-29T00:00:00+00:00, execution_date=20241129T000000, start_date=20241219T135213, end_date=20241219T135213
[2024-12-19T13:52:13.842+0000] {local_task_job_runner.py:266} INFO - Task exited with return code 0
[2024-12-19T13:52:13.881+0000] {local_task_job_runner.py:245} INFO - ::endgroup::
[2024-12-20T10:29:43.284+0000] {local_task_job_runner.py:123} INFO - ::group::Pre task execution logs
[2024-12-20T10:29:43.303+0000] {taskinstance.py:2613} INFO - Dependencies all met for dep_context=non-requeueable deps ti=<TaskInstance: dag_with_taskflow_api.get_name scheduled__2024-11-29T00:00:00+00:00 [queued]>
[2024-12-20T10:29:43.314+0000] {taskinstance.py:2613} INFO - Dependencies all met for dep_context=requeueable deps ti=<TaskInstance: dag_with_taskflow_api.get_name scheduled__2024-11-29T00:00:00+00:00 [queued]>
[2024-12-20T10:29:43.316+0000] {taskinstance.py:2866} INFO - Starting attempt 1 of 6
[2024-12-20T10:29:43.572+0000] {taskinstance.py:2889} INFO - Executing <Task(_PythonDecoratedOperator): get_name> on 2024-11-29 00:00:00+00:00
[2024-12-20T10:29:43.599+0000] {standard_task_runner.py:104} INFO - Running: ['***', 'tasks', 'run', 'dag_with_taskflow_api', 'get_name', 'scheduled__2024-11-29T00:00:00+00:00', '--job-id', '4859', '--raw', '--subdir', 'DAGS_FOLDER/dag_with_taskflow_api.py', '--cfg-path', '/tmp/tmpmvx2krr6']
[2024-12-20T10:29:43.608+0000] {standard_task_runner.py:105} INFO - Job 4859: Subtask get_name
[2024-12-20T10:29:43.613+0000] {logging_mixin.py:190} WARNING - /home/***/.local/lib/python3.12/site-packages/***/task/task_runner/standard_task_runner.py:70 DeprecationWarning: This process (pid=13314) is multi-threaded, use of fork() may lead to deadlocks in the child.
[2024-12-20T10:29:43.617+0000] {standard_task_runner.py:72} INFO - Started process 13324 to run task
[2024-12-20T10:29:43.755+0000] {task_command.py:467} INFO - Running <TaskInstance: dag_with_taskflow_api.get_name scheduled__2024-11-29T00:00:00+00:00 [running]> on host a998b5b3d359
[2024-12-20T10:29:43.931+0000] {taskinstance.py:3132} INFO - Exporting env vars: AIRFLOW_CTX_DAG_OWNER='mateo' AIRFLOW_CTX_DAG_ID='dag_with_taskflow_api' AIRFLOW_CTX_TASK_ID='get_name' AIRFLOW_CTX_EXECUTION_DATE='2024-11-29T00:00:00+00:00' AIRFLOW_CTX_TRY_NUMBER='1' AIRFLOW_CTX_DAG_RUN_ID='scheduled__2024-11-29T00:00:00+00:00'
[2024-12-20T10:29:43.941+0000] {taskinstance.py:731} INFO - ::endgroup::
[2024-12-20T10:29:43.946+0000] {python.py:240} INFO - Done. Returned value was: Jerry
[2024-12-20T10:29:43.996+0000] {taskinstance.py:340} INFO - ::group::Post task execution logs
[2024-12-20T10:29:43.998+0000] {taskinstance.py:352} INFO - Marking task as SUCCESS. dag_id=dag_with_taskflow_api, task_id=get_name, run_id=scheduled__2024-11-29T00:00:00+00:00, execution_date=20241129T000000, start_date=20241220T102943, end_date=20241220T102943
[2024-12-20T10:29:44.094+0000] {local_task_job_runner.py:266} INFO - Task exited with return code 0
[2024-12-20T10:29:44.123+0000] {taskinstance.py:3895} INFO - 1 downstream tasks scheduled from follow-on schedule check
[2024-12-20T10:29:44.129+0000] {local_task_job_runner.py:245} INFO - ::endgroup::
