[2024-12-19T13:51:40.906+0000] {local_task_job_runner.py:123} INFO - ::group::Pre task execution logs
[2024-12-19T13:51:40.959+0000] {taskinstance.py:2613} INFO - Dependencies all met for dep_context=non-requeueable deps ti=<TaskInstance: dag_with_taskflow_api.get_name scheduled__2024-10-20T00:00:00+00:00 [queued]>
[2024-12-19T13:51:40.977+0000] {taskinstance.py:2613} INFO - Dependencies all met for dep_context=requeueable deps ti=<TaskInstance: dag_with_taskflow_api.get_name scheduled__2024-10-20T00:00:00+00:00 [queued]>
[2024-12-19T13:51:40.979+0000] {taskinstance.py:2866} INFO - Starting attempt 1 of 6
[2024-12-19T13:51:41.015+0000] {taskinstance.py:2889} INFO - Executing <Task(_PythonDecoratedOperator): get_name> on 2024-10-20 00:00:00+00:00
[2024-12-19T13:51:41.032+0000] {logging_mixin.py:190} WARNING - /home/***/.local/lib/python3.12/site-packages/***/task/task_runner/standard_task_runner.py:70 DeprecationWarning: This process (pid=16294) is multi-threaded, use of fork() may lead to deadlocks in the child.
[2024-12-19T13:51:41.038+0000] {standard_task_runner.py:72} INFO - Started process 16308 to run task
[2024-12-19T13:51:41.049+0000] {standard_task_runner.py:104} INFO - Running: ['***', 'tasks', 'run', 'dag_with_taskflow_api', 'get_name', 'scheduled__2024-10-20T00:00:00+00:00', '--job-id', '4421', '--raw', '--subdir', 'DAGS_FOLDER/dag_with_taskflow_api.py', '--cfg-path', '/tmp/tmph89pjj08']
[2024-12-19T13:51:41.053+0000] {standard_task_runner.py:105} INFO - Job 4421: Subtask get_name
[2024-12-19T13:51:41.222+0000] {task_command.py:467} INFO - Running <TaskInstance: dag_with_taskflow_api.get_name scheduled__2024-10-20T00:00:00+00:00 [running]> on host 02d979add40a
[2024-12-19T13:51:41.690+0000] {taskinstance.py:3132} INFO - Exporting env vars: AIRFLOW_CTX_DAG_OWNER='mateo' AIRFLOW_CTX_DAG_ID='dag_with_taskflow_api' AIRFLOW_CTX_TASK_ID='get_name' AIRFLOW_CTX_EXECUTION_DATE='2024-10-20T00:00:00+00:00' AIRFLOW_CTX_TRY_NUMBER='1' AIRFLOW_CTX_DAG_RUN_ID='scheduled__2024-10-20T00:00:00+00:00'
[2024-12-19T13:51:41.696+0000] {taskinstance.py:731} INFO - ::endgroup::
[2024-12-19T13:51:41.701+0000] {python.py:240} INFO - Done. Returned value was: Jerry
[2024-12-19T13:51:41.745+0000] {taskinstance.py:340} INFO - ::group::Post task execution logs
[2024-12-19T13:51:41.746+0000] {taskinstance.py:352} INFO - Marking task as SUCCESS. dag_id=dag_with_taskflow_api, task_id=get_name, run_id=scheduled__2024-10-20T00:00:00+00:00, execution_date=20241020T000000, start_date=20241219T135140, end_date=20241219T135141
[2024-12-19T13:51:41.825+0000] {local_task_job_runner.py:266} INFO - Task exited with return code 0
[2024-12-19T13:51:41.857+0000] {local_task_job_runner.py:245} INFO - ::endgroup::
[2024-12-20T10:29:13.372+0000] {local_task_job_runner.py:123} INFO - ::group::Pre task execution logs
[2024-12-20T10:29:13.417+0000] {taskinstance.py:2613} INFO - Dependencies all met for dep_context=non-requeueable deps ti=<TaskInstance: dag_with_taskflow_api.get_name scheduled__2024-10-20T00:00:00+00:00 [queued]>
[2024-12-20T10:29:13.448+0000] {taskinstance.py:2613} INFO - Dependencies all met for dep_context=requeueable deps ti=<TaskInstance: dag_with_taskflow_api.get_name scheduled__2024-10-20T00:00:00+00:00 [queued]>
[2024-12-20T10:29:13.450+0000] {taskinstance.py:2866} INFO - Starting attempt 1 of 6
[2024-12-20T10:29:13.476+0000] {taskinstance.py:2889} INFO - Executing <Task(_PythonDecoratedOperator): get_name> on 2024-10-20 00:00:00+00:00
[2024-12-20T10:29:13.490+0000] {logging_mixin.py:190} WARNING - /home/***/.local/lib/python3.12/site-packages/***/task/task_runner/standard_task_runner.py:70 DeprecationWarning: This process (pid=12912) is multi-threaded, use of fork() may lead to deadlocks in the child.
[2024-12-20T10:29:13.493+0000] {standard_task_runner.py:72} INFO - Started process 12923 to run task
[2024-12-20T10:29:13.503+0000] {standard_task_runner.py:104} INFO - Running: ['***', 'tasks', 'run', 'dag_with_taskflow_api', 'get_name', 'scheduled__2024-10-20T00:00:00+00:00', '--job-id', '4737', '--raw', '--subdir', 'DAGS_FOLDER/dag_with_taskflow_api.py', '--cfg-path', '/tmp/tmppeqozu48']
[2024-12-20T10:29:13.508+0000] {standard_task_runner.py:105} INFO - Job 4737: Subtask get_name
[2024-12-20T10:29:13.597+0000] {task_command.py:467} INFO - Running <TaskInstance: dag_with_taskflow_api.get_name scheduled__2024-10-20T00:00:00+00:00 [running]> on host a998b5b3d359
[2024-12-20T10:29:13.843+0000] {taskinstance.py:3132} INFO - Exporting env vars: AIRFLOW_CTX_DAG_OWNER='mateo' AIRFLOW_CTX_DAG_ID='dag_with_taskflow_api' AIRFLOW_CTX_TASK_ID='get_name' AIRFLOW_CTX_EXECUTION_DATE='2024-10-20T00:00:00+00:00' AIRFLOW_CTX_TRY_NUMBER='1' AIRFLOW_CTX_DAG_RUN_ID='scheduled__2024-10-20T00:00:00+00:00'
[2024-12-20T10:29:13.847+0000] {taskinstance.py:731} INFO - ::endgroup::
[2024-12-20T10:29:13.850+0000] {python.py:240} INFO - Done. Returned value was: Jerry
[2024-12-20T10:29:13.897+0000] {taskinstance.py:340} INFO - ::group::Post task execution logs
[2024-12-20T10:29:13.898+0000] {taskinstance.py:352} INFO - Marking task as SUCCESS. dag_id=dag_with_taskflow_api, task_id=get_name, run_id=scheduled__2024-10-20T00:00:00+00:00, execution_date=20241020T000000, start_date=20241220T102913, end_date=20241220T102913
[2024-12-20T10:29:14.239+0000] {local_task_job_runner.py:266} INFO - Task exited with return code 0
[2024-12-20T10:29:14.284+0000] {taskinstance.py:3895} INFO - 1 downstream tasks scheduled from follow-on schedule check
[2024-12-20T10:29:14.292+0000] {local_task_job_runner.py:245} INFO - ::endgroup::
