[2024-12-19T09:01:31.211+0000] {local_task_job_runner.py:123} INFO - ::group::Pre task execution logs
[2024-12-19T09:01:31.242+0000] {taskinstance.py:2613} INFO - Dependencies all met for dep_context=non-requeueable deps ti=<TaskInstance: our_first_dag_v2.third_task scheduled__2024-11-12T00:00:00+00:00 [queued]>
[2024-12-19T09:01:31.254+0000] {taskinstance.py:2613} INFO - Dependencies all met for dep_context=requeueable deps ti=<TaskInstance: our_first_dag_v2.third_task scheduled__2024-11-12T00:00:00+00:00 [queued]>
[2024-12-19T09:01:31.258+0000] {taskinstance.py:2866} INFO - Starting attempt 1 of 6
[2024-12-19T09:01:31.280+0000] {taskinstance.py:2889} INFO - Executing <Task(BashOperator): third_task> on 2024-11-12 00:00:00+00:00
[2024-12-19T09:01:31.300+0000] {logging_mixin.py:190} WARNING - /home/***/.local/lib/python3.12/site-packages/***/task/task_runner/standard_task_runner.py:70 DeprecationWarning: This process (pid=13893) is multi-threaded, use of fork() may lead to deadlocks in the child.
[2024-12-19T09:01:31.303+0000] {standard_task_runner.py:72} INFO - Started process 13904 to run task
[2024-12-19T09:01:31.301+0000] {standard_task_runner.py:104} INFO - Running: ['***', 'tasks', 'run', 'our_first_dag_v2', 'third_task', 'scheduled__2024-11-12T00:00:00+00:00', '--job-id', '3270', '--raw', '--subdir', 'DAGS_FOLDER/our_first_dag.py', '--cfg-path', '/tmp/tmpcyr7edry']
[2024-12-19T09:01:31.306+0000] {standard_task_runner.py:105} INFO - Job 3270: Subtask third_task
[2024-12-19T09:01:31.398+0000] {task_command.py:467} INFO - Running <TaskInstance: our_first_dag_v2.third_task scheduled__2024-11-12T00:00:00+00:00 [running]> on host 8d142e9c83a7
[2024-12-19T09:01:31.524+0000] {taskinstance.py:3132} INFO - Exporting env vars: AIRFLOW_CTX_DAG_OWNER='mateo' AIRFLOW_CTX_DAG_ID='our_first_dag_v2' AIRFLOW_CTX_TASK_ID='third_task' AIRFLOW_CTX_EXECUTION_DATE='2024-11-12T00:00:00+00:00' AIRFLOW_CTX_TRY_NUMBER='1' AIRFLOW_CTX_DAG_RUN_ID='scheduled__2024-11-12T00:00:00+00:00'
[2024-12-19T09:01:31.527+0000] {taskinstance.py:731} INFO - ::endgroup::
[2024-12-19T09:01:31.565+0000] {subprocess.py:78} INFO - Tmp dir root location: /tmp
[2024-12-19T09:01:31.569+0000] {subprocess.py:88} INFO - Running command: ['/usr/bin/bash', '-c', 'echo I am the third task and I will be executed at the same time as the second task.']
[2024-12-19T09:01:31.583+0000] {subprocess.py:99} INFO - Output:
[2024-12-19T09:01:31.588+0000] {subprocess.py:106} INFO - I am the third task and I will be executed at the same time as the second task.
[2024-12-19T09:01:31.596+0000] {subprocess.py:110} INFO - Command exited with return code 0
[2024-12-19T09:01:31.630+0000] {taskinstance.py:340} INFO - ::group::Post task execution logs
[2024-12-19T09:01:31.633+0000] {taskinstance.py:352} INFO - Marking task as SUCCESS. dag_id=our_first_dag_v2, task_id=third_task, run_id=scheduled__2024-11-12T00:00:00+00:00, execution_date=20241112T000000, start_date=20241219T090131, end_date=20241219T090131
[2024-12-19T09:01:31.686+0000] {local_task_job_runner.py:266} INFO - Task exited with return code 0
[2024-12-19T09:01:31.707+0000] {taskinstance.py:3895} INFO - 0 downstream tasks scheduled from follow-on schedule check
[2024-12-19T09:01:31.715+0000] {local_task_job_runner.py:245} INFO - ::endgroup::
