[2024-12-19T13:51:51.146+0000] {local_task_job_runner.py:123} INFO - ::group::Pre task execution logs
[2024-12-19T13:51:51.207+0000] {taskinstance.py:2613} INFO - Dependencies all met for dep_context=non-requeueable deps ti=<TaskInstance: dag_with_taskflow_api.get_name scheduled__2024-11-03T00:00:00+00:00 [queued]>
[2024-12-19T13:51:51.244+0000] {taskinstance.py:2613} INFO - Dependencies all met for dep_context=requeueable deps ti=<TaskInstance: dag_with_taskflow_api.get_name scheduled__2024-11-03T00:00:00+00:00 [queued]>
[2024-12-19T13:51:51.246+0000] {taskinstance.py:2866} INFO - Starting attempt 1 of 6
[2024-12-19T13:51:51.348+0000] {taskinstance.py:2889} INFO - Executing <Task(_PythonDecoratedOperator): get_name> on 2024-11-03 00:00:00+00:00
[2024-12-19T13:51:51.433+0000] {logging_mixin.py:190} WARNING - /home/***/.local/lib/python3.12/site-packages/***/task/task_runner/standard_task_runner.py:70 DeprecationWarning: This process (pid=16424) is multi-threaded, use of fork() may lead to deadlocks in the child.
[2024-12-19T13:51:51.461+0000] {standard_task_runner.py:72} INFO - Started process 16443 to run task
[2024-12-19T13:51:51.462+0000] {standard_task_runner.py:104} INFO - Running: ['***', 'tasks', 'run', 'dag_with_taskflow_api', 'get_name', 'scheduled__2024-11-03T00:00:00+00:00', '--job-id', '4460', '--raw', '--subdir', 'DAGS_FOLDER/dag_with_taskflow_api.py', '--cfg-path', '/tmp/tmpsdyc55to']
[2024-12-19T13:51:51.565+0000] {standard_task_runner.py:105} INFO - Job 4460: Subtask get_name
[2024-12-19T13:51:51.766+0000] {task_command.py:467} INFO - Running <TaskInstance: dag_with_taskflow_api.get_name scheduled__2024-11-03T00:00:00+00:00 [running]> on host 02d979add40a
[2024-12-19T13:51:52.056+0000] {taskinstance.py:3132} INFO - Exporting env vars: AIRFLOW_CTX_DAG_OWNER='mateo' AIRFLOW_CTX_DAG_ID='dag_with_taskflow_api' AIRFLOW_CTX_TASK_ID='get_name' AIRFLOW_CTX_EXECUTION_DATE='2024-11-03T00:00:00+00:00' AIRFLOW_CTX_TRY_NUMBER='1' AIRFLOW_CTX_DAG_RUN_ID='scheduled__2024-11-03T00:00:00+00:00'
[2024-12-19T13:51:52.062+0000] {taskinstance.py:731} INFO - ::endgroup::
[2024-12-19T13:51:52.069+0000] {python.py:240} INFO - Done. Returned value was: Jerry
[2024-12-19T13:51:52.128+0000] {taskinstance.py:340} INFO - ::group::Post task execution logs
[2024-12-19T13:51:52.130+0000] {taskinstance.py:352} INFO - Marking task as SUCCESS. dag_id=dag_with_taskflow_api, task_id=get_name, run_id=scheduled__2024-11-03T00:00:00+00:00, execution_date=20241103T000000, start_date=20241219T135151, end_date=20241219T135152
[2024-12-19T13:51:52.202+0000] {local_task_job_runner.py:266} INFO - Task exited with return code 0
[2024-12-19T13:51:52.279+0000] {taskinstance.py:3895} INFO - 0 downstream tasks scheduled from follow-on schedule check
[2024-12-19T13:51:52.290+0000] {local_task_job_runner.py:245} INFO - ::endgroup::
[2024-12-20T10:29:26.755+0000] {local_task_job_runner.py:123} INFO - ::group::Pre task execution logs
[2024-12-20T10:29:26.785+0000] {taskinstance.py:2613} INFO - Dependencies all met for dep_context=non-requeueable deps ti=<TaskInstance: dag_with_taskflow_api.get_name scheduled__2024-11-03T00:00:00+00:00 [queued]>
[2024-12-20T10:29:26.832+0000] {taskinstance.py:2613} INFO - Dependencies all met for dep_context=requeueable deps ti=<TaskInstance: dag_with_taskflow_api.get_name scheduled__2024-11-03T00:00:00+00:00 [queued]>
[2024-12-20T10:29:26.920+0000] {taskinstance.py:2866} INFO - Starting attempt 1 of 6
[2024-12-20T10:29:27.036+0000] {taskinstance.py:2889} INFO - Executing <Task(_PythonDecoratedOperator): get_name> on 2024-11-03 00:00:00+00:00
[2024-12-20T10:29:27.052+0000] {standard_task_runner.py:104} INFO - Running: ['***', 'tasks', 'run', 'dag_with_taskflow_api', 'get_name', 'scheduled__2024-11-03T00:00:00+00:00', '--job-id', '4782', '--raw', '--subdir', 'DAGS_FOLDER/dag_with_taskflow_api.py', '--cfg-path', '/tmp/tmpfkcmr2eu']
[2024-12-20T10:29:27.057+0000] {logging_mixin.py:190} WARNING - /home/***/.local/lib/python3.12/site-packages/***/task/task_runner/standard_task_runner.py:70 DeprecationWarning: This process (pid=13075) is multi-threaded, use of fork() may lead to deadlocks in the child.
[2024-12-20T10:29:27.060+0000] {standard_task_runner.py:72} INFO - Started process 13079 to run task
[2024-12-20T10:29:27.058+0000] {standard_task_runner.py:105} INFO - Job 4782: Subtask get_name
[2024-12-20T10:29:27.150+0000] {task_command.py:467} INFO - Running <TaskInstance: dag_with_taskflow_api.get_name scheduled__2024-11-03T00:00:00+00:00 [running]> on host a998b5b3d359
[2024-12-20T10:29:27.325+0000] {taskinstance.py:3132} INFO - Exporting env vars: AIRFLOW_CTX_DAG_OWNER='mateo' AIRFLOW_CTX_DAG_ID='dag_with_taskflow_api' AIRFLOW_CTX_TASK_ID='get_name' AIRFLOW_CTX_EXECUTION_DATE='2024-11-03T00:00:00+00:00' AIRFLOW_CTX_TRY_NUMBER='1' AIRFLOW_CTX_DAG_RUN_ID='scheduled__2024-11-03T00:00:00+00:00'
[2024-12-20T10:29:27.327+0000] {taskinstance.py:731} INFO - ::endgroup::
[2024-12-20T10:29:27.331+0000] {python.py:240} INFO - Done. Returned value was: Jerry
[2024-12-20T10:29:27.374+0000] {taskinstance.py:340} INFO - ::group::Post task execution logs
[2024-12-20T10:29:27.375+0000] {taskinstance.py:352} INFO - Marking task as SUCCESS. dag_id=dag_with_taskflow_api, task_id=get_name, run_id=scheduled__2024-11-03T00:00:00+00:00, execution_date=20241103T000000, start_date=20241220T102926, end_date=20241220T102927
[2024-12-20T10:29:27.444+0000] {local_task_job_runner.py:266} INFO - Task exited with return code 0
[2024-12-20T10:29:27.471+0000] {local_task_job_runner.py:245} INFO - ::endgroup::
