[2024-12-19T13:52:06.782+0000] {local_task_job_runner.py:123} INFO - ::group::Pre task execution logs
[2024-12-19T13:52:06.860+0000] {taskinstance.py:2613} INFO - Dependencies all met for dep_context=non-requeueable deps ti=<TaskInstance: dag_with_taskflow_api.get_age scheduled__2024-11-24T00:00:00+00:00 [queued]>
[2024-12-19T13:52:06.893+0000] {taskinstance.py:2613} INFO - Dependencies all met for dep_context=requeueable deps ti=<TaskInstance: dag_with_taskflow_api.get_age scheduled__2024-11-24T00:00:00+00:00 [queued]>
[2024-12-19T13:52:06.902+0000] {taskinstance.py:2866} INFO - Starting attempt 1 of 6
[2024-12-19T13:52:06.963+0000] {taskinstance.py:2889} INFO - Executing <Task(_PythonDecoratedOperator): get_age> on 2024-11-24 00:00:00+00:00
[2024-12-19T13:52:06.997+0000] {logging_mixin.py:190} WARNING - /home/***/.local/lib/python3.12/site-packages/***/task/task_runner/standard_task_runner.py:70 DeprecationWarning: This process (pid=16625) is multi-threaded, use of fork() may lead to deadlocks in the child.
[2024-12-19T13:52:07.019+0000] {standard_task_runner.py:72} INFO - Started process 16644 to run task
[2024-12-19T13:52:07.011+0000] {standard_task_runner.py:104} INFO - Running: ['***', 'tasks', 'run', 'dag_with_taskflow_api', 'get_age', 'scheduled__2024-11-24T00:00:00+00:00', '--job-id', '4524', '--raw', '--subdir', 'DAGS_FOLDER/dag_with_taskflow_api.py', '--cfg-path', '/tmp/tmp9k08kefm']
[2024-12-19T13:52:07.030+0000] {standard_task_runner.py:105} INFO - Job 4524: Subtask get_age
[2024-12-19T13:52:07.220+0000] {task_command.py:467} INFO - Running <TaskInstance: dag_with_taskflow_api.get_age scheduled__2024-11-24T00:00:00+00:00 [running]> on host 02d979add40a
[2024-12-19T13:52:07.482+0000] {taskinstance.py:3132} INFO - Exporting env vars: AIRFLOW_CTX_DAG_OWNER='mateo' AIRFLOW_CTX_DAG_ID='dag_with_taskflow_api' AIRFLOW_CTX_TASK_ID='get_age' AIRFLOW_CTX_EXECUTION_DATE='2024-11-24T00:00:00+00:00' AIRFLOW_CTX_TRY_NUMBER='1' AIRFLOW_CTX_DAG_RUN_ID='scheduled__2024-11-24T00:00:00+00:00'
[2024-12-19T13:52:07.485+0000] {taskinstance.py:731} INFO - ::endgroup::
[2024-12-19T13:52:07.498+0000] {python.py:240} INFO - Done. Returned value was: 19
[2024-12-19T13:52:07.582+0000] {taskinstance.py:340} INFO - ::group::Post task execution logs
[2024-12-19T13:52:07.586+0000] {taskinstance.py:352} INFO - Marking task as SUCCESS. dag_id=dag_with_taskflow_api, task_id=get_age, run_id=scheduled__2024-11-24T00:00:00+00:00, execution_date=20241124T000000, start_date=20241219T135206, end_date=20241219T135207
[2024-12-19T13:52:07.949+0000] {local_task_job_runner.py:266} INFO - Task exited with return code 0
[2024-12-19T13:52:07.978+0000] {taskinstance.py:3895} INFO - 1 downstream tasks scheduled from follow-on schedule check
[2024-12-19T13:52:07.981+0000] {local_task_job_runner.py:245} INFO - ::endgroup::
[2024-12-20T10:29:39.021+0000] {local_task_job_runner.py:123} INFO - ::group::Pre task execution logs
[2024-12-20T10:29:39.058+0000] {taskinstance.py:2613} INFO - Dependencies all met for dep_context=non-requeueable deps ti=<TaskInstance: dag_with_taskflow_api.get_age scheduled__2024-11-24T00:00:00+00:00 [queued]>
[2024-12-20T10:29:39.074+0000] {taskinstance.py:2613} INFO - Dependencies all met for dep_context=requeueable deps ti=<TaskInstance: dag_with_taskflow_api.get_age scheduled__2024-11-24T00:00:00+00:00 [queued]>
[2024-12-20T10:29:39.081+0000] {taskinstance.py:2866} INFO - Starting attempt 1 of 6
[2024-12-20T10:29:39.119+0000] {taskinstance.py:2889} INFO - Executing <Task(_PythonDecoratedOperator): get_age> on 2024-11-24 00:00:00+00:00
[2024-12-20T10:29:39.132+0000] {logging_mixin.py:190} WARNING - /home/***/.local/lib/python3.12/site-packages/***/task/task_runner/standard_task_runner.py:70 DeprecationWarning: This process (pid=13254) is multi-threaded, use of fork() may lead to deadlocks in the child.
[2024-12-20T10:29:39.137+0000] {standard_task_runner.py:72} INFO - Started process 13267 to run task
[2024-12-20T10:29:39.136+0000] {standard_task_runner.py:104} INFO - Running: ['***', 'tasks', 'run', 'dag_with_taskflow_api', 'get_age', 'scheduled__2024-11-24T00:00:00+00:00', '--job-id', '4842', '--raw', '--subdir', 'DAGS_FOLDER/dag_with_taskflow_api.py', '--cfg-path', '/tmp/tmpd7d9ltu7']
[2024-12-20T10:29:39.151+0000] {standard_task_runner.py:105} INFO - Job 4842: Subtask get_age
[2024-12-20T10:29:39.262+0000] {task_command.py:467} INFO - Running <TaskInstance: dag_with_taskflow_api.get_age scheduled__2024-11-24T00:00:00+00:00 [running]> on host a998b5b3d359
[2024-12-20T10:29:39.429+0000] {taskinstance.py:3132} INFO - Exporting env vars: AIRFLOW_CTX_DAG_OWNER='mateo' AIRFLOW_CTX_DAG_ID='dag_with_taskflow_api' AIRFLOW_CTX_TASK_ID='get_age' AIRFLOW_CTX_EXECUTION_DATE='2024-11-24T00:00:00+00:00' AIRFLOW_CTX_TRY_NUMBER='1' AIRFLOW_CTX_DAG_RUN_ID='scheduled__2024-11-24T00:00:00+00:00'
[2024-12-20T10:29:39.433+0000] {taskinstance.py:731} INFO - ::endgroup::
[2024-12-20T10:29:39.437+0000] {python.py:240} INFO - Done. Returned value was: 19
[2024-12-20T10:29:39.478+0000] {taskinstance.py:340} INFO - ::group::Post task execution logs
[2024-12-20T10:29:39.479+0000] {taskinstance.py:352} INFO - Marking task as SUCCESS. dag_id=dag_with_taskflow_api, task_id=get_age, run_id=scheduled__2024-11-24T00:00:00+00:00, execution_date=20241124T000000, start_date=20241220T102939, end_date=20241220T102939
[2024-12-20T10:29:39.533+0000] {local_task_job_runner.py:266} INFO - Task exited with return code 0
[2024-12-20T10:29:39.543+0000] {local_task_job_runner.py:245} INFO - ::endgroup::
