[2024-12-19T13:52:16.023+0000] {local_task_job_runner.py:123} INFO - ::group::Pre task execution logs
[2024-12-19T13:52:16.079+0000] {taskinstance.py:2613} INFO - Dependencies all met for dep_context=non-requeueable deps ti=<TaskInstance: dag_with_taskflow_api.get_age scheduled__2024-12-07T00:00:00+00:00 [queued]>
[2024-12-19T13:52:16.129+0000] {taskinstance.py:2613} INFO - Dependencies all met for dep_context=requeueable deps ti=<TaskInstance: dag_with_taskflow_api.get_age scheduled__2024-12-07T00:00:00+00:00 [queued]>
[2024-12-19T13:52:16.130+0000] {taskinstance.py:2866} INFO - Starting attempt 1 of 6
[2024-12-19T13:52:16.390+0000] {taskinstance.py:2889} INFO - Executing <Task(_PythonDecoratedOperator): get_age> on 2024-12-07 00:00:00+00:00
[2024-12-19T13:52:16.428+0000] {standard_task_runner.py:104} INFO - Running: ['***', 'tasks', 'run', 'dag_with_taskflow_api', 'get_age', 'scheduled__2024-12-07T00:00:00+00:00', '--job-id', '4563', '--raw', '--subdir', 'DAGS_FOLDER/dag_with_taskflow_api.py', '--cfg-path', '/tmp/tmpnxh35xim']
[2024-12-19T13:52:16.439+0000] {standard_task_runner.py:105} INFO - Job 4563: Subtask get_age
[2024-12-19T13:52:16.436+0000] {logging_mixin.py:190} WARNING - /home/***/.local/lib/python3.12/site-packages/***/task/task_runner/standard_task_runner.py:70 DeprecationWarning: This process (pid=16762) is multi-threaded, use of fork() may lead to deadlocks in the child.
[2024-12-19T13:52:16.452+0000] {standard_task_runner.py:72} INFO - Started process 16780 to run task
[2024-12-19T13:52:16.647+0000] {task_command.py:467} INFO - Running <TaskInstance: dag_with_taskflow_api.get_age scheduled__2024-12-07T00:00:00+00:00 [running]> on host 02d979add40a
[2024-12-19T13:52:17.002+0000] {taskinstance.py:3132} INFO - Exporting env vars: AIRFLOW_CTX_DAG_OWNER='mateo' AIRFLOW_CTX_DAG_ID='dag_with_taskflow_api' AIRFLOW_CTX_TASK_ID='get_age' AIRFLOW_CTX_EXECUTION_DATE='2024-12-07T00:00:00+00:00' AIRFLOW_CTX_TRY_NUMBER='1' AIRFLOW_CTX_DAG_RUN_ID='scheduled__2024-12-07T00:00:00+00:00'
[2024-12-19T13:52:17.007+0000] {taskinstance.py:731} INFO - ::endgroup::
[2024-12-19T13:52:17.013+0000] {python.py:240} INFO - Done. Returned value was: 19
[2024-12-19T13:52:17.136+0000] {taskinstance.py:340} INFO - ::group::Post task execution logs
[2024-12-19T13:52:17.137+0000] {taskinstance.py:352} INFO - Marking task as SUCCESS. dag_id=dag_with_taskflow_api, task_id=get_age, run_id=scheduled__2024-12-07T00:00:00+00:00, execution_date=20241207T000000, start_date=20241219T135216, end_date=20241219T135217
[2024-12-19T13:52:17.285+0000] {local_task_job_runner.py:266} INFO - Task exited with return code 0
[2024-12-19T13:52:17.322+0000] {local_task_job_runner.py:245} INFO - ::endgroup::
[2024-12-20T10:29:47.115+0000] {local_task_job_runner.py:123} INFO - ::group::Pre task execution logs
[2024-12-20T10:29:47.172+0000] {taskinstance.py:2613} INFO - Dependencies all met for dep_context=non-requeueable deps ti=<TaskInstance: dag_with_taskflow_api.get_age scheduled__2024-12-07T00:00:00+00:00 [queued]>
[2024-12-20T10:29:47.191+0000] {taskinstance.py:2613} INFO - Dependencies all met for dep_context=requeueable deps ti=<TaskInstance: dag_with_taskflow_api.get_age scheduled__2024-12-07T00:00:00+00:00 [queued]>
[2024-12-20T10:29:47.192+0000] {taskinstance.py:2866} INFO - Starting attempt 1 of 6
[2024-12-20T10:29:47.412+0000] {taskinstance.py:2889} INFO - Executing <Task(_PythonDecoratedOperator): get_age> on 2024-12-07 00:00:00+00:00
[2024-12-20T10:29:47.430+0000] {logging_mixin.py:190} WARNING - /home/***/.local/lib/python3.12/site-packages/***/task/task_runner/standard_task_runner.py:70 DeprecationWarning: This process (pid=13392) is multi-threaded, use of fork() may lead to deadlocks in the child.
[2024-12-20T10:29:47.443+0000] {standard_task_runner.py:72} INFO - Started process 13409 to run task
[2024-12-20T10:29:47.450+0000] {standard_task_runner.py:104} INFO - Running: ['***', 'tasks', 'run', 'dag_with_taskflow_api', 'get_age', 'scheduled__2024-12-07T00:00:00+00:00', '--job-id', '4881', '--raw', '--subdir', 'DAGS_FOLDER/dag_with_taskflow_api.py', '--cfg-path', '/tmp/tmpgorc0j0u']
[2024-12-20T10:29:47.494+0000] {standard_task_runner.py:105} INFO - Job 4881: Subtask get_age
[2024-12-20T10:29:47.660+0000] {task_command.py:467} INFO - Running <TaskInstance: dag_with_taskflow_api.get_age scheduled__2024-12-07T00:00:00+00:00 [running]> on host a998b5b3d359
[2024-12-20T10:29:47.817+0000] {taskinstance.py:3132} INFO - Exporting env vars: AIRFLOW_CTX_DAG_OWNER='mateo' AIRFLOW_CTX_DAG_ID='dag_with_taskflow_api' AIRFLOW_CTX_TASK_ID='get_age' AIRFLOW_CTX_EXECUTION_DATE='2024-12-07T00:00:00+00:00' AIRFLOW_CTX_TRY_NUMBER='1' AIRFLOW_CTX_DAG_RUN_ID='scheduled__2024-12-07T00:00:00+00:00'
[2024-12-20T10:29:47.820+0000] {taskinstance.py:731} INFO - ::endgroup::
[2024-12-20T10:29:47.824+0000] {python.py:240} INFO - Done. Returned value was: 19
[2024-12-20T10:29:47.869+0000] {taskinstance.py:340} INFO - ::group::Post task execution logs
[2024-12-20T10:29:47.870+0000] {taskinstance.py:352} INFO - Marking task as SUCCESS. dag_id=dag_with_taskflow_api, task_id=get_age, run_id=scheduled__2024-12-07T00:00:00+00:00, execution_date=20241207T000000, start_date=20241220T102947, end_date=20241220T102947
[2024-12-20T10:29:47.960+0000] {local_task_job_runner.py:266} INFO - Task exited with return code 0
[2024-12-20T10:29:47.991+0000] {taskinstance.py:3895} INFO - 0 downstream tasks scheduled from follow-on schedule check
[2024-12-20T10:29:48.005+0000] {local_task_job_runner.py:245} INFO - ::endgroup::
