[2024-12-19T13:51:26.363+0000] {local_task_job_runner.py:123} INFO - ::group::Pre task execution logs
[2024-12-19T13:51:26.405+0000] {taskinstance.py:2613} INFO - Dependencies all met for dep_context=non-requeueable deps ti=<TaskInstance: dag_with_taskflow_api.get_name scheduled__2024-10-05T00:00:00+00:00 [queued]>
[2024-12-19T13:51:26.438+0000] {taskinstance.py:2613} INFO - Dependencies all met for dep_context=requeueable deps ti=<TaskInstance: dag_with_taskflow_api.get_name scheduled__2024-10-05T00:00:00+00:00 [queued]>
[2024-12-19T13:51:26.442+0000] {taskinstance.py:2866} INFO - Starting attempt 1 of 6
[2024-12-19T13:51:26.474+0000] {taskinstance.py:2889} INFO - Executing <Task(_PythonDecoratedOperator): get_name> on 2024-10-05 00:00:00+00:00
[2024-12-19T13:51:26.530+0000] {logging_mixin.py:190} WARNING - /home/***/.local/lib/python3.12/site-packages/***/task/task_runner/standard_task_runner.py:70 DeprecationWarning: This process (pid=16150) is multi-threaded, use of fork() may lead to deadlocks in the child.
[2024-12-19T13:51:26.539+0000] {standard_task_runner.py:72} INFO - Started process 16164 to run task
[2024-12-19T13:51:26.554+0000] {standard_task_runner.py:104} INFO - Running: ['***', 'tasks', 'run', 'dag_with_taskflow_api', 'get_name', 'scheduled__2024-10-05T00:00:00+00:00', '--job-id', '4373', '--raw', '--subdir', 'DAGS_FOLDER/dag_with_taskflow_api.py', '--cfg-path', '/tmp/tmpbalv76j4']
[2024-12-19T13:51:26.582+0000] {standard_task_runner.py:105} INFO - Job 4373: Subtask get_name
[2024-12-19T13:51:26.739+0000] {task_command.py:467} INFO - Running <TaskInstance: dag_with_taskflow_api.get_name scheduled__2024-10-05T00:00:00+00:00 [running]> on host 02d979add40a
[2024-12-19T13:51:27.093+0000] {taskinstance.py:3132} INFO - Exporting env vars: AIRFLOW_CTX_DAG_OWNER='mateo' AIRFLOW_CTX_DAG_ID='dag_with_taskflow_api' AIRFLOW_CTX_TASK_ID='get_name' AIRFLOW_CTX_EXECUTION_DATE='2024-10-05T00:00:00+00:00' AIRFLOW_CTX_TRY_NUMBER='1' AIRFLOW_CTX_DAG_RUN_ID='scheduled__2024-10-05T00:00:00+00:00'
[2024-12-19T13:51:27.096+0000] {taskinstance.py:731} INFO - ::endgroup::
[2024-12-19T13:51:27.101+0000] {python.py:240} INFO - Done. Returned value was: Jerry
[2024-12-19T13:51:27.144+0000] {taskinstance.py:340} INFO - ::group::Post task execution logs
[2024-12-19T13:51:27.145+0000] {taskinstance.py:352} INFO - Marking task as SUCCESS. dag_id=dag_with_taskflow_api, task_id=get_name, run_id=scheduled__2024-10-05T00:00:00+00:00, execution_date=20241005T000000, start_date=20241219T135126, end_date=20241219T135127
[2024-12-19T13:51:27.198+0000] {local_task_job_runner.py:266} INFO - Task exited with return code 0
[2024-12-19T13:51:27.230+0000] {taskinstance.py:3895} INFO - 1 downstream tasks scheduled from follow-on schedule check
[2024-12-19T13:51:27.235+0000] {local_task_job_runner.py:245} INFO - ::endgroup::
[2024-12-20T10:29:01.285+0000] {local_task_job_runner.py:123} INFO - ::group::Pre task execution logs
[2024-12-20T10:29:01.311+0000] {taskinstance.py:2613} INFO - Dependencies all met for dep_context=non-requeueable deps ti=<TaskInstance: dag_with_taskflow_api.get_name scheduled__2024-10-05T00:00:00+00:00 [queued]>
[2024-12-20T10:29:01.326+0000] {taskinstance.py:2613} INFO - Dependencies all met for dep_context=requeueable deps ti=<TaskInstance: dag_with_taskflow_api.get_name scheduled__2024-10-05T00:00:00+00:00 [queued]>
[2024-12-20T10:29:01.328+0000] {taskinstance.py:2866} INFO - Starting attempt 1 of 6
[2024-12-20T10:29:01.356+0000] {taskinstance.py:2889} INFO - Executing <Task(_PythonDecoratedOperator): get_name> on 2024-10-05 00:00:00+00:00
[2024-12-20T10:29:01.369+0000] {logging_mixin.py:190} WARNING - /home/***/.local/lib/python3.12/site-packages/***/task/task_runner/standard_task_runner.py:70 DeprecationWarning: This process (pid=12763) is multi-threaded, use of fork() may lead to deadlocks in the child.
[2024-12-20T10:29:01.371+0000] {standard_task_runner.py:72} INFO - Started process 12772 to run task
[2024-12-20T10:29:01.384+0000] {standard_task_runner.py:104} INFO - Running: ['***', 'tasks', 'run', 'dag_with_taskflow_api', 'get_name', 'scheduled__2024-10-05T00:00:00+00:00', '--job-id', '4691', '--raw', '--subdir', 'DAGS_FOLDER/dag_with_taskflow_api.py', '--cfg-path', '/tmp/tmpr_r0muq2']
[2024-12-20T10:29:01.394+0000] {standard_task_runner.py:105} INFO - Job 4691: Subtask get_name
[2024-12-20T10:29:01.506+0000] {task_command.py:467} INFO - Running <TaskInstance: dag_with_taskflow_api.get_name scheduled__2024-10-05T00:00:00+00:00 [running]> on host a998b5b3d359
[2024-12-20T10:29:01.642+0000] {taskinstance.py:3132} INFO - Exporting env vars: AIRFLOW_CTX_DAG_OWNER='mateo' AIRFLOW_CTX_DAG_ID='dag_with_taskflow_api' AIRFLOW_CTX_TASK_ID='get_name' AIRFLOW_CTX_EXECUTION_DATE='2024-10-05T00:00:00+00:00' AIRFLOW_CTX_TRY_NUMBER='1' AIRFLOW_CTX_DAG_RUN_ID='scheduled__2024-10-05T00:00:00+00:00'
[2024-12-20T10:29:01.645+0000] {taskinstance.py:731} INFO - ::endgroup::
[2024-12-20T10:29:01.649+0000] {python.py:240} INFO - Done. Returned value was: Jerry
[2024-12-20T10:29:01.679+0000] {taskinstance.py:340} INFO - ::group::Post task execution logs
[2024-12-20T10:29:01.681+0000] {taskinstance.py:352} INFO - Marking task as SUCCESS. dag_id=dag_with_taskflow_api, task_id=get_name, run_id=scheduled__2024-10-05T00:00:00+00:00, execution_date=20241005T000000, start_date=20241220T102901, end_date=20241220T102901
[2024-12-20T10:29:01.715+0000] {local_task_job_runner.py:266} INFO - Task exited with return code 0
[2024-12-20T10:29:01.746+0000] {taskinstance.py:3895} INFO - 0 downstream tasks scheduled from follow-on schedule check
[2024-12-20T10:29:01.750+0000] {local_task_job_runner.py:245} INFO - ::endgroup::
