[2024-12-19T13:51:31.144+0000] {local_task_job_runner.py:123} INFO - ::group::Pre task execution logs
[2024-12-19T13:51:31.212+0000] {taskinstance.py:2613} INFO - Dependencies all met for dep_context=non-requeueable deps ti=<TaskInstance: dag_with_taskflow_api.get_age scheduled__2024-10-07T00:00:00+00:00 [queued]>
[2024-12-19T13:51:31.236+0000] {taskinstance.py:2613} INFO - Dependencies all met for dep_context=requeueable deps ti=<TaskInstance: dag_with_taskflow_api.get_age scheduled__2024-10-07T00:00:00+00:00 [queued]>
[2024-12-19T13:51:31.240+0000] {taskinstance.py:2866} INFO - Starting attempt 1 of 6
[2024-12-19T13:51:31.282+0000] {taskinstance.py:2889} INFO - Executing <Task(_PythonDecoratedOperator): get_age> on 2024-10-07 00:00:00+00:00
[2024-12-19T13:51:31.312+0000] {standard_task_runner.py:104} INFO - Running: ['***', 'tasks', 'run', 'dag_with_taskflow_api', 'get_age', 'scheduled__2024-10-07T00:00:00+00:00', '--job-id', '4385', '--raw', '--subdir', 'DAGS_FOLDER/dag_with_taskflow_api.py', '--cfg-path', '/tmp/tmpkseijeco']
[2024-12-19T13:51:31.318+0000] {standard_task_runner.py:105} INFO - Job 4385: Subtask get_age
[2024-12-19T13:51:31.330+0000] {logging_mixin.py:190} WARNING - /home/***/.local/lib/python3.12/site-packages/***/task/task_runner/standard_task_runner.py:70 DeprecationWarning: This process (pid=16192) is multi-threaded, use of fork() may lead to deadlocks in the child.
[2024-12-19T13:51:31.334+0000] {standard_task_runner.py:72} INFO - Started process 16199 to run task
[2024-12-19T13:51:31.461+0000] {task_command.py:467} INFO - Running <TaskInstance: dag_with_taskflow_api.get_age scheduled__2024-10-07T00:00:00+00:00 [running]> on host 02d979add40a
[2024-12-19T13:51:31.745+0000] {taskinstance.py:3132} INFO - Exporting env vars: AIRFLOW_CTX_DAG_OWNER='mateo' AIRFLOW_CTX_DAG_ID='dag_with_taskflow_api' AIRFLOW_CTX_TASK_ID='get_age' AIRFLOW_CTX_EXECUTION_DATE='2024-10-07T00:00:00+00:00' AIRFLOW_CTX_TRY_NUMBER='1' AIRFLOW_CTX_DAG_RUN_ID='scheduled__2024-10-07T00:00:00+00:00'
[2024-12-19T13:51:31.751+0000] {taskinstance.py:731} INFO - ::endgroup::
[2024-12-19T13:51:31.758+0000] {python.py:240} INFO - Done. Returned value was: 19
[2024-12-19T13:51:31.842+0000] {taskinstance.py:340} INFO - ::group::Post task execution logs
[2024-12-19T13:51:31.844+0000] {taskinstance.py:352} INFO - Marking task as SUCCESS. dag_id=dag_with_taskflow_api, task_id=get_age, run_id=scheduled__2024-10-07T00:00:00+00:00, execution_date=20241007T000000, start_date=20241219T135131, end_date=20241219T135131
[2024-12-19T13:51:31.914+0000] {local_task_job_runner.py:266} INFO - Task exited with return code 0
[2024-12-19T13:51:31.949+0000] {local_task_job_runner.py:245} INFO - ::endgroup::
[2024-12-20T10:29:06.050+0000] {local_task_job_runner.py:123} INFO - ::group::Pre task execution logs
[2024-12-20T10:29:06.072+0000] {taskinstance.py:2613} INFO - Dependencies all met for dep_context=non-requeueable deps ti=<TaskInstance: dag_with_taskflow_api.get_age scheduled__2024-10-07T00:00:00+00:00 [queued]>
[2024-12-20T10:29:06.082+0000] {taskinstance.py:2613} INFO - Dependencies all met for dep_context=requeueable deps ti=<TaskInstance: dag_with_taskflow_api.get_age scheduled__2024-10-07T00:00:00+00:00 [queued]>
[2024-12-20T10:29:06.084+0000] {taskinstance.py:2866} INFO - Starting attempt 1 of 6
[2024-12-20T10:29:06.248+0000] {taskinstance.py:2889} INFO - Executing <Task(_PythonDecoratedOperator): get_age> on 2024-10-07 00:00:00+00:00
[2024-12-20T10:29:06.264+0000] {logging_mixin.py:190} WARNING - /home/***/.local/lib/python3.12/site-packages/***/task/task_runner/standard_task_runner.py:70 DeprecationWarning: This process (pid=12795) is multi-threaded, use of fork() may lead to deadlocks in the child.
[2024-12-20T10:29:06.266+0000] {standard_task_runner.py:72} INFO - Started process 12801 to run task
[2024-12-20T10:29:06.273+0000] {standard_task_runner.py:104} INFO - Running: ['***', 'tasks', 'run', 'dag_with_taskflow_api', 'get_age', 'scheduled__2024-10-07T00:00:00+00:00', '--job-id', '4701', '--raw', '--subdir', 'DAGS_FOLDER/dag_with_taskflow_api.py', '--cfg-path', '/tmp/tmpangx38qt']
[2024-12-20T10:29:06.287+0000] {standard_task_runner.py:105} INFO - Job 4701: Subtask get_age
[2024-12-20T10:29:06.380+0000] {task_command.py:467} INFO - Running <TaskInstance: dag_with_taskflow_api.get_age scheduled__2024-10-07T00:00:00+00:00 [running]> on host a998b5b3d359
[2024-12-20T10:29:06.532+0000] {taskinstance.py:3132} INFO - Exporting env vars: AIRFLOW_CTX_DAG_OWNER='mateo' AIRFLOW_CTX_DAG_ID='dag_with_taskflow_api' AIRFLOW_CTX_TASK_ID='get_age' AIRFLOW_CTX_EXECUTION_DATE='2024-10-07T00:00:00+00:00' AIRFLOW_CTX_TRY_NUMBER='1' AIRFLOW_CTX_DAG_RUN_ID='scheduled__2024-10-07T00:00:00+00:00'
[2024-12-20T10:29:06.535+0000] {taskinstance.py:731} INFO - ::endgroup::
[2024-12-20T10:29:06.541+0000] {python.py:240} INFO - Done. Returned value was: 19
[2024-12-20T10:29:06.578+0000] {taskinstance.py:340} INFO - ::group::Post task execution logs
[2024-12-20T10:29:06.580+0000] {taskinstance.py:352} INFO - Marking task as SUCCESS. dag_id=dag_with_taskflow_api, task_id=get_age, run_id=scheduled__2024-10-07T00:00:00+00:00, execution_date=20241007T000000, start_date=20241220T102906, end_date=20241220T102906
[2024-12-20T10:29:06.615+0000] {local_task_job_runner.py:266} INFO - Task exited with return code 0
[2024-12-20T10:29:06.647+0000] {taskinstance.py:3895} INFO - 1 downstream tasks scheduled from follow-on schedule check
[2024-12-20T10:29:06.657+0000] {local_task_job_runner.py:245} INFO - ::endgroup::
