[2024-12-19T08:58:05.203+0000] {local_task_job_runner.py:123} INFO - ::group::Pre task execution logs
[2024-12-19T08:58:05.265+0000] {taskinstance.py:2613} INFO - Dependencies all met for dep_context=non-requeueable deps ti=<TaskInstance: our_first_dag_v2.first_task scheduled__2023-11-11T00:00:00+00:00 [queued]>
[2024-12-19T08:58:05.312+0000] {taskinstance.py:2613} INFO - Dependencies all met for dep_context=requeueable deps ti=<TaskInstance: our_first_dag_v2.first_task scheduled__2023-11-11T00:00:00+00:00 [queued]>
[2024-12-19T08:58:05.314+0000] {taskinstance.py:2866} INFO - Starting attempt 1 of 6
[2024-12-19T08:58:05.535+0000] {taskinstance.py:2889} INFO - Executing <Task(BashOperator): first_task> on 2023-11-11 00:00:00+00:00
[2024-12-19T08:58:05.552+0000] {logging_mixin.py:190} WARNING - /home/***/.local/lib/python3.12/site-packages/***/task/task_runner/standard_task_runner.py:70 DeprecationWarning: This process (pid=9361) is multi-threaded, use of fork() may lead to deadlocks in the child.
[2024-12-19T08:58:05.556+0000] {standard_task_runner.py:72} INFO - Started process 9380 to run task
[2024-12-19T08:58:05.577+0000] {standard_task_runner.py:104} INFO - Running: ['***', 'tasks', 'run', 'our_first_dag_v2', 'first_task', 'scheduled__2023-11-11T00:00:00+00:00', '--job-id', '2156', '--raw', '--subdir', 'DAGS_FOLDER/our_first_dag.py', '--cfg-path', '/tmp/tmpahty8_7l']
[2024-12-19T08:58:05.593+0000] {standard_task_runner.py:105} INFO - Job 2156: Subtask first_task
[2024-12-19T08:58:05.756+0000] {task_command.py:467} INFO - Running <TaskInstance: our_first_dag_v2.first_task scheduled__2023-11-11T00:00:00+00:00 [running]> on host 8d142e9c83a7
[2024-12-19T08:58:06.010+0000] {taskinstance.py:3132} INFO - Exporting env vars: AIRFLOW_CTX_DAG_OWNER='mateo' AIRFLOW_CTX_DAG_ID='our_first_dag_v2' AIRFLOW_CTX_TASK_ID='first_task' AIRFLOW_CTX_EXECUTION_DATE='2023-11-11T00:00:00+00:00' AIRFLOW_CTX_TRY_NUMBER='1' AIRFLOW_CTX_DAG_RUN_ID='scheduled__2023-11-11T00:00:00+00:00'
[2024-12-19T08:58:06.018+0000] {taskinstance.py:731} INFO - ::endgroup::
[2024-12-19T08:58:06.050+0000] {subprocess.py:78} INFO - Tmp dir root location: /tmp
[2024-12-19T08:58:06.055+0000] {subprocess.py:88} INFO - Running command: ['/usr/bin/bash', '-c', 'echo hello world, this is the first task']
[2024-12-19T08:58:06.100+0000] {subprocess.py:99} INFO - Output:
[2024-12-19T08:58:06.105+0000] {subprocess.py:106} INFO - hello world, this is the first task
[2024-12-19T08:58:06.107+0000] {subprocess.py:110} INFO - Command exited with return code 0
[2024-12-19T08:58:06.158+0000] {taskinstance.py:340} INFO - ::group::Post task execution logs
[2024-12-19T08:58:06.160+0000] {taskinstance.py:352} INFO - Marking task as SUCCESS. dag_id=our_first_dag_v2, task_id=first_task, run_id=scheduled__2023-11-11T00:00:00+00:00, execution_date=20231111T000000, start_date=20241219T085805, end_date=20241219T085806
[2024-12-19T08:58:06.307+0000] {local_task_job_runner.py:266} INFO - Task exited with return code 0
[2024-12-19T08:58:06.356+0000] {taskinstance.py:3895} INFO - 2 downstream tasks scheduled from follow-on schedule check
[2024-12-19T08:58:06.362+0000] {local_task_job_runner.py:245} INFO - ::endgroup::
