[2024-12-19T13:51:25.248+0000] {local_task_job_runner.py:123} INFO - ::group::Pre task execution logs
[2024-12-19T13:51:25.320+0000] {taskinstance.py:2613} INFO - Dependencies all met for dep_context=non-requeueable deps ti=<TaskInstance: dag_with_taskflow_api.get_name scheduled__2024-10-02T00:00:00+00:00 [queued]>
[2024-12-19T13:51:25.346+0000] {taskinstance.py:2613} INFO - Dependencies all met for dep_context=requeueable deps ti=<TaskInstance: dag_with_taskflow_api.get_name scheduled__2024-10-02T00:00:00+00:00 [queued]>
[2024-12-19T13:51:25.348+0000] {taskinstance.py:2866} INFO - Starting attempt 1 of 6
[2024-12-19T13:51:25.387+0000] {taskinstance.py:2889} INFO - Executing <Task(_PythonDecoratedOperator): get_name> on 2024-10-02 00:00:00+00:00
[2024-12-19T13:51:25.426+0000] {logging_mixin.py:190} WARNING - /home/***/.local/lib/python3.12/site-packages/***/task/task_runner/standard_task_runner.py:70 DeprecationWarning: This process (pid=16130) is multi-threaded, use of fork() may lead to deadlocks in the child.
[2024-12-19T13:51:25.431+0000] {standard_task_runner.py:72} INFO - Started process 16146 to run task
[2024-12-19T13:51:25.442+0000] {standard_task_runner.py:104} INFO - Running: ['***', 'tasks', 'run', 'dag_with_taskflow_api', 'get_name', 'scheduled__2024-10-02T00:00:00+00:00', '--job-id', '4367', '--raw', '--subdir', 'DAGS_FOLDER/dag_with_taskflow_api.py', '--cfg-path', '/tmp/tmpc5c768j2']
[2024-12-19T13:51:25.467+0000] {standard_task_runner.py:105} INFO - Job 4367: Subtask get_name
[2024-12-19T13:51:25.597+0000] {task_command.py:467} INFO - Running <TaskInstance: dag_with_taskflow_api.get_name scheduled__2024-10-02T00:00:00+00:00 [running]> on host 02d979add40a
[2024-12-19T13:51:25.932+0000] {taskinstance.py:3132} INFO - Exporting env vars: AIRFLOW_CTX_DAG_OWNER='mateo' AIRFLOW_CTX_DAG_ID='dag_with_taskflow_api' AIRFLOW_CTX_TASK_ID='get_name' AIRFLOW_CTX_EXECUTION_DATE='2024-10-02T00:00:00+00:00' AIRFLOW_CTX_TRY_NUMBER='1' AIRFLOW_CTX_DAG_RUN_ID='scheduled__2024-10-02T00:00:00+00:00'
[2024-12-19T13:51:25.937+0000] {taskinstance.py:731} INFO - ::endgroup::
[2024-12-19T13:51:25.949+0000] {python.py:240} INFO - Done. Returned value was: Jerry
[2024-12-19T13:51:26.029+0000] {taskinstance.py:340} INFO - ::group::Post task execution logs
[2024-12-19T13:51:26.031+0000] {taskinstance.py:352} INFO - Marking task as SUCCESS. dag_id=dag_with_taskflow_api, task_id=get_name, run_id=scheduled__2024-10-02T00:00:00+00:00, execution_date=20241002T000000, start_date=20241219T135125, end_date=20241219T135126
[2024-12-19T13:51:26.091+0000] {local_task_job_runner.py:266} INFO - Task exited with return code 0
[2024-12-19T13:51:26.144+0000] {taskinstance.py:3895} INFO - 0 downstream tasks scheduled from follow-on schedule check
[2024-12-19T13:51:26.160+0000] {local_task_job_runner.py:245} INFO - ::endgroup::
[2024-12-20T10:29:00.010+0000] {local_task_job_runner.py:123} INFO - ::group::Pre task execution logs
[2024-12-20T10:29:00.031+0000] {taskinstance.py:2613} INFO - Dependencies all met for dep_context=non-requeueable deps ti=<TaskInstance: dag_with_taskflow_api.get_name scheduled__2024-10-02T00:00:00+00:00 [queued]>
[2024-12-20T10:29:00.045+0000] {taskinstance.py:2613} INFO - Dependencies all met for dep_context=requeueable deps ti=<TaskInstance: dag_with_taskflow_api.get_name scheduled__2024-10-02T00:00:00+00:00 [queued]>
[2024-12-20T10:29:00.047+0000] {taskinstance.py:2866} INFO - Starting attempt 1 of 6
[2024-12-20T10:29:00.066+0000] {taskinstance.py:2889} INFO - Executing <Task(_PythonDecoratedOperator): get_name> on 2024-10-02 00:00:00+00:00
[2024-12-20T10:29:00.092+0000] {logging_mixin.py:190} WARNING - /home/***/.local/lib/python3.12/site-packages/***/task/task_runner/standard_task_runner.py:70 DeprecationWarning: This process (pid=12736) is multi-threaded, use of fork() may lead to deadlocks in the child.
[2024-12-20T10:29:00.098+0000] {standard_task_runner.py:72} INFO - Started process 12747 to run task
[2024-12-20T10:29:00.100+0000] {standard_task_runner.py:104} INFO - Running: ['***', 'tasks', 'run', 'dag_with_taskflow_api', 'get_name', 'scheduled__2024-10-02T00:00:00+00:00', '--job-id', '4683', '--raw', '--subdir', 'DAGS_FOLDER/dag_with_taskflow_api.py', '--cfg-path', '/tmp/tmpi_ch8tx7']
[2024-12-20T10:29:00.106+0000] {standard_task_runner.py:105} INFO - Job 4683: Subtask get_name
[2024-12-20T10:29:00.215+0000] {task_command.py:467} INFO - Running <TaskInstance: dag_with_taskflow_api.get_name scheduled__2024-10-02T00:00:00+00:00 [running]> on host a998b5b3d359
[2024-12-20T10:29:00.403+0000] {taskinstance.py:3132} INFO - Exporting env vars: AIRFLOW_CTX_DAG_OWNER='mateo' AIRFLOW_CTX_DAG_ID='dag_with_taskflow_api' AIRFLOW_CTX_TASK_ID='get_name' AIRFLOW_CTX_EXECUTION_DATE='2024-10-02T00:00:00+00:00' AIRFLOW_CTX_TRY_NUMBER='1' AIRFLOW_CTX_DAG_RUN_ID='scheduled__2024-10-02T00:00:00+00:00'
[2024-12-20T10:29:00.408+0000] {taskinstance.py:731} INFO - ::endgroup::
[2024-12-20T10:29:00.415+0000] {python.py:240} INFO - Done. Returned value was: Jerry
[2024-12-20T10:29:00.451+0000] {taskinstance.py:340} INFO - ::group::Post task execution logs
[2024-12-20T10:29:00.453+0000] {taskinstance.py:352} INFO - Marking task as SUCCESS. dag_id=dag_with_taskflow_api, task_id=get_name, run_id=scheduled__2024-10-02T00:00:00+00:00, execution_date=20241002T000000, start_date=20241220T102900, end_date=20241220T102900
[2024-12-20T10:29:00.498+0000] {local_task_job_runner.py:266} INFO - Task exited with return code 0
[2024-12-20T10:29:00.538+0000] {taskinstance.py:3895} INFO - 1 downstream tasks scheduled from follow-on schedule check
[2024-12-20T10:29:00.544+0000] {local_task_job_runner.py:245} INFO - ::endgroup::
