[2024-12-19T13:51:58.337+0000] {local_task_job_runner.py:123} INFO - ::group::Pre task execution logs
[2024-12-19T13:51:58.383+0000] {taskinstance.py:2613} INFO - Dependencies all met for dep_context=non-requeueable deps ti=<TaskInstance: dag_with_taskflow_api.get_age scheduled__2024-11-10T00:00:00+00:00 [queued]>
[2024-12-19T13:51:58.401+0000] {taskinstance.py:2613} INFO - Dependencies all met for dep_context=requeueable deps ti=<TaskInstance: dag_with_taskflow_api.get_age scheduled__2024-11-10T00:00:00+00:00 [queued]>
[2024-12-19T13:51:58.402+0000] {taskinstance.py:2866} INFO - Starting attempt 1 of 6
[2024-12-19T13:51:58.438+0000] {taskinstance.py:2889} INFO - Executing <Task(_PythonDecoratedOperator): get_age> on 2024-11-10 00:00:00+00:00
[2024-12-19T13:51:58.490+0000] {logging_mixin.py:190} WARNING - /home/***/.local/lib/python3.12/site-packages/***/task/task_runner/standard_task_runner.py:70 DeprecationWarning: This process (pid=16519) is multi-threaded, use of fork() may lead to deadlocks in the child.
[2024-12-19T13:51:58.489+0000] {standard_task_runner.py:104} INFO - Running: ['***', 'tasks', 'run', 'dag_with_taskflow_api', 'get_age', 'scheduled__2024-11-10T00:00:00+00:00', '--job-id', '4487', '--raw', '--subdir', 'DAGS_FOLDER/dag_with_taskflow_api.py', '--cfg-path', '/tmp/tmp25hnn7i7']
[2024-12-19T13:51:58.510+0000] {standard_task_runner.py:105} INFO - Job 4487: Subtask get_age
[2024-12-19T13:51:58.509+0000] {standard_task_runner.py:72} INFO - Started process 16530 to run task
[2024-12-19T13:51:58.633+0000] {task_command.py:467} INFO - Running <TaskInstance: dag_with_taskflow_api.get_age scheduled__2024-11-10T00:00:00+00:00 [running]> on host 02d979add40a
[2024-12-19T13:51:58.923+0000] {taskinstance.py:3132} INFO - Exporting env vars: AIRFLOW_CTX_DAG_OWNER='mateo' AIRFLOW_CTX_DAG_ID='dag_with_taskflow_api' AIRFLOW_CTX_TASK_ID='get_age' AIRFLOW_CTX_EXECUTION_DATE='2024-11-10T00:00:00+00:00' AIRFLOW_CTX_TRY_NUMBER='1' AIRFLOW_CTX_DAG_RUN_ID='scheduled__2024-11-10T00:00:00+00:00'
[2024-12-19T13:51:58.934+0000] {taskinstance.py:731} INFO - ::endgroup::
[2024-12-19T13:51:59.037+0000] {python.py:240} INFO - Done. Returned value was: 19
[2024-12-19T13:51:59.106+0000] {taskinstance.py:340} INFO - ::group::Post task execution logs
[2024-12-19T13:51:59.109+0000] {taskinstance.py:352} INFO - Marking task as SUCCESS. dag_id=dag_with_taskflow_api, task_id=get_age, run_id=scheduled__2024-11-10T00:00:00+00:00, execution_date=20241110T000000, start_date=20241219T135158, end_date=20241219T135159
[2024-12-19T13:51:59.283+0000] {local_task_job_runner.py:266} INFO - Task exited with return code 0
[2024-12-19T13:51:59.337+0000] {local_task_job_runner.py:245} INFO - ::endgroup::
[2024-12-20T10:29:29.352+0000] {local_task_job_runner.py:123} INFO - ::group::Pre task execution logs
[2024-12-20T10:29:29.373+0000] {taskinstance.py:2613} INFO - Dependencies all met for dep_context=non-requeueable deps ti=<TaskInstance: dag_with_taskflow_api.get_age scheduled__2024-11-10T00:00:00+00:00 [queued]>
[2024-12-20T10:29:29.392+0000] {taskinstance.py:2613} INFO - Dependencies all met for dep_context=requeueable deps ti=<TaskInstance: dag_with_taskflow_api.get_age scheduled__2024-11-10T00:00:00+00:00 [queued]>
[2024-12-20T10:29:29.393+0000] {taskinstance.py:2866} INFO - Starting attempt 1 of 6
[2024-12-20T10:29:29.420+0000] {taskinstance.py:2889} INFO - Executing <Task(_PythonDecoratedOperator): get_age> on 2024-11-10 00:00:00+00:00
[2024-12-20T10:29:29.439+0000] {logging_mixin.py:190} WARNING - /home/***/.local/lib/python3.12/site-packages/***/task/task_runner/standard_task_runner.py:70 DeprecationWarning: This process (pid=13127) is multi-threaded, use of fork() may lead to deadlocks in the child.
[2024-12-20T10:29:29.452+0000] {standard_task_runner.py:72} INFO - Started process 13138 to run task
[2024-12-20T10:29:29.462+0000] {standard_task_runner.py:104} INFO - Running: ['***', 'tasks', 'run', 'dag_with_taskflow_api', 'get_age', 'scheduled__2024-11-10T00:00:00+00:00', '--job-id', '4801', '--raw', '--subdir', 'DAGS_FOLDER/dag_with_taskflow_api.py', '--cfg-path', '/tmp/tmpxzmexxh1']
[2024-12-20T10:29:29.472+0000] {standard_task_runner.py:105} INFO - Job 4801: Subtask get_age
[2024-12-20T10:29:29.564+0000] {task_command.py:467} INFO - Running <TaskInstance: dag_with_taskflow_api.get_age scheduled__2024-11-10T00:00:00+00:00 [running]> on host a998b5b3d359
[2024-12-20T10:29:29.698+0000] {taskinstance.py:3132} INFO - Exporting env vars: AIRFLOW_CTX_DAG_OWNER='mateo' AIRFLOW_CTX_DAG_ID='dag_with_taskflow_api' AIRFLOW_CTX_TASK_ID='get_age' AIRFLOW_CTX_EXECUTION_DATE='2024-11-10T00:00:00+00:00' AIRFLOW_CTX_TRY_NUMBER='1' AIRFLOW_CTX_DAG_RUN_ID='scheduled__2024-11-10T00:00:00+00:00'
[2024-12-20T10:29:29.702+0000] {taskinstance.py:731} INFO - ::endgroup::
[2024-12-20T10:29:29.706+0000] {python.py:240} INFO - Done. Returned value was: 19
[2024-12-20T10:29:29.746+0000] {taskinstance.py:340} INFO - ::group::Post task execution logs
[2024-12-20T10:29:29.749+0000] {taskinstance.py:352} INFO - Marking task as SUCCESS. dag_id=dag_with_taskflow_api, task_id=get_age, run_id=scheduled__2024-11-10T00:00:00+00:00, execution_date=20241110T000000, start_date=20241220T102929, end_date=20241220T102929
[2024-12-20T10:29:29.803+0000] {local_task_job_runner.py:266} INFO - Task exited with return code 0
[2024-12-20T10:29:29.817+0000] {local_task_job_runner.py:245} INFO - ::endgroup::
