[2024-12-19T13:51:21.540+0000] {local_task_job_runner.py:123} INFO - ::group::Pre task execution logs
[2024-12-19T13:51:21.566+0000] {taskinstance.py:2613} INFO - Dependencies all met for dep_context=non-requeueable deps ti=<TaskInstance: dag_with_taskflow_api.get_name scheduled__2024-09-28T00:00:00+00:00 [queued]>
[2024-12-19T13:51:21.581+0000] {taskinstance.py:2613} INFO - Dependencies all met for dep_context=requeueable deps ti=<TaskInstance: dag_with_taskflow_api.get_name scheduled__2024-09-28T00:00:00+00:00 [queued]>
[2024-12-19T13:51:21.582+0000] {taskinstance.py:2866} INFO - Starting attempt 1 of 6
[2024-12-19T13:51:21.605+0000] {taskinstance.py:2889} INFO - Executing <Task(_PythonDecoratedOperator): get_name> on 2024-09-28 00:00:00+00:00
[2024-12-19T13:51:21.617+0000] {logging_mixin.py:190} WARNING - /home/***/.local/lib/python3.12/site-packages/***/task/task_runner/standard_task_runner.py:70 DeprecationWarning: This process (pid=16104) is multi-threaded, use of fork() may lead to deadlocks in the child.
[2024-12-19T13:51:21.619+0000] {standard_task_runner.py:72} INFO - Started process 16113 to run task
[2024-12-19T13:51:21.617+0000] {standard_task_runner.py:104} INFO - Running: ['***', 'tasks', 'run', 'dag_with_taskflow_api', 'get_name', 'scheduled__2024-09-28T00:00:00+00:00', '--job-id', '4358', '--raw', '--subdir', 'DAGS_FOLDER/dag_with_taskflow_api.py', '--cfg-path', '/tmp/tmpw01cvfza']
[2024-12-19T13:51:21.623+0000] {standard_task_runner.py:105} INFO - Job 4358: Subtask get_name
[2024-12-19T13:51:21.685+0000] {task_command.py:467} INFO - Running <TaskInstance: dag_with_taskflow_api.get_name scheduled__2024-09-28T00:00:00+00:00 [running]> on host 02d979add40a
[2024-12-19T13:51:21.812+0000] {taskinstance.py:3132} INFO - Exporting env vars: AIRFLOW_CTX_DAG_OWNER='mateo' AIRFLOW_CTX_DAG_ID='dag_with_taskflow_api' AIRFLOW_CTX_TASK_ID='get_name' AIRFLOW_CTX_EXECUTION_DATE='2024-09-28T00:00:00+00:00' AIRFLOW_CTX_TRY_NUMBER='1' AIRFLOW_CTX_DAG_RUN_ID='scheduled__2024-09-28T00:00:00+00:00'
[2024-12-19T13:51:21.814+0000] {taskinstance.py:731} INFO - ::endgroup::
[2024-12-19T13:51:21.817+0000] {python.py:240} INFO - Done. Returned value was: Jerry
[2024-12-19T13:51:21.847+0000] {taskinstance.py:340} INFO - ::group::Post task execution logs
[2024-12-19T13:51:21.849+0000] {taskinstance.py:352} INFO - Marking task as SUCCESS. dag_id=dag_with_taskflow_api, task_id=get_name, run_id=scheduled__2024-09-28T00:00:00+00:00, execution_date=20240928T000000, start_date=20241219T135121, end_date=20241219T135121
[2024-12-19T13:51:21.924+0000] {local_task_job_runner.py:266} INFO - Task exited with return code 0
[2024-12-19T13:51:21.937+0000] {local_task_job_runner.py:245} INFO - ::endgroup::
[2024-12-20T10:28:55.635+0000] {local_task_job_runner.py:123} INFO - ::group::Pre task execution logs
[2024-12-20T10:28:55.660+0000] {taskinstance.py:2613} INFO - Dependencies all met for dep_context=non-requeueable deps ti=<TaskInstance: dag_with_taskflow_api.get_name scheduled__2024-09-28T00:00:00+00:00 [queued]>
[2024-12-20T10:28:55.687+0000] {taskinstance.py:2613} INFO - Dependencies all met for dep_context=requeueable deps ti=<TaskInstance: dag_with_taskflow_api.get_name scheduled__2024-09-28T00:00:00+00:00 [queued]>
[2024-12-20T10:28:55.691+0000] {taskinstance.py:2866} INFO - Starting attempt 1 of 6
[2024-12-20T10:28:55.772+0000] {taskinstance.py:2889} INFO - Executing <Task(_PythonDecoratedOperator): get_name> on 2024-09-28 00:00:00+00:00
[2024-12-20T10:28:55.792+0000] {logging_mixin.py:190} WARNING - /home/***/.local/lib/python3.12/site-packages/***/task/task_runner/standard_task_runner.py:70 DeprecationWarning: This process (pid=12701) is multi-threaded, use of fork() may lead to deadlocks in the child.
[2024-12-20T10:28:55.796+0000] {standard_task_runner.py:72} INFO - Started process 12710 to run task
[2024-12-20T10:28:55.793+0000] {standard_task_runner.py:104} INFO - Running: ['***', 'tasks', 'run', 'dag_with_taskflow_api', 'get_name', 'scheduled__2024-09-28T00:00:00+00:00', '--job-id', '4671', '--raw', '--subdir', 'DAGS_FOLDER/dag_with_taskflow_api.py', '--cfg-path', '/tmp/tmpx2t2j_6i']
[2024-12-20T10:28:55.828+0000] {standard_task_runner.py:105} INFO - Job 4671: Subtask get_name
[2024-12-20T10:28:55.915+0000] {task_command.py:467} INFO - Running <TaskInstance: dag_with_taskflow_api.get_name scheduled__2024-09-28T00:00:00+00:00 [running]> on host a998b5b3d359
[2024-12-20T10:28:56.029+0000] {taskinstance.py:3132} INFO - Exporting env vars: AIRFLOW_CTX_DAG_OWNER='mateo' AIRFLOW_CTX_DAG_ID='dag_with_taskflow_api' AIRFLOW_CTX_TASK_ID='get_name' AIRFLOW_CTX_EXECUTION_DATE='2024-09-28T00:00:00+00:00' AIRFLOW_CTX_TRY_NUMBER='1' AIRFLOW_CTX_DAG_RUN_ID='scheduled__2024-09-28T00:00:00+00:00'
[2024-12-20T10:28:56.031+0000] {taskinstance.py:731} INFO - ::endgroup::
[2024-12-20T10:28:56.035+0000] {python.py:240} INFO - Done. Returned value was: Jerry
[2024-12-20T10:28:56.062+0000] {taskinstance.py:340} INFO - ::group::Post task execution logs
[2024-12-20T10:28:56.063+0000] {taskinstance.py:352} INFO - Marking task as SUCCESS. dag_id=dag_with_taskflow_api, task_id=get_name, run_id=scheduled__2024-09-28T00:00:00+00:00, execution_date=20240928T000000, start_date=20241220T102855, end_date=20241220T102856
[2024-12-20T10:28:56.106+0000] {local_task_job_runner.py:266} INFO - Task exited with return code 0
[2024-12-20T10:28:56.124+0000] {local_task_job_runner.py:245} INFO - ::endgroup::
