[2024-12-19T13:51:11.001+0000] {local_task_job_runner.py:123} INFO - ::group::Pre task execution logs
[2024-12-19T13:51:11.050+0000] {taskinstance.py:2613} INFO - Dependencies all met for dep_context=non-requeueable deps ti=<TaskInstance: dag_with_taskflow_api.get_name scheduled__2024-09-16T00:00:00+00:00 [queued]>
[2024-12-19T13:51:11.077+0000] {taskinstance.py:2613} INFO - Dependencies all met for dep_context=requeueable deps ti=<TaskInstance: dag_with_taskflow_api.get_name scheduled__2024-09-16T00:00:00+00:00 [queued]>
[2024-12-19T13:51:11.082+0000] {taskinstance.py:2866} INFO - Starting attempt 1 of 6
[2024-12-19T13:51:11.164+0000] {taskinstance.py:2889} INFO - Executing <Task(_PythonDecoratedOperator): get_name> on 2024-09-16 00:00:00+00:00
[2024-12-19T13:51:11.205+0000] {standard_task_runner.py:104} INFO - Running: ['***', 'tasks', 'run', 'dag_with_taskflow_api', 'get_name', 'scheduled__2024-09-16T00:00:00+00:00', '--job-id', '4318', '--raw', '--subdir', 'DAGS_FOLDER/dag_with_taskflow_api.py', '--cfg-path', '/tmp/tmp7bclejlu']
[2024-12-19T13:51:11.211+0000] {standard_task_runner.py:105} INFO - Job 4318: Subtask get_name
[2024-12-19T13:51:11.200+0000] {logging_mixin.py:190} WARNING - /home/***/.local/lib/python3.12/site-packages/***/task/task_runner/standard_task_runner.py:70 DeprecationWarning: This process (pid=15959) is multi-threaded, use of fork() may lead to deadlocks in the child.
[2024-12-19T13:51:11.218+0000] {standard_task_runner.py:72} INFO - Started process 15974 to run task
[2024-12-19T13:51:11.375+0000] {task_command.py:467} INFO - Running <TaskInstance: dag_with_taskflow_api.get_name scheduled__2024-09-16T00:00:00+00:00 [running]> on host 02d979add40a
[2024-12-19T13:51:11.588+0000] {taskinstance.py:3132} INFO - Exporting env vars: AIRFLOW_CTX_DAG_OWNER='mateo' AIRFLOW_CTX_DAG_ID='dag_with_taskflow_api' AIRFLOW_CTX_TASK_ID='get_name' AIRFLOW_CTX_EXECUTION_DATE='2024-09-16T00:00:00+00:00' AIRFLOW_CTX_TRY_NUMBER='1' AIRFLOW_CTX_DAG_RUN_ID='scheduled__2024-09-16T00:00:00+00:00'
[2024-12-19T13:51:11.594+0000] {taskinstance.py:731} INFO - ::endgroup::
[2024-12-19T13:51:11.598+0000] {python.py:240} INFO - Done. Returned value was: Jerry
[2024-12-19T13:51:11.644+0000] {taskinstance.py:340} INFO - ::group::Post task execution logs
[2024-12-19T13:51:11.646+0000] {taskinstance.py:352} INFO - Marking task as SUCCESS. dag_id=dag_with_taskflow_api, task_id=get_name, run_id=scheduled__2024-09-16T00:00:00+00:00, execution_date=20240916T000000, start_date=20241219T135111, end_date=20241219T135111
[2024-12-19T13:51:11.693+0000] {local_task_job_runner.py:266} INFO - Task exited with return code 0
[2024-12-19T13:51:11.728+0000] {taskinstance.py:3895} INFO - 1 downstream tasks scheduled from follow-on schedule check
[2024-12-19T13:51:11.742+0000] {local_task_job_runner.py:245} INFO - ::endgroup::
[2024-12-20T10:28:46.281+0000] {local_task_job_runner.py:123} INFO - ::group::Pre task execution logs
[2024-12-20T10:28:46.312+0000] {taskinstance.py:2613} INFO - Dependencies all met for dep_context=non-requeueable deps ti=<TaskInstance: dag_with_taskflow_api.get_name scheduled__2024-09-16T00:00:00+00:00 [queued]>
[2024-12-20T10:28:46.328+0000] {taskinstance.py:2613} INFO - Dependencies all met for dep_context=requeueable deps ti=<TaskInstance: dag_with_taskflow_api.get_name scheduled__2024-09-16T00:00:00+00:00 [queued]>
[2024-12-20T10:28:46.334+0000] {taskinstance.py:2866} INFO - Starting attempt 1 of 6
[2024-12-20T10:28:46.381+0000] {taskinstance.py:2889} INFO - Executing <Task(_PythonDecoratedOperator): get_name> on 2024-09-16 00:00:00+00:00
[2024-12-20T10:28:46.408+0000] {standard_task_runner.py:104} INFO - Running: ['***', 'tasks', 'run', 'dag_with_taskflow_api', 'get_name', 'scheduled__2024-09-16T00:00:00+00:00', '--job-id', '4633', '--raw', '--subdir', 'DAGS_FOLDER/dag_with_taskflow_api.py', '--cfg-path', '/tmp/tmpd70ngrcy']
[2024-12-20T10:28:46.423+0000] {standard_task_runner.py:105} INFO - Job 4633: Subtask get_name
[2024-12-20T10:28:46.428+0000] {logging_mixin.py:190} WARNING - /home/***/.local/lib/python3.12/site-packages/***/task/task_runner/standard_task_runner.py:70 DeprecationWarning: This process (pid=12583) is multi-threaded, use of fork() may lead to deadlocks in the child.
[2024-12-20T10:28:46.432+0000] {standard_task_runner.py:72} INFO - Started process 12594 to run task
[2024-12-20T10:28:46.579+0000] {task_command.py:467} INFO - Running <TaskInstance: dag_with_taskflow_api.get_name scheduled__2024-09-16T00:00:00+00:00 [running]> on host a998b5b3d359
[2024-12-20T10:28:46.847+0000] {taskinstance.py:3132} INFO - Exporting env vars: AIRFLOW_CTX_DAG_OWNER='mateo' AIRFLOW_CTX_DAG_ID='dag_with_taskflow_api' AIRFLOW_CTX_TASK_ID='get_name' AIRFLOW_CTX_EXECUTION_DATE='2024-09-16T00:00:00+00:00' AIRFLOW_CTX_TRY_NUMBER='1' AIRFLOW_CTX_DAG_RUN_ID='scheduled__2024-09-16T00:00:00+00:00'
[2024-12-20T10:28:46.852+0000] {taskinstance.py:731} INFO - ::endgroup::
[2024-12-20T10:28:46.858+0000] {python.py:240} INFO - Done. Returned value was: Jerry
[2024-12-20T10:28:46.905+0000] {taskinstance.py:340} INFO - ::group::Post task execution logs
[2024-12-20T10:28:46.907+0000] {taskinstance.py:352} INFO - Marking task as SUCCESS. dag_id=dag_with_taskflow_api, task_id=get_name, run_id=scheduled__2024-09-16T00:00:00+00:00, execution_date=20240916T000000, start_date=20241220T102846, end_date=20241220T102846
[2024-12-20T10:28:46.964+0000] {local_task_job_runner.py:266} INFO - Task exited with return code 0
[2024-12-20T10:28:47.033+0000] {taskinstance.py:3895} INFO - 0 downstream tasks scheduled from follow-on schedule check
[2024-12-20T10:28:47.040+0000] {local_task_job_runner.py:245} INFO - ::endgroup::
