[2024-12-19T13:52:07.579+0000] {local_task_job_runner.py:123} INFO - ::group::Pre task execution logs
[2024-12-19T13:52:07.657+0000] {taskinstance.py:2613} INFO - Dependencies all met for dep_context=non-requeueable deps ti=<TaskInstance: dag_with_taskflow_api.get_name scheduled__2024-11-26T00:00:00+00:00 [queued]>
[2024-12-19T13:52:07.675+0000] {taskinstance.py:2613} INFO - Dependencies all met for dep_context=requeueable deps ti=<TaskInstance: dag_with_taskflow_api.get_name scheduled__2024-11-26T00:00:00+00:00 [queued]>
[2024-12-19T13:52:07.681+0000] {taskinstance.py:2866} INFO - Starting attempt 1 of 6
[2024-12-19T13:52:07.893+0000] {taskinstance.py:2889} INFO - Executing <Task(_PythonDecoratedOperator): get_name> on 2024-11-26 00:00:00+00:00
[2024-12-19T13:52:07.933+0000] {logging_mixin.py:190} WARNING - /home/***/.local/lib/python3.12/site-packages/***/task/task_runner/standard_task_runner.py:70 DeprecationWarning: This process (pid=16639) is multi-threaded, use of fork() may lead to deadlocks in the child.
[2024-12-19T13:52:07.945+0000] {standard_task_runner.py:72} INFO - Started process 16657 to run task
[2024-12-19T13:52:07.957+0000] {standard_task_runner.py:104} INFO - Running: ['***', 'tasks', 'run', 'dag_with_taskflow_api', 'get_name', 'scheduled__2024-11-26T00:00:00+00:00', '--job-id', '4530', '--raw', '--subdir', 'DAGS_FOLDER/dag_with_taskflow_api.py', '--cfg-path', '/tmp/tmppb82pqea']
[2024-12-19T13:52:07.974+0000] {standard_task_runner.py:105} INFO - Job 4530: Subtask get_name
[2024-12-19T13:52:08.201+0000] {task_command.py:467} INFO - Running <TaskInstance: dag_with_taskflow_api.get_name scheduled__2024-11-26T00:00:00+00:00 [running]> on host 02d979add40a
[2024-12-19T13:52:08.472+0000] {taskinstance.py:3132} INFO - Exporting env vars: AIRFLOW_CTX_DAG_OWNER='mateo' AIRFLOW_CTX_DAG_ID='dag_with_taskflow_api' AIRFLOW_CTX_TASK_ID='get_name' AIRFLOW_CTX_EXECUTION_DATE='2024-11-26T00:00:00+00:00' AIRFLOW_CTX_TRY_NUMBER='1' AIRFLOW_CTX_DAG_RUN_ID='scheduled__2024-11-26T00:00:00+00:00'
[2024-12-19T13:52:08.483+0000] {taskinstance.py:731} INFO - ::endgroup::
[2024-12-19T13:52:08.487+0000] {python.py:240} INFO - Done. Returned value was: Jerry
[2024-12-19T13:52:08.577+0000] {taskinstance.py:340} INFO - ::group::Post task execution logs
[2024-12-19T13:52:08.579+0000] {taskinstance.py:352} INFO - Marking task as SUCCESS. dag_id=dag_with_taskflow_api, task_id=get_name, run_id=scheduled__2024-11-26T00:00:00+00:00, execution_date=20241126T000000, start_date=20241219T135207, end_date=20241219T135208
[2024-12-19T13:52:08.632+0000] {local_task_job_runner.py:266} INFO - Task exited with return code 0
[2024-12-19T13:52:08.654+0000] {local_task_job_runner.py:245} INFO - ::endgroup::
[2024-12-20T10:29:39.678+0000] {local_task_job_runner.py:123} INFO - ::group::Pre task execution logs
[2024-12-20T10:29:39.727+0000] {taskinstance.py:2613} INFO - Dependencies all met for dep_context=non-requeueable deps ti=<TaskInstance: dag_with_taskflow_api.get_name scheduled__2024-11-26T00:00:00+00:00 [queued]>
[2024-12-20T10:29:39.776+0000] {taskinstance.py:2613} INFO - Dependencies all met for dep_context=requeueable deps ti=<TaskInstance: dag_with_taskflow_api.get_name scheduled__2024-11-26T00:00:00+00:00 [queued]>
[2024-12-20T10:29:39.779+0000] {taskinstance.py:2866} INFO - Starting attempt 1 of 6
[2024-12-20T10:29:39.805+0000] {taskinstance.py:2889} INFO - Executing <Task(_PythonDecoratedOperator): get_name> on 2024-11-26 00:00:00+00:00
[2024-12-20T10:29:39.833+0000] {standard_task_runner.py:104} INFO - Running: ['***', 'tasks', 'run', 'dag_with_taskflow_api', 'get_name', 'scheduled__2024-11-26T00:00:00+00:00', '--job-id', '4847', '--raw', '--subdir', 'DAGS_FOLDER/dag_with_taskflow_api.py', '--cfg-path', '/tmp/tmp00bngfg7']
[2024-12-20T10:29:39.850+0000] {standard_task_runner.py:105} INFO - Job 4847: Subtask get_name
[2024-12-20T10:29:39.834+0000] {logging_mixin.py:190} WARNING - /home/***/.local/lib/python3.12/site-packages/***/task/task_runner/standard_task_runner.py:70 DeprecationWarning: This process (pid=13269) is multi-threaded, use of fork() may lead to deadlocks in the child.
[2024-12-20T10:29:39.853+0000] {standard_task_runner.py:72} INFO - Started process 13284 to run task
[2024-12-20T10:29:39.974+0000] {task_command.py:467} INFO - Running <TaskInstance: dag_with_taskflow_api.get_name scheduled__2024-11-26T00:00:00+00:00 [running]> on host a998b5b3d359
[2024-12-20T10:29:40.146+0000] {taskinstance.py:3132} INFO - Exporting env vars: AIRFLOW_CTX_DAG_OWNER='mateo' AIRFLOW_CTX_DAG_ID='dag_with_taskflow_api' AIRFLOW_CTX_TASK_ID='get_name' AIRFLOW_CTX_EXECUTION_DATE='2024-11-26T00:00:00+00:00' AIRFLOW_CTX_TRY_NUMBER='1' AIRFLOW_CTX_DAG_RUN_ID='scheduled__2024-11-26T00:00:00+00:00'
[2024-12-20T10:29:40.151+0000] {taskinstance.py:731} INFO - ::endgroup::
[2024-12-20T10:29:40.155+0000] {python.py:240} INFO - Done. Returned value was: Jerry
[2024-12-20T10:29:40.222+0000] {taskinstance.py:340} INFO - ::group::Post task execution logs
[2024-12-20T10:29:40.224+0000] {taskinstance.py:352} INFO - Marking task as SUCCESS. dag_id=dag_with_taskflow_api, task_id=get_name, run_id=scheduled__2024-11-26T00:00:00+00:00, execution_date=20241126T000000, start_date=20241220T102939, end_date=20241220T102940
[2024-12-20T10:29:40.299+0000] {local_task_job_runner.py:266} INFO - Task exited with return code 0
[2024-12-20T10:29:40.312+0000] {local_task_job_runner.py:245} INFO - ::endgroup::
