[2024-12-19T13:52:15.091+0000] {local_task_job_runner.py:123} INFO - ::group::Pre task execution logs
[2024-12-19T13:52:15.159+0000] {taskinstance.py:2613} INFO - Dependencies all met for dep_context=non-requeueable deps ti=<TaskInstance: dag_with_taskflow_api.get_name scheduled__2024-12-06T00:00:00+00:00 [queued]>
[2024-12-19T13:52:15.190+0000] {taskinstance.py:2613} INFO - Dependencies all met for dep_context=requeueable deps ti=<TaskInstance: dag_with_taskflow_api.get_name scheduled__2024-12-06T00:00:00+00:00 [queued]>
[2024-12-19T13:52:15.201+0000] {taskinstance.py:2866} INFO - Starting attempt 1 of 6
[2024-12-19T13:52:15.287+0000] {taskinstance.py:2889} INFO - Executing <Task(_PythonDecoratedOperator): get_name> on 2024-12-06 00:00:00+00:00
[2024-12-19T13:52:15.315+0000] {logging_mixin.py:190} WARNING - /home/***/.local/lib/python3.12/site-packages/***/task/task_runner/standard_task_runner.py:70 DeprecationWarning: This process (pid=16748) is multi-threaded, use of fork() may lead to deadlocks in the child.
[2024-12-19T13:52:15.337+0000] {standard_task_runner.py:72} INFO - Started process 16764 to run task
[2024-12-19T13:52:15.338+0000] {standard_task_runner.py:104} INFO - Running: ['***', 'tasks', 'run', 'dag_with_taskflow_api', 'get_name', 'scheduled__2024-12-06T00:00:00+00:00', '--job-id', '4557', '--raw', '--subdir', 'DAGS_FOLDER/dag_with_taskflow_api.py', '--cfg-path', '/tmp/tmpa_6cstuh']
[2024-12-19T13:52:15.399+0000] {standard_task_runner.py:105} INFO - Job 4557: Subtask get_name
[2024-12-19T13:52:15.644+0000] {task_command.py:467} INFO - Running <TaskInstance: dag_with_taskflow_api.get_name scheduled__2024-12-06T00:00:00+00:00 [running]> on host 02d979add40a
[2024-12-19T13:52:16.066+0000] {taskinstance.py:3132} INFO - Exporting env vars: AIRFLOW_CTX_DAG_OWNER='mateo' AIRFLOW_CTX_DAG_ID='dag_with_taskflow_api' AIRFLOW_CTX_TASK_ID='get_name' AIRFLOW_CTX_EXECUTION_DATE='2024-12-06T00:00:00+00:00' AIRFLOW_CTX_TRY_NUMBER='1' AIRFLOW_CTX_DAG_RUN_ID='scheduled__2024-12-06T00:00:00+00:00'
[2024-12-19T13:52:16.076+0000] {taskinstance.py:731} INFO - ::endgroup::
[2024-12-19T13:52:16.093+0000] {python.py:240} INFO - Done. Returned value was: Jerry
[2024-12-19T13:52:16.161+0000] {taskinstance.py:340} INFO - ::group::Post task execution logs
[2024-12-19T13:52:16.163+0000] {taskinstance.py:352} INFO - Marking task as SUCCESS. dag_id=dag_with_taskflow_api, task_id=get_name, run_id=scheduled__2024-12-06T00:00:00+00:00, execution_date=20241206T000000, start_date=20241219T135215, end_date=20241219T135216
[2024-12-19T13:52:16.234+0000] {local_task_job_runner.py:266} INFO - Task exited with return code 0
[2024-12-19T13:52:16.255+0000] {local_task_job_runner.py:245} INFO - ::endgroup::
[2024-12-20T10:29:46.440+0000] {local_task_job_runner.py:123} INFO - ::group::Pre task execution logs
[2024-12-20T10:29:46.481+0000] {taskinstance.py:2613} INFO - Dependencies all met for dep_context=non-requeueable deps ti=<TaskInstance: dag_with_taskflow_api.get_name scheduled__2024-12-06T00:00:00+00:00 [queued]>
[2024-12-20T10:29:46.494+0000] {taskinstance.py:2613} INFO - Dependencies all met for dep_context=requeueable deps ti=<TaskInstance: dag_with_taskflow_api.get_name scheduled__2024-12-06T00:00:00+00:00 [queued]>
[2024-12-20T10:29:46.497+0000] {taskinstance.py:2866} INFO - Starting attempt 1 of 6
[2024-12-20T10:29:46.541+0000] {taskinstance.py:2889} INFO - Executing <Task(_PythonDecoratedOperator): get_name> on 2024-12-06 00:00:00+00:00
[2024-12-20T10:29:46.584+0000] {logging_mixin.py:190} WARNING - /home/***/.local/lib/python3.12/site-packages/***/task/task_runner/standard_task_runner.py:70 DeprecationWarning: This process (pid=13376) is multi-threaded, use of fork() may lead to deadlocks in the child.
[2024-12-20T10:29:46.601+0000] {standard_task_runner.py:72} INFO - Started process 13397 to run task
[2024-12-20T10:29:46.588+0000] {standard_task_runner.py:104} INFO - Running: ['***', 'tasks', 'run', 'dag_with_taskflow_api', 'get_name', 'scheduled__2024-12-06T00:00:00+00:00', '--job-id', '4878', '--raw', '--subdir', 'DAGS_FOLDER/dag_with_taskflow_api.py', '--cfg-path', '/tmp/tmp1qx2rvdg']
[2024-12-20T10:29:46.647+0000] {standard_task_runner.py:105} INFO - Job 4878: Subtask get_name
[2024-12-20T10:29:46.761+0000] {task_command.py:467} INFO - Running <TaskInstance: dag_with_taskflow_api.get_name scheduled__2024-12-06T00:00:00+00:00 [running]> on host a998b5b3d359
[2024-12-20T10:29:46.938+0000] {taskinstance.py:3132} INFO - Exporting env vars: AIRFLOW_CTX_DAG_OWNER='mateo' AIRFLOW_CTX_DAG_ID='dag_with_taskflow_api' AIRFLOW_CTX_TASK_ID='get_name' AIRFLOW_CTX_EXECUTION_DATE='2024-12-06T00:00:00+00:00' AIRFLOW_CTX_TRY_NUMBER='1' AIRFLOW_CTX_DAG_RUN_ID='scheduled__2024-12-06T00:00:00+00:00'
[2024-12-20T10:29:46.945+0000] {taskinstance.py:731} INFO - ::endgroup::
[2024-12-20T10:29:46.957+0000] {python.py:240} INFO - Done. Returned value was: Jerry
[2024-12-20T10:29:47.028+0000] {taskinstance.py:340} INFO - ::group::Post task execution logs
[2024-12-20T10:29:47.032+0000] {taskinstance.py:352} INFO - Marking task as SUCCESS. dag_id=dag_with_taskflow_api, task_id=get_name, run_id=scheduled__2024-12-06T00:00:00+00:00, execution_date=20241206T000000, start_date=20241220T102946, end_date=20241220T102947
[2024-12-20T10:29:47.131+0000] {local_task_job_runner.py:266} INFO - Task exited with return code 0
[2024-12-20T10:29:47.184+0000] {taskinstance.py:3895} INFO - 1 downstream tasks scheduled from follow-on schedule check
[2024-12-20T10:29:47.193+0000] {local_task_job_runner.py:245} INFO - ::endgroup::
