[2024-12-19T13:51:49.870+0000] {local_task_job_runner.py:123} INFO - ::group::Pre task execution logs
[2024-12-19T13:51:49.917+0000] {taskinstance.py:2613} INFO - Dependencies all met for dep_context=non-requeueable deps ti=<TaskInstance: dag_with_taskflow_api.get_age scheduled__2024-10-30T00:00:00+00:00 [queued]>
[2024-12-19T13:51:49.965+0000] {taskinstance.py:2613} INFO - Dependencies all met for dep_context=requeueable deps ti=<TaskInstance: dag_with_taskflow_api.get_age scheduled__2024-10-30T00:00:00+00:00 [queued]>
[2024-12-19T13:51:49.967+0000] {taskinstance.py:2866} INFO - Starting attempt 1 of 6
[2024-12-19T13:51:50.036+0000] {taskinstance.py:2889} INFO - Executing <Task(_PythonDecoratedOperator): get_age> on 2024-10-30 00:00:00+00:00
[2024-12-19T13:51:50.051+0000] {logging_mixin.py:190} WARNING - /home/***/.local/lib/python3.12/site-packages/***/task/task_runner/standard_task_runner.py:70 DeprecationWarning: This process (pid=16406) is multi-threaded, use of fork() may lead to deadlocks in the child.
[2024-12-19T13:51:50.055+0000] {standard_task_runner.py:72} INFO - Started process 16416 to run task
[2024-12-19T13:51:50.054+0000] {standard_task_runner.py:104} INFO - Running: ['***', 'tasks', 'run', 'dag_with_taskflow_api', 'get_age', 'scheduled__2024-10-30T00:00:00+00:00', '--job-id', '4452', '--raw', '--subdir', 'DAGS_FOLDER/dag_with_taskflow_api.py', '--cfg-path', '/tmp/tmpdtmfrhil']
[2024-12-19T13:51:50.059+0000] {standard_task_runner.py:105} INFO - Job 4452: Subtask get_age
[2024-12-19T13:51:50.182+0000] {task_command.py:467} INFO - Running <TaskInstance: dag_with_taskflow_api.get_age scheduled__2024-10-30T00:00:00+00:00 [running]> on host 02d979add40a
[2024-12-19T13:51:50.459+0000] {taskinstance.py:3132} INFO - Exporting env vars: AIRFLOW_CTX_DAG_OWNER='mateo' AIRFLOW_CTX_DAG_ID='dag_with_taskflow_api' AIRFLOW_CTX_TASK_ID='get_age' AIRFLOW_CTX_EXECUTION_DATE='2024-10-30T00:00:00+00:00' AIRFLOW_CTX_TRY_NUMBER='1' AIRFLOW_CTX_DAG_RUN_ID='scheduled__2024-10-30T00:00:00+00:00'
[2024-12-19T13:51:50.467+0000] {taskinstance.py:731} INFO - ::endgroup::
[2024-12-19T13:51:50.485+0000] {python.py:240} INFO - Done. Returned value was: 19
[2024-12-19T13:51:50.558+0000] {taskinstance.py:340} INFO - ::group::Post task execution logs
[2024-12-19T13:51:50.560+0000] {taskinstance.py:352} INFO - Marking task as SUCCESS. dag_id=dag_with_taskflow_api, task_id=get_age, run_id=scheduled__2024-10-30T00:00:00+00:00, execution_date=20241030T000000, start_date=20241219T135149, end_date=20241219T135150
[2024-12-19T13:51:50.769+0000] {local_task_job_runner.py:266} INFO - Task exited with return code 0
[2024-12-19T13:51:50.801+0000] {taskinstance.py:3895} INFO - 0 downstream tasks scheduled from follow-on schedule check
[2024-12-19T13:51:50.818+0000] {local_task_job_runner.py:245} INFO - ::endgroup::
[2024-12-20T10:29:20.910+0000] {local_task_job_runner.py:123} INFO - ::group::Pre task execution logs
[2024-12-20T10:29:20.948+0000] {taskinstance.py:2613} INFO - Dependencies all met for dep_context=non-requeueable deps ti=<TaskInstance: dag_with_taskflow_api.get_age scheduled__2024-10-30T00:00:00+00:00 [queued]>
[2024-12-20T10:29:20.971+0000] {taskinstance.py:2613} INFO - Dependencies all met for dep_context=requeueable deps ti=<TaskInstance: dag_with_taskflow_api.get_age scheduled__2024-10-30T00:00:00+00:00 [queued]>
[2024-12-20T10:29:20.974+0000] {taskinstance.py:2866} INFO - Starting attempt 1 of 6
[2024-12-20T10:29:21.002+0000] {taskinstance.py:2889} INFO - Executing <Task(_PythonDecoratedOperator): get_age> on 2024-10-30 00:00:00+00:00
[2024-12-20T10:29:21.020+0000] {logging_mixin.py:190} WARNING - /home/***/.local/lib/python3.12/site-packages/***/task/task_runner/standard_task_runner.py:70 DeprecationWarning: This process (pid=13025) is multi-threaded, use of fork() may lead to deadlocks in the child.
[2024-12-20T10:29:21.025+0000] {standard_task_runner.py:72} INFO - Started process 13033 to run task
[2024-12-20T10:29:21.021+0000] {standard_task_runner.py:104} INFO - Running: ['***', 'tasks', 'run', 'dag_with_taskflow_api', 'get_age', 'scheduled__2024-10-30T00:00:00+00:00', '--job-id', '4765', '--raw', '--subdir', 'DAGS_FOLDER/dag_with_taskflow_api.py', '--cfg-path', '/tmp/tmp5t4f_3q7']
[2024-12-20T10:29:21.039+0000] {standard_task_runner.py:105} INFO - Job 4765: Subtask get_age
[2024-12-20T10:29:21.137+0000] {task_command.py:467} INFO - Running <TaskInstance: dag_with_taskflow_api.get_age scheduled__2024-10-30T00:00:00+00:00 [running]> on host a998b5b3d359
[2024-12-20T10:29:21.334+0000] {taskinstance.py:3132} INFO - Exporting env vars: AIRFLOW_CTX_DAG_OWNER='mateo' AIRFLOW_CTX_DAG_ID='dag_with_taskflow_api' AIRFLOW_CTX_TASK_ID='get_age' AIRFLOW_CTX_EXECUTION_DATE='2024-10-30T00:00:00+00:00' AIRFLOW_CTX_TRY_NUMBER='1' AIRFLOW_CTX_DAG_RUN_ID='scheduled__2024-10-30T00:00:00+00:00'
[2024-12-20T10:29:21.337+0000] {taskinstance.py:731} INFO - ::endgroup::
[2024-12-20T10:29:21.341+0000] {python.py:240} INFO - Done. Returned value was: 19
[2024-12-20T10:29:21.380+0000] {taskinstance.py:340} INFO - ::group::Post task execution logs
[2024-12-20T10:29:21.381+0000] {taskinstance.py:352} INFO - Marking task as SUCCESS. dag_id=dag_with_taskflow_api, task_id=get_age, run_id=scheduled__2024-10-30T00:00:00+00:00, execution_date=20241030T000000, start_date=20241220T102920, end_date=20241220T102921
[2024-12-20T10:29:21.426+0000] {local_task_job_runner.py:266} INFO - Task exited with return code 0
[2024-12-20T10:29:21.470+0000] {taskinstance.py:3895} INFO - 0 downstream tasks scheduled from follow-on schedule check
[2024-12-20T10:29:21.474+0000] {local_task_job_runner.py:245} INFO - ::endgroup::
