[2024-12-19T13:51:36.376+0000] {local_task_job_runner.py:123} INFO - ::group::Pre task execution logs
[2024-12-19T13:51:36.415+0000] {taskinstance.py:2613} INFO - Dependencies all met for dep_context=non-requeueable deps ti=<TaskInstance: dag_with_taskflow_api.greet scheduled__2024-10-14T00:00:00+00:00 [queued]>
[2024-12-19T13:51:36.426+0000] {taskinstance.py:2613} INFO - Dependencies all met for dep_context=requeueable deps ti=<TaskInstance: dag_with_taskflow_api.greet scheduled__2024-10-14T00:00:00+00:00 [queued]>
[2024-12-19T13:51:36.427+0000] {taskinstance.py:2866} INFO - Starting attempt 1 of 6
[2024-12-19T13:51:36.443+0000] {taskinstance.py:2889} INFO - Executing <Task(_PythonDecoratedOperator): greet> on 2024-10-14 00:00:00+00:00
[2024-12-19T13:51:36.454+0000] {logging_mixin.py:190} WARNING - /home/***/.local/lib/python3.12/site-packages/***/task/task_runner/standard_task_runner.py:70 DeprecationWarning: This process (pid=16271) is multi-threaded, use of fork() may lead to deadlocks in the child.
[2024-12-19T13:51:36.454+0000] {standard_task_runner.py:104} INFO - Running: ['***', 'tasks', 'run', 'dag_with_taskflow_api', 'greet', 'scheduled__2024-10-14T00:00:00+00:00', '--job-id', '4414', '--raw', '--subdir', 'DAGS_FOLDER/dag_with_taskflow_api.py', '--cfg-path', '/tmp/tmpp68q7t_s']
[2024-12-19T13:51:36.458+0000] {standard_task_runner.py:105} INFO - Job 4414: Subtask greet
[2024-12-19T13:51:36.458+0000] {standard_task_runner.py:72} INFO - Started process 16282 to run task
[2024-12-19T13:51:36.534+0000] {task_command.py:467} INFO - Running <TaskInstance: dag_with_taskflow_api.greet scheduled__2024-10-14T00:00:00+00:00 [running]> on host 02d979add40a
[2024-12-19T13:51:36.640+0000] {taskinstance.py:3132} INFO - Exporting env vars: AIRFLOW_CTX_DAG_OWNER='mateo' AIRFLOW_CTX_DAG_ID='dag_with_taskflow_api' AIRFLOW_CTX_TASK_ID='greet' AIRFLOW_CTX_EXECUTION_DATE='2024-10-14T00:00:00+00:00' AIRFLOW_CTX_TRY_NUMBER='1' AIRFLOW_CTX_DAG_RUN_ID='scheduled__2024-10-14T00:00:00+00:00'
[2024-12-19T13:51:36.642+0000] {taskinstance.py:731} INFO - ::endgroup::
[2024-12-19T13:51:36.645+0000] {logging_mixin.py:190} INFO - My name is Jerry. I am 19 years old.
[2024-12-19T13:51:36.646+0000] {python.py:240} INFO - Done. Returned value was: None
[2024-12-19T13:51:36.655+0000] {taskinstance.py:340} INFO - ::group::Post task execution logs
[2024-12-19T13:51:36.656+0000] {taskinstance.py:352} INFO - Marking task as SUCCESS. dag_id=dag_with_taskflow_api, task_id=greet, run_id=scheduled__2024-10-14T00:00:00+00:00, execution_date=20241014T000000, start_date=20241219T135136, end_date=20241219T135136
[2024-12-19T13:51:36.684+0000] {local_task_job_runner.py:266} INFO - Task exited with return code 0
[2024-12-19T13:51:36.701+0000] {taskinstance.py:3895} INFO - 0 downstream tasks scheduled from follow-on schedule check
[2024-12-19T13:51:36.703+0000] {local_task_job_runner.py:245} INFO - ::endgroup::
[2024-12-20T10:29:09.247+0000] {local_task_job_runner.py:123} INFO - ::group::Pre task execution logs
[2024-12-20T10:29:09.264+0000] {taskinstance.py:2613} INFO - Dependencies all met for dep_context=non-requeueable deps ti=<TaskInstance: dag_with_taskflow_api.greet scheduled__2024-10-14T00:00:00+00:00 [queued]>
[2024-12-20T10:29:09.273+0000] {taskinstance.py:2613} INFO - Dependencies all met for dep_context=requeueable deps ti=<TaskInstance: dag_with_taskflow_api.greet scheduled__2024-10-14T00:00:00+00:00 [queued]>
[2024-12-20T10:29:09.274+0000] {taskinstance.py:2866} INFO - Starting attempt 1 of 6
[2024-12-20T10:29:09.286+0000] {taskinstance.py:2889} INFO - Executing <Task(_PythonDecoratedOperator): greet> on 2024-10-14 00:00:00+00:00
[2024-12-20T10:29:09.295+0000] {logging_mixin.py:190} WARNING - /home/***/.local/lib/python3.12/site-packages/***/task/task_runner/standard_task_runner.py:70 DeprecationWarning: This process (pid=12872) is multi-threaded, use of fork() may lead to deadlocks in the child.
[2024-12-20T10:29:09.297+0000] {standard_task_runner.py:72} INFO - Started process 12876 to run task
[2024-12-20T10:29:09.296+0000] {standard_task_runner.py:104} INFO - Running: ['***', 'tasks', 'run', 'dag_with_taskflow_api', 'greet', 'scheduled__2024-10-14T00:00:00+00:00', '--job-id', '4725', '--raw', '--subdir', 'DAGS_FOLDER/dag_with_taskflow_api.py', '--cfg-path', '/tmp/tmpptnbq6ni']
[2024-12-20T10:29:09.300+0000] {standard_task_runner.py:105} INFO - Job 4725: Subtask greet
[2024-12-20T10:29:09.353+0000] {task_command.py:467} INFO - Running <TaskInstance: dag_with_taskflow_api.greet scheduled__2024-10-14T00:00:00+00:00 [running]> on host a998b5b3d359
[2024-12-20T10:29:09.459+0000] {taskinstance.py:3132} INFO - Exporting env vars: AIRFLOW_CTX_DAG_OWNER='mateo' AIRFLOW_CTX_DAG_ID='dag_with_taskflow_api' AIRFLOW_CTX_TASK_ID='greet' AIRFLOW_CTX_EXECUTION_DATE='2024-10-14T00:00:00+00:00' AIRFLOW_CTX_TRY_NUMBER='1' AIRFLOW_CTX_DAG_RUN_ID='scheduled__2024-10-14T00:00:00+00:00'
[2024-12-20T10:29:09.461+0000] {taskinstance.py:731} INFO - ::endgroup::
[2024-12-20T10:29:09.464+0000] {logging_mixin.py:190} INFO - My name is Jerry. I am 19 years old.
[2024-12-20T10:29:09.465+0000] {python.py:240} INFO - Done. Returned value was: None
[2024-12-20T10:29:09.472+0000] {taskinstance.py:340} INFO - ::group::Post task execution logs
[2024-12-20T10:29:09.474+0000] {taskinstance.py:352} INFO - Marking task as SUCCESS. dag_id=dag_with_taskflow_api, task_id=greet, run_id=scheduled__2024-10-14T00:00:00+00:00, execution_date=20241014T000000, start_date=20241220T102909, end_date=20241220T102909
[2024-12-20T10:29:09.515+0000] {local_task_job_runner.py:266} INFO - Task exited with return code 0
[2024-12-20T10:29:09.529+0000] {taskinstance.py:3895} INFO - 0 downstream tasks scheduled from follow-on schedule check
[2024-12-20T10:29:09.531+0000] {local_task_job_runner.py:245} INFO - ::endgroup::
