[2024-12-19T08:49:25.052+0000] {local_task_job_runner.py:123} INFO - ::group::Pre task execution logs
[2024-12-19T08:49:25.103+0000] {taskinstance.py:2613} INFO - Dependencies all met for dep_context=non-requeueable deps ti=<TaskInstance: our_first_dag.second_task scheduled__2022-04-15T00:00:00+00:00 [queued]>
[2024-12-19T08:49:25.124+0000] {taskinstance.py:2613} INFO - Dependencies all met for dep_context=requeueable deps ti=<TaskInstance: our_first_dag.second_task scheduled__2022-04-15T00:00:00+00:00 [queued]>
[2024-12-19T08:49:25.126+0000] {taskinstance.py:2866} INFO - Starting attempt 1 of 6
[2024-12-19T08:49:25.254+0000] {taskinstance.py:2889} INFO - Executing <Task(BashOperator): second_task> on 2022-04-15 00:00:00+00:00
[2024-12-19T08:49:25.276+0000] {logging_mixin.py:190} WARNING - /home/***/.local/lib/python3.12/site-packages/***/task/task_runner/standard_task_runner.py:70 DeprecationWarning: This process (pid=1695) is multi-threaded, use of fork() may lead to deadlocks in the child.
[2024-12-19T08:49:25.282+0000] {standard_task_runner.py:72} INFO - Started process 1715 to run task
[2024-12-19T08:49:25.282+0000] {standard_task_runner.py:104} INFO - Running: ['***', 'tasks', 'run', 'our_first_dag', 'second_task', 'scheduled__2022-04-15T00:00:00+00:00', '--job-id', '299', '--raw', '--subdir', 'DAGS_FOLDER/our_first_dag.py', '--cfg-path', '/tmp/tmpmxuam5is']
[2024-12-19T08:49:25.313+0000] {standard_task_runner.py:105} INFO - Job 299: Subtask second_task
[2024-12-19T08:49:25.438+0000] {task_command.py:467} INFO - Running <TaskInstance: our_first_dag.second_task scheduled__2022-04-15T00:00:00+00:00 [running]> on host 8d142e9c83a7
[2024-12-19T08:49:25.844+0000] {taskinstance.py:3132} INFO - Exporting env vars: AIRFLOW_CTX_DAG_OWNER='mateo' AIRFLOW_CTX_DAG_ID='our_first_dag' AIRFLOW_CTX_TASK_ID='second_task' AIRFLOW_CTX_EXECUTION_DATE='2022-04-15T00:00:00+00:00' AIRFLOW_CTX_TRY_NUMBER='1' AIRFLOW_CTX_DAG_RUN_ID='scheduled__2022-04-15T00:00:00+00:00'
[2024-12-19T08:49:25.847+0000] {taskinstance.py:731} INFO - ::endgroup::
[2024-12-19T08:49:25.907+0000] {subprocess.py:78} INFO - Tmp dir root location: /tmp
[2024-12-19T08:49:25.920+0000] {subprocess.py:88} INFO - Running command: ['/usr/bin/bash', '-c', 'echo I am the second task and i will me executed after first task']
[2024-12-19T08:49:25.963+0000] {subprocess.py:99} INFO - Output:
[2024-12-19T08:49:25.966+0000] {subprocess.py:106} INFO - I am the second task and i will me executed after first task
[2024-12-19T08:49:25.969+0000] {subprocess.py:110} INFO - Command exited with return code 0
[2024-12-19T08:49:26.035+0000] {taskinstance.py:340} INFO - ::group::Post task execution logs
[2024-12-19T08:49:26.037+0000] {taskinstance.py:352} INFO - Marking task as SUCCESS. dag_id=our_first_dag, task_id=second_task, run_id=scheduled__2022-04-15T00:00:00+00:00, execution_date=20220415T000000, start_date=20241219T084925, end_date=20241219T084926
[2024-12-19T08:49:26.123+0000] {local_task_job_runner.py:266} INFO - Task exited with return code 0
[2024-12-19T08:49:26.180+0000] {taskinstance.py:3895} INFO - 0 downstream tasks scheduled from follow-on schedule check
[2024-12-19T08:49:26.194+0000] {local_task_job_runner.py:245} INFO - ::endgroup::
