[2024-12-19T13:51:23.747+0000] {local_task_job_runner.py:123} INFO - ::group::Pre task execution logs
[2024-12-19T13:51:23.767+0000] {taskinstance.py:2613} INFO - Dependencies all met for dep_context=non-requeueable deps ti=<TaskInstance: dag_with_taskflow_api.get_age scheduled__2024-09-29T00:00:00+00:00 [queued]>
[2024-12-19T13:51:23.778+0000] {taskinstance.py:2613} INFO - Dependencies all met for dep_context=requeueable deps ti=<TaskInstance: dag_with_taskflow_api.get_age scheduled__2024-09-29T00:00:00+00:00 [queued]>
[2024-12-19T13:51:23.779+0000] {taskinstance.py:2866} INFO - Starting attempt 1 of 6
[2024-12-19T13:51:23.793+0000] {taskinstance.py:2889} INFO - Executing <Task(_PythonDecoratedOperator): get_age> on 2024-09-29 00:00:00+00:00
[2024-12-19T13:51:23.805+0000] {standard_task_runner.py:104} INFO - Running: ['***', 'tasks', 'run', 'dag_with_taskflow_api', 'get_age', 'scheduled__2024-09-29T00:00:00+00:00', '--job-id', '4361', '--raw', '--subdir', 'DAGS_FOLDER/dag_with_taskflow_api.py', '--cfg-path', '/tmp/tmpesz4faw3']
[2024-12-19T13:51:23.809+0000] {standard_task_runner.py:105} INFO - Job 4361: Subtask get_age
[2024-12-19T13:51:23.807+0000] {logging_mixin.py:190} WARNING - /home/***/.local/lib/python3.12/site-packages/***/task/task_runner/standard_task_runner.py:70 DeprecationWarning: This process (pid=16120) is multi-threaded, use of fork() may lead to deadlocks in the child.
[2024-12-19T13:51:23.813+0000] {standard_task_runner.py:72} INFO - Started process 16121 to run task
[2024-12-19T13:51:23.870+0000] {task_command.py:467} INFO - Running <TaskInstance: dag_with_taskflow_api.get_age scheduled__2024-09-29T00:00:00+00:00 [running]> on host 02d979add40a
[2024-12-19T13:51:23.968+0000] {taskinstance.py:3132} INFO - Exporting env vars: AIRFLOW_CTX_DAG_OWNER='mateo' AIRFLOW_CTX_DAG_ID='dag_with_taskflow_api' AIRFLOW_CTX_TASK_ID='get_age' AIRFLOW_CTX_EXECUTION_DATE='2024-09-29T00:00:00+00:00' AIRFLOW_CTX_TRY_NUMBER='1' AIRFLOW_CTX_DAG_RUN_ID='scheduled__2024-09-29T00:00:00+00:00'
[2024-12-19T13:51:23.971+0000] {taskinstance.py:731} INFO - ::endgroup::
[2024-12-19T13:51:23.978+0000] {python.py:240} INFO - Done. Returned value was: 19
[2024-12-19T13:51:24.004+0000] {taskinstance.py:340} INFO - ::group::Post task execution logs
[2024-12-19T13:51:24.006+0000] {taskinstance.py:352} INFO - Marking task as SUCCESS. dag_id=dag_with_taskflow_api, task_id=get_age, run_id=scheduled__2024-09-29T00:00:00+00:00, execution_date=20240929T000000, start_date=20241219T135123, end_date=20241219T135124
[2024-12-19T13:51:24.032+0000] {local_task_job_runner.py:266} INFO - Task exited with return code 0
[2024-12-19T13:51:24.055+0000] {taskinstance.py:3895} INFO - 1 downstream tasks scheduled from follow-on schedule check
[2024-12-19T13:51:24.058+0000] {local_task_job_runner.py:245} INFO - ::endgroup::
[2024-12-20T10:28:59.144+0000] {local_task_job_runner.py:123} INFO - ::group::Pre task execution logs
[2024-12-20T10:28:59.165+0000] {taskinstance.py:2613} INFO - Dependencies all met for dep_context=non-requeueable deps ti=<TaskInstance: dag_with_taskflow_api.get_age scheduled__2024-09-29T00:00:00+00:00 [queued]>
[2024-12-20T10:28:59.180+0000] {taskinstance.py:2613} INFO - Dependencies all met for dep_context=requeueable deps ti=<TaskInstance: dag_with_taskflow_api.get_age scheduled__2024-09-29T00:00:00+00:00 [queued]>
[2024-12-20T10:28:59.181+0000] {taskinstance.py:2866} INFO - Starting attempt 1 of 6
[2024-12-20T10:28:59.327+0000] {taskinstance.py:2889} INFO - Executing <Task(_PythonDecoratedOperator): get_age> on 2024-09-29 00:00:00+00:00
[2024-12-20T10:28:59.340+0000] {logging_mixin.py:190} WARNING - /home/***/.local/lib/python3.12/site-packages/***/task/task_runner/standard_task_runner.py:70 DeprecationWarning: This process (pid=12722) is multi-threaded, use of fork() may lead to deadlocks in the child.
[2024-12-20T10:28:59.343+0000] {standard_task_runner.py:72} INFO - Started process 12726 to run task
[2024-12-20T10:28:59.344+0000] {standard_task_runner.py:104} INFO - Running: ['***', 'tasks', 'run', 'dag_with_taskflow_api', 'get_age', 'scheduled__2024-09-29T00:00:00+00:00', '--job-id', '4676', '--raw', '--subdir', 'DAGS_FOLDER/dag_with_taskflow_api.py', '--cfg-path', '/tmp/tmpqi7pu_7x']
[2024-12-20T10:28:59.348+0000] {standard_task_runner.py:105} INFO - Job 4676: Subtask get_age
[2024-12-20T10:28:59.438+0000] {task_command.py:467} INFO - Running <TaskInstance: dag_with_taskflow_api.get_age scheduled__2024-09-29T00:00:00+00:00 [running]> on host a998b5b3d359
[2024-12-20T10:28:59.590+0000] {taskinstance.py:3132} INFO - Exporting env vars: AIRFLOW_CTX_DAG_OWNER='mateo' AIRFLOW_CTX_DAG_ID='dag_with_taskflow_api' AIRFLOW_CTX_TASK_ID='get_age' AIRFLOW_CTX_EXECUTION_DATE='2024-09-29T00:00:00+00:00' AIRFLOW_CTX_TRY_NUMBER='1' AIRFLOW_CTX_DAG_RUN_ID='scheduled__2024-09-29T00:00:00+00:00'
[2024-12-20T10:28:59.595+0000] {taskinstance.py:731} INFO - ::endgroup::
[2024-12-20T10:28:59.602+0000] {python.py:240} INFO - Done. Returned value was: 19
[2024-12-20T10:28:59.641+0000] {taskinstance.py:340} INFO - ::group::Post task execution logs
[2024-12-20T10:28:59.642+0000] {taskinstance.py:352} INFO - Marking task as SUCCESS. dag_id=dag_with_taskflow_api, task_id=get_age, run_id=scheduled__2024-09-29T00:00:00+00:00, execution_date=20240929T000000, start_date=20241220T102859, end_date=20241220T102859
[2024-12-20T10:28:59.721+0000] {local_task_job_runner.py:266} INFO - Task exited with return code 0
[2024-12-20T10:28:59.754+0000] {taskinstance.py:3895} INFO - 0 downstream tasks scheduled from follow-on schedule check
[2024-12-20T10:28:59.763+0000] {local_task_job_runner.py:245} INFO - ::endgroup::
