[2024-12-19T08:56:59.224+0000] {local_task_job_runner.py:123} INFO - ::group::Pre task execution logs
[2024-12-19T08:56:59.260+0000] {taskinstance.py:2613} INFO - Dependencies all met for dep_context=non-requeueable deps ti=<TaskInstance: our_first_dag_v2.third_task scheduled__2023-07-13T00:00:00+00:00 [queued]>
[2024-12-19T08:56:59.290+0000] {taskinstance.py:2613} INFO - Dependencies all met for dep_context=requeueable deps ti=<TaskInstance: our_first_dag_v2.third_task scheduled__2023-07-13T00:00:00+00:00 [queued]>
[2024-12-19T08:56:59.292+0000] {taskinstance.py:2866} INFO - Starting attempt 1 of 6
[2024-12-19T08:56:59.314+0000] {taskinstance.py:2889} INFO - Executing <Task(BashOperator): third_task> on 2023-07-13 00:00:00+00:00
[2024-12-19T08:56:59.331+0000] {logging_mixin.py:190} WARNING - /home/***/.local/lib/python3.12/site-packages/***/task/task_runner/standard_task_runner.py:70 DeprecationWarning: This process (pid=7934) is multi-threaded, use of fork() may lead to deadlocks in the child.
[2024-12-19T08:56:59.337+0000] {standard_task_runner.py:72} INFO - Started process 7955 to run task
[2024-12-19T08:56:59.343+0000] {standard_task_runner.py:104} INFO - Running: ['***', 'tasks', 'run', 'our_first_dag_v2', 'third_task', 'scheduled__2023-07-13T00:00:00+00:00', '--job-id', '1809', '--raw', '--subdir', 'DAGS_FOLDER/our_first_dag.py', '--cfg-path', '/tmp/tmphrvuai8h']
[2024-12-19T08:56:59.355+0000] {standard_task_runner.py:105} INFO - Job 1809: Subtask third_task
[2024-12-19T08:56:59.481+0000] {task_command.py:467} INFO - Running <TaskInstance: our_first_dag_v2.third_task scheduled__2023-07-13T00:00:00+00:00 [running]> on host 8d142e9c83a7
[2024-12-19T08:56:59.719+0000] {taskinstance.py:3132} INFO - Exporting env vars: AIRFLOW_CTX_DAG_OWNER='mateo' AIRFLOW_CTX_DAG_ID='our_first_dag_v2' AIRFLOW_CTX_TASK_ID='third_task' AIRFLOW_CTX_EXECUTION_DATE='2023-07-13T00:00:00+00:00' AIRFLOW_CTX_TRY_NUMBER='1' AIRFLOW_CTX_DAG_RUN_ID='scheduled__2023-07-13T00:00:00+00:00'
[2024-12-19T08:56:59.721+0000] {taskinstance.py:731} INFO - ::endgroup::
[2024-12-19T08:56:59.763+0000] {subprocess.py:78} INFO - Tmp dir root location: /tmp
[2024-12-19T08:56:59.770+0000] {subprocess.py:88} INFO - Running command: ['/usr/bin/bash', '-c', 'echo I am the third task and I will be executed at the same time as the second task.']
[2024-12-19T08:56:59.811+0000] {subprocess.py:99} INFO - Output:
[2024-12-19T08:56:59.818+0000] {subprocess.py:106} INFO - I am the third task and I will be executed at the same time as the second task.
[2024-12-19T08:56:59.820+0000] {subprocess.py:110} INFO - Command exited with return code 0
[2024-12-19T08:56:59.875+0000] {taskinstance.py:340} INFO - ::group::Post task execution logs
[2024-12-19T08:56:59.877+0000] {taskinstance.py:352} INFO - Marking task as SUCCESS. dag_id=our_first_dag_v2, task_id=third_task, run_id=scheduled__2023-07-13T00:00:00+00:00, execution_date=20230713T000000, start_date=20241219T085659, end_date=20241219T085659
[2024-12-19T08:56:59.977+0000] {local_task_job_runner.py:266} INFO - Task exited with return code 0
[2024-12-19T08:57:00.009+0000] {taskinstance.py:3895} INFO - 0 downstream tasks scheduled from follow-on schedule check
[2024-12-19T08:57:00.018+0000] {local_task_job_runner.py:245} INFO - ::endgroup::
