[2024-12-19T13:52:23.449+0000] {local_task_job_runner.py:123} INFO - ::group::Pre task execution logs
[2024-12-19T13:52:23.481+0000] {taskinstance.py:2613} INFO - Dependencies all met for dep_context=non-requeueable deps ti=<TaskInstance: dag_with_taskflow_api.greet scheduled__2024-12-12T00:00:00+00:00 [queued]>
[2024-12-19T13:52:23.513+0000] {taskinstance.py:2613} INFO - Dependencies all met for dep_context=requeueable deps ti=<TaskInstance: dag_with_taskflow_api.greet scheduled__2024-12-12T00:00:00+00:00 [queued]>
[2024-12-19T13:52:23.515+0000] {taskinstance.py:2866} INFO - Starting attempt 1 of 6
[2024-12-19T13:52:23.721+0000] {taskinstance.py:2889} INFO - Executing <Task(_PythonDecoratedOperator): greet> on 2024-12-12 00:00:00+00:00
[2024-12-19T13:52:23.768+0000] {logging_mixin.py:190} WARNING - /home/***/.local/lib/python3.12/site-packages/***/task/task_runner/standard_task_runner.py:70 DeprecationWarning: This process (pid=16860) is multi-threaded, use of fork() may lead to deadlocks in the child.
[2024-12-19T13:52:23.768+0000] {standard_task_runner.py:104} INFO - Running: ['***', 'tasks', 'run', 'dag_with_taskflow_api', 'greet', 'scheduled__2024-12-12T00:00:00+00:00', '--job-id', '4594', '--raw', '--subdir', 'DAGS_FOLDER/dag_with_taskflow_api.py', '--cfg-path', '/tmp/tmp5amkp_fd']
[2024-12-19T13:52:23.781+0000] {standard_task_runner.py:105} INFO - Job 4594: Subtask greet
[2024-12-19T13:52:23.776+0000] {standard_task_runner.py:72} INFO - Started process 16876 to run task
[2024-12-19T13:52:23.941+0000] {task_command.py:467} INFO - Running <TaskInstance: dag_with_taskflow_api.greet scheduled__2024-12-12T00:00:00+00:00 [running]> on host 02d979add40a
[2024-12-19T13:52:24.295+0000] {taskinstance.py:3132} INFO - Exporting env vars: AIRFLOW_CTX_DAG_OWNER='mateo' AIRFLOW_CTX_DAG_ID='dag_with_taskflow_api' AIRFLOW_CTX_TASK_ID='greet' AIRFLOW_CTX_EXECUTION_DATE='2024-12-12T00:00:00+00:00' AIRFLOW_CTX_TRY_NUMBER='1' AIRFLOW_CTX_DAG_RUN_ID='scheduled__2024-12-12T00:00:00+00:00'
[2024-12-19T13:52:24.300+0000] {taskinstance.py:731} INFO - ::endgroup::
[2024-12-19T13:52:24.307+0000] {logging_mixin.py:190} INFO - My name is Jerry. I am 19 years old.
[2024-12-19T13:52:24.310+0000] {python.py:240} INFO - Done. Returned value was: None
[2024-12-19T13:52:24.337+0000] {taskinstance.py:340} INFO - ::group::Post task execution logs
[2024-12-19T13:52:24.340+0000] {taskinstance.py:352} INFO - Marking task as SUCCESS. dag_id=dag_with_taskflow_api, task_id=greet, run_id=scheduled__2024-12-12T00:00:00+00:00, execution_date=20241212T000000, start_date=20241219T135223, end_date=20241219T135224
[2024-12-19T13:52:24.430+0000] {local_task_job_runner.py:266} INFO - Task exited with return code 0
[2024-12-19T13:52:24.460+0000] {local_task_job_runner.py:245} INFO - ::endgroup::
[2024-12-20T10:29:54.737+0000] {local_task_job_runner.py:123} INFO - ::group::Pre task execution logs
[2024-12-20T10:29:54.762+0000] {taskinstance.py:2613} INFO - Dependencies all met for dep_context=non-requeueable deps ti=<TaskInstance: dag_with_taskflow_api.greet scheduled__2024-12-12T00:00:00+00:00 [queued]>
[2024-12-20T10:29:54.786+0000] {taskinstance.py:2613} INFO - Dependencies all met for dep_context=requeueable deps ti=<TaskInstance: dag_with_taskflow_api.greet scheduled__2024-12-12T00:00:00+00:00 [queued]>
[2024-12-20T10:29:54.788+0000] {taskinstance.py:2866} INFO - Starting attempt 1 of 6
[2024-12-20T10:29:54.825+0000] {taskinstance.py:2889} INFO - Executing <Task(_PythonDecoratedOperator): greet> on 2024-12-12 00:00:00+00:00
[2024-12-20T10:29:54.852+0000] {logging_mixin.py:190} WARNING - /home/***/.local/lib/python3.12/site-packages/***/task/task_runner/standard_task_runner.py:70 DeprecationWarning: This process (pid=13473) is multi-threaded, use of fork() may lead to deadlocks in the child.
[2024-12-20T10:29:54.861+0000] {standard_task_runner.py:72} INFO - Started process 13484 to run task
[2024-12-20T10:29:54.856+0000] {standard_task_runner.py:104} INFO - Running: ['***', 'tasks', 'run', 'dag_with_taskflow_api', 'greet', 'scheduled__2024-12-12T00:00:00+00:00', '--job-id', '4904', '--raw', '--subdir', 'DAGS_FOLDER/dag_with_taskflow_api.py', '--cfg-path', '/tmp/tmphlvbt40w']
[2024-12-20T10:29:54.865+0000] {standard_task_runner.py:105} INFO - Job 4904: Subtask greet
[2024-12-20T10:29:54.985+0000] {task_command.py:467} INFO - Running <TaskInstance: dag_with_taskflow_api.greet scheduled__2024-12-12T00:00:00+00:00 [running]> on host a998b5b3d359
[2024-12-20T10:29:55.244+0000] {taskinstance.py:3132} INFO - Exporting env vars: AIRFLOW_CTX_DAG_OWNER='mateo' AIRFLOW_CTX_DAG_ID='dag_with_taskflow_api' AIRFLOW_CTX_TASK_ID='greet' AIRFLOW_CTX_EXECUTION_DATE='2024-12-12T00:00:00+00:00' AIRFLOW_CTX_TRY_NUMBER='1' AIRFLOW_CTX_DAG_RUN_ID='scheduled__2024-12-12T00:00:00+00:00'
[2024-12-20T10:29:55.247+0000] {taskinstance.py:731} INFO - ::endgroup::
[2024-12-20T10:29:55.252+0000] {logging_mixin.py:190} INFO - My name is Jerry. I am 19 years old.
[2024-12-20T10:29:55.262+0000] {python.py:240} INFO - Done. Returned value was: None
[2024-12-20T10:29:55.284+0000] {taskinstance.py:340} INFO - ::group::Post task execution logs
[2024-12-20T10:29:55.286+0000] {taskinstance.py:352} INFO - Marking task as SUCCESS. dag_id=dag_with_taskflow_api, task_id=greet, run_id=scheduled__2024-12-12T00:00:00+00:00, execution_date=20241212T000000, start_date=20241220T102954, end_date=20241220T102955
[2024-12-20T10:29:55.359+0000] {local_task_job_runner.py:266} INFO - Task exited with return code 0
[2024-12-20T10:29:55.378+0000] {local_task_job_runner.py:245} INFO - ::endgroup::
