[2024-12-19T13:51:19.305+0000] {local_task_job_runner.py:123} INFO - ::group::Pre task execution logs
[2024-12-19T13:51:19.356+0000] {taskinstance.py:2613} INFO - Dependencies all met for dep_context=non-requeueable deps ti=<TaskInstance: dag_with_taskflow_api.get_name scheduled__2024-09-26T00:00:00+00:00 [queued]>
[2024-12-19T13:51:19.368+0000] {taskinstance.py:2613} INFO - Dependencies all met for dep_context=requeueable deps ti=<TaskInstance: dag_with_taskflow_api.get_name scheduled__2024-09-26T00:00:00+00:00 [queued]>
[2024-12-19T13:51:19.380+0000] {taskinstance.py:2866} INFO - Starting attempt 1 of 6
[2024-12-19T13:51:19.430+0000] {taskinstance.py:2889} INFO - Executing <Task(_PythonDecoratedOperator): get_name> on 2024-09-26 00:00:00+00:00
[2024-12-19T13:51:19.473+0000] {standard_task_runner.py:104} INFO - Running: ['***', 'tasks', 'run', 'dag_with_taskflow_api', 'get_name', 'scheduled__2024-09-26T00:00:00+00:00', '--job-id', '4348', '--raw', '--subdir', 'DAGS_FOLDER/dag_with_taskflow_api.py', '--cfg-path', '/tmp/tmpgva_qzmp']
[2024-12-19T13:51:19.485+0000] {standard_task_runner.py:105} INFO - Job 4348: Subtask get_name
[2024-12-19T13:51:19.482+0000] {logging_mixin.py:190} WARNING - /home/***/.local/lib/python3.12/site-packages/***/task/task_runner/standard_task_runner.py:70 DeprecationWarning: This process (pid=16066) is multi-threaded, use of fork() may lead to deadlocks in the child.
[2024-12-19T13:51:19.494+0000] {standard_task_runner.py:72} INFO - Started process 16084 to run task
[2024-12-19T13:51:19.658+0000] {task_command.py:467} INFO - Running <TaskInstance: dag_with_taskflow_api.get_name scheduled__2024-09-26T00:00:00+00:00 [running]> on host 02d979add40a
[2024-12-19T13:51:19.939+0000] {taskinstance.py:3132} INFO - Exporting env vars: AIRFLOW_CTX_DAG_OWNER='mateo' AIRFLOW_CTX_DAG_ID='dag_with_taskflow_api' AIRFLOW_CTX_TASK_ID='get_name' AIRFLOW_CTX_EXECUTION_DATE='2024-09-26T00:00:00+00:00' AIRFLOW_CTX_TRY_NUMBER='1' AIRFLOW_CTX_DAG_RUN_ID='scheduled__2024-09-26T00:00:00+00:00'
[2024-12-19T13:51:19.945+0000] {taskinstance.py:731} INFO - ::endgroup::
[2024-12-19T13:51:19.964+0000] {python.py:240} INFO - Done. Returned value was: Jerry
[2024-12-19T13:51:20.010+0000] {taskinstance.py:340} INFO - ::group::Post task execution logs
[2024-12-19T13:51:20.011+0000] {taskinstance.py:352} INFO - Marking task as SUCCESS. dag_id=dag_with_taskflow_api, task_id=get_name, run_id=scheduled__2024-09-26T00:00:00+00:00, execution_date=20240926T000000, start_date=20241219T135119, end_date=20241219T135120
[2024-12-19T13:51:20.168+0000] {local_task_job_runner.py:266} INFO - Task exited with return code 0
[2024-12-19T13:51:20.197+0000] {local_task_job_runner.py:245} INFO - ::endgroup::
[2024-12-20T10:28:54.756+0000] {local_task_job_runner.py:123} INFO - ::group::Pre task execution logs
[2024-12-20T10:28:54.782+0000] {taskinstance.py:2613} INFO - Dependencies all met for dep_context=non-requeueable deps ti=<TaskInstance: dag_with_taskflow_api.get_name scheduled__2024-09-26T00:00:00+00:00 [queued]>
[2024-12-20T10:28:54.795+0000] {taskinstance.py:2613} INFO - Dependencies all met for dep_context=requeueable deps ti=<TaskInstance: dag_with_taskflow_api.get_name scheduled__2024-09-26T00:00:00+00:00 [queued]>
[2024-12-20T10:28:54.797+0000] {taskinstance.py:2866} INFO - Starting attempt 1 of 6
[2024-12-20T10:28:54.817+0000] {taskinstance.py:2889} INFO - Executing <Task(_PythonDecoratedOperator): get_name> on 2024-09-26 00:00:00+00:00
[2024-12-20T10:28:54.833+0000] {logging_mixin.py:190} WARNING - /home/***/.local/lib/python3.12/site-packages/***/task/task_runner/standard_task_runner.py:70 DeprecationWarning: This process (pid=12684) is multi-threaded, use of fork() may lead to deadlocks in the child.
[2024-12-20T10:28:54.836+0000] {standard_task_runner.py:72} INFO - Started process 12691 to run task
[2024-12-20T10:28:54.838+0000] {standard_task_runner.py:104} INFO - Running: ['***', 'tasks', 'run', 'dag_with_taskflow_api', 'get_name', 'scheduled__2024-09-26T00:00:00+00:00', '--job-id', '4666', '--raw', '--subdir', 'DAGS_FOLDER/dag_with_taskflow_api.py', '--cfg-path', '/tmp/tmpulqka4_x']
[2024-12-20T10:28:54.844+0000] {standard_task_runner.py:105} INFO - Job 4666: Subtask get_name
[2024-12-20T10:28:54.968+0000] {task_command.py:467} INFO - Running <TaskInstance: dag_with_taskflow_api.get_name scheduled__2024-09-26T00:00:00+00:00 [running]> on host a998b5b3d359
[2024-12-20T10:28:55.148+0000] {taskinstance.py:3132} INFO - Exporting env vars: AIRFLOW_CTX_DAG_OWNER='mateo' AIRFLOW_CTX_DAG_ID='dag_with_taskflow_api' AIRFLOW_CTX_TASK_ID='get_name' AIRFLOW_CTX_EXECUTION_DATE='2024-09-26T00:00:00+00:00' AIRFLOW_CTX_TRY_NUMBER='1' AIRFLOW_CTX_DAG_RUN_ID='scheduled__2024-09-26T00:00:00+00:00'
[2024-12-20T10:28:55.150+0000] {taskinstance.py:731} INFO - ::endgroup::
[2024-12-20T10:28:55.157+0000] {python.py:240} INFO - Done. Returned value was: Jerry
[2024-12-20T10:28:55.192+0000] {taskinstance.py:340} INFO - ::group::Post task execution logs
[2024-12-20T10:28:55.193+0000] {taskinstance.py:352} INFO - Marking task as SUCCESS. dag_id=dag_with_taskflow_api, task_id=get_name, run_id=scheduled__2024-09-26T00:00:00+00:00, execution_date=20240926T000000, start_date=20241220T102854, end_date=20241220T102855
[2024-12-20T10:28:55.266+0000] {local_task_job_runner.py:266} INFO - Task exited with return code 0
[2024-12-20T10:28:55.322+0000] {taskinstance.py:3895} INFO - 1 downstream tasks scheduled from follow-on schedule check
[2024-12-20T10:28:55.330+0000] {local_task_job_runner.py:245} INFO - ::endgroup::
