[2024-12-19T13:51:17.159+0000] {local_task_job_runner.py:123} INFO - ::group::Pre task execution logs
[2024-12-19T13:51:17.216+0000] {taskinstance.py:2613} INFO - Dependencies all met for dep_context=non-requeueable deps ti=<TaskInstance: dag_with_taskflow_api.get_name scheduled__2024-09-22T00:00:00+00:00 [queued]>
[2024-12-19T13:51:17.292+0000] {taskinstance.py:2613} INFO - Dependencies all met for dep_context=requeueable deps ti=<TaskInstance: dag_with_taskflow_api.get_name scheduled__2024-09-22T00:00:00+00:00 [queued]>
[2024-12-19T13:51:17.294+0000] {taskinstance.py:2866} INFO - Starting attempt 1 of 6
[2024-12-19T13:51:17.397+0000] {taskinstance.py:2889} INFO - Executing <Task(_PythonDecoratedOperator): get_name> on 2024-09-22 00:00:00+00:00
[2024-12-19T13:51:17.465+0000] {standard_task_runner.py:104} INFO - Running: ['***', 'tasks', 'run', 'dag_with_taskflow_api', 'get_name', 'scheduled__2024-09-22T00:00:00+00:00', '--job-id', '4335', '--raw', '--subdir', 'DAGS_FOLDER/dag_with_taskflow_api.py', '--cfg-path', '/tmp/tmpwl1icfda']
[2024-12-19T13:51:17.472+0000] {standard_task_runner.py:105} INFO - Job 4335: Subtask get_name
[2024-12-19T13:51:17.481+0000] {logging_mixin.py:190} WARNING - /home/***/.local/lib/python3.12/site-packages/***/task/task_runner/standard_task_runner.py:70 DeprecationWarning: This process (pid=16028) is multi-threaded, use of fork() may lead to deadlocks in the child.
[2024-12-19T13:51:17.495+0000] {standard_task_runner.py:72} INFO - Started process 16047 to run task
[2024-12-19T13:51:17.645+0000] {task_command.py:467} INFO - Running <TaskInstance: dag_with_taskflow_api.get_name scheduled__2024-09-22T00:00:00+00:00 [running]> on host 02d979add40a
[2024-12-19T13:51:18.002+0000] {taskinstance.py:3132} INFO - Exporting env vars: AIRFLOW_CTX_DAG_OWNER='mateo' AIRFLOW_CTX_DAG_ID='dag_with_taskflow_api' AIRFLOW_CTX_TASK_ID='get_name' AIRFLOW_CTX_EXECUTION_DATE='2024-09-22T00:00:00+00:00' AIRFLOW_CTX_TRY_NUMBER='1' AIRFLOW_CTX_DAG_RUN_ID='scheduled__2024-09-22T00:00:00+00:00'
[2024-12-19T13:51:18.009+0000] {taskinstance.py:731} INFO - ::endgroup::
[2024-12-19T13:51:18.024+0000] {python.py:240} INFO - Done. Returned value was: Jerry
[2024-12-19T13:51:18.090+0000] {taskinstance.py:340} INFO - ::group::Post task execution logs
[2024-12-19T13:51:18.092+0000] {taskinstance.py:352} INFO - Marking task as SUCCESS. dag_id=dag_with_taskflow_api, task_id=get_name, run_id=scheduled__2024-09-22T00:00:00+00:00, execution_date=20240922T000000, start_date=20241219T135117, end_date=20241219T135118
[2024-12-19T13:51:18.150+0000] {local_task_job_runner.py:266} INFO - Task exited with return code 0
[2024-12-19T13:51:18.178+0000] {local_task_job_runner.py:245} INFO - ::endgroup::
[2024-12-20T10:28:53.171+0000] {local_task_job_runner.py:123} INFO - ::group::Pre task execution logs
[2024-12-20T10:28:53.201+0000] {taskinstance.py:2613} INFO - Dependencies all met for dep_context=non-requeueable deps ti=<TaskInstance: dag_with_taskflow_api.get_name scheduled__2024-09-22T00:00:00+00:00 [queued]>
[2024-12-20T10:28:53.217+0000] {taskinstance.py:2613} INFO - Dependencies all met for dep_context=requeueable deps ti=<TaskInstance: dag_with_taskflow_api.get_name scheduled__2024-09-22T00:00:00+00:00 [queued]>
[2024-12-20T10:28:53.219+0000] {taskinstance.py:2866} INFO - Starting attempt 1 of 6
[2024-12-20T10:28:53.250+0000] {taskinstance.py:2889} INFO - Executing <Task(_PythonDecoratedOperator): get_name> on 2024-09-22 00:00:00+00:00
[2024-12-20T10:28:53.279+0000] {logging_mixin.py:190} WARNING - /home/***/.local/lib/python3.12/site-packages/***/task/task_runner/standard_task_runner.py:70 DeprecationWarning: This process (pid=12652) is multi-threaded, use of fork() may lead to deadlocks in the child.
[2024-12-20T10:28:53.282+0000] {standard_task_runner.py:72} INFO - Started process 12662 to run task
[2024-12-20T10:28:53.287+0000] {standard_task_runner.py:104} INFO - Running: ['***', 'tasks', 'run', 'dag_with_taskflow_api', 'get_name', 'scheduled__2024-09-22T00:00:00+00:00', '--job-id', '4654', '--raw', '--subdir', 'DAGS_FOLDER/dag_with_taskflow_api.py', '--cfg-path', '/tmp/tmpnv1tujue']
[2024-12-20T10:28:53.292+0000] {standard_task_runner.py:105} INFO - Job 4654: Subtask get_name
[2024-12-20T10:28:53.396+0000] {task_command.py:467} INFO - Running <TaskInstance: dag_with_taskflow_api.get_name scheduled__2024-09-22T00:00:00+00:00 [running]> on host a998b5b3d359
[2024-12-20T10:28:53.569+0000] {taskinstance.py:3132} INFO - Exporting env vars: AIRFLOW_CTX_DAG_OWNER='mateo' AIRFLOW_CTX_DAG_ID='dag_with_taskflow_api' AIRFLOW_CTX_TASK_ID='get_name' AIRFLOW_CTX_EXECUTION_DATE='2024-09-22T00:00:00+00:00' AIRFLOW_CTX_TRY_NUMBER='1' AIRFLOW_CTX_DAG_RUN_ID='scheduled__2024-09-22T00:00:00+00:00'
[2024-12-20T10:28:53.576+0000] {taskinstance.py:731} INFO - ::endgroup::
[2024-12-20T10:28:53.581+0000] {python.py:240} INFO - Done. Returned value was: Jerry
[2024-12-20T10:28:53.646+0000] {taskinstance.py:340} INFO - ::group::Post task execution logs
[2024-12-20T10:28:53.648+0000] {taskinstance.py:352} INFO - Marking task as SUCCESS. dag_id=dag_with_taskflow_api, task_id=get_name, run_id=scheduled__2024-09-22T00:00:00+00:00, execution_date=20240922T000000, start_date=20241220T102853, end_date=20241220T102853
[2024-12-20T10:28:53.716+0000] {local_task_job_runner.py:266} INFO - Task exited with return code 0
[2024-12-20T10:28:53.766+0000] {taskinstance.py:3895} INFO - 1 downstream tasks scheduled from follow-on schedule check
[2024-12-20T10:28:53.789+0000] {local_task_job_runner.py:245} INFO - ::endgroup::
