[2024-12-20T10:52:40.428+0000] {local_task_job_runner.py:123} INFO - ::group::Pre task execution logs
[2024-12-20T10:52:40.445+0000] {taskinstance.py:2613} INFO - Dependencies all met for dep_context=non-requeueable deps ti=<TaskInstance: sql_operator_dag_v3.SQL_insert_sql_operator_practice manual__2024-12-20T10:52:19.896205+00:00 [queued]>
[2024-12-20T10:52:40.455+0000] {taskinstance.py:2613} INFO - Dependencies all met for dep_context=requeueable deps ti=<TaskInstance: sql_operator_dag_v3.SQL_insert_sql_operator_practice manual__2024-12-20T10:52:19.896205+00:00 [queued]>
[2024-12-20T10:52:40.464+0000] {taskinstance.py:2866} INFO - Starting attempt 1 of 6
[2024-12-20T10:52:40.478+0000] {taskinstance.py:2889} INFO - Executing <Task(SQLExecuteQueryOperator): SQL_insert_sql_operator_practice> on 2024-12-20 10:52:19.896205+00:00
[2024-12-20T10:52:40.488+0000] {logging_mixin.py:190} WARNING - /home/***/.local/lib/python3.12/site-packages/***/task/task_runner/standard_task_runner.py:70 DeprecationWarning: This process (pid=17179) is multi-threaded, use of fork() may lead to deadlocks in the child.
[2024-12-20T10:52:40.490+0000] {standard_task_runner.py:72} INFO - Started process 17188 to run task
[2024-12-20T10:52:40.494+0000] {standard_task_runner.py:104} INFO - Running: ['***', 'tasks', 'run', 'sql_operator_dag_v3', 'SQL_insert_sql_operator_practice', 'manual__2024-12-20T10:52:19.896205+00:00', '--job-id', '5585', '--raw', '--subdir', 'DAGS_FOLDER/dag_with_postgresql.py', '--cfg-path', '/tmp/tmpxmk29hf6']
[2024-12-20T10:52:40.497+0000] {standard_task_runner.py:105} INFO - Job 5585: Subtask SQL_insert_sql_operator_practice
[2024-12-20T10:52:40.554+0000] {task_command.py:467} INFO - Running <TaskInstance: sql_operator_dag_v3.SQL_insert_sql_operator_practice manual__2024-12-20T10:52:19.896205+00:00 [running]> on host a998b5b3d359
[2024-12-20T10:52:40.641+0000] {taskinstance.py:3132} INFO - Exporting env vars: AIRFLOW_CTX_DAG_OWNER='Mateo' AIRFLOW_CTX_DAG_ID='sql_operator_dag_v3' AIRFLOW_CTX_TASK_ID='SQL_insert_sql_operator_practice' AIRFLOW_CTX_EXECUTION_DATE='2024-12-20T10:52:19.896205+00:00' AIRFLOW_CTX_TRY_NUMBER='1' AIRFLOW_CTX_DAG_RUN_ID='manual__2024-12-20T10:52:19.896205+00:00'
[2024-12-20T10:52:40.643+0000] {taskinstance.py:731} INFO - ::endgroup::
[2024-12-20T10:52:40.665+0000] {sql.py:278} INFO - Executing: 
        insert into dag_runs_v2(dt,dag_id) values ('2024-12-20','sql_operator_dag_v3');
        
[2024-12-20T10:52:40.676+0000] {base.py:84} INFO - Retrieving connection 'sql_operator_practice'
[2024-12-20T10:52:40.687+0000] {base.py:84} INFO - Retrieving connection 'sql_operator_practice'
[2024-12-20T10:52:40.702+0000] {sql.py:553} INFO - Running statement: 
        insert into dag_runs_v2(dt,dag_id) values ('2024-12-20','sql_operator_dag_v3');
        , parameters: None
[2024-12-20T10:52:40.707+0000] {sql.py:562} INFO - Rows affected: 1
[2024-12-20T10:52:40.720+0000] {taskinstance.py:340} INFO - ::group::Post task execution logs
[2024-12-20T10:52:40.722+0000] {taskinstance.py:352} INFO - Marking task as SUCCESS. dag_id=sql_operator_dag_v3, task_id=SQL_insert_sql_operator_practice, run_id=manual__2024-12-20T10:52:19.896205+00:00, execution_date=20241220T105219, start_date=20241220T105240, end_date=20241220T105240
[2024-12-20T10:52:40.754+0000] {local_task_job_runner.py:266} INFO - Task exited with return code 0
[2024-12-20T10:52:40.764+0000] {local_task_job_runner.py:245} INFO - ::endgroup::
