[2024-12-19T13:51:40.737+0000] {local_task_job_runner.py:123} INFO - ::group::Pre task execution logs
[2024-12-19T13:51:40.772+0000] {taskinstance.py:2613} INFO - Dependencies all met for dep_context=non-requeueable deps ti=<TaskInstance: dag_with_taskflow_api.get_age scheduled__2024-10-19T00:00:00+00:00 [queued]>
[2024-12-19T13:51:40.792+0000] {taskinstance.py:2613} INFO - Dependencies all met for dep_context=requeueable deps ti=<TaskInstance: dag_with_taskflow_api.get_age scheduled__2024-10-19T00:00:00+00:00 [queued]>
[2024-12-19T13:51:40.793+0000] {taskinstance.py:2866} INFO - Starting attempt 1 of 6
[2024-12-19T13:51:40.810+0000] {taskinstance.py:2889} INFO - Executing <Task(_PythonDecoratedOperator): get_age> on 2024-10-19 00:00:00+00:00
[2024-12-19T13:51:40.830+0000] {logging_mixin.py:190} WARNING - /home/***/.local/lib/python3.12/site-packages/***/task/task_runner/standard_task_runner.py:70 DeprecationWarning: This process (pid=16292) is multi-threaded, use of fork() may lead to deadlocks in the child.
[2024-12-19T13:51:40.833+0000] {standard_task_runner.py:72} INFO - Started process 16302 to run task
[2024-12-19T13:51:40.840+0000] {standard_task_runner.py:104} INFO - Running: ['***', 'tasks', 'run', 'dag_with_taskflow_api', 'get_age', 'scheduled__2024-10-19T00:00:00+00:00', '--job-id', '4419', '--raw', '--subdir', 'DAGS_FOLDER/dag_with_taskflow_api.py', '--cfg-path', '/tmp/tmpybmm0bzd']
[2024-12-19T13:51:40.844+0000] {standard_task_runner.py:105} INFO - Job 4419: Subtask get_age
[2024-12-19T13:51:40.946+0000] {task_command.py:467} INFO - Running <TaskInstance: dag_with_taskflow_api.get_age scheduled__2024-10-19T00:00:00+00:00 [running]> on host 02d979add40a
[2024-12-19T13:51:41.159+0000] {taskinstance.py:3132} INFO - Exporting env vars: AIRFLOW_CTX_DAG_OWNER='mateo' AIRFLOW_CTX_DAG_ID='dag_with_taskflow_api' AIRFLOW_CTX_TASK_ID='get_age' AIRFLOW_CTX_EXECUTION_DATE='2024-10-19T00:00:00+00:00' AIRFLOW_CTX_TRY_NUMBER='1' AIRFLOW_CTX_DAG_RUN_ID='scheduled__2024-10-19T00:00:00+00:00'
[2024-12-19T13:51:41.165+0000] {taskinstance.py:731} INFO - ::endgroup::
[2024-12-19T13:51:41.170+0000] {python.py:240} INFO - Done. Returned value was: 19
[2024-12-19T13:51:41.230+0000] {taskinstance.py:340} INFO - ::group::Post task execution logs
[2024-12-19T13:51:41.231+0000] {taskinstance.py:352} INFO - Marking task as SUCCESS. dag_id=dag_with_taskflow_api, task_id=get_age, run_id=scheduled__2024-10-19T00:00:00+00:00, execution_date=20241019T000000, start_date=20241219T135140, end_date=20241219T135141
[2024-12-19T13:51:41.350+0000] {local_task_job_runner.py:266} INFO - Task exited with return code 0
[2024-12-19T13:51:41.389+0000] {local_task_job_runner.py:245} INFO - ::endgroup::
[2024-12-20T10:29:12.864+0000] {local_task_job_runner.py:123} INFO - ::group::Pre task execution logs
[2024-12-20T10:29:12.891+0000] {taskinstance.py:2613} INFO - Dependencies all met for dep_context=non-requeueable deps ti=<TaskInstance: dag_with_taskflow_api.get_age scheduled__2024-10-19T00:00:00+00:00 [queued]>
[2024-12-20T10:29:12.905+0000] {taskinstance.py:2613} INFO - Dependencies all met for dep_context=requeueable deps ti=<TaskInstance: dag_with_taskflow_api.get_age scheduled__2024-10-19T00:00:00+00:00 [queued]>
[2024-12-20T10:29:12.907+0000] {taskinstance.py:2866} INFO - Starting attempt 1 of 6
[2024-12-20T10:29:12.923+0000] {taskinstance.py:2889} INFO - Executing <Task(_PythonDecoratedOperator): get_age> on 2024-10-19 00:00:00+00:00
[2024-12-20T10:29:12.937+0000] {logging_mixin.py:190} WARNING - /home/***/.local/lib/python3.12/site-packages/***/task/task_runner/standard_task_runner.py:70 DeprecationWarning: This process (pid=12901) is multi-threaded, use of fork() may lead to deadlocks in the child.
[2024-12-20T10:29:12.939+0000] {standard_task_runner.py:72} INFO - Started process 12910 to run task
[2024-12-20T10:29:12.937+0000] {standard_task_runner.py:104} INFO - Running: ['***', 'tasks', 'run', 'dag_with_taskflow_api', 'get_age', 'scheduled__2024-10-19T00:00:00+00:00', '--job-id', '4733', '--raw', '--subdir', 'DAGS_FOLDER/dag_with_taskflow_api.py', '--cfg-path', '/tmp/tmpn20w4xh5']
[2024-12-20T10:29:12.942+0000] {standard_task_runner.py:105} INFO - Job 4733: Subtask get_age
[2024-12-20T10:29:13.041+0000] {task_command.py:467} INFO - Running <TaskInstance: dag_with_taskflow_api.get_age scheduled__2024-10-19T00:00:00+00:00 [running]> on host a998b5b3d359
[2024-12-20T10:29:13.206+0000] {taskinstance.py:3132} INFO - Exporting env vars: AIRFLOW_CTX_DAG_OWNER='mateo' AIRFLOW_CTX_DAG_ID='dag_with_taskflow_api' AIRFLOW_CTX_TASK_ID='get_age' AIRFLOW_CTX_EXECUTION_DATE='2024-10-19T00:00:00+00:00' AIRFLOW_CTX_TRY_NUMBER='1' AIRFLOW_CTX_DAG_RUN_ID='scheduled__2024-10-19T00:00:00+00:00'
[2024-12-20T10:29:13.209+0000] {taskinstance.py:731} INFO - ::endgroup::
[2024-12-20T10:29:13.218+0000] {python.py:240} INFO - Done. Returned value was: 19
[2024-12-20T10:29:13.265+0000] {taskinstance.py:340} INFO - ::group::Post task execution logs
[2024-12-20T10:29:13.267+0000] {taskinstance.py:352} INFO - Marking task as SUCCESS. dag_id=dag_with_taskflow_api, task_id=get_age, run_id=scheduled__2024-10-19T00:00:00+00:00, execution_date=20241019T000000, start_date=20241220T102912, end_date=20241220T102913
[2024-12-20T10:29:13.327+0000] {local_task_job_runner.py:266} INFO - Task exited with return code 0
[2024-12-20T10:29:13.358+0000] {taskinstance.py:3895} INFO - 0 downstream tasks scheduled from follow-on schedule check
[2024-12-20T10:29:13.375+0000] {local_task_job_runner.py:245} INFO - ::endgroup::
