[2024-12-19T09:00:02.746+0000] {local_task_job_runner.py:123} INFO - ::group::Pre task execution logs
[2024-12-19T09:00:02.774+0000] {taskinstance.py:2613} INFO - Dependencies all met for dep_context=non-requeueable deps ti=<TaskInstance: our_first_dag_v2.second_task scheduled__2024-06-05T00:00:00+00:00 [queued]>
[2024-12-19T09:00:02.798+0000] {taskinstance.py:2613} INFO - Dependencies all met for dep_context=requeueable deps ti=<TaskInstance: our_first_dag_v2.second_task scheduled__2024-06-05T00:00:00+00:00 [queued]>
[2024-12-19T09:00:02.804+0000] {taskinstance.py:2866} INFO - Starting attempt 1 of 6
[2024-12-19T09:00:02.839+0000] {taskinstance.py:2889} INFO - Executing <Task(BashOperator): second_task> on 2024-06-05 00:00:00+00:00
[2024-12-19T09:00:02.856+0000] {logging_mixin.py:190} WARNING - /home/***/.local/lib/python3.12/site-packages/***/task/task_runner/standard_task_runner.py:70 DeprecationWarning: This process (pid=11959) is multi-threaded, use of fork() may lead to deadlocks in the child.
[2024-12-19T09:00:02.860+0000] {standard_task_runner.py:72} INFO - Started process 11976 to run task
[2024-12-19T09:00:02.856+0000] {standard_task_runner.py:104} INFO - Running: ['***', 'tasks', 'run', 'our_first_dag_v2', 'second_task', 'scheduled__2024-06-05T00:00:00+00:00', '--job-id', '2795', '--raw', '--subdir', 'DAGS_FOLDER/our_first_dag.py', '--cfg-path', '/tmp/tmpvh7v0qdd']
[2024-12-19T09:00:02.862+0000] {standard_task_runner.py:105} INFO - Job 2795: Subtask second_task
[2024-12-19T09:00:02.996+0000] {task_command.py:467} INFO - Running <TaskInstance: our_first_dag_v2.second_task scheduled__2024-06-05T00:00:00+00:00 [running]> on host 8d142e9c83a7
[2024-12-19T09:00:03.231+0000] {taskinstance.py:3132} INFO - Exporting env vars: AIRFLOW_CTX_DAG_OWNER='mateo' AIRFLOW_CTX_DAG_ID='our_first_dag_v2' AIRFLOW_CTX_TASK_ID='second_task' AIRFLOW_CTX_EXECUTION_DATE='2024-06-05T00:00:00+00:00' AIRFLOW_CTX_TRY_NUMBER='1' AIRFLOW_CTX_DAG_RUN_ID='scheduled__2024-06-05T00:00:00+00:00'
[2024-12-19T09:00:03.238+0000] {taskinstance.py:731} INFO - ::endgroup::
[2024-12-19T09:00:03.307+0000] {subprocess.py:78} INFO - Tmp dir root location: /tmp
[2024-12-19T09:00:03.311+0000] {subprocess.py:88} INFO - Running command: ['/usr/bin/bash', '-c', 'echo I am the second task and i will me executed after first task']
[2024-12-19T09:00:03.364+0000] {subprocess.py:99} INFO - Output:
[2024-12-19T09:00:03.371+0000] {subprocess.py:106} INFO - I am the second task and i will me executed after first task
[2024-12-19T09:00:03.373+0000] {subprocess.py:110} INFO - Command exited with return code 0
[2024-12-19T09:00:03.419+0000] {taskinstance.py:340} INFO - ::group::Post task execution logs
[2024-12-19T09:00:03.421+0000] {taskinstance.py:352} INFO - Marking task as SUCCESS. dag_id=our_first_dag_v2, task_id=second_task, run_id=scheduled__2024-06-05T00:00:00+00:00, execution_date=20240605T000000, start_date=20241219T090002, end_date=20241219T090003
[2024-12-19T09:00:03.498+0000] {local_task_job_runner.py:266} INFO - Task exited with return code 0
[2024-12-19T09:00:03.526+0000] {taskinstance.py:3895} INFO - 0 downstream tasks scheduled from follow-on schedule check
[2024-12-19T09:00:03.531+0000] {local_task_job_runner.py:245} INFO - ::endgroup::
