[2024-12-19T13:51:35.796+0000] {local_task_job_runner.py:123} INFO - ::group::Pre task execution logs
[2024-12-19T13:51:35.850+0000] {taskinstance.py:2613} INFO - Dependencies all met for dep_context=non-requeueable deps ti=<TaskInstance: dag_with_taskflow_api.get_age scheduled__2024-10-17T00:00:00+00:00 [queued]>
[2024-12-19T13:51:35.872+0000] {taskinstance.py:2613} INFO - Dependencies all met for dep_context=requeueable deps ti=<TaskInstance: dag_with_taskflow_api.get_age scheduled__2024-10-17T00:00:00+00:00 [queued]>
[2024-12-19T13:51:35.874+0000] {taskinstance.py:2866} INFO - Starting attempt 1 of 6
[2024-12-19T13:51:35.954+0000] {taskinstance.py:2889} INFO - Executing <Task(_PythonDecoratedOperator): get_age> on 2024-10-17 00:00:00+00:00
[2024-12-19T13:51:35.980+0000] {standard_task_runner.py:104} INFO - Running: ['***', 'tasks', 'run', 'dag_with_taskflow_api', 'get_age', 'scheduled__2024-10-17T00:00:00+00:00', '--job-id', '4409', '--raw', '--subdir', 'DAGS_FOLDER/dag_with_taskflow_api.py', '--cfg-path', '/tmp/tmporee6128']
[2024-12-19T13:51:35.985+0000] {logging_mixin.py:190} WARNING - /home/***/.local/lib/python3.12/site-packages/***/task/task_runner/standard_task_runner.py:70 DeprecationWarning: This process (pid=16259) is multi-threaded, use of fork() may lead to deadlocks in the child.
[2024-12-19T13:51:35.998+0000] {standard_task_runner.py:72} INFO - Started process 16274 to run task
[2024-12-19T13:51:35.996+0000] {standard_task_runner.py:105} INFO - Job 4409: Subtask get_age
[2024-12-19T13:51:36.145+0000] {task_command.py:467} INFO - Running <TaskInstance: dag_with_taskflow_api.get_age scheduled__2024-10-17T00:00:00+00:00 [running]> on host 02d979add40a
[2024-12-19T13:51:36.279+0000] {taskinstance.py:3132} INFO - Exporting env vars: AIRFLOW_CTX_DAG_OWNER='mateo' AIRFLOW_CTX_DAG_ID='dag_with_taskflow_api' AIRFLOW_CTX_TASK_ID='get_age' AIRFLOW_CTX_EXECUTION_DATE='2024-10-17T00:00:00+00:00' AIRFLOW_CTX_TRY_NUMBER='1' AIRFLOW_CTX_DAG_RUN_ID='scheduled__2024-10-17T00:00:00+00:00'
[2024-12-19T13:51:36.283+0000] {taskinstance.py:731} INFO - ::endgroup::
[2024-12-19T13:51:36.286+0000] {python.py:240} INFO - Done. Returned value was: 19
[2024-12-19T13:51:36.335+0000] {taskinstance.py:340} INFO - ::group::Post task execution logs
[2024-12-19T13:51:36.336+0000] {taskinstance.py:352} INFO - Marking task as SUCCESS. dag_id=dag_with_taskflow_api, task_id=get_age, run_id=scheduled__2024-10-17T00:00:00+00:00, execution_date=20241017T000000, start_date=20241219T135135, end_date=20241219T135136
[2024-12-19T13:51:36.393+0000] {local_task_job_runner.py:266} INFO - Task exited with return code 0
[2024-12-19T13:51:36.422+0000] {taskinstance.py:3895} INFO - 1 downstream tasks scheduled from follow-on schedule check
[2024-12-19T13:51:36.425+0000] {local_task_job_runner.py:245} INFO - ::endgroup::
[2024-12-20T10:29:12.201+0000] {local_task_job_runner.py:123} INFO - ::group::Pre task execution logs
[2024-12-20T10:29:12.222+0000] {taskinstance.py:2613} INFO - Dependencies all met for dep_context=non-requeueable deps ti=<TaskInstance: dag_with_taskflow_api.get_age scheduled__2024-10-17T00:00:00+00:00 [queued]>
[2024-12-20T10:29:12.233+0000] {taskinstance.py:2613} INFO - Dependencies all met for dep_context=requeueable deps ti=<TaskInstance: dag_with_taskflow_api.get_age scheduled__2024-10-17T00:00:00+00:00 [queued]>
[2024-12-20T10:29:12.234+0000] {taskinstance.py:2866} INFO - Starting attempt 1 of 6
[2024-12-20T10:29:12.250+0000] {taskinstance.py:2889} INFO - Executing <Task(_PythonDecoratedOperator): get_age> on 2024-10-17 00:00:00+00:00
[2024-12-20T10:29:12.267+0000] {logging_mixin.py:190} WARNING - /home/***/.local/lib/python3.12/site-packages/***/task/task_runner/standard_task_runner.py:70 DeprecationWarning: This process (pid=12882) is multi-threaded, use of fork() may lead to deadlocks in the child.
[2024-12-20T10:29:12.267+0000] {standard_task_runner.py:104} INFO - Running: ['***', 'tasks', 'run', 'dag_with_taskflow_api', 'get_age', 'scheduled__2024-10-17T00:00:00+00:00', '--job-id', '4730', '--raw', '--subdir', 'DAGS_FOLDER/dag_with_taskflow_api.py', '--cfg-path', '/tmp/tmpei_xfhgj']
[2024-12-20T10:29:12.270+0000] {standard_task_runner.py:72} INFO - Started process 12890 to run task
[2024-12-20T10:29:12.272+0000] {standard_task_runner.py:105} INFO - Job 4730: Subtask get_age
[2024-12-20T10:29:12.352+0000] {task_command.py:467} INFO - Running <TaskInstance: dag_with_taskflow_api.get_age scheduled__2024-10-17T00:00:00+00:00 [running]> on host a998b5b3d359
[2024-12-20T10:29:12.501+0000] {taskinstance.py:3132} INFO - Exporting env vars: AIRFLOW_CTX_DAG_OWNER='mateo' AIRFLOW_CTX_DAG_ID='dag_with_taskflow_api' AIRFLOW_CTX_TASK_ID='get_age' AIRFLOW_CTX_EXECUTION_DATE='2024-10-17T00:00:00+00:00' AIRFLOW_CTX_TRY_NUMBER='1' AIRFLOW_CTX_DAG_RUN_ID='scheduled__2024-10-17T00:00:00+00:00'
[2024-12-20T10:29:12.503+0000] {taskinstance.py:731} INFO - ::endgroup::
[2024-12-20T10:29:12.507+0000] {python.py:240} INFO - Done. Returned value was: 19
[2024-12-20T10:29:12.584+0000] {taskinstance.py:340} INFO - ::group::Post task execution logs
[2024-12-20T10:29:12.587+0000] {taskinstance.py:352} INFO - Marking task as SUCCESS. dag_id=dag_with_taskflow_api, task_id=get_age, run_id=scheduled__2024-10-17T00:00:00+00:00, execution_date=20241017T000000, start_date=20241220T102912, end_date=20241220T102912
[2024-12-20T10:29:12.662+0000] {local_task_job_runner.py:266} INFO - Task exited with return code 0
[2024-12-20T10:29:12.694+0000] {taskinstance.py:3895} INFO - 1 downstream tasks scheduled from follow-on schedule check
[2024-12-20T10:29:12.699+0000] {local_task_job_runner.py:245} INFO - ::endgroup::
