[2024-12-19T13:51:40.746+0000] {local_task_job_runner.py:123} INFO - ::group::Pre task execution logs
[2024-12-19T13:51:40.769+0000] {taskinstance.py:2613} INFO - Dependencies all met for dep_context=non-requeueable deps ti=<TaskInstance: dag_with_taskflow_api.get_name scheduled__2024-10-19T00:00:00+00:00 [queued]>
[2024-12-19T13:51:40.784+0000] {taskinstance.py:2613} INFO - Dependencies all met for dep_context=requeueable deps ti=<TaskInstance: dag_with_taskflow_api.get_name scheduled__2024-10-19T00:00:00+00:00 [queued]>
[2024-12-19T13:51:40.785+0000] {taskinstance.py:2866} INFO - Starting attempt 1 of 6
[2024-12-19T13:51:40.858+0000] {taskinstance.py:2889} INFO - Executing <Task(_PythonDecoratedOperator): get_name> on 2024-10-19 00:00:00+00:00
[2024-12-19T13:51:40.878+0000] {standard_task_runner.py:104} INFO - Running: ['***', 'tasks', 'run', 'dag_with_taskflow_api', 'get_name', 'scheduled__2024-10-19T00:00:00+00:00', '--job-id', '4420', '--raw', '--subdir', 'DAGS_FOLDER/dag_with_taskflow_api.py', '--cfg-path', '/tmp/tmpgn2kr_qw']
[2024-12-19T13:51:40.884+0000] {logging_mixin.py:190} WARNING - /home/***/.local/lib/python3.12/site-packages/***/task/task_runner/standard_task_runner.py:70 DeprecationWarning: This process (pid=16293) is multi-threaded, use of fork() may lead to deadlocks in the child.
[2024-12-19T13:51:40.889+0000] {standard_task_runner.py:72} INFO - Started process 16304 to run task
[2024-12-19T13:51:40.888+0000] {standard_task_runner.py:105} INFO - Job 4420: Subtask get_name
[2024-12-19T13:51:41.012+0000] {task_command.py:467} INFO - Running <TaskInstance: dag_with_taskflow_api.get_name scheduled__2024-10-19T00:00:00+00:00 [running]> on host 02d979add40a
[2024-12-19T13:51:41.418+0000] {taskinstance.py:3132} INFO - Exporting env vars: AIRFLOW_CTX_DAG_OWNER='mateo' AIRFLOW_CTX_DAG_ID='dag_with_taskflow_api' AIRFLOW_CTX_TASK_ID='get_name' AIRFLOW_CTX_EXECUTION_DATE='2024-10-19T00:00:00+00:00' AIRFLOW_CTX_TRY_NUMBER='1' AIRFLOW_CTX_DAG_RUN_ID='scheduled__2024-10-19T00:00:00+00:00'
[2024-12-19T13:51:41.426+0000] {taskinstance.py:731} INFO - ::endgroup::
[2024-12-19T13:51:41.434+0000] {python.py:240} INFO - Done. Returned value was: Jerry
[2024-12-19T13:51:41.498+0000] {taskinstance.py:340} INFO - ::group::Post task execution logs
[2024-12-19T13:51:41.499+0000] {taskinstance.py:352} INFO - Marking task as SUCCESS. dag_id=dag_with_taskflow_api, task_id=get_name, run_id=scheduled__2024-10-19T00:00:00+00:00, execution_date=20241019T000000, start_date=20241219T135140, end_date=20241219T135141
[2024-12-19T13:51:41.559+0000] {local_task_job_runner.py:266} INFO - Task exited with return code 0
[2024-12-19T13:51:41.598+0000] {taskinstance.py:3895} INFO - 1 downstream tasks scheduled from follow-on schedule check
[2024-12-19T13:51:41.605+0000] {local_task_job_runner.py:245} INFO - ::endgroup::
[2024-12-20T10:29:12.955+0000] {local_task_job_runner.py:123} INFO - ::group::Pre task execution logs
[2024-12-20T10:29:12.979+0000] {taskinstance.py:2613} INFO - Dependencies all met for dep_context=non-requeueable deps ti=<TaskInstance: dag_with_taskflow_api.get_name scheduled__2024-10-19T00:00:00+00:00 [queued]>
[2024-12-20T10:29:13.013+0000] {taskinstance.py:2613} INFO - Dependencies all met for dep_context=requeueable deps ti=<TaskInstance: dag_with_taskflow_api.get_name scheduled__2024-10-19T00:00:00+00:00 [queued]>
[2024-12-20T10:29:13.018+0000] {taskinstance.py:2866} INFO - Starting attempt 1 of 6
[2024-12-20T10:29:13.058+0000] {taskinstance.py:2889} INFO - Executing <Task(_PythonDecoratedOperator): get_name> on 2024-10-19 00:00:00+00:00
[2024-12-20T10:29:13.072+0000] {logging_mixin.py:190} WARNING - /home/***/.local/lib/python3.12/site-packages/***/task/task_runner/standard_task_runner.py:70 DeprecationWarning: This process (pid=12900) is multi-threaded, use of fork() may lead to deadlocks in the child.
[2024-12-20T10:29:13.076+0000] {standard_task_runner.py:72} INFO - Started process 12916 to run task
[2024-12-20T10:29:13.084+0000] {standard_task_runner.py:104} INFO - Running: ['***', 'tasks', 'run', 'dag_with_taskflow_api', 'get_name', 'scheduled__2024-10-19T00:00:00+00:00', '--job-id', '4734', '--raw', '--subdir', 'DAGS_FOLDER/dag_with_taskflow_api.py', '--cfg-path', '/tmp/tmps51jbhgd']
[2024-12-20T10:29:13.088+0000] {standard_task_runner.py:105} INFO - Job 4734: Subtask get_name
[2024-12-20T10:29:13.184+0000] {task_command.py:467} INFO - Running <TaskInstance: dag_with_taskflow_api.get_name scheduled__2024-10-19T00:00:00+00:00 [running]> on host a998b5b3d359
[2024-12-20T10:29:13.363+0000] {taskinstance.py:3132} INFO - Exporting env vars: AIRFLOW_CTX_DAG_OWNER='mateo' AIRFLOW_CTX_DAG_ID='dag_with_taskflow_api' AIRFLOW_CTX_TASK_ID='get_name' AIRFLOW_CTX_EXECUTION_DATE='2024-10-19T00:00:00+00:00' AIRFLOW_CTX_TRY_NUMBER='1' AIRFLOW_CTX_DAG_RUN_ID='scheduled__2024-10-19T00:00:00+00:00'
[2024-12-20T10:29:13.367+0000] {taskinstance.py:731} INFO - ::endgroup::
[2024-12-20T10:29:13.370+0000] {python.py:240} INFO - Done. Returned value was: Jerry
[2024-12-20T10:29:13.441+0000] {taskinstance.py:340} INFO - ::group::Post task execution logs
[2024-12-20T10:29:13.443+0000] {taskinstance.py:352} INFO - Marking task as SUCCESS. dag_id=dag_with_taskflow_api, task_id=get_name, run_id=scheduled__2024-10-19T00:00:00+00:00, execution_date=20241019T000000, start_date=20241220T102912, end_date=20241220T102913
[2024-12-20T10:29:13.542+0000] {local_task_job_runner.py:266} INFO - Task exited with return code 0
[2024-12-20T10:29:13.559+0000] {local_task_job_runner.py:245} INFO - ::endgroup::
