[2024-12-19T08:54:20.990+0000] {local_task_job_runner.py:123} INFO - ::group::Pre task execution logs
[2024-12-19T08:54:21.021+0000] {taskinstance.py:2613} INFO - Dependencies all met for dep_context=non-requeueable deps ti=<TaskInstance: our_first_dag_v2.second_task scheduled__2022-10-16T00:00:00+00:00 [queued]>
[2024-12-19T08:54:21.042+0000] {taskinstance.py:2613} INFO - Dependencies all met for dep_context=requeueable deps ti=<TaskInstance: our_first_dag_v2.second_task scheduled__2022-10-16T00:00:00+00:00 [queued]>
[2024-12-19T08:54:21.043+0000] {taskinstance.py:2866} INFO - Starting attempt 1 of 6
[2024-12-19T08:54:21.060+0000] {taskinstance.py:2889} INFO - Executing <Task(BashOperator): second_task> on 2022-10-16 00:00:00+00:00
[2024-12-19T08:54:21.092+0000] {standard_task_runner.py:104} INFO - Running: ['***', 'tasks', 'run', 'our_first_dag_v2', 'second_task', 'scheduled__2022-10-16T00:00:00+00:00', '--job-id', '1248', '--raw', '--subdir', 'DAGS_FOLDER/our_first_dag.py', '--cfg-path', '/tmp/tmp8xo4_mfc']
[2024-12-19T08:54:21.096+0000] {standard_task_runner.py:105} INFO - Job 1248: Subtask second_task
[2024-12-19T08:54:21.091+0000] {logging_mixin.py:190} WARNING - /home/***/.local/lib/python3.12/site-packages/***/task/task_runner/standard_task_runner.py:70 DeprecationWarning: This process (pid=5646) is multi-threaded, use of fork() may lead to deadlocks in the child.
[2024-12-19T08:54:21.098+0000] {standard_task_runner.py:72} INFO - Started process 5661 to run task
[2024-12-19T08:54:21.179+0000] {task_command.py:467} INFO - Running <TaskInstance: our_first_dag_v2.second_task scheduled__2022-10-16T00:00:00+00:00 [running]> on host 8d142e9c83a7
[2024-12-19T08:54:21.334+0000] {taskinstance.py:3132} INFO - Exporting env vars: AIRFLOW_CTX_DAG_OWNER='mateo' AIRFLOW_CTX_DAG_ID='our_first_dag_v2' AIRFLOW_CTX_TASK_ID='second_task' AIRFLOW_CTX_EXECUTION_DATE='2022-10-16T00:00:00+00:00' AIRFLOW_CTX_TRY_NUMBER='1' AIRFLOW_CTX_DAG_RUN_ID='scheduled__2022-10-16T00:00:00+00:00'
[2024-12-19T08:54:21.337+0000] {taskinstance.py:731} INFO - ::endgroup::
[2024-12-19T08:54:21.373+0000] {subprocess.py:78} INFO - Tmp dir root location: /tmp
[2024-12-19T08:54:21.375+0000] {subprocess.py:88} INFO - Running command: ['/usr/bin/bash', '-c', 'echo I am the second task and i will me executed after first task']
[2024-12-19T08:54:21.405+0000] {subprocess.py:99} INFO - Output:
[2024-12-19T08:54:21.407+0000] {subprocess.py:106} INFO - I am the second task and i will me executed after first task
[2024-12-19T08:54:21.408+0000] {subprocess.py:110} INFO - Command exited with return code 0
[2024-12-19T08:54:21.447+0000] {taskinstance.py:340} INFO - ::group::Post task execution logs
[2024-12-19T08:54:21.448+0000] {taskinstance.py:352} INFO - Marking task as SUCCESS. dag_id=our_first_dag_v2, task_id=second_task, run_id=scheduled__2022-10-16T00:00:00+00:00, execution_date=20221016T000000, start_date=20241219T085421, end_date=20241219T085421
[2024-12-19T08:54:21.478+0000] {local_task_job_runner.py:266} INFO - Task exited with return code 0
[2024-12-19T08:54:21.502+0000] {taskinstance.py:3895} INFO - 0 downstream tasks scheduled from follow-on schedule check
[2024-12-19T08:54:21.504+0000] {local_task_job_runner.py:245} INFO - ::endgroup::
