[2024-12-20T01:42:27.337+0000] {local_task_job_runner.py:123} INFO - ::group::Pre task execution logs
[2024-12-20T01:42:27.356+0000] {taskinstance.py:2613} INFO - Dependencies all met for dep_context=non-requeueable deps ti=<TaskInstance: dag_with_taskflow_api.get_name scheduled__2024-12-19T00:00:00+00:00 [queued]>
[2024-12-20T01:42:27.366+0000] {taskinstance.py:2613} INFO - Dependencies all met for dep_context=requeueable deps ti=<TaskInstance: dag_with_taskflow_api.get_name scheduled__2024-12-19T00:00:00+00:00 [queued]>
[2024-12-20T01:42:27.367+0000] {taskinstance.py:2866} INFO - Starting attempt 1 of 6
[2024-12-20T01:42:27.379+0000] {taskinstance.py:2889} INFO - Executing <Task(_PythonDecoratedOperator): get_name> on 2024-12-19 00:00:00+00:00
[2024-12-20T01:42:27.388+0000] {standard_task_runner.py:104} INFO - Running: ['***', 'tasks', 'run', 'dag_with_taskflow_api', 'get_name', 'scheduled__2024-12-19T00:00:00+00:00', '--job-id', '4606', '--raw', '--subdir', 'DAGS_FOLDER/dag_with_taskflow_api.py', '--cfg-path', '/tmp/tmpsgl78ecu']
[2024-12-20T01:42:27.391+0000] {logging_mixin.py:190} WARNING - /home/***/.local/lib/python3.12/site-packages/***/task/task_runner/standard_task_runner.py:70 DeprecationWarning: This process (pid=6278) is multi-threaded, use of fork() may lead to deadlocks in the child.
[2024-12-20T01:42:27.391+0000] {standard_task_runner.py:105} INFO - Job 4606: Subtask get_name
[2024-12-20T01:42:27.392+0000] {standard_task_runner.py:72} INFO - Started process 6292 to run task
[2024-12-20T01:42:27.450+0000] {task_command.py:467} INFO - Running <TaskInstance: dag_with_taskflow_api.get_name scheduled__2024-12-19T00:00:00+00:00 [running]> on host a998b5b3d359
[2024-12-20T01:42:27.549+0000] {taskinstance.py:3132} INFO - Exporting env vars: AIRFLOW_CTX_DAG_OWNER='mateo' AIRFLOW_CTX_DAG_ID='dag_with_taskflow_api' AIRFLOW_CTX_TASK_ID='get_name' AIRFLOW_CTX_EXECUTION_DATE='2024-12-19T00:00:00+00:00' AIRFLOW_CTX_TRY_NUMBER='1' AIRFLOW_CTX_DAG_RUN_ID='scheduled__2024-12-19T00:00:00+00:00'
[2024-12-20T01:42:27.551+0000] {taskinstance.py:731} INFO - ::endgroup::
[2024-12-20T01:42:27.554+0000] {python.py:240} INFO - Done. Returned value was: Jerry
[2024-12-20T01:42:27.576+0000] {taskinstance.py:340} INFO - ::group::Post task execution logs
[2024-12-20T01:42:27.578+0000] {taskinstance.py:352} INFO - Marking task as SUCCESS. dag_id=dag_with_taskflow_api, task_id=get_name, run_id=scheduled__2024-12-19T00:00:00+00:00, execution_date=20241219T000000, start_date=20241220T014227, end_date=20241220T014227
[2024-12-20T01:42:27.614+0000] {local_task_job_runner.py:266} INFO - Task exited with return code 0
[2024-12-20T01:42:27.633+0000] {taskinstance.py:3895} INFO - 1 downstream tasks scheduled from follow-on schedule check
[2024-12-20T01:42:27.635+0000] {local_task_job_runner.py:245} INFO - ::endgroup::
[2024-12-20T10:29:59.278+0000] {local_task_job_runner.py:123} INFO - ::group::Pre task execution logs
[2024-12-20T10:29:59.299+0000] {taskinstance.py:2613} INFO - Dependencies all met for dep_context=non-requeueable deps ti=<TaskInstance: dag_with_taskflow_api.get_name scheduled__2024-12-19T00:00:00+00:00 [queued]>
[2024-12-20T10:29:59.313+0000] {taskinstance.py:2613} INFO - Dependencies all met for dep_context=requeueable deps ti=<TaskInstance: dag_with_taskflow_api.get_name scheduled__2024-12-19T00:00:00+00:00 [queued]>
[2024-12-20T10:29:59.315+0000] {taskinstance.py:2866} INFO - Starting attempt 1 of 6
[2024-12-20T10:29:59.456+0000] {taskinstance.py:2889} INFO - Executing <Task(_PythonDecoratedOperator): get_name> on 2024-12-19 00:00:00+00:00
[2024-12-20T10:29:59.466+0000] {logging_mixin.py:190} WARNING - /home/***/.local/lib/python3.12/site-packages/***/task/task_runner/standard_task_runner.py:70 DeprecationWarning: This process (pid=13515) is multi-threaded, use of fork() may lead to deadlocks in the child.
[2024-12-20T10:29:59.469+0000] {standard_task_runner.py:72} INFO - Started process 13521 to run task
[2024-12-20T10:29:59.467+0000] {standard_task_runner.py:104} INFO - Running: ['***', 'tasks', 'run', 'dag_with_taskflow_api', 'get_name', 'scheduled__2024-12-19T00:00:00+00:00', '--job-id', '4918', '--raw', '--subdir', 'DAGS_FOLDER/dag_with_taskflow_api.py', '--cfg-path', '/tmp/tmpzne3uaoo']
[2024-12-20T10:29:59.472+0000] {standard_task_runner.py:105} INFO - Job 4918: Subtask get_name
[2024-12-20T10:29:59.529+0000] {task_command.py:467} INFO - Running <TaskInstance: dag_with_taskflow_api.get_name scheduled__2024-12-19T00:00:00+00:00 [running]> on host a998b5b3d359
[2024-12-20T10:29:59.620+0000] {taskinstance.py:3132} INFO - Exporting env vars: AIRFLOW_CTX_DAG_OWNER='mateo' AIRFLOW_CTX_DAG_ID='dag_with_taskflow_api' AIRFLOW_CTX_TASK_ID='get_name' AIRFLOW_CTX_EXECUTION_DATE='2024-12-19T00:00:00+00:00' AIRFLOW_CTX_TRY_NUMBER='1' AIRFLOW_CTX_DAG_RUN_ID='scheduled__2024-12-19T00:00:00+00:00'
[2024-12-20T10:29:59.622+0000] {taskinstance.py:731} INFO - ::endgroup::
[2024-12-20T10:29:59.627+0000] {python.py:240} INFO - Done. Returned value was: Jerry
[2024-12-20T10:29:59.650+0000] {taskinstance.py:340} INFO - ::group::Post task execution logs
[2024-12-20T10:29:59.652+0000] {taskinstance.py:352} INFO - Marking task as SUCCESS. dag_id=dag_with_taskflow_api, task_id=get_name, run_id=scheduled__2024-12-19T00:00:00+00:00, execution_date=20241219T000000, start_date=20241220T102959, end_date=20241220T102959
[2024-12-20T10:29:59.688+0000] {local_task_job_runner.py:266} INFO - Task exited with return code 0
[2024-12-20T10:29:59.711+0000] {taskinstance.py:3895} INFO - 1 downstream tasks scheduled from follow-on schedule check
[2024-12-20T10:29:59.713+0000] {local_task_job_runner.py:245} INFO - ::endgroup::
