[2024-12-19T08:58:55.088+0000] {local_task_job_runner.py:123} INFO - ::group::Pre task execution logs
[2024-12-19T08:58:55.144+0000] {taskinstance.py:2613} INFO - Dependencies all met for dep_context=non-requeueable deps ti=<TaskInstance: our_first_dag_v2.third_task scheduled__2024-02-04T00:00:00+00:00 [queued]>
[2024-12-19T08:58:55.177+0000] {taskinstance.py:2613} INFO - Dependencies all met for dep_context=requeueable deps ti=<TaskInstance: our_first_dag_v2.third_task scheduled__2024-02-04T00:00:00+00:00 [queued]>
[2024-12-19T08:58:55.178+0000] {taskinstance.py:2866} INFO - Starting attempt 1 of 6
[2024-12-19T08:58:55.213+0000] {taskinstance.py:2889} INFO - Executing <Task(BashOperator): third_task> on 2024-02-04 00:00:00+00:00
[2024-12-19T08:58:55.225+0000] {logging_mixin.py:190} WARNING - /home/***/.local/lib/python3.12/site-packages/***/task/task_runner/standard_task_runner.py:70 DeprecationWarning: This process (pid=10444) is multi-threaded, use of fork() may lead to deadlocks in the child.
[2024-12-19T08:58:55.229+0000] {standard_task_runner.py:72} INFO - Started process 10458 to run task
[2024-12-19T08:58:55.235+0000] {standard_task_runner.py:104} INFO - Running: ['***', 'tasks', 'run', 'our_first_dag_v2', 'third_task', 'scheduled__2024-02-04T00:00:00+00:00', '--job-id', '2423', '--raw', '--subdir', 'DAGS_FOLDER/our_first_dag.py', '--cfg-path', '/tmp/tmpy6xu8_vc']
[2024-12-19T08:58:55.241+0000] {standard_task_runner.py:105} INFO - Job 2423: Subtask third_task
[2024-12-19T08:58:55.319+0000] {task_command.py:467} INFO - Running <TaskInstance: our_first_dag_v2.third_task scheduled__2024-02-04T00:00:00+00:00 [running]> on host 8d142e9c83a7
[2024-12-19T08:58:55.435+0000] {taskinstance.py:3132} INFO - Exporting env vars: AIRFLOW_CTX_DAG_OWNER='mateo' AIRFLOW_CTX_DAG_ID='our_first_dag_v2' AIRFLOW_CTX_TASK_ID='third_task' AIRFLOW_CTX_EXECUTION_DATE='2024-02-04T00:00:00+00:00' AIRFLOW_CTX_TRY_NUMBER='1' AIRFLOW_CTX_DAG_RUN_ID='scheduled__2024-02-04T00:00:00+00:00'
[2024-12-19T08:58:55.436+0000] {taskinstance.py:731} INFO - ::endgroup::
[2024-12-19T08:58:55.459+0000] {subprocess.py:78} INFO - Tmp dir root location: /tmp
[2024-12-19T08:58:55.469+0000] {subprocess.py:88} INFO - Running command: ['/usr/bin/bash', '-c', 'echo I am the third task and I will be executed at the same time as the second task.']
[2024-12-19T08:58:55.487+0000] {subprocess.py:99} INFO - Output:
[2024-12-19T08:58:55.489+0000] {subprocess.py:106} INFO - I am the third task and I will be executed at the same time as the second task.
[2024-12-19T08:58:55.491+0000] {subprocess.py:110} INFO - Command exited with return code 0
[2024-12-19T08:58:55.514+0000] {taskinstance.py:340} INFO - ::group::Post task execution logs
[2024-12-19T08:58:55.515+0000] {taskinstance.py:352} INFO - Marking task as SUCCESS. dag_id=our_first_dag_v2, task_id=third_task, run_id=scheduled__2024-02-04T00:00:00+00:00, execution_date=20240204T000000, start_date=20241219T085855, end_date=20241219T085855
[2024-12-19T08:58:55.571+0000] {local_task_job_runner.py:266} INFO - Task exited with return code 0
[2024-12-19T08:58:55.588+0000] {taskinstance.py:3895} INFO - 0 downstream tasks scheduled from follow-on schedule check
[2024-12-19T08:58:55.591+0000] {local_task_job_runner.py:245} INFO - ::endgroup::
