[2024-12-19T13:51:09.783+0000] {local_task_job_runner.py:123} INFO - ::group::Pre task execution logs
[2024-12-19T13:51:09.870+0000] {taskinstance.py:2613} INFO - Dependencies all met for dep_context=non-requeueable deps ti=<TaskInstance: dag_with_taskflow_api.get_name scheduled__2024-09-14T00:00:00+00:00 [queued]>
[2024-12-19T13:51:09.905+0000] {taskinstance.py:2613} INFO - Dependencies all met for dep_context=requeueable deps ti=<TaskInstance: dag_with_taskflow_api.get_name scheduled__2024-09-14T00:00:00+00:00 [queued]>
[2024-12-19T13:51:09.909+0000] {taskinstance.py:2866} INFO - Starting attempt 1 of 6
[2024-12-19T13:51:10.147+0000] {taskinstance.py:2889} INFO - Executing <Task(_PythonDecoratedOperator): get_name> on 2024-09-14 00:00:00+00:00
[2024-12-19T13:51:10.207+0000] {logging_mixin.py:190} WARNING - /home/***/.local/lib/python3.12/site-packages/***/task/task_runner/standard_task_runner.py:70 DeprecationWarning: This process (pid=15938) is multi-threaded, use of fork() may lead to deadlocks in the child.
[2024-12-19T13:51:10.222+0000] {standard_task_runner.py:72} INFO - Started process 15958 to run task
[2024-12-19T13:51:10.208+0000] {standard_task_runner.py:104} INFO - Running: ['***', 'tasks', 'run', 'dag_with_taskflow_api', 'get_name', 'scheduled__2024-09-14T00:00:00+00:00', '--job-id', '4311', '--raw', '--subdir', 'DAGS_FOLDER/dag_with_taskflow_api.py', '--cfg-path', '/tmp/tmpjk0k9rx7']
[2024-12-19T13:51:10.229+0000] {standard_task_runner.py:105} INFO - Job 4311: Subtask get_name
[2024-12-19T13:51:10.482+0000] {task_command.py:467} INFO - Running <TaskInstance: dag_with_taskflow_api.get_name scheduled__2024-09-14T00:00:00+00:00 [running]> on host 02d979add40a
[2024-12-19T13:51:10.763+0000] {taskinstance.py:3132} INFO - Exporting env vars: AIRFLOW_CTX_DAG_OWNER='mateo' AIRFLOW_CTX_DAG_ID='dag_with_taskflow_api' AIRFLOW_CTX_TASK_ID='get_name' AIRFLOW_CTX_EXECUTION_DATE='2024-09-14T00:00:00+00:00' AIRFLOW_CTX_TRY_NUMBER='1' AIRFLOW_CTX_DAG_RUN_ID='scheduled__2024-09-14T00:00:00+00:00'
[2024-12-19T13:51:10.777+0000] {taskinstance.py:731} INFO - ::endgroup::
[2024-12-19T13:51:10.791+0000] {python.py:240} INFO - Done. Returned value was: Jerry
[2024-12-19T13:51:10.848+0000] {taskinstance.py:340} INFO - ::group::Post task execution logs
[2024-12-19T13:51:10.850+0000] {taskinstance.py:352} INFO - Marking task as SUCCESS. dag_id=dag_with_taskflow_api, task_id=get_name, run_id=scheduled__2024-09-14T00:00:00+00:00, execution_date=20240914T000000, start_date=20241219T135109, end_date=20241219T135110
[2024-12-19T13:51:10.954+0000] {local_task_job_runner.py:266} INFO - Task exited with return code 0
[2024-12-19T13:51:10.995+0000] {local_task_job_runner.py:245} INFO - ::endgroup::
[2024-12-20T10:28:45.433+0000] {local_task_job_runner.py:123} INFO - ::group::Pre task execution logs
[2024-12-20T10:28:45.460+0000] {taskinstance.py:2613} INFO - Dependencies all met for dep_context=non-requeueable deps ti=<TaskInstance: dag_with_taskflow_api.get_name scheduled__2024-09-14T00:00:00+00:00 [queued]>
[2024-12-20T10:28:45.491+0000] {taskinstance.py:2613} INFO - Dependencies all met for dep_context=requeueable deps ti=<TaskInstance: dag_with_taskflow_api.get_name scheduled__2024-09-14T00:00:00+00:00 [queued]>
[2024-12-20T10:28:45.493+0000] {taskinstance.py:2866} INFO - Starting attempt 1 of 6
[2024-12-20T10:28:45.536+0000] {taskinstance.py:2889} INFO - Executing <Task(_PythonDecoratedOperator): get_name> on 2024-09-14 00:00:00+00:00
[2024-12-20T10:28:45.559+0000] {logging_mixin.py:190} WARNING - /home/***/.local/lib/python3.12/site-packages/***/task/task_runner/standard_task_runner.py:70 DeprecationWarning: This process (pid=12571) is multi-threaded, use of fork() may lead to deadlocks in the child.
[2024-12-20T10:28:45.562+0000] {standard_task_runner.py:72} INFO - Started process 12579 to run task
[2024-12-20T10:28:45.566+0000] {standard_task_runner.py:104} INFO - Running: ['***', 'tasks', 'run', 'dag_with_taskflow_api', 'get_name', 'scheduled__2024-09-14T00:00:00+00:00', '--job-id', '4629', '--raw', '--subdir', 'DAGS_FOLDER/dag_with_taskflow_api.py', '--cfg-path', '/tmp/tmp2ratbtjb']
[2024-12-20T10:28:45.574+0000] {standard_task_runner.py:105} INFO - Job 4629: Subtask get_name
[2024-12-20T10:28:45.679+0000] {task_command.py:467} INFO - Running <TaskInstance: dag_with_taskflow_api.get_name scheduled__2024-09-14T00:00:00+00:00 [running]> on host a998b5b3d359
[2024-12-20T10:28:45.809+0000] {taskinstance.py:3132} INFO - Exporting env vars: AIRFLOW_CTX_DAG_OWNER='mateo' AIRFLOW_CTX_DAG_ID='dag_with_taskflow_api' AIRFLOW_CTX_TASK_ID='get_name' AIRFLOW_CTX_EXECUTION_DATE='2024-09-14T00:00:00+00:00' AIRFLOW_CTX_TRY_NUMBER='1' AIRFLOW_CTX_DAG_RUN_ID='scheduled__2024-09-14T00:00:00+00:00'
[2024-12-20T10:28:45.811+0000] {taskinstance.py:731} INFO - ::endgroup::
[2024-12-20T10:28:45.819+0000] {python.py:240} INFO - Done. Returned value was: Jerry
[2024-12-20T10:28:45.873+0000] {taskinstance.py:340} INFO - ::group::Post task execution logs
[2024-12-20T10:28:45.878+0000] {taskinstance.py:352} INFO - Marking task as SUCCESS. dag_id=dag_with_taskflow_api, task_id=get_name, run_id=scheduled__2024-09-14T00:00:00+00:00, execution_date=20240914T000000, start_date=20241220T102845, end_date=20241220T102845
[2024-12-20T10:28:45.961+0000] {local_task_job_runner.py:266} INFO - Task exited with return code 0
[2024-12-20T10:28:46.001+0000] {taskinstance.py:3895} INFO - 1 downstream tasks scheduled from follow-on schedule check
[2024-12-20T10:28:46.014+0000] {local_task_job_runner.py:245} INFO - ::endgroup::
