[2024-12-19T13:52:08.030+0000] {local_task_job_runner.py:123} INFO - ::group::Pre task execution logs
[2024-12-19T13:52:08.115+0000] {taskinstance.py:2613} INFO - Dependencies all met for dep_context=non-requeueable deps ti=<TaskInstance: dag_with_taskflow_api.greet scheduled__2024-11-22T00:00:00+00:00 [queued]>
[2024-12-19T13:52:08.148+0000] {taskinstance.py:2613} INFO - Dependencies all met for dep_context=requeueable deps ti=<TaskInstance: dag_with_taskflow_api.greet scheduled__2024-11-22T00:00:00+00:00 [queued]>
[2024-12-19T13:52:08.151+0000] {taskinstance.py:2866} INFO - Starting attempt 1 of 6
[2024-12-19T13:52:08.250+0000] {taskinstance.py:2889} INFO - Executing <Task(_PythonDecoratedOperator): greet> on 2024-11-22 00:00:00+00:00
[2024-12-19T13:52:08.307+0000] {standard_task_runner.py:104} INFO - Running: ['***', 'tasks', 'run', 'dag_with_taskflow_api', 'greet', 'scheduled__2024-11-22T00:00:00+00:00', '--job-id', '4533', '--raw', '--subdir', 'DAGS_FOLDER/dag_with_taskflow_api.py', '--cfg-path', '/tmp/tmptvjz4kv0']
[2024-12-19T13:52:08.305+0000] {logging_mixin.py:190} WARNING - /home/***/.local/lib/python3.12/site-packages/***/task/task_runner/standard_task_runner.py:70 DeprecationWarning: This process (pid=16654) is multi-threaded, use of fork() may lead to deadlocks in the child.
[2024-12-19T13:52:08.323+0000] {standard_task_runner.py:72} INFO - Started process 16667 to run task
[2024-12-19T13:52:08.328+0000] {standard_task_runner.py:105} INFO - Job 4533: Subtask greet
[2024-12-19T13:52:08.530+0000] {task_command.py:467} INFO - Running <TaskInstance: dag_with_taskflow_api.greet scheduled__2024-11-22T00:00:00+00:00 [running]> on host 02d979add40a
[2024-12-19T13:52:08.951+0000] {taskinstance.py:3132} INFO - Exporting env vars: AIRFLOW_CTX_DAG_OWNER='mateo' AIRFLOW_CTX_DAG_ID='dag_with_taskflow_api' AIRFLOW_CTX_TASK_ID='greet' AIRFLOW_CTX_EXECUTION_DATE='2024-11-22T00:00:00+00:00' AIRFLOW_CTX_TRY_NUMBER='1' AIRFLOW_CTX_DAG_RUN_ID='scheduled__2024-11-22T00:00:00+00:00'
[2024-12-19T13:52:08.956+0000] {taskinstance.py:731} INFO - ::endgroup::
[2024-12-19T13:52:08.967+0000] {logging_mixin.py:190} INFO - My name is Jerry. I am 19 years old.
[2024-12-19T13:52:08.979+0000] {python.py:240} INFO - Done. Returned value was: None
[2024-12-19T13:52:09.020+0000] {taskinstance.py:340} INFO - ::group::Post task execution logs
[2024-12-19T13:52:09.021+0000] {taskinstance.py:352} INFO - Marking task as SUCCESS. dag_id=dag_with_taskflow_api, task_id=greet, run_id=scheduled__2024-11-22T00:00:00+00:00, execution_date=20241122T000000, start_date=20241219T135208, end_date=20241219T135209
[2024-12-19T13:52:09.167+0000] {local_task_job_runner.py:266} INFO - Task exited with return code 0
[2024-12-19T13:52:09.202+0000] {taskinstance.py:3895} INFO - 0 downstream tasks scheduled from follow-on schedule check
[2024-12-19T13:52:09.207+0000] {local_task_job_runner.py:245} INFO - ::endgroup::
[2024-12-20T10:29:39.375+0000] {local_task_job_runner.py:123} INFO - ::group::Pre task execution logs
[2024-12-20T10:29:39.412+0000] {taskinstance.py:2613} INFO - Dependencies all met for dep_context=non-requeueable deps ti=<TaskInstance: dag_with_taskflow_api.greet scheduled__2024-11-22T00:00:00+00:00 [queued]>
[2024-12-20T10:29:39.438+0000] {taskinstance.py:2613} INFO - Dependencies all met for dep_context=requeueable deps ti=<TaskInstance: dag_with_taskflow_api.greet scheduled__2024-11-22T00:00:00+00:00 [queued]>
[2024-12-20T10:29:39.443+0000] {taskinstance.py:2866} INFO - Starting attempt 1 of 6
[2024-12-20T10:29:39.472+0000] {taskinstance.py:2889} INFO - Executing <Task(_PythonDecoratedOperator): greet> on 2024-11-22 00:00:00+00:00
[2024-12-20T10:29:39.493+0000] {logging_mixin.py:190} WARNING - /home/***/.local/lib/python3.12/site-packages/***/task/task_runner/standard_task_runner.py:70 DeprecationWarning: This process (pid=13262) is multi-threaded, use of fork() may lead to deadlocks in the child.
[2024-12-20T10:29:39.498+0000] {standard_task_runner.py:72} INFO - Started process 13273 to run task
[2024-12-20T10:29:39.497+0000] {standard_task_runner.py:104} INFO - Running: ['***', 'tasks', 'run', 'dag_with_taskflow_api', 'greet', 'scheduled__2024-11-22T00:00:00+00:00', '--job-id', '4844', '--raw', '--subdir', 'DAGS_FOLDER/dag_with_taskflow_api.py', '--cfg-path', '/tmp/tmpdi2tteu8']
[2024-12-20T10:29:39.511+0000] {standard_task_runner.py:105} INFO - Job 4844: Subtask greet
[2024-12-20T10:29:39.579+0000] {task_command.py:467} INFO - Running <TaskInstance: dag_with_taskflow_api.greet scheduled__2024-11-22T00:00:00+00:00 [running]> on host a998b5b3d359
[2024-12-20T10:29:39.774+0000] {taskinstance.py:3132} INFO - Exporting env vars: AIRFLOW_CTX_DAG_OWNER='mateo' AIRFLOW_CTX_DAG_ID='dag_with_taskflow_api' AIRFLOW_CTX_TASK_ID='greet' AIRFLOW_CTX_EXECUTION_DATE='2024-11-22T00:00:00+00:00' AIRFLOW_CTX_TRY_NUMBER='1' AIRFLOW_CTX_DAG_RUN_ID='scheduled__2024-11-22T00:00:00+00:00'
[2024-12-20T10:29:39.783+0000] {taskinstance.py:731} INFO - ::endgroup::
[2024-12-20T10:29:39.786+0000] {logging_mixin.py:190} INFO - My name is Jerry. I am 19 years old.
[2024-12-20T10:29:39.792+0000] {python.py:240} INFO - Done. Returned value was: None
[2024-12-20T10:29:39.811+0000] {taskinstance.py:340} INFO - ::group::Post task execution logs
[2024-12-20T10:29:39.812+0000] {taskinstance.py:352} INFO - Marking task as SUCCESS. dag_id=dag_with_taskflow_api, task_id=greet, run_id=scheduled__2024-11-22T00:00:00+00:00, execution_date=20241122T000000, start_date=20241220T102939, end_date=20241220T102939
[2024-12-20T10:29:39.887+0000] {local_task_job_runner.py:266} INFO - Task exited with return code 0
[2024-12-20T10:29:39.909+0000] {local_task_job_runner.py:245} INFO - ::endgroup::
