[2024-12-19T13:51:33.435+0000] {local_task_job_runner.py:123} INFO - ::group::Pre task execution logs
[2024-12-19T13:51:33.512+0000] {taskinstance.py:2613} INFO - Dependencies all met for dep_context=non-requeueable deps ti=<TaskInstance: dag_with_taskflow_api.get_age scheduled__2024-10-13T00:00:00+00:00 [queued]>
[2024-12-19T13:51:33.591+0000] {taskinstance.py:2613} INFO - Dependencies all met for dep_context=requeueable deps ti=<TaskInstance: dag_with_taskflow_api.get_age scheduled__2024-10-13T00:00:00+00:00 [queued]>
[2024-12-19T13:51:33.605+0000] {taskinstance.py:2866} INFO - Starting attempt 1 of 6
[2024-12-19T13:51:33.708+0000] {taskinstance.py:2889} INFO - Executing <Task(_PythonDecoratedOperator): get_age> on 2024-10-13 00:00:00+00:00
[2024-12-19T13:51:33.758+0000] {logging_mixin.py:190} WARNING - /home/***/.local/lib/python3.12/site-packages/***/task/task_runner/standard_task_runner.py:70 DeprecationWarning: This process (pid=16221) is multi-threaded, use of fork() may lead to deadlocks in the child.
[2024-12-19T13:51:33.781+0000] {standard_task_runner.py:72} INFO - Started process 16240 to run task
[2024-12-19T13:51:33.782+0000] {standard_task_runner.py:104} INFO - Running: ['***', 'tasks', 'run', 'dag_with_taskflow_api', 'get_age', 'scheduled__2024-10-13T00:00:00+00:00', '--job-id', '4398', '--raw', '--subdir', 'DAGS_FOLDER/dag_with_taskflow_api.py', '--cfg-path', '/tmp/tmpkdmew26d']
[2024-12-19T13:51:33.802+0000] {standard_task_runner.py:105} INFO - Job 4398: Subtask get_age
[2024-12-19T13:51:34.080+0000] {task_command.py:467} INFO - Running <TaskInstance: dag_with_taskflow_api.get_age scheduled__2024-10-13T00:00:00+00:00 [running]> on host 02d979add40a
[2024-12-19T13:51:34.790+0000] {taskinstance.py:3132} INFO - Exporting env vars: AIRFLOW_CTX_DAG_OWNER='mateo' AIRFLOW_CTX_DAG_ID='dag_with_taskflow_api' AIRFLOW_CTX_TASK_ID='get_age' AIRFLOW_CTX_EXECUTION_DATE='2024-10-13T00:00:00+00:00' AIRFLOW_CTX_TRY_NUMBER='1' AIRFLOW_CTX_DAG_RUN_ID='scheduled__2024-10-13T00:00:00+00:00'
[2024-12-19T13:51:34.797+0000] {taskinstance.py:731} INFO - ::endgroup::
[2024-12-19T13:51:34.812+0000] {python.py:240} INFO - Done. Returned value was: 19
[2024-12-19T13:51:34.927+0000] {taskinstance.py:340} INFO - ::group::Post task execution logs
[2024-12-19T13:51:34.930+0000] {taskinstance.py:352} INFO - Marking task as SUCCESS. dag_id=dag_with_taskflow_api, task_id=get_age, run_id=scheduled__2024-10-13T00:00:00+00:00, execution_date=20241013T000000, start_date=20241219T135133, end_date=20241219T135134
[2024-12-19T13:51:35.043+0000] {local_task_job_runner.py:266} INFO - Task exited with return code 0
[2024-12-19T13:51:35.090+0000] {taskinstance.py:3895} INFO - 0 downstream tasks scheduled from follow-on schedule check
[2024-12-19T13:51:35.097+0000] {local_task_job_runner.py:245} INFO - ::endgroup::
[2024-12-20T10:29:07.888+0000] {local_task_job_runner.py:123} INFO - ::group::Pre task execution logs
[2024-12-20T10:29:07.936+0000] {taskinstance.py:2613} INFO - Dependencies all met for dep_context=non-requeueable deps ti=<TaskInstance: dag_with_taskflow_api.get_age scheduled__2024-10-13T00:00:00+00:00 [queued]>
[2024-12-20T10:29:07.954+0000] {taskinstance.py:2613} INFO - Dependencies all met for dep_context=requeueable deps ti=<TaskInstance: dag_with_taskflow_api.get_age scheduled__2024-10-13T00:00:00+00:00 [queued]>
[2024-12-20T10:29:07.959+0000] {taskinstance.py:2866} INFO - Starting attempt 1 of 6
[2024-12-20T10:29:08.017+0000] {taskinstance.py:2889} INFO - Executing <Task(_PythonDecoratedOperator): get_age> on 2024-10-13 00:00:00+00:00
[2024-12-20T10:29:08.050+0000] {logging_mixin.py:190} WARNING - /home/***/.local/lib/python3.12/site-packages/***/task/task_runner/standard_task_runner.py:70 DeprecationWarning: This process (pid=12840) is multi-threaded, use of fork() may lead to deadlocks in the child.
[2024-12-20T10:29:08.054+0000] {standard_task_runner.py:72} INFO - Started process 12852 to run task
[2024-12-20T10:29:08.059+0000] {standard_task_runner.py:104} INFO - Running: ['***', 'tasks', 'run', 'dag_with_taskflow_api', 'get_age', 'scheduled__2024-10-13T00:00:00+00:00', '--job-id', '4715', '--raw', '--subdir', 'DAGS_FOLDER/dag_with_taskflow_api.py', '--cfg-path', '/tmp/tmp7pghheu4']
[2024-12-20T10:29:08.066+0000] {standard_task_runner.py:105} INFO - Job 4715: Subtask get_age
[2024-12-20T10:29:08.151+0000] {task_command.py:467} INFO - Running <TaskInstance: dag_with_taskflow_api.get_age scheduled__2024-10-13T00:00:00+00:00 [running]> on host a998b5b3d359
[2024-12-20T10:29:08.265+0000] {taskinstance.py:3132} INFO - Exporting env vars: AIRFLOW_CTX_DAG_OWNER='mateo' AIRFLOW_CTX_DAG_ID='dag_with_taskflow_api' AIRFLOW_CTX_TASK_ID='get_age' AIRFLOW_CTX_EXECUTION_DATE='2024-10-13T00:00:00+00:00' AIRFLOW_CTX_TRY_NUMBER='1' AIRFLOW_CTX_DAG_RUN_ID='scheduled__2024-10-13T00:00:00+00:00'
[2024-12-20T10:29:08.268+0000] {taskinstance.py:731} INFO - ::endgroup::
[2024-12-20T10:29:08.272+0000] {python.py:240} INFO - Done. Returned value was: 19
[2024-12-20T10:29:08.328+0000] {taskinstance.py:340} INFO - ::group::Post task execution logs
[2024-12-20T10:29:08.329+0000] {taskinstance.py:352} INFO - Marking task as SUCCESS. dag_id=dag_with_taskflow_api, task_id=get_age, run_id=scheduled__2024-10-13T00:00:00+00:00, execution_date=20241013T000000, start_date=20241220T102907, end_date=20241220T102908
[2024-12-20T10:29:08.407+0000] {local_task_job_runner.py:266} INFO - Task exited with return code 0
[2024-12-20T10:29:08.513+0000] {taskinstance.py:3895} INFO - 0 downstream tasks scheduled from follow-on schedule check
[2024-12-20T10:29:08.525+0000] {local_task_job_runner.py:245} INFO - ::endgroup::
