[2024-12-19T13:51:32.248+0000] {local_task_job_runner.py:123} INFO - ::group::Pre task execution logs
[2024-12-19T13:51:32.323+0000] {taskinstance.py:2613} INFO - Dependencies all met for dep_context=non-requeueable deps ti=<TaskInstance: dag_with_taskflow_api.get_name scheduled__2024-10-11T00:00:00+00:00 [queued]>
[2024-12-19T13:51:32.392+0000] {taskinstance.py:2613} INFO - Dependencies all met for dep_context=requeueable deps ti=<TaskInstance: dag_with_taskflow_api.get_name scheduled__2024-10-11T00:00:00+00:00 [queued]>
[2024-12-19T13:51:32.395+0000] {taskinstance.py:2866} INFO - Starting attempt 1 of 6
[2024-12-19T13:51:32.574+0000] {taskinstance.py:2889} INFO - Executing <Task(_PythonDecoratedOperator): get_name> on 2024-10-11 00:00:00+00:00
[2024-12-19T13:51:32.667+0000] {logging_mixin.py:190} WARNING - /home/***/.local/lib/python3.12/site-packages/***/task/task_runner/standard_task_runner.py:70 DeprecationWarning: This process (pid=16205) is multi-threaded, use of fork() may lead to deadlocks in the child.
[2024-12-19T13:51:32.680+0000] {standard_task_runner.py:72} INFO - Started process 16222 to run task
[2024-12-19T13:51:32.679+0000] {standard_task_runner.py:104} INFO - Running: ['***', 'tasks', 'run', 'dag_with_taskflow_api', 'get_name', 'scheduled__2024-10-11T00:00:00+00:00', '--job-id', '4393', '--raw', '--subdir', 'DAGS_FOLDER/dag_with_taskflow_api.py', '--cfg-path', '/tmp/tmpuwg147mh']
[2024-12-19T13:51:32.724+0000] {standard_task_runner.py:105} INFO - Job 4393: Subtask get_name
[2024-12-19T13:51:32.899+0000] {task_command.py:467} INFO - Running <TaskInstance: dag_with_taskflow_api.get_name scheduled__2024-10-11T00:00:00+00:00 [running]> on host 02d979add40a
[2024-12-19T13:51:33.269+0000] {taskinstance.py:3132} INFO - Exporting env vars: AIRFLOW_CTX_DAG_OWNER='mateo' AIRFLOW_CTX_DAG_ID='dag_with_taskflow_api' AIRFLOW_CTX_TASK_ID='get_name' AIRFLOW_CTX_EXECUTION_DATE='2024-10-11T00:00:00+00:00' AIRFLOW_CTX_TRY_NUMBER='1' AIRFLOW_CTX_DAG_RUN_ID='scheduled__2024-10-11T00:00:00+00:00'
[2024-12-19T13:51:33.274+0000] {taskinstance.py:731} INFO - ::endgroup::
[2024-12-19T13:51:33.290+0000] {python.py:240} INFO - Done. Returned value was: Jerry
[2024-12-19T13:51:33.365+0000] {taskinstance.py:340} INFO - ::group::Post task execution logs
[2024-12-19T13:51:33.367+0000] {taskinstance.py:352} INFO - Marking task as SUCCESS. dag_id=dag_with_taskflow_api, task_id=get_name, run_id=scheduled__2024-10-11T00:00:00+00:00, execution_date=20241011T000000, start_date=20241219T135132, end_date=20241219T135133
[2024-12-19T13:51:33.497+0000] {local_task_job_runner.py:266} INFO - Task exited with return code 0
[2024-12-19T13:51:33.635+0000] {taskinstance.py:3895} INFO - 0 downstream tasks scheduled from follow-on schedule check
[2024-12-19T13:51:33.675+0000] {local_task_job_runner.py:245} INFO - ::endgroup::
[2024-12-20T10:29:07.156+0000] {local_task_job_runner.py:123} INFO - ::group::Pre task execution logs
[2024-12-20T10:29:07.187+0000] {taskinstance.py:2613} INFO - Dependencies all met for dep_context=non-requeueable deps ti=<TaskInstance: dag_with_taskflow_api.get_name scheduled__2024-10-11T00:00:00+00:00 [queued]>
[2024-12-20T10:29:07.199+0000] {taskinstance.py:2613} INFO - Dependencies all met for dep_context=requeueable deps ti=<TaskInstance: dag_with_taskflow_api.get_name scheduled__2024-10-11T00:00:00+00:00 [queued]>
[2024-12-20T10:29:07.201+0000] {taskinstance.py:2866} INFO - Starting attempt 1 of 6
[2024-12-20T10:29:07.218+0000] {taskinstance.py:2889} INFO - Executing <Task(_PythonDecoratedOperator): get_name> on 2024-10-11 00:00:00+00:00
[2024-12-20T10:29:07.234+0000] {logging_mixin.py:190} WARNING - /home/***/.local/lib/python3.12/site-packages/***/task/task_runner/standard_task_runner.py:70 DeprecationWarning: This process (pid=12821) is multi-threaded, use of fork() may lead to deadlocks in the child.
[2024-12-20T10:29:07.237+0000] {standard_task_runner.py:72} INFO - Started process 12827 to run task
[2024-12-20T10:29:07.233+0000] {standard_task_runner.py:104} INFO - Running: ['***', 'tasks', 'run', 'dag_with_taskflow_api', 'get_name', 'scheduled__2024-10-11T00:00:00+00:00', '--job-id', '4708', '--raw', '--subdir', 'DAGS_FOLDER/dag_with_taskflow_api.py', '--cfg-path', '/tmp/tmput7gkp81']
[2024-12-20T10:29:07.242+0000] {standard_task_runner.py:105} INFO - Job 4708: Subtask get_name
[2024-12-20T10:29:07.333+0000] {task_command.py:467} INFO - Running <TaskInstance: dag_with_taskflow_api.get_name scheduled__2024-10-11T00:00:00+00:00 [running]> on host a998b5b3d359
[2024-12-20T10:29:07.658+0000] {taskinstance.py:3132} INFO - Exporting env vars: AIRFLOW_CTX_DAG_OWNER='mateo' AIRFLOW_CTX_DAG_ID='dag_with_taskflow_api' AIRFLOW_CTX_TASK_ID='get_name' AIRFLOW_CTX_EXECUTION_DATE='2024-10-11T00:00:00+00:00' AIRFLOW_CTX_TRY_NUMBER='1' AIRFLOW_CTX_DAG_RUN_ID='scheduled__2024-10-11T00:00:00+00:00'
[2024-12-20T10:29:07.660+0000] {taskinstance.py:731} INFO - ::endgroup::
[2024-12-20T10:29:07.666+0000] {python.py:240} INFO - Done. Returned value was: Jerry
[2024-12-20T10:29:07.715+0000] {taskinstance.py:340} INFO - ::group::Post task execution logs
[2024-12-20T10:29:07.718+0000] {taskinstance.py:352} INFO - Marking task as SUCCESS. dag_id=dag_with_taskflow_api, task_id=get_name, run_id=scheduled__2024-10-11T00:00:00+00:00, execution_date=20241011T000000, start_date=20241220T102907, end_date=20241220T102907
[2024-12-20T10:29:07.787+0000] {local_task_job_runner.py:266} INFO - Task exited with return code 0
[2024-12-20T10:29:07.804+0000] {local_task_job_runner.py:245} INFO - ::endgroup::
