[2024-12-19T09:01:44.140+0000] {local_task_job_runner.py:123} INFO - ::group::Pre task execution logs
[2024-12-19T09:01:44.196+0000] {taskinstance.py:2613} INFO - Dependencies all met for dep_context=non-requeueable deps ti=<TaskInstance: our_first_dag_v2.second_task scheduled__2024-11-27T00:00:00+00:00 [queued]>
[2024-12-19T09:01:44.220+0000] {taskinstance.py:2613} INFO - Dependencies all met for dep_context=requeueable deps ti=<TaskInstance: our_first_dag_v2.second_task scheduled__2024-11-27T00:00:00+00:00 [queued]>
[2024-12-19T09:01:44.227+0000] {taskinstance.py:2866} INFO - Starting attempt 1 of 6
[2024-12-19T09:01:44.268+0000] {taskinstance.py:2889} INFO - Executing <Task(BashOperator): second_task> on 2024-11-27 00:00:00+00:00
[2024-12-19T09:01:44.282+0000] {logging_mixin.py:190} WARNING - /home/***/.local/lib/python3.12/site-packages/***/task/task_runner/standard_task_runner.py:70 DeprecationWarning: This process (pid=14096) is multi-threaded, use of fork() may lead to deadlocks in the child.
[2024-12-19T09:01:44.286+0000] {standard_task_runner.py:72} INFO - Started process 14112 to run task
[2024-12-19T09:01:44.305+0000] {standard_task_runner.py:104} INFO - Running: ['***', 'tasks', 'run', 'our_first_dag_v2', 'second_task', 'scheduled__2024-11-27T00:00:00+00:00', '--job-id', '3320', '--raw', '--subdir', 'DAGS_FOLDER/our_first_dag.py', '--cfg-path', '/tmp/tmpg2lls9_p']
[2024-12-19T09:01:44.314+0000] {standard_task_runner.py:105} INFO - Job 3320: Subtask second_task
[2024-12-19T09:01:44.434+0000] {task_command.py:467} INFO - Running <TaskInstance: our_first_dag_v2.second_task scheduled__2024-11-27T00:00:00+00:00 [running]> on host 8d142e9c83a7
[2024-12-19T09:01:44.598+0000] {taskinstance.py:3132} INFO - Exporting env vars: AIRFLOW_CTX_DAG_OWNER='mateo' AIRFLOW_CTX_DAG_ID='our_first_dag_v2' AIRFLOW_CTX_TASK_ID='second_task' AIRFLOW_CTX_EXECUTION_DATE='2024-11-27T00:00:00+00:00' AIRFLOW_CTX_TRY_NUMBER='1' AIRFLOW_CTX_DAG_RUN_ID='scheduled__2024-11-27T00:00:00+00:00'
[2024-12-19T09:01:44.600+0000] {taskinstance.py:731} INFO - ::endgroup::
[2024-12-19T09:01:44.624+0000] {subprocess.py:78} INFO - Tmp dir root location: /tmp
[2024-12-19T09:01:44.625+0000] {subprocess.py:88} INFO - Running command: ['/usr/bin/bash', '-c', 'echo I am the second task and i will me executed after first task']
[2024-12-19T09:01:44.654+0000] {subprocess.py:99} INFO - Output:
[2024-12-19T09:01:44.655+0000] {subprocess.py:106} INFO - I am the second task and i will me executed after first task
[2024-12-19T09:01:44.659+0000] {subprocess.py:110} INFO - Command exited with return code 0
[2024-12-19T09:01:44.716+0000] {taskinstance.py:340} INFO - ::group::Post task execution logs
[2024-12-19T09:01:44.718+0000] {taskinstance.py:352} INFO - Marking task as SUCCESS. dag_id=our_first_dag_v2, task_id=second_task, run_id=scheduled__2024-11-27T00:00:00+00:00, execution_date=20241127T000000, start_date=20241219T090144, end_date=20241219T090144
[2024-12-19T09:01:44.759+0000] {local_task_job_runner.py:266} INFO - Task exited with return code 0
[2024-12-19T09:01:44.778+0000] {taskinstance.py:3895} INFO - 0 downstream tasks scheduled from follow-on schedule check
[2024-12-19T09:01:44.780+0000] {local_task_job_runner.py:245} INFO - ::endgroup::
