[2024-12-19T13:52:13.353+0000] {local_task_job_runner.py:123} INFO - ::group::Pre task execution logs
[2024-12-19T13:52:13.391+0000] {taskinstance.py:2613} INFO - Dependencies all met for dep_context=non-requeueable deps ti=<TaskInstance: dag_with_taskflow_api.get_name scheduled__2024-12-01T00:00:00+00:00 [queued]>
[2024-12-19T13:52:13.417+0000] {taskinstance.py:2613} INFO - Dependencies all met for dep_context=requeueable deps ti=<TaskInstance: dag_with_taskflow_api.get_name scheduled__2024-12-01T00:00:00+00:00 [queued]>
[2024-12-19T13:52:13.420+0000] {taskinstance.py:2866} INFO - Starting attempt 1 of 6
[2024-12-19T13:52:13.451+0000] {taskinstance.py:2889} INFO - Executing <Task(_PythonDecoratedOperator): get_name> on 2024-12-01 00:00:00+00:00
[2024-12-19T13:52:13.488+0000] {logging_mixin.py:190} WARNING - /home/***/.local/lib/python3.12/site-packages/***/task/task_runner/standard_task_runner.py:70 DeprecationWarning: This process (pid=16708) is multi-threaded, use of fork() may lead to deadlocks in the child.
[2024-12-19T13:52:13.502+0000] {standard_task_runner.py:72} INFO - Started process 16722 to run task
[2024-12-19T13:52:13.495+0000] {standard_task_runner.py:104} INFO - Running: ['***', 'tasks', 'run', 'dag_with_taskflow_api', 'get_name', 'scheduled__2024-12-01T00:00:00+00:00', '--job-id', '4547', '--raw', '--subdir', 'DAGS_FOLDER/dag_with_taskflow_api.py', '--cfg-path', '/tmp/tmp9w1vm0cu']
[2024-12-19T13:52:13.513+0000] {standard_task_runner.py:105} INFO - Job 4547: Subtask get_name
[2024-12-19T13:52:13.653+0000] {task_command.py:467} INFO - Running <TaskInstance: dag_with_taskflow_api.get_name scheduled__2024-12-01T00:00:00+00:00 [running]> on host 02d979add40a
[2024-12-19T13:52:14.105+0000] {taskinstance.py:3132} INFO - Exporting env vars: AIRFLOW_CTX_DAG_OWNER='mateo' AIRFLOW_CTX_DAG_ID='dag_with_taskflow_api' AIRFLOW_CTX_TASK_ID='get_name' AIRFLOW_CTX_EXECUTION_DATE='2024-12-01T00:00:00+00:00' AIRFLOW_CTX_TRY_NUMBER='1' AIRFLOW_CTX_DAG_RUN_ID='scheduled__2024-12-01T00:00:00+00:00'
[2024-12-19T13:52:14.107+0000] {taskinstance.py:731} INFO - ::endgroup::
[2024-12-19T13:52:14.113+0000] {python.py:240} INFO - Done. Returned value was: Jerry
[2024-12-19T13:52:14.197+0000] {taskinstance.py:340} INFO - ::group::Post task execution logs
[2024-12-19T13:52:14.199+0000] {taskinstance.py:352} INFO - Marking task as SUCCESS. dag_id=dag_with_taskflow_api, task_id=get_name, run_id=scheduled__2024-12-01T00:00:00+00:00, execution_date=20241201T000000, start_date=20241219T135213, end_date=20241219T135214
[2024-12-19T13:52:14.310+0000] {local_task_job_runner.py:266} INFO - Task exited with return code 0
[2024-12-19T13:52:14.358+0000] {taskinstance.py:3895} INFO - 1 downstream tasks scheduled from follow-on schedule check
[2024-12-19T13:52:14.370+0000] {local_task_job_runner.py:245} INFO - ::endgroup::
[2024-12-20T10:29:44.079+0000] {local_task_job_runner.py:123} INFO - ::group::Pre task execution logs
[2024-12-20T10:29:44.126+0000] {taskinstance.py:2613} INFO - Dependencies all met for dep_context=non-requeueable deps ti=<TaskInstance: dag_with_taskflow_api.get_name scheduled__2024-12-01T00:00:00+00:00 [queued]>
[2024-12-20T10:29:44.145+0000] {taskinstance.py:2613} INFO - Dependencies all met for dep_context=requeueable deps ti=<TaskInstance: dag_with_taskflow_api.get_name scheduled__2024-12-01T00:00:00+00:00 [queued]>
[2024-12-20T10:29:44.149+0000] {taskinstance.py:2866} INFO - Starting attempt 1 of 6
[2024-12-20T10:29:44.420+0000] {taskinstance.py:2889} INFO - Executing <Task(_PythonDecoratedOperator): get_name> on 2024-12-01 00:00:00+00:00
[2024-12-20T10:29:44.441+0000] {standard_task_runner.py:104} INFO - Running: ['***', 'tasks', 'run', 'dag_with_taskflow_api', 'get_name', 'scheduled__2024-12-01T00:00:00+00:00', '--job-id', '4864', '--raw', '--subdir', 'DAGS_FOLDER/dag_with_taskflow_api.py', '--cfg-path', '/tmp/tmp8n96aa13']
[2024-12-20T10:29:44.446+0000] {logging_mixin.py:190} WARNING - /home/***/.local/lib/python3.12/site-packages/***/task/task_runner/standard_task_runner.py:70 DeprecationWarning: This process (pid=13326) is multi-threaded, use of fork() may lead to deadlocks in the child.
[2024-12-20T10:29:44.449+0000] {standard_task_runner.py:72} INFO - Started process 13344 to run task
[2024-12-20T10:29:44.447+0000] {standard_task_runner.py:105} INFO - Job 4864: Subtask get_name
[2024-12-20T10:29:44.584+0000] {task_command.py:467} INFO - Running <TaskInstance: dag_with_taskflow_api.get_name scheduled__2024-12-01T00:00:00+00:00 [running]> on host a998b5b3d359
[2024-12-20T10:29:44.804+0000] {taskinstance.py:3132} INFO - Exporting env vars: AIRFLOW_CTX_DAG_OWNER='mateo' AIRFLOW_CTX_DAG_ID='dag_with_taskflow_api' AIRFLOW_CTX_TASK_ID='get_name' AIRFLOW_CTX_EXECUTION_DATE='2024-12-01T00:00:00+00:00' AIRFLOW_CTX_TRY_NUMBER='1' AIRFLOW_CTX_DAG_RUN_ID='scheduled__2024-12-01T00:00:00+00:00'
[2024-12-20T10:29:44.807+0000] {taskinstance.py:731} INFO - ::endgroup::
[2024-12-20T10:29:44.815+0000] {python.py:240} INFO - Done. Returned value was: Jerry
[2024-12-20T10:29:44.858+0000] {taskinstance.py:340} INFO - ::group::Post task execution logs
[2024-12-20T10:29:44.860+0000] {taskinstance.py:352} INFO - Marking task as SUCCESS. dag_id=dag_with_taskflow_api, task_id=get_name, run_id=scheduled__2024-12-01T00:00:00+00:00, execution_date=20241201T000000, start_date=20241220T102944, end_date=20241220T102944
[2024-12-20T10:29:44.920+0000] {local_task_job_runner.py:266} INFO - Task exited with return code 0
[2024-12-20T10:29:44.948+0000] {taskinstance.py:3895} INFO - 1 downstream tasks scheduled from follow-on schedule check
[2024-12-20T10:29:44.959+0000] {local_task_job_runner.py:245} INFO - ::endgroup::
