[2024-12-19T13:52:04.978+0000] {local_task_job_runner.py:123} INFO - ::group::Pre task execution logs
[2024-12-19T13:52:05.019+0000] {taskinstance.py:2613} INFO - Dependencies all met for dep_context=non-requeueable deps ti=<TaskInstance: dag_with_taskflow_api.get_name scheduled__2024-11-18T00:00:00+00:00 [queued]>
[2024-12-19T13:52:05.030+0000] {taskinstance.py:2613} INFO - Dependencies all met for dep_context=requeueable deps ti=<TaskInstance: dag_with_taskflow_api.get_name scheduled__2024-11-18T00:00:00+00:00 [queued]>
[2024-12-19T13:52:05.036+0000] {taskinstance.py:2866} INFO - Starting attempt 1 of 6
[2024-12-19T13:52:05.065+0000] {taskinstance.py:2889} INFO - Executing <Task(_PythonDecoratedOperator): get_name> on 2024-11-18 00:00:00+00:00
[2024-12-19T13:52:05.089+0000] {standard_task_runner.py:104} INFO - Running: ['***', 'tasks', 'run', 'dag_with_taskflow_api', 'get_name', 'scheduled__2024-11-18T00:00:00+00:00', '--job-id', '4510', '--raw', '--subdir', 'DAGS_FOLDER/dag_with_taskflow_api.py', '--cfg-path', '/tmp/tmpf2w3jf4x']
[2024-12-19T13:52:05.094+0000] {standard_task_runner.py:105} INFO - Job 4510: Subtask get_name
[2024-12-19T13:52:05.086+0000] {logging_mixin.py:190} WARNING - /home/***/.local/lib/python3.12/site-packages/***/task/task_runner/standard_task_runner.py:70 DeprecationWarning: This process (pid=16594) is multi-threaded, use of fork() may lead to deadlocks in the child.
[2024-12-19T13:52:05.098+0000] {standard_task_runner.py:72} INFO - Started process 16602 to run task
[2024-12-19T13:52:05.187+0000] {task_command.py:467} INFO - Running <TaskInstance: dag_with_taskflow_api.get_name scheduled__2024-11-18T00:00:00+00:00 [running]> on host 02d979add40a
[2024-12-19T13:52:05.478+0000] {taskinstance.py:3132} INFO - Exporting env vars: AIRFLOW_CTX_DAG_OWNER='mateo' AIRFLOW_CTX_DAG_ID='dag_with_taskflow_api' AIRFLOW_CTX_TASK_ID='get_name' AIRFLOW_CTX_EXECUTION_DATE='2024-11-18T00:00:00+00:00' AIRFLOW_CTX_TRY_NUMBER='1' AIRFLOW_CTX_DAG_RUN_ID='scheduled__2024-11-18T00:00:00+00:00'
[2024-12-19T13:52:05.488+0000] {taskinstance.py:731} INFO - ::endgroup::
[2024-12-19T13:52:05.493+0000] {python.py:240} INFO - Done. Returned value was: Jerry
[2024-12-19T13:52:05.556+0000] {taskinstance.py:340} INFO - ::group::Post task execution logs
[2024-12-19T13:52:05.558+0000] {taskinstance.py:352} INFO - Marking task as SUCCESS. dag_id=dag_with_taskflow_api, task_id=get_name, run_id=scheduled__2024-11-18T00:00:00+00:00, execution_date=20241118T000000, start_date=20241219T135205, end_date=20241219T135205
[2024-12-19T13:52:05.667+0000] {local_task_job_runner.py:266} INFO - Task exited with return code 0
[2024-12-19T13:52:05.693+0000] {local_task_job_runner.py:245} INFO - ::endgroup::
[2024-12-20T10:29:34.216+0000] {local_task_job_runner.py:123} INFO - ::group::Pre task execution logs
[2024-12-20T10:29:34.258+0000] {taskinstance.py:2613} INFO - Dependencies all met for dep_context=non-requeueable deps ti=<TaskInstance: dag_with_taskflow_api.get_name scheduled__2024-11-18T00:00:00+00:00 [queued]>
[2024-12-20T10:29:34.278+0000] {taskinstance.py:2613} INFO - Dependencies all met for dep_context=requeueable deps ti=<TaskInstance: dag_with_taskflow_api.get_name scheduled__2024-11-18T00:00:00+00:00 [queued]>
[2024-12-20T10:29:34.283+0000] {taskinstance.py:2866} INFO - Starting attempt 1 of 6
[2024-12-20T10:29:34.472+0000] {taskinstance.py:2889} INFO - Executing <Task(_PythonDecoratedOperator): get_name> on 2024-11-18 00:00:00+00:00
[2024-12-20T10:29:34.489+0000] {logging_mixin.py:190} WARNING - /home/***/.local/lib/python3.12/site-packages/***/task/task_runner/standard_task_runner.py:70 DeprecationWarning: This process (pid=13194) is multi-threaded, use of fork() may lead to deadlocks in the child.
[2024-12-20T10:29:34.496+0000] {standard_task_runner.py:72} INFO - Started process 13207 to run task
[2024-12-20T10:29:34.490+0000] {standard_task_runner.py:104} INFO - Running: ['***', 'tasks', 'run', 'dag_with_taskflow_api', 'get_name', 'scheduled__2024-11-18T00:00:00+00:00', '--job-id', '4825', '--raw', '--subdir', 'DAGS_FOLDER/dag_with_taskflow_api.py', '--cfg-path', '/tmp/tmpciuw72y9']
[2024-12-20T10:29:34.500+0000] {standard_task_runner.py:105} INFO - Job 4825: Subtask get_name
[2024-12-20T10:29:34.625+0000] {task_command.py:467} INFO - Running <TaskInstance: dag_with_taskflow_api.get_name scheduled__2024-11-18T00:00:00+00:00 [running]> on host a998b5b3d359
[2024-12-20T10:29:34.743+0000] {taskinstance.py:3132} INFO - Exporting env vars: AIRFLOW_CTX_DAG_OWNER='mateo' AIRFLOW_CTX_DAG_ID='dag_with_taskflow_api' AIRFLOW_CTX_TASK_ID='get_name' AIRFLOW_CTX_EXECUTION_DATE='2024-11-18T00:00:00+00:00' AIRFLOW_CTX_TRY_NUMBER='1' AIRFLOW_CTX_DAG_RUN_ID='scheduled__2024-11-18T00:00:00+00:00'
[2024-12-20T10:29:34.746+0000] {taskinstance.py:731} INFO - ::endgroup::
[2024-12-20T10:29:34.749+0000] {python.py:240} INFO - Done. Returned value was: Jerry
[2024-12-20T10:29:34.778+0000] {taskinstance.py:340} INFO - ::group::Post task execution logs
[2024-12-20T10:29:34.780+0000] {taskinstance.py:352} INFO - Marking task as SUCCESS. dag_id=dag_with_taskflow_api, task_id=get_name, run_id=scheduled__2024-11-18T00:00:00+00:00, execution_date=20241118T000000, start_date=20241220T102934, end_date=20241220T102934
[2024-12-20T10:29:34.848+0000] {local_task_job_runner.py:266} INFO - Task exited with return code 0
[2024-12-20T10:29:34.869+0000] {taskinstance.py:3895} INFO - 0 downstream tasks scheduled from follow-on schedule check
[2024-12-20T10:29:34.873+0000] {local_task_job_runner.py:245} INFO - ::endgroup::
