[2024-12-19T13:51:33.283+0000] {local_task_job_runner.py:123} INFO - ::group::Pre task execution logs
[2024-12-19T13:51:33.369+0000] {taskinstance.py:2613} INFO - Dependencies all met for dep_context=non-requeueable deps ti=<TaskInstance: dag_with_taskflow_api.get_name scheduled__2024-10-13T00:00:00+00:00 [queued]>
[2024-12-19T13:51:33.406+0000] {taskinstance.py:2613} INFO - Dependencies all met for dep_context=requeueable deps ti=<TaskInstance: dag_with_taskflow_api.get_name scheduled__2024-10-13T00:00:00+00:00 [queued]>
[2024-12-19T13:51:33.422+0000] {taskinstance.py:2866} INFO - Starting attempt 1 of 6
[2024-12-19T13:51:33.504+0000] {taskinstance.py:2889} INFO - Executing <Task(_PythonDecoratedOperator): get_name> on 2024-10-13 00:00:00+00:00
[2024-12-19T13:51:33.592+0000] {logging_mixin.py:190} WARNING - /home/***/.local/lib/python3.12/site-packages/***/task/task_runner/standard_task_runner.py:70 DeprecationWarning: This process (pid=16220) is multi-threaded, use of fork() may lead to deadlocks in the child.
[2024-12-19T13:51:33.604+0000] {standard_task_runner.py:72} INFO - Started process 16238 to run task
[2024-12-19T13:51:33.641+0000] {standard_task_runner.py:104} INFO - Running: ['***', 'tasks', 'run', 'dag_with_taskflow_api', 'get_name', 'scheduled__2024-10-13T00:00:00+00:00', '--job-id', '4397', '--raw', '--subdir', 'DAGS_FOLDER/dag_with_taskflow_api.py', '--cfg-path', '/tmp/tmpz1x8xgvu']
[2024-12-19T13:51:33.658+0000] {standard_task_runner.py:105} INFO - Job 4397: Subtask get_name
[2024-12-19T13:51:33.972+0000] {task_command.py:467} INFO - Running <TaskInstance: dag_with_taskflow_api.get_name scheduled__2024-10-13T00:00:00+00:00 [running]> on host 02d979add40a
[2024-12-19T13:51:34.536+0000] {taskinstance.py:3132} INFO - Exporting env vars: AIRFLOW_CTX_DAG_OWNER='mateo' AIRFLOW_CTX_DAG_ID='dag_with_taskflow_api' AIRFLOW_CTX_TASK_ID='get_name' AIRFLOW_CTX_EXECUTION_DATE='2024-10-13T00:00:00+00:00' AIRFLOW_CTX_TRY_NUMBER='1' AIRFLOW_CTX_DAG_RUN_ID='scheduled__2024-10-13T00:00:00+00:00'
[2024-12-19T13:51:34.558+0000] {taskinstance.py:731} INFO - ::endgroup::
[2024-12-19T13:51:34.645+0000] {python.py:240} INFO - Done. Returned value was: Jerry
[2024-12-19T13:51:34.746+0000] {taskinstance.py:340} INFO - ::group::Post task execution logs
[2024-12-19T13:51:34.748+0000] {taskinstance.py:352} INFO - Marking task as SUCCESS. dag_id=dag_with_taskflow_api, task_id=get_name, run_id=scheduled__2024-10-13T00:00:00+00:00, execution_date=20241013T000000, start_date=20241219T135133, end_date=20241219T135134
[2024-12-19T13:51:34.968+0000] {local_task_job_runner.py:266} INFO - Task exited with return code 0
[2024-12-19T13:51:35.048+0000] {taskinstance.py:3895} INFO - 1 downstream tasks scheduled from follow-on schedule check
[2024-12-19T13:51:35.073+0000] {local_task_job_runner.py:245} INFO - ::endgroup::
[2024-12-20T10:29:07.872+0000] {local_task_job_runner.py:123} INFO - ::group::Pre task execution logs
[2024-12-20T10:29:07.908+0000] {taskinstance.py:2613} INFO - Dependencies all met for dep_context=non-requeueable deps ti=<TaskInstance: dag_with_taskflow_api.get_name scheduled__2024-10-13T00:00:00+00:00 [queued]>
[2024-12-20T10:29:07.944+0000] {taskinstance.py:2613} INFO - Dependencies all met for dep_context=requeueable deps ti=<TaskInstance: dag_with_taskflow_api.get_name scheduled__2024-10-13T00:00:00+00:00 [queued]>
[2024-12-20T10:29:07.946+0000] {taskinstance.py:2866} INFO - Starting attempt 1 of 6
[2024-12-20T10:29:07.986+0000] {taskinstance.py:2889} INFO - Executing <Task(_PythonDecoratedOperator): get_name> on 2024-10-13 00:00:00+00:00
[2024-12-20T10:29:08.009+0000] {logging_mixin.py:190} WARNING - /home/***/.local/lib/python3.12/site-packages/***/task/task_runner/standard_task_runner.py:70 DeprecationWarning: This process (pid=12838) is multi-threaded, use of fork() may lead to deadlocks in the child.
[2024-12-20T10:29:08.019+0000] {standard_task_runner.py:72} INFO - Started process 12849 to run task
[2024-12-20T10:29:08.016+0000] {standard_task_runner.py:104} INFO - Running: ['***', 'tasks', 'run', 'dag_with_taskflow_api', 'get_name', 'scheduled__2024-10-13T00:00:00+00:00', '--job-id', '4716', '--raw', '--subdir', 'DAGS_FOLDER/dag_with_taskflow_api.py', '--cfg-path', '/tmp/tmpi1xs58oj']
[2024-12-20T10:29:08.032+0000] {standard_task_runner.py:105} INFO - Job 4716: Subtask get_name
[2024-12-20T10:29:08.119+0000] {task_command.py:467} INFO - Running <TaskInstance: dag_with_taskflow_api.get_name scheduled__2024-10-13T00:00:00+00:00 [running]> on host a998b5b3d359
[2024-12-20T10:29:08.226+0000] {taskinstance.py:3132} INFO - Exporting env vars: AIRFLOW_CTX_DAG_OWNER='mateo' AIRFLOW_CTX_DAG_ID='dag_with_taskflow_api' AIRFLOW_CTX_TASK_ID='get_name' AIRFLOW_CTX_EXECUTION_DATE='2024-10-13T00:00:00+00:00' AIRFLOW_CTX_TRY_NUMBER='1' AIRFLOW_CTX_DAG_RUN_ID='scheduled__2024-10-13T00:00:00+00:00'
[2024-12-20T10:29:08.229+0000] {taskinstance.py:731} INFO - ::endgroup::
[2024-12-20T10:29:08.232+0000] {python.py:240} INFO - Done. Returned value was: Jerry
[2024-12-20T10:29:08.272+0000] {taskinstance.py:340} INFO - ::group::Post task execution logs
[2024-12-20T10:29:08.273+0000] {taskinstance.py:352} INFO - Marking task as SUCCESS. dag_id=dag_with_taskflow_api, task_id=get_name, run_id=scheduled__2024-10-13T00:00:00+00:00, execution_date=20241013T000000, start_date=20241220T102907, end_date=20241220T102908
[2024-12-20T10:29:08.328+0000] {local_task_job_runner.py:266} INFO - Task exited with return code 0
[2024-12-20T10:29:08.371+0000] {taskinstance.py:3895} INFO - 1 downstream tasks scheduled from follow-on schedule check
[2024-12-20T10:29:08.383+0000] {local_task_job_runner.py:245} INFO - ::endgroup::
