[2024-12-19T13:51:16.345+0000] {local_task_job_runner.py:123} INFO - ::group::Pre task execution logs
[2024-12-19T13:51:16.384+0000] {taskinstance.py:2613} INFO - Dependencies all met for dep_context=non-requeueable deps ti=<TaskInstance: dag_with_taskflow_api.get_name scheduled__2024-09-20T00:00:00+00:00 [queued]>
[2024-12-19T13:51:16.455+0000] {taskinstance.py:2613} INFO - Dependencies all met for dep_context=requeueable deps ti=<TaskInstance: dag_with_taskflow_api.get_name scheduled__2024-09-20T00:00:00+00:00 [queued]>
[2024-12-19T13:51:16.458+0000] {taskinstance.py:2866} INFO - Starting attempt 1 of 6
[2024-12-19T13:51:16.517+0000] {taskinstance.py:2889} INFO - Executing <Task(_PythonDecoratedOperator): get_name> on 2024-09-20 00:00:00+00:00
[2024-12-19T13:51:16.538+0000] {logging_mixin.py:190} WARNING - /home/***/.local/lib/python3.12/site-packages/***/task/task_runner/standard_task_runner.py:70 DeprecationWarning: This process (pid=16016) is multi-threaded, use of fork() may lead to deadlocks in the child.
[2024-12-19T13:51:16.541+0000] {standard_task_runner.py:72} INFO - Started process 16030 to run task
[2024-12-19T13:51:16.570+0000] {standard_task_runner.py:104} INFO - Running: ['***', 'tasks', 'run', 'dag_with_taskflow_api', 'get_name', 'scheduled__2024-09-20T00:00:00+00:00', '--job-id', '4330', '--raw', '--subdir', 'DAGS_FOLDER/dag_with_taskflow_api.py', '--cfg-path', '/tmp/tmpamgbytmg']
[2024-12-19T13:51:16.580+0000] {standard_task_runner.py:105} INFO - Job 4330: Subtask get_name
[2024-12-19T13:51:16.718+0000] {task_command.py:467} INFO - Running <TaskInstance: dag_with_taskflow_api.get_name scheduled__2024-09-20T00:00:00+00:00 [running]> on host 02d979add40a
[2024-12-19T13:51:17.087+0000] {taskinstance.py:3132} INFO - Exporting env vars: AIRFLOW_CTX_DAG_OWNER='mateo' AIRFLOW_CTX_DAG_ID='dag_with_taskflow_api' AIRFLOW_CTX_TASK_ID='get_name' AIRFLOW_CTX_EXECUTION_DATE='2024-09-20T00:00:00+00:00' AIRFLOW_CTX_TRY_NUMBER='1' AIRFLOW_CTX_DAG_RUN_ID='scheduled__2024-09-20T00:00:00+00:00'
[2024-12-19T13:51:17.093+0000] {taskinstance.py:731} INFO - ::endgroup::
[2024-12-19T13:51:17.098+0000] {python.py:240} INFO - Done. Returned value was: Jerry
[2024-12-19T13:51:17.143+0000] {taskinstance.py:340} INFO - ::group::Post task execution logs
[2024-12-19T13:51:17.144+0000] {taskinstance.py:352} INFO - Marking task as SUCCESS. dag_id=dag_with_taskflow_api, task_id=get_name, run_id=scheduled__2024-09-20T00:00:00+00:00, execution_date=20240920T000000, start_date=20241219T135116, end_date=20241219T135117
[2024-12-19T13:51:17.222+0000] {local_task_job_runner.py:266} INFO - Task exited with return code 0
[2024-12-19T13:51:17.284+0000] {taskinstance.py:3895} INFO - 0 downstream tasks scheduled from follow-on schedule check
[2024-12-19T13:51:17.301+0000] {local_task_job_runner.py:245} INFO - ::endgroup::
[2024-12-20T10:28:48.236+0000] {local_task_job_runner.py:123} INFO - ::group::Pre task execution logs
[2024-12-20T10:28:48.270+0000] {taskinstance.py:2613} INFO - Dependencies all met for dep_context=non-requeueable deps ti=<TaskInstance: dag_with_taskflow_api.get_name scheduled__2024-09-20T00:00:00+00:00 [queued]>
[2024-12-20T10:28:48.301+0000] {taskinstance.py:2613} INFO - Dependencies all met for dep_context=requeueable deps ti=<TaskInstance: dag_with_taskflow_api.get_name scheduled__2024-09-20T00:00:00+00:00 [queued]>
[2024-12-20T10:28:48.304+0000] {taskinstance.py:2866} INFO - Starting attempt 1 of 6
[2024-12-20T10:28:48.324+0000] {taskinstance.py:2889} INFO - Executing <Task(_PythonDecoratedOperator): get_name> on 2024-09-20 00:00:00+00:00
[2024-12-20T10:28:48.348+0000] {standard_task_runner.py:104} INFO - Running: ['***', 'tasks', 'run', 'dag_with_taskflow_api', 'get_name', 'scheduled__2024-09-20T00:00:00+00:00', '--job-id', '4647', '--raw', '--subdir', 'DAGS_FOLDER/dag_with_taskflow_api.py', '--cfg-path', '/tmp/tmpb6vcrkcg']
[2024-12-20T10:28:48.355+0000] {standard_task_runner.py:105} INFO - Job 4647: Subtask get_name
[2024-12-20T10:28:48.368+0000] {logging_mixin.py:190} WARNING - /home/***/.local/lib/python3.12/site-packages/***/task/task_runner/standard_task_runner.py:70 DeprecationWarning: This process (pid=12620) is multi-threaded, use of fork() may lead to deadlocks in the child.
[2024-12-20T10:28:48.372+0000] {standard_task_runner.py:72} INFO - Started process 12632 to run task
[2024-12-20T10:28:48.445+0000] {task_command.py:467} INFO - Running <TaskInstance: dag_with_taskflow_api.get_name scheduled__2024-09-20T00:00:00+00:00 [running]> on host a998b5b3d359
[2024-12-20T10:28:48.578+0000] {taskinstance.py:3132} INFO - Exporting env vars: AIRFLOW_CTX_DAG_OWNER='mateo' AIRFLOW_CTX_DAG_ID='dag_with_taskflow_api' AIRFLOW_CTX_TASK_ID='get_name' AIRFLOW_CTX_EXECUTION_DATE='2024-09-20T00:00:00+00:00' AIRFLOW_CTX_TRY_NUMBER='1' AIRFLOW_CTX_DAG_RUN_ID='scheduled__2024-09-20T00:00:00+00:00'
[2024-12-20T10:28:48.580+0000] {taskinstance.py:731} INFO - ::endgroup::
[2024-12-20T10:28:48.583+0000] {python.py:240} INFO - Done. Returned value was: Jerry
[2024-12-20T10:28:48.614+0000] {taskinstance.py:340} INFO - ::group::Post task execution logs
[2024-12-20T10:28:48.615+0000] {taskinstance.py:352} INFO - Marking task as SUCCESS. dag_id=dag_with_taskflow_api, task_id=get_name, run_id=scheduled__2024-09-20T00:00:00+00:00, execution_date=20240920T000000, start_date=20241220T102848, end_date=20241220T102848
[2024-12-20T10:28:48.675+0000] {local_task_job_runner.py:266} INFO - Task exited with return code 0
[2024-12-20T10:28:48.684+0000] {local_task_job_runner.py:245} INFO - ::endgroup::
