[2024-12-19T13:52:07.642+0000] {local_task_job_runner.py:123} INFO - ::group::Pre task execution logs
[2024-12-19T13:52:07.674+0000] {taskinstance.py:2613} INFO - Dependencies all met for dep_context=non-requeueable deps ti=<TaskInstance: dag_with_taskflow_api.greet scheduled__2024-11-20T00:00:00+00:00 [queued]>
[2024-12-19T13:52:07.695+0000] {taskinstance.py:2613} INFO - Dependencies all met for dep_context=requeueable deps ti=<TaskInstance: dag_with_taskflow_api.greet scheduled__2024-11-20T00:00:00+00:00 [queued]>
[2024-12-19T13:52:07.698+0000] {taskinstance.py:2866} INFO - Starting attempt 1 of 6
[2024-12-19T13:52:07.869+0000] {taskinstance.py:2889} INFO - Executing <Task(_PythonDecoratedOperator): greet> on 2024-11-20 00:00:00+00:00
[2024-12-19T13:52:07.896+0000] {standard_task_runner.py:104} INFO - Running: ['***', 'tasks', 'run', 'dag_with_taskflow_api', 'greet', 'scheduled__2024-11-20T00:00:00+00:00', '--job-id', '4531', '--raw', '--subdir', 'DAGS_FOLDER/dag_with_taskflow_api.py', '--cfg-path', '/tmp/tmpx3npo4sx']
[2024-12-19T13:52:07.900+0000] {standard_task_runner.py:105} INFO - Job 4531: Subtask greet
[2024-12-19T13:52:07.907+0000] {logging_mixin.py:190} WARNING - /home/***/.local/lib/python3.12/site-packages/***/task/task_runner/standard_task_runner.py:70 DeprecationWarning: This process (pid=16643) is multi-threaded, use of fork() may lead to deadlocks in the child.
[2024-12-19T13:52:07.923+0000] {standard_task_runner.py:72} INFO - Started process 16655 to run task
[2024-12-19T13:52:08.068+0000] {task_command.py:467} INFO - Running <TaskInstance: dag_with_taskflow_api.greet scheduled__2024-11-20T00:00:00+00:00 [running]> on host 02d979add40a
[2024-12-19T13:52:08.328+0000] {taskinstance.py:3132} INFO - Exporting env vars: AIRFLOW_CTX_DAG_OWNER='mateo' AIRFLOW_CTX_DAG_ID='dag_with_taskflow_api' AIRFLOW_CTX_TASK_ID='greet' AIRFLOW_CTX_EXECUTION_DATE='2024-11-20T00:00:00+00:00' AIRFLOW_CTX_TRY_NUMBER='1' AIRFLOW_CTX_DAG_RUN_ID='scheduled__2024-11-20T00:00:00+00:00'
[2024-12-19T13:52:08.333+0000] {taskinstance.py:731} INFO - ::endgroup::
[2024-12-19T13:52:08.336+0000] {logging_mixin.py:190} INFO - My name is Jerry. I am 19 years old.
[2024-12-19T13:52:08.344+0000] {python.py:240} INFO - Done. Returned value was: None
[2024-12-19T13:52:08.379+0000] {taskinstance.py:340} INFO - ::group::Post task execution logs
[2024-12-19T13:52:08.380+0000] {taskinstance.py:352} INFO - Marking task as SUCCESS. dag_id=dag_with_taskflow_api, task_id=greet, run_id=scheduled__2024-11-20T00:00:00+00:00, execution_date=20241120T000000, start_date=20241219T135207, end_date=20241219T135208
[2024-12-19T13:52:08.466+0000] {local_task_job_runner.py:266} INFO - Task exited with return code 0
[2024-12-19T13:52:08.481+0000] {local_task_job_runner.py:245} INFO - ::endgroup::
[2024-12-20T10:29:38.996+0000] {local_task_job_runner.py:123} INFO - ::group::Pre task execution logs
[2024-12-20T10:29:39.027+0000] {taskinstance.py:2613} INFO - Dependencies all met for dep_context=non-requeueable deps ti=<TaskInstance: dag_with_taskflow_api.greet scheduled__2024-11-20T00:00:00+00:00 [queued]>
[2024-12-20T10:29:39.037+0000] {taskinstance.py:2613} INFO - Dependencies all met for dep_context=requeueable deps ti=<TaskInstance: dag_with_taskflow_api.greet scheduled__2024-11-20T00:00:00+00:00 [queued]>
[2024-12-20T10:29:39.039+0000] {taskinstance.py:2866} INFO - Starting attempt 1 of 6
[2024-12-20T10:29:39.069+0000] {taskinstance.py:2889} INFO - Executing <Task(_PythonDecoratedOperator): greet> on 2024-11-20 00:00:00+00:00
[2024-12-20T10:29:39.095+0000] {logging_mixin.py:190} WARNING - /home/***/.local/lib/python3.12/site-packages/***/task/task_runner/standard_task_runner.py:70 DeprecationWarning: This process (pid=13253) is multi-threaded, use of fork() may lead to deadlocks in the child.
[2024-12-20T10:29:39.095+0000] {standard_task_runner.py:104} INFO - Running: ['***', 'tasks', 'run', 'dag_with_taskflow_api', 'greet', 'scheduled__2024-11-20T00:00:00+00:00', '--job-id', '4841', '--raw', '--subdir', 'DAGS_FOLDER/dag_with_taskflow_api.py', '--cfg-path', '/tmp/tmpccthtmra']
[2024-12-20T10:29:39.101+0000] {standard_task_runner.py:72} INFO - Started process 13265 to run task
[2024-12-20T10:29:39.107+0000] {standard_task_runner.py:105} INFO - Job 4841: Subtask greet
[2024-12-20T10:29:39.240+0000] {task_command.py:467} INFO - Running <TaskInstance: dag_with_taskflow_api.greet scheduled__2024-11-20T00:00:00+00:00 [running]> on host a998b5b3d359
[2024-12-20T10:29:39.446+0000] {taskinstance.py:3132} INFO - Exporting env vars: AIRFLOW_CTX_DAG_OWNER='mateo' AIRFLOW_CTX_DAG_ID='dag_with_taskflow_api' AIRFLOW_CTX_TASK_ID='greet' AIRFLOW_CTX_EXECUTION_DATE='2024-11-20T00:00:00+00:00' AIRFLOW_CTX_TRY_NUMBER='1' AIRFLOW_CTX_DAG_RUN_ID='scheduled__2024-11-20T00:00:00+00:00'
[2024-12-20T10:29:39.449+0000] {taskinstance.py:731} INFO - ::endgroup::
[2024-12-20T10:29:39.452+0000] {logging_mixin.py:190} INFO - My name is Jerry. I am 19 years old.
[2024-12-20T10:29:39.454+0000] {python.py:240} INFO - Done. Returned value was: None
[2024-12-20T10:29:39.467+0000] {taskinstance.py:340} INFO - ::group::Post task execution logs
[2024-12-20T10:29:39.468+0000] {taskinstance.py:352} INFO - Marking task as SUCCESS. dag_id=dag_with_taskflow_api, task_id=greet, run_id=scheduled__2024-11-20T00:00:00+00:00, execution_date=20241120T000000, start_date=20241220T102939, end_date=20241220T102939
[2024-12-20T10:29:39.695+0000] {local_task_job_runner.py:266} INFO - Task exited with return code 0
[2024-12-20T10:29:39.784+0000] {taskinstance.py:3895} INFO - 0 downstream tasks scheduled from follow-on schedule check
[2024-12-20T10:29:39.792+0000] {local_task_job_runner.py:245} INFO - ::endgroup::
