[2024-12-19T13:52:05.553+0000] {local_task_job_runner.py:123} INFO - ::group::Pre task execution logs
[2024-12-19T13:52:05.579+0000] {taskinstance.py:2613} INFO - Dependencies all met for dep_context=non-requeueable deps ti=<TaskInstance: dag_with_taskflow_api.get_age scheduled__2024-11-21T00:00:00+00:00 [queued]>
[2024-12-19T13:52:05.595+0000] {taskinstance.py:2613} INFO - Dependencies all met for dep_context=requeueable deps ti=<TaskInstance: dag_with_taskflow_api.get_age scheduled__2024-11-21T00:00:00+00:00 [queued]>
[2024-12-19T13:52:05.596+0000] {taskinstance.py:2866} INFO - Starting attempt 1 of 6
[2024-12-19T13:52:05.639+0000] {taskinstance.py:2889} INFO - Executing <Task(_PythonDecoratedOperator): get_age> on 2024-11-21 00:00:00+00:00
[2024-12-19T13:52:05.674+0000] {logging_mixin.py:190} WARNING - /home/***/.local/lib/python3.12/site-packages/***/task/task_runner/standard_task_runner.py:70 DeprecationWarning: This process (pid=16601) is multi-threaded, use of fork() may lead to deadlocks in the child.
[2024-12-19T13:52:05.702+0000] {standard_task_runner.py:72} INFO - Started process 16619 to run task
[2024-12-19T13:52:05.690+0000] {standard_task_runner.py:104} INFO - Running: ['***', 'tasks', 'run', 'dag_with_taskflow_api', 'get_age', 'scheduled__2024-11-21T00:00:00+00:00', '--job-id', '4517', '--raw', '--subdir', 'DAGS_FOLDER/dag_with_taskflow_api.py', '--cfg-path', '/tmp/tmpfxyd413b']
[2024-12-19T13:52:05.716+0000] {standard_task_runner.py:105} INFO - Job 4517: Subtask get_age
[2024-12-19T13:52:05.876+0000] {task_command.py:467} INFO - Running <TaskInstance: dag_with_taskflow_api.get_age scheduled__2024-11-21T00:00:00+00:00 [running]> on host 02d979add40a
[2024-12-19T13:52:06.241+0000] {taskinstance.py:3132} INFO - Exporting env vars: AIRFLOW_CTX_DAG_OWNER='mateo' AIRFLOW_CTX_DAG_ID='dag_with_taskflow_api' AIRFLOW_CTX_TASK_ID='get_age' AIRFLOW_CTX_EXECUTION_DATE='2024-11-21T00:00:00+00:00' AIRFLOW_CTX_TRY_NUMBER='1' AIRFLOW_CTX_DAG_RUN_ID='scheduled__2024-11-21T00:00:00+00:00'
[2024-12-19T13:52:06.247+0000] {taskinstance.py:731} INFO - ::endgroup::
[2024-12-19T13:52:06.252+0000] {python.py:240} INFO - Done. Returned value was: 19
[2024-12-19T13:52:06.297+0000] {taskinstance.py:340} INFO - ::group::Post task execution logs
[2024-12-19T13:52:06.298+0000] {taskinstance.py:352} INFO - Marking task as SUCCESS. dag_id=dag_with_taskflow_api, task_id=get_age, run_id=scheduled__2024-11-21T00:00:00+00:00, execution_date=20241121T000000, start_date=20241219T135205, end_date=20241219T135206
[2024-12-19T13:52:06.379+0000] {local_task_job_runner.py:266} INFO - Task exited with return code 0
[2024-12-19T13:52:06.481+0000] {taskinstance.py:3895} INFO - 0 downstream tasks scheduled from follow-on schedule check
[2024-12-19T13:52:06.502+0000] {local_task_job_runner.py:245} INFO - ::endgroup::
[2024-12-20T10:29:38.173+0000] {local_task_job_runner.py:123} INFO - ::group::Pre task execution logs
[2024-12-20T10:29:38.198+0000] {taskinstance.py:2613} INFO - Dependencies all met for dep_context=non-requeueable deps ti=<TaskInstance: dag_with_taskflow_api.get_age scheduled__2024-11-21T00:00:00+00:00 [queued]>
[2024-12-20T10:29:38.209+0000] {taskinstance.py:2613} INFO - Dependencies all met for dep_context=requeueable deps ti=<TaskInstance: dag_with_taskflow_api.get_age scheduled__2024-11-21T00:00:00+00:00 [queued]>
[2024-12-20T10:29:38.211+0000] {taskinstance.py:2866} INFO - Starting attempt 1 of 6
[2024-12-20T10:29:38.392+0000] {taskinstance.py:2889} INFO - Executing <Task(_PythonDecoratedOperator): get_age> on 2024-11-21 00:00:00+00:00
[2024-12-20T10:29:38.412+0000] {logging_mixin.py:190} WARNING - /home/***/.local/lib/python3.12/site-packages/***/task/task_runner/standard_task_runner.py:70 DeprecationWarning: This process (pid=13234) is multi-threaded, use of fork() may lead to deadlocks in the child.
[2024-12-20T10:29:38.416+0000] {standard_task_runner.py:72} INFO - Started process 13242 to run task
[2024-12-20T10:29:38.421+0000] {standard_task_runner.py:104} INFO - Running: ['***', 'tasks', 'run', 'dag_with_taskflow_api', 'get_age', 'scheduled__2024-11-21T00:00:00+00:00', '--job-id', '4835', '--raw', '--subdir', 'DAGS_FOLDER/dag_with_taskflow_api.py', '--cfg-path', '/tmp/tmpc1meuugi']
[2024-12-20T10:29:38.425+0000] {standard_task_runner.py:105} INFO - Job 4835: Subtask get_age
[2024-12-20T10:29:38.526+0000] {task_command.py:467} INFO - Running <TaskInstance: dag_with_taskflow_api.get_age scheduled__2024-11-21T00:00:00+00:00 [running]> on host a998b5b3d359
[2024-12-20T10:29:38.654+0000] {taskinstance.py:3132} INFO - Exporting env vars: AIRFLOW_CTX_DAG_OWNER='mateo' AIRFLOW_CTX_DAG_ID='dag_with_taskflow_api' AIRFLOW_CTX_TASK_ID='get_age' AIRFLOW_CTX_EXECUTION_DATE='2024-11-21T00:00:00+00:00' AIRFLOW_CTX_TRY_NUMBER='1' AIRFLOW_CTX_DAG_RUN_ID='scheduled__2024-11-21T00:00:00+00:00'
[2024-12-20T10:29:38.657+0000] {taskinstance.py:731} INFO - ::endgroup::
[2024-12-20T10:29:38.662+0000] {python.py:240} INFO - Done. Returned value was: 19
[2024-12-20T10:29:38.691+0000] {taskinstance.py:340} INFO - ::group::Post task execution logs
[2024-12-20T10:29:38.693+0000] {taskinstance.py:352} INFO - Marking task as SUCCESS. dag_id=dag_with_taskflow_api, task_id=get_age, run_id=scheduled__2024-11-21T00:00:00+00:00, execution_date=20241121T000000, start_date=20241220T102938, end_date=20241220T102938
[2024-12-20T10:29:38.766+0000] {local_task_job_runner.py:266} INFO - Task exited with return code 0
[2024-12-20T10:29:38.784+0000] {local_task_job_runner.py:245} INFO - ::endgroup::
