[2024-12-19T13:51:50.564+0000] {local_task_job_runner.py:123} INFO - ::group::Pre task execution logs
[2024-12-19T13:51:50.598+0000] {taskinstance.py:2613} INFO - Dependencies all met for dep_context=non-requeueable deps ti=<TaskInstance: dag_with_taskflow_api.get_name scheduled__2024-11-01T00:00:00+00:00 [queued]>
[2024-12-19T13:51:50.611+0000] {taskinstance.py:2613} INFO - Dependencies all met for dep_context=requeueable deps ti=<TaskInstance: dag_with_taskflow_api.get_name scheduled__2024-11-01T00:00:00+00:00 [queued]>
[2024-12-19T13:51:50.612+0000] {taskinstance.py:2866} INFO - Starting attempt 1 of 6
[2024-12-19T13:51:50.727+0000] {taskinstance.py:2889} INFO - Executing <Task(_PythonDecoratedOperator): get_name> on 2024-11-01 00:00:00+00:00
[2024-12-19T13:51:50.765+0000] {logging_mixin.py:190} WARNING - /home/***/.local/lib/python3.12/site-packages/***/task/task_runner/standard_task_runner.py:70 DeprecationWarning: This process (pid=16412) is multi-threaded, use of fork() may lead to deadlocks in the child.
[2024-12-19T13:51:50.779+0000] {standard_task_runner.py:104} INFO - Running: ['***', 'tasks', 'run', 'dag_with_taskflow_api', 'get_name', 'scheduled__2024-11-01T00:00:00+00:00', '--job-id', '4457', '--raw', '--subdir', 'DAGS_FOLDER/dag_with_taskflow_api.py', '--cfg-path', '/tmp/tmprqhmyzxk']
[2024-12-19T13:51:50.814+0000] {standard_task_runner.py:105} INFO - Job 4457: Subtask get_name
[2024-12-19T13:51:50.814+0000] {standard_task_runner.py:72} INFO - Started process 16429 to run task
[2024-12-19T13:51:51.038+0000] {task_command.py:467} INFO - Running <TaskInstance: dag_with_taskflow_api.get_name scheduled__2024-11-01T00:00:00+00:00 [running]> on host 02d979add40a
[2024-12-19T13:51:51.428+0000] {taskinstance.py:3132} INFO - Exporting env vars: AIRFLOW_CTX_DAG_OWNER='mateo' AIRFLOW_CTX_DAG_ID='dag_with_taskflow_api' AIRFLOW_CTX_TASK_ID='get_name' AIRFLOW_CTX_EXECUTION_DATE='2024-11-01T00:00:00+00:00' AIRFLOW_CTX_TRY_NUMBER='1' AIRFLOW_CTX_DAG_RUN_ID='scheduled__2024-11-01T00:00:00+00:00'
[2024-12-19T13:51:51.461+0000] {taskinstance.py:731} INFO - ::endgroup::
[2024-12-19T13:51:51.483+0000] {python.py:240} INFO - Done. Returned value was: Jerry
[2024-12-19T13:51:51.569+0000] {taskinstance.py:340} INFO - ::group::Post task execution logs
[2024-12-19T13:51:51.571+0000] {taskinstance.py:352} INFO - Marking task as SUCCESS. dag_id=dag_with_taskflow_api, task_id=get_name, run_id=scheduled__2024-11-01T00:00:00+00:00, execution_date=20241101T000000, start_date=20241219T135150, end_date=20241219T135151
[2024-12-19T13:51:51.741+0000] {local_task_job_runner.py:266} INFO - Task exited with return code 0
[2024-12-19T13:51:51.761+0000] {local_task_job_runner.py:245} INFO - ::endgroup::
[2024-12-20T10:29:21.672+0000] {local_task_job_runner.py:123} INFO - ::group::Pre task execution logs
[2024-12-20T10:29:21.703+0000] {taskinstance.py:2613} INFO - Dependencies all met for dep_context=non-requeueable deps ti=<TaskInstance: dag_with_taskflow_api.get_name scheduled__2024-11-01T00:00:00+00:00 [queued]>
[2024-12-20T10:29:21.716+0000] {taskinstance.py:2613} INFO - Dependencies all met for dep_context=requeueable deps ti=<TaskInstance: dag_with_taskflow_api.get_name scheduled__2024-11-01T00:00:00+00:00 [queued]>
[2024-12-20T10:29:21.718+0000] {taskinstance.py:2866} INFO - Starting attempt 1 of 6
[2024-12-20T10:29:21.744+0000] {taskinstance.py:2889} INFO - Executing <Task(_PythonDecoratedOperator): get_name> on 2024-11-01 00:00:00+00:00
[2024-12-20T10:29:21.754+0000] {logging_mixin.py:190} WARNING - /home/***/.local/lib/python3.12/site-packages/***/task/task_runner/standard_task_runner.py:70 DeprecationWarning: This process (pid=13042) is multi-threaded, use of fork() may lead to deadlocks in the child.
[2024-12-20T10:29:21.759+0000] {standard_task_runner.py:72} INFO - Started process 13050 to run task
[2024-12-20T10:29:21.759+0000] {standard_task_runner.py:104} INFO - Running: ['***', 'tasks', 'run', 'dag_with_taskflow_api', 'get_name', 'scheduled__2024-11-01T00:00:00+00:00', '--job-id', '4772', '--raw', '--subdir', 'DAGS_FOLDER/dag_with_taskflow_api.py', '--cfg-path', '/tmp/tmp7tz04sq_']
[2024-12-20T10:29:21.773+0000] {standard_task_runner.py:105} INFO - Job 4772: Subtask get_name
[2024-12-20T10:29:21.875+0000] {task_command.py:467} INFO - Running <TaskInstance: dag_with_taskflow_api.get_name scheduled__2024-11-01T00:00:00+00:00 [running]> on host a998b5b3d359
[2024-12-20T10:29:22.003+0000] {taskinstance.py:3132} INFO - Exporting env vars: AIRFLOW_CTX_DAG_OWNER='mateo' AIRFLOW_CTX_DAG_ID='dag_with_taskflow_api' AIRFLOW_CTX_TASK_ID='get_name' AIRFLOW_CTX_EXECUTION_DATE='2024-11-01T00:00:00+00:00' AIRFLOW_CTX_TRY_NUMBER='1' AIRFLOW_CTX_DAG_RUN_ID='scheduled__2024-11-01T00:00:00+00:00'
[2024-12-20T10:29:22.008+0000] {taskinstance.py:731} INFO - ::endgroup::
[2024-12-20T10:29:22.013+0000] {python.py:240} INFO - Done. Returned value was: Jerry
[2024-12-20T10:29:22.038+0000] {taskinstance.py:340} INFO - ::group::Post task execution logs
[2024-12-20T10:29:22.039+0000] {taskinstance.py:352} INFO - Marking task as SUCCESS. dag_id=dag_with_taskflow_api, task_id=get_name, run_id=scheduled__2024-11-01T00:00:00+00:00, execution_date=20241101T000000, start_date=20241220T102921, end_date=20241220T102922
[2024-12-20T10:29:22.151+0000] {local_task_job_runner.py:266} INFO - Task exited with return code 0
[2024-12-20T10:29:22.165+0000] {local_task_job_runner.py:245} INFO - ::endgroup::
