[2024-12-19T13:51:34.054+0000] {local_task_job_runner.py:123} INFO - ::group::Pre task execution logs
[2024-12-19T13:51:34.131+0000] {taskinstance.py:2613} INFO - Dependencies all met for dep_context=non-requeueable deps ti=<TaskInstance: dag_with_taskflow_api.get_name scheduled__2024-10-14T00:00:00+00:00 [queued]>
[2024-12-19T13:51:34.202+0000] {taskinstance.py:2613} INFO - Dependencies all met for dep_context=requeueable deps ti=<TaskInstance: dag_with_taskflow_api.get_name scheduled__2024-10-14T00:00:00+00:00 [queued]>
[2024-12-19T13:51:34.209+0000] {taskinstance.py:2866} INFO - Starting attempt 1 of 6
[2024-12-19T13:51:34.262+0000] {taskinstance.py:2889} INFO - Executing <Task(_PythonDecoratedOperator): get_name> on 2024-10-14 00:00:00+00:00
[2024-12-19T13:51:34.310+0000] {logging_mixin.py:190} WARNING - /home/***/.local/lib/python3.12/site-packages/***/task/task_runner/standard_task_runner.py:70 DeprecationWarning: This process (pid=16230) is multi-threaded, use of fork() may lead to deadlocks in the child.
[2024-12-19T13:51:34.313+0000] {standard_task_runner.py:72} INFO - Started process 16252 to run task
[2024-12-19T13:51:34.318+0000] {standard_task_runner.py:104} INFO - Running: ['***', 'tasks', 'run', 'dag_with_taskflow_api', 'get_name', 'scheduled__2024-10-14T00:00:00+00:00', '--job-id', '4402', '--raw', '--subdir', 'DAGS_FOLDER/dag_with_taskflow_api.py', '--cfg-path', '/tmp/tmpvj62qohu']
[2024-12-19T13:51:34.347+0000] {standard_task_runner.py:105} INFO - Job 4402: Subtask get_name
[2024-12-19T13:51:34.698+0000] {task_command.py:467} INFO - Running <TaskInstance: dag_with_taskflow_api.get_name scheduled__2024-10-14T00:00:00+00:00 [running]> on host 02d979add40a
[2024-12-19T13:51:35.114+0000] {taskinstance.py:3132} INFO - Exporting env vars: AIRFLOW_CTX_DAG_OWNER='mateo' AIRFLOW_CTX_DAG_ID='dag_with_taskflow_api' AIRFLOW_CTX_TASK_ID='get_name' AIRFLOW_CTX_EXECUTION_DATE='2024-10-14T00:00:00+00:00' AIRFLOW_CTX_TRY_NUMBER='1' AIRFLOW_CTX_DAG_RUN_ID='scheduled__2024-10-14T00:00:00+00:00'
[2024-12-19T13:51:35.119+0000] {taskinstance.py:731} INFO - ::endgroup::
[2024-12-19T13:51:35.129+0000] {python.py:240} INFO - Done. Returned value was: Jerry
[2024-12-19T13:51:35.200+0000] {taskinstance.py:340} INFO - ::group::Post task execution logs
[2024-12-19T13:51:35.202+0000] {taskinstance.py:352} INFO - Marking task as SUCCESS. dag_id=dag_with_taskflow_api, task_id=get_name, run_id=scheduled__2024-10-14T00:00:00+00:00, execution_date=20241014T000000, start_date=20241219T135134, end_date=20241219T135135
[2024-12-19T13:51:35.292+0000] {local_task_job_runner.py:266} INFO - Task exited with return code 0
[2024-12-19T13:51:35.316+0000] {local_task_job_runner.py:245} INFO - ::endgroup::
[2024-12-20T10:29:08.222+0000] {local_task_job_runner.py:123} INFO - ::group::Pre task execution logs
[2024-12-20T10:29:08.255+0000] {taskinstance.py:2613} INFO - Dependencies all met for dep_context=non-requeueable deps ti=<TaskInstance: dag_with_taskflow_api.get_name scheduled__2024-10-14T00:00:00+00:00 [queued]>
[2024-12-20T10:29:08.268+0000] {taskinstance.py:2613} INFO - Dependencies all met for dep_context=requeueable deps ti=<TaskInstance: dag_with_taskflow_api.get_name scheduled__2024-10-14T00:00:00+00:00 [queued]>
[2024-12-20T10:29:08.269+0000] {taskinstance.py:2866} INFO - Starting attempt 1 of 6
[2024-12-20T10:29:08.297+0000] {taskinstance.py:2889} INFO - Executing <Task(_PythonDecoratedOperator): get_name> on 2024-10-14 00:00:00+00:00
[2024-12-20T10:29:08.314+0000] {logging_mixin.py:190} WARNING - /home/***/.local/lib/python3.12/site-packages/***/task/task_runner/standard_task_runner.py:70 DeprecationWarning: This process (pid=12847) is multi-threaded, use of fork() may lead to deadlocks in the child.
[2024-12-20T10:29:08.320+0000] {standard_task_runner.py:72} INFO - Started process 12860 to run task
[2024-12-20T10:29:08.329+0000] {standard_task_runner.py:104} INFO - Running: ['***', 'tasks', 'run', 'dag_with_taskflow_api', 'get_name', 'scheduled__2024-10-14T00:00:00+00:00', '--job-id', '4718', '--raw', '--subdir', 'DAGS_FOLDER/dag_with_taskflow_api.py', '--cfg-path', '/tmp/tmp1b4e1z3x']
[2024-12-20T10:29:08.337+0000] {standard_task_runner.py:105} INFO - Job 4718: Subtask get_name
[2024-12-20T10:29:08.531+0000] {task_command.py:467} INFO - Running <TaskInstance: dag_with_taskflow_api.get_name scheduled__2024-10-14T00:00:00+00:00 [running]> on host a998b5b3d359
[2024-12-20T10:29:08.661+0000] {taskinstance.py:3132} INFO - Exporting env vars: AIRFLOW_CTX_DAG_OWNER='mateo' AIRFLOW_CTX_DAG_ID='dag_with_taskflow_api' AIRFLOW_CTX_TASK_ID='get_name' AIRFLOW_CTX_EXECUTION_DATE='2024-10-14T00:00:00+00:00' AIRFLOW_CTX_TRY_NUMBER='1' AIRFLOW_CTX_DAG_RUN_ID='scheduled__2024-10-14T00:00:00+00:00'
[2024-12-20T10:29:08.664+0000] {taskinstance.py:731} INFO - ::endgroup::
[2024-12-20T10:29:08.669+0000] {python.py:240} INFO - Done. Returned value was: Jerry
[2024-12-20T10:29:08.706+0000] {taskinstance.py:340} INFO - ::group::Post task execution logs
[2024-12-20T10:29:08.708+0000] {taskinstance.py:352} INFO - Marking task as SUCCESS. dag_id=dag_with_taskflow_api, task_id=get_name, run_id=scheduled__2024-10-14T00:00:00+00:00, execution_date=20241014T000000, start_date=20241220T102908, end_date=20241220T102908
[2024-12-20T10:29:08.756+0000] {local_task_job_runner.py:266} INFO - Task exited with return code 0
[2024-12-20T10:29:08.783+0000] {taskinstance.py:3895} INFO - 1 downstream tasks scheduled from follow-on schedule check
[2024-12-20T10:29:08.791+0000] {local_task_job_runner.py:245} INFO - ::endgroup::
