[2024-12-19T13:51:43.992+0000] {local_task_job_runner.py:123} INFO - ::group::Pre task execution logs
[2024-12-19T13:51:44.027+0000] {taskinstance.py:2613} INFO - Dependencies all met for dep_context=non-requeueable deps ti=<TaskInstance: dag_with_taskflow_api.greet scheduled__2024-10-23T00:00:00+00:00 [queued]>
[2024-12-19T13:51:44.059+0000] {taskinstance.py:2613} INFO - Dependencies all met for dep_context=requeueable deps ti=<TaskInstance: dag_with_taskflow_api.greet scheduled__2024-10-23T00:00:00+00:00 [queued]>
[2024-12-19T13:51:44.061+0000] {taskinstance.py:2866} INFO - Starting attempt 1 of 6
[2024-12-19T13:51:44.113+0000] {taskinstance.py:2889} INFO - Executing <Task(_PythonDecoratedOperator): greet> on 2024-10-23 00:00:00+00:00
[2024-12-19T13:51:44.152+0000] {logging_mixin.py:190} WARNING - /home/***/.local/lib/python3.12/site-packages/***/task/task_runner/standard_task_runner.py:70 DeprecationWarning: This process (pid=16365) is multi-threaded, use of fork() may lead to deadlocks in the child.
[2024-12-19T13:51:44.154+0000] {standard_task_runner.py:72} INFO - Started process 16382 to run task
[2024-12-19T13:51:44.159+0000] {standard_task_runner.py:104} INFO - Running: ['***', 'tasks', 'run', 'dag_with_taskflow_api', 'greet', 'scheduled__2024-10-23T00:00:00+00:00', '--job-id', '4442', '--raw', '--subdir', 'DAGS_FOLDER/dag_with_taskflow_api.py', '--cfg-path', '/tmp/tmpn5tplx6h']
[2024-12-19T13:51:44.164+0000] {standard_task_runner.py:105} INFO - Job 4442: Subtask greet
[2024-12-19T13:51:44.345+0000] {task_command.py:467} INFO - Running <TaskInstance: dag_with_taskflow_api.greet scheduled__2024-10-23T00:00:00+00:00 [running]> on host 02d979add40a
[2024-12-19T13:51:44.663+0000] {taskinstance.py:3132} INFO - Exporting env vars: AIRFLOW_CTX_DAG_OWNER='mateo' AIRFLOW_CTX_DAG_ID='dag_with_taskflow_api' AIRFLOW_CTX_TASK_ID='greet' AIRFLOW_CTX_EXECUTION_DATE='2024-10-23T00:00:00+00:00' AIRFLOW_CTX_TRY_NUMBER='1' AIRFLOW_CTX_DAG_RUN_ID='scheduled__2024-10-23T00:00:00+00:00'
[2024-12-19T13:51:44.669+0000] {taskinstance.py:731} INFO - ::endgroup::
[2024-12-19T13:51:44.691+0000] {logging_mixin.py:190} INFO - My name is Jerry. I am 19 years old.
[2024-12-19T13:51:44.692+0000] {python.py:240} INFO - Done. Returned value was: None
[2024-12-19T13:51:44.717+0000] {taskinstance.py:340} INFO - ::group::Post task execution logs
[2024-12-19T13:51:44.720+0000] {taskinstance.py:352} INFO - Marking task as SUCCESS. dag_id=dag_with_taskflow_api, task_id=greet, run_id=scheduled__2024-10-23T00:00:00+00:00, execution_date=20241023T000000, start_date=20241219T135144, end_date=20241219T135144
[2024-12-19T13:51:44.857+0000] {local_task_job_runner.py:266} INFO - Task exited with return code 0
[2024-12-19T13:51:44.945+0000] {taskinstance.py:3895} INFO - 0 downstream tasks scheduled from follow-on schedule check
[2024-12-19T13:51:44.969+0000] {local_task_job_runner.py:245} INFO - ::endgroup::
[2024-12-20T10:29:15.857+0000] {local_task_job_runner.py:123} INFO - ::group::Pre task execution logs
[2024-12-20T10:29:15.898+0000] {taskinstance.py:2613} INFO - Dependencies all met for dep_context=non-requeueable deps ti=<TaskInstance: dag_with_taskflow_api.greet scheduled__2024-10-23T00:00:00+00:00 [queued]>
[2024-12-20T10:29:15.916+0000] {taskinstance.py:2613} INFO - Dependencies all met for dep_context=requeueable deps ti=<TaskInstance: dag_with_taskflow_api.greet scheduled__2024-10-23T00:00:00+00:00 [queued]>
[2024-12-20T10:29:15.917+0000] {taskinstance.py:2866} INFO - Starting attempt 1 of 6
[2024-12-20T10:29:16.109+0000] {taskinstance.py:2889} INFO - Executing <Task(_PythonDecoratedOperator): greet> on 2024-10-23 00:00:00+00:00
[2024-12-20T10:29:16.125+0000] {logging_mixin.py:190} WARNING - /home/***/.local/lib/python3.12/site-packages/***/task/task_runner/standard_task_runner.py:70 DeprecationWarning: This process (pid=12977) is multi-threaded, use of fork() may lead to deadlocks in the child.
[2024-12-20T10:29:16.127+0000] {standard_task_runner.py:72} INFO - Started process 12982 to run task
[2024-12-20T10:29:16.125+0000] {standard_task_runner.py:104} INFO - Running: ['***', 'tasks', 'run', 'dag_with_taskflow_api', 'greet', 'scheduled__2024-10-23T00:00:00+00:00', '--job-id', '4752', '--raw', '--subdir', 'DAGS_FOLDER/dag_with_taskflow_api.py', '--cfg-path', '/tmp/tmponmbq1b6']
[2024-12-20T10:29:16.131+0000] {standard_task_runner.py:105} INFO - Job 4752: Subtask greet
[2024-12-20T10:29:16.203+0000] {task_command.py:467} INFO - Running <TaskInstance: dag_with_taskflow_api.greet scheduled__2024-10-23T00:00:00+00:00 [running]> on host a998b5b3d359
[2024-12-20T10:29:16.339+0000] {taskinstance.py:3132} INFO - Exporting env vars: AIRFLOW_CTX_DAG_OWNER='mateo' AIRFLOW_CTX_DAG_ID='dag_with_taskflow_api' AIRFLOW_CTX_TASK_ID='greet' AIRFLOW_CTX_EXECUTION_DATE='2024-10-23T00:00:00+00:00' AIRFLOW_CTX_TRY_NUMBER='1' AIRFLOW_CTX_DAG_RUN_ID='scheduled__2024-10-23T00:00:00+00:00'
[2024-12-20T10:29:16.342+0000] {taskinstance.py:731} INFO - ::endgroup::
[2024-12-20T10:29:16.345+0000] {logging_mixin.py:190} INFO - My name is Jerry. I am 19 years old.
[2024-12-20T10:29:16.347+0000] {python.py:240} INFO - Done. Returned value was: None
[2024-12-20T10:29:16.356+0000] {taskinstance.py:340} INFO - ::group::Post task execution logs
[2024-12-20T10:29:16.358+0000] {taskinstance.py:352} INFO - Marking task as SUCCESS. dag_id=dag_with_taskflow_api, task_id=greet, run_id=scheduled__2024-10-23T00:00:00+00:00, execution_date=20241023T000000, start_date=20241220T102915, end_date=20241220T102916
[2024-12-20T10:29:16.391+0000] {local_task_job_runner.py:266} INFO - Task exited with return code 0
[2024-12-20T10:29:16.408+0000] {taskinstance.py:3895} INFO - 0 downstream tasks scheduled from follow-on schedule check
[2024-12-20T10:29:16.410+0000] {local_task_job_runner.py:245} INFO - ::endgroup::
