[2024-12-19T08:57:59.090+0000] {local_task_job_runner.py:123} INFO - ::group::Pre task execution logs
[2024-12-19T08:57:59.148+0000] {taskinstance.py:2613} INFO - Dependencies all met for dep_context=non-requeueable deps ti=<TaskInstance: our_first_dag_v2.third_task scheduled__2023-10-24T00:00:00+00:00 [queued]>
[2024-12-19T08:57:59.172+0000] {taskinstance.py:2613} INFO - Dependencies all met for dep_context=requeueable deps ti=<TaskInstance: our_first_dag_v2.third_task scheduled__2023-10-24T00:00:00+00:00 [queued]>
[2024-12-19T08:57:59.182+0000] {taskinstance.py:2866} INFO - Starting attempt 1 of 6
[2024-12-19T08:57:59.415+0000] {taskinstance.py:2889} INFO - Executing <Task(BashOperator): third_task> on 2023-10-24 00:00:00+00:00
[2024-12-19T08:57:59.432+0000] {standard_task_runner.py:104} INFO - Running: ['***', 'tasks', 'run', 'our_first_dag_v2', 'third_task', 'scheduled__2023-10-24T00:00:00+00:00', '--job-id', '2118', '--raw', '--subdir', 'DAGS_FOLDER/our_first_dag.py', '--cfg-path', '/tmp/tmpuggj1opm']
[2024-12-19T08:57:59.436+0000] {standard_task_runner.py:105} INFO - Job 2118: Subtask third_task
[2024-12-19T08:57:59.447+0000] {logging_mixin.py:190} WARNING - /home/***/.local/lib/python3.12/site-packages/***/task/task_runner/standard_task_runner.py:70 DeprecationWarning: This process (pid=9196) is multi-threaded, use of fork() may lead to deadlocks in the child.
[2024-12-19T08:57:59.479+0000] {standard_task_runner.py:72} INFO - Started process 9217 to run task
[2024-12-19T08:57:59.612+0000] {task_command.py:467} INFO - Running <TaskInstance: our_first_dag_v2.third_task scheduled__2023-10-24T00:00:00+00:00 [running]> on host 8d142e9c83a7
[2024-12-19T08:57:59.867+0000] {taskinstance.py:3132} INFO - Exporting env vars: AIRFLOW_CTX_DAG_OWNER='mateo' AIRFLOW_CTX_DAG_ID='our_first_dag_v2' AIRFLOW_CTX_TASK_ID='third_task' AIRFLOW_CTX_EXECUTION_DATE='2023-10-24T00:00:00+00:00' AIRFLOW_CTX_TRY_NUMBER='1' AIRFLOW_CTX_DAG_RUN_ID='scheduled__2023-10-24T00:00:00+00:00'
[2024-12-19T08:57:59.872+0000] {taskinstance.py:731} INFO - ::endgroup::
[2024-12-19T08:57:59.921+0000] {subprocess.py:78} INFO - Tmp dir root location: /tmp
[2024-12-19T08:57:59.923+0000] {subprocess.py:88} INFO - Running command: ['/usr/bin/bash', '-c', 'echo I am the third task and I will be executed at the same time as the second task.']
[2024-12-19T08:57:59.971+0000] {subprocess.py:99} INFO - Output:
[2024-12-19T08:57:59.976+0000] {subprocess.py:106} INFO - I am the third task and I will be executed at the same time as the second task.
[2024-12-19T08:57:59.979+0000] {subprocess.py:110} INFO - Command exited with return code 0
[2024-12-19T08:58:00.029+0000] {taskinstance.py:340} INFO - ::group::Post task execution logs
[2024-12-19T08:58:00.031+0000] {taskinstance.py:352} INFO - Marking task as SUCCESS. dag_id=our_first_dag_v2, task_id=third_task, run_id=scheduled__2023-10-24T00:00:00+00:00, execution_date=20231024T000000, start_date=20241219T085759, end_date=20241219T085800
[2024-12-19T08:58:00.173+0000] {local_task_job_runner.py:266} INFO - Task exited with return code 0
[2024-12-19T08:58:00.227+0000] {taskinstance.py:3895} INFO - 0 downstream tasks scheduled from follow-on schedule check
[2024-12-19T08:58:00.236+0000] {local_task_job_runner.py:245} INFO - ::endgroup::
