[2024-12-19T08:59:16.823+0000] {local_task_job_runner.py:123} INFO - ::group::Pre task execution logs
[2024-12-19T08:59:16.855+0000] {taskinstance.py:2613} INFO - Dependencies all met for dep_context=non-requeueable deps ti=<TaskInstance: our_first_dag_v2.third_task scheduled__2024-03-15T00:00:00+00:00 [queued]>
[2024-12-19T08:59:16.873+0000] {taskinstance.py:2613} INFO - Dependencies all met for dep_context=requeueable deps ti=<TaskInstance: our_first_dag_v2.third_task scheduled__2024-03-15T00:00:00+00:00 [queued]>
[2024-12-19T08:59:16.874+0000] {taskinstance.py:2866} INFO - Starting attempt 1 of 6
[2024-12-19T08:59:16.908+0000] {taskinstance.py:2889} INFO - Executing <Task(BashOperator): third_task> on 2024-03-15 00:00:00+00:00
[2024-12-19T08:59:16.940+0000] {logging_mixin.py:190} WARNING - /home/***/.local/lib/python3.12/site-packages/***/task/task_runner/standard_task_runner.py:70 DeprecationWarning: This process (pid=10936) is multi-threaded, use of fork() may lead to deadlocks in the child.
[2024-12-19T08:59:16.947+0000] {standard_task_runner.py:72} INFO - Started process 10960 to run task
[2024-12-19T08:59:16.943+0000] {standard_task_runner.py:104} INFO - Running: ['***', 'tasks', 'run', 'our_first_dag_v2', 'third_task', 'scheduled__2024-03-15T00:00:00+00:00', '--job-id', '2547', '--raw', '--subdir', 'DAGS_FOLDER/our_first_dag.py', '--cfg-path', '/tmp/tmpxzqjwarv']
[2024-12-19T08:59:16.953+0000] {standard_task_runner.py:105} INFO - Job 2547: Subtask third_task
[2024-12-19T08:59:17.034+0000] {task_command.py:467} INFO - Running <TaskInstance: our_first_dag_v2.third_task scheduled__2024-03-15T00:00:00+00:00 [running]> on host 8d142e9c83a7
[2024-12-19T08:59:17.164+0000] {taskinstance.py:3132} INFO - Exporting env vars: AIRFLOW_CTX_DAG_OWNER='mateo' AIRFLOW_CTX_DAG_ID='our_first_dag_v2' AIRFLOW_CTX_TASK_ID='third_task' AIRFLOW_CTX_EXECUTION_DATE='2024-03-15T00:00:00+00:00' AIRFLOW_CTX_TRY_NUMBER='1' AIRFLOW_CTX_DAG_RUN_ID='scheduled__2024-03-15T00:00:00+00:00'
[2024-12-19T08:59:17.165+0000] {taskinstance.py:731} INFO - ::endgroup::
[2024-12-19T08:59:17.187+0000] {subprocess.py:78} INFO - Tmp dir root location: /tmp
[2024-12-19T08:59:17.189+0000] {subprocess.py:88} INFO - Running command: ['/usr/bin/bash', '-c', 'echo I am the third task and I will be executed at the same time as the second task.']
[2024-12-19T08:59:17.204+0000] {subprocess.py:99} INFO - Output:
[2024-12-19T08:59:17.206+0000] {subprocess.py:106} INFO - I am the third task and I will be executed at the same time as the second task.
[2024-12-19T08:59:17.207+0000] {subprocess.py:110} INFO - Command exited with return code 0
[2024-12-19T08:59:17.233+0000] {taskinstance.py:340} INFO - ::group::Post task execution logs
[2024-12-19T08:59:17.235+0000] {taskinstance.py:352} INFO - Marking task as SUCCESS. dag_id=our_first_dag_v2, task_id=third_task, run_id=scheduled__2024-03-15T00:00:00+00:00, execution_date=20240315T000000, start_date=20241219T085916, end_date=20241219T085917
[2024-12-19T08:59:17.287+0000] {local_task_job_runner.py:266} INFO - Task exited with return code 0
[2024-12-19T08:59:17.302+0000] {taskinstance.py:3895} INFO - 0 downstream tasks scheduled from follow-on schedule check
[2024-12-19T08:59:17.304+0000] {local_task_job_runner.py:245} INFO - ::endgroup::
