[2024-12-19T13:51:18.634+0000] {local_task_job_runner.py:123} INFO - ::group::Pre task execution logs
[2024-12-19T13:51:18.757+0000] {taskinstance.py:2613} INFO - Dependencies all met for dep_context=non-requeueable deps ti=<TaskInstance: dag_with_taskflow_api.get_age scheduled__2024-09-25T00:00:00+00:00 [queued]>
[2024-12-19T13:51:18.802+0000] {taskinstance.py:2613} INFO - Dependencies all met for dep_context=requeueable deps ti=<TaskInstance: dag_with_taskflow_api.get_age scheduled__2024-09-25T00:00:00+00:00 [queued]>
[2024-12-19T13:51:18.816+0000] {taskinstance.py:2866} INFO - Starting attempt 1 of 6
[2024-12-19T13:51:18.979+0000] {taskinstance.py:2889} INFO - Executing <Task(_PythonDecoratedOperator): get_age> on 2024-09-25 00:00:00+00:00
[2024-12-19T13:51:18.993+0000] {logging_mixin.py:190} WARNING - /home/***/.local/lib/python3.12/site-packages/***/task/task_runner/standard_task_runner.py:70 DeprecationWarning: This process (pid=16054) is multi-threaded, use of fork() may lead to deadlocks in the child.
[2024-12-19T13:51:18.996+0000] {standard_task_runner.py:72} INFO - Started process 16071 to run task
[2024-12-19T13:51:19.001+0000] {standard_task_runner.py:104} INFO - Running: ['***', 'tasks', 'run', 'dag_with_taskflow_api', 'get_age', 'scheduled__2024-09-25T00:00:00+00:00', '--job-id', '4344', '--raw', '--subdir', 'DAGS_FOLDER/dag_with_taskflow_api.py', '--cfg-path', '/tmp/tmpo7hr9imk']
[2024-12-19T13:51:19.007+0000] {standard_task_runner.py:105} INFO - Job 4344: Subtask get_age
[2024-12-19T13:51:19.177+0000] {task_command.py:467} INFO - Running <TaskInstance: dag_with_taskflow_api.get_age scheduled__2024-09-25T00:00:00+00:00 [running]> on host 02d979add40a
[2024-12-19T13:51:19.445+0000] {taskinstance.py:3132} INFO - Exporting env vars: AIRFLOW_CTX_DAG_OWNER='mateo' AIRFLOW_CTX_DAG_ID='dag_with_taskflow_api' AIRFLOW_CTX_TASK_ID='get_age' AIRFLOW_CTX_EXECUTION_DATE='2024-09-25T00:00:00+00:00' AIRFLOW_CTX_TRY_NUMBER='1' AIRFLOW_CTX_DAG_RUN_ID='scheduled__2024-09-25T00:00:00+00:00'
[2024-12-19T13:51:19.450+0000] {taskinstance.py:731} INFO - ::endgroup::
[2024-12-19T13:51:19.456+0000] {python.py:240} INFO - Done. Returned value was: 19
[2024-12-19T13:51:19.541+0000] {taskinstance.py:340} INFO - ::group::Post task execution logs
[2024-12-19T13:51:19.544+0000] {taskinstance.py:352} INFO - Marking task as SUCCESS. dag_id=dag_with_taskflow_api, task_id=get_age, run_id=scheduled__2024-09-25T00:00:00+00:00, execution_date=20240925T000000, start_date=20241219T135118, end_date=20241219T135119
[2024-12-19T13:51:19.629+0000] {local_task_job_runner.py:266} INFO - Task exited with return code 0
[2024-12-19T13:51:19.652+0000] {local_task_job_runner.py:245} INFO - ::endgroup::
[2024-12-20T10:28:54.364+0000] {local_task_job_runner.py:123} INFO - ::group::Pre task execution logs
[2024-12-20T10:28:54.396+0000] {taskinstance.py:2613} INFO - Dependencies all met for dep_context=non-requeueable deps ti=<TaskInstance: dag_with_taskflow_api.get_age scheduled__2024-09-25T00:00:00+00:00 [queued]>
[2024-12-20T10:28:54.427+0000] {taskinstance.py:2613} INFO - Dependencies all met for dep_context=requeueable deps ti=<TaskInstance: dag_with_taskflow_api.get_age scheduled__2024-09-25T00:00:00+00:00 [queued]>
[2024-12-20T10:28:54.431+0000] {taskinstance.py:2866} INFO - Starting attempt 1 of 6
[2024-12-20T10:28:54.471+0000] {taskinstance.py:2889} INFO - Executing <Task(_PythonDecoratedOperator): get_age> on 2024-09-25 00:00:00+00:00
[2024-12-20T10:28:54.503+0000] {standard_task_runner.py:104} INFO - Running: ['***', 'tasks', 'run', 'dag_with_taskflow_api', 'get_age', 'scheduled__2024-09-25T00:00:00+00:00', '--job-id', '4662', '--raw', '--subdir', 'DAGS_FOLDER/dag_with_taskflow_api.py', '--cfg-path', '/tmp/tmp7x6j9inm']
[2024-12-20T10:28:54.507+0000] {logging_mixin.py:190} WARNING - /home/***/.local/lib/python3.12/site-packages/***/task/task_runner/standard_task_runner.py:70 DeprecationWarning: This process (pid=12671) is multi-threaded, use of fork() may lead to deadlocks in the child.
[2024-12-20T10:28:54.516+0000] {standard_task_runner.py:72} INFO - Started process 12685 to run task
[2024-12-20T10:28:54.515+0000] {standard_task_runner.py:105} INFO - Job 4662: Subtask get_age
[2024-12-20T10:28:54.646+0000] {task_command.py:467} INFO - Running <TaskInstance: dag_with_taskflow_api.get_age scheduled__2024-09-25T00:00:00+00:00 [running]> on host a998b5b3d359
[2024-12-20T10:28:54.786+0000] {taskinstance.py:3132} INFO - Exporting env vars: AIRFLOW_CTX_DAG_OWNER='mateo' AIRFLOW_CTX_DAG_ID='dag_with_taskflow_api' AIRFLOW_CTX_TASK_ID='get_age' AIRFLOW_CTX_EXECUTION_DATE='2024-09-25T00:00:00+00:00' AIRFLOW_CTX_TRY_NUMBER='1' AIRFLOW_CTX_DAG_RUN_ID='scheduled__2024-09-25T00:00:00+00:00'
[2024-12-20T10:28:54.788+0000] {taskinstance.py:731} INFO - ::endgroup::
[2024-12-20T10:28:54.792+0000] {python.py:240} INFO - Done. Returned value was: 19
[2024-12-20T10:28:54.830+0000] {taskinstance.py:340} INFO - ::group::Post task execution logs
[2024-12-20T10:28:54.832+0000] {taskinstance.py:352} INFO - Marking task as SUCCESS. dag_id=dag_with_taskflow_api, task_id=get_age, run_id=scheduled__2024-09-25T00:00:00+00:00, execution_date=20240925T000000, start_date=20241220T102854, end_date=20241220T102854
[2024-12-20T10:28:54.898+0000] {local_task_job_runner.py:266} INFO - Task exited with return code 0
[2024-12-20T10:28:54.943+0000] {taskinstance.py:3895} INFO - 0 downstream tasks scheduled from follow-on schedule check
[2024-12-20T10:28:54.945+0000] {local_task_job_runner.py:245} INFO - ::endgroup::
