[2024-12-19T08:59:21.530+0000] {local_task_job_runner.py:123} INFO - ::group::Pre task execution logs
[2024-12-19T08:59:21.577+0000] {taskinstance.py:2613} INFO - Dependencies all met for dep_context=non-requeueable deps ti=<TaskInstance: our_first_dag_v2.third_task scheduled__2024-03-25T00:00:00+00:00 [queued]>
[2024-12-19T08:59:21.599+0000] {taskinstance.py:2613} INFO - Dependencies all met for dep_context=requeueable deps ti=<TaskInstance: our_first_dag_v2.third_task scheduled__2024-03-25T00:00:00+00:00 [queued]>
[2024-12-19T08:59:21.601+0000] {taskinstance.py:2866} INFO - Starting attempt 1 of 6
[2024-12-19T08:59:21.766+0000] {taskinstance.py:2889} INFO - Executing <Task(BashOperator): third_task> on 2024-03-25 00:00:00+00:00
[2024-12-19T08:59:21.783+0000] {standard_task_runner.py:104} INFO - Running: ['***', 'tasks', 'run', 'our_first_dag_v2', 'third_task', 'scheduled__2024-03-25T00:00:00+00:00', '--job-id', '2577', '--raw', '--subdir', 'DAGS_FOLDER/our_first_dag.py', '--cfg-path', '/tmp/tmpdnqkzw8n']
[2024-12-19T08:59:21.786+0000] {standard_task_runner.py:105} INFO - Job 2577: Subtask third_task
[2024-12-19T08:59:21.784+0000] {logging_mixin.py:190} WARNING - /home/***/.local/lib/python3.12/site-packages/***/task/task_runner/standard_task_runner.py:70 DeprecationWarning: This process (pid=11055) is multi-threaded, use of fork() may lead to deadlocks in the child.
[2024-12-19T08:59:21.791+0000] {standard_task_runner.py:72} INFO - Started process 11081 to run task
[2024-12-19T08:59:21.918+0000] {task_command.py:467} INFO - Running <TaskInstance: our_first_dag_v2.third_task scheduled__2024-03-25T00:00:00+00:00 [running]> on host 8d142e9c83a7
[2024-12-19T08:59:22.100+0000] {taskinstance.py:3132} INFO - Exporting env vars: AIRFLOW_CTX_DAG_OWNER='mateo' AIRFLOW_CTX_DAG_ID='our_first_dag_v2' AIRFLOW_CTX_TASK_ID='third_task' AIRFLOW_CTX_EXECUTION_DATE='2024-03-25T00:00:00+00:00' AIRFLOW_CTX_TRY_NUMBER='1' AIRFLOW_CTX_DAG_RUN_ID='scheduled__2024-03-25T00:00:00+00:00'
[2024-12-19T08:59:22.103+0000] {taskinstance.py:731} INFO - ::endgroup::
[2024-12-19T08:59:22.154+0000] {subprocess.py:78} INFO - Tmp dir root location: /tmp
[2024-12-19T08:59:22.157+0000] {subprocess.py:88} INFO - Running command: ['/usr/bin/bash', '-c', 'echo I am the third task and I will be executed at the same time as the second task.']
[2024-12-19T08:59:22.230+0000] {subprocess.py:99} INFO - Output:
[2024-12-19T08:59:22.238+0000] {subprocess.py:106} INFO - I am the third task and I will be executed at the same time as the second task.
[2024-12-19T08:59:22.240+0000] {subprocess.py:110} INFO - Command exited with return code 0
[2024-12-19T08:59:22.305+0000] {taskinstance.py:340} INFO - ::group::Post task execution logs
[2024-12-19T08:59:22.308+0000] {taskinstance.py:352} INFO - Marking task as SUCCESS. dag_id=our_first_dag_v2, task_id=third_task, run_id=scheduled__2024-03-25T00:00:00+00:00, execution_date=20240325T000000, start_date=20241219T085921, end_date=20241219T085922
[2024-12-19T08:59:22.372+0000] {local_task_job_runner.py:266} INFO - Task exited with return code 0
[2024-12-19T08:59:22.395+0000] {taskinstance.py:3895} INFO - 0 downstream tasks scheduled from follow-on schedule check
[2024-12-19T08:59:22.397+0000] {local_task_job_runner.py:245} INFO - ::endgroup::
