[2024-12-19T13:51:42.995+0000] {local_task_job_runner.py:123} INFO - ::group::Pre task execution logs
[2024-12-19T13:51:43.052+0000] {taskinstance.py:2613} INFO - Dependencies all met for dep_context=non-requeueable deps ti=<TaskInstance: dag_with_taskflow_api.get_age scheduled__2024-10-25T00:00:00+00:00 [queued]>
[2024-12-19T13:51:43.083+0000] {taskinstance.py:2613} INFO - Dependencies all met for dep_context=requeueable deps ti=<TaskInstance: dag_with_taskflow_api.get_age scheduled__2024-10-25T00:00:00+00:00 [queued]>
[2024-12-19T13:51:43.090+0000] {taskinstance.py:2866} INFO - Starting attempt 1 of 6
[2024-12-19T13:51:43.159+0000] {taskinstance.py:2889} INFO - Executing <Task(_PythonDecoratedOperator): get_age> on 2024-10-25 00:00:00+00:00
[2024-12-19T13:51:43.254+0000] {logging_mixin.py:190} WARNING - /home/***/.local/lib/python3.12/site-packages/***/task/task_runner/standard_task_runner.py:70 DeprecationWarning: This process (pid=16335) is multi-threaded, use of fork() may lead to deadlocks in the child.
[2024-12-19T13:51:43.275+0000] {standard_task_runner.py:72} INFO - Started process 16362 to run task
[2024-12-19T13:51:43.242+0000] {standard_task_runner.py:104} INFO - Running: ['***', 'tasks', 'run', 'dag_with_taskflow_api', 'get_age', 'scheduled__2024-10-25T00:00:00+00:00', '--job-id', '4434', '--raw', '--subdir', 'DAGS_FOLDER/dag_with_taskflow_api.py', '--cfg-path', '/tmp/tmpxthfojz6']
[2024-12-19T13:51:43.288+0000] {standard_task_runner.py:105} INFO - Job 4434: Subtask get_age
[2024-12-19T13:51:43.491+0000] {task_command.py:467} INFO - Running <TaskInstance: dag_with_taskflow_api.get_age scheduled__2024-10-25T00:00:00+00:00 [running]> on host 02d979add40a
[2024-12-19T13:51:43.787+0000] {taskinstance.py:3132} INFO - Exporting env vars: AIRFLOW_CTX_DAG_OWNER='mateo' AIRFLOW_CTX_DAG_ID='dag_with_taskflow_api' AIRFLOW_CTX_TASK_ID='get_age' AIRFLOW_CTX_EXECUTION_DATE='2024-10-25T00:00:00+00:00' AIRFLOW_CTX_TRY_NUMBER='1' AIRFLOW_CTX_DAG_RUN_ID='scheduled__2024-10-25T00:00:00+00:00'
[2024-12-19T13:51:43.792+0000] {taskinstance.py:731} INFO - ::endgroup::
[2024-12-19T13:51:43.798+0000] {python.py:240} INFO - Done. Returned value was: 19
[2024-12-19T13:51:43.882+0000] {taskinstance.py:340} INFO - ::group::Post task execution logs
[2024-12-19T13:51:43.884+0000] {taskinstance.py:352} INFO - Marking task as SUCCESS. dag_id=dag_with_taskflow_api, task_id=get_age, run_id=scheduled__2024-10-25T00:00:00+00:00, execution_date=20241025T000000, start_date=20241219T135143, end_date=20241219T135143
[2024-12-19T13:51:44.015+0000] {local_task_job_runner.py:266} INFO - Task exited with return code 0
[2024-12-19T13:51:44.063+0000] {taskinstance.py:3895} INFO - 1 downstream tasks scheduled from follow-on schedule check
[2024-12-19T13:51:44.069+0000] {local_task_job_runner.py:245} INFO - ::endgroup::
[2024-12-20T10:29:19.566+0000] {local_task_job_runner.py:123} INFO - ::group::Pre task execution logs
[2024-12-20T10:29:19.584+0000] {taskinstance.py:2613} INFO - Dependencies all met for dep_context=non-requeueable deps ti=<TaskInstance: dag_with_taskflow_api.get_age scheduled__2024-10-25T00:00:00+00:00 [queued]>
[2024-12-20T10:29:19.593+0000] {taskinstance.py:2613} INFO - Dependencies all met for dep_context=requeueable deps ti=<TaskInstance: dag_with_taskflow_api.get_age scheduled__2024-10-25T00:00:00+00:00 [queued]>
[2024-12-20T10:29:19.595+0000] {taskinstance.py:2866} INFO - Starting attempt 1 of 6
[2024-12-20T10:29:19.706+0000] {taskinstance.py:2889} INFO - Executing <Task(_PythonDecoratedOperator): get_age> on 2024-10-25 00:00:00+00:00
[2024-12-20T10:29:19.721+0000] {logging_mixin.py:190} WARNING - /home/***/.local/lib/python3.12/site-packages/***/task/task_runner/standard_task_runner.py:70 DeprecationWarning: This process (pid=12994) is multi-threaded, use of fork() may lead to deadlocks in the child.
[2024-12-20T10:29:19.723+0000] {standard_task_runner.py:72} INFO - Started process 12997 to run task
[2024-12-20T10:29:19.728+0000] {standard_task_runner.py:104} INFO - Running: ['***', 'tasks', 'run', 'dag_with_taskflow_api', 'get_age', 'scheduled__2024-10-25T00:00:00+00:00', '--job-id', '4754', '--raw', '--subdir', 'DAGS_FOLDER/dag_with_taskflow_api.py', '--cfg-path', '/tmp/tmppjg1c6u0']
[2024-12-20T10:29:19.732+0000] {standard_task_runner.py:105} INFO - Job 4754: Subtask get_age
[2024-12-20T10:29:19.801+0000] {task_command.py:467} INFO - Running <TaskInstance: dag_with_taskflow_api.get_age scheduled__2024-10-25T00:00:00+00:00 [running]> on host a998b5b3d359
[2024-12-20T10:29:19.896+0000] {taskinstance.py:3132} INFO - Exporting env vars: AIRFLOW_CTX_DAG_OWNER='mateo' AIRFLOW_CTX_DAG_ID='dag_with_taskflow_api' AIRFLOW_CTX_TASK_ID='get_age' AIRFLOW_CTX_EXECUTION_DATE='2024-10-25T00:00:00+00:00' AIRFLOW_CTX_TRY_NUMBER='1' AIRFLOW_CTX_DAG_RUN_ID='scheduled__2024-10-25T00:00:00+00:00'
[2024-12-20T10:29:19.898+0000] {taskinstance.py:731} INFO - ::endgroup::
[2024-12-20T10:29:19.902+0000] {python.py:240} INFO - Done. Returned value was: 19
[2024-12-20T10:29:19.923+0000] {taskinstance.py:340} INFO - ::group::Post task execution logs
[2024-12-20T10:29:19.927+0000] {taskinstance.py:352} INFO - Marking task as SUCCESS. dag_id=dag_with_taskflow_api, task_id=get_age, run_id=scheduled__2024-10-25T00:00:00+00:00, execution_date=20241025T000000, start_date=20241220T102919, end_date=20241220T102919
[2024-12-20T10:29:19.981+0000] {local_task_job_runner.py:266} INFO - Task exited with return code 0
[2024-12-20T10:29:20.028+0000] {taskinstance.py:3895} INFO - 1 downstream tasks scheduled from follow-on schedule check
[2024-12-20T10:29:20.033+0000] {local_task_job_runner.py:245} INFO - ::endgroup::
