[2024-12-19T13:52:10.401+0000] {local_task_job_runner.py:123} INFO - ::group::Pre task execution logs
[2024-12-19T13:52:10.436+0000] {taskinstance.py:2613} INFO - Dependencies all met for dep_context=non-requeueable deps ti=<TaskInstance: dag_with_taskflow_api.greet scheduled__2024-11-27T00:00:00+00:00 [queued]>
[2024-12-19T13:52:10.453+0000] {taskinstance.py:2613} INFO - Dependencies all met for dep_context=requeueable deps ti=<TaskInstance: dag_with_taskflow_api.greet scheduled__2024-11-27T00:00:00+00:00 [queued]>
[2024-12-19T13:52:10.455+0000] {taskinstance.py:2866} INFO - Starting attempt 1 of 6
[2024-12-19T13:52:10.486+0000] {taskinstance.py:2889} INFO - Executing <Task(_PythonDecoratedOperator): greet> on 2024-11-27 00:00:00+00:00
[2024-12-19T13:52:10.507+0000] {logging_mixin.py:190} WARNING - /home/***/.local/lib/python3.12/site-packages/***/task/task_runner/standard_task_runner.py:70 DeprecationWarning: This process (pid=16683) is multi-threaded, use of fork() may lead to deadlocks in the child.
[2024-12-19T13:52:10.515+0000] {standard_task_runner.py:72} INFO - Started process 16692 to run task
[2024-12-19T13:52:10.510+0000] {standard_task_runner.py:104} INFO - Running: ['***', 'tasks', 'run', 'dag_with_taskflow_api', 'greet', 'scheduled__2024-11-27T00:00:00+00:00', '--job-id', '4541', '--raw', '--subdir', 'DAGS_FOLDER/dag_with_taskflow_api.py', '--cfg-path', '/tmp/tmpjbb__c14']
[2024-12-19T13:52:10.518+0000] {standard_task_runner.py:105} INFO - Job 4541: Subtask greet
[2024-12-19T13:52:10.610+0000] {task_command.py:467} INFO - Running <TaskInstance: dag_with_taskflow_api.greet scheduled__2024-11-27T00:00:00+00:00 [running]> on host 02d979add40a
[2024-12-19T13:52:10.766+0000] {taskinstance.py:3132} INFO - Exporting env vars: AIRFLOW_CTX_DAG_OWNER='mateo' AIRFLOW_CTX_DAG_ID='dag_with_taskflow_api' AIRFLOW_CTX_TASK_ID='greet' AIRFLOW_CTX_EXECUTION_DATE='2024-11-27T00:00:00+00:00' AIRFLOW_CTX_TRY_NUMBER='1' AIRFLOW_CTX_DAG_RUN_ID='scheduled__2024-11-27T00:00:00+00:00'
[2024-12-19T13:52:10.770+0000] {taskinstance.py:731} INFO - ::endgroup::
[2024-12-19T13:52:10.777+0000] {logging_mixin.py:190} INFO - My name is Jerry. I am 19 years old.
[2024-12-19T13:52:10.779+0000] {python.py:240} INFO - Done. Returned value was: None
[2024-12-19T13:52:10.794+0000] {taskinstance.py:340} INFO - ::group::Post task execution logs
[2024-12-19T13:52:10.795+0000] {taskinstance.py:352} INFO - Marking task as SUCCESS. dag_id=dag_with_taskflow_api, task_id=greet, run_id=scheduled__2024-11-27T00:00:00+00:00, execution_date=20241127T000000, start_date=20241219T135210, end_date=20241219T135210
[2024-12-19T13:52:10.861+0000] {local_task_job_runner.py:266} INFO - Task exited with return code 0
[2024-12-19T13:52:10.880+0000] {taskinstance.py:3895} INFO - 0 downstream tasks scheduled from follow-on schedule check
[2024-12-19T13:52:10.882+0000] {local_task_job_runner.py:245} INFO - ::endgroup::
[2024-12-20T10:29:41.136+0000] {local_task_job_runner.py:123} INFO - ::group::Pre task execution logs
[2024-12-20T10:29:41.159+0000] {taskinstance.py:2613} INFO - Dependencies all met for dep_context=non-requeueable deps ti=<TaskInstance: dag_with_taskflow_api.greet scheduled__2024-11-27T00:00:00+00:00 [queued]>
[2024-12-20T10:29:41.171+0000] {taskinstance.py:2613} INFO - Dependencies all met for dep_context=requeueable deps ti=<TaskInstance: dag_with_taskflow_api.greet scheduled__2024-11-27T00:00:00+00:00 [queued]>
[2024-12-20T10:29:41.172+0000] {taskinstance.py:2866} INFO - Starting attempt 1 of 6
[2024-12-20T10:29:41.379+0000] {taskinstance.py:2889} INFO - Executing <Task(_PythonDecoratedOperator): greet> on 2024-11-27 00:00:00+00:00
[2024-12-20T10:29:41.423+0000] {logging_mixin.py:190} WARNING - /home/***/.local/lib/python3.12/site-packages/***/task/task_runner/standard_task_runner.py:70 DeprecationWarning: This process (pid=13303) is multi-threaded, use of fork() may lead to deadlocks in the child.
[2024-12-20T10:29:41.425+0000] {standard_task_runner.py:72} INFO - Started process 13309 to run task
[2024-12-20T10:29:41.423+0000] {standard_task_runner.py:104} INFO - Running: ['***', 'tasks', 'run', 'dag_with_taskflow_api', 'greet', 'scheduled__2024-11-27T00:00:00+00:00', '--job-id', '4857', '--raw', '--subdir', 'DAGS_FOLDER/dag_with_taskflow_api.py', '--cfg-path', '/tmp/tmpqqknglqj']
[2024-12-20T10:29:41.427+0000] {standard_task_runner.py:105} INFO - Job 4857: Subtask greet
[2024-12-20T10:29:41.481+0000] {task_command.py:467} INFO - Running <TaskInstance: dag_with_taskflow_api.greet scheduled__2024-11-27T00:00:00+00:00 [running]> on host a998b5b3d359
[2024-12-20T10:29:41.583+0000] {taskinstance.py:3132} INFO - Exporting env vars: AIRFLOW_CTX_DAG_OWNER='mateo' AIRFLOW_CTX_DAG_ID='dag_with_taskflow_api' AIRFLOW_CTX_TASK_ID='greet' AIRFLOW_CTX_EXECUTION_DATE='2024-11-27T00:00:00+00:00' AIRFLOW_CTX_TRY_NUMBER='1' AIRFLOW_CTX_DAG_RUN_ID='scheduled__2024-11-27T00:00:00+00:00'
[2024-12-20T10:29:41.585+0000] {taskinstance.py:731} INFO - ::endgroup::
[2024-12-20T10:29:41.589+0000] {logging_mixin.py:190} INFO - My name is Jerry. I am 19 years old.
[2024-12-20T10:29:41.590+0000] {python.py:240} INFO - Done. Returned value was: None
[2024-12-20T10:29:41.598+0000] {taskinstance.py:340} INFO - ::group::Post task execution logs
[2024-12-20T10:29:41.599+0000] {taskinstance.py:352} INFO - Marking task as SUCCESS. dag_id=dag_with_taskflow_api, task_id=greet, run_id=scheduled__2024-11-27T00:00:00+00:00, execution_date=20241127T000000, start_date=20241220T102941, end_date=20241220T102941
[2024-12-20T10:29:41.640+0000] {local_task_job_runner.py:266} INFO - Task exited with return code 0
[2024-12-20T10:29:41.655+0000] {taskinstance.py:3895} INFO - 0 downstream tasks scheduled from follow-on schedule check
[2024-12-20T10:29:41.657+0000] {local_task_job_runner.py:245} INFO - ::endgroup::
