[2024-12-19T13:52:01.472+0000] {local_task_job_runner.py:123} INFO - ::group::Pre task execution logs
[2024-12-19T13:52:01.513+0000] {taskinstance.py:2613} INFO - Dependencies all met for dep_context=non-requeueable deps ti=<TaskInstance: dag_with_taskflow_api.greet scheduled__2024-11-15T00:00:00+00:00 [queued]>
[2024-12-19T13:52:01.544+0000] {taskinstance.py:2613} INFO - Dependencies all met for dep_context=requeueable deps ti=<TaskInstance: dag_with_taskflow_api.greet scheduled__2024-11-15T00:00:00+00:00 [queued]>
[2024-12-19T13:52:01.546+0000] {taskinstance.py:2866} INFO - Starting attempt 1 of 6
[2024-12-19T13:52:01.637+0000] {taskinstance.py:2889} INFO - Executing <Task(_PythonDecoratedOperator): greet> on 2024-11-15 00:00:00+00:00
[2024-12-19T13:52:01.653+0000] {logging_mixin.py:190} WARNING - /home/***/.local/lib/python3.12/site-packages/***/task/task_runner/standard_task_runner.py:70 DeprecationWarning: This process (pid=16570) is multi-threaded, use of fork() may lead to deadlocks in the child.
[2024-12-19T13:52:01.658+0000] {standard_task_runner.py:72} INFO - Started process 16585 to run task
[2024-12-19T13:52:01.663+0000] {standard_task_runner.py:104} INFO - Running: ['***', 'tasks', 'run', 'dag_with_taskflow_api', 'greet', 'scheduled__2024-11-15T00:00:00+00:00', '--job-id', '4506', '--raw', '--subdir', 'DAGS_FOLDER/dag_with_taskflow_api.py', '--cfg-path', '/tmp/tmpr3vjem08']
[2024-12-19T13:52:01.667+0000] {standard_task_runner.py:105} INFO - Job 4506: Subtask greet
[2024-12-19T13:52:01.790+0000] {task_command.py:467} INFO - Running <TaskInstance: dag_with_taskflow_api.greet scheduled__2024-11-15T00:00:00+00:00 [running]> on host 02d979add40a
[2024-12-19T13:52:01.939+0000] {taskinstance.py:3132} INFO - Exporting env vars: AIRFLOW_CTX_DAG_OWNER='mateo' AIRFLOW_CTX_DAG_ID='dag_with_taskflow_api' AIRFLOW_CTX_TASK_ID='greet' AIRFLOW_CTX_EXECUTION_DATE='2024-11-15T00:00:00+00:00' AIRFLOW_CTX_TRY_NUMBER='1' AIRFLOW_CTX_DAG_RUN_ID='scheduled__2024-11-15T00:00:00+00:00'
[2024-12-19T13:52:01.943+0000] {taskinstance.py:731} INFO - ::endgroup::
[2024-12-19T13:52:01.946+0000] {logging_mixin.py:190} INFO - My name is Jerry. I am 19 years old.
[2024-12-19T13:52:01.948+0000] {python.py:240} INFO - Done. Returned value was: None
[2024-12-19T13:52:01.957+0000] {taskinstance.py:340} INFO - ::group::Post task execution logs
[2024-12-19T13:52:01.958+0000] {taskinstance.py:352} INFO - Marking task as SUCCESS. dag_id=dag_with_taskflow_api, task_id=greet, run_id=scheduled__2024-11-15T00:00:00+00:00, execution_date=20241115T000000, start_date=20241219T135201, end_date=20241219T135201
[2024-12-19T13:52:02.011+0000] {local_task_job_runner.py:266} INFO - Task exited with return code 0
[2024-12-19T13:52:02.027+0000] {taskinstance.py:3895} INFO - 0 downstream tasks scheduled from follow-on schedule check
[2024-12-19T13:52:02.031+0000] {local_task_job_runner.py:245} INFO - ::endgroup::
[2024-12-20T10:29:34.206+0000] {local_task_job_runner.py:123} INFO - ::group::Pre task execution logs
[2024-12-20T10:29:34.259+0000] {taskinstance.py:2613} INFO - Dependencies all met for dep_context=non-requeueable deps ti=<TaskInstance: dag_with_taskflow_api.greet scheduled__2024-11-15T00:00:00+00:00 [queued]>
[2024-12-20T10:29:34.297+0000] {taskinstance.py:2613} INFO - Dependencies all met for dep_context=requeueable deps ti=<TaskInstance: dag_with_taskflow_api.greet scheduled__2024-11-15T00:00:00+00:00 [queued]>
[2024-12-20T10:29:34.298+0000] {taskinstance.py:2866} INFO - Starting attempt 1 of 6
[2024-12-20T10:29:34.467+0000] {taskinstance.py:2889} INFO - Executing <Task(_PythonDecoratedOperator): greet> on 2024-11-15 00:00:00+00:00
[2024-12-20T10:29:34.495+0000] {logging_mixin.py:190} WARNING - /home/***/.local/lib/python3.12/site-packages/***/task/task_runner/standard_task_runner.py:70 DeprecationWarning: This process (pid=13193) is multi-threaded, use of fork() may lead to deadlocks in the child.
[2024-12-20T10:29:34.497+0000] {standard_task_runner.py:72} INFO - Started process 13208 to run task
[2024-12-20T10:29:34.491+0000] {standard_task_runner.py:104} INFO - Running: ['***', 'tasks', 'run', 'dag_with_taskflow_api', 'greet', 'scheduled__2024-11-15T00:00:00+00:00', '--job-id', '4823', '--raw', '--subdir', 'DAGS_FOLDER/dag_with_taskflow_api.py', '--cfg-path', '/tmp/tmpju8m4bm_']
[2024-12-20T10:29:34.502+0000] {standard_task_runner.py:105} INFO - Job 4823: Subtask greet
[2024-12-20T10:29:34.610+0000] {task_command.py:467} INFO - Running <TaskInstance: dag_with_taskflow_api.greet scheduled__2024-11-15T00:00:00+00:00 [running]> on host a998b5b3d359
[2024-12-20T10:29:34.750+0000] {taskinstance.py:3132} INFO - Exporting env vars: AIRFLOW_CTX_DAG_OWNER='mateo' AIRFLOW_CTX_DAG_ID='dag_with_taskflow_api' AIRFLOW_CTX_TASK_ID='greet' AIRFLOW_CTX_EXECUTION_DATE='2024-11-15T00:00:00+00:00' AIRFLOW_CTX_TRY_NUMBER='1' AIRFLOW_CTX_DAG_RUN_ID='scheduled__2024-11-15T00:00:00+00:00'
[2024-12-20T10:29:34.752+0000] {taskinstance.py:731} INFO - ::endgroup::
[2024-12-20T10:29:34.757+0000] {logging_mixin.py:190} INFO - My name is Jerry. I am 19 years old.
[2024-12-20T10:29:34.759+0000] {python.py:240} INFO - Done. Returned value was: None
[2024-12-20T10:29:34.770+0000] {taskinstance.py:340} INFO - ::group::Post task execution logs
[2024-12-20T10:29:34.772+0000] {taskinstance.py:352} INFO - Marking task as SUCCESS. dag_id=dag_with_taskflow_api, task_id=greet, run_id=scheduled__2024-11-15T00:00:00+00:00, execution_date=20241115T000000, start_date=20241220T102934, end_date=20241220T102934
[2024-12-20T10:29:34.803+0000] {local_task_job_runner.py:266} INFO - Task exited with return code 0
[2024-12-20T10:29:34.824+0000] {taskinstance.py:3895} INFO - 0 downstream tasks scheduled from follow-on schedule check
[2024-12-20T10:29:34.826+0000] {local_task_job_runner.py:245} INFO - ::endgroup::
