[2024-12-19T13:52:19.339+0000] {local_task_job_runner.py:123} INFO - ::group::Pre task execution logs
[2024-12-19T13:52:19.359+0000] {taskinstance.py:2613} INFO - Dependencies all met for dep_context=non-requeueable deps ti=<TaskInstance: dag_with_taskflow_api.greet scheduled__2024-12-10T00:00:00+00:00 [queued]>
[2024-12-19T13:52:19.370+0000] {taskinstance.py:2613} INFO - Dependencies all met for dep_context=requeueable deps ti=<TaskInstance: dag_with_taskflow_api.greet scheduled__2024-12-10T00:00:00+00:00 [queued]>
[2024-12-19T13:52:19.372+0000] {taskinstance.py:2866} INFO - Starting attempt 1 of 6
[2024-12-19T13:52:19.385+0000] {taskinstance.py:2889} INFO - Executing <Task(_PythonDecoratedOperator): greet> on 2024-12-10 00:00:00+00:00
[2024-12-19T13:52:19.396+0000] {logging_mixin.py:190} WARNING - /home/***/.local/lib/python3.12/site-packages/***/task/task_runner/standard_task_runner.py:70 DeprecationWarning: This process (pid=16816) is multi-threaded, use of fork() may lead to deadlocks in the child.
[2024-12-19T13:52:19.398+0000] {standard_task_runner.py:72} INFO - Started process 16819 to run task
[2024-12-19T13:52:19.396+0000] {standard_task_runner.py:104} INFO - Running: ['***', 'tasks', 'run', 'dag_with_taskflow_api', 'greet', 'scheduled__2024-12-10T00:00:00+00:00', '--job-id', '4578', '--raw', '--subdir', 'DAGS_FOLDER/dag_with_taskflow_api.py', '--cfg-path', '/tmp/tmpadjpy7m4']
[2024-12-19T13:52:19.400+0000] {standard_task_runner.py:105} INFO - Job 4578: Subtask greet
[2024-12-19T13:52:19.458+0000] {task_command.py:467} INFO - Running <TaskInstance: dag_with_taskflow_api.greet scheduled__2024-12-10T00:00:00+00:00 [running]> on host 02d979add40a
[2024-12-19T13:52:19.575+0000] {taskinstance.py:3132} INFO - Exporting env vars: AIRFLOW_CTX_DAG_OWNER='mateo' AIRFLOW_CTX_DAG_ID='dag_with_taskflow_api' AIRFLOW_CTX_TASK_ID='greet' AIRFLOW_CTX_EXECUTION_DATE='2024-12-10T00:00:00+00:00' AIRFLOW_CTX_TRY_NUMBER='1' AIRFLOW_CTX_DAG_RUN_ID='scheduled__2024-12-10T00:00:00+00:00'
[2024-12-19T13:52:19.578+0000] {taskinstance.py:731} INFO - ::endgroup::
[2024-12-19T13:52:19.581+0000] {logging_mixin.py:190} INFO - My name is Jerry. I am 19 years old.
[2024-12-19T13:52:19.583+0000] {python.py:240} INFO - Done. Returned value was: None
[2024-12-19T13:52:19.591+0000] {taskinstance.py:340} INFO - ::group::Post task execution logs
[2024-12-19T13:52:19.593+0000] {taskinstance.py:352} INFO - Marking task as SUCCESS. dag_id=dag_with_taskflow_api, task_id=greet, run_id=scheduled__2024-12-10T00:00:00+00:00, execution_date=20241210T000000, start_date=20241219T135219, end_date=20241219T135219
[2024-12-19T13:52:19.656+0000] {local_task_job_runner.py:266} INFO - Task exited with return code 0
[2024-12-19T13:52:19.674+0000] {taskinstance.py:3895} INFO - 0 downstream tasks scheduled from follow-on schedule check
[2024-12-19T13:52:19.677+0000] {local_task_job_runner.py:245} INFO - ::endgroup::
[2024-12-20T10:29:54.508+0000] {local_task_job_runner.py:123} INFO - ::group::Pre task execution logs
[2024-12-20T10:29:54.551+0000] {taskinstance.py:2613} INFO - Dependencies all met for dep_context=non-requeueable deps ti=<TaskInstance: dag_with_taskflow_api.greet scheduled__2024-12-10T00:00:00+00:00 [queued]>
[2024-12-20T10:29:54.584+0000] {taskinstance.py:2613} INFO - Dependencies all met for dep_context=requeueable deps ti=<TaskInstance: dag_with_taskflow_api.greet scheduled__2024-12-10T00:00:00+00:00 [queued]>
[2024-12-20T10:29:54.587+0000] {taskinstance.py:2866} INFO - Starting attempt 1 of 6
[2024-12-20T10:29:54.722+0000] {taskinstance.py:2889} INFO - Executing <Task(_PythonDecoratedOperator): greet> on 2024-12-10 00:00:00+00:00
[2024-12-20T10:29:54.740+0000] {standard_task_runner.py:104} INFO - Running: ['***', 'tasks', 'run', 'dag_with_taskflow_api', 'greet', 'scheduled__2024-12-10T00:00:00+00:00', '--job-id', '4902', '--raw', '--subdir', 'DAGS_FOLDER/dag_with_taskflow_api.py', '--cfg-path', '/tmp/tmpb8b_byfh']
[2024-12-20T10:29:54.744+0000] {standard_task_runner.py:105} INFO - Job 4902: Subtask greet
[2024-12-20T10:29:54.744+0000] {logging_mixin.py:190} WARNING - /home/***/.local/lib/python3.12/site-packages/***/task/task_runner/standard_task_runner.py:70 DeprecationWarning: This process (pid=13464) is multi-threaded, use of fork() may lead to deadlocks in the child.
[2024-12-20T10:29:54.748+0000] {standard_task_runner.py:72} INFO - Started process 13474 to run task
[2024-12-20T10:29:54.851+0000] {task_command.py:467} INFO - Running <TaskInstance: dag_with_taskflow_api.greet scheduled__2024-12-10T00:00:00+00:00 [running]> on host a998b5b3d359
[2024-12-20T10:29:55.117+0000] {taskinstance.py:3132} INFO - Exporting env vars: AIRFLOW_CTX_DAG_OWNER='mateo' AIRFLOW_CTX_DAG_ID='dag_with_taskflow_api' AIRFLOW_CTX_TASK_ID='greet' AIRFLOW_CTX_EXECUTION_DATE='2024-12-10T00:00:00+00:00' AIRFLOW_CTX_TRY_NUMBER='1' AIRFLOW_CTX_DAG_RUN_ID='scheduled__2024-12-10T00:00:00+00:00'
[2024-12-20T10:29:55.123+0000] {taskinstance.py:731} INFO - ::endgroup::
[2024-12-20T10:29:55.126+0000] {logging_mixin.py:190} INFO - My name is Jerry. I am 19 years old.
[2024-12-20T10:29:55.137+0000] {python.py:240} INFO - Done. Returned value was: None
[2024-12-20T10:29:55.164+0000] {taskinstance.py:340} INFO - ::group::Post task execution logs
[2024-12-20T10:29:55.171+0000] {taskinstance.py:352} INFO - Marking task as SUCCESS. dag_id=dag_with_taskflow_api, task_id=greet, run_id=scheduled__2024-12-10T00:00:00+00:00, execution_date=20241210T000000, start_date=20241220T102954, end_date=20241220T102955
[2024-12-20T10:29:55.302+0000] {local_task_job_runner.py:266} INFO - Task exited with return code 0
[2024-12-20T10:29:55.335+0000] {taskinstance.py:3895} INFO - 0 downstream tasks scheduled from follow-on schedule check
[2024-12-20T10:29:55.345+0000] {local_task_job_runner.py:245} INFO - ::endgroup::
