[2024-12-19T13:52:02.703+0000] {local_task_job_runner.py:123} INFO - ::group::Pre task execution logs
[2024-12-19T13:52:02.722+0000] {taskinstance.py:2613} INFO - Dependencies all met for dep_context=non-requeueable deps ti=<TaskInstance: dag_with_taskflow_api.greet scheduled__2024-11-17T00:00:00+00:00 [queued]>
[2024-12-19T13:52:02.733+0000] {taskinstance.py:2613} INFO - Dependencies all met for dep_context=requeueable deps ti=<TaskInstance: dag_with_taskflow_api.greet scheduled__2024-11-17T00:00:00+00:00 [queued]>
[2024-12-19T13:52:02.734+0000] {taskinstance.py:2866} INFO - Starting attempt 1 of 6
[2024-12-19T13:52:02.746+0000] {taskinstance.py:2889} INFO - Executing <Task(_PythonDecoratedOperator): greet> on 2024-11-17 00:00:00+00:00
[2024-12-19T13:52:02.756+0000] {logging_mixin.py:190} WARNING - /home/***/.local/lib/python3.12/site-packages/***/task/task_runner/standard_task_runner.py:70 DeprecationWarning: This process (pid=16591) is multi-threaded, use of fork() may lead to deadlocks in the child.
[2024-12-19T13:52:02.757+0000] {standard_task_runner.py:104} INFO - Running: ['***', 'tasks', 'run', 'dag_with_taskflow_api', 'greet', 'scheduled__2024-11-17T00:00:00+00:00', '--job-id', '4509', '--raw', '--subdir', 'DAGS_FOLDER/dag_with_taskflow_api.py', '--cfg-path', '/tmp/tmp4j5sia8b']
[2024-12-19T13:52:02.759+0000] {standard_task_runner.py:72} INFO - Started process 16592 to run task
[2024-12-19T13:52:02.760+0000] {standard_task_runner.py:105} INFO - Job 4509: Subtask greet
[2024-12-19T13:52:02.812+0000] {task_command.py:467} INFO - Running <TaskInstance: dag_with_taskflow_api.greet scheduled__2024-11-17T00:00:00+00:00 [running]> on host 02d979add40a
[2024-12-19T13:52:02.919+0000] {taskinstance.py:3132} INFO - Exporting env vars: AIRFLOW_CTX_DAG_OWNER='mateo' AIRFLOW_CTX_DAG_ID='dag_with_taskflow_api' AIRFLOW_CTX_TASK_ID='greet' AIRFLOW_CTX_EXECUTION_DATE='2024-11-17T00:00:00+00:00' AIRFLOW_CTX_TRY_NUMBER='1' AIRFLOW_CTX_DAG_RUN_ID='scheduled__2024-11-17T00:00:00+00:00'
[2024-12-19T13:52:02.921+0000] {taskinstance.py:731} INFO - ::endgroup::
[2024-12-19T13:52:02.924+0000] {logging_mixin.py:190} INFO - My name is Jerry. I am 19 years old.
[2024-12-19T13:52:02.925+0000] {python.py:240} INFO - Done. Returned value was: None
[2024-12-19T13:52:02.934+0000] {taskinstance.py:340} INFO - ::group::Post task execution logs
[2024-12-19T13:52:02.935+0000] {taskinstance.py:352} INFO - Marking task as SUCCESS. dag_id=dag_with_taskflow_api, task_id=greet, run_id=scheduled__2024-11-17T00:00:00+00:00, execution_date=20241117T000000, start_date=20241219T135202, end_date=20241219T135202
[2024-12-19T13:52:02.977+0000] {local_task_job_runner.py:266} INFO - Task exited with return code 0
[2024-12-19T13:52:02.992+0000] {taskinstance.py:3895} INFO - 0 downstream tasks scheduled from follow-on schedule check
[2024-12-19T13:52:02.995+0000] {local_task_job_runner.py:245} INFO - ::endgroup::
[2024-12-20T10:29:35.809+0000] {local_task_job_runner.py:123} INFO - ::group::Pre task execution logs
[2024-12-20T10:29:35.827+0000] {taskinstance.py:2613} INFO - Dependencies all met for dep_context=non-requeueable deps ti=<TaskInstance: dag_with_taskflow_api.greet scheduled__2024-11-17T00:00:00+00:00 [queued]>
[2024-12-20T10:29:35.836+0000] {taskinstance.py:2613} INFO - Dependencies all met for dep_context=requeueable deps ti=<TaskInstance: dag_with_taskflow_api.greet scheduled__2024-11-17T00:00:00+00:00 [queued]>
[2024-12-20T10:29:35.837+0000] {taskinstance.py:2866} INFO - Starting attempt 1 of 6
[2024-12-20T10:29:35.850+0000] {taskinstance.py:2889} INFO - Executing <Task(_PythonDecoratedOperator): greet> on 2024-11-17 00:00:00+00:00
[2024-12-20T10:29:35.859+0000] {logging_mixin.py:190} WARNING - /home/***/.local/lib/python3.12/site-packages/***/task/task_runner/standard_task_runner.py:70 DeprecationWarning: This process (pid=13220) is multi-threaded, use of fork() may lead to deadlocks in the child.
[2024-12-20T10:29:35.861+0000] {standard_task_runner.py:72} INFO - Started process 13221 to run task
[2024-12-20T10:29:35.859+0000] {standard_task_runner.py:104} INFO - Running: ['***', 'tasks', 'run', 'dag_with_taskflow_api', 'greet', 'scheduled__2024-11-17T00:00:00+00:00', '--job-id', '4830', '--raw', '--subdir', 'DAGS_FOLDER/dag_with_taskflow_api.py', '--cfg-path', '/tmp/tmpiz3yg0zh']
[2024-12-20T10:29:35.864+0000] {standard_task_runner.py:105} INFO - Job 4830: Subtask greet
[2024-12-20T10:29:35.915+0000] {task_command.py:467} INFO - Running <TaskInstance: dag_with_taskflow_api.greet scheduled__2024-11-17T00:00:00+00:00 [running]> on host a998b5b3d359
[2024-12-20T10:29:36.014+0000] {taskinstance.py:3132} INFO - Exporting env vars: AIRFLOW_CTX_DAG_OWNER='mateo' AIRFLOW_CTX_DAG_ID='dag_with_taskflow_api' AIRFLOW_CTX_TASK_ID='greet' AIRFLOW_CTX_EXECUTION_DATE='2024-11-17T00:00:00+00:00' AIRFLOW_CTX_TRY_NUMBER='1' AIRFLOW_CTX_DAG_RUN_ID='scheduled__2024-11-17T00:00:00+00:00'
[2024-12-20T10:29:36.016+0000] {taskinstance.py:731} INFO - ::endgroup::
[2024-12-20T10:29:36.019+0000] {logging_mixin.py:190} INFO - My name is Jerry. I am 19 years old.
[2024-12-20T10:29:36.020+0000] {python.py:240} INFO - Done. Returned value was: None
[2024-12-20T10:29:36.029+0000] {taskinstance.py:340} INFO - ::group::Post task execution logs
[2024-12-20T10:29:36.030+0000] {taskinstance.py:352} INFO - Marking task as SUCCESS. dag_id=dag_with_taskflow_api, task_id=greet, run_id=scheduled__2024-11-17T00:00:00+00:00, execution_date=20241117T000000, start_date=20241220T102935, end_date=20241220T102936
[2024-12-20T10:29:36.078+0000] {local_task_job_runner.py:266} INFO - Task exited with return code 0
[2024-12-20T10:29:36.097+0000] {taskinstance.py:3895} INFO - 0 downstream tasks scheduled from follow-on schedule check
[2024-12-20T10:29:36.099+0000] {local_task_job_runner.py:245} INFO - ::endgroup::
