[2024-12-19T08:57:59.989+0000] {local_task_job_runner.py:123} INFO - ::group::Pre task execution logs
[2024-12-19T08:58:00.025+0000] {taskinstance.py:2613} INFO - Dependencies all met for dep_context=non-requeueable deps ti=<TaskInstance: our_first_dag_v2.second_task scheduled__2023-10-27T00:00:00+00:00 [queued]>
[2024-12-19T08:58:00.044+0000] {taskinstance.py:2613} INFO - Dependencies all met for dep_context=requeueable deps ti=<TaskInstance: our_first_dag_v2.second_task scheduled__2023-10-27T00:00:00+00:00 [queued]>
[2024-12-19T08:58:00.045+0000] {taskinstance.py:2866} INFO - Starting attempt 1 of 6
[2024-12-19T08:58:00.100+0000] {taskinstance.py:2889} INFO - Executing <Task(BashOperator): second_task> on 2023-10-27 00:00:00+00:00
[2024-12-19T08:58:00.144+0000] {logging_mixin.py:190} WARNING - /home/***/.local/lib/python3.12/site-packages/***/task/task_runner/standard_task_runner.py:70 DeprecationWarning: This process (pid=9219) is multi-threaded, use of fork() may lead to deadlocks in the child.
[2024-12-19T08:58:00.151+0000] {standard_task_runner.py:72} INFO - Started process 9240 to run task
[2024-12-19T08:58:00.160+0000] {standard_task_runner.py:104} INFO - Running: ['***', 'tasks', 'run', 'our_first_dag_v2', 'second_task', 'scheduled__2023-10-27T00:00:00+00:00', '--job-id', '2125', '--raw', '--subdir', 'DAGS_FOLDER/our_first_dag.py', '--cfg-path', '/tmp/tmp7679e912']
[2024-12-19T08:58:00.170+0000] {standard_task_runner.py:105} INFO - Job 2125: Subtask second_task
[2024-12-19T08:58:00.360+0000] {task_command.py:467} INFO - Running <TaskInstance: our_first_dag_v2.second_task scheduled__2023-10-27T00:00:00+00:00 [running]> on host 8d142e9c83a7
[2024-12-19T08:58:00.674+0000] {taskinstance.py:3132} INFO - Exporting env vars: AIRFLOW_CTX_DAG_OWNER='mateo' AIRFLOW_CTX_DAG_ID='our_first_dag_v2' AIRFLOW_CTX_TASK_ID='second_task' AIRFLOW_CTX_EXECUTION_DATE='2023-10-27T00:00:00+00:00' AIRFLOW_CTX_TRY_NUMBER='1' AIRFLOW_CTX_DAG_RUN_ID='scheduled__2023-10-27T00:00:00+00:00'
[2024-12-19T08:58:00.678+0000] {taskinstance.py:731} INFO - ::endgroup::
[2024-12-19T08:58:00.726+0000] {subprocess.py:78} INFO - Tmp dir root location: /tmp
[2024-12-19T08:58:00.733+0000] {subprocess.py:88} INFO - Running command: ['/usr/bin/bash', '-c', 'echo I am the second task and i will me executed after first task']
[2024-12-19T08:58:00.778+0000] {subprocess.py:99} INFO - Output:
[2024-12-19T08:58:00.783+0000] {subprocess.py:106} INFO - I am the second task and i will me executed after first task
[2024-12-19T08:58:00.784+0000] {subprocess.py:110} INFO - Command exited with return code 0
[2024-12-19T08:58:00.834+0000] {taskinstance.py:340} INFO - ::group::Post task execution logs
[2024-12-19T08:58:00.836+0000] {taskinstance.py:352} INFO - Marking task as SUCCESS. dag_id=our_first_dag_v2, task_id=second_task, run_id=scheduled__2023-10-27T00:00:00+00:00, execution_date=20231027T000000, start_date=20241219T085800, end_date=20241219T085800
[2024-12-19T08:58:00.944+0000] {local_task_job_runner.py:266} INFO - Task exited with return code 0
[2024-12-19T08:58:00.965+0000] {local_task_job_runner.py:245} INFO - ::endgroup::
