[2024-12-19T13:52:08.141+0000] {local_task_job_runner.py:123} INFO - ::group::Pre task execution logs
[2024-12-19T13:52:08.214+0000] {taskinstance.py:2613} INFO - Dependencies all met for dep_context=non-requeueable deps ti=<TaskInstance: dag_with_taskflow_api.get_age scheduled__2024-11-27T00:00:00+00:00 [queued]>
[2024-12-19T13:52:08.227+0000] {taskinstance.py:2613} INFO - Dependencies all met for dep_context=requeueable deps ti=<TaskInstance: dag_with_taskflow_api.get_age scheduled__2024-11-27T00:00:00+00:00 [queued]>
[2024-12-19T13:52:08.229+0000] {taskinstance.py:2866} INFO - Starting attempt 1 of 6
[2024-12-19T13:52:08.295+0000] {taskinstance.py:2889} INFO - Executing <Task(_PythonDecoratedOperator): get_age> on 2024-11-27 00:00:00+00:00
[2024-12-19T13:52:08.317+0000] {logging_mixin.py:190} WARNING - /home/***/.local/lib/python3.12/site-packages/***/task/task_runner/standard_task_runner.py:70 DeprecationWarning: This process (pid=16653) is multi-threaded, use of fork() may lead to deadlocks in the child.
[2024-12-19T13:52:08.324+0000] {standard_task_runner.py:72} INFO - Started process 16668 to run task
[2024-12-19T13:52:08.346+0000] {standard_task_runner.py:104} INFO - Running: ['***', 'tasks', 'run', 'dag_with_taskflow_api', 'get_age', 'scheduled__2024-11-27T00:00:00+00:00', '--job-id', '4534', '--raw', '--subdir', 'DAGS_FOLDER/dag_with_taskflow_api.py', '--cfg-path', '/tmp/tmpzh7nnydu']
[2024-12-19T13:52:08.357+0000] {standard_task_runner.py:105} INFO - Job 4534: Subtask get_age
[2024-12-19T13:52:08.522+0000] {task_command.py:467} INFO - Running <TaskInstance: dag_with_taskflow_api.get_age scheduled__2024-11-27T00:00:00+00:00 [running]> on host 02d979add40a
[2024-12-19T13:52:08.780+0000] {taskinstance.py:3132} INFO - Exporting env vars: AIRFLOW_CTX_DAG_OWNER='mateo' AIRFLOW_CTX_DAG_ID='dag_with_taskflow_api' AIRFLOW_CTX_TASK_ID='get_age' AIRFLOW_CTX_EXECUTION_DATE='2024-11-27T00:00:00+00:00' AIRFLOW_CTX_TRY_NUMBER='1' AIRFLOW_CTX_DAG_RUN_ID='scheduled__2024-11-27T00:00:00+00:00'
[2024-12-19T13:52:08.794+0000] {taskinstance.py:731} INFO - ::endgroup::
[2024-12-19T13:52:08.800+0000] {python.py:240} INFO - Done. Returned value was: 19
[2024-12-19T13:52:08.989+0000] {taskinstance.py:340} INFO - ::group::Post task execution logs
[2024-12-19T13:52:08.992+0000] {taskinstance.py:352} INFO - Marking task as SUCCESS. dag_id=dag_with_taskflow_api, task_id=get_age, run_id=scheduled__2024-11-27T00:00:00+00:00, execution_date=20241127T000000, start_date=20241219T135208, end_date=20241219T135208
[2024-12-19T13:52:09.070+0000] {local_task_job_runner.py:266} INFO - Task exited with return code 0
[2024-12-19T13:52:09.095+0000] {local_task_job_runner.py:245} INFO - ::endgroup::
[2024-12-20T10:29:40.138+0000] {local_task_job_runner.py:123} INFO - ::group::Pre task execution logs
[2024-12-20T10:29:40.165+0000] {taskinstance.py:2613} INFO - Dependencies all met for dep_context=non-requeueable deps ti=<TaskInstance: dag_with_taskflow_api.get_age scheduled__2024-11-27T00:00:00+00:00 [queued]>
[2024-12-20T10:29:40.193+0000] {taskinstance.py:2613} INFO - Dependencies all met for dep_context=requeueable deps ti=<TaskInstance: dag_with_taskflow_api.get_age scheduled__2024-11-27T00:00:00+00:00 [queued]>
[2024-12-20T10:29:40.194+0000] {taskinstance.py:2866} INFO - Starting attempt 1 of 6
[2024-12-20T10:29:40.215+0000] {taskinstance.py:2889} INFO - Executing <Task(_PythonDecoratedOperator): get_age> on 2024-11-27 00:00:00+00:00
[2024-12-20T10:29:40.235+0000] {standard_task_runner.py:104} INFO - Running: ['***', 'tasks', 'run', 'dag_with_taskflow_api', 'get_age', 'scheduled__2024-11-27T00:00:00+00:00', '--job-id', '4851', '--raw', '--subdir', 'DAGS_FOLDER/dag_with_taskflow_api.py', '--cfg-path', '/tmp/tmpx6lczdu1']
[2024-12-20T10:29:40.241+0000] {standard_task_runner.py:105} INFO - Job 4851: Subtask get_age
[2024-12-20T10:29:40.243+0000] {logging_mixin.py:190} WARNING - /home/***/.local/lib/python3.12/site-packages/***/task/task_runner/standard_task_runner.py:70 DeprecationWarning: This process (pid=13277) is multi-threaded, use of fork() may lead to deadlocks in the child.
[2024-12-20T10:29:40.249+0000] {standard_task_runner.py:72} INFO - Started process 13293 to run task
[2024-12-20T10:29:40.347+0000] {task_command.py:467} INFO - Running <TaskInstance: dag_with_taskflow_api.get_age scheduled__2024-11-27T00:00:00+00:00 [running]> on host a998b5b3d359
[2024-12-20T10:29:40.548+0000] {taskinstance.py:3132} INFO - Exporting env vars: AIRFLOW_CTX_DAG_OWNER='mateo' AIRFLOW_CTX_DAG_ID='dag_with_taskflow_api' AIRFLOW_CTX_TASK_ID='get_age' AIRFLOW_CTX_EXECUTION_DATE='2024-11-27T00:00:00+00:00' AIRFLOW_CTX_TRY_NUMBER='1' AIRFLOW_CTX_DAG_RUN_ID='scheduled__2024-11-27T00:00:00+00:00'
[2024-12-20T10:29:40.551+0000] {taskinstance.py:731} INFO - ::endgroup::
[2024-12-20T10:29:40.557+0000] {python.py:240} INFO - Done. Returned value was: 19
[2024-12-20T10:29:40.610+0000] {taskinstance.py:340} INFO - ::group::Post task execution logs
[2024-12-20T10:29:40.612+0000] {taskinstance.py:352} INFO - Marking task as SUCCESS. dag_id=dag_with_taskflow_api, task_id=get_age, run_id=scheduled__2024-11-27T00:00:00+00:00, execution_date=20241127T000000, start_date=20241220T102940, end_date=20241220T102940
[2024-12-20T10:29:40.682+0000] {local_task_job_runner.py:266} INFO - Task exited with return code 0
[2024-12-20T10:29:40.706+0000] {taskinstance.py:3895} INFO - 0 downstream tasks scheduled from follow-on schedule check
[2024-12-20T10:29:40.714+0000] {local_task_job_runner.py:245} INFO - ::endgroup::
