[2024-12-19T13:51:16.897+0000] {local_task_job_runner.py:123} INFO - ::group::Pre task execution logs
[2024-12-19T13:51:16.984+0000] {taskinstance.py:2613} INFO - Dependencies all met for dep_context=non-requeueable deps ti=<TaskInstance: dag_with_taskflow_api.get_name scheduled__2024-09-21T00:00:00+00:00 [queued]>
[2024-12-19T13:51:17.018+0000] {taskinstance.py:2613} INFO - Dependencies all met for dep_context=requeueable deps ti=<TaskInstance: dag_with_taskflow_api.get_name scheduled__2024-09-21T00:00:00+00:00 [queued]>
[2024-12-19T13:51:17.020+0000] {taskinstance.py:2866} INFO - Starting attempt 1 of 6
[2024-12-19T13:51:17.063+0000] {taskinstance.py:2889} INFO - Executing <Task(_PythonDecoratedOperator): get_name> on 2024-09-21 00:00:00+00:00
[2024-12-19T13:51:17.078+0000] {standard_task_runner.py:104} INFO - Running: ['***', 'tasks', 'run', 'dag_with_taskflow_api', 'get_name', 'scheduled__2024-09-21T00:00:00+00:00', '--job-id', '4333', '--raw', '--subdir', 'DAGS_FOLDER/dag_with_taskflow_api.py', '--cfg-path', '/tmp/tmp7j1k3deg']
[2024-12-19T13:51:17.077+0000] {logging_mixin.py:190} WARNING - /home/***/.local/lib/python3.12/site-packages/***/task/task_runner/standard_task_runner.py:70 DeprecationWarning: This process (pid=16021) is multi-threaded, use of fork() may lead to deadlocks in the child.
[2024-12-19T13:51:17.092+0000] {standard_task_runner.py:72} INFO - Started process 16039 to run task
[2024-12-19T13:51:17.091+0000] {standard_task_runner.py:105} INFO - Job 4333: Subtask get_name
[2024-12-19T13:51:17.226+0000] {task_command.py:467} INFO - Running <TaskInstance: dag_with_taskflow_api.get_name scheduled__2024-09-21T00:00:00+00:00 [running]> on host 02d979add40a
[2024-12-19T13:51:17.525+0000] {taskinstance.py:3132} INFO - Exporting env vars: AIRFLOW_CTX_DAG_OWNER='mateo' AIRFLOW_CTX_DAG_ID='dag_with_taskflow_api' AIRFLOW_CTX_TASK_ID='get_name' AIRFLOW_CTX_EXECUTION_DATE='2024-09-21T00:00:00+00:00' AIRFLOW_CTX_TRY_NUMBER='1' AIRFLOW_CTX_DAG_RUN_ID='scheduled__2024-09-21T00:00:00+00:00'
[2024-12-19T13:51:17.529+0000] {taskinstance.py:731} INFO - ::endgroup::
[2024-12-19T13:51:17.534+0000] {python.py:240} INFO - Done. Returned value was: Jerry
[2024-12-19T13:51:17.579+0000] {taskinstance.py:340} INFO - ::group::Post task execution logs
[2024-12-19T13:51:17.581+0000] {taskinstance.py:352} INFO - Marking task as SUCCESS. dag_id=dag_with_taskflow_api, task_id=get_name, run_id=scheduled__2024-09-21T00:00:00+00:00, execution_date=20240921T000000, start_date=20241219T135116, end_date=20241219T135117
[2024-12-19T13:51:17.688+0000] {local_task_job_runner.py:266} INFO - Task exited with return code 0
[2024-12-19T13:51:17.728+0000] {local_task_job_runner.py:245} INFO - ::endgroup::
[2024-12-20T10:28:52.951+0000] {local_task_job_runner.py:123} INFO - ::group::Pre task execution logs
[2024-12-20T10:28:52.973+0000] {taskinstance.py:2613} INFO - Dependencies all met for dep_context=non-requeueable deps ti=<TaskInstance: dag_with_taskflow_api.get_name scheduled__2024-09-21T00:00:00+00:00 [queued]>
[2024-12-20T10:28:52.984+0000] {taskinstance.py:2613} INFO - Dependencies all met for dep_context=requeueable deps ti=<TaskInstance: dag_with_taskflow_api.get_name scheduled__2024-09-21T00:00:00+00:00 [queued]>
[2024-12-20T10:28:52.986+0000] {taskinstance.py:2866} INFO - Starting attempt 1 of 6
[2024-12-20T10:28:53.150+0000] {taskinstance.py:2889} INFO - Executing <Task(_PythonDecoratedOperator): get_name> on 2024-09-21 00:00:00+00:00
[2024-12-20T10:28:53.166+0000] {logging_mixin.py:190} WARNING - /home/***/.local/lib/python3.12/site-packages/***/task/task_runner/standard_task_runner.py:70 DeprecationWarning: This process (pid=12650) is multi-threaded, use of fork() may lead to deadlocks in the child.
[2024-12-20T10:28:53.169+0000] {standard_task_runner.py:72} INFO - Started process 12654 to run task
[2024-12-20T10:28:53.167+0000] {standard_task_runner.py:104} INFO - Running: ['***', 'tasks', 'run', 'dag_with_taskflow_api', 'get_name', 'scheduled__2024-09-21T00:00:00+00:00', '--job-id', '4652', '--raw', '--subdir', 'DAGS_FOLDER/dag_with_taskflow_api.py', '--cfg-path', '/tmp/tmpayhtmdl6']
[2024-12-20T10:28:53.173+0000] {standard_task_runner.py:105} INFO - Job 4652: Subtask get_name
[2024-12-20T10:28:53.263+0000] {task_command.py:467} INFO - Running <TaskInstance: dag_with_taskflow_api.get_name scheduled__2024-09-21T00:00:00+00:00 [running]> on host a998b5b3d359
[2024-12-20T10:28:53.423+0000] {taskinstance.py:3132} INFO - Exporting env vars: AIRFLOW_CTX_DAG_OWNER='mateo' AIRFLOW_CTX_DAG_ID='dag_with_taskflow_api' AIRFLOW_CTX_TASK_ID='get_name' AIRFLOW_CTX_EXECUTION_DATE='2024-09-21T00:00:00+00:00' AIRFLOW_CTX_TRY_NUMBER='1' AIRFLOW_CTX_DAG_RUN_ID='scheduled__2024-09-21T00:00:00+00:00'
[2024-12-20T10:28:53.431+0000] {taskinstance.py:731} INFO - ::endgroup::
[2024-12-20T10:28:53.438+0000] {python.py:240} INFO - Done. Returned value was: Jerry
[2024-12-20T10:28:53.487+0000] {taskinstance.py:340} INFO - ::group::Post task execution logs
[2024-12-20T10:28:53.491+0000] {taskinstance.py:352} INFO - Marking task as SUCCESS. dag_id=dag_with_taskflow_api, task_id=get_name, run_id=scheduled__2024-09-21T00:00:00+00:00, execution_date=20240921T000000, start_date=20241220T102852, end_date=20241220T102853
[2024-12-20T10:28:53.551+0000] {local_task_job_runner.py:266} INFO - Task exited with return code 0
[2024-12-20T10:28:53.594+0000] {taskinstance.py:3895} INFO - 1 downstream tasks scheduled from follow-on schedule check
[2024-12-20T10:28:53.604+0000] {local_task_job_runner.py:245} INFO - ::endgroup::
