[2024-12-19T13:51:26.698+0000] {local_task_job_runner.py:123} INFO - ::group::Pre task execution logs
[2024-12-19T13:51:26.758+0000] {taskinstance.py:2613} INFO - Dependencies all met for dep_context=non-requeueable deps ti=<TaskInstance: dag_with_taskflow_api.greet scheduled__2024-09-30T00:00:00+00:00 [queued]>
[2024-12-19T13:51:26.784+0000] {taskinstance.py:2613} INFO - Dependencies all met for dep_context=requeueable deps ti=<TaskInstance: dag_with_taskflow_api.greet scheduled__2024-09-30T00:00:00+00:00 [queued]>
[2024-12-19T13:51:26.788+0000] {taskinstance.py:2866} INFO - Starting attempt 1 of 6
[2024-12-19T13:51:26.907+0000] {taskinstance.py:2889} INFO - Executing <Task(_PythonDecoratedOperator): greet> on 2024-09-30 00:00:00+00:00
[2024-12-19T13:51:26.928+0000] {logging_mixin.py:190} WARNING - /home/***/.local/lib/python3.12/site-packages/***/task/task_runner/standard_task_runner.py:70 DeprecationWarning: This process (pid=16158) is multi-threaded, use of fork() may lead to deadlocks in the child.
[2024-12-19T13:51:26.930+0000] {standard_task_runner.py:72} INFO - Started process 16169 to run task
[2024-12-19T13:51:26.955+0000] {standard_task_runner.py:104} INFO - Running: ['***', 'tasks', 'run', 'dag_with_taskflow_api', 'greet', 'scheduled__2024-09-30T00:00:00+00:00', '--job-id', '4375', '--raw', '--subdir', 'DAGS_FOLDER/dag_with_taskflow_api.py', '--cfg-path', '/tmp/tmp8_upr2va']
[2024-12-19T13:51:26.963+0000] {standard_task_runner.py:105} INFO - Job 4375: Subtask greet
[2024-12-19T13:51:27.091+0000] {task_command.py:467} INFO - Running <TaskInstance: dag_with_taskflow_api.greet scheduled__2024-09-30T00:00:00+00:00 [running]> on host 02d979add40a
[2024-12-19T13:51:27.375+0000] {taskinstance.py:3132} INFO - Exporting env vars: AIRFLOW_CTX_DAG_OWNER='mateo' AIRFLOW_CTX_DAG_ID='dag_with_taskflow_api' AIRFLOW_CTX_TASK_ID='greet' AIRFLOW_CTX_EXECUTION_DATE='2024-09-30T00:00:00+00:00' AIRFLOW_CTX_TRY_NUMBER='1' AIRFLOW_CTX_DAG_RUN_ID='scheduled__2024-09-30T00:00:00+00:00'
[2024-12-19T13:51:27.376+0000] {taskinstance.py:731} INFO - ::endgroup::
[2024-12-19T13:51:27.380+0000] {logging_mixin.py:190} INFO - My name is Jerry. I am 19 years old.
[2024-12-19T13:51:27.383+0000] {python.py:240} INFO - Done. Returned value was: None
[2024-12-19T13:51:27.408+0000] {taskinstance.py:340} INFO - ::group::Post task execution logs
[2024-12-19T13:51:27.409+0000] {taskinstance.py:352} INFO - Marking task as SUCCESS. dag_id=dag_with_taskflow_api, task_id=greet, run_id=scheduled__2024-09-30T00:00:00+00:00, execution_date=20240930T000000, start_date=20241219T135126, end_date=20241219T135127
[2024-12-19T13:51:27.489+0000] {local_task_job_runner.py:266} INFO - Task exited with return code 0
[2024-12-19T13:51:27.514+0000] {taskinstance.py:3895} INFO - 0 downstream tasks scheduled from follow-on schedule check
[2024-12-19T13:51:27.517+0000] {local_task_job_runner.py:245} INFO - ::endgroup::
[2024-12-20T10:29:00.431+0000] {local_task_job_runner.py:123} INFO - ::group::Pre task execution logs
[2024-12-20T10:29:00.481+0000] {taskinstance.py:2613} INFO - Dependencies all met for dep_context=non-requeueable deps ti=<TaskInstance: dag_with_taskflow_api.greet scheduled__2024-09-30T00:00:00+00:00 [queued]>
[2024-12-20T10:29:00.503+0000] {taskinstance.py:2613} INFO - Dependencies all met for dep_context=requeueable deps ti=<TaskInstance: dag_with_taskflow_api.greet scheduled__2024-09-30T00:00:00+00:00 [queued]>
[2024-12-20T10:29:00.506+0000] {taskinstance.py:2866} INFO - Starting attempt 1 of 6
[2024-12-20T10:29:00.551+0000] {taskinstance.py:2889} INFO - Executing <Task(_PythonDecoratedOperator): greet> on 2024-09-30 00:00:00+00:00
[2024-12-20T10:29:00.569+0000] {logging_mixin.py:190} WARNING - /home/***/.local/lib/python3.12/site-packages/***/task/task_runner/standard_task_runner.py:70 DeprecationWarning: This process (pid=12744) is multi-threaded, use of fork() may lead to deadlocks in the child.
[2024-12-20T10:29:00.580+0000] {standard_task_runner.py:104} INFO - Running: ['***', 'tasks', 'run', 'dag_with_taskflow_api', 'greet', 'scheduled__2024-09-30T00:00:00+00:00', '--job-id', '4684', '--raw', '--subdir', 'DAGS_FOLDER/dag_with_taskflow_api.py', '--cfg-path', '/tmp/tmpnm4e_gqt']
[2024-12-20T10:29:00.602+0000] {standard_task_runner.py:105} INFO - Job 4684: Subtask greet
[2024-12-20T10:29:00.600+0000] {standard_task_runner.py:72} INFO - Started process 12754 to run task
[2024-12-20T10:29:00.780+0000] {task_command.py:467} INFO - Running <TaskInstance: dag_with_taskflow_api.greet scheduled__2024-09-30T00:00:00+00:00 [running]> on host a998b5b3d359
[2024-12-20T10:29:01.042+0000] {taskinstance.py:3132} INFO - Exporting env vars: AIRFLOW_CTX_DAG_OWNER='mateo' AIRFLOW_CTX_DAG_ID='dag_with_taskflow_api' AIRFLOW_CTX_TASK_ID='greet' AIRFLOW_CTX_EXECUTION_DATE='2024-09-30T00:00:00+00:00' AIRFLOW_CTX_TRY_NUMBER='1' AIRFLOW_CTX_DAG_RUN_ID='scheduled__2024-09-30T00:00:00+00:00'
[2024-12-20T10:29:01.045+0000] {taskinstance.py:731} INFO - ::endgroup::
[2024-12-20T10:29:01.054+0000] {logging_mixin.py:190} INFO - My name is Jerry. I am 19 years old.
[2024-12-20T10:29:01.055+0000] {python.py:240} INFO - Done. Returned value was: None
[2024-12-20T10:29:01.072+0000] {taskinstance.py:340} INFO - ::group::Post task execution logs
[2024-12-20T10:29:01.080+0000] {taskinstance.py:352} INFO - Marking task as SUCCESS. dag_id=dag_with_taskflow_api, task_id=greet, run_id=scheduled__2024-09-30T00:00:00+00:00, execution_date=20240930T000000, start_date=20241220T102900, end_date=20241220T102901
[2024-12-20T10:29:01.369+0000] {local_task_job_runner.py:266} INFO - Task exited with return code 0
[2024-12-20T10:29:01.396+0000] {taskinstance.py:3895} INFO - 0 downstream tasks scheduled from follow-on schedule check
[2024-12-20T10:29:01.401+0000] {local_task_job_runner.py:245} INFO - ::endgroup::
