[2024-12-19T13:52:08.016+0000] {local_task_job_runner.py:123} INFO - ::group::Pre task execution logs
[2024-12-19T13:52:08.086+0000] {taskinstance.py:2613} INFO - Dependencies all met for dep_context=non-requeueable deps ti=<TaskInstance: dag_with_taskflow_api.get_name scheduled__2024-11-27T00:00:00+00:00 [queued]>
[2024-12-19T13:52:08.113+0000] {taskinstance.py:2613} INFO - Dependencies all met for dep_context=requeueable deps ti=<TaskInstance: dag_with_taskflow_api.get_name scheduled__2024-11-27T00:00:00+00:00 [queued]>
[2024-12-19T13:52:08.114+0000] {taskinstance.py:2866} INFO - Starting attempt 1 of 6
[2024-12-19T13:52:08.241+0000] {taskinstance.py:2889} INFO - Executing <Task(_PythonDecoratedOperator): get_name> on 2024-11-27 00:00:00+00:00
[2024-12-19T13:52:08.287+0000] {standard_task_runner.py:104} INFO - Running: ['***', 'tasks', 'run', 'dag_with_taskflow_api', 'get_name', 'scheduled__2024-11-27T00:00:00+00:00', '--job-id', '4532', '--raw', '--subdir', 'DAGS_FOLDER/dag_with_taskflow_api.py', '--cfg-path', '/tmp/tmp9t4ptotg']
[2024-12-19T13:52:08.297+0000] {standard_task_runner.py:105} INFO - Job 4532: Subtask get_name
[2024-12-19T13:52:08.299+0000] {logging_mixin.py:190} WARNING - /home/***/.local/lib/python3.12/site-packages/***/task/task_runner/standard_task_runner.py:70 DeprecationWarning: This process (pid=16652) is multi-threaded, use of fork() may lead to deadlocks in the child.
[2024-12-19T13:52:08.308+0000] {standard_task_runner.py:72} INFO - Started process 16666 to run task
[2024-12-19T13:52:08.532+0000] {task_command.py:467} INFO - Running <TaskInstance: dag_with_taskflow_api.get_name scheduled__2024-11-27T00:00:00+00:00 [running]> on host 02d979add40a
[2024-12-19T13:52:08.778+0000] {taskinstance.py:3132} INFO - Exporting env vars: AIRFLOW_CTX_DAG_OWNER='mateo' AIRFLOW_CTX_DAG_ID='dag_with_taskflow_api' AIRFLOW_CTX_TASK_ID='get_name' AIRFLOW_CTX_EXECUTION_DATE='2024-11-27T00:00:00+00:00' AIRFLOW_CTX_TRY_NUMBER='1' AIRFLOW_CTX_DAG_RUN_ID='scheduled__2024-11-27T00:00:00+00:00'
[2024-12-19T13:52:08.780+0000] {taskinstance.py:731} INFO - ::endgroup::
[2024-12-19T13:52:08.789+0000] {python.py:240} INFO - Done. Returned value was: Jerry
[2024-12-19T13:52:08.936+0000] {taskinstance.py:340} INFO - ::group::Post task execution logs
[2024-12-19T13:52:08.938+0000] {taskinstance.py:352} INFO - Marking task as SUCCESS. dag_id=dag_with_taskflow_api, task_id=get_name, run_id=scheduled__2024-11-27T00:00:00+00:00, execution_date=20241127T000000, start_date=20241219T135208, end_date=20241219T135208
[2024-12-19T13:52:09.034+0000] {local_task_job_runner.py:266} INFO - Task exited with return code 0
[2024-12-19T13:52:09.052+0000] {local_task_job_runner.py:245} INFO - ::endgroup::
[2024-12-20T10:29:40.090+0000] {local_task_job_runner.py:123} INFO - ::group::Pre task execution logs
[2024-12-20T10:29:40.122+0000] {taskinstance.py:2613} INFO - Dependencies all met for dep_context=non-requeueable deps ti=<TaskInstance: dag_with_taskflow_api.get_name scheduled__2024-11-27T00:00:00+00:00 [queued]>
[2024-12-20T10:29:40.135+0000] {taskinstance.py:2613} INFO - Dependencies all met for dep_context=requeueable deps ti=<TaskInstance: dag_with_taskflow_api.get_name scheduled__2024-11-27T00:00:00+00:00 [queued]>
[2024-12-20T10:29:40.139+0000] {taskinstance.py:2866} INFO - Starting attempt 1 of 6
[2024-12-20T10:29:40.167+0000] {taskinstance.py:2889} INFO - Executing <Task(_PythonDecoratedOperator): get_name> on 2024-11-27 00:00:00+00:00
[2024-12-20T10:29:40.185+0000] {logging_mixin.py:190} WARNING - /home/***/.local/lib/python3.12/site-packages/***/task/task_runner/standard_task_runner.py:70 DeprecationWarning: This process (pid=13276) is multi-threaded, use of fork() may lead to deadlocks in the child.
[2024-12-20T10:29:40.190+0000] {standard_task_runner.py:72} INFO - Started process 13286 to run task
[2024-12-20T10:29:40.194+0000] {standard_task_runner.py:104} INFO - Running: ['***', 'tasks', 'run', 'dag_with_taskflow_api', 'get_name', 'scheduled__2024-11-27T00:00:00+00:00', '--job-id', '4849', '--raw', '--subdir', 'DAGS_FOLDER/dag_with_taskflow_api.py', '--cfg-path', '/tmp/tmp4qaxutwj']
[2024-12-20T10:29:40.206+0000] {standard_task_runner.py:105} INFO - Job 4849: Subtask get_name
[2024-12-20T10:29:40.325+0000] {task_command.py:467} INFO - Running <TaskInstance: dag_with_taskflow_api.get_name scheduled__2024-11-27T00:00:00+00:00 [running]> on host a998b5b3d359
[2024-12-20T10:29:40.479+0000] {taskinstance.py:3132} INFO - Exporting env vars: AIRFLOW_CTX_DAG_OWNER='mateo' AIRFLOW_CTX_DAG_ID='dag_with_taskflow_api' AIRFLOW_CTX_TASK_ID='get_name' AIRFLOW_CTX_EXECUTION_DATE='2024-11-27T00:00:00+00:00' AIRFLOW_CTX_TRY_NUMBER='1' AIRFLOW_CTX_DAG_RUN_ID='scheduled__2024-11-27T00:00:00+00:00'
[2024-12-20T10:29:40.494+0000] {taskinstance.py:731} INFO - ::endgroup::
[2024-12-20T10:29:40.501+0000] {python.py:240} INFO - Done. Returned value was: Jerry
[2024-12-20T10:29:40.542+0000] {taskinstance.py:340} INFO - ::group::Post task execution logs
[2024-12-20T10:29:40.543+0000] {taskinstance.py:352} INFO - Marking task as SUCCESS. dag_id=dag_with_taskflow_api, task_id=get_name, run_id=scheduled__2024-11-27T00:00:00+00:00, execution_date=20241127T000000, start_date=20241220T102940, end_date=20241220T102940
[2024-12-20T10:29:40.626+0000] {local_task_job_runner.py:266} INFO - Task exited with return code 0
[2024-12-20T10:29:40.661+0000] {taskinstance.py:3895} INFO - 1 downstream tasks scheduled from follow-on schedule check
[2024-12-20T10:29:40.664+0000] {local_task_job_runner.py:245} INFO - ::endgroup::
