[2024-12-19T08:47:22.833+0000] {local_task_job_runner.py:123} INFO - ::group::Pre task execution logs
[2024-12-19T08:47:22.862+0000] {taskinstance.py:2613} INFO - Dependencies all met for dep_context=non-requeueable deps ti=<TaskInstance: our_first_dag.first_task scheduled__2021-10-21T00:00:00+00:00 [queued]>
[2024-12-19T08:47:22.872+0000] {taskinstance.py:2613} INFO - Dependencies all met for dep_context=requeueable deps ti=<TaskInstance: our_first_dag.first_task scheduled__2021-10-21T00:00:00+00:00 [queued]>
[2024-12-19T08:47:22.879+0000] {taskinstance.py:2866} INFO - Starting attempt 1 of 6
[2024-12-19T08:47:22.929+0000] {taskinstance.py:2889} INFO - Executing <Task(BashOperator): first_task> on 2021-10-21 00:00:00+00:00
[2024-12-19T08:47:22.940+0000] {standard_task_runner.py:104} INFO - Running: ['***', 'tasks', 'run', 'our_first_dag', 'first_task', 'scheduled__2021-10-21T00:00:00+00:00', '--job-id', '86', '--raw', '--subdir', 'DAGS_FOLDER/our_first_dag.py', '--cfg-path', '/tmp/tmppwac_obj']
[2024-12-19T08:47:22.943+0000] {standard_task_runner.py:105} INFO - Job 86: Subtask first_task
[2024-12-19T08:47:22.939+0000] {logging_mixin.py:190} WARNING - /home/***/.local/lib/python3.12/site-packages/***/task/task_runner/standard_task_runner.py:70 DeprecationWarning: This process (pid=808) is multi-threaded, use of fork() may lead to deadlocks in the child.
[2024-12-19T08:47:22.946+0000] {standard_task_runner.py:72} INFO - Started process 818 to run task
[2024-12-19T08:47:23.061+0000] {task_command.py:467} INFO - Running <TaskInstance: our_first_dag.first_task scheduled__2021-10-21T00:00:00+00:00 [running]> on host 8d142e9c83a7
[2024-12-19T08:47:23.199+0000] {taskinstance.py:3132} INFO - Exporting env vars: AIRFLOW_CTX_DAG_OWNER='mateo' AIRFLOW_CTX_DAG_ID='our_first_dag' AIRFLOW_CTX_TASK_ID='first_task' AIRFLOW_CTX_EXECUTION_DATE='2021-10-21T00:00:00+00:00' AIRFLOW_CTX_TRY_NUMBER='1' AIRFLOW_CTX_DAG_RUN_ID='scheduled__2021-10-21T00:00:00+00:00'
[2024-12-19T08:47:23.202+0000] {taskinstance.py:731} INFO - ::endgroup::
[2024-12-19T08:47:23.229+0000] {subprocess.py:78} INFO - Tmp dir root location: /tmp
[2024-12-19T08:47:23.231+0000] {subprocess.py:88} INFO - Running command: ['/usr/bin/bash', '-c', 'echo hello world, this is the first task']
[2024-12-19T08:47:23.250+0000] {subprocess.py:99} INFO - Output:
[2024-12-19T08:47:23.253+0000] {subprocess.py:106} INFO - hello world, this is the first task
[2024-12-19T08:47:23.254+0000] {subprocess.py:110} INFO - Command exited with return code 0
[2024-12-19T08:47:23.285+0000] {taskinstance.py:340} INFO - ::group::Post task execution logs
[2024-12-19T08:47:23.286+0000] {taskinstance.py:352} INFO - Marking task as SUCCESS. dag_id=our_first_dag, task_id=first_task, run_id=scheduled__2021-10-21T00:00:00+00:00, execution_date=20211021T000000, start_date=20241219T084722, end_date=20241219T084723
[2024-12-19T08:47:23.344+0000] {local_task_job_runner.py:266} INFO - Task exited with return code 0
[2024-12-19T08:47:23.360+0000] {taskinstance.py:3895} INFO - 0 downstream tasks scheduled from follow-on schedule check
[2024-12-19T08:47:23.362+0000] {local_task_job_runner.py:245} INFO - ::endgroup::
