[2024-12-19T13:52:21.647+0000] {local_task_job_runner.py:123} INFO - ::group::Pre task execution logs
[2024-12-19T13:52:21.727+0000] {taskinstance.py:2613} INFO - Dependencies all met for dep_context=non-requeueable deps ti=<TaskInstance: dag_with_taskflow_api.get_name scheduled__2024-12-13T00:00:00+00:00 [queued]>
[2024-12-19T13:52:21.763+0000] {taskinstance.py:2613} INFO - Dependencies all met for dep_context=requeueable deps ti=<TaskInstance: dag_with_taskflow_api.get_name scheduled__2024-12-13T00:00:00+00:00 [queued]>
[2024-12-19T13:52:21.764+0000] {taskinstance.py:2866} INFO - Starting attempt 1 of 6
[2024-12-19T13:52:21.876+0000] {taskinstance.py:2889} INFO - Executing <Task(_PythonDecoratedOperator): get_name> on 2024-12-13 00:00:00+00:00
[2024-12-19T13:52:21.907+0000] {standard_task_runner.py:104} INFO - Running: ['***', 'tasks', 'run', 'dag_with_taskflow_api', 'get_name', 'scheduled__2024-12-13T00:00:00+00:00', '--job-id', '4583', '--raw', '--subdir', 'DAGS_FOLDER/dag_with_taskflow_api.py', '--cfg-path', '/tmp/tmpnyafo8z1']
[2024-12-19T13:52:21.915+0000] {standard_task_runner.py:105} INFO - Job 4583: Subtask get_name
[2024-12-19T13:52:21.915+0000] {logging_mixin.py:190} WARNING - /home/***/.local/lib/python3.12/site-packages/***/task/task_runner/standard_task_runner.py:70 DeprecationWarning: This process (pid=16826) is multi-threaded, use of fork() may lead to deadlocks in the child.
[2024-12-19T13:52:21.923+0000] {standard_task_runner.py:72} INFO - Started process 16840 to run task
[2024-12-19T13:52:22.055+0000] {task_command.py:467} INFO - Running <TaskInstance: dag_with_taskflow_api.get_name scheduled__2024-12-13T00:00:00+00:00 [running]> on host 02d979add40a
[2024-12-19T13:52:22.474+0000] {taskinstance.py:3132} INFO - Exporting env vars: AIRFLOW_CTX_DAG_OWNER='mateo' AIRFLOW_CTX_DAG_ID='dag_with_taskflow_api' AIRFLOW_CTX_TASK_ID='get_name' AIRFLOW_CTX_EXECUTION_DATE='2024-12-13T00:00:00+00:00' AIRFLOW_CTX_TRY_NUMBER='1' AIRFLOW_CTX_DAG_RUN_ID='scheduled__2024-12-13T00:00:00+00:00'
[2024-12-19T13:52:22.479+0000] {taskinstance.py:731} INFO - ::endgroup::
[2024-12-19T13:52:22.483+0000] {python.py:240} INFO - Done. Returned value was: Jerry
[2024-12-19T13:52:22.553+0000] {taskinstance.py:340} INFO - ::group::Post task execution logs
[2024-12-19T13:52:22.555+0000] {taskinstance.py:352} INFO - Marking task as SUCCESS. dag_id=dag_with_taskflow_api, task_id=get_name, run_id=scheduled__2024-12-13T00:00:00+00:00, execution_date=20241213T000000, start_date=20241219T135221, end_date=20241219T135222
[2024-12-19T13:52:22.765+0000] {local_task_job_runner.py:266} INFO - Task exited with return code 0
[2024-12-19T13:52:22.840+0000] {taskinstance.py:3895} INFO - 1 downstream tasks scheduled from follow-on schedule check
[2024-12-19T13:52:22.849+0000] {local_task_job_runner.py:245} INFO - ::endgroup::
[2024-12-20T10:29:54.011+0000] {local_task_job_runner.py:123} INFO - ::group::Pre task execution logs
[2024-12-20T10:29:54.035+0000] {taskinstance.py:2613} INFO - Dependencies all met for dep_context=non-requeueable deps ti=<TaskInstance: dag_with_taskflow_api.get_name scheduled__2024-12-13T00:00:00+00:00 [queued]>
[2024-12-20T10:29:54.048+0000] {taskinstance.py:2613} INFO - Dependencies all met for dep_context=requeueable deps ti=<TaskInstance: dag_with_taskflow_api.get_name scheduled__2024-12-13T00:00:00+00:00 [queued]>
[2024-12-20T10:29:54.050+0000] {taskinstance.py:2866} INFO - Starting attempt 1 of 6
[2024-12-20T10:29:54.104+0000] {taskinstance.py:2889} INFO - Executing <Task(_PythonDecoratedOperator): get_name> on 2024-12-13 00:00:00+00:00
[2024-12-20T10:29:54.122+0000] {logging_mixin.py:190} WARNING - /home/***/.local/lib/python3.12/site-packages/***/task/task_runner/standard_task_runner.py:70 DeprecationWarning: This process (pid=13458) is multi-threaded, use of fork() may lead to deadlocks in the child.
[2024-12-20T10:29:54.125+0000] {standard_task_runner.py:72} INFO - Started process 13467 to run task
[2024-12-20T10:29:54.136+0000] {standard_task_runner.py:104} INFO - Running: ['***', 'tasks', 'run', 'dag_with_taskflow_api', 'get_name', 'scheduled__2024-12-13T00:00:00+00:00', '--job-id', '4898', '--raw', '--subdir', 'DAGS_FOLDER/dag_with_taskflow_api.py', '--cfg-path', '/tmp/tmp0xecnkk4']
[2024-12-20T10:29:54.141+0000] {standard_task_runner.py:105} INFO - Job 4898: Subtask get_name
[2024-12-20T10:29:54.247+0000] {task_command.py:467} INFO - Running <TaskInstance: dag_with_taskflow_api.get_name scheduled__2024-12-13T00:00:00+00:00 [running]> on host a998b5b3d359
[2024-12-20T10:29:54.387+0000] {taskinstance.py:3132} INFO - Exporting env vars: AIRFLOW_CTX_DAG_OWNER='mateo' AIRFLOW_CTX_DAG_ID='dag_with_taskflow_api' AIRFLOW_CTX_TASK_ID='get_name' AIRFLOW_CTX_EXECUTION_DATE='2024-12-13T00:00:00+00:00' AIRFLOW_CTX_TRY_NUMBER='1' AIRFLOW_CTX_DAG_RUN_ID='scheduled__2024-12-13T00:00:00+00:00'
[2024-12-20T10:29:54.390+0000] {taskinstance.py:731} INFO - ::endgroup::
[2024-12-20T10:29:54.397+0000] {python.py:240} INFO - Done. Returned value was: Jerry
[2024-12-20T10:29:54.449+0000] {taskinstance.py:340} INFO - ::group::Post task execution logs
[2024-12-20T10:29:54.451+0000] {taskinstance.py:352} INFO - Marking task as SUCCESS. dag_id=dag_with_taskflow_api, task_id=get_name, run_id=scheduled__2024-12-13T00:00:00+00:00, execution_date=20241213T000000, start_date=20241220T102954, end_date=20241220T102954
[2024-12-20T10:29:54.515+0000] {local_task_job_runner.py:266} INFO - Task exited with return code 0
[2024-12-20T10:29:54.537+0000] {local_task_job_runner.py:245} INFO - ::endgroup::
