[2024-12-19T13:52:21.367+0000] {local_task_job_runner.py:123} INFO - ::group::Pre task execution logs
[2024-12-19T13:52:21.391+0000] {taskinstance.py:2613} INFO - Dependencies all met for dep_context=non-requeueable deps ti=<TaskInstance: dag_with_taskflow_api.get_name scheduled__2024-12-12T00:00:00+00:00 [queued]>
[2024-12-19T13:52:21.416+0000] {taskinstance.py:2613} INFO - Dependencies all met for dep_context=requeueable deps ti=<TaskInstance: dag_with_taskflow_api.get_name scheduled__2024-12-12T00:00:00+00:00 [queued]>
[2024-12-19T13:52:21.419+0000] {taskinstance.py:2866} INFO - Starting attempt 1 of 6
[2024-12-19T13:52:21.504+0000] {taskinstance.py:2889} INFO - Executing <Task(_PythonDecoratedOperator): get_name> on 2024-12-12 00:00:00+00:00
[2024-12-19T13:52:21.529+0000] {standard_task_runner.py:104} INFO - Running: ['***', 'tasks', 'run', 'dag_with_taskflow_api', 'get_name', 'scheduled__2024-12-12T00:00:00+00:00', '--job-id', '4581', '--raw', '--subdir', 'DAGS_FOLDER/dag_with_taskflow_api.py', '--cfg-path', '/tmp/tmpmbgooubp']
[2024-12-19T13:52:21.534+0000] {standard_task_runner.py:105} INFO - Job 4581: Subtask get_name
[2024-12-19T13:52:21.524+0000] {logging_mixin.py:190} WARNING - /home/***/.local/lib/python3.12/site-packages/***/task/task_runner/standard_task_runner.py:70 DeprecationWarning: This process (pid=16824) is multi-threaded, use of fork() may lead to deadlocks in the child.
[2024-12-19T13:52:21.537+0000] {standard_task_runner.py:72} INFO - Started process 16834 to run task
[2024-12-19T13:52:21.680+0000] {task_command.py:467} INFO - Running <TaskInstance: dag_with_taskflow_api.get_name scheduled__2024-12-12T00:00:00+00:00 [running]> on host 02d979add40a
[2024-12-19T13:52:21.954+0000] {taskinstance.py:3132} INFO - Exporting env vars: AIRFLOW_CTX_DAG_OWNER='mateo' AIRFLOW_CTX_DAG_ID='dag_with_taskflow_api' AIRFLOW_CTX_TASK_ID='get_name' AIRFLOW_CTX_EXECUTION_DATE='2024-12-12T00:00:00+00:00' AIRFLOW_CTX_TRY_NUMBER='1' AIRFLOW_CTX_DAG_RUN_ID='scheduled__2024-12-12T00:00:00+00:00'
[2024-12-19T13:52:21.957+0000] {taskinstance.py:731} INFO - ::endgroup::
[2024-12-19T13:52:21.963+0000] {python.py:240} INFO - Done. Returned value was: Jerry
[2024-12-19T13:52:22.033+0000] {taskinstance.py:340} INFO - ::group::Post task execution logs
[2024-12-19T13:52:22.037+0000] {taskinstance.py:352} INFO - Marking task as SUCCESS. dag_id=dag_with_taskflow_api, task_id=get_name, run_id=scheduled__2024-12-12T00:00:00+00:00, execution_date=20241212T000000, start_date=20241219T135221, end_date=20241219T135222
[2024-12-19T13:52:22.185+0000] {local_task_job_runner.py:266} INFO - Task exited with return code 0
[2024-12-19T13:52:22.238+0000] {taskinstance.py:3895} INFO - 0 downstream tasks scheduled from follow-on schedule check
[2024-12-19T13:52:22.246+0000] {local_task_job_runner.py:245} INFO - ::endgroup::
[2024-12-20T10:29:53.486+0000] {local_task_job_runner.py:123} INFO - ::group::Pre task execution logs
[2024-12-20T10:29:53.545+0000] {taskinstance.py:2613} INFO - Dependencies all met for dep_context=non-requeueable deps ti=<TaskInstance: dag_with_taskflow_api.get_name scheduled__2024-12-12T00:00:00+00:00 [queued]>
[2024-12-20T10:29:53.568+0000] {taskinstance.py:2613} INFO - Dependencies all met for dep_context=requeueable deps ti=<TaskInstance: dag_with_taskflow_api.get_name scheduled__2024-12-12T00:00:00+00:00 [queued]>
[2024-12-20T10:29:53.570+0000] {taskinstance.py:2866} INFO - Starting attempt 1 of 6
[2024-12-20T10:29:53.595+0000] {taskinstance.py:2889} INFO - Executing <Task(_PythonDecoratedOperator): get_name> on 2024-12-12 00:00:00+00:00
[2024-12-20T10:29:53.615+0000] {logging_mixin.py:190} WARNING - /home/***/.local/lib/python3.12/site-packages/***/task/task_runner/standard_task_runner.py:70 DeprecationWarning: This process (pid=13448) is multi-threaded, use of fork() may lead to deadlocks in the child.
[2024-12-20T10:29:53.617+0000] {standard_task_runner.py:104} INFO - Running: ['***', 'tasks', 'run', 'dag_with_taskflow_api', 'get_name', 'scheduled__2024-12-12T00:00:00+00:00', '--job-id', '4895', '--raw', '--subdir', 'DAGS_FOLDER/dag_with_taskflow_api.py', '--cfg-path', '/tmp/tmp408cypf7']
[2024-12-20T10:29:53.622+0000] {standard_task_runner.py:105} INFO - Job 4895: Subtask get_name
[2024-12-20T10:29:53.619+0000] {standard_task_runner.py:72} INFO - Started process 13456 to run task
[2024-12-20T10:29:53.764+0000] {task_command.py:467} INFO - Running <TaskInstance: dag_with_taskflow_api.get_name scheduled__2024-12-12T00:00:00+00:00 [running]> on host a998b5b3d359
[2024-12-20T10:29:53.940+0000] {taskinstance.py:3132} INFO - Exporting env vars: AIRFLOW_CTX_DAG_OWNER='mateo' AIRFLOW_CTX_DAG_ID='dag_with_taskflow_api' AIRFLOW_CTX_TASK_ID='get_name' AIRFLOW_CTX_EXECUTION_DATE='2024-12-12T00:00:00+00:00' AIRFLOW_CTX_TRY_NUMBER='1' AIRFLOW_CTX_DAG_RUN_ID='scheduled__2024-12-12T00:00:00+00:00'
[2024-12-20T10:29:53.944+0000] {taskinstance.py:731} INFO - ::endgroup::
[2024-12-20T10:29:53.947+0000] {python.py:240} INFO - Done. Returned value was: Jerry
[2024-12-20T10:29:53.984+0000] {taskinstance.py:340} INFO - ::group::Post task execution logs
[2024-12-20T10:29:53.986+0000] {taskinstance.py:352} INFO - Marking task as SUCCESS. dag_id=dag_with_taskflow_api, task_id=get_name, run_id=scheduled__2024-12-12T00:00:00+00:00, execution_date=20241212T000000, start_date=20241220T102953, end_date=20241220T102953
[2024-12-20T10:29:54.017+0000] {local_task_job_runner.py:266} INFO - Task exited with return code 0
[2024-12-20T10:29:54.051+0000] {taskinstance.py:3895} INFO - 1 downstream tasks scheduled from follow-on schedule check
[2024-12-20T10:29:54.069+0000] {local_task_job_runner.py:245} INFO - ::endgroup::
