[2024-12-19T08:58:26.999+0000] {local_task_job_runner.py:123} INFO - ::group::Pre task execution logs
[2024-12-19T08:58:27.058+0000] {taskinstance.py:2613} INFO - Dependencies all met for dep_context=non-requeueable deps ti=<TaskInstance: our_first_dag_v2.third_task scheduled__2023-12-14T00:00:00+00:00 [queued]>
[2024-12-19T08:58:27.067+0000] {taskinstance.py:2613} INFO - Dependencies all met for dep_context=requeueable deps ti=<TaskInstance: our_first_dag_v2.third_task scheduled__2023-12-14T00:00:00+00:00 [queued]>
[2024-12-19T08:58:27.071+0000] {taskinstance.py:2866} INFO - Starting attempt 1 of 6
[2024-12-19T08:58:27.124+0000] {taskinstance.py:2889} INFO - Executing <Task(BashOperator): third_task> on 2023-12-14 00:00:00+00:00
[2024-12-19T08:58:27.152+0000] {logging_mixin.py:190} WARNING - /home/***/.local/lib/python3.12/site-packages/***/task/task_runner/standard_task_runner.py:70 DeprecationWarning: This process (pid=9808) is multi-threaded, use of fork() may lead to deadlocks in the child.
[2024-12-19T08:58:27.158+0000] {standard_task_runner.py:72} INFO - Started process 9835 to run task
[2024-12-19T08:58:27.168+0000] {standard_task_runner.py:104} INFO - Running: ['***', 'tasks', 'run', 'our_first_dag_v2', 'third_task', 'scheduled__2023-12-14T00:00:00+00:00', '--job-id', '2269', '--raw', '--subdir', 'DAGS_FOLDER/our_first_dag.py', '--cfg-path', '/tmp/tmp8qzuc1xv']
[2024-12-19T08:58:27.212+0000] {standard_task_runner.py:105} INFO - Job 2269: Subtask third_task
[2024-12-19T08:58:27.331+0000] {task_command.py:467} INFO - Running <TaskInstance: our_first_dag_v2.third_task scheduled__2023-12-14T00:00:00+00:00 [running]> on host 8d142e9c83a7
[2024-12-19T08:58:27.519+0000] {taskinstance.py:3132} INFO - Exporting env vars: AIRFLOW_CTX_DAG_OWNER='mateo' AIRFLOW_CTX_DAG_ID='our_first_dag_v2' AIRFLOW_CTX_TASK_ID='third_task' AIRFLOW_CTX_EXECUTION_DATE='2023-12-14T00:00:00+00:00' AIRFLOW_CTX_TRY_NUMBER='1' AIRFLOW_CTX_DAG_RUN_ID='scheduled__2023-12-14T00:00:00+00:00'
[2024-12-19T08:58:27.531+0000] {taskinstance.py:731} INFO - ::endgroup::
[2024-12-19T08:58:27.570+0000] {subprocess.py:78} INFO - Tmp dir root location: /tmp
[2024-12-19T08:58:27.573+0000] {subprocess.py:88} INFO - Running command: ['/usr/bin/bash', '-c', 'echo I am the third task and I will be executed at the same time as the second task.']
[2024-12-19T08:58:27.607+0000] {subprocess.py:99} INFO - Output:
[2024-12-19T08:58:27.615+0000] {subprocess.py:106} INFO - I am the third task and I will be executed at the same time as the second task.
[2024-12-19T08:58:27.619+0000] {subprocess.py:110} INFO - Command exited with return code 0
[2024-12-19T08:58:27.676+0000] {taskinstance.py:340} INFO - ::group::Post task execution logs
[2024-12-19T08:58:27.677+0000] {taskinstance.py:352} INFO - Marking task as SUCCESS. dag_id=our_first_dag_v2, task_id=third_task, run_id=scheduled__2023-12-14T00:00:00+00:00, execution_date=20231214T000000, start_date=20241219T085827, end_date=20241219T085827
[2024-12-19T08:58:27.730+0000] {local_task_job_runner.py:266} INFO - Task exited with return code 0
[2024-12-19T08:58:27.748+0000] {taskinstance.py:3895} INFO - 0 downstream tasks scheduled from follow-on schedule check
[2024-12-19T08:58:27.762+0000] {local_task_job_runner.py:245} INFO - ::endgroup::
