[2024-12-19T08:58:30.412+0000] {local_task_job_runner.py:123} INFO - ::group::Pre task execution logs
[2024-12-19T08:58:30.429+0000] {taskinstance.py:2613} INFO - Dependencies all met for dep_context=non-requeueable deps ti=<TaskInstance: our_first_dag_v2.first_task scheduled__2023-12-19T00:00:00+00:00 [queued]>
[2024-12-19T08:58:30.439+0000] {taskinstance.py:2613} INFO - Dependencies all met for dep_context=requeueable deps ti=<TaskInstance: our_first_dag_v2.first_task scheduled__2023-12-19T00:00:00+00:00 [queued]>
[2024-12-19T08:58:30.441+0000] {taskinstance.py:2866} INFO - Starting attempt 1 of 6
[2024-12-19T08:58:30.486+0000] {taskinstance.py:2889} INFO - Executing <Task(BashOperator): first_task> on 2023-12-19 00:00:00+00:00
[2024-12-19T08:58:30.497+0000] {logging_mixin.py:190} WARNING - /home/***/.local/lib/python3.12/site-packages/***/task/task_runner/standard_task_runner.py:70 DeprecationWarning: This process (pid=9867) is multi-threaded, use of fork() may lead to deadlocks in the child.
[2024-12-19T08:58:30.500+0000] {standard_task_runner.py:72} INFO - Started process 9872 to run task
[2024-12-19T08:58:30.502+0000] {standard_task_runner.py:104} INFO - Running: ['***', 'tasks', 'run', 'our_first_dag_v2', 'first_task', 'scheduled__2023-12-19T00:00:00+00:00', '--job-id', '2278', '--raw', '--subdir', 'DAGS_FOLDER/our_first_dag.py', '--cfg-path', '/tmp/tmp6rgvb1b8']
[2024-12-19T08:58:30.507+0000] {standard_task_runner.py:105} INFO - Job 2278: Subtask first_task
[2024-12-19T08:58:30.566+0000] {task_command.py:467} INFO - Running <TaskInstance: our_first_dag_v2.first_task scheduled__2023-12-19T00:00:00+00:00 [running]> on host 8d142e9c83a7
[2024-12-19T08:58:30.678+0000] {taskinstance.py:3132} INFO - Exporting env vars: AIRFLOW_CTX_DAG_OWNER='mateo' AIRFLOW_CTX_DAG_ID='our_first_dag_v2' AIRFLOW_CTX_TASK_ID='first_task' AIRFLOW_CTX_EXECUTION_DATE='2023-12-19T00:00:00+00:00' AIRFLOW_CTX_TRY_NUMBER='1' AIRFLOW_CTX_DAG_RUN_ID='scheduled__2023-12-19T00:00:00+00:00'
[2024-12-19T08:58:30.681+0000] {taskinstance.py:731} INFO - ::endgroup::
[2024-12-19T08:58:30.699+0000] {subprocess.py:78} INFO - Tmp dir root location: /tmp
[2024-12-19T08:58:30.701+0000] {subprocess.py:88} INFO - Running command: ['/usr/bin/bash', '-c', 'echo hello world, this is the first task']
[2024-12-19T08:58:30.717+0000] {subprocess.py:99} INFO - Output:
[2024-12-19T08:58:30.720+0000] {subprocess.py:106} INFO - hello world, this is the first task
[2024-12-19T08:58:30.723+0000] {subprocess.py:110} INFO - Command exited with return code 0
[2024-12-19T08:58:30.761+0000] {taskinstance.py:340} INFO - ::group::Post task execution logs
[2024-12-19T08:58:30.763+0000] {taskinstance.py:352} INFO - Marking task as SUCCESS. dag_id=our_first_dag_v2, task_id=first_task, run_id=scheduled__2023-12-19T00:00:00+00:00, execution_date=20231219T000000, start_date=20241219T085830, end_date=20241219T085830
[2024-12-19T08:58:30.800+0000] {local_task_job_runner.py:266} INFO - Task exited with return code 0
[2024-12-19T08:58:30.811+0000] {local_task_job_runner.py:245} INFO - ::endgroup::
