[2024-12-19T08:52:09.201+0000] {local_task_job_runner.py:123} INFO - ::group::Pre task execution logs
[2024-12-19T08:52:09.220+0000] {taskinstance.py:2613} INFO - Dependencies all met for dep_context=non-requeueable deps ti=<TaskInstance: our_first_dag_v2.second_task scheduled__2021-12-17T00:00:00+00:00 [queued]>
[2024-12-19T08:52:09.233+0000] {taskinstance.py:2613} INFO - Dependencies all met for dep_context=requeueable deps ti=<TaskInstance: our_first_dag_v2.second_task scheduled__2021-12-17T00:00:00+00:00 [queued]>
[2024-12-19T08:52:09.235+0000] {taskinstance.py:2866} INFO - Starting attempt 1 of 6
[2024-12-19T08:52:09.266+0000] {taskinstance.py:2889} INFO - Executing <Task(BashOperator): second_task> on 2021-12-17 00:00:00+00:00
[2024-12-19T08:52:09.285+0000] {standard_task_runner.py:104} INFO - Running: ['***', 'tasks', 'run', 'our_first_dag_v2', 'second_task', 'scheduled__2021-12-17T00:00:00+00:00', '--job-id', '646', '--raw', '--subdir', 'DAGS_FOLDER/our_first_dag.py', '--cfg-path', '/tmp/tmp5r9kj_mi']
[2024-12-19T08:52:09.292+0000] {logging_mixin.py:190} WARNING - /home/***/.local/lib/python3.12/site-packages/***/task/task_runner/standard_task_runner.py:70 DeprecationWarning: This process (pid=3193) is multi-threaded, use of fork() may lead to deadlocks in the child.
[2024-12-19T08:52:09.299+0000] {standard_task_runner.py:72} INFO - Started process 3203 to run task
[2024-12-19T08:52:09.298+0000] {standard_task_runner.py:105} INFO - Job 646: Subtask second_task
[2024-12-19T08:52:09.391+0000] {task_command.py:467} INFO - Running <TaskInstance: our_first_dag_v2.second_task scheduled__2021-12-17T00:00:00+00:00 [running]> on host 8d142e9c83a7
[2024-12-19T08:52:09.548+0000] {taskinstance.py:3132} INFO - Exporting env vars: AIRFLOW_CTX_DAG_OWNER='mateo' AIRFLOW_CTX_DAG_ID='our_first_dag_v2' AIRFLOW_CTX_TASK_ID='second_task' AIRFLOW_CTX_EXECUTION_DATE='2021-12-17T00:00:00+00:00' AIRFLOW_CTX_TRY_NUMBER='1' AIRFLOW_CTX_DAG_RUN_ID='scheduled__2021-12-17T00:00:00+00:00'
[2024-12-19T08:52:09.550+0000] {taskinstance.py:731} INFO - ::endgroup::
[2024-12-19T08:52:09.573+0000] {subprocess.py:78} INFO - Tmp dir root location: /tmp
[2024-12-19T08:52:09.575+0000] {subprocess.py:88} INFO - Running command: ['/usr/bin/bash', '-c', 'echo I am the second task and i will me executed after first task']
[2024-12-19T08:52:09.597+0000] {subprocess.py:99} INFO - Output:
[2024-12-19T08:52:09.599+0000] {subprocess.py:106} INFO - I am the second task and i will me executed after first task
[2024-12-19T08:52:09.600+0000] {subprocess.py:110} INFO - Command exited with return code 0
[2024-12-19T08:52:09.627+0000] {taskinstance.py:340} INFO - ::group::Post task execution logs
[2024-12-19T08:52:09.629+0000] {taskinstance.py:352} INFO - Marking task as SUCCESS. dag_id=our_first_dag_v2, task_id=second_task, run_id=scheduled__2021-12-17T00:00:00+00:00, execution_date=20211217T000000, start_date=20241219T085209, end_date=20241219T085209
[2024-12-19T08:52:09.677+0000] {local_task_job_runner.py:266} INFO - Task exited with return code 0
[2024-12-19T08:52:09.697+0000] {taskinstance.py:3895} INFO - 0 downstream tasks scheduled from follow-on schedule check
[2024-12-19T08:52:09.699+0000] {local_task_job_runner.py:245} INFO - ::endgroup::
