[2024-12-19T13:52:00.980+0000] {local_task_job_runner.py:123} INFO - ::group::Pre task execution logs
[2024-12-19T13:52:01.043+0000] {taskinstance.py:2613} INFO - Dependencies all met for dep_context=non-requeueable deps ti=<TaskInstance: dag_with_taskflow_api.greet scheduled__2024-11-10T00:00:00+00:00 [queued]>
[2024-12-19T13:52:01.067+0000] {taskinstance.py:2613} INFO - Dependencies all met for dep_context=requeueable deps ti=<TaskInstance: dag_with_taskflow_api.greet scheduled__2024-11-10T00:00:00+00:00 [queued]>
[2024-12-19T13:52:01.070+0000] {taskinstance.py:2866} INFO - Starting attempt 1 of 6
[2024-12-19T13:52:01.121+0000] {taskinstance.py:2889} INFO - Executing <Task(_PythonDecoratedOperator): greet> on 2024-11-10 00:00:00+00:00
[2024-12-19T13:52:01.142+0000] {logging_mixin.py:190} WARNING - /home/***/.local/lib/python3.12/site-packages/***/task/task_runner/standard_task_runner.py:70 DeprecationWarning: This process (pid=16563) is multi-threaded, use of fork() may lead to deadlocks in the child.
[2024-12-19T13:52:01.146+0000] {standard_task_runner.py:72} INFO - Started process 16575 to run task
[2024-12-19T13:52:01.184+0000] {standard_task_runner.py:104} INFO - Running: ['***', 'tasks', 'run', 'dag_with_taskflow_api', 'greet', 'scheduled__2024-11-10T00:00:00+00:00', '--job-id', '4502', '--raw', '--subdir', 'DAGS_FOLDER/dag_with_taskflow_api.py', '--cfg-path', '/tmp/tmpcbos3fhb']
[2024-12-19T13:52:01.207+0000] {standard_task_runner.py:105} INFO - Job 4502: Subtask greet
[2024-12-19T13:52:01.366+0000] {task_command.py:467} INFO - Running <TaskInstance: dag_with_taskflow_api.greet scheduled__2024-11-10T00:00:00+00:00 [running]> on host 02d979add40a
[2024-12-19T13:52:01.668+0000] {taskinstance.py:3132} INFO - Exporting env vars: AIRFLOW_CTX_DAG_OWNER='mateo' AIRFLOW_CTX_DAG_ID='dag_with_taskflow_api' AIRFLOW_CTX_TASK_ID='greet' AIRFLOW_CTX_EXECUTION_DATE='2024-11-10T00:00:00+00:00' AIRFLOW_CTX_TRY_NUMBER='1' AIRFLOW_CTX_DAG_RUN_ID='scheduled__2024-11-10T00:00:00+00:00'
[2024-12-19T13:52:01.670+0000] {taskinstance.py:731} INFO - ::endgroup::
[2024-12-19T13:52:01.674+0000] {logging_mixin.py:190} INFO - My name is Jerry. I am 19 years old.
[2024-12-19T13:52:01.675+0000] {python.py:240} INFO - Done. Returned value was: None
[2024-12-19T13:52:01.695+0000] {taskinstance.py:340} INFO - ::group::Post task execution logs
[2024-12-19T13:52:01.696+0000] {taskinstance.py:352} INFO - Marking task as SUCCESS. dag_id=dag_with_taskflow_api, task_id=greet, run_id=scheduled__2024-11-10T00:00:00+00:00, execution_date=20241110T000000, start_date=20241219T135201, end_date=20241219T135201
[2024-12-19T13:52:01.779+0000] {local_task_job_runner.py:266} INFO - Task exited with return code 0
[2024-12-19T13:52:01.827+0000] {taskinstance.py:3895} INFO - 0 downstream tasks scheduled from follow-on schedule check
[2024-12-19T13:52:01.830+0000] {local_task_job_runner.py:245} INFO - ::endgroup::
[2024-12-20T10:29:30.295+0000] {local_task_job_runner.py:123} INFO - ::group::Pre task execution logs
[2024-12-20T10:29:30.312+0000] {taskinstance.py:2613} INFO - Dependencies all met for dep_context=non-requeueable deps ti=<TaskInstance: dag_with_taskflow_api.greet scheduled__2024-11-10T00:00:00+00:00 [queued]>
[2024-12-20T10:29:30.323+0000] {taskinstance.py:2613} INFO - Dependencies all met for dep_context=requeueable deps ti=<TaskInstance: dag_with_taskflow_api.greet scheduled__2024-11-10T00:00:00+00:00 [queued]>
[2024-12-20T10:29:30.324+0000] {taskinstance.py:2866} INFO - Starting attempt 1 of 6
[2024-12-20T10:29:30.337+0000] {taskinstance.py:2889} INFO - Executing <Task(_PythonDecoratedOperator): greet> on 2024-11-10 00:00:00+00:00
[2024-12-20T10:29:30.346+0000] {logging_mixin.py:190} WARNING - /home/***/.local/lib/python3.12/site-packages/***/task/task_runner/standard_task_runner.py:70 DeprecationWarning: This process (pid=13147) is multi-threaded, use of fork() may lead to deadlocks in the child.
[2024-12-20T10:29:30.347+0000] {standard_task_runner.py:104} INFO - Running: ['***', 'tasks', 'run', 'dag_with_taskflow_api', 'greet', 'scheduled__2024-11-10T00:00:00+00:00', '--job-id', '4806', '--raw', '--subdir', 'DAGS_FOLDER/dag_with_taskflow_api.py', '--cfg-path', '/tmp/tmprx1p4tm3']
[2024-12-20T10:29:30.351+0000] {standard_task_runner.py:72} INFO - Started process 13151 to run task
[2024-12-20T10:29:30.352+0000] {standard_task_runner.py:105} INFO - Job 4806: Subtask greet
[2024-12-20T10:29:30.405+0000] {task_command.py:467} INFO - Running <TaskInstance: dag_with_taskflow_api.greet scheduled__2024-11-10T00:00:00+00:00 [running]> on host a998b5b3d359
[2024-12-20T10:29:30.503+0000] {taskinstance.py:3132} INFO - Exporting env vars: AIRFLOW_CTX_DAG_OWNER='mateo' AIRFLOW_CTX_DAG_ID='dag_with_taskflow_api' AIRFLOW_CTX_TASK_ID='greet' AIRFLOW_CTX_EXECUTION_DATE='2024-11-10T00:00:00+00:00' AIRFLOW_CTX_TRY_NUMBER='1' AIRFLOW_CTX_DAG_RUN_ID='scheduled__2024-11-10T00:00:00+00:00'
[2024-12-20T10:29:30.505+0000] {taskinstance.py:731} INFO - ::endgroup::
[2024-12-20T10:29:30.508+0000] {logging_mixin.py:190} INFO - My name is Jerry. I am 19 years old.
[2024-12-20T10:29:30.509+0000] {python.py:240} INFO - Done. Returned value was: None
[2024-12-20T10:29:30.518+0000] {taskinstance.py:340} INFO - ::group::Post task execution logs
[2024-12-20T10:29:30.519+0000] {taskinstance.py:352} INFO - Marking task as SUCCESS. dag_id=dag_with_taskflow_api, task_id=greet, run_id=scheduled__2024-11-10T00:00:00+00:00, execution_date=20241110T000000, start_date=20241220T102930, end_date=20241220T102930
[2024-12-20T10:29:30.570+0000] {local_task_job_runner.py:266} INFO - Task exited with return code 0
[2024-12-20T10:29:30.584+0000] {taskinstance.py:3895} INFO - 0 downstream tasks scheduled from follow-on schedule check
[2024-12-20T10:29:30.587+0000] {local_task_job_runner.py:245} INFO - ::endgroup::
