[2024-12-19T13:51:26.412+0000] {local_task_job_runner.py:123} INFO - ::group::Pre task execution logs
[2024-12-19T13:51:26.495+0000] {taskinstance.py:2613} INFO - Dependencies all met for dep_context=non-requeueable deps ti=<TaskInstance: dag_with_taskflow_api.get_age scheduled__2024-10-05T00:00:00+00:00 [queued]>
[2024-12-19T13:51:26.533+0000] {taskinstance.py:2613} INFO - Dependencies all met for dep_context=requeueable deps ti=<TaskInstance: dag_with_taskflow_api.get_age scheduled__2024-10-05T00:00:00+00:00 [queued]>
[2024-12-19T13:51:26.537+0000] {taskinstance.py:2866} INFO - Starting attempt 1 of 6
[2024-12-19T13:51:26.671+0000] {taskinstance.py:2889} INFO - Executing <Task(_PythonDecoratedOperator): get_age> on 2024-10-05 00:00:00+00:00
[2024-12-19T13:51:26.688+0000] {logging_mixin.py:190} WARNING - /home/***/.local/lib/python3.12/site-packages/***/task/task_runner/standard_task_runner.py:70 DeprecationWarning: This process (pid=16151) is multi-threaded, use of fork() may lead to deadlocks in the child.
[2024-12-19T13:51:26.690+0000] {standard_task_runner.py:72} INFO - Started process 16166 to run task
[2024-12-19T13:51:26.697+0000] {standard_task_runner.py:104} INFO - Running: ['***', 'tasks', 'run', 'dag_with_taskflow_api', 'get_age', 'scheduled__2024-10-05T00:00:00+00:00', '--job-id', '4374', '--raw', '--subdir', 'DAGS_FOLDER/dag_with_taskflow_api.py', '--cfg-path', '/tmp/tmpntbs_jyf']
[2024-12-19T13:51:26.707+0000] {standard_task_runner.py:105} INFO - Job 4374: Subtask get_age
[2024-12-19T13:51:26.853+0000] {task_command.py:467} INFO - Running <TaskInstance: dag_with_taskflow_api.get_age scheduled__2024-10-05T00:00:00+00:00 [running]> on host 02d979add40a
[2024-12-19T13:51:27.066+0000] {taskinstance.py:3132} INFO - Exporting env vars: AIRFLOW_CTX_DAG_OWNER='mateo' AIRFLOW_CTX_DAG_ID='dag_with_taskflow_api' AIRFLOW_CTX_TASK_ID='get_age' AIRFLOW_CTX_EXECUTION_DATE='2024-10-05T00:00:00+00:00' AIRFLOW_CTX_TRY_NUMBER='1' AIRFLOW_CTX_DAG_RUN_ID='scheduled__2024-10-05T00:00:00+00:00'
[2024-12-19T13:51:27.068+0000] {taskinstance.py:731} INFO - ::endgroup::
[2024-12-19T13:51:27.078+0000] {python.py:240} INFO - Done. Returned value was: 19
[2024-12-19T13:51:27.147+0000] {taskinstance.py:340} INFO - ::group::Post task execution logs
[2024-12-19T13:51:27.148+0000] {taskinstance.py:352} INFO - Marking task as SUCCESS. dag_id=dag_with_taskflow_api, task_id=get_age, run_id=scheduled__2024-10-05T00:00:00+00:00, execution_date=20241005T000000, start_date=20241219T135126, end_date=20241219T135127
[2024-12-19T13:51:27.247+0000] {local_task_job_runner.py:266} INFO - Task exited with return code 0
[2024-12-19T13:51:27.274+0000] {taskinstance.py:3895} INFO - 0 downstream tasks scheduled from follow-on schedule check
[2024-12-19T13:51:27.279+0000] {local_task_job_runner.py:245} INFO - ::endgroup::
[2024-12-20T10:29:01.292+0000] {local_task_job_runner.py:123} INFO - ::group::Pre task execution logs
[2024-12-20T10:29:01.314+0000] {taskinstance.py:2613} INFO - Dependencies all met for dep_context=non-requeueable deps ti=<TaskInstance: dag_with_taskflow_api.get_age scheduled__2024-10-05T00:00:00+00:00 [queued]>
[2024-12-20T10:29:01.340+0000] {taskinstance.py:2613} INFO - Dependencies all met for dep_context=requeueable deps ti=<TaskInstance: dag_with_taskflow_api.get_age scheduled__2024-10-05T00:00:00+00:00 [queued]>
[2024-12-20T10:29:01.348+0000] {taskinstance.py:2866} INFO - Starting attempt 1 of 6
[2024-12-20T10:29:01.372+0000] {taskinstance.py:2889} INFO - Executing <Task(_PythonDecoratedOperator): get_age> on 2024-10-05 00:00:00+00:00
[2024-12-20T10:29:01.400+0000] {logging_mixin.py:190} WARNING - /home/***/.local/lib/python3.12/site-packages/***/task/task_runner/standard_task_runner.py:70 DeprecationWarning: This process (pid=12761) is multi-threaded, use of fork() may lead to deadlocks in the child.
[2024-12-20T10:29:01.404+0000] {standard_task_runner.py:72} INFO - Started process 12774 to run task
[2024-12-20T10:29:01.402+0000] {standard_task_runner.py:104} INFO - Running: ['***', 'tasks', 'run', 'dag_with_taskflow_api', 'get_age', 'scheduled__2024-10-05T00:00:00+00:00', '--job-id', '4692', '--raw', '--subdir', 'DAGS_FOLDER/dag_with_taskflow_api.py', '--cfg-path', '/tmp/tmpt_lk4ma9']
[2024-12-20T10:29:01.412+0000] {standard_task_runner.py:105} INFO - Job 4692: Subtask get_age
[2024-12-20T10:29:01.525+0000] {task_command.py:467} INFO - Running <TaskInstance: dag_with_taskflow_api.get_age scheduled__2024-10-05T00:00:00+00:00 [running]> on host a998b5b3d359
[2024-12-20T10:29:01.677+0000] {taskinstance.py:3132} INFO - Exporting env vars: AIRFLOW_CTX_DAG_OWNER='mateo' AIRFLOW_CTX_DAG_ID='dag_with_taskflow_api' AIRFLOW_CTX_TASK_ID='get_age' AIRFLOW_CTX_EXECUTION_DATE='2024-10-05T00:00:00+00:00' AIRFLOW_CTX_TRY_NUMBER='1' AIRFLOW_CTX_DAG_RUN_ID='scheduled__2024-10-05T00:00:00+00:00'
[2024-12-20T10:29:01.679+0000] {taskinstance.py:731} INFO - ::endgroup::
[2024-12-20T10:29:01.684+0000] {python.py:240} INFO - Done. Returned value was: 19
[2024-12-20T10:29:01.720+0000] {taskinstance.py:340} INFO - ::group::Post task execution logs
[2024-12-20T10:29:01.723+0000] {taskinstance.py:352} INFO - Marking task as SUCCESS. dag_id=dag_with_taskflow_api, task_id=get_age, run_id=scheduled__2024-10-05T00:00:00+00:00, execution_date=20241005T000000, start_date=20241220T102901, end_date=20241220T102901
[2024-12-20T10:29:01.793+0000] {local_task_job_runner.py:266} INFO - Task exited with return code 0
[2024-12-20T10:29:01.808+0000] {local_task_job_runner.py:245} INFO - ::endgroup::
