[2024-12-19T13:51:44.630+0000] {local_task_job_runner.py:123} INFO - ::group::Pre task execution logs
[2024-12-19T13:51:44.675+0000] {taskinstance.py:2613} INFO - Dependencies all met for dep_context=non-requeueable deps ti=<TaskInstance: dag_with_taskflow_api.greet scheduled__2024-10-25T00:00:00+00:00 [queued]>
[2024-12-19T13:51:44.690+0000] {taskinstance.py:2613} INFO - Dependencies all met for dep_context=requeueable deps ti=<TaskInstance: dag_with_taskflow_api.greet scheduled__2024-10-25T00:00:00+00:00 [queued]>
[2024-12-19T13:51:44.694+0000] {taskinstance.py:2866} INFO - Starting attempt 1 of 6
[2024-12-19T13:51:44.780+0000] {taskinstance.py:2889} INFO - Executing <Task(_PythonDecoratedOperator): greet> on 2024-10-25 00:00:00+00:00
[2024-12-19T13:51:44.823+0000] {logging_mixin.py:190} WARNING - /home/***/.local/lib/python3.12/site-packages/***/task/task_runner/standard_task_runner.py:70 DeprecationWarning: This process (pid=16385) is multi-threaded, use of fork() may lead to deadlocks in the child.
[2024-12-19T13:51:44.851+0000] {standard_task_runner.py:72} INFO - Started process 16393 to run task
[2024-12-19T13:51:44.833+0000] {standard_task_runner.py:104} INFO - Running: ['***', 'tasks', 'run', 'dag_with_taskflow_api', 'greet', 'scheduled__2024-10-25T00:00:00+00:00', '--job-id', '4446', '--raw', '--subdir', 'DAGS_FOLDER/dag_with_taskflow_api.py', '--cfg-path', '/tmp/tmpkjqhmx0c']
[2024-12-19T13:51:44.876+0000] {standard_task_runner.py:105} INFO - Job 4446: Subtask greet
[2024-12-19T13:51:45.074+0000] {task_command.py:467} INFO - Running <TaskInstance: dag_with_taskflow_api.greet scheduled__2024-10-25T00:00:00+00:00 [running]> on host 02d979add40a
[2024-12-19T13:51:45.247+0000] {taskinstance.py:3132} INFO - Exporting env vars: AIRFLOW_CTX_DAG_OWNER='mateo' AIRFLOW_CTX_DAG_ID='dag_with_taskflow_api' AIRFLOW_CTX_TASK_ID='greet' AIRFLOW_CTX_EXECUTION_DATE='2024-10-25T00:00:00+00:00' AIRFLOW_CTX_TRY_NUMBER='1' AIRFLOW_CTX_DAG_RUN_ID='scheduled__2024-10-25T00:00:00+00:00'
[2024-12-19T13:51:45.250+0000] {taskinstance.py:731} INFO - ::endgroup::
[2024-12-19T13:51:45.254+0000] {logging_mixin.py:190} INFO - My name is Jerry. I am 19 years old.
[2024-12-19T13:51:45.256+0000] {python.py:240} INFO - Done. Returned value was: None
[2024-12-19T13:51:45.268+0000] {taskinstance.py:340} INFO - ::group::Post task execution logs
[2024-12-19T13:51:45.270+0000] {taskinstance.py:352} INFO - Marking task as SUCCESS. dag_id=dag_with_taskflow_api, task_id=greet, run_id=scheduled__2024-10-25T00:00:00+00:00, execution_date=20241025T000000, start_date=20241219T135144, end_date=20241219T135145
[2024-12-19T13:51:45.322+0000] {local_task_job_runner.py:266} INFO - Task exited with return code 0
[2024-12-19T13:51:45.346+0000] {taskinstance.py:3895} INFO - 0 downstream tasks scheduled from follow-on schedule check
[2024-12-19T13:51:45.349+0000] {local_task_job_runner.py:245} INFO - ::endgroup::
[2024-12-20T10:29:20.558+0000] {local_task_job_runner.py:123} INFO - ::group::Pre task execution logs
[2024-12-20T10:29:20.577+0000] {taskinstance.py:2613} INFO - Dependencies all met for dep_context=non-requeueable deps ti=<TaskInstance: dag_with_taskflow_api.greet scheduled__2024-10-25T00:00:00+00:00 [queued]>
[2024-12-20T10:29:20.591+0000] {taskinstance.py:2613} INFO - Dependencies all met for dep_context=requeueable deps ti=<TaskInstance: dag_with_taskflow_api.greet scheduled__2024-10-25T00:00:00+00:00 [queued]>
[2024-12-20T10:29:20.593+0000] {taskinstance.py:2866} INFO - Starting attempt 1 of 6
[2024-12-20T10:29:20.620+0000] {taskinstance.py:2889} INFO - Executing <Task(_PythonDecoratedOperator): greet> on 2024-10-25 00:00:00+00:00
[2024-12-20T10:29:20.638+0000] {logging_mixin.py:190} WARNING - /home/***/.local/lib/python3.12/site-packages/***/task/task_runner/standard_task_runner.py:70 DeprecationWarning: This process (pid=13014) is multi-threaded, use of fork() may lead to deadlocks in the child.
[2024-12-20T10:29:20.641+0000] {standard_task_runner.py:72} INFO - Started process 13028 to run task
[2024-12-20T10:29:20.644+0000] {standard_task_runner.py:104} INFO - Running: ['***', 'tasks', 'run', 'dag_with_taskflow_api', 'greet', 'scheduled__2024-10-25T00:00:00+00:00', '--job-id', '4764', '--raw', '--subdir', 'DAGS_FOLDER/dag_with_taskflow_api.py', '--cfg-path', '/tmp/tmpb3d_bg1r']
[2024-12-20T10:29:20.649+0000] {standard_task_runner.py:105} INFO - Job 4764: Subtask greet
[2024-12-20T10:29:20.741+0000] {task_command.py:467} INFO - Running <TaskInstance: dag_with_taskflow_api.greet scheduled__2024-10-25T00:00:00+00:00 [running]> on host a998b5b3d359
[2024-12-20T10:29:20.907+0000] {taskinstance.py:3132} INFO - Exporting env vars: AIRFLOW_CTX_DAG_OWNER='mateo' AIRFLOW_CTX_DAG_ID='dag_with_taskflow_api' AIRFLOW_CTX_TASK_ID='greet' AIRFLOW_CTX_EXECUTION_DATE='2024-10-25T00:00:00+00:00' AIRFLOW_CTX_TRY_NUMBER='1' AIRFLOW_CTX_DAG_RUN_ID='scheduled__2024-10-25T00:00:00+00:00'
[2024-12-20T10:29:20.920+0000] {taskinstance.py:731} INFO - ::endgroup::
[2024-12-20T10:29:20.927+0000] {logging_mixin.py:190} INFO - My name is Jerry. I am 19 years old.
[2024-12-20T10:29:20.929+0000] {python.py:240} INFO - Done. Returned value was: None
[2024-12-20T10:29:20.942+0000] {taskinstance.py:340} INFO - ::group::Post task execution logs
[2024-12-20T10:29:20.944+0000] {taskinstance.py:352} INFO - Marking task as SUCCESS. dag_id=dag_with_taskflow_api, task_id=greet, run_id=scheduled__2024-10-25T00:00:00+00:00, execution_date=20241025T000000, start_date=20241220T102920, end_date=20241220T102920
[2024-12-20T10:29:21.026+0000] {local_task_job_runner.py:266} INFO - Task exited with return code 0
[2024-12-20T10:29:21.060+0000] {taskinstance.py:3895} INFO - 0 downstream tasks scheduled from follow-on schedule check
[2024-12-20T10:29:21.065+0000] {local_task_job_runner.py:245} INFO - ::endgroup::
