[2024-12-20T11:32:19.227+0000] {local_task_job_runner.py:123} INFO - ::group::Pre task execution logs
[2024-12-20T11:32:19.266+0000] {taskinstance.py:2613} INFO - Dependencies all met for dep_context=non-requeueable deps ti=<TaskInstance: sql_operator_dag_v5.SQL_insert_sql_operator_practice scheduled__2024-01-02T00:00:00+00:00 [queued]>
[2024-12-20T11:32:19.292+0000] {taskinstance.py:2613} INFO - Dependencies all met for dep_context=requeueable deps ti=<TaskInstance: sql_operator_dag_v5.SQL_insert_sql_operator_practice scheduled__2024-01-02T00:00:00+00:00 [queued]>
[2024-12-20T11:32:19.293+0000] {taskinstance.py:2866} INFO - Starting attempt 1 of 6
[2024-12-20T11:32:19.317+0000] {taskinstance.py:2889} INFO - Executing <Task(SQLExecuteQueryOperator): SQL_insert_sql_operator_practice> on 2024-01-02 00:00:00+00:00
[2024-12-20T11:32:19.345+0000] {logging_mixin.py:190} WARNING - /home/***/.local/lib/python3.12/site-packages/***/task/task_runner/standard_task_runner.py:70 DeprecationWarning: This process (pid=265) is multi-threaded, use of fork() may lead to deadlocks in the child.
[2024-12-20T11:32:19.339+0000] {standard_task_runner.py:104} INFO - Running: ['***', 'tasks', 'run', 'sql_operator_dag_v5', 'SQL_insert_sql_operator_practice', 'scheduled__2024-01-02T00:00:00+00:00', '--job-id', '5748', '--raw', '--subdir', 'DAGS_FOLDER/dag_with_postgresql.py', '--cfg-path', '/tmp/tmp5pwpychi']
[2024-12-20T11:32:19.349+0000] {standard_task_runner.py:72} INFO - Started process 272 to run task
[2024-12-20T11:32:19.351+0000] {standard_task_runner.py:105} INFO - Job 5748: Subtask SQL_insert_sql_operator_practice
[2024-12-20T11:32:19.470+0000] {task_command.py:467} INFO - Running <TaskInstance: sql_operator_dag_v5.SQL_insert_sql_operator_practice scheduled__2024-01-02T00:00:00+00:00 [running]> on host 63c40cd3b022
[2024-12-20T11:32:19.711+0000] {taskinstance.py:3132} INFO - Exporting env vars: AIRFLOW_CTX_DAG_OWNER='Mateo' AIRFLOW_CTX_DAG_ID='sql_operator_dag_v5' AIRFLOW_CTX_TASK_ID='SQL_insert_sql_operator_practice' AIRFLOW_CTX_EXECUTION_DATE='2024-01-02T00:00:00+00:00' AIRFLOW_CTX_TRY_NUMBER='1' AIRFLOW_CTX_DAG_RUN_ID='scheduled__2024-01-02T00:00:00+00:00'
[2024-12-20T11:32:19.715+0000] {taskinstance.py:731} INFO - ::endgroup::
[2024-12-20T11:32:19.744+0000] {sql.py:278} INFO - Executing: 
        insert into dag_runs_v2(dt,dag_id) values ('2024-01-02','sql_operator_dag_v5');
        
[2024-12-20T11:32:19.761+0000] {base.py:84} INFO - Retrieving connection 'sql_operator_practice'
[2024-12-20T11:32:19.788+0000] {base.py:84} INFO - Retrieving connection 'sql_operator_practice'
[2024-12-20T11:32:19.812+0000] {sql.py:553} INFO - Running statement: 
        insert into dag_runs_v2(dt,dag_id) values ('2024-01-02','sql_operator_dag_v5');
        , parameters: None
[2024-12-20T11:32:19.818+0000] {sql.py:562} INFO - Rows affected: 1
[2024-12-20T11:32:19.857+0000] {taskinstance.py:340} INFO - ::group::Post task execution logs
[2024-12-20T11:32:19.858+0000] {taskinstance.py:352} INFO - Marking task as SUCCESS. dag_id=sql_operator_dag_v5, task_id=SQL_insert_sql_operator_practice, run_id=scheduled__2024-01-02T00:00:00+00:00, execution_date=20240102T000000, start_date=20241220T113219, end_date=20241220T113219
[2024-12-20T11:32:20.064+0000] {local_task_job_runner.py:266} INFO - Task exited with return code 0
[2024-12-20T11:32:20.097+0000] {taskinstance.py:3895} INFO - 0 downstream tasks scheduled from follow-on schedule check
[2024-12-20T11:32:20.103+0000] {local_task_job_runner.py:245} INFO - ::endgroup::
