[2024-12-19T13:51:59.578+0000] {local_task_job_runner.py:123} INFO - ::group::Pre task execution logs
[2024-12-19T13:51:59.623+0000] {taskinstance.py:2613} INFO - Dependencies all met for dep_context=non-requeueable deps ti=<TaskInstance: dag_with_taskflow_api.get_name scheduled__2024-11-14T00:00:00+00:00 [queued]>
[2024-12-19T13:51:59.681+0000] {taskinstance.py:2613} INFO - Dependencies all met for dep_context=requeueable deps ti=<TaskInstance: dag_with_taskflow_api.get_name scheduled__2024-11-14T00:00:00+00:00 [queued]>
[2024-12-19T13:51:59.684+0000] {taskinstance.py:2866} INFO - Starting attempt 1 of 6
[2024-12-19T13:51:59.818+0000] {taskinstance.py:2889} INFO - Executing <Task(_PythonDecoratedOperator): get_name> on 2024-11-14 00:00:00+00:00
[2024-12-19T13:51:59.846+0000] {standard_task_runner.py:104} INFO - Running: ['***', 'tasks', 'run', 'dag_with_taskflow_api', 'get_name', 'scheduled__2024-11-14T00:00:00+00:00', '--job-id', '4496', '--raw', '--subdir', 'DAGS_FOLDER/dag_with_taskflow_api.py', '--cfg-path', '/tmp/tmpo6jle1bg']
[2024-12-19T13:51:59.851+0000] {standard_task_runner.py:105} INFO - Job 4496: Subtask get_name
[2024-12-19T13:51:59.861+0000] {logging_mixin.py:190} WARNING - /home/***/.local/lib/python3.12/site-packages/***/task/task_runner/standard_task_runner.py:70 DeprecationWarning: This process (pid=16536) is multi-threaded, use of fork() may lead to deadlocks in the child.
[2024-12-19T13:51:59.866+0000] {standard_task_runner.py:72} INFO - Started process 16556 to run task
[2024-12-19T13:52:00.045+0000] {task_command.py:467} INFO - Running <TaskInstance: dag_with_taskflow_api.get_name scheduled__2024-11-14T00:00:00+00:00 [running]> on host 02d979add40a
[2024-12-19T13:52:00.644+0000] {taskinstance.py:3132} INFO - Exporting env vars: AIRFLOW_CTX_DAG_OWNER='mateo' AIRFLOW_CTX_DAG_ID='dag_with_taskflow_api' AIRFLOW_CTX_TASK_ID='get_name' AIRFLOW_CTX_EXECUTION_DATE='2024-11-14T00:00:00+00:00' AIRFLOW_CTX_TRY_NUMBER='1' AIRFLOW_CTX_DAG_RUN_ID='scheduled__2024-11-14T00:00:00+00:00'
[2024-12-19T13:52:00.652+0000] {taskinstance.py:731} INFO - ::endgroup::
[2024-12-19T13:52:00.657+0000] {python.py:240} INFO - Done. Returned value was: Jerry
[2024-12-19T13:52:00.755+0000] {taskinstance.py:340} INFO - ::group::Post task execution logs
[2024-12-19T13:52:00.757+0000] {taskinstance.py:352} INFO - Marking task as SUCCESS. dag_id=dag_with_taskflow_api, task_id=get_name, run_id=scheduled__2024-11-14T00:00:00+00:00, execution_date=20241114T000000, start_date=20241219T135159, end_date=20241219T135200
[2024-12-19T13:52:00.940+0000] {local_task_job_runner.py:266} INFO - Task exited with return code 0
[2024-12-19T13:52:00.976+0000] {local_task_job_runner.py:245} INFO - ::endgroup::
[2024-12-20T10:29:32.880+0000] {local_task_job_runner.py:123} INFO - ::group::Pre task execution logs
[2024-12-20T10:29:32.905+0000] {taskinstance.py:2613} INFO - Dependencies all met for dep_context=non-requeueable deps ti=<TaskInstance: dag_with_taskflow_api.get_name scheduled__2024-11-14T00:00:00+00:00 [queued]>
[2024-12-20T10:29:32.921+0000] {taskinstance.py:2613} INFO - Dependencies all met for dep_context=requeueable deps ti=<TaskInstance: dag_with_taskflow_api.get_name scheduled__2024-11-14T00:00:00+00:00 [queued]>
[2024-12-20T10:29:32.922+0000] {taskinstance.py:2866} INFO - Starting attempt 1 of 6
[2024-12-20T10:29:32.940+0000] {taskinstance.py:2889} INFO - Executing <Task(_PythonDecoratedOperator): get_name> on 2024-11-14 00:00:00+00:00
[2024-12-20T10:29:32.957+0000] {logging_mixin.py:190} WARNING - /home/***/.local/lib/python3.12/site-packages/***/task/task_runner/standard_task_runner.py:70 DeprecationWarning: This process (pid=13161) is multi-threaded, use of fork() may lead to deadlocks in the child.
[2024-12-20T10:29:32.965+0000] {standard_task_runner.py:72} INFO - Started process 13171 to run task
[2024-12-20T10:29:32.975+0000] {standard_task_runner.py:104} INFO - Running: ['***', 'tasks', 'run', 'dag_with_taskflow_api', 'get_name', 'scheduled__2024-11-14T00:00:00+00:00', '--job-id', '4812', '--raw', '--subdir', 'DAGS_FOLDER/dag_with_taskflow_api.py', '--cfg-path', '/tmp/tmpjl9ecf51']
[2024-12-20T10:29:32.987+0000] {standard_task_runner.py:105} INFO - Job 4812: Subtask get_name
[2024-12-20T10:29:33.067+0000] {task_command.py:467} INFO - Running <TaskInstance: dag_with_taskflow_api.get_name scheduled__2024-11-14T00:00:00+00:00 [running]> on host a998b5b3d359
[2024-12-20T10:29:33.182+0000] {taskinstance.py:3132} INFO - Exporting env vars: AIRFLOW_CTX_DAG_OWNER='mateo' AIRFLOW_CTX_DAG_ID='dag_with_taskflow_api' AIRFLOW_CTX_TASK_ID='get_name' AIRFLOW_CTX_EXECUTION_DATE='2024-11-14T00:00:00+00:00' AIRFLOW_CTX_TRY_NUMBER='1' AIRFLOW_CTX_DAG_RUN_ID='scheduled__2024-11-14T00:00:00+00:00'
[2024-12-20T10:29:33.184+0000] {taskinstance.py:731} INFO - ::endgroup::
[2024-12-20T10:29:33.187+0000] {python.py:240} INFO - Done. Returned value was: Jerry
[2024-12-20T10:29:33.220+0000] {taskinstance.py:340} INFO - ::group::Post task execution logs
[2024-12-20T10:29:33.221+0000] {taskinstance.py:352} INFO - Marking task as SUCCESS. dag_id=dag_with_taskflow_api, task_id=get_name, run_id=scheduled__2024-11-14T00:00:00+00:00, execution_date=20241114T000000, start_date=20241220T102932, end_date=20241220T102933
[2024-12-20T10:29:33.275+0000] {local_task_job_runner.py:266} INFO - Task exited with return code 0
[2024-12-20T10:29:33.295+0000] {local_task_job_runner.py:245} INFO - ::endgroup::
