[2024-12-19T13:51:15.808+0000] {local_task_job_runner.py:123} INFO - ::group::Pre task execution logs
[2024-12-19T13:51:15.831+0000] {taskinstance.py:2613} INFO - Dependencies all met for dep_context=non-requeueable deps ti=<TaskInstance: dag_with_taskflow_api.get_name scheduled__2024-09-17T00:00:00+00:00 [queued]>
[2024-12-19T13:51:15.847+0000] {taskinstance.py:2613} INFO - Dependencies all met for dep_context=requeueable deps ti=<TaskInstance: dag_with_taskflow_api.get_name scheduled__2024-09-17T00:00:00+00:00 [queued]>
[2024-12-19T13:51:15.849+0000] {taskinstance.py:2866} INFO - Starting attempt 1 of 6
[2024-12-19T13:51:15.874+0000] {taskinstance.py:2889} INFO - Executing <Task(_PythonDecoratedOperator): get_name> on 2024-09-17 00:00:00+00:00
[2024-12-19T13:51:15.891+0000] {logging_mixin.py:190} WARNING - /home/***/.local/lib/python3.12/site-packages/***/task/task_runner/standard_task_runner.py:70 DeprecationWarning: This process (pid=16006) is multi-threaded, use of fork() may lead to deadlocks in the child.
[2024-12-19T13:51:15.905+0000] {standard_task_runner.py:72} INFO - Started process 16012 to run task
[2024-12-19T13:51:15.892+0000] {standard_task_runner.py:104} INFO - Running: ['***', 'tasks', 'run', 'dag_with_taskflow_api', 'get_name', 'scheduled__2024-09-17T00:00:00+00:00', '--job-id', '4325', '--raw', '--subdir', 'DAGS_FOLDER/dag_with_taskflow_api.py', '--cfg-path', '/tmp/tmp3fo1dto8']
[2024-12-19T13:51:15.914+0000] {standard_task_runner.py:105} INFO - Job 4325: Subtask get_name
[2024-12-19T13:51:16.058+0000] {task_command.py:467} INFO - Running <TaskInstance: dag_with_taskflow_api.get_name scheduled__2024-09-17T00:00:00+00:00 [running]> on host 02d979add40a
[2024-12-19T13:51:16.260+0000] {taskinstance.py:3132} INFO - Exporting env vars: AIRFLOW_CTX_DAG_OWNER='mateo' AIRFLOW_CTX_DAG_ID='dag_with_taskflow_api' AIRFLOW_CTX_TASK_ID='get_name' AIRFLOW_CTX_EXECUTION_DATE='2024-09-17T00:00:00+00:00' AIRFLOW_CTX_TRY_NUMBER='1' AIRFLOW_CTX_DAG_RUN_ID='scheduled__2024-09-17T00:00:00+00:00'
[2024-12-19T13:51:16.262+0000] {taskinstance.py:731} INFO - ::endgroup::
[2024-12-19T13:51:16.272+0000] {python.py:240} INFO - Done. Returned value was: Jerry
[2024-12-19T13:51:16.350+0000] {taskinstance.py:340} INFO - ::group::Post task execution logs
[2024-12-19T13:51:16.352+0000] {taskinstance.py:352} INFO - Marking task as SUCCESS. dag_id=dag_with_taskflow_api, task_id=get_name, run_id=scheduled__2024-09-17T00:00:00+00:00, execution_date=20240917T000000, start_date=20241219T135115, end_date=20241219T135116
[2024-12-19T13:51:16.460+0000] {local_task_job_runner.py:266} INFO - Task exited with return code 0
[2024-12-19T13:51:16.514+0000] {taskinstance.py:3895} INFO - 1 downstream tasks scheduled from follow-on schedule check
[2024-12-19T13:51:16.529+0000] {local_task_job_runner.py:245} INFO - ::endgroup::
[2024-12-20T10:28:46.850+0000] {local_task_job_runner.py:123} INFO - ::group::Pre task execution logs
[2024-12-20T10:28:46.900+0000] {taskinstance.py:2613} INFO - Dependencies all met for dep_context=non-requeueable deps ti=<TaskInstance: dag_with_taskflow_api.get_name scheduled__2024-09-17T00:00:00+00:00 [queued]>
[2024-12-20T10:28:46.927+0000] {taskinstance.py:2613} INFO - Dependencies all met for dep_context=requeueable deps ti=<TaskInstance: dag_with_taskflow_api.get_name scheduled__2024-09-17T00:00:00+00:00 [queued]>
[2024-12-20T10:28:46.931+0000] {taskinstance.py:2866} INFO - Starting attempt 1 of 6
[2024-12-20T10:28:46.973+0000] {taskinstance.py:2889} INFO - Executing <Task(_PythonDecoratedOperator): get_name> on 2024-09-17 00:00:00+00:00
[2024-12-20T10:28:46.997+0000] {logging_mixin.py:190} WARNING - /home/***/.local/lib/python3.12/site-packages/***/task/task_runner/standard_task_runner.py:70 DeprecationWarning: This process (pid=12591) is multi-threaded, use of fork() may lead to deadlocks in the child.
[2024-12-20T10:28:47.000+0000] {standard_task_runner.py:72} INFO - Started process 12605 to run task
[2024-12-20T10:28:46.997+0000] {standard_task_runner.py:104} INFO - Running: ['***', 'tasks', 'run', 'dag_with_taskflow_api', 'get_name', 'scheduled__2024-09-17T00:00:00+00:00', '--job-id', '4637', '--raw', '--subdir', 'DAGS_FOLDER/dag_with_taskflow_api.py', '--cfg-path', '/tmp/tmpm61htr6l']
[2024-12-20T10:28:47.018+0000] {standard_task_runner.py:105} INFO - Job 4637: Subtask get_name
[2024-12-20T10:28:47.174+0000] {task_command.py:467} INFO - Running <TaskInstance: dag_with_taskflow_api.get_name scheduled__2024-09-17T00:00:00+00:00 [running]> on host a998b5b3d359
[2024-12-20T10:28:47.388+0000] {taskinstance.py:3132} INFO - Exporting env vars: AIRFLOW_CTX_DAG_OWNER='mateo' AIRFLOW_CTX_DAG_ID='dag_with_taskflow_api' AIRFLOW_CTX_TASK_ID='get_name' AIRFLOW_CTX_EXECUTION_DATE='2024-09-17T00:00:00+00:00' AIRFLOW_CTX_TRY_NUMBER='1' AIRFLOW_CTX_DAG_RUN_ID='scheduled__2024-09-17T00:00:00+00:00'
[2024-12-20T10:28:47.394+0000] {taskinstance.py:731} INFO - ::endgroup::
[2024-12-20T10:28:47.396+0000] {python.py:240} INFO - Done. Returned value was: Jerry
[2024-12-20T10:28:47.431+0000] {taskinstance.py:340} INFO - ::group::Post task execution logs
[2024-12-20T10:28:47.433+0000] {taskinstance.py:352} INFO - Marking task as SUCCESS. dag_id=dag_with_taskflow_api, task_id=get_name, run_id=scheduled__2024-09-17T00:00:00+00:00, execution_date=20240917T000000, start_date=20241220T102846, end_date=20241220T102847
[2024-12-20T10:28:47.509+0000] {local_task_job_runner.py:266} INFO - Task exited with return code 0
[2024-12-20T10:28:47.552+0000] {taskinstance.py:3895} INFO - 0 downstream tasks scheduled from follow-on schedule check
[2024-12-20T10:28:47.555+0000] {local_task_job_runner.py:245} INFO - ::endgroup::
