[2024-12-19T13:51:40.937+0000] {local_task_job_runner.py:123} INFO - ::group::Pre task execution logs
[2024-12-19T13:51:40.982+0000] {taskinstance.py:2613} INFO - Dependencies all met for dep_context=non-requeueable deps ti=<TaskInstance: dag_with_taskflow_api.get_age scheduled__2024-10-20T00:00:00+00:00 [queued]>
[2024-12-19T13:51:40.994+0000] {taskinstance.py:2613} INFO - Dependencies all met for dep_context=requeueable deps ti=<TaskInstance: dag_with_taskflow_api.get_age scheduled__2024-10-20T00:00:00+00:00 [queued]>
[2024-12-19T13:51:41.001+0000] {taskinstance.py:2866} INFO - Starting attempt 1 of 6
[2024-12-19T13:51:41.043+0000] {taskinstance.py:2889} INFO - Executing <Task(_PythonDecoratedOperator): get_age> on 2024-10-20 00:00:00+00:00
[2024-12-19T13:51:41.088+0000] {logging_mixin.py:190} WARNING - /home/***/.local/lib/python3.12/site-packages/***/task/task_runner/standard_task_runner.py:70 DeprecationWarning: This process (pid=16295) is multi-threaded, use of fork() may lead to deadlocks in the child.
[2024-12-19T13:51:41.095+0000] {standard_task_runner.py:72} INFO - Started process 16310 to run task
[2024-12-19T13:51:41.115+0000] {standard_task_runner.py:104} INFO - Running: ['***', 'tasks', 'run', 'dag_with_taskflow_api', 'get_age', 'scheduled__2024-10-20T00:00:00+00:00', '--job-id', '4422', '--raw', '--subdir', 'DAGS_FOLDER/dag_with_taskflow_api.py', '--cfg-path', '/tmp/tmpsmz1z6bi']
[2024-12-19T13:51:41.120+0000] {standard_task_runner.py:105} INFO - Job 4422: Subtask get_age
[2024-12-19T13:51:41.278+0000] {task_command.py:467} INFO - Running <TaskInstance: dag_with_taskflow_api.get_age scheduled__2024-10-20T00:00:00+00:00 [running]> on host 02d979add40a
[2024-12-19T13:51:41.795+0000] {taskinstance.py:3132} INFO - Exporting env vars: AIRFLOW_CTX_DAG_OWNER='mateo' AIRFLOW_CTX_DAG_ID='dag_with_taskflow_api' AIRFLOW_CTX_TASK_ID='get_age' AIRFLOW_CTX_EXECUTION_DATE='2024-10-20T00:00:00+00:00' AIRFLOW_CTX_TRY_NUMBER='1' AIRFLOW_CTX_DAG_RUN_ID='scheduled__2024-10-20T00:00:00+00:00'
[2024-12-19T13:51:41.800+0000] {taskinstance.py:731} INFO - ::endgroup::
[2024-12-19T13:51:41.806+0000] {python.py:240} INFO - Done. Returned value was: 19
[2024-12-19T13:51:41.888+0000] {taskinstance.py:340} INFO - ::group::Post task execution logs
[2024-12-19T13:51:41.889+0000] {taskinstance.py:352} INFO - Marking task as SUCCESS. dag_id=dag_with_taskflow_api, task_id=get_age, run_id=scheduled__2024-10-20T00:00:00+00:00, execution_date=20241020T000000, start_date=20241219T135140, end_date=20241219T135141
[2024-12-19T13:51:42.004+0000] {local_task_job_runner.py:266} INFO - Task exited with return code 0
[2024-12-19T13:51:42.040+0000] {taskinstance.py:3895} INFO - 1 downstream tasks scheduled from follow-on schedule check
[2024-12-19T13:51:42.050+0000] {local_task_job_runner.py:245} INFO - ::endgroup::
[2024-12-20T10:29:13.262+0000] {local_task_job_runner.py:123} INFO - ::group::Pre task execution logs
[2024-12-20T10:29:13.287+0000] {taskinstance.py:2613} INFO - Dependencies all met for dep_context=non-requeueable deps ti=<TaskInstance: dag_with_taskflow_api.get_age scheduled__2024-10-20T00:00:00+00:00 [queued]>
[2024-12-20T10:29:13.304+0000] {taskinstance.py:2613} INFO - Dependencies all met for dep_context=requeueable deps ti=<TaskInstance: dag_with_taskflow_api.get_age scheduled__2024-10-20T00:00:00+00:00 [queued]>
[2024-12-20T10:29:13.320+0000] {taskinstance.py:2866} INFO - Starting attempt 1 of 6
[2024-12-20T10:29:13.355+0000] {taskinstance.py:2889} INFO - Executing <Task(_PythonDecoratedOperator): get_age> on 2024-10-20 00:00:00+00:00
[2024-12-20T10:29:13.379+0000] {standard_task_runner.py:104} INFO - Running: ['***', 'tasks', 'run', 'dag_with_taskflow_api', 'get_age', 'scheduled__2024-10-20T00:00:00+00:00', '--job-id', '4735', '--raw', '--subdir', 'DAGS_FOLDER/dag_with_taskflow_api.py', '--cfg-path', '/tmp/tmph079q0at']
[2024-12-20T10:29:13.375+0000] {logging_mixin.py:190} WARNING - /home/***/.local/lib/python3.12/site-packages/***/task/task_runner/standard_task_runner.py:70 DeprecationWarning: This process (pid=12913) is multi-threaded, use of fork() may lead to deadlocks in the child.
[2024-12-20T10:29:13.391+0000] {standard_task_runner.py:72} INFO - Started process 12921 to run task
[2024-12-20T10:29:13.392+0000] {standard_task_runner.py:105} INFO - Job 4735: Subtask get_age
[2024-12-20T10:29:13.502+0000] {task_command.py:467} INFO - Running <TaskInstance: dag_with_taskflow_api.get_age scheduled__2024-10-20T00:00:00+00:00 [running]> on host a998b5b3d359
[2024-12-20T10:29:13.639+0000] {taskinstance.py:3132} INFO - Exporting env vars: AIRFLOW_CTX_DAG_OWNER='mateo' AIRFLOW_CTX_DAG_ID='dag_with_taskflow_api' AIRFLOW_CTX_TASK_ID='get_age' AIRFLOW_CTX_EXECUTION_DATE='2024-10-20T00:00:00+00:00' AIRFLOW_CTX_TRY_NUMBER='1' AIRFLOW_CTX_DAG_RUN_ID='scheduled__2024-10-20T00:00:00+00:00'
[2024-12-20T10:29:13.642+0000] {taskinstance.py:731} INFO - ::endgroup::
[2024-12-20T10:29:13.647+0000] {python.py:240} INFO - Done. Returned value was: 19
[2024-12-20T10:29:13.693+0000] {taskinstance.py:340} INFO - ::group::Post task execution logs
[2024-12-20T10:29:13.695+0000] {taskinstance.py:352} INFO - Marking task as SUCCESS. dag_id=dag_with_taskflow_api, task_id=get_age, run_id=scheduled__2024-10-20T00:00:00+00:00, execution_date=20241020T000000, start_date=20241220T102913, end_date=20241220T102913
[2024-12-20T10:29:13.737+0000] {local_task_job_runner.py:266} INFO - Task exited with return code 0
[2024-12-20T10:29:13.762+0000] {taskinstance.py:3895} INFO - 0 downstream tasks scheduled from follow-on schedule check
[2024-12-20T10:29:13.765+0000] {local_task_job_runner.py:245} INFO - ::endgroup::
