[2024-12-19T08:55:13.365+0000] {local_task_job_runner.py:123} INFO - ::group::Pre task execution logs
[2024-12-19T08:55:13.383+0000] {taskinstance.py:2613} INFO - Dependencies all met for dep_context=non-requeueable deps ti=<TaskInstance: our_first_dag_v2.first_task scheduled__2023-02-04T00:00:00+00:00 [queued]>
[2024-12-19T08:55:13.392+0000] {taskinstance.py:2613} INFO - Dependencies all met for dep_context=requeueable deps ti=<TaskInstance: our_first_dag_v2.first_task scheduled__2023-02-04T00:00:00+00:00 [queued]>
[2024-12-19T08:55:13.393+0000] {taskinstance.py:2866} INFO - Starting attempt 1 of 6
[2024-12-19T08:55:13.423+0000] {taskinstance.py:2889} INFO - Executing <Task(BashOperator): first_task> on 2023-02-04 00:00:00+00:00
[2024-12-19T08:55:13.433+0000] {logging_mixin.py:190} WARNING - /home/***/.local/lib/python3.12/site-packages/***/task/task_runner/standard_task_runner.py:70 DeprecationWarning: This process (pid=6547) is multi-threaded, use of fork() may lead to deadlocks in the child.
[2024-12-19T08:55:13.435+0000] {standard_task_runner.py:72} INFO - Started process 6550 to run task
[2024-12-19T08:55:13.434+0000] {standard_task_runner.py:104} INFO - Running: ['***', 'tasks', 'run', 'our_first_dag_v2', 'first_task', 'scheduled__2023-02-04T00:00:00+00:00', '--job-id', '1465', '--raw', '--subdir', 'DAGS_FOLDER/our_first_dag.py', '--cfg-path', '/tmp/tmpzkhez0_2']
[2024-12-19T08:55:13.438+0000] {standard_task_runner.py:105} INFO - Job 1465: Subtask first_task
[2024-12-19T08:55:13.499+0000] {task_command.py:467} INFO - Running <TaskInstance: our_first_dag_v2.first_task scheduled__2023-02-04T00:00:00+00:00 [running]> on host 8d142e9c83a7
[2024-12-19T08:55:13.623+0000] {taskinstance.py:3132} INFO - Exporting env vars: AIRFLOW_CTX_DAG_OWNER='mateo' AIRFLOW_CTX_DAG_ID='our_first_dag_v2' AIRFLOW_CTX_TASK_ID='first_task' AIRFLOW_CTX_EXECUTION_DATE='2023-02-04T00:00:00+00:00' AIRFLOW_CTX_TRY_NUMBER='1' AIRFLOW_CTX_DAG_RUN_ID='scheduled__2023-02-04T00:00:00+00:00'
[2024-12-19T08:55:13.625+0000] {taskinstance.py:731} INFO - ::endgroup::
[2024-12-19T08:55:13.646+0000] {subprocess.py:78} INFO - Tmp dir root location: /tmp
[2024-12-19T08:55:13.648+0000] {subprocess.py:88} INFO - Running command: ['/usr/bin/bash', '-c', 'echo hello world, this is the first task']
[2024-12-19T08:55:13.668+0000] {subprocess.py:99} INFO - Output:
[2024-12-19T08:55:13.670+0000] {subprocess.py:106} INFO - hello world, this is the first task
[2024-12-19T08:55:13.671+0000] {subprocess.py:110} INFO - Command exited with return code 0
[2024-12-19T08:55:13.706+0000] {taskinstance.py:340} INFO - ::group::Post task execution logs
[2024-12-19T08:55:13.708+0000] {taskinstance.py:352} INFO - Marking task as SUCCESS. dag_id=our_first_dag_v2, task_id=first_task, run_id=scheduled__2023-02-04T00:00:00+00:00, execution_date=20230204T000000, start_date=20241219T085513, end_date=20241219T085513
[2024-12-19T08:55:13.822+0000] {local_task_job_runner.py:266} INFO - Task exited with return code 0
[2024-12-19T08:55:13.855+0000] {taskinstance.py:3895} INFO - 1 downstream tasks scheduled from follow-on schedule check
[2024-12-19T08:55:13.861+0000] {local_task_job_runner.py:245} INFO - ::endgroup::
