[2024-12-19T13:51:43.428+0000] {local_task_job_runner.py:123} INFO - ::group::Pre task execution logs
[2024-12-19T13:51:43.467+0000] {taskinstance.py:2613} INFO - Dependencies all met for dep_context=non-requeueable deps ti=<TaskInstance: dag_with_taskflow_api.get_name scheduled__2024-10-26T00:00:00+00:00 [queued]>
[2024-12-19T13:51:43.489+0000] {taskinstance.py:2613} INFO - Dependencies all met for dep_context=requeueable deps ti=<TaskInstance: dag_with_taskflow_api.get_name scheduled__2024-10-26T00:00:00+00:00 [queued]>
[2024-12-19T13:51:43.491+0000] {taskinstance.py:2866} INFO - Starting attempt 1 of 6
[2024-12-19T13:51:43.658+0000] {taskinstance.py:2889} INFO - Executing <Task(_PythonDecoratedOperator): get_name> on 2024-10-26 00:00:00+00:00
[2024-12-19T13:51:43.678+0000] {logging_mixin.py:190} WARNING - /home/***/.local/lib/python3.12/site-packages/***/task/task_runner/standard_task_runner.py:70 DeprecationWarning: This process (pid=16349) is multi-threaded, use of fork() may lead to deadlocks in the child.
[2024-12-19T13:51:43.683+0000] {standard_task_runner.py:72} INFO - Started process 16370 to run task
[2024-12-19T13:51:43.683+0000] {standard_task_runner.py:104} INFO - Running: ['***', 'tasks', 'run', 'dag_with_taskflow_api', 'get_name', 'scheduled__2024-10-26T00:00:00+00:00', '--job-id', '4438', '--raw', '--subdir', 'DAGS_FOLDER/dag_with_taskflow_api.py', '--cfg-path', '/tmp/tmp7o134lr1']
[2024-12-19T13:51:43.692+0000] {standard_task_runner.py:105} INFO - Job 4438: Subtask get_name
[2024-12-19T13:51:43.863+0000] {task_command.py:467} INFO - Running <TaskInstance: dag_with_taskflow_api.get_name scheduled__2024-10-26T00:00:00+00:00 [running]> on host 02d979add40a
[2024-12-19T13:51:44.131+0000] {taskinstance.py:3132} INFO - Exporting env vars: AIRFLOW_CTX_DAG_OWNER='mateo' AIRFLOW_CTX_DAG_ID='dag_with_taskflow_api' AIRFLOW_CTX_TASK_ID='get_name' AIRFLOW_CTX_EXECUTION_DATE='2024-10-26T00:00:00+00:00' AIRFLOW_CTX_TRY_NUMBER='1' AIRFLOW_CTX_DAG_RUN_ID='scheduled__2024-10-26T00:00:00+00:00'
[2024-12-19T13:51:44.135+0000] {taskinstance.py:731} INFO - ::endgroup::
[2024-12-19T13:51:44.146+0000] {python.py:240} INFO - Done. Returned value was: Jerry
[2024-12-19T13:51:44.213+0000] {taskinstance.py:340} INFO - ::group::Post task execution logs
[2024-12-19T13:51:44.228+0000] {taskinstance.py:352} INFO - Marking task as SUCCESS. dag_id=dag_with_taskflow_api, task_id=get_name, run_id=scheduled__2024-10-26T00:00:00+00:00, execution_date=20241026T000000, start_date=20241219T135143, end_date=20241219T135144
[2024-12-19T13:51:44.362+0000] {local_task_job_runner.py:266} INFO - Task exited with return code 0
[2024-12-19T13:51:44.385+0000] {local_task_job_runner.py:245} INFO - ::endgroup::
[2024-12-20T10:29:19.730+0000] {local_task_job_runner.py:123} INFO - ::group::Pre task execution logs
[2024-12-20T10:29:19.751+0000] {taskinstance.py:2613} INFO - Dependencies all met for dep_context=non-requeueable deps ti=<TaskInstance: dag_with_taskflow_api.get_name scheduled__2024-10-26T00:00:00+00:00 [queued]>
[2024-12-20T10:29:19.763+0000] {taskinstance.py:2613} INFO - Dependencies all met for dep_context=requeueable deps ti=<TaskInstance: dag_with_taskflow_api.get_name scheduled__2024-10-26T00:00:00+00:00 [queued]>
[2024-12-20T10:29:19.764+0000] {taskinstance.py:2866} INFO - Starting attempt 1 of 6
[2024-12-20T10:29:19.924+0000] {taskinstance.py:2889} INFO - Executing <Task(_PythonDecoratedOperator): get_name> on 2024-10-26 00:00:00+00:00
[2024-12-20T10:29:19.949+0000] {standard_task_runner.py:104} INFO - Running: ['***', 'tasks', 'run', 'dag_with_taskflow_api', 'get_name', 'scheduled__2024-10-26T00:00:00+00:00', '--job-id', '4757', '--raw', '--subdir', 'DAGS_FOLDER/dag_with_taskflow_api.py', '--cfg-path', '/tmp/tmp_z1d3rt3']
[2024-12-20T10:29:19.953+0000] {logging_mixin.py:190} WARNING - /home/***/.local/lib/python3.12/site-packages/***/task/task_runner/standard_task_runner.py:70 DeprecationWarning: This process (pid=12995) is multi-threaded, use of fork() may lead to deadlocks in the child.
[2024-12-20T10:29:19.957+0000] {standard_task_runner.py:72} INFO - Started process 13006 to run task
[2024-12-20T10:29:19.954+0000] {standard_task_runner.py:105} INFO - Job 4757: Subtask get_name
[2024-12-20T10:29:20.088+0000] {task_command.py:467} INFO - Running <TaskInstance: dag_with_taskflow_api.get_name scheduled__2024-10-26T00:00:00+00:00 [running]> on host a998b5b3d359
[2024-12-20T10:29:20.199+0000] {taskinstance.py:3132} INFO - Exporting env vars: AIRFLOW_CTX_DAG_OWNER='mateo' AIRFLOW_CTX_DAG_ID='dag_with_taskflow_api' AIRFLOW_CTX_TASK_ID='get_name' AIRFLOW_CTX_EXECUTION_DATE='2024-10-26T00:00:00+00:00' AIRFLOW_CTX_TRY_NUMBER='1' AIRFLOW_CTX_DAG_RUN_ID='scheduled__2024-10-26T00:00:00+00:00'
[2024-12-20T10:29:20.201+0000] {taskinstance.py:731} INFO - ::endgroup::
[2024-12-20T10:29:20.205+0000] {python.py:240} INFO - Done. Returned value was: Jerry
[2024-12-20T10:29:20.237+0000] {taskinstance.py:340} INFO - ::group::Post task execution logs
[2024-12-20T10:29:20.238+0000] {taskinstance.py:352} INFO - Marking task as SUCCESS. dag_id=dag_with_taskflow_api, task_id=get_name, run_id=scheduled__2024-10-26T00:00:00+00:00, execution_date=20241026T000000, start_date=20241220T102919, end_date=20241220T102920
[2024-12-20T10:29:20.307+0000] {local_task_job_runner.py:266} INFO - Task exited with return code 0
[2024-12-20T10:29:20.338+0000] {taskinstance.py:3895} INFO - 0 downstream tasks scheduled from follow-on schedule check
[2024-12-20T10:29:20.347+0000] {local_task_job_runner.py:245} INFO - ::endgroup::
