[2024-12-19T13:51:32.723+0000] {local_task_job_runner.py:123} INFO - ::group::Pre task execution logs
[2024-12-19T13:51:32.803+0000] {taskinstance.py:2613} INFO - Dependencies all met for dep_context=non-requeueable deps ti=<TaskInstance: dag_with_taskflow_api.get_name scheduled__2024-10-12T00:00:00+00:00 [queued]>
[2024-12-19T13:51:32.852+0000] {taskinstance.py:2613} INFO - Dependencies all met for dep_context=requeueable deps ti=<TaskInstance: dag_with_taskflow_api.get_name scheduled__2024-10-12T00:00:00+00:00 [queued]>
[2024-12-19T13:51:32.853+0000] {taskinstance.py:2866} INFO - Starting attempt 1 of 6
[2024-12-19T13:51:32.894+0000] {taskinstance.py:2889} INFO - Executing <Task(_PythonDecoratedOperator): get_name> on 2024-10-12 00:00:00+00:00
[2024-12-19T13:51:32.997+0000] {logging_mixin.py:190} WARNING - /home/***/.local/lib/python3.12/site-packages/***/task/task_runner/standard_task_runner.py:70 DeprecationWarning: This process (pid=16214) is multi-threaded, use of fork() may lead to deadlocks in the child.
[2024-12-19T13:51:33.053+0000] {standard_task_runner.py:72} INFO - Started process 16228 to run task
[2024-12-19T13:51:32.997+0000] {standard_task_runner.py:104} INFO - Running: ['***', 'tasks', 'run', 'dag_with_taskflow_api', 'get_name', 'scheduled__2024-10-12T00:00:00+00:00', '--job-id', '4394', '--raw', '--subdir', 'DAGS_FOLDER/dag_with_taskflow_api.py', '--cfg-path', '/tmp/tmp8_1m9m_0']
[2024-12-19T13:51:33.064+0000] {standard_task_runner.py:105} INFO - Job 4394: Subtask get_name
[2024-12-19T13:51:33.303+0000] {task_command.py:467} INFO - Running <TaskInstance: dag_with_taskflow_api.get_name scheduled__2024-10-12T00:00:00+00:00 [running]> on host 02d979add40a
[2024-12-19T13:51:33.901+0000] {taskinstance.py:3132} INFO - Exporting env vars: AIRFLOW_CTX_DAG_OWNER='mateo' AIRFLOW_CTX_DAG_ID='dag_with_taskflow_api' AIRFLOW_CTX_TASK_ID='get_name' AIRFLOW_CTX_EXECUTION_DATE='2024-10-12T00:00:00+00:00' AIRFLOW_CTX_TRY_NUMBER='1' AIRFLOW_CTX_DAG_RUN_ID='scheduled__2024-10-12T00:00:00+00:00'
[2024-12-19T13:51:33.911+0000] {taskinstance.py:731} INFO - ::endgroup::
[2024-12-19T13:51:33.921+0000] {python.py:240} INFO - Done. Returned value was: Jerry
[2024-12-19T13:51:34.033+0000] {taskinstance.py:340} INFO - ::group::Post task execution logs
[2024-12-19T13:51:34.035+0000] {taskinstance.py:352} INFO - Marking task as SUCCESS. dag_id=dag_with_taskflow_api, task_id=get_name, run_id=scheduled__2024-10-12T00:00:00+00:00, execution_date=20241012T000000, start_date=20241219T135132, end_date=20241219T135134
[2024-12-19T13:51:34.112+0000] {local_task_job_runner.py:266} INFO - Task exited with return code 0
[2024-12-19T13:51:34.140+0000] {local_task_job_runner.py:245} INFO - ::endgroup::
[2024-12-20T10:29:07.493+0000] {local_task_job_runner.py:123} INFO - ::group::Pre task execution logs
[2024-12-20T10:29:07.522+0000] {taskinstance.py:2613} INFO - Dependencies all met for dep_context=non-requeueable deps ti=<TaskInstance: dag_with_taskflow_api.get_name scheduled__2024-10-12T00:00:00+00:00 [queued]>
[2024-12-20T10:29:07.535+0000] {taskinstance.py:2613} INFO - Dependencies all met for dep_context=requeueable deps ti=<TaskInstance: dag_with_taskflow_api.get_name scheduled__2024-10-12T00:00:00+00:00 [queued]>
[2024-12-20T10:29:07.536+0000] {taskinstance.py:2866} INFO - Starting attempt 1 of 6
[2024-12-20T10:29:07.584+0000] {taskinstance.py:2889} INFO - Executing <Task(_PythonDecoratedOperator): get_name> on 2024-10-12 00:00:00+00:00
[2024-12-20T10:29:07.598+0000] {logging_mixin.py:190} WARNING - /home/***/.local/lib/python3.12/site-packages/***/task/task_runner/standard_task_runner.py:70 DeprecationWarning: This process (pid=12828) is multi-threaded, use of fork() may lead to deadlocks in the child.
[2024-12-20T10:29:07.603+0000] {standard_task_runner.py:72} INFO - Started process 12843 to run task
[2024-12-20T10:29:07.602+0000] {standard_task_runner.py:104} INFO - Running: ['***', 'tasks', 'run', 'dag_with_taskflow_api', 'get_name', 'scheduled__2024-10-12T00:00:00+00:00', '--job-id', '4712', '--raw', '--subdir', 'DAGS_FOLDER/dag_with_taskflow_api.py', '--cfg-path', '/tmp/tmpiitvk_an']
[2024-12-20T10:29:07.613+0000] {standard_task_runner.py:105} INFO - Job 4712: Subtask get_name
[2024-12-20T10:29:07.741+0000] {task_command.py:467} INFO - Running <TaskInstance: dag_with_taskflow_api.get_name scheduled__2024-10-12T00:00:00+00:00 [running]> on host a998b5b3d359
[2024-12-20T10:29:07.927+0000] {taskinstance.py:3132} INFO - Exporting env vars: AIRFLOW_CTX_DAG_OWNER='mateo' AIRFLOW_CTX_DAG_ID='dag_with_taskflow_api' AIRFLOW_CTX_TASK_ID='get_name' AIRFLOW_CTX_EXECUTION_DATE='2024-10-12T00:00:00+00:00' AIRFLOW_CTX_TRY_NUMBER='1' AIRFLOW_CTX_DAG_RUN_ID='scheduled__2024-10-12T00:00:00+00:00'
[2024-12-20T10:29:07.932+0000] {taskinstance.py:731} INFO - ::endgroup::
[2024-12-20T10:29:07.939+0000] {python.py:240} INFO - Done. Returned value was: Jerry
[2024-12-20T10:29:07.986+0000] {taskinstance.py:340} INFO - ::group::Post task execution logs
[2024-12-20T10:29:07.992+0000] {taskinstance.py:352} INFO - Marking task as SUCCESS. dag_id=dag_with_taskflow_api, task_id=get_name, run_id=scheduled__2024-10-12T00:00:00+00:00, execution_date=20241012T000000, start_date=20241220T102907, end_date=20241220T102907
[2024-12-20T10:29:08.079+0000] {local_task_job_runner.py:266} INFO - Task exited with return code 0
[2024-12-20T10:29:08.108+0000] {taskinstance.py:3895} INFO - 1 downstream tasks scheduled from follow-on schedule check
[2024-12-20T10:29:08.113+0000] {local_task_job_runner.py:245} INFO - ::endgroup::
