[2024-12-19T08:58:05.325+0000] {local_task_job_runner.py:123} INFO - ::group::Pre task execution logs
[2024-12-19T08:58:05.377+0000] {taskinstance.py:2613} INFO - Dependencies all met for dep_context=non-requeueable deps ti=<TaskInstance: our_first_dag_v2.second_task scheduled__2023-11-06T00:00:00+00:00 [queued]>
[2024-12-19T08:58:05.408+0000] {taskinstance.py:2613} INFO - Dependencies all met for dep_context=requeueable deps ti=<TaskInstance: our_first_dag_v2.second_task scheduled__2023-11-06T00:00:00+00:00 [queued]>
[2024-12-19T08:58:05.409+0000] {taskinstance.py:2866} INFO - Starting attempt 1 of 6
[2024-12-19T08:58:05.553+0000] {taskinstance.py:2889} INFO - Executing <Task(BashOperator): second_task> on 2023-11-06 00:00:00+00:00
[2024-12-19T08:58:05.563+0000] {logging_mixin.py:190} WARNING - /home/***/.local/lib/python3.12/site-packages/***/task/task_runner/standard_task_runner.py:70 DeprecationWarning: This process (pid=9362) is multi-threaded, use of fork() may lead to deadlocks in the child.
[2024-12-19T08:58:05.569+0000] {standard_task_runner.py:72} INFO - Started process 9382 to run task
[2024-12-19T08:58:05.568+0000] {standard_task_runner.py:104} INFO - Running: ['***', 'tasks', 'run', 'our_first_dag_v2', 'second_task', 'scheduled__2023-11-06T00:00:00+00:00', '--job-id', '2158', '--raw', '--subdir', 'DAGS_FOLDER/our_first_dag.py', '--cfg-path', '/tmp/tmprv3_mf3j']
[2024-12-19T08:58:05.575+0000] {standard_task_runner.py:105} INFO - Job 2158: Subtask second_task
[2024-12-19T08:58:05.703+0000] {task_command.py:467} INFO - Running <TaskInstance: our_first_dag_v2.second_task scheduled__2023-11-06T00:00:00+00:00 [running]> on host 8d142e9c83a7
[2024-12-19T08:58:05.910+0000] {taskinstance.py:3132} INFO - Exporting env vars: AIRFLOW_CTX_DAG_OWNER='mateo' AIRFLOW_CTX_DAG_ID='our_first_dag_v2' AIRFLOW_CTX_TASK_ID='second_task' AIRFLOW_CTX_EXECUTION_DATE='2023-11-06T00:00:00+00:00' AIRFLOW_CTX_TRY_NUMBER='1' AIRFLOW_CTX_DAG_RUN_ID='scheduled__2023-11-06T00:00:00+00:00'
[2024-12-19T08:58:05.914+0000] {taskinstance.py:731} INFO - ::endgroup::
[2024-12-19T08:58:05.967+0000] {subprocess.py:78} INFO - Tmp dir root location: /tmp
[2024-12-19T08:58:05.972+0000] {subprocess.py:88} INFO - Running command: ['/usr/bin/bash', '-c', 'echo I am the second task and i will me executed after first task']
[2024-12-19T08:58:06.003+0000] {subprocess.py:99} INFO - Output:
[2024-12-19T08:58:06.007+0000] {subprocess.py:106} INFO - I am the second task and i will me executed after first task
[2024-12-19T08:58:06.009+0000] {subprocess.py:110} INFO - Command exited with return code 0
[2024-12-19T08:58:06.050+0000] {taskinstance.py:340} INFO - ::group::Post task execution logs
[2024-12-19T08:58:06.051+0000] {taskinstance.py:352} INFO - Marking task as SUCCESS. dag_id=our_first_dag_v2, task_id=second_task, run_id=scheduled__2023-11-06T00:00:00+00:00, execution_date=20231106T000000, start_date=20241219T085805, end_date=20241219T085806
[2024-12-19T08:58:06.160+0000] {local_task_job_runner.py:266} INFO - Task exited with return code 0
[2024-12-19T08:58:06.183+0000] {local_task_job_runner.py:245} INFO - ::endgroup::
