[2024-12-19T13:51:21.535+0000] {local_task_job_runner.py:123} INFO - ::group::Pre task execution logs
[2024-12-19T13:51:21.565+0000] {taskinstance.py:2613} INFO - Dependencies all met for dep_context=non-requeueable deps ti=<TaskInstance: dag_with_taskflow_api.get_age scheduled__2024-09-28T00:00:00+00:00 [queued]>
[2024-12-19T13:51:21.581+0000] {taskinstance.py:2613} INFO - Dependencies all met for dep_context=requeueable deps ti=<TaskInstance: dag_with_taskflow_api.get_age scheduled__2024-09-28T00:00:00+00:00 [queued]>
[2024-12-19T13:51:21.582+0000] {taskinstance.py:2866} INFO - Starting attempt 1 of 6
[2024-12-19T13:51:21.600+0000] {taskinstance.py:2889} INFO - Executing <Task(_PythonDecoratedOperator): get_age> on 2024-09-28 00:00:00+00:00
[2024-12-19T13:51:21.615+0000] {logging_mixin.py:190} WARNING - /home/***/.local/lib/python3.12/site-packages/***/task/task_runner/standard_task_runner.py:70 DeprecationWarning: This process (pid=16106) is multi-threaded, use of fork() may lead to deadlocks in the child.
[2024-12-19T13:51:21.617+0000] {standard_task_runner.py:72} INFO - Started process 16111 to run task
[2024-12-19T13:51:21.625+0000] {standard_task_runner.py:104} INFO - Running: ['***', 'tasks', 'run', 'dag_with_taskflow_api', 'get_age', 'scheduled__2024-09-28T00:00:00+00:00', '--job-id', '4357', '--raw', '--subdir', 'DAGS_FOLDER/dag_with_taskflow_api.py', '--cfg-path', '/tmp/tmp1gp6w0yb']
[2024-12-19T13:51:21.628+0000] {standard_task_runner.py:105} INFO - Job 4357: Subtask get_age
[2024-12-19T13:51:21.718+0000] {task_command.py:467} INFO - Running <TaskInstance: dag_with_taskflow_api.get_age scheduled__2024-09-28T00:00:00+00:00 [running]> on host 02d979add40a
[2024-12-19T13:51:21.839+0000] {taskinstance.py:3132} INFO - Exporting env vars: AIRFLOW_CTX_DAG_OWNER='mateo' AIRFLOW_CTX_DAG_ID='dag_with_taskflow_api' AIRFLOW_CTX_TASK_ID='get_age' AIRFLOW_CTX_EXECUTION_DATE='2024-09-28T00:00:00+00:00' AIRFLOW_CTX_TRY_NUMBER='1' AIRFLOW_CTX_DAG_RUN_ID='scheduled__2024-09-28T00:00:00+00:00'
[2024-12-19T13:51:21.841+0000] {taskinstance.py:731} INFO - ::endgroup::
[2024-12-19T13:51:21.846+0000] {python.py:240} INFO - Done. Returned value was: 19
[2024-12-19T13:51:21.875+0000] {taskinstance.py:340} INFO - ::group::Post task execution logs
[2024-12-19T13:51:21.876+0000] {taskinstance.py:352} INFO - Marking task as SUCCESS. dag_id=dag_with_taskflow_api, task_id=get_age, run_id=scheduled__2024-09-28T00:00:00+00:00, execution_date=20240928T000000, start_date=20241219T135121, end_date=20241219T135121
[2024-12-19T13:51:21.923+0000] {local_task_job_runner.py:266} INFO - Task exited with return code 0
[2024-12-19T13:51:21.949+0000] {taskinstance.py:3895} INFO - 1 downstream tasks scheduled from follow-on schedule check
[2024-12-19T13:51:21.951+0000] {local_task_job_runner.py:245} INFO - ::endgroup::
[2024-12-20T10:28:55.623+0000] {local_task_job_runner.py:123} INFO - ::group::Pre task execution logs
[2024-12-20T10:28:55.644+0000] {taskinstance.py:2613} INFO - Dependencies all met for dep_context=non-requeueable deps ti=<TaskInstance: dag_with_taskflow_api.get_age scheduled__2024-09-28T00:00:00+00:00 [queued]>
[2024-12-20T10:28:55.658+0000] {taskinstance.py:2613} INFO - Dependencies all met for dep_context=requeueable deps ti=<TaskInstance: dag_with_taskflow_api.get_age scheduled__2024-09-28T00:00:00+00:00 [queued]>
[2024-12-20T10:28:55.660+0000] {taskinstance.py:2866} INFO - Starting attempt 1 of 6
[2024-12-20T10:28:55.684+0000] {taskinstance.py:2889} INFO - Executing <Task(_PythonDecoratedOperator): get_age> on 2024-09-28 00:00:00+00:00
[2024-12-20T10:28:55.753+0000] {logging_mixin.py:190} WARNING - /home/***/.local/lib/python3.12/site-packages/***/task/task_runner/standard_task_runner.py:70 DeprecationWarning: This process (pid=12702) is multi-threaded, use of fork() may lead to deadlocks in the child.
[2024-12-20T10:28:55.757+0000] {standard_task_runner.py:72} INFO - Started process 12707 to run task
[2024-12-20T10:28:55.753+0000] {standard_task_runner.py:104} INFO - Running: ['***', 'tasks', 'run', 'dag_with_taskflow_api', 'get_age', 'scheduled__2024-09-28T00:00:00+00:00', '--job-id', '4670', '--raw', '--subdir', 'DAGS_FOLDER/dag_with_taskflow_api.py', '--cfg-path', '/tmp/tmp8hhvc5vj']
[2024-12-20T10:28:55.778+0000] {standard_task_runner.py:105} INFO - Job 4670: Subtask get_age
[2024-12-20T10:28:55.893+0000] {task_command.py:467} INFO - Running <TaskInstance: dag_with_taskflow_api.get_age scheduled__2024-09-28T00:00:00+00:00 [running]> on host a998b5b3d359
[2024-12-20T10:28:56.015+0000] {taskinstance.py:3132} INFO - Exporting env vars: AIRFLOW_CTX_DAG_OWNER='mateo' AIRFLOW_CTX_DAG_ID='dag_with_taskflow_api' AIRFLOW_CTX_TASK_ID='get_age' AIRFLOW_CTX_EXECUTION_DATE='2024-09-28T00:00:00+00:00' AIRFLOW_CTX_TRY_NUMBER='1' AIRFLOW_CTX_DAG_RUN_ID='scheduled__2024-09-28T00:00:00+00:00'
[2024-12-20T10:28:56.018+0000] {taskinstance.py:731} INFO - ::endgroup::
[2024-12-20T10:28:56.023+0000] {python.py:240} INFO - Done. Returned value was: 19
[2024-12-20T10:28:56.050+0000] {taskinstance.py:340} INFO - ::group::Post task execution logs
[2024-12-20T10:28:56.051+0000] {taskinstance.py:352} INFO - Marking task as SUCCESS. dag_id=dag_with_taskflow_api, task_id=get_age, run_id=scheduled__2024-09-28T00:00:00+00:00, execution_date=20240928T000000, start_date=20241220T102855, end_date=20241220T102856
[2024-12-20T10:28:56.103+0000] {local_task_job_runner.py:266} INFO - Task exited with return code 0
[2024-12-20T10:28:56.138+0000] {taskinstance.py:3895} INFO - 1 downstream tasks scheduled from follow-on schedule check
[2024-12-20T10:28:56.141+0000] {local_task_job_runner.py:245} INFO - ::endgroup::
