[2024-12-19T13:51:18.580+0000] {local_task_job_runner.py:123} INFO - ::group::Pre task execution logs
[2024-12-19T13:51:18.680+0000] {taskinstance.py:2613} INFO - Dependencies all met for dep_context=non-requeueable deps ti=<TaskInstance: dag_with_taskflow_api.greet scheduled__2024-09-20T00:00:00+00:00 [queued]>
[2024-12-19T13:51:18.717+0000] {taskinstance.py:2613} INFO - Dependencies all met for dep_context=requeueable deps ti=<TaskInstance: dag_with_taskflow_api.greet scheduled__2024-09-20T00:00:00+00:00 [queued]>
[2024-12-19T13:51:18.722+0000] {taskinstance.py:2866} INFO - Starting attempt 1 of 6
[2024-12-19T13:51:18.975+0000] {taskinstance.py:2889} INFO - Executing <Task(_PythonDecoratedOperator): greet> on 2024-09-20 00:00:00+00:00
[2024-12-19T13:51:18.990+0000] {logging_mixin.py:190} WARNING - /home/***/.local/lib/python3.12/site-packages/***/task/task_runner/standard_task_runner.py:70 DeprecationWarning: This process (pid=16055) is multi-threaded, use of fork() may lead to deadlocks in the child.
[2024-12-19T13:51:18.998+0000] {standard_task_runner.py:72} INFO - Started process 16070 to run task
[2024-12-19T13:51:18.996+0000] {standard_task_runner.py:104} INFO - Running: ['***', 'tasks', 'run', 'dag_with_taskflow_api', 'greet', 'scheduled__2024-09-20T00:00:00+00:00', '--job-id', '4343', '--raw', '--subdir', 'DAGS_FOLDER/dag_with_taskflow_api.py', '--cfg-path', '/tmp/tmp7nvzq6v9']
[2024-12-19T13:51:19.001+0000] {standard_task_runner.py:105} INFO - Job 4343: Subtask greet
[2024-12-19T13:51:19.162+0000] {task_command.py:467} INFO - Running <TaskInstance: dag_with_taskflow_api.greet scheduled__2024-09-20T00:00:00+00:00 [running]> on host 02d979add40a
[2024-12-19T13:51:19.407+0000] {taskinstance.py:3132} INFO - Exporting env vars: AIRFLOW_CTX_DAG_OWNER='mateo' AIRFLOW_CTX_DAG_ID='dag_with_taskflow_api' AIRFLOW_CTX_TASK_ID='greet' AIRFLOW_CTX_EXECUTION_DATE='2024-09-20T00:00:00+00:00' AIRFLOW_CTX_TRY_NUMBER='1' AIRFLOW_CTX_DAG_RUN_ID='scheduled__2024-09-20T00:00:00+00:00'
[2024-12-19T13:51:19.413+0000] {taskinstance.py:731} INFO - ::endgroup::
[2024-12-19T13:51:19.416+0000] {logging_mixin.py:190} INFO - My name is Jerry. I am 19 years old.
[2024-12-19T13:51:19.424+0000] {python.py:240} INFO - Done. Returned value was: None
[2024-12-19T13:51:19.444+0000] {taskinstance.py:340} INFO - ::group::Post task execution logs
[2024-12-19T13:51:19.445+0000] {taskinstance.py:352} INFO - Marking task as SUCCESS. dag_id=dag_with_taskflow_api, task_id=greet, run_id=scheduled__2024-09-20T00:00:00+00:00, execution_date=20240920T000000, start_date=20241219T135118, end_date=20241219T135119
[2024-12-19T13:51:19.513+0000] {local_task_job_runner.py:266} INFO - Task exited with return code 0
[2024-12-19T13:51:19.556+0000] {taskinstance.py:3895} INFO - 0 downstream tasks scheduled from follow-on schedule check
[2024-12-19T13:51:19.572+0000] {local_task_job_runner.py:245} INFO - ::endgroup::
[2024-12-20T10:28:49.047+0000] {local_task_job_runner.py:123} INFO - ::group::Pre task execution logs
[2024-12-20T10:28:49.067+0000] {taskinstance.py:2613} INFO - Dependencies all met for dep_context=non-requeueable deps ti=<TaskInstance: dag_with_taskflow_api.greet scheduled__2024-09-20T00:00:00+00:00 [queued]>
[2024-12-20T10:28:49.080+0000] {taskinstance.py:2613} INFO - Dependencies all met for dep_context=requeueable deps ti=<TaskInstance: dag_with_taskflow_api.greet scheduled__2024-09-20T00:00:00+00:00 [queued]>
[2024-12-20T10:28:49.081+0000] {taskinstance.py:2866} INFO - Starting attempt 1 of 6
[2024-12-20T10:28:49.095+0000] {taskinstance.py:2889} INFO - Executing <Task(_PythonDecoratedOperator): greet> on 2024-09-20 00:00:00+00:00
[2024-12-20T10:28:49.106+0000] {logging_mixin.py:190} WARNING - /home/***/.local/lib/python3.12/site-packages/***/task/task_runner/standard_task_runner.py:70 DeprecationWarning: This process (pid=12639) is multi-threaded, use of fork() may lead to deadlocks in the child.
[2024-12-20T10:28:49.106+0000] {standard_task_runner.py:104} INFO - Running: ['***', 'tasks', 'run', 'dag_with_taskflow_api', 'greet', 'scheduled__2024-09-20T00:00:00+00:00', '--job-id', '4651', '--raw', '--subdir', 'DAGS_FOLDER/dag_with_taskflow_api.py', '--cfg-path', '/tmp/tmpvzma2qmb']
[2024-12-20T10:28:49.111+0000] {standard_task_runner.py:72} INFO - Started process 12648 to run task
[2024-12-20T10:28:49.112+0000] {standard_task_runner.py:105} INFO - Job 4651: Subtask greet
[2024-12-20T10:28:49.165+0000] {task_command.py:467} INFO - Running <TaskInstance: dag_with_taskflow_api.greet scheduled__2024-09-20T00:00:00+00:00 [running]> on host a998b5b3d359
[2024-12-20T10:28:49.270+0000] {taskinstance.py:3132} INFO - Exporting env vars: AIRFLOW_CTX_DAG_OWNER='mateo' AIRFLOW_CTX_DAG_ID='dag_with_taskflow_api' AIRFLOW_CTX_TASK_ID='greet' AIRFLOW_CTX_EXECUTION_DATE='2024-09-20T00:00:00+00:00' AIRFLOW_CTX_TRY_NUMBER='1' AIRFLOW_CTX_DAG_RUN_ID='scheduled__2024-09-20T00:00:00+00:00'
[2024-12-20T10:28:49.273+0000] {taskinstance.py:731} INFO - ::endgroup::
[2024-12-20T10:28:49.276+0000] {logging_mixin.py:190} INFO - My name is Jerry. I am 19 years old.
[2024-12-20T10:28:49.277+0000] {python.py:240} INFO - Done. Returned value was: None
[2024-12-20T10:28:49.286+0000] {taskinstance.py:340} INFO - ::group::Post task execution logs
[2024-12-20T10:28:49.287+0000] {taskinstance.py:352} INFO - Marking task as SUCCESS. dag_id=dag_with_taskflow_api, task_id=greet, run_id=scheduled__2024-09-20T00:00:00+00:00, execution_date=20240920T000000, start_date=20241220T102849, end_date=20241220T102849
[2024-12-20T10:28:49.328+0000] {local_task_job_runner.py:266} INFO - Task exited with return code 0
[2024-12-20T10:28:49.344+0000] {taskinstance.py:3895} INFO - 0 downstream tasks scheduled from follow-on schedule check
[2024-12-20T10:28:49.346+0000] {local_task_job_runner.py:245} INFO - ::endgroup::
