[2024-12-19T08:54:16.171+0000] {local_task_job_runner.py:123} INFO - ::group::Pre task execution logs
[2024-12-19T08:54:16.194+0000] {taskinstance.py:2613} INFO - Dependencies all met for dep_context=non-requeueable deps ti=<TaskInstance: our_first_dag_v2.second_task scheduled__2022-10-03T00:00:00+00:00 [queued]>
[2024-12-19T08:54:16.227+0000] {taskinstance.py:2613} INFO - Dependencies all met for dep_context=requeueable deps ti=<TaskInstance: our_first_dag_v2.second_task scheduled__2022-10-03T00:00:00+00:00 [queued]>
[2024-12-19T08:54:16.228+0000] {taskinstance.py:2866} INFO - Starting attempt 1 of 6
[2024-12-19T08:54:16.319+0000] {taskinstance.py:2889} INFO - Executing <Task(BashOperator): second_task> on 2022-10-03 00:00:00+00:00
[2024-12-19T08:54:16.333+0000] {logging_mixin.py:190} WARNING - /home/***/.local/lib/python3.12/site-packages/***/task/task_runner/standard_task_runner.py:70 DeprecationWarning: This process (pid=5542) is multi-threaded, use of fork() may lead to deadlocks in the child.
[2024-12-19T08:54:16.336+0000] {standard_task_runner.py:72} INFO - Started process 5555 to run task
[2024-12-19T08:54:16.344+0000] {standard_task_runner.py:104} INFO - Running: ['***', 'tasks', 'run', 'our_first_dag_v2', 'second_task', 'scheduled__2022-10-03T00:00:00+00:00', '--job-id', '1222', '--raw', '--subdir', 'DAGS_FOLDER/our_first_dag.py', '--cfg-path', '/tmp/tmpwt576jyp']
[2024-12-19T08:54:16.353+0000] {standard_task_runner.py:105} INFO - Job 1222: Subtask second_task
[2024-12-19T08:54:16.425+0000] {task_command.py:467} INFO - Running <TaskInstance: our_first_dag_v2.second_task scheduled__2022-10-03T00:00:00+00:00 [running]> on host 8d142e9c83a7
[2024-12-19T08:54:16.592+0000] {taskinstance.py:3132} INFO - Exporting env vars: AIRFLOW_CTX_DAG_OWNER='mateo' AIRFLOW_CTX_DAG_ID='our_first_dag_v2' AIRFLOW_CTX_TASK_ID='second_task' AIRFLOW_CTX_EXECUTION_DATE='2022-10-03T00:00:00+00:00' AIRFLOW_CTX_TRY_NUMBER='1' AIRFLOW_CTX_DAG_RUN_ID='scheduled__2022-10-03T00:00:00+00:00'
[2024-12-19T08:54:16.593+0000] {taskinstance.py:731} INFO - ::endgroup::
[2024-12-19T08:54:16.630+0000] {subprocess.py:78} INFO - Tmp dir root location: /tmp
[2024-12-19T08:54:16.632+0000] {subprocess.py:88} INFO - Running command: ['/usr/bin/bash', '-c', 'echo I am the second task and i will me executed after first task']
[2024-12-19T08:54:16.673+0000] {subprocess.py:99} INFO - Output:
[2024-12-19T08:54:16.677+0000] {subprocess.py:106} INFO - I am the second task and i will me executed after first task
[2024-12-19T08:54:16.679+0000] {subprocess.py:110} INFO - Command exited with return code 0
[2024-12-19T08:54:16.725+0000] {taskinstance.py:340} INFO - ::group::Post task execution logs
[2024-12-19T08:54:16.726+0000] {taskinstance.py:352} INFO - Marking task as SUCCESS. dag_id=our_first_dag_v2, task_id=second_task, run_id=scheduled__2022-10-03T00:00:00+00:00, execution_date=20221003T000000, start_date=20241219T085416, end_date=20241219T085416
[2024-12-19T08:54:16.758+0000] {local_task_job_runner.py:266} INFO - Task exited with return code 0
[2024-12-19T08:54:16.774+0000] {taskinstance.py:3895} INFO - 0 downstream tasks scheduled from follow-on schedule check
[2024-12-19T08:54:16.779+0000] {local_task_job_runner.py:245} INFO - ::endgroup::
