[2024-12-19T13:51:19.766+0000] {local_task_job_runner.py:123} INFO - ::group::Pre task execution logs
[2024-12-19T13:51:19.813+0000] {taskinstance.py:2613} INFO - Dependencies all met for dep_context=non-requeueable deps ti=<TaskInstance: dag_with_taskflow_api.greet scheduled__2024-09-23T00:00:00+00:00 [queued]>
[2024-12-19T13:51:19.848+0000] {taskinstance.py:2613} INFO - Dependencies all met for dep_context=requeueable deps ti=<TaskInstance: dag_with_taskflow_api.greet scheduled__2024-09-23T00:00:00+00:00 [queued]>
[2024-12-19T13:51:19.849+0000] {taskinstance.py:2866} INFO - Starting attempt 1 of 6
[2024-12-19T13:51:19.878+0000] {taskinstance.py:2889} INFO - Executing <Task(_PythonDecoratedOperator): greet> on 2024-09-23 00:00:00+00:00
[2024-12-19T13:51:19.891+0000] {logging_mixin.py:190} WARNING - /home/***/.local/lib/python3.12/site-packages/***/task/task_runner/standard_task_runner.py:70 DeprecationWarning: This process (pid=16078) is multi-threaded, use of fork() may lead to deadlocks in the child.
[2024-12-19T13:51:19.898+0000] {standard_task_runner.py:72} INFO - Started process 16090 to run task
[2024-12-19T13:51:19.917+0000] {standard_task_runner.py:104} INFO - Running: ['***', 'tasks', 'run', 'dag_with_taskflow_api', 'greet', 'scheduled__2024-09-23T00:00:00+00:00', '--job-id', '4351', '--raw', '--subdir', 'DAGS_FOLDER/dag_with_taskflow_api.py', '--cfg-path', '/tmp/tmpj25enuae']
[2024-12-19T13:51:19.926+0000] {standard_task_runner.py:105} INFO - Job 4351: Subtask greet
[2024-12-19T13:51:20.056+0000] {task_command.py:467} INFO - Running <TaskInstance: dag_with_taskflow_api.greet scheduled__2024-09-23T00:00:00+00:00 [running]> on host 02d979add40a
[2024-12-19T13:51:20.338+0000] {taskinstance.py:3132} INFO - Exporting env vars: AIRFLOW_CTX_DAG_OWNER='mateo' AIRFLOW_CTX_DAG_ID='dag_with_taskflow_api' AIRFLOW_CTX_TASK_ID='greet' AIRFLOW_CTX_EXECUTION_DATE='2024-09-23T00:00:00+00:00' AIRFLOW_CTX_TRY_NUMBER='1' AIRFLOW_CTX_DAG_RUN_ID='scheduled__2024-09-23T00:00:00+00:00'
[2024-12-19T13:51:20.340+0000] {taskinstance.py:731} INFO - ::endgroup::
[2024-12-19T13:51:20.345+0000] {logging_mixin.py:190} INFO - My name is Jerry. I am 19 years old.
[2024-12-19T13:51:20.346+0000] {python.py:240} INFO - Done. Returned value was: None
[2024-12-19T13:51:20.363+0000] {taskinstance.py:340} INFO - ::group::Post task execution logs
[2024-12-19T13:51:20.365+0000] {taskinstance.py:352} INFO - Marking task as SUCCESS. dag_id=dag_with_taskflow_api, task_id=greet, run_id=scheduled__2024-09-23T00:00:00+00:00, execution_date=20240923T000000, start_date=20241219T135119, end_date=20241219T135120
[2024-12-19T13:51:20.410+0000] {local_task_job_runner.py:266} INFO - Task exited with return code 0
[2024-12-19T13:51:20.446+0000] {taskinstance.py:3895} INFO - 0 downstream tasks scheduled from follow-on schedule check
[2024-12-19T13:51:20.451+0000] {local_task_job_runner.py:245} INFO - ::endgroup::
[2024-12-20T10:28:54.747+0000] {local_task_job_runner.py:123} INFO - ::group::Pre task execution logs
[2024-12-20T10:28:54.774+0000] {taskinstance.py:2613} INFO - Dependencies all met for dep_context=non-requeueable deps ti=<TaskInstance: dag_with_taskflow_api.greet scheduled__2024-09-23T00:00:00+00:00 [queued]>
[2024-12-20T10:28:54.788+0000] {taskinstance.py:2613} INFO - Dependencies all met for dep_context=requeueable deps ti=<TaskInstance: dag_with_taskflow_api.greet scheduled__2024-09-23T00:00:00+00:00 [queued]>
[2024-12-20T10:28:54.789+0000] {taskinstance.py:2866} INFO - Starting attempt 1 of 6
[2024-12-20T10:28:54.808+0000] {taskinstance.py:2889} INFO - Executing <Task(_PythonDecoratedOperator): greet> on 2024-09-23 00:00:00+00:00
[2024-12-20T10:28:54.819+0000] {logging_mixin.py:190} WARNING - /home/***/.local/lib/python3.12/site-packages/***/task/task_runner/standard_task_runner.py:70 DeprecationWarning: This process (pid=12682) is multi-threaded, use of fork() may lead to deadlocks in the child.
[2024-12-20T10:28:54.823+0000] {standard_task_runner.py:72} INFO - Started process 12689 to run task
[2024-12-20T10:28:54.821+0000] {standard_task_runner.py:104} INFO - Running: ['***', 'tasks', 'run', 'dag_with_taskflow_api', 'greet', 'scheduled__2024-09-23T00:00:00+00:00', '--job-id', '4665', '--raw', '--subdir', 'DAGS_FOLDER/dag_with_taskflow_api.py', '--cfg-path', '/tmp/tmpj8xbuq6s']
[2024-12-20T10:28:54.828+0000] {standard_task_runner.py:105} INFO - Job 4665: Subtask greet
[2024-12-20T10:28:54.949+0000] {task_command.py:467} INFO - Running <TaskInstance: dag_with_taskflow_api.greet scheduled__2024-09-23T00:00:00+00:00 [running]> on host a998b5b3d359
[2024-12-20T10:28:55.254+0000] {taskinstance.py:3132} INFO - Exporting env vars: AIRFLOW_CTX_DAG_OWNER='mateo' AIRFLOW_CTX_DAG_ID='dag_with_taskflow_api' AIRFLOW_CTX_TASK_ID='greet' AIRFLOW_CTX_EXECUTION_DATE='2024-09-23T00:00:00+00:00' AIRFLOW_CTX_TRY_NUMBER='1' AIRFLOW_CTX_DAG_RUN_ID='scheduled__2024-09-23T00:00:00+00:00'
[2024-12-20T10:28:55.259+0000] {taskinstance.py:731} INFO - ::endgroup::
[2024-12-20T10:28:55.265+0000] {logging_mixin.py:190} INFO - My name is Jerry. I am 19 years old.
[2024-12-20T10:28:55.266+0000] {python.py:240} INFO - Done. Returned value was: None
[2024-12-20T10:28:55.280+0000] {taskinstance.py:340} INFO - ::group::Post task execution logs
[2024-12-20T10:28:55.284+0000] {taskinstance.py:352} INFO - Marking task as SUCCESS. dag_id=dag_with_taskflow_api, task_id=greet, run_id=scheduled__2024-09-23T00:00:00+00:00, execution_date=20240923T000000, start_date=20241220T102854, end_date=20241220T102855
[2024-12-20T10:28:55.380+0000] {local_task_job_runner.py:266} INFO - Task exited with return code 0
[2024-12-20T10:28:55.405+0000] {taskinstance.py:3895} INFO - 0 downstream tasks scheduled from follow-on schedule check
[2024-12-20T10:28:55.410+0000] {local_task_job_runner.py:245} INFO - ::endgroup::
