[2024-12-19T13:52:05.117+0000] {local_task_job_runner.py:123} INFO - ::group::Pre task execution logs
[2024-12-19T13:52:05.192+0000] {taskinstance.py:2613} INFO - Dependencies all met for dep_context=non-requeueable deps ti=<TaskInstance: dag_with_taskflow_api.get_age scheduled__2024-11-19T00:00:00+00:00 [queued]>
[2024-12-19T13:52:05.217+0000] {taskinstance.py:2613} INFO - Dependencies all met for dep_context=requeueable deps ti=<TaskInstance: dag_with_taskflow_api.get_age scheduled__2024-11-19T00:00:00+00:00 [queued]>
[2024-12-19T13:52:05.219+0000] {taskinstance.py:2866} INFO - Starting attempt 1 of 6
[2024-12-19T13:52:05.268+0000] {taskinstance.py:2889} INFO - Executing <Task(_PythonDecoratedOperator): get_age> on 2024-11-19 00:00:00+00:00
[2024-12-19T13:52:05.308+0000] {standard_task_runner.py:104} INFO - Running: ['***', 'tasks', 'run', 'dag_with_taskflow_api', 'get_age', 'scheduled__2024-11-19T00:00:00+00:00', '--job-id', '4513', '--raw', '--subdir', 'DAGS_FOLDER/dag_with_taskflow_api.py', '--cfg-path', '/tmp/tmp9mv2vept']
[2024-12-19T13:52:05.331+0000] {standard_task_runner.py:105} INFO - Job 4513: Subtask get_age
[2024-12-19T13:52:05.334+0000] {logging_mixin.py:190} WARNING - /home/***/.local/lib/python3.12/site-packages/***/task/task_runner/standard_task_runner.py:70 DeprecationWarning: This process (pid=16597) is multi-threaded, use of fork() may lead to deadlocks in the child.
[2024-12-19T13:52:05.338+0000] {standard_task_runner.py:72} INFO - Started process 16607 to run task
[2024-12-19T13:52:05.505+0000] {task_command.py:467} INFO - Running <TaskInstance: dag_with_taskflow_api.get_age scheduled__2024-11-19T00:00:00+00:00 [running]> on host 02d979add40a
[2024-12-19T13:52:05.894+0000] {taskinstance.py:3132} INFO - Exporting env vars: AIRFLOW_CTX_DAG_OWNER='mateo' AIRFLOW_CTX_DAG_ID='dag_with_taskflow_api' AIRFLOW_CTX_TASK_ID='get_age' AIRFLOW_CTX_EXECUTION_DATE='2024-11-19T00:00:00+00:00' AIRFLOW_CTX_TRY_NUMBER='1' AIRFLOW_CTX_DAG_RUN_ID='scheduled__2024-11-19T00:00:00+00:00'
[2024-12-19T13:52:05.898+0000] {taskinstance.py:731} INFO - ::endgroup::
[2024-12-19T13:52:05.901+0000] {python.py:240} INFO - Done. Returned value was: 19
[2024-12-19T13:52:05.944+0000] {taskinstance.py:340} INFO - ::group::Post task execution logs
[2024-12-19T13:52:05.946+0000] {taskinstance.py:352} INFO - Marking task as SUCCESS. dag_id=dag_with_taskflow_api, task_id=get_age, run_id=scheduled__2024-11-19T00:00:00+00:00, execution_date=20241119T000000, start_date=20241219T135205, end_date=20241219T135205
[2024-12-19T13:52:06.020+0000] {local_task_job_runner.py:266} INFO - Task exited with return code 0
[2024-12-19T13:52:06.047+0000] {local_task_job_runner.py:245} INFO - ::endgroup::
[2024-12-20T10:29:34.513+0000] {local_task_job_runner.py:123} INFO - ::group::Pre task execution logs
[2024-12-20T10:29:34.546+0000] {taskinstance.py:2613} INFO - Dependencies all met for dep_context=non-requeueable deps ti=<TaskInstance: dag_with_taskflow_api.get_age scheduled__2024-11-19T00:00:00+00:00 [queued]>
[2024-12-20T10:29:34.573+0000] {taskinstance.py:2613} INFO - Dependencies all met for dep_context=requeueable deps ti=<TaskInstance: dag_with_taskflow_api.get_age scheduled__2024-11-19T00:00:00+00:00 [queued]>
[2024-12-20T10:29:34.581+0000] {taskinstance.py:2866} INFO - Starting attempt 1 of 6
[2024-12-20T10:29:34.616+0000] {taskinstance.py:2889} INFO - Executing <Task(_PythonDecoratedOperator): get_age> on 2024-11-19 00:00:00+00:00
[2024-12-20T10:29:34.635+0000] {logging_mixin.py:190} WARNING - /home/***/.local/lib/python3.12/site-packages/***/task/task_runner/standard_task_runner.py:70 DeprecationWarning: This process (pid=13204) is multi-threaded, use of fork() may lead to deadlocks in the child.
[2024-12-20T10:29:34.639+0000] {standard_task_runner.py:72} INFO - Started process 13214 to run task
[2024-12-20T10:29:34.638+0000] {standard_task_runner.py:104} INFO - Running: ['***', 'tasks', 'run', 'dag_with_taskflow_api', 'get_age', 'scheduled__2024-11-19T00:00:00+00:00', '--job-id', '4827', '--raw', '--subdir', 'DAGS_FOLDER/dag_with_taskflow_api.py', '--cfg-path', '/tmp/tmppu1y0566']
[2024-12-20T10:29:34.642+0000] {standard_task_runner.py:105} INFO - Job 4827: Subtask get_age
[2024-12-20T10:29:34.709+0000] {task_command.py:467} INFO - Running <TaskInstance: dag_with_taskflow_api.get_age scheduled__2024-11-19T00:00:00+00:00 [running]> on host a998b5b3d359
[2024-12-20T10:29:34.824+0000] {taskinstance.py:3132} INFO - Exporting env vars: AIRFLOW_CTX_DAG_OWNER='mateo' AIRFLOW_CTX_DAG_ID='dag_with_taskflow_api' AIRFLOW_CTX_TASK_ID='get_age' AIRFLOW_CTX_EXECUTION_DATE='2024-11-19T00:00:00+00:00' AIRFLOW_CTX_TRY_NUMBER='1' AIRFLOW_CTX_DAG_RUN_ID='scheduled__2024-11-19T00:00:00+00:00'
[2024-12-20T10:29:34.826+0000] {taskinstance.py:731} INFO - ::endgroup::
[2024-12-20T10:29:34.829+0000] {python.py:240} INFO - Done. Returned value was: 19
[2024-12-20T10:29:34.856+0000] {taskinstance.py:340} INFO - ::group::Post task execution logs
[2024-12-20T10:29:34.857+0000] {taskinstance.py:352} INFO - Marking task as SUCCESS. dag_id=dag_with_taskflow_api, task_id=get_age, run_id=scheduled__2024-11-19T00:00:00+00:00, execution_date=20241119T000000, start_date=20241220T102934, end_date=20241220T102934
[2024-12-20T10:29:34.901+0000] {local_task_job_runner.py:266} INFO - Task exited with return code 0
[2024-12-20T10:29:34.925+0000] {taskinstance.py:3895} INFO - 1 downstream tasks scheduled from follow-on schedule check
[2024-12-20T10:29:34.928+0000] {local_task_job_runner.py:245} INFO - ::endgroup::
