[2024-12-19T13:51:51.200+0000] {local_task_job_runner.py:123} INFO - ::group::Pre task execution logs
[2024-12-19T13:51:51.292+0000] {taskinstance.py:2613} INFO - Dependencies all met for dep_context=non-requeueable deps ti=<TaskInstance: dag_with_taskflow_api.get_age scheduled__2024-11-03T00:00:00+00:00 [queued]>
[2024-12-19T13:51:51.415+0000] {taskinstance.py:2613} INFO - Dependencies all met for dep_context=requeueable deps ti=<TaskInstance: dag_with_taskflow_api.get_age scheduled__2024-11-03T00:00:00+00:00 [queued]>
[2024-12-19T13:51:51.460+0000] {taskinstance.py:2866} INFO - Starting attempt 1 of 6
[2024-12-19T13:51:51.536+0000] {taskinstance.py:2889} INFO - Executing <Task(_PythonDecoratedOperator): get_age> on 2024-11-03 00:00:00+00:00
[2024-12-19T13:51:51.581+0000] {logging_mixin.py:190} WARNING - /home/***/.local/lib/python3.12/site-packages/***/task/task_runner/standard_task_runner.py:70 DeprecationWarning: This process (pid=16425) is multi-threaded, use of fork() may lead to deadlocks in the child.
[2024-12-19T13:51:51.588+0000] {standard_task_runner.py:72} INFO - Started process 16448 to run task
[2024-12-19T13:51:51.595+0000] {standard_task_runner.py:104} INFO - Running: ['***', 'tasks', 'run', 'dag_with_taskflow_api', 'get_age', 'scheduled__2024-11-03T00:00:00+00:00', '--job-id', '4461', '--raw', '--subdir', 'DAGS_FOLDER/dag_with_taskflow_api.py', '--cfg-path', '/tmp/tmp0w426yls']
[2024-12-19T13:51:51.611+0000] {standard_task_runner.py:105} INFO - Job 4461: Subtask get_age
[2024-12-19T13:51:51.841+0000] {task_command.py:467} INFO - Running <TaskInstance: dag_with_taskflow_api.get_age scheduled__2024-11-03T00:00:00+00:00 [running]> on host 02d979add40a
[2024-12-19T13:51:52.178+0000] {taskinstance.py:3132} INFO - Exporting env vars: AIRFLOW_CTX_DAG_OWNER='mateo' AIRFLOW_CTX_DAG_ID='dag_with_taskflow_api' AIRFLOW_CTX_TASK_ID='get_age' AIRFLOW_CTX_EXECUTION_DATE='2024-11-03T00:00:00+00:00' AIRFLOW_CTX_TRY_NUMBER='1' AIRFLOW_CTX_DAG_RUN_ID='scheduled__2024-11-03T00:00:00+00:00'
[2024-12-19T13:51:52.186+0000] {taskinstance.py:731} INFO - ::endgroup::
[2024-12-19T13:51:52.199+0000] {python.py:240} INFO - Done. Returned value was: 19
[2024-12-19T13:51:52.298+0000] {taskinstance.py:340} INFO - ::group::Post task execution logs
[2024-12-19T13:51:52.300+0000] {taskinstance.py:352} INFO - Marking task as SUCCESS. dag_id=dag_with_taskflow_api, task_id=get_age, run_id=scheduled__2024-11-03T00:00:00+00:00, execution_date=20241103T000000, start_date=20241219T135151, end_date=20241219T135152
[2024-12-19T13:51:52.430+0000] {local_task_job_runner.py:266} INFO - Task exited with return code 0
[2024-12-19T13:51:52.447+0000] {local_task_job_runner.py:245} INFO - ::endgroup::
[2024-12-20T10:29:26.757+0000] {local_task_job_runner.py:123} INFO - ::group::Pre task execution logs
[2024-12-20T10:29:26.788+0000] {taskinstance.py:2613} INFO - Dependencies all met for dep_context=non-requeueable deps ti=<TaskInstance: dag_with_taskflow_api.get_age scheduled__2024-11-03T00:00:00+00:00 [queued]>
[2024-12-20T10:29:26.834+0000] {taskinstance.py:2613} INFO - Dependencies all met for dep_context=requeueable deps ti=<TaskInstance: dag_with_taskflow_api.get_age scheduled__2024-11-03T00:00:00+00:00 [queued]>
[2024-12-20T10:29:26.920+0000] {taskinstance.py:2866} INFO - Starting attempt 1 of 6
[2024-12-20T10:29:27.028+0000] {taskinstance.py:2889} INFO - Executing <Task(_PythonDecoratedOperator): get_age> on 2024-11-03 00:00:00+00:00
[2024-12-20T10:29:27.043+0000] {logging_mixin.py:190} WARNING - /home/***/.local/lib/python3.12/site-packages/***/task/task_runner/standard_task_runner.py:70 DeprecationWarning: This process (pid=13074) is multi-threaded, use of fork() may lead to deadlocks in the child.
[2024-12-20T10:29:27.046+0000] {standard_task_runner.py:72} INFO - Started process 13078 to run task
[2024-12-20T10:29:27.043+0000] {standard_task_runner.py:104} INFO - Running: ['***', 'tasks', 'run', 'dag_with_taskflow_api', 'get_age', 'scheduled__2024-11-03T00:00:00+00:00', '--job-id', '4781', '--raw', '--subdir', 'DAGS_FOLDER/dag_with_taskflow_api.py', '--cfg-path', '/tmp/tmpyg594eev']
[2024-12-20T10:29:27.048+0000] {standard_task_runner.py:105} INFO - Job 4781: Subtask get_age
[2024-12-20T10:29:27.149+0000] {task_command.py:467} INFO - Running <TaskInstance: dag_with_taskflow_api.get_age scheduled__2024-11-03T00:00:00+00:00 [running]> on host a998b5b3d359
[2024-12-20T10:29:27.307+0000] {taskinstance.py:3132} INFO - Exporting env vars: AIRFLOW_CTX_DAG_OWNER='mateo' AIRFLOW_CTX_DAG_ID='dag_with_taskflow_api' AIRFLOW_CTX_TASK_ID='get_age' AIRFLOW_CTX_EXECUTION_DATE='2024-11-03T00:00:00+00:00' AIRFLOW_CTX_TRY_NUMBER='1' AIRFLOW_CTX_DAG_RUN_ID='scheduled__2024-11-03T00:00:00+00:00'
[2024-12-20T10:29:27.309+0000] {taskinstance.py:731} INFO - ::endgroup::
[2024-12-20T10:29:27.312+0000] {python.py:240} INFO - Done. Returned value was: 19
[2024-12-20T10:29:27.354+0000] {taskinstance.py:340} INFO - ::group::Post task execution logs
[2024-12-20T10:29:27.357+0000] {taskinstance.py:352} INFO - Marking task as SUCCESS. dag_id=dag_with_taskflow_api, task_id=get_age, run_id=scheduled__2024-11-03T00:00:00+00:00, execution_date=20241103T000000, start_date=20241220T102926, end_date=20241220T102927
[2024-12-20T10:29:27.398+0000] {local_task_job_runner.py:266} INFO - Task exited with return code 0
[2024-12-20T10:29:27.419+0000] {local_task_job_runner.py:245} INFO - ::endgroup::
