[2024-12-19T13:51:32.292+0000] {local_task_job_runner.py:123} INFO - ::group::Pre task execution logs
[2024-12-19T13:51:32.363+0000] {taskinstance.py:2613} INFO - Dependencies all met for dep_context=non-requeueable deps ti=<TaskInstance: dag_with_taskflow_api.get_age scheduled__2024-10-11T00:00:00+00:00 [queued]>
[2024-12-19T13:51:32.390+0000] {taskinstance.py:2613} INFO - Dependencies all met for dep_context=requeueable deps ti=<TaskInstance: dag_with_taskflow_api.get_age scheduled__2024-10-11T00:00:00+00:00 [queued]>
[2024-12-19T13:51:32.397+0000] {taskinstance.py:2866} INFO - Starting attempt 1 of 6
[2024-12-19T13:51:32.582+0000] {taskinstance.py:2889} INFO - Executing <Task(_PythonDecoratedOperator): get_age> on 2024-10-11 00:00:00+00:00
[2024-12-19T13:51:32.652+0000] {logging_mixin.py:190} WARNING - /home/***/.local/lib/python3.12/site-packages/***/task/task_runner/standard_task_runner.py:70 DeprecationWarning: This process (pid=16206) is multi-threaded, use of fork() may lead to deadlocks in the child.
[2024-12-19T13:51:32.667+0000] {standard_task_runner.py:72} INFO - Started process 16223 to run task
[2024-12-19T13:51:32.697+0000] {standard_task_runner.py:104} INFO - Running: ['***', 'tasks', 'run', 'dag_with_taskflow_api', 'get_age', 'scheduled__2024-10-11T00:00:00+00:00', '--job-id', '4392', '--raw', '--subdir', 'DAGS_FOLDER/dag_with_taskflow_api.py', '--cfg-path', '/tmp/tmp8zoopa4z']
[2024-12-19T13:51:32.720+0000] {standard_task_runner.py:105} INFO - Job 4392: Subtask get_age
[2024-12-19T13:51:32.899+0000] {task_command.py:467} INFO - Running <TaskInstance: dag_with_taskflow_api.get_age scheduled__2024-10-11T00:00:00+00:00 [running]> on host 02d979add40a
[2024-12-19T13:51:33.408+0000] {taskinstance.py:3132} INFO - Exporting env vars: AIRFLOW_CTX_DAG_OWNER='mateo' AIRFLOW_CTX_DAG_ID='dag_with_taskflow_api' AIRFLOW_CTX_TASK_ID='get_age' AIRFLOW_CTX_EXECUTION_DATE='2024-10-11T00:00:00+00:00' AIRFLOW_CTX_TRY_NUMBER='1' AIRFLOW_CTX_DAG_RUN_ID='scheduled__2024-10-11T00:00:00+00:00'
[2024-12-19T13:51:33.416+0000] {taskinstance.py:731} INFO - ::endgroup::
[2024-12-19T13:51:33.424+0000] {python.py:240} INFO - Done. Returned value was: 19
[2024-12-19T13:51:33.570+0000] {taskinstance.py:340} INFO - ::group::Post task execution logs
[2024-12-19T13:51:33.580+0000] {taskinstance.py:352} INFO - Marking task as SUCCESS. dag_id=dag_with_taskflow_api, task_id=get_age, run_id=scheduled__2024-10-11T00:00:00+00:00, execution_date=20241011T000000, start_date=20241219T135132, end_date=20241219T135133
[2024-12-19T13:51:33.778+0000] {local_task_job_runner.py:266} INFO - Task exited with return code 0
[2024-12-19T13:51:33.885+0000] {taskinstance.py:3895} INFO - 1 downstream tasks scheduled from follow-on schedule check
[2024-12-19T13:51:33.908+0000] {local_task_job_runner.py:245} INFO - ::endgroup::
[2024-12-20T10:29:07.240+0000] {local_task_job_runner.py:123} INFO - ::group::Pre task execution logs
[2024-12-20T10:29:07.264+0000] {taskinstance.py:2613} INFO - Dependencies all met for dep_context=non-requeueable deps ti=<TaskInstance: dag_with_taskflow_api.get_age scheduled__2024-10-11T00:00:00+00:00 [queued]>
[2024-12-20T10:29:07.288+0000] {taskinstance.py:2613} INFO - Dependencies all met for dep_context=requeueable deps ti=<TaskInstance: dag_with_taskflow_api.get_age scheduled__2024-10-11T00:00:00+00:00 [queued]>
[2024-12-20T10:29:07.290+0000] {taskinstance.py:2866} INFO - Starting attempt 1 of 6
[2024-12-20T10:29:07.306+0000] {taskinstance.py:2889} INFO - Executing <Task(_PythonDecoratedOperator): get_age> on 2024-10-11 00:00:00+00:00
[2024-12-20T10:29:07.340+0000] {logging_mixin.py:190} WARNING - /home/***/.local/lib/python3.12/site-packages/***/task/task_runner/standard_task_runner.py:70 DeprecationWarning: This process (pid=12824) is multi-threaded, use of fork() may lead to deadlocks in the child.
[2024-12-20T10:29:07.343+0000] {standard_task_runner.py:72} INFO - Started process 12836 to run task
[2024-12-20T10:29:07.341+0000] {standard_task_runner.py:104} INFO - Running: ['***', 'tasks', 'run', 'dag_with_taskflow_api', 'get_age', 'scheduled__2024-10-11T00:00:00+00:00', '--job-id', '4711', '--raw', '--subdir', 'DAGS_FOLDER/dag_with_taskflow_api.py', '--cfg-path', '/tmp/tmpsts4izf8']
[2024-12-20T10:29:07.356+0000] {standard_task_runner.py:105} INFO - Job 4711: Subtask get_age
[2024-12-20T10:29:07.449+0000] {task_command.py:467} INFO - Running <TaskInstance: dag_with_taskflow_api.get_age scheduled__2024-10-11T00:00:00+00:00 [running]> on host a998b5b3d359
[2024-12-20T10:29:07.623+0000] {taskinstance.py:3132} INFO - Exporting env vars: AIRFLOW_CTX_DAG_OWNER='mateo' AIRFLOW_CTX_DAG_ID='dag_with_taskflow_api' AIRFLOW_CTX_TASK_ID='get_age' AIRFLOW_CTX_EXECUTION_DATE='2024-10-11T00:00:00+00:00' AIRFLOW_CTX_TRY_NUMBER='1' AIRFLOW_CTX_DAG_RUN_ID='scheduled__2024-10-11T00:00:00+00:00'
[2024-12-20T10:29:07.628+0000] {taskinstance.py:731} INFO - ::endgroup::
[2024-12-20T10:29:07.636+0000] {python.py:240} INFO - Done. Returned value was: 19
[2024-12-20T10:29:07.676+0000] {taskinstance.py:340} INFO - ::group::Post task execution logs
[2024-12-20T10:29:07.678+0000] {taskinstance.py:352} INFO - Marking task as SUCCESS. dag_id=dag_with_taskflow_api, task_id=get_age, run_id=scheduled__2024-10-11T00:00:00+00:00, execution_date=20241011T000000, start_date=20241220T102907, end_date=20241220T102907
[2024-12-20T10:29:07.933+0000] {local_task_job_runner.py:266} INFO - Task exited with return code 0
[2024-12-20T10:29:07.970+0000] {taskinstance.py:3895} INFO - 1 downstream tasks scheduled from follow-on schedule check
[2024-12-20T10:29:07.976+0000] {local_task_job_runner.py:245} INFO - ::endgroup::
