[2024-12-19T13:51:54.605+0000] {local_task_job_runner.py:123} INFO - ::group::Pre task execution logs
[2024-12-19T13:51:54.673+0000] {taskinstance.py:2613} INFO - Dependencies all met for dep_context=non-requeueable deps ti=<TaskInstance: dag_with_taskflow_api.greet scheduled__2024-11-06T00:00:00+00:00 [queued]>
[2024-12-19T13:51:54.692+0000] {taskinstance.py:2613} INFO - Dependencies all met for dep_context=requeueable deps ti=<TaskInstance: dag_with_taskflow_api.greet scheduled__2024-11-06T00:00:00+00:00 [queued]>
[2024-12-19T13:51:54.694+0000] {taskinstance.py:2866} INFO - Starting attempt 1 of 6
[2024-12-19T13:51:54.716+0000] {taskinstance.py:2889} INFO - Executing <Task(_PythonDecoratedOperator): greet> on 2024-11-06 00:00:00+00:00
[2024-12-19T13:51:54.731+0000] {logging_mixin.py:190} WARNING - /home/***/.local/lib/python3.12/site-packages/***/task/task_runner/standard_task_runner.py:70 DeprecationWarning: This process (pid=16491) is multi-threaded, use of fork() may lead to deadlocks in the child.
[2024-12-19T13:51:54.736+0000] {standard_task_runner.py:72} INFO - Started process 16501 to run task
[2024-12-19T13:51:54.731+0000] {standard_task_runner.py:104} INFO - Running: ['***', 'tasks', 'run', 'dag_with_taskflow_api', 'greet', 'scheduled__2024-11-06T00:00:00+00:00', '--job-id', '4480', '--raw', '--subdir', 'DAGS_FOLDER/dag_with_taskflow_api.py', '--cfg-path', '/tmp/tmpaocj1fkb']
[2024-12-19T13:51:54.749+0000] {standard_task_runner.py:105} INFO - Job 4480: Subtask greet
[2024-12-19T13:51:54.954+0000] {task_command.py:467} INFO - Running <TaskInstance: dag_with_taskflow_api.greet scheduled__2024-11-06T00:00:00+00:00 [running]> on host 02d979add40a
[2024-12-19T13:51:55.119+0000] {taskinstance.py:3132} INFO - Exporting env vars: AIRFLOW_CTX_DAG_OWNER='mateo' AIRFLOW_CTX_DAG_ID='dag_with_taskflow_api' AIRFLOW_CTX_TASK_ID='greet' AIRFLOW_CTX_EXECUTION_DATE='2024-11-06T00:00:00+00:00' AIRFLOW_CTX_TRY_NUMBER='1' AIRFLOW_CTX_DAG_RUN_ID='scheduled__2024-11-06T00:00:00+00:00'
[2024-12-19T13:51:55.123+0000] {taskinstance.py:731} INFO - ::endgroup::
[2024-12-19T13:51:55.127+0000] {logging_mixin.py:190} INFO - My name is Jerry. I am 19 years old.
[2024-12-19T13:51:55.129+0000] {python.py:240} INFO - Done. Returned value was: None
[2024-12-19T13:51:55.140+0000] {taskinstance.py:340} INFO - ::group::Post task execution logs
[2024-12-19T13:51:55.142+0000] {taskinstance.py:352} INFO - Marking task as SUCCESS. dag_id=dag_with_taskflow_api, task_id=greet, run_id=scheduled__2024-11-06T00:00:00+00:00, execution_date=20241106T000000, start_date=20241219T135154, end_date=20241219T135155
[2024-12-19T13:51:55.171+0000] {local_task_job_runner.py:266} INFO - Task exited with return code 0
[2024-12-19T13:51:55.192+0000] {taskinstance.py:3895} INFO - 0 downstream tasks scheduled from follow-on schedule check
[2024-12-19T13:51:55.195+0000] {local_task_job_runner.py:245} INFO - ::endgroup::
[2024-12-20T10:29:28.846+0000] {local_task_job_runner.py:123} INFO - ::group::Pre task execution logs
[2024-12-20T10:29:28.875+0000] {taskinstance.py:2613} INFO - Dependencies all met for dep_context=non-requeueable deps ti=<TaskInstance: dag_with_taskflow_api.greet scheduled__2024-11-06T00:00:00+00:00 [queued]>
[2024-12-20T10:29:28.887+0000] {taskinstance.py:2613} INFO - Dependencies all met for dep_context=requeueable deps ti=<TaskInstance: dag_with_taskflow_api.greet scheduled__2024-11-06T00:00:00+00:00 [queued]>
[2024-12-20T10:29:28.889+0000] {taskinstance.py:2866} INFO - Starting attempt 1 of 6
[2024-12-20T10:29:28.911+0000] {taskinstance.py:2889} INFO - Executing <Task(_PythonDecoratedOperator): greet> on 2024-11-06 00:00:00+00:00
[2024-12-20T10:29:28.932+0000] {logging_mixin.py:190} WARNING - /home/***/.local/lib/python3.12/site-packages/***/task/task_runner/standard_task_runner.py:70 DeprecationWarning: This process (pid=13113) is multi-threaded, use of fork() may lead to deadlocks in the child.
[2024-12-20T10:29:28.935+0000] {standard_task_runner.py:72} INFO - Started process 13122 to run task
[2024-12-20T10:29:28.942+0000] {standard_task_runner.py:104} INFO - Running: ['***', 'tasks', 'run', 'dag_with_taskflow_api', 'greet', 'scheduled__2024-11-06T00:00:00+00:00', '--job-id', '4796', '--raw', '--subdir', 'DAGS_FOLDER/dag_with_taskflow_api.py', '--cfg-path', '/tmp/tmpzapkq17t']
[2024-12-20T10:29:28.957+0000] {standard_task_runner.py:105} INFO - Job 4796: Subtask greet
[2024-12-20T10:29:29.080+0000] {task_command.py:467} INFO - Running <TaskInstance: dag_with_taskflow_api.greet scheduled__2024-11-06T00:00:00+00:00 [running]> on host a998b5b3d359
[2024-12-20T10:29:29.297+0000] {taskinstance.py:3132} INFO - Exporting env vars: AIRFLOW_CTX_DAG_OWNER='mateo' AIRFLOW_CTX_DAG_ID='dag_with_taskflow_api' AIRFLOW_CTX_TASK_ID='greet' AIRFLOW_CTX_EXECUTION_DATE='2024-11-06T00:00:00+00:00' AIRFLOW_CTX_TRY_NUMBER='1' AIRFLOW_CTX_DAG_RUN_ID='scheduled__2024-11-06T00:00:00+00:00'
[2024-12-20T10:29:29.304+0000] {taskinstance.py:731} INFO - ::endgroup::
[2024-12-20T10:29:29.314+0000] {logging_mixin.py:190} INFO - My name is Jerry. I am 19 years old.
[2024-12-20T10:29:29.319+0000] {python.py:240} INFO - Done. Returned value was: None
[2024-12-20T10:29:29.334+0000] {taskinstance.py:340} INFO - ::group::Post task execution logs
[2024-12-20T10:29:29.336+0000] {taskinstance.py:352} INFO - Marking task as SUCCESS. dag_id=dag_with_taskflow_api, task_id=greet, run_id=scheduled__2024-11-06T00:00:00+00:00, execution_date=20241106T000000, start_date=20241220T102928, end_date=20241220T102929
[2024-12-20T10:29:29.369+0000] {local_task_job_runner.py:266} INFO - Task exited with return code 0
[2024-12-20T10:29:29.394+0000] {taskinstance.py:3895} INFO - 0 downstream tasks scheduled from follow-on schedule check
[2024-12-20T10:29:29.406+0000] {local_task_job_runner.py:245} INFO - ::endgroup::
