[2024-12-19T13:51:59.413+0000] {local_task_job_runner.py:123} INFO - ::group::Pre task execution logs
[2024-12-19T13:51:59.484+0000] {taskinstance.py:2613} INFO - Dependencies all met for dep_context=non-requeueable deps ti=<TaskInstance: dag_with_taskflow_api.get_age scheduled__2024-11-14T00:00:00+00:00 [queued]>
[2024-12-19T13:51:59.537+0000] {taskinstance.py:2613} INFO - Dependencies all met for dep_context=requeueable deps ti=<TaskInstance: dag_with_taskflow_api.get_age scheduled__2024-11-14T00:00:00+00:00 [queued]>
[2024-12-19T13:51:59.538+0000] {taskinstance.py:2866} INFO - Starting attempt 1 of 6
[2024-12-19T13:51:59.803+0000] {taskinstance.py:2889} INFO - Executing <Task(_PythonDecoratedOperator): get_age> on 2024-11-14 00:00:00+00:00
[2024-12-19T13:51:59.827+0000] {logging_mixin.py:190} WARNING - /home/***/.local/lib/python3.12/site-packages/***/task/task_runner/standard_task_runner.py:70 DeprecationWarning: This process (pid=16537) is multi-threaded, use of fork() may lead to deadlocks in the child.
[2024-12-19T13:51:59.820+0000] {standard_task_runner.py:104} INFO - Running: ['***', 'tasks', 'run', 'dag_with_taskflow_api', 'get_age', 'scheduled__2024-11-14T00:00:00+00:00', '--job-id', '4494', '--raw', '--subdir', 'DAGS_FOLDER/dag_with_taskflow_api.py', '--cfg-path', '/tmp/tmphhg2ms0a']
[2024-12-19T13:51:59.832+0000] {standard_task_runner.py:72} INFO - Started process 16553 to run task
[2024-12-19T13:51:59.832+0000] {standard_task_runner.py:105} INFO - Job 4494: Subtask get_age
[2024-12-19T13:52:00.021+0000] {task_command.py:467} INFO - Running <TaskInstance: dag_with_taskflow_api.get_age scheduled__2024-11-14T00:00:00+00:00 [running]> on host 02d979add40a
[2024-12-19T13:52:00.492+0000] {taskinstance.py:3132} INFO - Exporting env vars: AIRFLOW_CTX_DAG_OWNER='mateo' AIRFLOW_CTX_DAG_ID='dag_with_taskflow_api' AIRFLOW_CTX_TASK_ID='get_age' AIRFLOW_CTX_EXECUTION_DATE='2024-11-14T00:00:00+00:00' AIRFLOW_CTX_TRY_NUMBER='1' AIRFLOW_CTX_DAG_RUN_ID='scheduled__2024-11-14T00:00:00+00:00'
[2024-12-19T13:52:00.502+0000] {taskinstance.py:731} INFO - ::endgroup::
[2024-12-19T13:52:00.510+0000] {python.py:240} INFO - Done. Returned value was: 19
[2024-12-19T13:52:00.606+0000] {taskinstance.py:340} INFO - ::group::Post task execution logs
[2024-12-19T13:52:00.608+0000] {taskinstance.py:352} INFO - Marking task as SUCCESS. dag_id=dag_with_taskflow_api, task_id=get_age, run_id=scheduled__2024-11-14T00:00:00+00:00, execution_date=20241114T000000, start_date=20241219T135159, end_date=20241219T135200
[2024-12-19T13:52:00.890+0000] {local_task_job_runner.py:266} INFO - Task exited with return code 0
[2024-12-19T13:52:00.915+0000] {local_task_job_runner.py:245} INFO - ::endgroup::
[2024-12-20T10:29:32.922+0000] {local_task_job_runner.py:123} INFO - ::group::Pre task execution logs
[2024-12-20T10:29:32.965+0000] {taskinstance.py:2613} INFO - Dependencies all met for dep_context=non-requeueable deps ti=<TaskInstance: dag_with_taskflow_api.get_age scheduled__2024-11-14T00:00:00+00:00 [queued]>
[2024-12-20T10:29:32.976+0000] {taskinstance.py:2613} INFO - Dependencies all met for dep_context=requeueable deps ti=<TaskInstance: dag_with_taskflow_api.get_age scheduled__2024-11-14T00:00:00+00:00 [queued]>
[2024-12-20T10:29:32.977+0000] {taskinstance.py:2866} INFO - Starting attempt 1 of 6
[2024-12-20T10:29:32.992+0000] {taskinstance.py:2889} INFO - Executing <Task(_PythonDecoratedOperator): get_age> on 2024-11-14 00:00:00+00:00
[2024-12-20T10:29:33.008+0000] {logging_mixin.py:190} WARNING - /home/***/.local/lib/python3.12/site-packages/***/task/task_runner/standard_task_runner.py:70 DeprecationWarning: This process (pid=13160) is multi-threaded, use of fork() may lead to deadlocks in the child.
[2024-12-20T10:29:33.011+0000] {standard_task_runner.py:72} INFO - Started process 13173 to run task
[2024-12-20T10:29:33.018+0000] {standard_task_runner.py:104} INFO - Running: ['***', 'tasks', 'run', 'dag_with_taskflow_api', 'get_age', 'scheduled__2024-11-14T00:00:00+00:00', '--job-id', '4813', '--raw', '--subdir', 'DAGS_FOLDER/dag_with_taskflow_api.py', '--cfg-path', '/tmp/tmp1exrvcbv']
[2024-12-20T10:29:33.025+0000] {standard_task_runner.py:105} INFO - Job 4813: Subtask get_age
[2024-12-20T10:29:33.105+0000] {task_command.py:467} INFO - Running <TaskInstance: dag_with_taskflow_api.get_age scheduled__2024-11-14T00:00:00+00:00 [running]> on host a998b5b3d359
[2024-12-20T10:29:33.215+0000] {taskinstance.py:3132} INFO - Exporting env vars: AIRFLOW_CTX_DAG_OWNER='mateo' AIRFLOW_CTX_DAG_ID='dag_with_taskflow_api' AIRFLOW_CTX_TASK_ID='get_age' AIRFLOW_CTX_EXECUTION_DATE='2024-11-14T00:00:00+00:00' AIRFLOW_CTX_TRY_NUMBER='1' AIRFLOW_CTX_DAG_RUN_ID='scheduled__2024-11-14T00:00:00+00:00'
[2024-12-20T10:29:33.219+0000] {taskinstance.py:731} INFO - ::endgroup::
[2024-12-20T10:29:33.223+0000] {python.py:240} INFO - Done. Returned value was: 19
[2024-12-20T10:29:33.267+0000] {taskinstance.py:340} INFO - ::group::Post task execution logs
[2024-12-20T10:29:33.268+0000] {taskinstance.py:352} INFO - Marking task as SUCCESS. dag_id=dag_with_taskflow_api, task_id=get_age, run_id=scheduled__2024-11-14T00:00:00+00:00, execution_date=20241114T000000, start_date=20241220T102932, end_date=20241220T102933
[2024-12-20T10:29:33.323+0000] {local_task_job_runner.py:266} INFO - Task exited with return code 0
[2024-12-20T10:29:33.336+0000] {local_task_job_runner.py:245} INFO - ::endgroup::
