[2024-12-19T13:51:51.625+0000] {local_task_job_runner.py:123} INFO - ::group::Pre task execution logs
[2024-12-19T13:51:51.666+0000] {taskinstance.py:2613} INFO - Dependencies all met for dep_context=non-requeueable deps ti=<TaskInstance: dag_with_taskflow_api.greet scheduled__2024-10-29T00:00:00+00:00 [queued]>
[2024-12-19T13:51:51.676+0000] {taskinstance.py:2613} INFO - Dependencies all met for dep_context=requeueable deps ti=<TaskInstance: dag_with_taskflow_api.greet scheduled__2024-10-29T00:00:00+00:00 [queued]>
[2024-12-19T13:51:51.681+0000] {taskinstance.py:2866} INFO - Starting attempt 1 of 6
[2024-12-19T13:51:51.810+0000] {taskinstance.py:2889} INFO - Executing <Task(_PythonDecoratedOperator): greet> on 2024-10-29 00:00:00+00:00
[2024-12-19T13:51:51.837+0000] {logging_mixin.py:190} WARNING - /home/***/.local/lib/python3.12/site-packages/***/task/task_runner/standard_task_runner.py:70 DeprecationWarning: This process (pid=16433) is multi-threaded, use of fork() may lead to deadlocks in the child.
[2024-12-19T13:51:51.846+0000] {standard_task_runner.py:72} INFO - Started process 16452 to run task
[2024-12-19T13:51:51.839+0000] {standard_task_runner.py:104} INFO - Running: ['***', 'tasks', 'run', 'dag_with_taskflow_api', 'greet', 'scheduled__2024-10-29T00:00:00+00:00', '--job-id', '4462', '--raw', '--subdir', 'DAGS_FOLDER/dag_with_taskflow_api.py', '--cfg-path', '/tmp/tmprgtww0qx']
[2024-12-19T13:51:51.850+0000] {standard_task_runner.py:105} INFO - Job 4462: Subtask greet
[2024-12-19T13:51:51.998+0000] {task_command.py:467} INFO - Running <TaskInstance: dag_with_taskflow_api.greet scheduled__2024-10-29T00:00:00+00:00 [running]> on host 02d979add40a
[2024-12-19T13:51:52.414+0000] {taskinstance.py:3132} INFO - Exporting env vars: AIRFLOW_CTX_DAG_OWNER='mateo' AIRFLOW_CTX_DAG_ID='dag_with_taskflow_api' AIRFLOW_CTX_TASK_ID='greet' AIRFLOW_CTX_EXECUTION_DATE='2024-10-29T00:00:00+00:00' AIRFLOW_CTX_TRY_NUMBER='1' AIRFLOW_CTX_DAG_RUN_ID='scheduled__2024-10-29T00:00:00+00:00'
[2024-12-19T13:51:52.419+0000] {taskinstance.py:731} INFO - ::endgroup::
[2024-12-19T13:51:52.427+0000] {logging_mixin.py:190} INFO - My name is Jerry. I am 19 years old.
[2024-12-19T13:51:52.428+0000] {python.py:240} INFO - Done. Returned value was: None
[2024-12-19T13:51:52.454+0000] {taskinstance.py:340} INFO - ::group::Post task execution logs
[2024-12-19T13:51:52.455+0000] {taskinstance.py:352} INFO - Marking task as SUCCESS. dag_id=dag_with_taskflow_api, task_id=greet, run_id=scheduled__2024-10-29T00:00:00+00:00, execution_date=20241029T000000, start_date=20241219T135151, end_date=20241219T135152
[2024-12-19T13:51:52.635+0000] {local_task_job_runner.py:266} INFO - Task exited with return code 0
[2024-12-19T13:51:52.675+0000] {taskinstance.py:3895} INFO - 0 downstream tasks scheduled from follow-on schedule check
[2024-12-19T13:51:52.679+0000] {local_task_job_runner.py:245} INFO - ::endgroup::
[2024-12-20T10:29:21.757+0000] {local_task_job_runner.py:123} INFO - ::group::Pre task execution logs
[2024-12-20T10:29:21.796+0000] {taskinstance.py:2613} INFO - Dependencies all met for dep_context=non-requeueable deps ti=<TaskInstance: dag_with_taskflow_api.greet scheduled__2024-10-29T00:00:00+00:00 [queued]>
[2024-12-20T10:29:21.829+0000] {taskinstance.py:2613} INFO - Dependencies all met for dep_context=requeueable deps ti=<TaskInstance: dag_with_taskflow_api.greet scheduled__2024-10-29T00:00:00+00:00 [queued]>
[2024-12-20T10:29:21.830+0000] {taskinstance.py:2866} INFO - Starting attempt 1 of 6
[2024-12-20T10:29:22.037+0000] {taskinstance.py:2889} INFO - Executing <Task(_PythonDecoratedOperator): greet> on 2024-10-29 00:00:00+00:00
[2024-12-20T10:29:22.056+0000] {logging_mixin.py:190} WARNING - /home/***/.local/lib/python3.12/site-packages/***/task/task_runner/standard_task_runner.py:70 DeprecationWarning: This process (pid=13041) is multi-threaded, use of fork() may lead to deadlocks in the child.
[2024-12-20T10:29:22.061+0000] {standard_task_runner.py:72} INFO - Started process 13057 to run task
[2024-12-20T10:29:22.074+0000] {standard_task_runner.py:104} INFO - Running: ['***', 'tasks', 'run', 'dag_with_taskflow_api', 'greet', 'scheduled__2024-10-29T00:00:00+00:00', '--job-id', '4774', '--raw', '--subdir', 'DAGS_FOLDER/dag_with_taskflow_api.py', '--cfg-path', '/tmp/tmpemnj4i2b']
[2024-12-20T10:29:22.094+0000] {standard_task_runner.py:105} INFO - Job 4774: Subtask greet
[2024-12-20T10:29:22.175+0000] {task_command.py:467} INFO - Running <TaskInstance: dag_with_taskflow_api.greet scheduled__2024-10-29T00:00:00+00:00 [running]> on host a998b5b3d359
[2024-12-20T10:29:22.343+0000] {taskinstance.py:3132} INFO - Exporting env vars: AIRFLOW_CTX_DAG_OWNER='mateo' AIRFLOW_CTX_DAG_ID='dag_with_taskflow_api' AIRFLOW_CTX_TASK_ID='greet' AIRFLOW_CTX_EXECUTION_DATE='2024-10-29T00:00:00+00:00' AIRFLOW_CTX_TRY_NUMBER='1' AIRFLOW_CTX_DAG_RUN_ID='scheduled__2024-10-29T00:00:00+00:00'
[2024-12-20T10:29:22.347+0000] {taskinstance.py:731} INFO - ::endgroup::
[2024-12-20T10:29:22.353+0000] {logging_mixin.py:190} INFO - My name is Jerry. I am 19 years old.
[2024-12-20T10:29:22.355+0000] {python.py:240} INFO - Done. Returned value was: None
[2024-12-20T10:29:22.366+0000] {taskinstance.py:340} INFO - ::group::Post task execution logs
[2024-12-20T10:29:22.368+0000] {taskinstance.py:352} INFO - Marking task as SUCCESS. dag_id=dag_with_taskflow_api, task_id=greet, run_id=scheduled__2024-10-29T00:00:00+00:00, execution_date=20241029T000000, start_date=20241220T102921, end_date=20241220T102922
[2024-12-20T10:29:22.466+0000] {local_task_job_runner.py:266} INFO - Task exited with return code 0
[2024-12-20T10:29:22.506+0000] {taskinstance.py:3895} INFO - 0 downstream tasks scheduled from follow-on schedule check
[2024-12-20T10:29:22.510+0000] {local_task_job_runner.py:245} INFO - ::endgroup::
