[2024-12-19T13:51:44.498+0000] {local_task_job_runner.py:123} INFO - ::group::Pre task execution logs
[2024-12-19T13:51:44.539+0000] {taskinstance.py:2613} INFO - Dependencies all met for dep_context=non-requeueable deps ti=<TaskInstance: dag_with_taskflow_api.get_name scheduled__2024-10-28T00:00:00+00:00 [queued]>
[2024-12-19T13:51:44.564+0000] {taskinstance.py:2613} INFO - Dependencies all met for dep_context=requeueable deps ti=<TaskInstance: dag_with_taskflow_api.get_name scheduled__2024-10-28T00:00:00+00:00 [queued]>
[2024-12-19T13:51:44.566+0000] {taskinstance.py:2866} INFO - Starting attempt 1 of 6
[2024-12-19T13:51:44.592+0000] {taskinstance.py:2889} INFO - Executing <Task(_PythonDecoratedOperator): get_name> on 2024-10-28 00:00:00+00:00
[2024-12-19T13:51:44.640+0000] {logging_mixin.py:190} WARNING - /home/***/.local/lib/python3.12/site-packages/***/task/task_runner/standard_task_runner.py:70 DeprecationWarning: This process (pid=16377) is multi-threaded, use of fork() may lead to deadlocks in the child.
[2024-12-19T13:51:44.639+0000] {standard_task_runner.py:104} INFO - Running: ['***', 'tasks', 'run', 'dag_with_taskflow_api', 'get_name', 'scheduled__2024-10-28T00:00:00+00:00', '--job-id', '4445', '--raw', '--subdir', 'DAGS_FOLDER/dag_with_taskflow_api.py', '--cfg-path', '/tmp/tmpqlg0ucrs']
[2024-12-19T13:51:44.653+0000] {standard_task_runner.py:105} INFO - Job 4445: Subtask get_name
[2024-12-19T13:51:44.650+0000] {standard_task_runner.py:72} INFO - Started process 16388 to run task
[2024-12-19T13:51:44.934+0000] {task_command.py:467} INFO - Running <TaskInstance: dag_with_taskflow_api.get_name scheduled__2024-10-28T00:00:00+00:00 [running]> on host 02d979add40a
[2024-12-19T13:51:45.148+0000] {taskinstance.py:3132} INFO - Exporting env vars: AIRFLOW_CTX_DAG_OWNER='mateo' AIRFLOW_CTX_DAG_ID='dag_with_taskflow_api' AIRFLOW_CTX_TASK_ID='get_name' AIRFLOW_CTX_EXECUTION_DATE='2024-10-28T00:00:00+00:00' AIRFLOW_CTX_TRY_NUMBER='1' AIRFLOW_CTX_DAG_RUN_ID='scheduled__2024-10-28T00:00:00+00:00'
[2024-12-19T13:51:45.151+0000] {taskinstance.py:731} INFO - ::endgroup::
[2024-12-19T13:51:45.155+0000] {python.py:240} INFO - Done. Returned value was: Jerry
[2024-12-19T13:51:45.195+0000] {taskinstance.py:340} INFO - ::group::Post task execution logs
[2024-12-19T13:51:45.197+0000] {taskinstance.py:352} INFO - Marking task as SUCCESS. dag_id=dag_with_taskflow_api, task_id=get_name, run_id=scheduled__2024-10-28T00:00:00+00:00, execution_date=20241028T000000, start_date=20241219T135144, end_date=20241219T135145
[2024-12-19T13:51:45.251+0000] {local_task_job_runner.py:266} INFO - Task exited with return code 0
[2024-12-19T13:51:45.281+0000] {taskinstance.py:3895} INFO - 1 downstream tasks scheduled from follow-on schedule check
[2024-12-19T13:51:45.289+0000] {local_task_job_runner.py:245} INFO - ::endgroup::
[2024-12-20T10:29:20.234+0000] {local_task_job_runner.py:123} INFO - ::group::Pre task execution logs
[2024-12-20T10:29:20.257+0000] {taskinstance.py:2613} INFO - Dependencies all met for dep_context=non-requeueable deps ti=<TaskInstance: dag_with_taskflow_api.get_name scheduled__2024-10-28T00:00:00+00:00 [queued]>
[2024-12-20T10:29:20.272+0000] {taskinstance.py:2613} INFO - Dependencies all met for dep_context=requeueable deps ti=<TaskInstance: dag_with_taskflow_api.get_name scheduled__2024-10-28T00:00:00+00:00 [queued]>
[2024-12-20T10:29:20.273+0000] {taskinstance.py:2866} INFO - Starting attempt 1 of 6
[2024-12-20T10:29:20.292+0000] {taskinstance.py:2889} INFO - Executing <Task(_PythonDecoratedOperator): get_name> on 2024-10-28 00:00:00+00:00
[2024-12-20T10:29:20.306+0000] {logging_mixin.py:190} WARNING - /home/***/.local/lib/python3.12/site-packages/***/task/task_runner/standard_task_runner.py:70 DeprecationWarning: This process (pid=13005) is multi-threaded, use of fork() may lead to deadlocks in the child.
[2024-12-20T10:29:20.309+0000] {standard_task_runner.py:72} INFO - Started process 13018 to run task
[2024-12-20T10:29:20.311+0000] {standard_task_runner.py:104} INFO - Running: ['***', 'tasks', 'run', 'dag_with_taskflow_api', 'get_name', 'scheduled__2024-10-28T00:00:00+00:00', '--job-id', '4761', '--raw', '--subdir', 'DAGS_FOLDER/dag_with_taskflow_api.py', '--cfg-path', '/tmp/tmpllt7d1_f']
[2024-12-20T10:29:20.317+0000] {standard_task_runner.py:105} INFO - Job 4761: Subtask get_name
[2024-12-20T10:29:20.432+0000] {task_command.py:467} INFO - Running <TaskInstance: dag_with_taskflow_api.get_name scheduled__2024-10-28T00:00:00+00:00 [running]> on host a998b5b3d359
[2024-12-20T10:29:20.542+0000] {taskinstance.py:3132} INFO - Exporting env vars: AIRFLOW_CTX_DAG_OWNER='mateo' AIRFLOW_CTX_DAG_ID='dag_with_taskflow_api' AIRFLOW_CTX_TASK_ID='get_name' AIRFLOW_CTX_EXECUTION_DATE='2024-10-28T00:00:00+00:00' AIRFLOW_CTX_TRY_NUMBER='1' AIRFLOW_CTX_DAG_RUN_ID='scheduled__2024-10-28T00:00:00+00:00'
[2024-12-20T10:29:20.546+0000] {taskinstance.py:731} INFO - ::endgroup::
[2024-12-20T10:29:20.549+0000] {python.py:240} INFO - Done. Returned value was: Jerry
[2024-12-20T10:29:20.576+0000] {taskinstance.py:340} INFO - ::group::Post task execution logs
[2024-12-20T10:29:20.578+0000] {taskinstance.py:352} INFO - Marking task as SUCCESS. dag_id=dag_with_taskflow_api, task_id=get_name, run_id=scheduled__2024-10-28T00:00:00+00:00, execution_date=20241028T000000, start_date=20241220T102920, end_date=20241220T102920
[2024-12-20T10:29:20.652+0000] {local_task_job_runner.py:266} INFO - Task exited with return code 0
[2024-12-20T10:29:20.671+0000] {local_task_job_runner.py:245} INFO - ::endgroup::
