[2024-12-19T13:52:00.973+0000] {local_task_job_runner.py:123} INFO - ::group::Pre task execution logs
[2024-12-19T13:52:01.014+0000] {taskinstance.py:2613} INFO - Dependencies all met for dep_context=non-requeueable deps ti=<TaskInstance: dag_with_taskflow_api.get_name scheduled__2024-11-17T00:00:00+00:00 [queued]>
[2024-12-19T13:52:01.061+0000] {taskinstance.py:2613} INFO - Dependencies all met for dep_context=requeueable deps ti=<TaskInstance: dag_with_taskflow_api.get_name scheduled__2024-11-17T00:00:00+00:00 [queued]>
[2024-12-19T13:52:01.063+0000] {taskinstance.py:2866} INFO - Starting attempt 1 of 6
[2024-12-19T13:52:01.109+0000] {taskinstance.py:2889} INFO - Executing <Task(_PythonDecoratedOperator): get_name> on 2024-11-17 00:00:00+00:00
[2024-12-19T13:52:01.121+0000] {logging_mixin.py:190} WARNING - /home/***/.local/lib/python3.12/site-packages/***/task/task_runner/standard_task_runner.py:70 DeprecationWarning: This process (pid=16560) is multi-threaded, use of fork() may lead to deadlocks in the child.
[2024-12-19T13:52:01.130+0000] {standard_task_runner.py:72} INFO - Started process 16573 to run task
[2024-12-19T13:52:01.134+0000] {standard_task_runner.py:104} INFO - Running: ['***', 'tasks', 'run', 'dag_with_taskflow_api', 'get_name', 'scheduled__2024-11-17T00:00:00+00:00', '--job-id', '4503', '--raw', '--subdir', 'DAGS_FOLDER/dag_with_taskflow_api.py', '--cfg-path', '/tmp/tmp8ijxwtd7']
[2024-12-19T13:52:01.146+0000] {standard_task_runner.py:105} INFO - Job 4503: Subtask get_name
[2024-12-19T13:52:01.281+0000] {task_command.py:467} INFO - Running <TaskInstance: dag_with_taskflow_api.get_name scheduled__2024-11-17T00:00:00+00:00 [running]> on host 02d979add40a
[2024-12-19T13:52:01.503+0000] {taskinstance.py:3132} INFO - Exporting env vars: AIRFLOW_CTX_DAG_OWNER='mateo' AIRFLOW_CTX_DAG_ID='dag_with_taskflow_api' AIRFLOW_CTX_TASK_ID='get_name' AIRFLOW_CTX_EXECUTION_DATE='2024-11-17T00:00:00+00:00' AIRFLOW_CTX_TRY_NUMBER='1' AIRFLOW_CTX_DAG_RUN_ID='scheduled__2024-11-17T00:00:00+00:00'
[2024-12-19T13:52:01.505+0000] {taskinstance.py:731} INFO - ::endgroup::
[2024-12-19T13:52:01.514+0000] {python.py:240} INFO - Done. Returned value was: Jerry
[2024-12-19T13:52:01.569+0000] {taskinstance.py:340} INFO - ::group::Post task execution logs
[2024-12-19T13:52:01.572+0000] {taskinstance.py:352} INFO - Marking task as SUCCESS. dag_id=dag_with_taskflow_api, task_id=get_name, run_id=scheduled__2024-11-17T00:00:00+00:00, execution_date=20241117T000000, start_date=20241219T135201, end_date=20241219T135201
[2024-12-19T13:52:01.635+0000] {local_task_job_runner.py:266} INFO - Task exited with return code 0
[2024-12-19T13:52:01.680+0000] {taskinstance.py:3895} INFO - 1 downstream tasks scheduled from follow-on schedule check
[2024-12-19T13:52:01.682+0000] {local_task_job_runner.py:245} INFO - ::endgroup::
[2024-12-20T10:29:33.824+0000] {local_task_job_runner.py:123} INFO - ::group::Pre task execution logs
[2024-12-20T10:29:33.861+0000] {taskinstance.py:2613} INFO - Dependencies all met for dep_context=non-requeueable deps ti=<TaskInstance: dag_with_taskflow_api.get_name scheduled__2024-11-17T00:00:00+00:00 [queued]>
[2024-12-20T10:29:33.880+0000] {taskinstance.py:2613} INFO - Dependencies all met for dep_context=requeueable deps ti=<TaskInstance: dag_with_taskflow_api.get_name scheduled__2024-11-17T00:00:00+00:00 [queued]>
[2024-12-20T10:29:33.881+0000] {taskinstance.py:2866} INFO - Starting attempt 1 of 6
[2024-12-20T10:29:33.910+0000] {taskinstance.py:2889} INFO - Executing <Task(_PythonDecoratedOperator): get_name> on 2024-11-17 00:00:00+00:00
[2024-12-20T10:29:33.928+0000] {logging_mixin.py:190} WARNING - /home/***/.local/lib/python3.12/site-packages/***/task/task_runner/standard_task_runner.py:70 DeprecationWarning: This process (pid=13184) is multi-threaded, use of fork() may lead to deadlocks in the child.
[2024-12-20T10:29:33.932+0000] {standard_task_runner.py:72} INFO - Started process 13196 to run task
[2024-12-20T10:29:33.941+0000] {standard_task_runner.py:104} INFO - Running: ['***', 'tasks', 'run', 'dag_with_taskflow_api', 'get_name', 'scheduled__2024-11-17T00:00:00+00:00', '--job-id', '4820', '--raw', '--subdir', 'DAGS_FOLDER/dag_with_taskflow_api.py', '--cfg-path', '/tmp/tmp55od05w7']
[2024-12-20T10:29:33.944+0000] {standard_task_runner.py:105} INFO - Job 4820: Subtask get_name
[2024-12-20T10:29:34.033+0000] {task_command.py:467} INFO - Running <TaskInstance: dag_with_taskflow_api.get_name scheduled__2024-11-17T00:00:00+00:00 [running]> on host a998b5b3d359
[2024-12-20T10:29:34.269+0000] {taskinstance.py:3132} INFO - Exporting env vars: AIRFLOW_CTX_DAG_OWNER='mateo' AIRFLOW_CTX_DAG_ID='dag_with_taskflow_api' AIRFLOW_CTX_TASK_ID='get_name' AIRFLOW_CTX_EXECUTION_DATE='2024-11-17T00:00:00+00:00' AIRFLOW_CTX_TRY_NUMBER='1' AIRFLOW_CTX_DAG_RUN_ID='scheduled__2024-11-17T00:00:00+00:00'
[2024-12-20T10:29:34.272+0000] {taskinstance.py:731} INFO - ::endgroup::
[2024-12-20T10:29:34.276+0000] {python.py:240} INFO - Done. Returned value was: Jerry
[2024-12-20T10:29:34.325+0000] {taskinstance.py:340} INFO - ::group::Post task execution logs
[2024-12-20T10:29:34.326+0000] {taskinstance.py:352} INFO - Marking task as SUCCESS. dag_id=dag_with_taskflow_api, task_id=get_name, run_id=scheduled__2024-11-17T00:00:00+00:00, execution_date=20241117T000000, start_date=20241220T102933, end_date=20241220T102934
[2024-12-20T10:29:34.522+0000] {local_task_job_runner.py:266} INFO - Task exited with return code 0
[2024-12-20T10:29:34.555+0000] {taskinstance.py:3895} INFO - 0 downstream tasks scheduled from follow-on schedule check
[2024-12-20T10:29:34.557+0000] {local_task_job_runner.py:245} INFO - ::endgroup::
