[2024-12-19T09:01:02.257+0000] {local_task_job_runner.py:123} INFO - ::group::Pre task execution logs
[2024-12-19T09:01:02.289+0000] {taskinstance.py:2613} INFO - Dependencies all met for dep_context=non-requeueable deps ti=<TaskInstance: our_first_dag_v2.third_task scheduled__2024-09-29T00:00:00+00:00 [queued]>
[2024-12-19T09:01:02.306+0000] {taskinstance.py:2613} INFO - Dependencies all met for dep_context=requeueable deps ti=<TaskInstance: our_first_dag_v2.third_task scheduled__2024-09-29T00:00:00+00:00 [queued]>
[2024-12-19T09:01:02.308+0000] {taskinstance.py:2866} INFO - Starting attempt 1 of 6
[2024-12-19T09:01:02.340+0000] {taskinstance.py:2889} INFO - Executing <Task(BashOperator): third_task> on 2024-09-29 00:00:00+00:00
[2024-12-19T09:01:02.358+0000] {logging_mixin.py:190} WARNING - /home/***/.local/lib/python3.12/site-packages/***/task/task_runner/standard_task_runner.py:70 DeprecationWarning: This process (pid=13340) is multi-threaded, use of fork() may lead to deadlocks in the child.
[2024-12-19T09:01:02.364+0000] {standard_task_runner.py:72} INFO - Started process 13346 to run task
[2024-12-19T09:01:02.382+0000] {standard_task_runner.py:104} INFO - Running: ['***', 'tasks', 'run', 'our_first_dag_v2', 'third_task', 'scheduled__2024-09-29T00:00:00+00:00', '--job-id', '3135', '--raw', '--subdir', 'DAGS_FOLDER/our_first_dag.py', '--cfg-path', '/tmp/tmpaoxub2uu']
[2024-12-19T09:01:02.387+0000] {standard_task_runner.py:105} INFO - Job 3135: Subtask third_task
[2024-12-19T09:01:02.492+0000] {task_command.py:467} INFO - Running <TaskInstance: our_first_dag_v2.third_task scheduled__2024-09-29T00:00:00+00:00 [running]> on host 8d142e9c83a7
[2024-12-19T09:01:02.609+0000] {taskinstance.py:3132} INFO - Exporting env vars: AIRFLOW_CTX_DAG_OWNER='mateo' AIRFLOW_CTX_DAG_ID='our_first_dag_v2' AIRFLOW_CTX_TASK_ID='third_task' AIRFLOW_CTX_EXECUTION_DATE='2024-09-29T00:00:00+00:00' AIRFLOW_CTX_TRY_NUMBER='1' AIRFLOW_CTX_DAG_RUN_ID='scheduled__2024-09-29T00:00:00+00:00'
[2024-12-19T09:01:02.614+0000] {taskinstance.py:731} INFO - ::endgroup::
[2024-12-19T09:01:02.641+0000] {subprocess.py:78} INFO - Tmp dir root location: /tmp
[2024-12-19T09:01:02.645+0000] {subprocess.py:88} INFO - Running command: ['/usr/bin/bash', '-c', 'echo I am the third task and I will be executed at the same time as the second task.']
[2024-12-19T09:01:02.680+0000] {subprocess.py:99} INFO - Output:
[2024-12-19T09:01:02.683+0000] {subprocess.py:106} INFO - I am the third task and I will be executed at the same time as the second task.
[2024-12-19T09:01:02.688+0000] {subprocess.py:110} INFO - Command exited with return code 0
[2024-12-19T09:01:02.734+0000] {taskinstance.py:340} INFO - ::group::Post task execution logs
[2024-12-19T09:01:02.740+0000] {taskinstance.py:352} INFO - Marking task as SUCCESS. dag_id=our_first_dag_v2, task_id=third_task, run_id=scheduled__2024-09-29T00:00:00+00:00, execution_date=20240929T000000, start_date=20241219T090102, end_date=20241219T090102
[2024-12-19T09:01:02.834+0000] {local_task_job_runner.py:266} INFO - Task exited with return code 0
[2024-12-19T09:01:02.857+0000] {taskinstance.py:3895} INFO - 0 downstream tasks scheduled from follow-on schedule check
[2024-12-19T09:01:02.864+0000] {local_task_job_runner.py:245} INFO - ::endgroup::
