[2024-12-19T08:55:52.966+0000] {local_task_job_runner.py:123} INFO - ::group::Pre task execution logs
[2024-12-19T08:55:52.988+0000] {taskinstance.py:2613} INFO - Dependencies all met for dep_context=non-requeueable deps ti=<TaskInstance: our_first_dag_v2.first_task scheduled__2023-04-26T00:00:00+00:00 [queued]>
[2024-12-19T08:55:52.998+0000] {taskinstance.py:2613} INFO - Dependencies all met for dep_context=requeueable deps ti=<TaskInstance: our_first_dag_v2.first_task scheduled__2023-04-26T00:00:00+00:00 [queued]>
[2024-12-19T08:55:52.999+0000] {taskinstance.py:2866} INFO - Starting attempt 1 of 6
[2024-12-19T08:55:53.058+0000] {taskinstance.py:2889} INFO - Executing <Task(BashOperator): first_task> on 2023-04-26 00:00:00+00:00
[2024-12-19T08:55:53.071+0000] {logging_mixin.py:190} WARNING - /home/***/.local/lib/python3.12/site-packages/***/task/task_runner/standard_task_runner.py:70 DeprecationWarning: This process (pid=7192) is multi-threaded, use of fork() may lead to deadlocks in the child.
[2024-12-19T08:55:53.076+0000] {standard_task_runner.py:72} INFO - Started process 7199 to run task
[2024-12-19T08:55:53.080+0000] {standard_task_runner.py:104} INFO - Running: ['***', 'tasks', 'run', 'our_first_dag_v2', 'first_task', 'scheduled__2023-04-26T00:00:00+00:00', '--job-id', '1625', '--raw', '--subdir', 'DAGS_FOLDER/our_first_dag.py', '--cfg-path', '/tmp/tmpijszhoom']
[2024-12-19T08:55:53.083+0000] {standard_task_runner.py:105} INFO - Job 1625: Subtask first_task
[2024-12-19T08:55:53.159+0000] {task_command.py:467} INFO - Running <TaskInstance: our_first_dag_v2.first_task scheduled__2023-04-26T00:00:00+00:00 [running]> on host 8d142e9c83a7
[2024-12-19T08:55:53.274+0000] {taskinstance.py:3132} INFO - Exporting env vars: AIRFLOW_CTX_DAG_OWNER='mateo' AIRFLOW_CTX_DAG_ID='our_first_dag_v2' AIRFLOW_CTX_TASK_ID='first_task' AIRFLOW_CTX_EXECUTION_DATE='2023-04-26T00:00:00+00:00' AIRFLOW_CTX_TRY_NUMBER='1' AIRFLOW_CTX_DAG_RUN_ID='scheduled__2023-04-26T00:00:00+00:00'
[2024-12-19T08:55:53.276+0000] {taskinstance.py:731} INFO - ::endgroup::
[2024-12-19T08:55:53.294+0000] {subprocess.py:78} INFO - Tmp dir root location: /tmp
[2024-12-19T08:55:53.296+0000] {subprocess.py:88} INFO - Running command: ['/usr/bin/bash', '-c', 'echo hello world, this is the first task']
[2024-12-19T08:55:53.315+0000] {subprocess.py:99} INFO - Output:
[2024-12-19T08:55:53.318+0000] {subprocess.py:106} INFO - hello world, this is the first task
[2024-12-19T08:55:53.319+0000] {subprocess.py:110} INFO - Command exited with return code 0
[2024-12-19T08:55:53.350+0000] {taskinstance.py:340} INFO - ::group::Post task execution logs
[2024-12-19T08:55:53.352+0000] {taskinstance.py:352} INFO - Marking task as SUCCESS. dag_id=our_first_dag_v2, task_id=first_task, run_id=scheduled__2023-04-26T00:00:00+00:00, execution_date=20230426T000000, start_date=20241219T085552, end_date=20241219T085553
[2024-12-19T08:55:53.499+0000] {local_task_job_runner.py:266} INFO - Task exited with return code 0
[2024-12-19T08:55:53.537+0000] {taskinstance.py:3895} INFO - 1 downstream tasks scheduled from follow-on schedule check
[2024-12-19T08:55:53.542+0000] {local_task_job_runner.py:245} INFO - ::endgroup::
