[2024-12-19T08:59:51.339+0000] {local_task_job_runner.py:123} INFO - ::group::Pre task execution logs
[2024-12-19T08:59:51.442+0000] {taskinstance.py:2613} INFO - Dependencies all met for dep_context=non-requeueable deps ti=<TaskInstance: our_first_dag_v2.second_task scheduled__2024-05-18T00:00:00+00:00 [queued]>
[2024-12-19T08:59:51.493+0000] {taskinstance.py:2613} INFO - Dependencies all met for dep_context=requeueable deps ti=<TaskInstance: our_first_dag_v2.second_task scheduled__2024-05-18T00:00:00+00:00 [queued]>
[2024-12-19T08:59:51.495+0000] {taskinstance.py:2866} INFO - Starting attempt 1 of 6
[2024-12-19T08:59:51.568+0000] {taskinstance.py:2889} INFO - Executing <Task(BashOperator): second_task> on 2024-05-18 00:00:00+00:00
[2024-12-19T08:59:51.590+0000] {logging_mixin.py:190} WARNING - /home/***/.local/lib/python3.12/site-packages/***/task/task_runner/standard_task_runner.py:70 DeprecationWarning: This process (pid=11714) is multi-threaded, use of fork() may lead to deadlocks in the child.
[2024-12-19T08:59:51.614+0000] {standard_task_runner.py:72} INFO - Started process 11739 to run task
[2024-12-19T08:59:51.614+0000] {standard_task_runner.py:104} INFO - Running: ['***', 'tasks', 'run', 'our_first_dag_v2', 'second_task', 'scheduled__2024-05-18T00:00:00+00:00', '--job-id', '2739', '--raw', '--subdir', 'DAGS_FOLDER/our_first_dag.py', '--cfg-path', '/tmp/tmp3vopek85']
[2024-12-19T08:59:51.623+0000] {standard_task_runner.py:105} INFO - Job 2739: Subtask second_task
[2024-12-19T08:59:51.827+0000] {task_command.py:467} INFO - Running <TaskInstance: our_first_dag_v2.second_task scheduled__2024-05-18T00:00:00+00:00 [running]> on host 8d142e9c83a7
[2024-12-19T08:59:52.071+0000] {taskinstance.py:3132} INFO - Exporting env vars: AIRFLOW_CTX_DAG_OWNER='mateo' AIRFLOW_CTX_DAG_ID='our_first_dag_v2' AIRFLOW_CTX_TASK_ID='second_task' AIRFLOW_CTX_EXECUTION_DATE='2024-05-18T00:00:00+00:00' AIRFLOW_CTX_TRY_NUMBER='1' AIRFLOW_CTX_DAG_RUN_ID='scheduled__2024-05-18T00:00:00+00:00'
[2024-12-19T08:59:52.079+0000] {taskinstance.py:731} INFO - ::endgroup::
[2024-12-19T08:59:52.202+0000] {subprocess.py:78} INFO - Tmp dir root location: /tmp
[2024-12-19T08:59:52.210+0000] {subprocess.py:88} INFO - Running command: ['/usr/bin/bash', '-c', 'echo I am the second task and i will me executed after first task']
[2024-12-19T08:59:52.308+0000] {subprocess.py:99} INFO - Output:
[2024-12-19T08:59:52.320+0000] {subprocess.py:106} INFO - I am the second task and i will me executed after first task
[2024-12-19T08:59:52.321+0000] {subprocess.py:110} INFO - Command exited with return code 0
[2024-12-19T08:59:52.379+0000] {taskinstance.py:340} INFO - ::group::Post task execution logs
[2024-12-19T08:59:52.382+0000] {taskinstance.py:352} INFO - Marking task as SUCCESS. dag_id=our_first_dag_v2, task_id=second_task, run_id=scheduled__2024-05-18T00:00:00+00:00, execution_date=20240518T000000, start_date=20241219T085951, end_date=20241219T085952
[2024-12-19T08:59:52.454+0000] {local_task_job_runner.py:266} INFO - Task exited with return code 0
[2024-12-19T08:59:52.470+0000] {local_task_job_runner.py:245} INFO - ::endgroup::
