[2024-12-19T09:01:29.963+0000] {local_task_job_runner.py:123} INFO - ::group::Pre task execution logs
[2024-12-19T09:01:30.005+0000] {taskinstance.py:2613} INFO - Dependencies all met for dep_context=non-requeueable deps ti=<TaskInstance: our_first_dag_v2.third_task scheduled__2024-11-10T00:00:00+00:00 [queued]>
[2024-12-19T09:01:30.029+0000] {taskinstance.py:2613} INFO - Dependencies all met for dep_context=requeueable deps ti=<TaskInstance: our_first_dag_v2.third_task scheduled__2024-11-10T00:00:00+00:00 [queued]>
[2024-12-19T09:01:30.030+0000] {taskinstance.py:2866} INFO - Starting attempt 1 of 6
[2024-12-19T09:01:30.074+0000] {taskinstance.py:2889} INFO - Executing <Task(BashOperator): third_task> on 2024-11-10 00:00:00+00:00
[2024-12-19T09:01:30.101+0000] {standard_task_runner.py:104} INFO - Running: ['***', 'tasks', 'run', 'our_first_dag_v2', 'third_task', 'scheduled__2024-11-10T00:00:00+00:00', '--job-id', '3265', '--raw', '--subdir', 'DAGS_FOLDER/our_first_dag.py', '--cfg-path', '/tmp/tmptxypuvyb']
[2024-12-19T09:01:30.111+0000] {standard_task_runner.py:105} INFO - Job 3265: Subtask third_task
[2024-12-19T09:01:30.100+0000] {logging_mixin.py:190} WARNING - /home/***/.local/lib/python3.12/site-packages/***/task/task_runner/standard_task_runner.py:70 DeprecationWarning: This process (pid=13862) is multi-threaded, use of fork() may lead to deadlocks in the child.
[2024-12-19T09:01:30.114+0000] {standard_task_runner.py:72} INFO - Started process 13881 to run task
[2024-12-19T09:01:30.255+0000] {task_command.py:467} INFO - Running <TaskInstance: our_first_dag_v2.third_task scheduled__2024-11-10T00:00:00+00:00 [running]> on host 8d142e9c83a7
[2024-12-19T09:01:30.431+0000] {taskinstance.py:3132} INFO - Exporting env vars: AIRFLOW_CTX_DAG_OWNER='mateo' AIRFLOW_CTX_DAG_ID='our_first_dag_v2' AIRFLOW_CTX_TASK_ID='third_task' AIRFLOW_CTX_EXECUTION_DATE='2024-11-10T00:00:00+00:00' AIRFLOW_CTX_TRY_NUMBER='1' AIRFLOW_CTX_DAG_RUN_ID='scheduled__2024-11-10T00:00:00+00:00'
[2024-12-19T09:01:30.433+0000] {taskinstance.py:731} INFO - ::endgroup::
[2024-12-19T09:01:30.459+0000] {subprocess.py:78} INFO - Tmp dir root location: /tmp
[2024-12-19T09:01:30.461+0000] {subprocess.py:88} INFO - Running command: ['/usr/bin/bash', '-c', 'echo I am the third task and I will be executed at the same time as the second task.']
[2024-12-19T09:01:30.477+0000] {subprocess.py:99} INFO - Output:
[2024-12-19T09:01:30.482+0000] {subprocess.py:106} INFO - I am the third task and I will be executed at the same time as the second task.
[2024-12-19T09:01:30.483+0000] {subprocess.py:110} INFO - Command exited with return code 0
[2024-12-19T09:01:30.523+0000] {taskinstance.py:340} INFO - ::group::Post task execution logs
[2024-12-19T09:01:30.525+0000] {taskinstance.py:352} INFO - Marking task as SUCCESS. dag_id=our_first_dag_v2, task_id=third_task, run_id=scheduled__2024-11-10T00:00:00+00:00, execution_date=20241110T000000, start_date=20241219T090130, end_date=20241219T090130
[2024-12-19T09:01:30.595+0000] {local_task_job_runner.py:266} INFO - Task exited with return code 0
[2024-12-19T09:01:30.606+0000] {local_task_job_runner.py:245} INFO - ::endgroup::
