[2024-12-19T13:51:18.192+0000] {local_task_job_runner.py:123} INFO - ::group::Pre task execution logs
[2024-12-19T13:51:18.271+0000] {taskinstance.py:2613} INFO - Dependencies all met for dep_context=non-requeueable deps ti=<TaskInstance: dag_with_taskflow_api.greet scheduled__2024-09-18T00:00:00+00:00 [queued]>
[2024-12-19T13:51:18.296+0000] {taskinstance.py:2613} INFO - Dependencies all met for dep_context=requeueable deps ti=<TaskInstance: dag_with_taskflow_api.greet scheduled__2024-09-18T00:00:00+00:00 [queued]>
[2024-12-19T13:51:18.298+0000] {taskinstance.py:2866} INFO - Starting attempt 1 of 6
[2024-12-19T13:51:18.431+0000] {taskinstance.py:2889} INFO - Executing <Task(_PythonDecoratedOperator): greet> on 2024-09-18 00:00:00+00:00
[2024-12-19T13:51:18.467+0000] {standard_task_runner.py:104} INFO - Running: ['***', 'tasks', 'run', 'dag_with_taskflow_api', 'greet', 'scheduled__2024-09-18T00:00:00+00:00', '--job-id', '4342', '--raw', '--subdir', 'DAGS_FOLDER/dag_with_taskflow_api.py', '--cfg-path', '/tmp/tmpj79d0nwb']
[2024-12-19T13:51:18.479+0000] {standard_task_runner.py:105} INFO - Job 4342: Subtask greet
[2024-12-19T13:51:18.475+0000] {logging_mixin.py:190} WARNING - /home/***/.local/lib/python3.12/site-packages/***/task/task_runner/standard_task_runner.py:70 DeprecationWarning: This process (pid=16045) is multi-threaded, use of fork() may lead to deadlocks in the child.
[2024-12-19T13:51:18.485+0000] {standard_task_runner.py:72} INFO - Started process 16064 to run task
[2024-12-19T13:51:18.640+0000] {task_command.py:467} INFO - Running <TaskInstance: dag_with_taskflow_api.greet scheduled__2024-09-18T00:00:00+00:00 [running]> on host 02d979add40a
[2024-12-19T13:51:19.030+0000] {taskinstance.py:3132} INFO - Exporting env vars: AIRFLOW_CTX_DAG_OWNER='mateo' AIRFLOW_CTX_DAG_ID='dag_with_taskflow_api' AIRFLOW_CTX_TASK_ID='greet' AIRFLOW_CTX_EXECUTION_DATE='2024-09-18T00:00:00+00:00' AIRFLOW_CTX_TRY_NUMBER='1' AIRFLOW_CTX_DAG_RUN_ID='scheduled__2024-09-18T00:00:00+00:00'
[2024-12-19T13:51:19.034+0000] {taskinstance.py:731} INFO - ::endgroup::
[2024-12-19T13:51:19.042+0000] {logging_mixin.py:190} INFO - My name is Jerry. I am 19 years old.
[2024-12-19T13:51:19.043+0000] {python.py:240} INFO - Done. Returned value was: None
[2024-12-19T13:51:19.065+0000] {taskinstance.py:340} INFO - ::group::Post task execution logs
[2024-12-19T13:51:19.067+0000] {taskinstance.py:352} INFO - Marking task as SUCCESS. dag_id=dag_with_taskflow_api, task_id=greet, run_id=scheduled__2024-09-18T00:00:00+00:00, execution_date=20240918T000000, start_date=20241219T135118, end_date=20241219T135119
[2024-12-19T13:51:19.162+0000] {local_task_job_runner.py:266} INFO - Task exited with return code 0
[2024-12-19T13:51:19.192+0000] {taskinstance.py:3895} INFO - 0 downstream tasks scheduled from follow-on schedule check
[2024-12-19T13:51:19.196+0000] {local_task_job_runner.py:245} INFO - ::endgroup::
[2024-12-20T10:28:48.600+0000] {local_task_job_runner.py:123} INFO - ::group::Pre task execution logs
[2024-12-20T10:28:48.625+0000] {taskinstance.py:2613} INFO - Dependencies all met for dep_context=non-requeueable deps ti=<TaskInstance: dag_with_taskflow_api.greet scheduled__2024-09-18T00:00:00+00:00 [queued]>
[2024-12-20T10:28:48.640+0000] {taskinstance.py:2613} INFO - Dependencies all met for dep_context=requeueable deps ti=<TaskInstance: dag_with_taskflow_api.greet scheduled__2024-09-18T00:00:00+00:00 [queued]>
[2024-12-20T10:28:48.642+0000] {taskinstance.py:2866} INFO - Starting attempt 1 of 6
[2024-12-20T10:28:48.792+0000] {taskinstance.py:2889} INFO - Executing <Task(_PythonDecoratedOperator): greet> on 2024-09-18 00:00:00+00:00
[2024-12-20T10:28:48.802+0000] {logging_mixin.py:190} WARNING - /home/***/.local/lib/python3.12/site-packages/***/task/task_runner/standard_task_runner.py:70 DeprecationWarning: This process (pid=12629) is multi-threaded, use of fork() may lead to deadlocks in the child.
[2024-12-20T10:28:48.806+0000] {standard_task_runner.py:72} INFO - Started process 12637 to run task
[2024-12-20T10:28:48.803+0000] {standard_task_runner.py:104} INFO - Running: ['***', 'tasks', 'run', 'dag_with_taskflow_api', 'greet', 'scheduled__2024-09-18T00:00:00+00:00', '--job-id', '4649', '--raw', '--subdir', 'DAGS_FOLDER/dag_with_taskflow_api.py', '--cfg-path', '/tmp/tmpem67ppyk']
[2024-12-20T10:28:48.809+0000] {standard_task_runner.py:105} INFO - Job 4649: Subtask greet
[2024-12-20T10:28:48.879+0000] {task_command.py:467} INFO - Running <TaskInstance: dag_with_taskflow_api.greet scheduled__2024-09-18T00:00:00+00:00 [running]> on host a998b5b3d359
[2024-12-20T10:28:49.015+0000] {taskinstance.py:3132} INFO - Exporting env vars: AIRFLOW_CTX_DAG_OWNER='mateo' AIRFLOW_CTX_DAG_ID='dag_with_taskflow_api' AIRFLOW_CTX_TASK_ID='greet' AIRFLOW_CTX_EXECUTION_DATE='2024-09-18T00:00:00+00:00' AIRFLOW_CTX_TRY_NUMBER='1' AIRFLOW_CTX_DAG_RUN_ID='scheduled__2024-09-18T00:00:00+00:00'
[2024-12-20T10:28:49.017+0000] {taskinstance.py:731} INFO - ::endgroup::
[2024-12-20T10:28:49.021+0000] {logging_mixin.py:190} INFO - My name is Jerry. I am 19 years old.
[2024-12-20T10:28:49.023+0000] {python.py:240} INFO - Done. Returned value was: None
[2024-12-20T10:28:49.032+0000] {taskinstance.py:340} INFO - ::group::Post task execution logs
[2024-12-20T10:28:49.034+0000] {taskinstance.py:352} INFO - Marking task as SUCCESS. dag_id=dag_with_taskflow_api, task_id=greet, run_id=scheduled__2024-09-18T00:00:00+00:00, execution_date=20240918T000000, start_date=20241220T102848, end_date=20241220T102849
[2024-12-20T10:28:49.067+0000] {local_task_job_runner.py:266} INFO - Task exited with return code 0
[2024-12-20T10:28:49.088+0000] {taskinstance.py:3895} INFO - 0 downstream tasks scheduled from follow-on schedule check
[2024-12-20T10:28:49.090+0000] {local_task_job_runner.py:245} INFO - ::endgroup::
