[2024-12-19T13:52:16.466+0000] {local_task_job_runner.py:123} INFO - ::group::Pre task execution logs
[2024-12-19T13:52:16.519+0000] {taskinstance.py:2613} INFO - Dependencies all met for dep_context=non-requeueable deps ti=<TaskInstance: dag_with_taskflow_api.get_age scheduled__2024-12-08T00:00:00+00:00 [queued]>
[2024-12-19T13:52:16.539+0000] {taskinstance.py:2613} INFO - Dependencies all met for dep_context=requeueable deps ti=<TaskInstance: dag_with_taskflow_api.get_age scheduled__2024-12-08T00:00:00+00:00 [queued]>
[2024-12-19T13:52:16.540+0000] {taskinstance.py:2866} INFO - Starting attempt 1 of 6
[2024-12-19T13:52:16.619+0000] {taskinstance.py:2889} INFO - Executing <Task(_PythonDecoratedOperator): get_age> on 2024-12-08 00:00:00+00:00
[2024-12-19T13:52:16.661+0000] {standard_task_runner.py:104} INFO - Running: ['***', 'tasks', 'run', 'dag_with_taskflow_api', 'get_age', 'scheduled__2024-12-08T00:00:00+00:00', '--job-id', '4565', '--raw', '--subdir', 'DAGS_FOLDER/dag_with_taskflow_api.py', '--cfg-path', '/tmp/tmp1ovbymv7']
[2024-12-19T13:52:16.668+0000] {standard_task_runner.py:105} INFO - Job 4565: Subtask get_age
[2024-12-19T13:52:16.677+0000] {logging_mixin.py:190} WARNING - /home/***/.local/lib/python3.12/site-packages/***/task/task_runner/standard_task_runner.py:70 DeprecationWarning: This process (pid=16771) is multi-threaded, use of fork() may lead to deadlocks in the child.
[2024-12-19T13:52:16.684+0000] {standard_task_runner.py:72} INFO - Started process 16787 to run task
[2024-12-19T13:52:16.963+0000] {task_command.py:467} INFO - Running <TaskInstance: dag_with_taskflow_api.get_age scheduled__2024-12-08T00:00:00+00:00 [running]> on host 02d979add40a
[2024-12-19T13:52:17.274+0000] {taskinstance.py:3132} INFO - Exporting env vars: AIRFLOW_CTX_DAG_OWNER='mateo' AIRFLOW_CTX_DAG_ID='dag_with_taskflow_api' AIRFLOW_CTX_TASK_ID='get_age' AIRFLOW_CTX_EXECUTION_DATE='2024-12-08T00:00:00+00:00' AIRFLOW_CTX_TRY_NUMBER='1' AIRFLOW_CTX_DAG_RUN_ID='scheduled__2024-12-08T00:00:00+00:00'
[2024-12-19T13:52:17.279+0000] {taskinstance.py:731} INFO - ::endgroup::
[2024-12-19T13:52:17.297+0000] {python.py:240} INFO - Done. Returned value was: 19
[2024-12-19T13:52:17.399+0000] {taskinstance.py:340} INFO - ::group::Post task execution logs
[2024-12-19T13:52:17.401+0000] {taskinstance.py:352} INFO - Marking task as SUCCESS. dag_id=dag_with_taskflow_api, task_id=get_age, run_id=scheduled__2024-12-08T00:00:00+00:00, execution_date=20241208T000000, start_date=20241219T135216, end_date=20241219T135217
[2024-12-19T13:52:17.528+0000] {local_task_job_runner.py:266} INFO - Task exited with return code 0
[2024-12-19T13:52:17.563+0000] {taskinstance.py:3895} INFO - 0 downstream tasks scheduled from follow-on schedule check
[2024-12-19T13:52:17.576+0000] {local_task_job_runner.py:245} INFO - ::endgroup::
[2024-12-20T10:29:47.478+0000] {local_task_job_runner.py:123} INFO - ::group::Pre task execution logs
[2024-12-20T10:29:47.527+0000] {taskinstance.py:2613} INFO - Dependencies all met for dep_context=non-requeueable deps ti=<TaskInstance: dag_with_taskflow_api.get_age scheduled__2024-12-08T00:00:00+00:00 [queued]>
[2024-12-20T10:29:47.546+0000] {taskinstance.py:2613} INFO - Dependencies all met for dep_context=requeueable deps ti=<TaskInstance: dag_with_taskflow_api.get_age scheduled__2024-12-08T00:00:00+00:00 [queued]>
[2024-12-20T10:29:47.552+0000] {taskinstance.py:2866} INFO - Starting attempt 1 of 6
[2024-12-20T10:29:47.905+0000] {taskinstance.py:2889} INFO - Executing <Task(_PythonDecoratedOperator): get_age> on 2024-12-08 00:00:00+00:00
[2024-12-20T10:29:47.948+0000] {standard_task_runner.py:104} INFO - Running: ['***', 'tasks', 'run', 'dag_with_taskflow_api', 'get_age', 'scheduled__2024-12-08T00:00:00+00:00', '--job-id', '4884', '--raw', '--subdir', 'DAGS_FOLDER/dag_with_taskflow_api.py', '--cfg-path', '/tmp/tmprkwuu0hr']
[2024-12-20T10:29:47.954+0000] {standard_task_runner.py:105} INFO - Job 4884: Subtask get_age
[2024-12-20T10:29:47.960+0000] {logging_mixin.py:190} WARNING - /home/***/.local/lib/python3.12/site-packages/***/task/task_runner/standard_task_runner.py:70 DeprecationWarning: This process (pid=13403) is multi-threaded, use of fork() may lead to deadlocks in the child.
[2024-12-20T10:29:47.967+0000] {standard_task_runner.py:72} INFO - Started process 13416 to run task
[2024-12-20T10:29:48.106+0000] {task_command.py:467} INFO - Running <TaskInstance: dag_with_taskflow_api.get_age scheduled__2024-12-08T00:00:00+00:00 [running]> on host a998b5b3d359
[2024-12-20T10:29:48.237+0000] {taskinstance.py:3132} INFO - Exporting env vars: AIRFLOW_CTX_DAG_OWNER='mateo' AIRFLOW_CTX_DAG_ID='dag_with_taskflow_api' AIRFLOW_CTX_TASK_ID='get_age' AIRFLOW_CTX_EXECUTION_DATE='2024-12-08T00:00:00+00:00' AIRFLOW_CTX_TRY_NUMBER='1' AIRFLOW_CTX_DAG_RUN_ID='scheduled__2024-12-08T00:00:00+00:00'
[2024-12-20T10:29:48.242+0000] {taskinstance.py:731} INFO - ::endgroup::
[2024-12-20T10:29:48.246+0000] {python.py:240} INFO - Done. Returned value was: 19
[2024-12-20T10:29:48.294+0000] {taskinstance.py:340} INFO - ::group::Post task execution logs
[2024-12-20T10:29:48.297+0000] {taskinstance.py:352} INFO - Marking task as SUCCESS. dag_id=dag_with_taskflow_api, task_id=get_age, run_id=scheduled__2024-12-08T00:00:00+00:00, execution_date=20241208T000000, start_date=20241220T102947, end_date=20241220T102948
[2024-12-20T10:29:48.357+0000] {local_task_job_runner.py:266} INFO - Task exited with return code 0
[2024-12-20T10:29:48.369+0000] {local_task_job_runner.py:245} INFO - ::endgroup::
