[2024-12-19T08:58:40.980+0000] {local_task_job_runner.py:123} INFO - ::group::Pre task execution logs
[2024-12-19T08:58:41.022+0000] {taskinstance.py:2613} INFO - Dependencies all met for dep_context=non-requeueable deps ti=<TaskInstance: our_first_dag_v2.third_task scheduled__2024-01-06T00:00:00+00:00 [queued]>
[2024-12-19T08:58:41.045+0000] {taskinstance.py:2613} INFO - Dependencies all met for dep_context=requeueable deps ti=<TaskInstance: our_first_dag_v2.third_task scheduled__2024-01-06T00:00:00+00:00 [queued]>
[2024-12-19T08:58:41.046+0000] {taskinstance.py:2866} INFO - Starting attempt 1 of 6
[2024-12-19T08:58:41.091+0000] {taskinstance.py:2889} INFO - Executing <Task(BashOperator): third_task> on 2024-01-06 00:00:00+00:00
[2024-12-19T08:58:41.112+0000] {logging_mixin.py:190} WARNING - /home/***/.local/lib/python3.12/site-packages/***/task/task_runner/standard_task_runner.py:70 DeprecationWarning: This process (pid=10102) is multi-threaded, use of fork() may lead to deadlocks in the child.
[2024-12-19T08:58:41.123+0000] {standard_task_runner.py:72} INFO - Started process 10124 to run task
[2024-12-19T08:58:41.120+0000] {standard_task_runner.py:104} INFO - Running: ['***', 'tasks', 'run', 'our_first_dag_v2', 'third_task', 'scheduled__2024-01-06T00:00:00+00:00', '--job-id', '2342', '--raw', '--subdir', 'DAGS_FOLDER/our_first_dag.py', '--cfg-path', '/tmp/tmp0cu5pbd8']
[2024-12-19T08:58:41.129+0000] {standard_task_runner.py:105} INFO - Job 2342: Subtask third_task
[2024-12-19T08:58:41.257+0000] {task_command.py:467} INFO - Running <TaskInstance: our_first_dag_v2.third_task scheduled__2024-01-06T00:00:00+00:00 [running]> on host 8d142e9c83a7
[2024-12-19T08:58:41.505+0000] {taskinstance.py:3132} INFO - Exporting env vars: AIRFLOW_CTX_DAG_OWNER='mateo' AIRFLOW_CTX_DAG_ID='our_first_dag_v2' AIRFLOW_CTX_TASK_ID='third_task' AIRFLOW_CTX_EXECUTION_DATE='2024-01-06T00:00:00+00:00' AIRFLOW_CTX_TRY_NUMBER='1' AIRFLOW_CTX_DAG_RUN_ID='scheduled__2024-01-06T00:00:00+00:00'
[2024-12-19T08:58:41.509+0000] {taskinstance.py:731} INFO - ::endgroup::
[2024-12-19T08:58:41.559+0000] {subprocess.py:78} INFO - Tmp dir root location: /tmp
[2024-12-19T08:58:41.563+0000] {subprocess.py:88} INFO - Running command: ['/usr/bin/bash', '-c', 'echo I am the third task and I will be executed at the same time as the second task.']
[2024-12-19T08:58:41.608+0000] {subprocess.py:99} INFO - Output:
[2024-12-19T08:58:41.611+0000] {subprocess.py:106} INFO - I am the third task and I will be executed at the same time as the second task.
[2024-12-19T08:58:41.612+0000] {subprocess.py:110} INFO - Command exited with return code 0
[2024-12-19T08:58:41.648+0000] {taskinstance.py:340} INFO - ::group::Post task execution logs
[2024-12-19T08:58:41.649+0000] {taskinstance.py:352} INFO - Marking task as SUCCESS. dag_id=our_first_dag_v2, task_id=third_task, run_id=scheduled__2024-01-06T00:00:00+00:00, execution_date=20240106T000000, start_date=20241219T085841, end_date=20241219T085841
[2024-12-19T08:58:41.720+0000] {local_task_job_runner.py:266} INFO - Task exited with return code 0
[2024-12-19T08:58:41.751+0000] {taskinstance.py:3895} INFO - 0 downstream tasks scheduled from follow-on schedule check
[2024-12-19T08:58:41.756+0000] {local_task_job_runner.py:245} INFO - ::endgroup::
