[2024-12-22T11:58:52.635+0000] {processor.py:186} INFO - Started process (PID=200) to work on /opt/airflow/dags/dag_with_taskflow_api.py
[2024-12-22T11:58:52.642+0000] {processor.py:914} INFO - Processing file /opt/airflow/dags/dag_with_taskflow_api.py for tasks to queue
[2024-12-22T11:58:52.653+0000] {logging_mixin.py:190} INFO - [2024-12-22T11:58:52.652+0000] {dagbag.py:588} INFO - Filling up the DagBag from /opt/airflow/dags/dag_with_taskflow_api.py
[2024-12-22T11:58:52.755+0000] {processor.py:925} INFO - DAG(s) 'dag_with_taskflow_api' retrieved from /opt/airflow/dags/dag_with_taskflow_api.py
[2024-12-22T11:58:53.016+0000] {logging_mixin.py:190} INFO - [2024-12-22T11:58:53.016+0000] {dag.py:3239} INFO - Sync 1 DAGs
[2024-12-22T11:58:53.253+0000] {logging_mixin.py:190} INFO - [2024-12-22T11:58:53.253+0000] {dag.py:4180} INFO - Setting next_dagrun for dag_with_taskflow_api to 2024-12-22 00:00:00+00:00, run_after=2024-12-23 00:00:00+00:00
[2024-12-22T11:58:53.497+0000] {processor.py:208} INFO - Processing /opt/airflow/dags/dag_with_taskflow_api.py took 0.870 seconds
[2024-12-22T11:59:23.882+0000] {processor.py:186} INFO - Started process (PID=287) to work on /opt/airflow/dags/dag_with_taskflow_api.py
[2024-12-22T11:59:23.883+0000] {processor.py:914} INFO - Processing file /opt/airflow/dags/dag_with_taskflow_api.py for tasks to queue
[2024-12-22T11:59:23.886+0000] {logging_mixin.py:190} INFO - [2024-12-22T11:59:23.885+0000] {dagbag.py:588} INFO - Filling up the DagBag from /opt/airflow/dags/dag_with_taskflow_api.py
[2024-12-22T11:59:23.899+0000] {processor.py:925} INFO - DAG(s) 'dag_with_taskflow_api' retrieved from /opt/airflow/dags/dag_with_taskflow_api.py
[2024-12-22T11:59:23.924+0000] {logging_mixin.py:190} INFO - [2024-12-22T11:59:23.924+0000] {dag.py:3239} INFO - Sync 1 DAGs
[2024-12-22T11:59:23.949+0000] {logging_mixin.py:190} INFO - [2024-12-22T11:59:23.948+0000] {dag.py:4180} INFO - Setting next_dagrun for dag_with_taskflow_api to 2024-12-22 00:00:00+00:00, run_after=2024-12-23 00:00:00+00:00
[2024-12-22T11:59:23.965+0000] {processor.py:208} INFO - Processing /opt/airflow/dags/dag_with_taskflow_api.py took 0.091 seconds
[2024-12-22T11:59:54.316+0000] {processor.py:186} INFO - Started process (PID=323) to work on /opt/airflow/dags/dag_with_taskflow_api.py
[2024-12-22T11:59:54.317+0000] {processor.py:914} INFO - Processing file /opt/airflow/dags/dag_with_taskflow_api.py for tasks to queue
[2024-12-22T11:59:54.320+0000] {logging_mixin.py:190} INFO - [2024-12-22T11:59:54.320+0000] {dagbag.py:588} INFO - Filling up the DagBag from /opt/airflow/dags/dag_with_taskflow_api.py
[2024-12-22T11:59:54.334+0000] {processor.py:925} INFO - DAG(s) 'dag_with_taskflow_api' retrieved from /opt/airflow/dags/dag_with_taskflow_api.py
[2024-12-22T11:59:54.358+0000] {logging_mixin.py:190} INFO - [2024-12-22T11:59:54.358+0000] {dag.py:3239} INFO - Sync 1 DAGs
[2024-12-22T11:59:54.382+0000] {logging_mixin.py:190} INFO - [2024-12-22T11:59:54.382+0000] {dag.py:4180} INFO - Setting next_dagrun for dag_with_taskflow_api to 2024-12-22 00:00:00+00:00, run_after=2024-12-23 00:00:00+00:00
[2024-12-22T11:59:54.398+0000] {processor.py:208} INFO - Processing /opt/airflow/dags/dag_with_taskflow_api.py took 0.087 seconds
[2024-12-22T12:00:24.746+0000] {processor.py:186} INFO - Started process (PID=359) to work on /opt/airflow/dags/dag_with_taskflow_api.py
[2024-12-22T12:00:24.748+0000] {processor.py:914} INFO - Processing file /opt/airflow/dags/dag_with_taskflow_api.py for tasks to queue
[2024-12-22T12:00:24.750+0000] {logging_mixin.py:190} INFO - [2024-12-22T12:00:24.750+0000] {dagbag.py:588} INFO - Filling up the DagBag from /opt/airflow/dags/dag_with_taskflow_api.py
[2024-12-22T12:00:24.764+0000] {processor.py:925} INFO - DAG(s) 'dag_with_taskflow_api' retrieved from /opt/airflow/dags/dag_with_taskflow_api.py
[2024-12-22T12:00:24.790+0000] {logging_mixin.py:190} INFO - [2024-12-22T12:00:24.790+0000] {dag.py:3239} INFO - Sync 1 DAGs
[2024-12-22T12:00:24.813+0000] {logging_mixin.py:190} INFO - [2024-12-22T12:00:24.813+0000] {dag.py:4180} INFO - Setting next_dagrun for dag_with_taskflow_api to 2024-12-22 00:00:00+00:00, run_after=2024-12-23 00:00:00+00:00
[2024-12-22T12:00:24.830+0000] {processor.py:208} INFO - Processing /opt/airflow/dags/dag_with_taskflow_api.py took 0.090 seconds
[2024-12-22T12:00:55.196+0000] {processor.py:186} INFO - Started process (PID=395) to work on /opt/airflow/dags/dag_with_taskflow_api.py
[2024-12-22T12:00:55.197+0000] {processor.py:914} INFO - Processing file /opt/airflow/dags/dag_with_taskflow_api.py for tasks to queue
[2024-12-22T12:00:55.200+0000] {logging_mixin.py:190} INFO - [2024-12-22T12:00:55.200+0000] {dagbag.py:588} INFO - Filling up the DagBag from /opt/airflow/dags/dag_with_taskflow_api.py
[2024-12-22T12:00:55.213+0000] {processor.py:925} INFO - DAG(s) 'dag_with_taskflow_api' retrieved from /opt/airflow/dags/dag_with_taskflow_api.py
[2024-12-22T12:00:55.238+0000] {logging_mixin.py:190} INFO - [2024-12-22T12:00:55.238+0000] {dag.py:3239} INFO - Sync 1 DAGs
[2024-12-22T12:00:55.263+0000] {logging_mixin.py:190} INFO - [2024-12-22T12:00:55.262+0000] {dag.py:4180} INFO - Setting next_dagrun for dag_with_taskflow_api to 2024-12-22 00:00:00+00:00, run_after=2024-12-23 00:00:00+00:00
[2024-12-22T12:00:55.280+0000] {processor.py:208} INFO - Processing /opt/airflow/dags/dag_with_taskflow_api.py took 0.090 seconds
[2024-12-22T12:01:25.603+0000] {processor.py:186} INFO - Started process (PID=431) to work on /opt/airflow/dags/dag_with_taskflow_api.py
[2024-12-22T12:01:25.605+0000] {processor.py:914} INFO - Processing file /opt/airflow/dags/dag_with_taskflow_api.py for tasks to queue
[2024-12-22T12:01:25.608+0000] {logging_mixin.py:190} INFO - [2024-12-22T12:01:25.607+0000] {dagbag.py:588} INFO - Filling up the DagBag from /opt/airflow/dags/dag_with_taskflow_api.py
[2024-12-22T12:01:25.621+0000] {processor.py:925} INFO - DAG(s) 'dag_with_taskflow_api' retrieved from /opt/airflow/dags/dag_with_taskflow_api.py
[2024-12-22T12:01:25.647+0000] {logging_mixin.py:190} INFO - [2024-12-22T12:01:25.647+0000] {dag.py:3239} INFO - Sync 1 DAGs
[2024-12-22T12:01:25.671+0000] {logging_mixin.py:190} INFO - [2024-12-22T12:01:25.671+0000] {dag.py:4180} INFO - Setting next_dagrun for dag_with_taskflow_api to 2024-12-22 00:00:00+00:00, run_after=2024-12-23 00:00:00+00:00
[2024-12-22T12:01:25.691+0000] {processor.py:208} INFO - Processing /opt/airflow/dags/dag_with_taskflow_api.py took 0.094 seconds
