[2024-12-22T11:58:52.024+0000] {processor.py:186} INFO - Started process (PID=175) to work on /opt/airflow/dags/dag_with_cron_expresson.py
[2024-12-22T11:58:52.025+0000] {processor.py:914} INFO - Processing file /opt/airflow/dags/dag_with_cron_expresson.py for tasks to queue
[2024-12-22T11:58:52.028+0000] {logging_mixin.py:190} INFO - [2024-12-22T11:58:52.028+0000] {dagbag.py:588} INFO - Filling up the DagBag from /opt/airflow/dags/dag_with_cron_expresson.py
[2024-12-22T11:58:52.065+0000] {processor.py:925} INFO - DAG(s) 'cron_expression_airflow' retrieved from /opt/airflow/dags/dag_with_cron_expresson.py
[2024-12-22T11:58:52.191+0000] {logging_mixin.py:190} INFO - [2024-12-22T11:58:52.191+0000] {dag.py:3239} INFO - Sync 1 DAGs
[2024-12-22T11:58:52.242+0000] {logging_mixin.py:190} INFO - [2024-12-22T11:58:52.242+0000] {dag.py:4180} INFO - Setting next_dagrun for cron_expression_airflow to 2023-01-01 00:00:00+00:00, run_after=2023-01-02 00:00:00+00:00
[2024-12-22T11:58:52.360+0000] {processor.py:208} INFO - Processing /opt/airflow/dags/dag_with_cron_expresson.py took 0.343 seconds
[2024-12-22T11:59:22.862+0000] {processor.py:186} INFO - Started process (PID=279) to work on /opt/airflow/dags/dag_with_cron_expresson.py
[2024-12-22T11:59:22.864+0000] {processor.py:914} INFO - Processing file /opt/airflow/dags/dag_with_cron_expresson.py for tasks to queue
[2024-12-22T11:59:22.867+0000] {logging_mixin.py:190} INFO - [2024-12-22T11:59:22.866+0000] {dagbag.py:588} INFO - Filling up the DagBag from /opt/airflow/dags/dag_with_cron_expresson.py
[2024-12-22T11:59:22.878+0000] {processor.py:925} INFO - DAG(s) 'cron_expression_airflow' retrieved from /opt/airflow/dags/dag_with_cron_expresson.py
[2024-12-22T11:59:22.903+0000] {logging_mixin.py:190} INFO - [2024-12-22T11:59:22.903+0000] {dag.py:3239} INFO - Sync 1 DAGs
[2024-12-22T11:59:22.926+0000] {logging_mixin.py:190} INFO - [2024-12-22T11:59:22.926+0000] {dag.py:4180} INFO - Setting next_dagrun for cron_expression_airflow to 2023-01-01 00:00:00+00:00, run_after=2023-01-02 00:00:00+00:00
[2024-12-22T11:59:22.942+0000] {processor.py:208} INFO - Processing /opt/airflow/dags/dag_with_cron_expresson.py took 0.086 seconds
[2024-12-22T11:59:53.296+0000] {processor.py:186} INFO - Started process (PID=315) to work on /opt/airflow/dags/dag_with_cron_expresson.py
[2024-12-22T11:59:53.298+0000] {processor.py:914} INFO - Processing file /opt/airflow/dags/dag_with_cron_expresson.py for tasks to queue
[2024-12-22T11:59:53.300+0000] {logging_mixin.py:190} INFO - [2024-12-22T11:59:53.300+0000] {dagbag.py:588} INFO - Filling up the DagBag from /opt/airflow/dags/dag_with_cron_expresson.py
[2024-12-22T11:59:53.312+0000] {processor.py:925} INFO - DAG(s) 'cron_expression_airflow' retrieved from /opt/airflow/dags/dag_with_cron_expresson.py
[2024-12-22T11:59:53.336+0000] {logging_mixin.py:190} INFO - [2024-12-22T11:59:53.336+0000] {dag.py:3239} INFO - Sync 1 DAGs
[2024-12-22T11:59:53.358+0000] {logging_mixin.py:190} INFO - [2024-12-22T11:59:53.358+0000] {dag.py:4180} INFO - Setting next_dagrun for cron_expression_airflow to 2023-01-01 00:00:00+00:00, run_after=2023-01-02 00:00:00+00:00
[2024-12-22T11:59:53.374+0000] {processor.py:208} INFO - Processing /opt/airflow/dags/dag_with_cron_expresson.py took 0.083 seconds
[2024-12-22T12:00:23.727+0000] {processor.py:186} INFO - Started process (PID=351) to work on /opt/airflow/dags/dag_with_cron_expresson.py
[2024-12-22T12:00:23.729+0000] {processor.py:914} INFO - Processing file /opt/airflow/dags/dag_with_cron_expresson.py for tasks to queue
[2024-12-22T12:00:23.731+0000] {logging_mixin.py:190} INFO - [2024-12-22T12:00:23.731+0000] {dagbag.py:588} INFO - Filling up the DagBag from /opt/airflow/dags/dag_with_cron_expresson.py
[2024-12-22T12:00:23.743+0000] {processor.py:925} INFO - DAG(s) 'cron_expression_airflow' retrieved from /opt/airflow/dags/dag_with_cron_expresson.py
[2024-12-22T12:00:23.767+0000] {logging_mixin.py:190} INFO - [2024-12-22T12:00:23.767+0000] {dag.py:3239} INFO - Sync 1 DAGs
[2024-12-22T12:00:23.789+0000] {logging_mixin.py:190} INFO - [2024-12-22T12:00:23.789+0000] {dag.py:4180} INFO - Setting next_dagrun for cron_expression_airflow to 2023-01-01 00:00:00+00:00, run_after=2023-01-02 00:00:00+00:00
[2024-12-22T12:00:23.806+0000] {processor.py:208} INFO - Processing /opt/airflow/dags/dag_with_cron_expresson.py took 0.085 seconds
[2024-12-22T12:00:54.172+0000] {processor.py:186} INFO - Started process (PID=387) to work on /opt/airflow/dags/dag_with_cron_expresson.py
[2024-12-22T12:00:54.173+0000] {processor.py:914} INFO - Processing file /opt/airflow/dags/dag_with_cron_expresson.py for tasks to queue
[2024-12-22T12:00:54.176+0000] {logging_mixin.py:190} INFO - [2024-12-22T12:00:54.176+0000] {dagbag.py:588} INFO - Filling up the DagBag from /opt/airflow/dags/dag_with_cron_expresson.py
[2024-12-22T12:00:54.188+0000] {processor.py:925} INFO - DAG(s) 'cron_expression_airflow' retrieved from /opt/airflow/dags/dag_with_cron_expresson.py
[2024-12-22T12:00:54.211+0000] {logging_mixin.py:190} INFO - [2024-12-22T12:00:54.210+0000] {dag.py:3239} INFO - Sync 1 DAGs
[2024-12-22T12:00:54.233+0000] {logging_mixin.py:190} INFO - [2024-12-22T12:00:54.232+0000] {dag.py:4180} INFO - Setting next_dagrun for cron_expression_airflow to 2023-01-01 00:00:00+00:00, run_after=2023-01-02 00:00:00+00:00
[2024-12-22T12:00:54.248+0000] {processor.py:208} INFO - Processing /opt/airflow/dags/dag_with_cron_expresson.py took 0.082 seconds
[2024-12-22T12:01:24.584+0000] {processor.py:186} INFO - Started process (PID=423) to work on /opt/airflow/dags/dag_with_cron_expresson.py
[2024-12-22T12:01:24.586+0000] {processor.py:914} INFO - Processing file /opt/airflow/dags/dag_with_cron_expresson.py for tasks to queue
[2024-12-22T12:01:24.589+0000] {logging_mixin.py:190} INFO - [2024-12-22T12:01:24.588+0000] {dagbag.py:588} INFO - Filling up the DagBag from /opt/airflow/dags/dag_with_cron_expresson.py
[2024-12-22T12:01:24.602+0000] {processor.py:925} INFO - DAG(s) 'cron_expression_airflow' retrieved from /opt/airflow/dags/dag_with_cron_expresson.py
[2024-12-22T12:01:24.626+0000] {logging_mixin.py:190} INFO - [2024-12-22T12:01:24.626+0000] {dag.py:3239} INFO - Sync 1 DAGs
[2024-12-22T12:01:24.650+0000] {logging_mixin.py:190} INFO - [2024-12-22T12:01:24.650+0000] {dag.py:4180} INFO - Setting next_dagrun for cron_expression_airflow to 2023-01-01 00:00:00+00:00, run_after=2023-01-02 00:00:00+00:00
[2024-12-22T12:01:24.667+0000] {processor.py:208} INFO - Processing /opt/airflow/dags/dag_with_cron_expresson.py took 0.089 seconds
