[2024-12-22T11:58:52.055+0000] {processor.py:186} INFO - Started process (PID=178) to work on /opt/airflow/dags/dag_with_catch_and_backill.py
[2024-12-22T11:58:52.064+0000] {processor.py:914} INFO - Processing file /opt/airflow/dags/dag_with_catch_and_backill.py for tasks to queue
[2024-12-22T11:58:52.111+0000] {logging_mixin.py:190} INFO - [2024-12-22T11:58:52.070+0000] {dagbag.py:588} INFO - Filling up the DagBag from /opt/airflow/dags/dag_with_catch_and_backill.py
[2024-12-22T11:58:52.278+0000] {processor.py:925} INFO - DAG(s) 'our_first_catch_backfill_dag_v2' retrieved from /opt/airflow/dags/dag_with_catch_and_backill.py
[2024-12-22T11:58:52.460+0000] {logging_mixin.py:190} INFO - [2024-12-22T11:58:52.460+0000] {dag.py:3239} INFO - Sync 1 DAGs
[2024-12-22T11:58:52.602+0000] {logging_mixin.py:190} INFO - [2024-12-22T11:58:52.602+0000] {dag.py:4180} INFO - Setting next_dagrun for our_first_catch_backfill_dag_v2 to 2024-12-21 00:00:00+00:00, run_after=2024-12-22 00:00:00+00:00
[2024-12-22T11:58:52.879+0000] {processor.py:208} INFO - Processing /opt/airflow/dags/dag_with_catch_and_backill.py took 0.829 seconds
[2024-12-22T11:59:23.874+0000] {processor.py:186} INFO - Started process (PID=284) to work on /opt/airflow/dags/dag_with_catch_and_backill.py
[2024-12-22T11:59:23.875+0000] {processor.py:914} INFO - Processing file /opt/airflow/dags/dag_with_catch_and_backill.py for tasks to queue
[2024-12-22T11:59:23.878+0000] {logging_mixin.py:190} INFO - [2024-12-22T11:59:23.878+0000] {dagbag.py:588} INFO - Filling up the DagBag from /opt/airflow/dags/dag_with_catch_and_backill.py
[2024-12-22T11:59:23.893+0000] {processor.py:925} INFO - DAG(s) 'our_first_catch_backfill_dag_v2' retrieved from /opt/airflow/dags/dag_with_catch_and_backill.py
[2024-12-22T11:59:23.918+0000] {logging_mixin.py:190} INFO - [2024-12-22T11:59:23.918+0000] {dag.py:3239} INFO - Sync 1 DAGs
[2024-12-22T11:59:23.942+0000] {logging_mixin.py:190} INFO - [2024-12-22T11:59:23.942+0000] {dag.py:4180} INFO - Setting next_dagrun for our_first_catch_backfill_dag_v2 to 2024-12-21 00:00:00+00:00, run_after=2024-12-22 00:00:00+00:00
[2024-12-22T11:59:23.959+0000] {processor.py:208} INFO - Processing /opt/airflow/dags/dag_with_catch_and_backill.py took 0.091 seconds
[2024-12-22T11:59:54.310+0000] {processor.py:186} INFO - Started process (PID=320) to work on /opt/airflow/dags/dag_with_catch_and_backill.py
[2024-12-22T11:59:54.311+0000] {processor.py:914} INFO - Processing file /opt/airflow/dags/dag_with_catch_and_backill.py for tasks to queue
[2024-12-22T11:59:54.315+0000] {logging_mixin.py:190} INFO - [2024-12-22T11:59:54.314+0000] {dagbag.py:588} INFO - Filling up the DagBag from /opt/airflow/dags/dag_with_catch_and_backill.py
[2024-12-22T11:59:54.327+0000] {processor.py:925} INFO - DAG(s) 'our_first_catch_backfill_dag_v2' retrieved from /opt/airflow/dags/dag_with_catch_and_backill.py
[2024-12-22T11:59:54.351+0000] {logging_mixin.py:190} INFO - [2024-12-22T11:59:54.351+0000] {dag.py:3239} INFO - Sync 1 DAGs
[2024-12-22T11:59:54.375+0000] {logging_mixin.py:190} INFO - [2024-12-22T11:59:54.375+0000] {dag.py:4180} INFO - Setting next_dagrun for our_first_catch_backfill_dag_v2 to 2024-12-21 00:00:00+00:00, run_after=2024-12-22 00:00:00+00:00
[2024-12-22T11:59:54.391+0000] {processor.py:208} INFO - Processing /opt/airflow/dags/dag_with_catch_and_backill.py took 0.087 seconds
[2024-12-22T12:00:24.740+0000] {processor.py:186} INFO - Started process (PID=356) to work on /opt/airflow/dags/dag_with_catch_and_backill.py
[2024-12-22T12:00:24.741+0000] {processor.py:914} INFO - Processing file /opt/airflow/dags/dag_with_catch_and_backill.py for tasks to queue
[2024-12-22T12:00:24.744+0000] {logging_mixin.py:190} INFO - [2024-12-22T12:00:24.744+0000] {dagbag.py:588} INFO - Filling up the DagBag from /opt/airflow/dags/dag_with_catch_and_backill.py
[2024-12-22T12:00:24.758+0000] {processor.py:925} INFO - DAG(s) 'our_first_catch_backfill_dag_v2' retrieved from /opt/airflow/dags/dag_with_catch_and_backill.py
[2024-12-22T12:00:24.782+0000] {logging_mixin.py:190} INFO - [2024-12-22T12:00:24.782+0000] {dag.py:3239} INFO - Sync 1 DAGs
[2024-12-22T12:00:24.806+0000] {logging_mixin.py:190} INFO - [2024-12-22T12:00:24.806+0000] {dag.py:4180} INFO - Setting next_dagrun for our_first_catch_backfill_dag_v2 to 2024-12-21 00:00:00+00:00, run_after=2024-12-22 00:00:00+00:00
[2024-12-22T12:00:24.822+0000] {processor.py:208} INFO - Processing /opt/airflow/dags/dag_with_catch_and_backill.py took 0.088 seconds
[2024-12-22T12:00:55.190+0000] {processor.py:186} INFO - Started process (PID=392) to work on /opt/airflow/dags/dag_with_catch_and_backill.py
[2024-12-22T12:00:55.191+0000] {processor.py:914} INFO - Processing file /opt/airflow/dags/dag_with_catch_and_backill.py for tasks to queue
[2024-12-22T12:00:55.194+0000] {logging_mixin.py:190} INFO - [2024-12-22T12:00:55.194+0000] {dagbag.py:588} INFO - Filling up the DagBag from /opt/airflow/dags/dag_with_catch_and_backill.py
[2024-12-22T12:00:55.208+0000] {processor.py:925} INFO - DAG(s) 'our_first_catch_backfill_dag_v2' retrieved from /opt/airflow/dags/dag_with_catch_and_backill.py
[2024-12-22T12:00:55.232+0000] {logging_mixin.py:190} INFO - [2024-12-22T12:00:55.232+0000] {dag.py:3239} INFO - Sync 1 DAGs
[2024-12-22T12:00:55.255+0000] {logging_mixin.py:190} INFO - [2024-12-22T12:00:55.255+0000] {dag.py:4180} INFO - Setting next_dagrun for our_first_catch_backfill_dag_v2 to 2024-12-21 00:00:00+00:00, run_after=2024-12-22 00:00:00+00:00
[2024-12-22T12:00:55.271+0000] {processor.py:208} INFO - Processing /opt/airflow/dags/dag_with_catch_and_backill.py took 0.088 seconds
[2024-12-22T12:01:25.596+0000] {processor.py:186} INFO - Started process (PID=428) to work on /opt/airflow/dags/dag_with_catch_and_backill.py
[2024-12-22T12:01:25.597+0000] {processor.py:914} INFO - Processing file /opt/airflow/dags/dag_with_catch_and_backill.py for tasks to queue
[2024-12-22T12:01:25.600+0000] {logging_mixin.py:190} INFO - [2024-12-22T12:01:25.600+0000] {dagbag.py:588} INFO - Filling up the DagBag from /opt/airflow/dags/dag_with_catch_and_backill.py
[2024-12-22T12:01:25.613+0000] {processor.py:925} INFO - DAG(s) 'our_first_catch_backfill_dag_v2' retrieved from /opt/airflow/dags/dag_with_catch_and_backill.py
[2024-12-22T12:01:25.638+0000] {logging_mixin.py:190} INFO - [2024-12-22T12:01:25.638+0000] {dag.py:3239} INFO - Sync 1 DAGs
[2024-12-22T12:01:25.662+0000] {logging_mixin.py:190} INFO - [2024-12-22T12:01:25.662+0000] {dag.py:4180} INFO - Setting next_dagrun for our_first_catch_backfill_dag_v2 to 2024-12-21 00:00:00+00:00, run_after=2024-12-22 00:00:00+00:00
[2024-12-22T12:01:25.681+0000] {processor.py:208} INFO - Processing /opt/airflow/dags/dag_with_catch_and_backill.py took 0.090 seconds
