[2024-12-22T11:58:53.096+0000] {processor.py:186} INFO - Started process (PID=208) to work on /opt/airflow/dags/python_operator_dag.py
[2024-12-22T11:58:53.112+0000] {processor.py:914} INFO - Processing file /opt/airflow/dags/python_operator_dag.py for tasks to queue
[2024-12-22T11:58:53.121+0000] {logging_mixin.py:190} INFO - [2024-12-22T11:58:53.121+0000] {dagbag.py:588} INFO - Filling up the DagBag from /opt/airflow/dags/python_operator_dag.py
[2024-12-22T11:58:53.146+0000] {processor.py:925} INFO - DAG(s) 'python_operator_dag_v11' retrieved from /opt/airflow/dags/python_operator_dag.py
[2024-12-22T11:58:53.317+0000] {logging_mixin.py:190} INFO - [2024-12-22T11:58:53.314+0000] {dag.py:3239} INFO - Sync 1 DAGs
[2024-12-22T11:58:53.354+0000] {logging_mixin.py:190} INFO - [2024-12-22T11:58:53.354+0000] {dag.py:4180} INFO - Setting next_dagrun for python_operator_dag_v11 to None, run_after=None
[2024-12-22T11:58:53.487+0000] {processor.py:208} INFO - Processing /opt/airflow/dags/python_operator_dag.py took 0.416 seconds
[2024-12-22T11:59:23.994+0000] {processor.py:186} INFO - Started process (PID=294) to work on /opt/airflow/dags/python_operator_dag.py
[2024-12-22T11:59:23.996+0000] {processor.py:914} INFO - Processing file /opt/airflow/dags/python_operator_dag.py for tasks to queue
[2024-12-22T11:59:23.998+0000] {logging_mixin.py:190} INFO - [2024-12-22T11:59:23.998+0000] {dagbag.py:588} INFO - Filling up the DagBag from /opt/airflow/dags/python_operator_dag.py
[2024-12-22T11:59:24.008+0000] {processor.py:925} INFO - DAG(s) 'python_operator_dag_v11' retrieved from /opt/airflow/dags/python_operator_dag.py
[2024-12-22T11:59:24.034+0000] {logging_mixin.py:190} INFO - [2024-12-22T11:59:24.033+0000] {dag.py:3239} INFO - Sync 1 DAGs
[2024-12-22T11:59:24.048+0000] {logging_mixin.py:190} INFO - [2024-12-22T11:59:24.048+0000] {dag.py:4180} INFO - Setting next_dagrun for python_operator_dag_v11 to None, run_after=None
[2024-12-22T11:59:24.065+0000] {processor.py:208} INFO - Processing /opt/airflow/dags/python_operator_dag.py took 0.077 seconds
[2024-12-22T11:59:54.424+0000] {processor.py:186} INFO - Started process (PID=330) to work on /opt/airflow/dags/python_operator_dag.py
[2024-12-22T11:59:54.426+0000] {processor.py:914} INFO - Processing file /opt/airflow/dags/python_operator_dag.py for tasks to queue
[2024-12-22T11:59:54.429+0000] {logging_mixin.py:190} INFO - [2024-12-22T11:59:54.428+0000] {dagbag.py:588} INFO - Filling up the DagBag from /opt/airflow/dags/python_operator_dag.py
[2024-12-22T11:59:54.438+0000] {processor.py:925} INFO - DAG(s) 'python_operator_dag_v11' retrieved from /opt/airflow/dags/python_operator_dag.py
[2024-12-22T11:59:54.463+0000] {logging_mixin.py:190} INFO - [2024-12-22T11:59:54.462+0000] {dag.py:3239} INFO - Sync 1 DAGs
[2024-12-22T11:59:54.477+0000] {logging_mixin.py:190} INFO - [2024-12-22T11:59:54.477+0000] {dag.py:4180} INFO - Setting next_dagrun for python_operator_dag_v11 to None, run_after=None
[2024-12-22T11:59:54.494+0000] {processor.py:208} INFO - Processing /opt/airflow/dags/python_operator_dag.py took 0.076 seconds
[2024-12-22T12:00:24.856+0000] {processor.py:186} INFO - Started process (PID=366) to work on /opt/airflow/dags/python_operator_dag.py
[2024-12-22T12:00:24.858+0000] {processor.py:914} INFO - Processing file /opt/airflow/dags/python_operator_dag.py for tasks to queue
[2024-12-22T12:00:24.861+0000] {logging_mixin.py:190} INFO - [2024-12-22T12:00:24.860+0000] {dagbag.py:588} INFO - Filling up the DagBag from /opt/airflow/dags/python_operator_dag.py
[2024-12-22T12:00:24.871+0000] {processor.py:925} INFO - DAG(s) 'python_operator_dag_v11' retrieved from /opt/airflow/dags/python_operator_dag.py
[2024-12-22T12:00:24.896+0000] {logging_mixin.py:190} INFO - [2024-12-22T12:00:24.896+0000] {dag.py:3239} INFO - Sync 1 DAGs
[2024-12-22T12:00:24.910+0000] {logging_mixin.py:190} INFO - [2024-12-22T12:00:24.910+0000] {dag.py:4180} INFO - Setting next_dagrun for python_operator_dag_v11 to None, run_after=None
[2024-12-22T12:00:24.925+0000] {processor.py:208} INFO - Processing /opt/airflow/dags/python_operator_dag.py took 0.075 seconds
[2024-12-22T12:00:55.307+0000] {processor.py:186} INFO - Started process (PID=402) to work on /opt/airflow/dags/python_operator_dag.py
[2024-12-22T12:00:55.309+0000] {processor.py:914} INFO - Processing file /opt/airflow/dags/python_operator_dag.py for tasks to queue
[2024-12-22T12:00:55.312+0000] {logging_mixin.py:190} INFO - [2024-12-22T12:00:55.311+0000] {dagbag.py:588} INFO - Filling up the DagBag from /opt/airflow/dags/python_operator_dag.py
[2024-12-22T12:00:55.322+0000] {processor.py:925} INFO - DAG(s) 'python_operator_dag_v11' retrieved from /opt/airflow/dags/python_operator_dag.py
[2024-12-22T12:00:55.347+0000] {logging_mixin.py:190} INFO - [2024-12-22T12:00:55.347+0000] {dag.py:3239} INFO - Sync 1 DAGs
[2024-12-22T12:00:55.361+0000] {logging_mixin.py:190} INFO - [2024-12-22T12:00:55.361+0000] {dag.py:4180} INFO - Setting next_dagrun for python_operator_dag_v11 to None, run_after=None
[2024-12-22T12:00:55.376+0000] {processor.py:208} INFO - Processing /opt/airflow/dags/python_operator_dag.py took 0.075 seconds
[2024-12-22T12:01:25.721+0000] {processor.py:186} INFO - Started process (PID=438) to work on /opt/airflow/dags/python_operator_dag.py
[2024-12-22T12:01:25.722+0000] {processor.py:914} INFO - Processing file /opt/airflow/dags/python_operator_dag.py for tasks to queue
[2024-12-22T12:01:25.726+0000] {logging_mixin.py:190} INFO - [2024-12-22T12:01:25.725+0000] {dagbag.py:588} INFO - Filling up the DagBag from /opt/airflow/dags/python_operator_dag.py
[2024-12-22T12:01:25.739+0000] {processor.py:925} INFO - DAG(s) 'python_operator_dag_v11' retrieved from /opt/airflow/dags/python_operator_dag.py
[2024-12-22T12:01:25.766+0000] {logging_mixin.py:190} INFO - [2024-12-22T12:01:25.766+0000] {dag.py:3239} INFO - Sync 1 DAGs
[2024-12-22T12:01:25.781+0000] {logging_mixin.py:190} INFO - [2024-12-22T12:01:25.781+0000] {dag.py:4180} INFO - Setting next_dagrun for python_operator_dag_v11 to None, run_after=None
[2024-12-22T12:01:25.798+0000] {processor.py:208} INFO - Processing /opt/airflow/dags/python_operator_dag.py took 0.083 seconds
