[2024-12-19T13:51:58.321+0000] {local_task_job_runner.py:123} INFO - ::group::Pre task execution logs
[2024-12-19T13:51:58.361+0000] {taskinstance.py:2613} INFO - Dependencies all met for dep_context=non-requeueable deps ti=<TaskInstance: dag_with_taskflow_api.greet scheduled__2024-11-09T00:00:00+00:00 [queued]>
[2024-12-19T13:51:58.385+0000] {taskinstance.py:2613} INFO - Dependencies all met for dep_context=requeueable deps ti=<TaskInstance: dag_with_taskflow_api.greet scheduled__2024-11-09T00:00:00+00:00 [queued]>
[2024-12-19T13:51:58.387+0000] {taskinstance.py:2866} INFO - Starting attempt 1 of 6
[2024-12-19T13:51:58.417+0000] {taskinstance.py:2889} INFO - Executing <Task(_PythonDecoratedOperator): greet> on 2024-11-09 00:00:00+00:00
[2024-12-19T13:51:58.436+0000] {logging_mixin.py:190} WARNING - /home/***/.local/lib/python3.12/site-packages/***/task/task_runner/standard_task_runner.py:70 DeprecationWarning: This process (pid=16521) is multi-threaded, use of fork() may lead to deadlocks in the child.
[2024-12-19T13:51:58.442+0000] {standard_task_runner.py:72} INFO - Started process 16526 to run task
[2024-12-19T13:51:58.442+0000] {standard_task_runner.py:104} INFO - Running: ['***', 'tasks', 'run', 'dag_with_taskflow_api', 'greet', 'scheduled__2024-11-09T00:00:00+00:00', '--job-id', '4485', '--raw', '--subdir', 'DAGS_FOLDER/dag_with_taskflow_api.py', '--cfg-path', '/tmp/tmp91uohiuy']
[2024-12-19T13:51:58.457+0000] {standard_task_runner.py:105} INFO - Job 4485: Subtask greet
[2024-12-19T13:51:58.572+0000] {task_command.py:467} INFO - Running <TaskInstance: dag_with_taskflow_api.greet scheduled__2024-11-09T00:00:00+00:00 [running]> on host 02d979add40a
[2024-12-19T13:51:58.878+0000] {taskinstance.py:3132} INFO - Exporting env vars: AIRFLOW_CTX_DAG_OWNER='mateo' AIRFLOW_CTX_DAG_ID='dag_with_taskflow_api' AIRFLOW_CTX_TASK_ID='greet' AIRFLOW_CTX_EXECUTION_DATE='2024-11-09T00:00:00+00:00' AIRFLOW_CTX_TRY_NUMBER='1' AIRFLOW_CTX_DAG_RUN_ID='scheduled__2024-11-09T00:00:00+00:00'
[2024-12-19T13:51:58.895+0000] {taskinstance.py:731} INFO - ::endgroup::
[2024-12-19T13:51:58.903+0000] {logging_mixin.py:190} INFO - My name is Jerry. I am 19 years old.
[2024-12-19T13:51:58.912+0000] {python.py:240} INFO - Done. Returned value was: None
[2024-12-19T13:51:58.931+0000] {taskinstance.py:340} INFO - ::group::Post task execution logs
[2024-12-19T13:51:58.933+0000] {taskinstance.py:352} INFO - Marking task as SUCCESS. dag_id=dag_with_taskflow_api, task_id=greet, run_id=scheduled__2024-11-09T00:00:00+00:00, execution_date=20241109T000000, start_date=20241219T135158, end_date=20241219T135158
[2024-12-19T13:51:59.300+0000] {local_task_job_runner.py:266} INFO - Task exited with return code 0
[2024-12-19T13:51:59.356+0000] {taskinstance.py:3895} INFO - 0 downstream tasks scheduled from follow-on schedule check
[2024-12-19T13:51:59.376+0000] {local_task_job_runner.py:245} INFO - ::endgroup::
[2024-12-20T10:29:29.998+0000] {local_task_job_runner.py:123} INFO - ::group::Pre task execution logs
[2024-12-20T10:29:30.025+0000] {taskinstance.py:2613} INFO - Dependencies all met for dep_context=non-requeueable deps ti=<TaskInstance: dag_with_taskflow_api.greet scheduled__2024-11-09T00:00:00+00:00 [queued]>
[2024-12-20T10:29:30.038+0000] {taskinstance.py:2613} INFO - Dependencies all met for dep_context=requeueable deps ti=<TaskInstance: dag_with_taskflow_api.greet scheduled__2024-11-09T00:00:00+00:00 [queued]>
[2024-12-20T10:29:30.039+0000] {taskinstance.py:2866} INFO - Starting attempt 1 of 6
[2024-12-20T10:29:30.055+0000] {taskinstance.py:2889} INFO - Executing <Task(_PythonDecoratedOperator): greet> on 2024-11-09 00:00:00+00:00
[2024-12-20T10:29:30.068+0000] {logging_mixin.py:190} WARNING - /home/***/.local/lib/python3.12/site-packages/***/task/task_runner/standard_task_runner.py:70 DeprecationWarning: This process (pid=13140) is multi-threaded, use of fork() may lead to deadlocks in the child.
[2024-12-20T10:29:30.068+0000] {standard_task_runner.py:104} INFO - Running: ['***', 'tasks', 'run', 'dag_with_taskflow_api', 'greet', 'scheduled__2024-11-09T00:00:00+00:00', '--job-id', '4805', '--raw', '--subdir', 'DAGS_FOLDER/dag_with_taskflow_api.py', '--cfg-path', '/tmp/tmpnei_qwly']
[2024-12-20T10:29:30.073+0000] {standard_task_runner.py:72} INFO - Started process 13148 to run task
[2024-12-20T10:29:30.076+0000] {standard_task_runner.py:105} INFO - Job 4805: Subtask greet
[2024-12-20T10:29:30.148+0000] {task_command.py:467} INFO - Running <TaskInstance: dag_with_taskflow_api.greet scheduled__2024-11-09T00:00:00+00:00 [running]> on host a998b5b3d359
[2024-12-20T10:29:30.290+0000] {taskinstance.py:3132} INFO - Exporting env vars: AIRFLOW_CTX_DAG_OWNER='mateo' AIRFLOW_CTX_DAG_ID='dag_with_taskflow_api' AIRFLOW_CTX_TASK_ID='greet' AIRFLOW_CTX_EXECUTION_DATE='2024-11-09T00:00:00+00:00' AIRFLOW_CTX_TRY_NUMBER='1' AIRFLOW_CTX_DAG_RUN_ID='scheduled__2024-11-09T00:00:00+00:00'
[2024-12-20T10:29:30.292+0000] {taskinstance.py:731} INFO - ::endgroup::
[2024-12-20T10:29:30.296+0000] {logging_mixin.py:190} INFO - My name is Jerry. I am 19 years old.
[2024-12-20T10:29:30.296+0000] {python.py:240} INFO - Done. Returned value was: None
[2024-12-20T10:29:30.304+0000] {taskinstance.py:340} INFO - ::group::Post task execution logs
[2024-12-20T10:29:30.306+0000] {taskinstance.py:352} INFO - Marking task as SUCCESS. dag_id=dag_with_taskflow_api, task_id=greet, run_id=scheduled__2024-11-09T00:00:00+00:00, execution_date=20241109T000000, start_date=20241220T102930, end_date=20241220T102930
[2024-12-20T10:29:30.342+0000] {local_task_job_runner.py:266} INFO - Task exited with return code 0
[2024-12-20T10:29:30.357+0000] {local_task_job_runner.py:245} INFO - ::endgroup::
