[2024-12-19T13:52:01.101+0000] {local_task_job_runner.py:123} INFO - ::group::Pre task execution logs
[2024-12-19T13:52:01.142+0000] {taskinstance.py:2613} INFO - Dependencies all met for dep_context=non-requeueable deps ti=<TaskInstance: dag_with_taskflow_api.greet scheduled__2024-11-13T00:00:00+00:00 [queued]>
[2024-12-19T13:52:01.177+0000] {taskinstance.py:2613} INFO - Dependencies all met for dep_context=requeueable deps ti=<TaskInstance: dag_with_taskflow_api.greet scheduled__2024-11-13T00:00:00+00:00 [queued]>
[2024-12-19T13:52:01.179+0000] {taskinstance.py:2866} INFO - Starting attempt 1 of 6
[2024-12-19T13:52:01.223+0000] {taskinstance.py:2889} INFO - Executing <Task(_PythonDecoratedOperator): greet> on 2024-11-13 00:00:00+00:00
[2024-12-19T13:52:01.255+0000] {logging_mixin.py:190} WARNING - /home/***/.local/lib/python3.12/site-packages/***/task/task_runner/standard_task_runner.py:70 DeprecationWarning: This process (pid=16569) is multi-threaded, use of fork() may lead to deadlocks in the child.
[2024-12-19T13:52:01.271+0000] {standard_task_runner.py:72} INFO - Started process 16582 to run task
[2024-12-19T13:52:01.264+0000] {standard_task_runner.py:104} INFO - Running: ['***', 'tasks', 'run', 'dag_with_taskflow_api', 'greet', 'scheduled__2024-11-13T00:00:00+00:00', '--job-id', '4505', '--raw', '--subdir', 'DAGS_FOLDER/dag_with_taskflow_api.py', '--cfg-path', '/tmp/tmp6wffuqad']
[2024-12-19T13:52:01.273+0000] {standard_task_runner.py:105} INFO - Job 4505: Subtask greet
[2024-12-19T13:52:01.457+0000] {task_command.py:467} INFO - Running <TaskInstance: dag_with_taskflow_api.greet scheduled__2024-11-13T00:00:00+00:00 [running]> on host 02d979add40a
[2024-12-19T13:52:01.691+0000] {taskinstance.py:3132} INFO - Exporting env vars: AIRFLOW_CTX_DAG_OWNER='mateo' AIRFLOW_CTX_DAG_ID='dag_with_taskflow_api' AIRFLOW_CTX_TASK_ID='greet' AIRFLOW_CTX_EXECUTION_DATE='2024-11-13T00:00:00+00:00' AIRFLOW_CTX_TRY_NUMBER='1' AIRFLOW_CTX_DAG_RUN_ID='scheduled__2024-11-13T00:00:00+00:00'
[2024-12-19T13:52:01.697+0000] {taskinstance.py:731} INFO - ::endgroup::
[2024-12-19T13:52:01.706+0000] {logging_mixin.py:190} INFO - My name is Jerry. I am 19 years old.
[2024-12-19T13:52:01.708+0000] {python.py:240} INFO - Done. Returned value was: None
[2024-12-19T13:52:01.727+0000] {taskinstance.py:340} INFO - ::group::Post task execution logs
[2024-12-19T13:52:01.732+0000] {taskinstance.py:352} INFO - Marking task as SUCCESS. dag_id=dag_with_taskflow_api, task_id=greet, run_id=scheduled__2024-11-13T00:00:00+00:00, execution_date=20241113T000000, start_date=20241219T135201, end_date=20241219T135201
[2024-12-19T13:52:01.790+0000] {local_task_job_runner.py:266} INFO - Task exited with return code 0
[2024-12-19T13:52:01.827+0000] {taskinstance.py:3895} INFO - 0 downstream tasks scheduled from follow-on schedule check
[2024-12-19T13:52:01.830+0000] {local_task_job_runner.py:245} INFO - ::endgroup::
[2024-12-20T10:29:33.863+0000] {local_task_job_runner.py:123} INFO - ::group::Pre task execution logs
[2024-12-20T10:29:33.900+0000] {taskinstance.py:2613} INFO - Dependencies all met for dep_context=non-requeueable deps ti=<TaskInstance: dag_with_taskflow_api.greet scheduled__2024-11-13T00:00:00+00:00 [queued]>
[2024-12-20T10:29:33.913+0000] {taskinstance.py:2613} INFO - Dependencies all met for dep_context=requeueable deps ti=<TaskInstance: dag_with_taskflow_api.greet scheduled__2024-11-13T00:00:00+00:00 [queued]>
[2024-12-20T10:29:33.915+0000] {taskinstance.py:2866} INFO - Starting attempt 1 of 6
[2024-12-20T10:29:34.114+0000] {taskinstance.py:2889} INFO - Executing <Task(_PythonDecoratedOperator): greet> on 2024-11-13 00:00:00+00:00
[2024-12-20T10:29:34.126+0000] {standard_task_runner.py:104} INFO - Running: ['***', 'tasks', 'run', 'dag_with_taskflow_api', 'greet', 'scheduled__2024-11-13T00:00:00+00:00', '--job-id', '4821', '--raw', '--subdir', 'DAGS_FOLDER/dag_with_taskflow_api.py', '--cfg-path', '/tmp/tmpm3t7zku0']
[2024-12-20T10:29:34.131+0000] {standard_task_runner.py:105} INFO - Job 4821: Subtask greet
[2024-12-20T10:29:34.128+0000] {logging_mixin.py:190} WARNING - /home/***/.local/lib/python3.12/site-packages/***/task/task_runner/standard_task_runner.py:70 DeprecationWarning: This process (pid=13186) is multi-threaded, use of fork() may lead to deadlocks in the child.
[2024-12-20T10:29:34.139+0000] {standard_task_runner.py:72} INFO - Started process 13199 to run task
[2024-12-20T10:29:34.248+0000] {task_command.py:467} INFO - Running <TaskInstance: dag_with_taskflow_api.greet scheduled__2024-11-13T00:00:00+00:00 [running]> on host a998b5b3d359
[2024-12-20T10:29:34.434+0000] {taskinstance.py:3132} INFO - Exporting env vars: AIRFLOW_CTX_DAG_OWNER='mateo' AIRFLOW_CTX_DAG_ID='dag_with_taskflow_api' AIRFLOW_CTX_TASK_ID='greet' AIRFLOW_CTX_EXECUTION_DATE='2024-11-13T00:00:00+00:00' AIRFLOW_CTX_TRY_NUMBER='1' AIRFLOW_CTX_DAG_RUN_ID='scheduled__2024-11-13T00:00:00+00:00'
[2024-12-20T10:29:34.437+0000] {taskinstance.py:731} INFO - ::endgroup::
[2024-12-20T10:29:34.440+0000] {logging_mixin.py:190} INFO - My name is Jerry. I am 19 years old.
[2024-12-20T10:29:34.445+0000] {python.py:240} INFO - Done. Returned value was: None
[2024-12-20T10:29:34.456+0000] {taskinstance.py:340} INFO - ::group::Post task execution logs
[2024-12-20T10:29:34.459+0000] {taskinstance.py:352} INFO - Marking task as SUCCESS. dag_id=dag_with_taskflow_api, task_id=greet, run_id=scheduled__2024-11-13T00:00:00+00:00, execution_date=20241113T000000, start_date=20241220T102933, end_date=20241220T102934
[2024-12-20T10:29:34.523+0000] {local_task_job_runner.py:266} INFO - Task exited with return code 0
[2024-12-20T10:29:34.554+0000] {taskinstance.py:3895} INFO - 0 downstream tasks scheduled from follow-on schedule check
[2024-12-20T10:29:34.561+0000] {local_task_job_runner.py:245} INFO - ::endgroup::
