[2024-12-19T13:51:25.968+0000] {local_task_job_runner.py:123} INFO - ::group::Pre task execution logs
[2024-12-19T13:51:26.029+0000] {taskinstance.py:2613} INFO - Dependencies all met for dep_context=non-requeueable deps ti=<TaskInstance: dag_with_taskflow_api.get_age scheduled__2024-10-04T00:00:00+00:00 [queued]>
[2024-12-19T13:51:26.076+0000] {taskinstance.py:2613} INFO - Dependencies all met for dep_context=requeueable deps ti=<TaskInstance: dag_with_taskflow_api.get_age scheduled__2024-10-04T00:00:00+00:00 [queued]>
[2024-12-19T13:51:26.078+0000] {taskinstance.py:2866} INFO - Starting attempt 1 of 6
[2024-12-19T13:51:26.143+0000] {taskinstance.py:2889} INFO - Executing <Task(_PythonDecoratedOperator): get_age> on 2024-10-04 00:00:00+00:00
[2024-12-19T13:51:26.185+0000] {logging_mixin.py:190} WARNING - /home/***/.local/lib/python3.12/site-packages/***/task/task_runner/standard_task_runner.py:70 DeprecationWarning: This process (pid=16143) is multi-threaded, use of fork() may lead to deadlocks in the child.
[2024-12-19T13:51:26.203+0000] {standard_task_runner.py:72} INFO - Started process 16159 to run task
[2024-12-19T13:51:26.199+0000] {standard_task_runner.py:104} INFO - Running: ['***', 'tasks', 'run', 'dag_with_taskflow_api', 'get_age', 'scheduled__2024-10-04T00:00:00+00:00', '--job-id', '4371', '--raw', '--subdir', 'DAGS_FOLDER/dag_with_taskflow_api.py', '--cfg-path', '/tmp/tmp3oa350qc']
[2024-12-19T13:51:26.225+0000] {standard_task_runner.py:105} INFO - Job 4371: Subtask get_age
[2024-12-19T13:51:26.363+0000] {task_command.py:467} INFO - Running <TaskInstance: dag_with_taskflow_api.get_age scheduled__2024-10-04T00:00:00+00:00 [running]> on host 02d979add40a
[2024-12-19T13:51:26.676+0000] {taskinstance.py:3132} INFO - Exporting env vars: AIRFLOW_CTX_DAG_OWNER='mateo' AIRFLOW_CTX_DAG_ID='dag_with_taskflow_api' AIRFLOW_CTX_TASK_ID='get_age' AIRFLOW_CTX_EXECUTION_DATE='2024-10-04T00:00:00+00:00' AIRFLOW_CTX_TRY_NUMBER='1' AIRFLOW_CTX_DAG_RUN_ID='scheduled__2024-10-04T00:00:00+00:00'
[2024-12-19T13:51:26.678+0000] {taskinstance.py:731} INFO - ::endgroup::
[2024-12-19T13:51:26.681+0000] {python.py:240} INFO - Done. Returned value was: 19
[2024-12-19T13:51:26.759+0000] {taskinstance.py:340} INFO - ::group::Post task execution logs
[2024-12-19T13:51:26.760+0000] {taskinstance.py:352} INFO - Marking task as SUCCESS. dag_id=dag_with_taskflow_api, task_id=get_age, run_id=scheduled__2024-10-04T00:00:00+00:00, execution_date=20241004T000000, start_date=20241219T135126, end_date=20241219T135126
[2024-12-19T13:51:26.827+0000] {local_task_job_runner.py:266} INFO - Task exited with return code 0
[2024-12-19T13:51:26.850+0000] {local_task_job_runner.py:245} INFO - ::endgroup::
[2024-12-20T10:29:00.962+0000] {local_task_job_runner.py:123} INFO - ::group::Pre task execution logs
[2024-12-20T10:29:01.010+0000] {taskinstance.py:2613} INFO - Dependencies all met for dep_context=non-requeueable deps ti=<TaskInstance: dag_with_taskflow_api.get_age scheduled__2024-10-04T00:00:00+00:00 [queued]>
[2024-12-20T10:29:01.034+0000] {taskinstance.py:2613} INFO - Dependencies all met for dep_context=requeueable deps ti=<TaskInstance: dag_with_taskflow_api.get_age scheduled__2024-10-04T00:00:00+00:00 [queued]>
[2024-12-20T10:29:01.038+0000] {taskinstance.py:2866} INFO - Starting attempt 1 of 6
[2024-12-20T10:29:01.069+0000] {taskinstance.py:2889} INFO - Executing <Task(_PythonDecoratedOperator): get_age> on 2024-10-04 00:00:00+00:00
[2024-12-20T10:29:01.092+0000] {logging_mixin.py:190} WARNING - /home/***/.local/lib/python3.12/site-packages/***/task/task_runner/standard_task_runner.py:70 DeprecationWarning: This process (pid=12752) is multi-threaded, use of fork() may lead to deadlocks in the child.
[2024-12-20T10:29:01.095+0000] {standard_task_runner.py:72} INFO - Started process 12765 to run task
[2024-12-20T10:29:01.097+0000] {standard_task_runner.py:104} INFO - Running: ['***', 'tasks', 'run', 'dag_with_taskflow_api', 'get_age', 'scheduled__2024-10-04T00:00:00+00:00', '--job-id', '4689', '--raw', '--subdir', 'DAGS_FOLDER/dag_with_taskflow_api.py', '--cfg-path', '/tmp/tmp0y5ru70u']
[2024-12-20T10:29:01.101+0000] {standard_task_runner.py:105} INFO - Job 4689: Subtask get_age
[2024-12-20T10:29:01.190+0000] {task_command.py:467} INFO - Running <TaskInstance: dag_with_taskflow_api.get_age scheduled__2024-10-04T00:00:00+00:00 [running]> on host a998b5b3d359
[2024-12-20T10:29:01.325+0000] {taskinstance.py:3132} INFO - Exporting env vars: AIRFLOW_CTX_DAG_OWNER='mateo' AIRFLOW_CTX_DAG_ID='dag_with_taskflow_api' AIRFLOW_CTX_TASK_ID='get_age' AIRFLOW_CTX_EXECUTION_DATE='2024-10-04T00:00:00+00:00' AIRFLOW_CTX_TRY_NUMBER='1' AIRFLOW_CTX_DAG_RUN_ID='scheduled__2024-10-04T00:00:00+00:00'
[2024-12-20T10:29:01.330+0000] {taskinstance.py:731} INFO - ::endgroup::
[2024-12-20T10:29:01.335+0000] {python.py:240} INFO - Done. Returned value was: 19
[2024-12-20T10:29:01.378+0000] {taskinstance.py:340} INFO - ::group::Post task execution logs
[2024-12-20T10:29:01.385+0000] {taskinstance.py:352} INFO - Marking task as SUCCESS. dag_id=dag_with_taskflow_api, task_id=get_age, run_id=scheduled__2024-10-04T00:00:00+00:00, execution_date=20241004T000000, start_date=20241220T102901, end_date=20241220T102901
[2024-12-20T10:29:01.444+0000] {local_task_job_runner.py:266} INFO - Task exited with return code 0
[2024-12-20T10:29:01.463+0000] {local_task_job_runner.py:245} INFO - ::endgroup::
