[2024-12-20T10:52:31.670+0000] {local_task_job_runner.py:123} INFO - ::group::Pre task execution logs
[2024-12-20T10:52:31.686+0000] {taskinstance.py:2613} INFO - Dependencies all met for dep_context=non-requeueable deps ti=<TaskInstance: sql_operator_dag_v3.SQL_insert_sql_operator_practice manual__2024-12-20T10:52:17.394590+00:00 [queued]>
[2024-12-20T10:52:31.694+0000] {taskinstance.py:2613} INFO - Dependencies all met for dep_context=requeueable deps ti=<TaskInstance: sql_operator_dag_v3.SQL_insert_sql_operator_practice manual__2024-12-20T10:52:17.394590+00:00 [queued]>
[2024-12-20T10:52:31.695+0000] {taskinstance.py:2866} INFO - Starting attempt 1 of 6
[2024-12-20T10:52:31.708+0000] {taskinstance.py:2889} INFO - Executing <Task(SQLExecuteQueryOperator): SQL_insert_sql_operator_practice> on 2024-12-20 10:52:17.394590+00:00
[2024-12-20T10:52:31.721+0000] {logging_mixin.py:190} WARNING - /home/***/.local/lib/python3.12/site-packages/***/task/task_runner/standard_task_runner.py:70 DeprecationWarning: This process (pid=17159) is multi-threaded, use of fork() may lead to deadlocks in the child.
[2024-12-20T10:52:31.721+0000] {standard_task_runner.py:104} INFO - Running: ['***', 'tasks', 'run', 'sql_operator_dag_v3', 'SQL_insert_sql_operator_practice', 'manual__2024-12-20T10:52:17.394590+00:00', '--job-id', '5579', '--raw', '--subdir', 'DAGS_FOLDER/dag_with_postgresql.py', '--cfg-path', '/tmp/tmph6ziz3l_']
[2024-12-20T10:52:31.725+0000] {standard_task_runner.py:72} INFO - Started process 17160 to run task
[2024-12-20T10:52:31.726+0000] {standard_task_runner.py:105} INFO - Job 5579: Subtask SQL_insert_sql_operator_practice
[2024-12-20T10:52:31.778+0000] {task_command.py:467} INFO - Running <TaskInstance: sql_operator_dag_v3.SQL_insert_sql_operator_practice manual__2024-12-20T10:52:17.394590+00:00 [running]> on host a998b5b3d359
[2024-12-20T10:52:31.858+0000] {taskinstance.py:3132} INFO - Exporting env vars: AIRFLOW_CTX_DAG_OWNER='Mateo' AIRFLOW_CTX_DAG_ID='sql_operator_dag_v3' AIRFLOW_CTX_TASK_ID='SQL_insert_sql_operator_practice' AIRFLOW_CTX_EXECUTION_DATE='2024-12-20T10:52:17.394590+00:00' AIRFLOW_CTX_TRY_NUMBER='1' AIRFLOW_CTX_DAG_RUN_ID='manual__2024-12-20T10:52:17.394590+00:00'
[2024-12-20T10:52:31.859+0000] {taskinstance.py:731} INFO - ::endgroup::
[2024-12-20T10:52:31.880+0000] {sql.py:278} INFO - Executing: 
        insert into dag_runs_v2(dt,dag_id) values ('2024-12-20','sql_operator_dag_v3');
        
[2024-12-20T10:52:31.889+0000] {base.py:84} INFO - Retrieving connection 'sql_operator_practice'
[2024-12-20T10:52:31.898+0000] {base.py:84} INFO - Retrieving connection 'sql_operator_practice'
[2024-12-20T10:52:31.910+0000] {sql.py:553} INFO - Running statement: 
        insert into dag_runs_v2(dt,dag_id) values ('2024-12-20','sql_operator_dag_v3');
        , parameters: None
[2024-12-20T10:52:31.914+0000] {sql.py:562} INFO - Rows affected: 1
[2024-12-20T10:52:31.925+0000] {taskinstance.py:340} INFO - ::group::Post task execution logs
[2024-12-20T10:52:31.926+0000] {taskinstance.py:352} INFO - Marking task as SUCCESS. dag_id=sql_operator_dag_v3, task_id=SQL_insert_sql_operator_practice, run_id=manual__2024-12-20T10:52:17.394590+00:00, execution_date=20241220T105217, start_date=20241220T105231, end_date=20241220T105231
[2024-12-20T10:52:31.983+0000] {local_task_job_runner.py:266} INFO - Task exited with return code 0
[2024-12-20T10:52:31.998+0000] {taskinstance.py:3895} INFO - 0 downstream tasks scheduled from follow-on schedule check
[2024-12-20T10:52:32.000+0000] {local_task_job_runner.py:245} INFO - ::endgroup::
