[2024-12-19T13:51:40.660+0000] {local_task_job_runner.py:123} INFO - ::group::Pre task execution logs
[2024-12-19T13:51:40.681+0000] {taskinstance.py:2613} INFO - Dependencies all met for dep_context=non-requeueable deps ti=<TaskInstance: dag_with_taskflow_api.get_name scheduled__2024-10-18T00:00:00+00:00 [queued]>
[2024-12-19T13:51:40.695+0000] {taskinstance.py:2613} INFO - Dependencies all met for dep_context=requeueable deps ti=<TaskInstance: dag_with_taskflow_api.get_name scheduled__2024-10-18T00:00:00+00:00 [queued]>
[2024-12-19T13:51:40.697+0000] {taskinstance.py:2866} INFO - Starting attempt 1 of 6
[2024-12-19T13:51:40.727+0000] {taskinstance.py:2889} INFO - Executing <Task(_PythonDecoratedOperator): get_name> on 2024-10-18 00:00:00+00:00
[2024-12-19T13:51:40.749+0000] {logging_mixin.py:190} WARNING - /home/***/.local/lib/python3.12/site-packages/***/task/task_runner/standard_task_runner.py:70 DeprecationWarning: This process (pid=16291) is multi-threaded, use of fork() may lead to deadlocks in the child.
[2024-12-19T13:51:40.752+0000] {standard_task_runner.py:72} INFO - Started process 16296 to run task
[2024-12-19T13:51:40.758+0000] {standard_task_runner.py:104} INFO - Running: ['***', 'tasks', 'run', 'dag_with_taskflow_api', 'get_name', 'scheduled__2024-10-18T00:00:00+00:00', '--job-id', '4417', '--raw', '--subdir', 'DAGS_FOLDER/dag_with_taskflow_api.py', '--cfg-path', '/tmp/tmp9hrvlauc']
[2024-12-19T13:51:40.763+0000] {standard_task_runner.py:105} INFO - Job 4417: Subtask get_name
[2024-12-19T13:51:40.871+0000] {task_command.py:467} INFO - Running <TaskInstance: dag_with_taskflow_api.get_name scheduled__2024-10-18T00:00:00+00:00 [running]> on host 02d979add40a
[2024-12-19T13:51:41.128+0000] {taskinstance.py:3132} INFO - Exporting env vars: AIRFLOW_CTX_DAG_OWNER='mateo' AIRFLOW_CTX_DAG_ID='dag_with_taskflow_api' AIRFLOW_CTX_TASK_ID='get_name' AIRFLOW_CTX_EXECUTION_DATE='2024-10-18T00:00:00+00:00' AIRFLOW_CTX_TRY_NUMBER='1' AIRFLOW_CTX_DAG_RUN_ID='scheduled__2024-10-18T00:00:00+00:00'
[2024-12-19T13:51:41.140+0000] {taskinstance.py:731} INFO - ::endgroup::
[2024-12-19T13:51:41.147+0000] {python.py:240} INFO - Done. Returned value was: Jerry
[2024-12-19T13:51:41.219+0000] {taskinstance.py:340} INFO - ::group::Post task execution logs
[2024-12-19T13:51:41.220+0000] {taskinstance.py:352} INFO - Marking task as SUCCESS. dag_id=dag_with_taskflow_api, task_id=get_name, run_id=scheduled__2024-10-18T00:00:00+00:00, execution_date=20241018T000000, start_date=20241219T135140, end_date=20241219T135141
[2024-12-19T13:51:41.349+0000] {local_task_job_runner.py:266} INFO - Task exited with return code 0
[2024-12-19T13:51:41.372+0000] {local_task_job_runner.py:245} INFO - ::endgroup::
[2024-12-20T10:29:12.564+0000] {local_task_job_runner.py:123} INFO - ::group::Pre task execution logs
[2024-12-20T10:29:12.604+0000] {taskinstance.py:2613} INFO - Dependencies all met for dep_context=non-requeueable deps ti=<TaskInstance: dag_with_taskflow_api.get_name scheduled__2024-10-18T00:00:00+00:00 [queued]>
[2024-12-20T10:29:12.630+0000] {taskinstance.py:2613} INFO - Dependencies all met for dep_context=requeueable deps ti=<TaskInstance: dag_with_taskflow_api.get_name scheduled__2024-10-18T00:00:00+00:00 [queued]>
[2024-12-20T10:29:12.631+0000] {taskinstance.py:2866} INFO - Starting attempt 1 of 6
[2024-12-20T10:29:12.661+0000] {taskinstance.py:2889} INFO - Executing <Task(_PythonDecoratedOperator): get_name> on 2024-10-18 00:00:00+00:00
[2024-12-20T10:29:12.688+0000] {logging_mixin.py:190} WARNING - /home/***/.local/lib/python3.12/site-packages/***/task/task_runner/standard_task_runner.py:70 DeprecationWarning: This process (pid=12888) is multi-threaded, use of fork() may lead to deadlocks in the child.
[2024-12-20T10:29:12.699+0000] {standard_task_runner.py:72} INFO - Started process 12906 to run task
[2024-12-20T10:29:12.694+0000] {standard_task_runner.py:104} INFO - Running: ['***', 'tasks', 'run', 'dag_with_taskflow_api', 'get_name', 'scheduled__2024-10-18T00:00:00+00:00', '--job-id', '4732', '--raw', '--subdir', 'DAGS_FOLDER/dag_with_taskflow_api.py', '--cfg-path', '/tmp/tmp6lfw68ks']
[2024-12-20T10:29:12.707+0000] {standard_task_runner.py:105} INFO - Job 4732: Subtask get_name
[2024-12-20T10:29:12.812+0000] {task_command.py:467} INFO - Running <TaskInstance: dag_with_taskflow_api.get_name scheduled__2024-10-18T00:00:00+00:00 [running]> on host a998b5b3d359
[2024-12-20T10:29:12.928+0000] {taskinstance.py:3132} INFO - Exporting env vars: AIRFLOW_CTX_DAG_OWNER='mateo' AIRFLOW_CTX_DAG_ID='dag_with_taskflow_api' AIRFLOW_CTX_TASK_ID='get_name' AIRFLOW_CTX_EXECUTION_DATE='2024-10-18T00:00:00+00:00' AIRFLOW_CTX_TRY_NUMBER='1' AIRFLOW_CTX_DAG_RUN_ID='scheduled__2024-10-18T00:00:00+00:00'
[2024-12-20T10:29:12.930+0000] {taskinstance.py:731} INFO - ::endgroup::
[2024-12-20T10:29:12.934+0000] {python.py:240} INFO - Done. Returned value was: Jerry
[2024-12-20T10:29:12.967+0000] {taskinstance.py:340} INFO - ::group::Post task execution logs
[2024-12-20T10:29:12.976+0000] {taskinstance.py:352} INFO - Marking task as SUCCESS. dag_id=dag_with_taskflow_api, task_id=get_name, run_id=scheduled__2024-10-18T00:00:00+00:00, execution_date=20241018T000000, start_date=20241220T102912, end_date=20241220T102912
[2024-12-20T10:29:13.013+0000] {local_task_job_runner.py:266} INFO - Task exited with return code 0
[2024-12-20T10:29:13.048+0000] {taskinstance.py:3895} INFO - 1 downstream tasks scheduled from follow-on schedule check
[2024-12-20T10:29:13.050+0000] {local_task_job_runner.py:245} INFO - ::endgroup::
