[2024-12-19T13:51:41.243+0000] {local_task_job_runner.py:123} INFO - ::group::Pre task execution logs
[2024-12-19T13:51:41.332+0000] {taskinstance.py:2613} INFO - Dependencies all met for dep_context=non-requeueable deps ti=<TaskInstance: dag_with_taskflow_api.get_name scheduled__2024-10-21T00:00:00+00:00 [queued]>
[2024-12-19T13:51:41.374+0000] {taskinstance.py:2613} INFO - Dependencies all met for dep_context=requeueable deps ti=<TaskInstance: dag_with_taskflow_api.get_name scheduled__2024-10-21T00:00:00+00:00 [queued]>
[2024-12-19T13:51:41.376+0000] {taskinstance.py:2866} INFO - Starting attempt 1 of 6
[2024-12-19T13:51:41.512+0000] {taskinstance.py:2889} INFO - Executing <Task(_PythonDecoratedOperator): get_name> on 2024-10-21 00:00:00+00:00
[2024-12-19T13:51:41.554+0000] {standard_task_runner.py:104} INFO - Running: ['***', 'tasks', 'run', 'dag_with_taskflow_api', 'get_name', 'scheduled__2024-10-21T00:00:00+00:00', '--job-id', '4423', '--raw', '--subdir', 'DAGS_FOLDER/dag_with_taskflow_api.py', '--cfg-path', '/tmp/tmpbk35leon']
[2024-12-19T13:51:41.558+0000] {logging_mixin.py:190} WARNING - /home/***/.local/lib/python3.12/site-packages/***/task/task_runner/standard_task_runner.py:70 DeprecationWarning: This process (pid=16298) is multi-threaded, use of fork() may lead to deadlocks in the child.
[2024-12-19T13:51:41.566+0000] {standard_task_runner.py:72} INFO - Started process 16314 to run task
[2024-12-19T13:51:41.561+0000] {standard_task_runner.py:105} INFO - Job 4423: Subtask get_name
[2024-12-19T13:51:41.751+0000] {task_command.py:467} INFO - Running <TaskInstance: dag_with_taskflow_api.get_name scheduled__2024-10-21T00:00:00+00:00 [running]> on host 02d979add40a
[2024-12-19T13:51:41.992+0000] {taskinstance.py:3132} INFO - Exporting env vars: AIRFLOW_CTX_DAG_OWNER='mateo' AIRFLOW_CTX_DAG_ID='dag_with_taskflow_api' AIRFLOW_CTX_TASK_ID='get_name' AIRFLOW_CTX_EXECUTION_DATE='2024-10-21T00:00:00+00:00' AIRFLOW_CTX_TRY_NUMBER='1' AIRFLOW_CTX_DAG_RUN_ID='scheduled__2024-10-21T00:00:00+00:00'
[2024-12-19T13:51:41.998+0000] {taskinstance.py:731} INFO - ::endgroup::
[2024-12-19T13:51:42.016+0000] {python.py:240} INFO - Done. Returned value was: Jerry
[2024-12-19T13:51:42.083+0000] {taskinstance.py:340} INFO - ::group::Post task execution logs
[2024-12-19T13:51:42.084+0000] {taskinstance.py:352} INFO - Marking task as SUCCESS. dag_id=dag_with_taskflow_api, task_id=get_name, run_id=scheduled__2024-10-21T00:00:00+00:00, execution_date=20241021T000000, start_date=20241219T135141, end_date=20241219T135142
[2024-12-19T13:51:42.264+0000] {local_task_job_runner.py:266} INFO - Task exited with return code 0
[2024-12-19T13:51:42.288+0000] {local_task_job_runner.py:245} INFO - ::endgroup::
[2024-12-20T10:29:13.651+0000] {local_task_job_runner.py:123} INFO - ::group::Pre task execution logs
[2024-12-20T10:29:13.677+0000] {taskinstance.py:2613} INFO - Dependencies all met for dep_context=non-requeueable deps ti=<TaskInstance: dag_with_taskflow_api.get_name scheduled__2024-10-21T00:00:00+00:00 [queued]>
[2024-12-20T10:29:13.695+0000] {taskinstance.py:2613} INFO - Dependencies all met for dep_context=requeueable deps ti=<TaskInstance: dag_with_taskflow_api.get_name scheduled__2024-10-21T00:00:00+00:00 [queued]>
[2024-12-20T10:29:13.697+0000] {taskinstance.py:2866} INFO - Starting attempt 1 of 6
[2024-12-20T10:29:13.710+0000] {taskinstance.py:2889} INFO - Executing <Task(_PythonDecoratedOperator): get_name> on 2024-10-21 00:00:00+00:00
[2024-12-20T10:29:13.733+0000] {logging_mixin.py:190} WARNING - /home/***/.local/lib/python3.12/site-packages/***/task/task_runner/standard_task_runner.py:70 DeprecationWarning: This process (pid=12918) is multi-threaded, use of fork() may lead to deadlocks in the child.
[2024-12-20T10:29:13.736+0000] {standard_task_runner.py:72} INFO - Started process 12925 to run task
[2024-12-20T10:29:13.743+0000] {standard_task_runner.py:104} INFO - Running: ['***', 'tasks', 'run', 'dag_with_taskflow_api', 'get_name', 'scheduled__2024-10-21T00:00:00+00:00', '--job-id', '4739', '--raw', '--subdir', 'DAGS_FOLDER/dag_with_taskflow_api.py', '--cfg-path', '/tmp/tmp9bc71d8c']
[2024-12-20T10:29:13.748+0000] {standard_task_runner.py:105} INFO - Job 4739: Subtask get_name
[2024-12-20T10:29:13.885+0000] {task_command.py:467} INFO - Running <TaskInstance: dag_with_taskflow_api.get_name scheduled__2024-10-21T00:00:00+00:00 [running]> on host a998b5b3d359
[2024-12-20T10:29:14.429+0000] {taskinstance.py:3132} INFO - Exporting env vars: AIRFLOW_CTX_DAG_OWNER='mateo' AIRFLOW_CTX_DAG_ID='dag_with_taskflow_api' AIRFLOW_CTX_TASK_ID='get_name' AIRFLOW_CTX_EXECUTION_DATE='2024-10-21T00:00:00+00:00' AIRFLOW_CTX_TRY_NUMBER='1' AIRFLOW_CTX_DAG_RUN_ID='scheduled__2024-10-21T00:00:00+00:00'
[2024-12-20T10:29:14.431+0000] {taskinstance.py:731} INFO - ::endgroup::
[2024-12-20T10:29:14.436+0000] {python.py:240} INFO - Done. Returned value was: Jerry
[2024-12-20T10:29:14.496+0000] {taskinstance.py:340} INFO - ::group::Post task execution logs
[2024-12-20T10:29:14.498+0000] {taskinstance.py:352} INFO - Marking task as SUCCESS. dag_id=dag_with_taskflow_api, task_id=get_name, run_id=scheduled__2024-10-21T00:00:00+00:00, execution_date=20241021T000000, start_date=20241220T102913, end_date=20241220T102914
[2024-12-20T10:29:14.566+0000] {local_task_job_runner.py:266} INFO - Task exited with return code 0
[2024-12-20T10:29:14.581+0000] {local_task_job_runner.py:245} INFO - ::endgroup::
