[2024-12-19T13:51:58.477+0000] {local_task_job_runner.py:123} INFO - ::group::Pre task execution logs
[2024-12-19T13:51:58.517+0000] {taskinstance.py:2613} INFO - Dependencies all met for dep_context=non-requeueable deps ti=<TaskInstance: dag_with_taskflow_api.get_name scheduled__2024-11-11T00:00:00+00:00 [queued]>
[2024-12-19T13:51:58.582+0000] {taskinstance.py:2613} INFO - Dependencies all met for dep_context=requeueable deps ti=<TaskInstance: dag_with_taskflow_api.get_name scheduled__2024-11-11T00:00:00+00:00 [queued]>
[2024-12-19T13:51:58.583+0000] {taskinstance.py:2866} INFO - Starting attempt 1 of 6
[2024-12-19T13:51:58.628+0000] {taskinstance.py:2889} INFO - Executing <Task(_PythonDecoratedOperator): get_name> on 2024-11-11 00:00:00+00:00
[2024-12-19T13:51:58.665+0000] {standard_task_runner.py:104} INFO - Running: ['***', 'tasks', 'run', 'dag_with_taskflow_api', 'get_name', 'scheduled__2024-11-11T00:00:00+00:00', '--job-id', '4489', '--raw', '--subdir', 'DAGS_FOLDER/dag_with_taskflow_api.py', '--cfg-path', '/tmp/tmpwjq___hs']
[2024-12-19T13:51:58.692+0000] {standard_task_runner.py:105} INFO - Job 4489: Subtask get_name
[2024-12-19T13:51:58.663+0000] {logging_mixin.py:190} WARNING - /home/***/.local/lib/python3.12/site-packages/***/task/task_runner/standard_task_runner.py:70 DeprecationWarning: This process (pid=16522) is multi-threaded, use of fork() may lead to deadlocks in the child.
[2024-12-19T13:51:58.699+0000] {standard_task_runner.py:72} INFO - Started process 16534 to run task
[2024-12-19T13:51:58.836+0000] {task_command.py:467} INFO - Running <TaskInstance: dag_with_taskflow_api.get_name scheduled__2024-11-11T00:00:00+00:00 [running]> on host 02d979add40a
[2024-12-19T13:51:59.110+0000] {taskinstance.py:3132} INFO - Exporting env vars: AIRFLOW_CTX_DAG_OWNER='mateo' AIRFLOW_CTX_DAG_ID='dag_with_taskflow_api' AIRFLOW_CTX_TASK_ID='get_name' AIRFLOW_CTX_EXECUTION_DATE='2024-11-11T00:00:00+00:00' AIRFLOW_CTX_TRY_NUMBER='1' AIRFLOW_CTX_DAG_RUN_ID='scheduled__2024-11-11T00:00:00+00:00'
[2024-12-19T13:51:59.112+0000] {taskinstance.py:731} INFO - ::endgroup::
[2024-12-19T13:51:59.123+0000] {python.py:240} INFO - Done. Returned value was: Jerry
[2024-12-19T13:51:59.186+0000] {taskinstance.py:340} INFO - ::group::Post task execution logs
[2024-12-19T13:51:59.187+0000] {taskinstance.py:352} INFO - Marking task as SUCCESS. dag_id=dag_with_taskflow_api, task_id=get_name, run_id=scheduled__2024-11-11T00:00:00+00:00, execution_date=20241111T000000, start_date=20241219T135158, end_date=20241219T135159
[2024-12-19T13:51:59.289+0000] {local_task_job_runner.py:266} INFO - Task exited with return code 0
[2024-12-19T13:51:59.461+0000] {taskinstance.py:3895} INFO - 0 downstream tasks scheduled from follow-on schedule check
[2024-12-19T13:51:59.466+0000] {local_task_job_runner.py:245} INFO - ::endgroup::
[2024-12-20T10:29:29.705+0000] {local_task_job_runner.py:123} INFO - ::group::Pre task execution logs
[2024-12-20T10:29:29.737+0000] {taskinstance.py:2613} INFO - Dependencies all met for dep_context=non-requeueable deps ti=<TaskInstance: dag_with_taskflow_api.get_name scheduled__2024-11-11T00:00:00+00:00 [queued]>
[2024-12-20T10:29:29.749+0000] {taskinstance.py:2613} INFO - Dependencies all met for dep_context=requeueable deps ti=<TaskInstance: dag_with_taskflow_api.get_name scheduled__2024-11-11T00:00:00+00:00 [queued]>
[2024-12-20T10:29:29.750+0000] {taskinstance.py:2866} INFO - Starting attempt 1 of 6
[2024-12-20T10:29:29.766+0000] {taskinstance.py:2889} INFO - Executing <Task(_PythonDecoratedOperator): get_name> on 2024-11-11 00:00:00+00:00
[2024-12-20T10:29:29.780+0000] {logging_mixin.py:190} WARNING - /home/***/.local/lib/python3.12/site-packages/***/task/task_runner/standard_task_runner.py:70 DeprecationWarning: This process (pid=13137) is multi-threaded, use of fork() may lead to deadlocks in the child.
[2024-12-20T10:29:29.783+0000] {standard_task_runner.py:72} INFO - Started process 13141 to run task
[2024-12-20T10:29:29.792+0000] {standard_task_runner.py:104} INFO - Running: ['***', 'tasks', 'run', 'dag_with_taskflow_api', 'get_name', 'scheduled__2024-11-11T00:00:00+00:00', '--job-id', '4802', '--raw', '--subdir', 'DAGS_FOLDER/dag_with_taskflow_api.py', '--cfg-path', '/tmp/tmpn7tbtq92']
[2024-12-20T10:29:29.797+0000] {standard_task_runner.py:105} INFO - Job 4802: Subtask get_name
[2024-12-20T10:29:29.906+0000] {task_command.py:467} INFO - Running <TaskInstance: dag_with_taskflow_api.get_name scheduled__2024-11-11T00:00:00+00:00 [running]> on host a998b5b3d359
[2024-12-20T10:29:30.044+0000] {taskinstance.py:3132} INFO - Exporting env vars: AIRFLOW_CTX_DAG_OWNER='mateo' AIRFLOW_CTX_DAG_ID='dag_with_taskflow_api' AIRFLOW_CTX_TASK_ID='get_name' AIRFLOW_CTX_EXECUTION_DATE='2024-11-11T00:00:00+00:00' AIRFLOW_CTX_TRY_NUMBER='1' AIRFLOW_CTX_DAG_RUN_ID='scheduled__2024-11-11T00:00:00+00:00'
[2024-12-20T10:29:30.045+0000] {taskinstance.py:731} INFO - ::endgroup::
[2024-12-20T10:29:30.049+0000] {python.py:240} INFO - Done. Returned value was: Jerry
[2024-12-20T10:29:30.085+0000] {taskinstance.py:340} INFO - ::group::Post task execution logs
[2024-12-20T10:29:30.087+0000] {taskinstance.py:352} INFO - Marking task as SUCCESS. dag_id=dag_with_taskflow_api, task_id=get_name, run_id=scheduled__2024-11-11T00:00:00+00:00, execution_date=20241111T000000, start_date=20241220T102929, end_date=20241220T102930
[2024-12-20T10:29:30.128+0000] {local_task_job_runner.py:266} INFO - Task exited with return code 0
[2024-12-20T10:29:30.140+0000] {local_task_job_runner.py:245} INFO - ::endgroup::
