[2024-12-19T13:51:52.886+0000] {local_task_job_runner.py:123} INFO - ::group::Pre task execution logs
[2024-12-19T13:51:52.931+0000] {taskinstance.py:2613} INFO - Dependencies all met for dep_context=non-requeueable deps ti=<TaskInstance: dag_with_taskflow_api.get_age scheduled__2024-11-06T00:00:00+00:00 [queued]>
[2024-12-19T13:51:52.974+0000] {taskinstance.py:2613} INFO - Dependencies all met for dep_context=requeueable deps ti=<TaskInstance: dag_with_taskflow_api.get_age scheduled__2024-11-06T00:00:00+00:00 [queued]>
[2024-12-19T13:51:52.976+0000] {taskinstance.py:2866} INFO - Starting attempt 1 of 6
[2024-12-19T13:51:53.147+0000] {taskinstance.py:2889} INFO - Executing <Task(_PythonDecoratedOperator): get_age> on 2024-11-06 00:00:00+00:00
[2024-12-19T13:51:53.164+0000] {logging_mixin.py:190} WARNING - /home/***/.local/lib/python3.12/site-packages/***/task/task_runner/standard_task_runner.py:70 DeprecationWarning: This process (pid=16461) is multi-threaded, use of fork() may lead to deadlocks in the child.
[2024-12-19T13:51:53.164+0000] {standard_task_runner.py:104} INFO - Running: ['***', 'tasks', 'run', 'dag_with_taskflow_api', 'get_age', 'scheduled__2024-11-06T00:00:00+00:00', '--job-id', '4470', '--raw', '--subdir', 'DAGS_FOLDER/dag_with_taskflow_api.py', '--cfg-path', '/tmp/tmp4rnhme8i']
[2024-12-19T13:51:53.168+0000] {standard_task_runner.py:72} INFO - Started process 16475 to run task
[2024-12-19T13:51:53.171+0000] {standard_task_runner.py:105} INFO - Job 4470: Subtask get_age
[2024-12-19T13:51:53.314+0000] {task_command.py:467} INFO - Running <TaskInstance: dag_with_taskflow_api.get_age scheduled__2024-11-06T00:00:00+00:00 [running]> on host 02d979add40a
[2024-12-19T13:51:53.586+0000] {taskinstance.py:3132} INFO - Exporting env vars: AIRFLOW_CTX_DAG_OWNER='mateo' AIRFLOW_CTX_DAG_ID='dag_with_taskflow_api' AIRFLOW_CTX_TASK_ID='get_age' AIRFLOW_CTX_EXECUTION_DATE='2024-11-06T00:00:00+00:00' AIRFLOW_CTX_TRY_NUMBER='1' AIRFLOW_CTX_DAG_RUN_ID='scheduled__2024-11-06T00:00:00+00:00'
[2024-12-19T13:51:53.588+0000] {taskinstance.py:731} INFO - ::endgroup::
[2024-12-19T13:51:53.594+0000] {python.py:240} INFO - Done. Returned value was: 19
[2024-12-19T13:51:53.648+0000] {taskinstance.py:340} INFO - ::group::Post task execution logs
[2024-12-19T13:51:53.650+0000] {taskinstance.py:352} INFO - Marking task as SUCCESS. dag_id=dag_with_taskflow_api, task_id=get_age, run_id=scheduled__2024-11-06T00:00:00+00:00, execution_date=20241106T000000, start_date=20241219T135152, end_date=20241219T135153
[2024-12-19T13:51:53.736+0000] {local_task_job_runner.py:266} INFO - Task exited with return code 0
[2024-12-19T13:51:53.761+0000] {local_task_job_runner.py:245} INFO - ::endgroup::
[2024-12-20T10:29:27.646+0000] {local_task_job_runner.py:123} INFO - ::group::Pre task execution logs
[2024-12-20T10:29:27.675+0000] {taskinstance.py:2613} INFO - Dependencies all met for dep_context=non-requeueable deps ti=<TaskInstance: dag_with_taskflow_api.get_age scheduled__2024-11-06T00:00:00+00:00 [queued]>
[2024-12-20T10:29:27.686+0000] {taskinstance.py:2613} INFO - Dependencies all met for dep_context=requeueable deps ti=<TaskInstance: dag_with_taskflow_api.get_age scheduled__2024-11-06T00:00:00+00:00 [queued]>
[2024-12-20T10:29:27.695+0000] {taskinstance.py:2866} INFO - Starting attempt 1 of 6
[2024-12-20T10:29:27.710+0000] {taskinstance.py:2889} INFO - Executing <Task(_PythonDecoratedOperator): get_age> on 2024-11-06 00:00:00+00:00
[2024-12-20T10:29:27.729+0000] {logging_mixin.py:190} WARNING - /home/***/.local/lib/python3.12/site-packages/***/task/task_runner/standard_task_runner.py:70 DeprecationWarning: This process (pid=13088) is multi-threaded, use of fork() may lead to deadlocks in the child.
[2024-12-20T10:29:27.731+0000] {standard_task_runner.py:72} INFO - Started process 13094 to run task
[2024-12-20T10:29:27.729+0000] {standard_task_runner.py:104} INFO - Running: ['***', 'tasks', 'run', 'dag_with_taskflow_api', 'get_age', 'scheduled__2024-11-06T00:00:00+00:00', '--job-id', '4787', '--raw', '--subdir', 'DAGS_FOLDER/dag_with_taskflow_api.py', '--cfg-path', '/tmp/tmpwwmlks4g']
[2024-12-20T10:29:27.739+0000] {standard_task_runner.py:105} INFO - Job 4787: Subtask get_age
[2024-12-20T10:29:27.848+0000] {task_command.py:467} INFO - Running <TaskInstance: dag_with_taskflow_api.get_age scheduled__2024-11-06T00:00:00+00:00 [running]> on host a998b5b3d359
[2024-12-20T10:29:27.990+0000] {taskinstance.py:3132} INFO - Exporting env vars: AIRFLOW_CTX_DAG_OWNER='mateo' AIRFLOW_CTX_DAG_ID='dag_with_taskflow_api' AIRFLOW_CTX_TASK_ID='get_age' AIRFLOW_CTX_EXECUTION_DATE='2024-11-06T00:00:00+00:00' AIRFLOW_CTX_TRY_NUMBER='1' AIRFLOW_CTX_DAG_RUN_ID='scheduled__2024-11-06T00:00:00+00:00'
[2024-12-20T10:29:27.992+0000] {taskinstance.py:731} INFO - ::endgroup::
[2024-12-20T10:29:27.996+0000] {python.py:240} INFO - Done. Returned value was: 19
[2024-12-20T10:29:28.024+0000] {taskinstance.py:340} INFO - ::group::Post task execution logs
[2024-12-20T10:29:28.025+0000] {taskinstance.py:352} INFO - Marking task as SUCCESS. dag_id=dag_with_taskflow_api, task_id=get_age, run_id=scheduled__2024-11-06T00:00:00+00:00, execution_date=20241106T000000, start_date=20241220T102927, end_date=20241220T102928
[2024-12-20T10:29:28.076+0000] {local_task_job_runner.py:266} INFO - Task exited with return code 0
[2024-12-20T10:29:28.100+0000] {local_task_job_runner.py:245} INFO - ::endgroup::
