[2024-12-20T10:51:42.820+0000] {local_task_job_runner.py:123} INFO - ::group::Pre task execution logs
[2024-12-20T10:51:42.839+0000] {taskinstance.py:2613} INFO - Dependencies all met for dep_context=non-requeueable deps ti=<TaskInstance: sql_operator_dag_v3.SQL_insert_sql_operator_practice scheduled__2024-01-01T20:00:00+00:00 [queued]>
[2024-12-20T10:51:42.851+0000] {taskinstance.py:2613} INFO - Dependencies all met for dep_context=requeueable deps ti=<TaskInstance: sql_operator_dag_v3.SQL_insert_sql_operator_practice scheduled__2024-01-01T20:00:00+00:00 [queued]>
[2024-12-20T10:51:42.851+0000] {taskinstance.py:2866} INFO - Starting attempt 1 of 6
[2024-12-20T10:51:42.870+0000] {taskinstance.py:2889} INFO - Executing <Task(SQLExecuteQueryOperator): SQL_insert_sql_operator_practice> on 2024-01-01 20:00:00+00:00
[2024-12-20T10:51:42.887+0000] {standard_task_runner.py:104} INFO - Running: ['***', 'tasks', 'run', 'sql_operator_dag_v3', 'SQL_insert_sql_operator_practice', 'scheduled__2024-01-01T20:00:00+00:00', '--job-id', '5550', '--raw', '--subdir', 'DAGS_FOLDER/dag_with_postgresql.py', '--cfg-path', '/tmp/tmpdi8s6usi']
[2024-12-20T10:51:42.887+0000] {logging_mixin.py:190} WARNING - /home/***/.local/lib/python3.12/site-packages/***/task/task_runner/standard_task_runner.py:70 DeprecationWarning: This process (pid=17008) is multi-threaded, use of fork() may lead to deadlocks in the child.
[2024-12-20T10:51:42.891+0000] {standard_task_runner.py:105} INFO - Job 5550: Subtask SQL_insert_sql_operator_practice
[2024-12-20T10:51:42.892+0000] {standard_task_runner.py:72} INFO - Started process 17020 to run task
[2024-12-20T10:51:42.955+0000] {task_command.py:467} INFO - Running <TaskInstance: sql_operator_dag_v3.SQL_insert_sql_operator_practice scheduled__2024-01-01T20:00:00+00:00 [running]> on host a998b5b3d359
[2024-12-20T10:51:43.078+0000] {taskinstance.py:3132} INFO - Exporting env vars: AIRFLOW_CTX_DAG_OWNER='Mateo' AIRFLOW_CTX_DAG_ID='sql_operator_dag_v3' AIRFLOW_CTX_TASK_ID='SQL_insert_sql_operator_practice' AIRFLOW_CTX_EXECUTION_DATE='2024-01-01T20:00:00+00:00' AIRFLOW_CTX_TRY_NUMBER='1' AIRFLOW_CTX_DAG_RUN_ID='scheduled__2024-01-01T20:00:00+00:00'
[2024-12-20T10:51:43.081+0000] {taskinstance.py:731} INFO - ::endgroup::
[2024-12-20T10:51:43.106+0000] {sql.py:278} INFO - Executing: 
        insert into dag_runs_v2(dt,dag_id) values ('2024-01-01','sql_operator_dag_v3');
        
[2024-12-20T10:51:43.126+0000] {base.py:84} INFO - Retrieving connection 'sql_operator_practice'
[2024-12-20T10:51:43.139+0000] {base.py:84} INFO - Retrieving connection 'sql_operator_practice'
[2024-12-20T10:51:43.157+0000] {sql.py:553} INFO - Running statement: 
        insert into dag_runs_v2(dt,dag_id) values ('2024-01-01','sql_operator_dag_v3');
        , parameters: None
[2024-12-20T10:51:43.162+0000] {sql.py:562} INFO - Rows affected: 1
[2024-12-20T10:51:43.175+0000] {taskinstance.py:340} INFO - ::group::Post task execution logs
[2024-12-20T10:51:43.177+0000] {taskinstance.py:352} INFO - Marking task as SUCCESS. dag_id=sql_operator_dag_v3, task_id=SQL_insert_sql_operator_practice, run_id=scheduled__2024-01-01T20:00:00+00:00, execution_date=20240101T200000, start_date=20241220T105142, end_date=20241220T105143
[2024-12-20T10:51:43.238+0000] {local_task_job_runner.py:266} INFO - Task exited with return code 0
[2024-12-20T10:51:43.253+0000] {taskinstance.py:3895} INFO - 0 downstream tasks scheduled from follow-on schedule check
[2024-12-20T10:51:43.255+0000] {local_task_job_runner.py:245} INFO - ::endgroup::
