[2024-12-19T13:51:57.114+0000] {local_task_job_runner.py:123} INFO - ::group::Pre task execution logs
[2024-12-19T13:51:57.132+0000] {taskinstance.py:2613} INFO - Dependencies all met for dep_context=non-requeueable deps ti=<TaskInstance: dag_with_taskflow_api.get_name scheduled__2024-11-09T00:00:00+00:00 [queued]>
[2024-12-19T13:51:57.142+0000] {taskinstance.py:2613} INFO - Dependencies all met for dep_context=requeueable deps ti=<TaskInstance: dag_with_taskflow_api.get_name scheduled__2024-11-09T00:00:00+00:00 [queued]>
[2024-12-19T13:51:57.143+0000] {taskinstance.py:2866} INFO - Starting attempt 1 of 6
[2024-12-19T13:51:57.155+0000] {taskinstance.py:2889} INFO - Executing <Task(_PythonDecoratedOperator): get_name> on 2024-11-09 00:00:00+00:00
[2024-12-19T13:51:57.166+0000] {logging_mixin.py:190} WARNING - /home/***/.local/lib/python3.12/site-packages/***/task/task_runner/standard_task_runner.py:70 DeprecationWarning: This process (pid=16513) is multi-threaded, use of fork() may lead to deadlocks in the child.
[2024-12-19T13:51:57.165+0000] {standard_task_runner.py:104} INFO - Running: ['***', 'tasks', 'run', 'dag_with_taskflow_api', 'get_name', 'scheduled__2024-11-09T00:00:00+00:00', '--job-id', '4484', '--raw', '--subdir', 'DAGS_FOLDER/dag_with_taskflow_api.py', '--cfg-path', '/tmp/tmpsk7ylc7k']
[2024-12-19T13:51:57.168+0000] {standard_task_runner.py:72} INFO - Started process 16515 to run task
[2024-12-19T13:51:57.169+0000] {standard_task_runner.py:105} INFO - Job 4484: Subtask get_name
[2024-12-19T13:51:57.222+0000] {task_command.py:467} INFO - Running <TaskInstance: dag_with_taskflow_api.get_name scheduled__2024-11-09T00:00:00+00:00 [running]> on host 02d979add40a
[2024-12-19T13:51:57.315+0000] {taskinstance.py:3132} INFO - Exporting env vars: AIRFLOW_CTX_DAG_OWNER='mateo' AIRFLOW_CTX_DAG_ID='dag_with_taskflow_api' AIRFLOW_CTX_TASK_ID='get_name' AIRFLOW_CTX_EXECUTION_DATE='2024-11-09T00:00:00+00:00' AIRFLOW_CTX_TRY_NUMBER='1' AIRFLOW_CTX_DAG_RUN_ID='scheduled__2024-11-09T00:00:00+00:00'
[2024-12-19T13:51:57.318+0000] {taskinstance.py:731} INFO - ::endgroup::
[2024-12-19T13:51:57.321+0000] {python.py:240} INFO - Done. Returned value was: Jerry
[2024-12-19T13:51:57.347+0000] {taskinstance.py:340} INFO - ::group::Post task execution logs
[2024-12-19T13:51:57.349+0000] {taskinstance.py:352} INFO - Marking task as SUCCESS. dag_id=dag_with_taskflow_api, task_id=get_name, run_id=scheduled__2024-11-09T00:00:00+00:00, execution_date=20241109T000000, start_date=20241219T135157, end_date=20241219T135157
[2024-12-19T13:51:57.387+0000] {local_task_job_runner.py:266} INFO - Task exited with return code 0
[2024-12-19T13:51:57.409+0000] {taskinstance.py:3895} INFO - 1 downstream tasks scheduled from follow-on schedule check
[2024-12-19T13:51:57.411+0000] {local_task_job_runner.py:245} INFO - ::endgroup::
[2024-12-20T10:29:28.844+0000] {local_task_job_runner.py:123} INFO - ::group::Pre task execution logs
[2024-12-20T10:29:28.869+0000] {taskinstance.py:2613} INFO - Dependencies all met for dep_context=non-requeueable deps ti=<TaskInstance: dag_with_taskflow_api.get_name scheduled__2024-11-09T00:00:00+00:00 [queued]>
[2024-12-20T10:29:28.885+0000] {taskinstance.py:2613} INFO - Dependencies all met for dep_context=requeueable deps ti=<TaskInstance: dag_with_taskflow_api.get_name scheduled__2024-11-09T00:00:00+00:00 [queued]>
[2024-12-20T10:29:28.887+0000] {taskinstance.py:2866} INFO - Starting attempt 1 of 6
[2024-12-20T10:29:28.902+0000] {taskinstance.py:2889} INFO - Executing <Task(_PythonDecoratedOperator): get_name> on 2024-11-09 00:00:00+00:00
[2024-12-20T10:29:28.916+0000] {logging_mixin.py:190} WARNING - /home/***/.local/lib/python3.12/site-packages/***/task/task_runner/standard_task_runner.py:70 DeprecationWarning: This process (pid=13112) is multi-threaded, use of fork() may lead to deadlocks in the child.
[2024-12-20T10:29:28.919+0000] {standard_task_runner.py:72} INFO - Started process 13120 to run task
[2024-12-20T10:29:28.924+0000] {standard_task_runner.py:104} INFO - Running: ['***', 'tasks', 'run', 'dag_with_taskflow_api', 'get_name', 'scheduled__2024-11-09T00:00:00+00:00', '--job-id', '4797', '--raw', '--subdir', 'DAGS_FOLDER/dag_with_taskflow_api.py', '--cfg-path', '/tmp/tmpziqre_sn']
[2024-12-20T10:29:28.930+0000] {standard_task_runner.py:105} INFO - Job 4797: Subtask get_name
[2024-12-20T10:29:29.087+0000] {task_command.py:467} INFO - Running <TaskInstance: dag_with_taskflow_api.get_name scheduled__2024-11-09T00:00:00+00:00 [running]> on host a998b5b3d359
[2024-12-20T10:29:29.240+0000] {taskinstance.py:3132} INFO - Exporting env vars: AIRFLOW_CTX_DAG_OWNER='mateo' AIRFLOW_CTX_DAG_ID='dag_with_taskflow_api' AIRFLOW_CTX_TASK_ID='get_name' AIRFLOW_CTX_EXECUTION_DATE='2024-11-09T00:00:00+00:00' AIRFLOW_CTX_TRY_NUMBER='1' AIRFLOW_CTX_DAG_RUN_ID='scheduled__2024-11-09T00:00:00+00:00'
[2024-12-20T10:29:29.242+0000] {taskinstance.py:731} INFO - ::endgroup::
[2024-12-20T10:29:29.246+0000] {python.py:240} INFO - Done. Returned value was: Jerry
[2024-12-20T10:29:29.293+0000] {taskinstance.py:340} INFO - ::group::Post task execution logs
[2024-12-20T10:29:29.294+0000] {taskinstance.py:352} INFO - Marking task as SUCCESS. dag_id=dag_with_taskflow_api, task_id=get_name, run_id=scheduled__2024-11-09T00:00:00+00:00, execution_date=20241109T000000, start_date=20241220T102928, end_date=20241220T102929
[2024-12-20T10:29:29.355+0000] {local_task_job_runner.py:266} INFO - Task exited with return code 0
[2024-12-20T10:29:29.386+0000] {taskinstance.py:3895} INFO - 1 downstream tasks scheduled from follow-on schedule check
[2024-12-20T10:29:29.399+0000] {local_task_job_runner.py:245} INFO - ::endgroup::
