[2024-12-19T13:51:44.486+0000] {local_task_job_runner.py:123} INFO - ::group::Pre task execution logs
[2024-12-19T13:51:44.541+0000] {taskinstance.py:2613} INFO - Dependencies all met for dep_context=non-requeueable deps ti=<TaskInstance: dag_with_taskflow_api.get_age scheduled__2024-10-28T00:00:00+00:00 [queued]>
[2024-12-19T13:51:44.557+0000] {taskinstance.py:2613} INFO - Dependencies all met for dep_context=requeueable deps ti=<TaskInstance: dag_with_taskflow_api.get_age scheduled__2024-10-28T00:00:00+00:00 [queued]>
[2024-12-19T13:51:44.560+0000] {taskinstance.py:2866} INFO - Starting attempt 1 of 6
[2024-12-19T13:51:44.584+0000] {taskinstance.py:2889} INFO - Executing <Task(_PythonDecoratedOperator): get_age> on 2024-10-28 00:00:00+00:00
[2024-12-19T13:51:44.606+0000] {standard_task_runner.py:104} INFO - Running: ['***', 'tasks', 'run', 'dag_with_taskflow_api', 'get_age', 'scheduled__2024-10-28T00:00:00+00:00', '--job-id', '4444', '--raw', '--subdir', 'DAGS_FOLDER/dag_with_taskflow_api.py', '--cfg-path', '/tmp/tmp7f7uys_q']
[2024-12-19T13:51:44.614+0000] {standard_task_runner.py:105} INFO - Job 4444: Subtask get_age
[2024-12-19T13:51:44.635+0000] {logging_mixin.py:190} WARNING - /home/***/.local/lib/python3.12/site-packages/***/task/task_runner/standard_task_runner.py:70 DeprecationWarning: This process (pid=16376) is multi-threaded, use of fork() may lead to deadlocks in the child.
[2024-12-19T13:51:44.637+0000] {standard_task_runner.py:72} INFO - Started process 16387 to run task
[2024-12-19T13:51:44.827+0000] {task_command.py:467} INFO - Running <TaskInstance: dag_with_taskflow_api.get_age scheduled__2024-10-28T00:00:00+00:00 [running]> on host 02d979add40a
[2024-12-19T13:51:45.129+0000] {taskinstance.py:3132} INFO - Exporting env vars: AIRFLOW_CTX_DAG_OWNER='mateo' AIRFLOW_CTX_DAG_ID='dag_with_taskflow_api' AIRFLOW_CTX_TASK_ID='get_age' AIRFLOW_CTX_EXECUTION_DATE='2024-10-28T00:00:00+00:00' AIRFLOW_CTX_TRY_NUMBER='1' AIRFLOW_CTX_DAG_RUN_ID='scheduled__2024-10-28T00:00:00+00:00'
[2024-12-19T13:51:45.134+0000] {taskinstance.py:731} INFO - ::endgroup::
[2024-12-19T13:51:45.150+0000] {python.py:240} INFO - Done. Returned value was: 19
[2024-12-19T13:51:45.190+0000] {taskinstance.py:340} INFO - ::group::Post task execution logs
[2024-12-19T13:51:45.192+0000] {taskinstance.py:352} INFO - Marking task as SUCCESS. dag_id=dag_with_taskflow_api, task_id=get_age, run_id=scheduled__2024-10-28T00:00:00+00:00, execution_date=20241028T000000, start_date=20241219T135144, end_date=20241219T135145
[2024-12-19T13:51:45.265+0000] {local_task_job_runner.py:266} INFO - Task exited with return code 0
[2024-12-19T13:51:45.279+0000] {local_task_job_runner.py:245} INFO - ::endgroup::
[2024-12-20T10:29:20.227+0000] {local_task_job_runner.py:123} INFO - ::group::Pre task execution logs
[2024-12-20T10:29:20.256+0000] {taskinstance.py:2613} INFO - Dependencies all met for dep_context=non-requeueable deps ti=<TaskInstance: dag_with_taskflow_api.get_age scheduled__2024-10-28T00:00:00+00:00 [queued]>
[2024-12-20T10:29:20.266+0000] {taskinstance.py:2613} INFO - Dependencies all met for dep_context=requeueable deps ti=<TaskInstance: dag_with_taskflow_api.get_age scheduled__2024-10-28T00:00:00+00:00 [queued]>
[2024-12-20T10:29:20.267+0000] {taskinstance.py:2866} INFO - Starting attempt 1 of 6
[2024-12-20T10:29:20.284+0000] {taskinstance.py:2889} INFO - Executing <Task(_PythonDecoratedOperator): get_age> on 2024-10-28 00:00:00+00:00
[2024-12-20T10:29:20.295+0000] {logging_mixin.py:190} WARNING - /home/***/.local/lib/python3.12/site-packages/***/task/task_runner/standard_task_runner.py:70 DeprecationWarning: This process (pid=13004) is multi-threaded, use of fork() may lead to deadlocks in the child.
[2024-12-20T10:29:20.299+0000] {standard_task_runner.py:72} INFO - Started process 13016 to run task
[2024-12-20T10:29:20.303+0000] {standard_task_runner.py:104} INFO - Running: ['***', 'tasks', 'run', 'dag_with_taskflow_api', 'get_age', 'scheduled__2024-10-28T00:00:00+00:00', '--job-id', '4760', '--raw', '--subdir', 'DAGS_FOLDER/dag_with_taskflow_api.py', '--cfg-path', '/tmp/tmp49aty7_o']
[2024-12-20T10:29:20.313+0000] {standard_task_runner.py:105} INFO - Job 4760: Subtask get_age
[2024-12-20T10:29:20.445+0000] {task_command.py:467} INFO - Running <TaskInstance: dag_with_taskflow_api.get_age scheduled__2024-10-28T00:00:00+00:00 [running]> on host a998b5b3d359
[2024-12-20T10:29:20.552+0000] {taskinstance.py:3132} INFO - Exporting env vars: AIRFLOW_CTX_DAG_OWNER='mateo' AIRFLOW_CTX_DAG_ID='dag_with_taskflow_api' AIRFLOW_CTX_TASK_ID='get_age' AIRFLOW_CTX_EXECUTION_DATE='2024-10-28T00:00:00+00:00' AIRFLOW_CTX_TRY_NUMBER='1' AIRFLOW_CTX_DAG_RUN_ID='scheduled__2024-10-28T00:00:00+00:00'
[2024-12-20T10:29:20.554+0000] {taskinstance.py:731} INFO - ::endgroup::
[2024-12-20T10:29:20.558+0000] {python.py:240} INFO - Done. Returned value was: 19
[2024-12-20T10:29:20.587+0000] {taskinstance.py:340} INFO - ::group::Post task execution logs
[2024-12-20T10:29:20.588+0000] {taskinstance.py:352} INFO - Marking task as SUCCESS. dag_id=dag_with_taskflow_api, task_id=get_age, run_id=scheduled__2024-10-28T00:00:00+00:00, execution_date=20241028T000000, start_date=20241220T102920, end_date=20241220T102920
[2024-12-20T10:29:20.641+0000] {local_task_job_runner.py:266} INFO - Task exited with return code 0
[2024-12-20T10:29:20.678+0000] {taskinstance.py:3895} INFO - 1 downstream tasks scheduled from follow-on schedule check
[2024-12-20T10:29:20.688+0000] {local_task_job_runner.py:245} INFO - ::endgroup::
