[2024-12-19T09:01:02.187+0000] {local_task_job_runner.py:123} INFO - ::group::Pre task execution logs
[2024-12-19T09:01:02.219+0000] {taskinstance.py:2613} INFO - Dependencies all met for dep_context=non-requeueable deps ti=<TaskInstance: our_first_dag_v2.third_task scheduled__2024-09-26T00:00:00+00:00 [queued]>
[2024-12-19T09:01:02.235+0000] {taskinstance.py:2613} INFO - Dependencies all met for dep_context=requeueable deps ti=<TaskInstance: our_first_dag_v2.third_task scheduled__2024-09-26T00:00:00+00:00 [queued]>
[2024-12-19T09:01:02.237+0000] {taskinstance.py:2866} INFO - Starting attempt 1 of 6
[2024-12-19T09:01:02.268+0000] {taskinstance.py:2889} INFO - Executing <Task(BashOperator): third_task> on 2024-09-26 00:00:00+00:00
[2024-12-19T09:01:02.292+0000] {logging_mixin.py:190} WARNING - /home/***/.local/lib/python3.12/site-packages/***/task/task_runner/standard_task_runner.py:70 DeprecationWarning: This process (pid=13335) is multi-threaded, use of fork() may lead to deadlocks in the child.
[2024-12-19T09:01:02.300+0000] {standard_task_runner.py:72} INFO - Started process 13341 to run task
[2024-12-19T09:01:02.296+0000] {standard_task_runner.py:104} INFO - Running: ['***', 'tasks', 'run', 'our_first_dag_v2', 'third_task', 'scheduled__2024-09-26T00:00:00+00:00', '--job-id', '3130', '--raw', '--subdir', 'DAGS_FOLDER/our_first_dag.py', '--cfg-path', '/tmp/tmpqk3vtrin']
[2024-12-19T09:01:02.302+0000] {standard_task_runner.py:105} INFO - Job 3130: Subtask third_task
[2024-12-19T09:01:02.416+0000] {task_command.py:467} INFO - Running <TaskInstance: our_first_dag_v2.third_task scheduled__2024-09-26T00:00:00+00:00 [running]> on host 8d142e9c83a7
[2024-12-19T09:01:02.577+0000] {taskinstance.py:3132} INFO - Exporting env vars: AIRFLOW_CTX_DAG_OWNER='mateo' AIRFLOW_CTX_DAG_ID='our_first_dag_v2' AIRFLOW_CTX_TASK_ID='third_task' AIRFLOW_CTX_EXECUTION_DATE='2024-09-26T00:00:00+00:00' AIRFLOW_CTX_TRY_NUMBER='1' AIRFLOW_CTX_DAG_RUN_ID='scheduled__2024-09-26T00:00:00+00:00'
[2024-12-19T09:01:02.583+0000] {taskinstance.py:731} INFO - ::endgroup::
[2024-12-19T09:01:02.625+0000] {subprocess.py:78} INFO - Tmp dir root location: /tmp
[2024-12-19T09:01:02.627+0000] {subprocess.py:88} INFO - Running command: ['/usr/bin/bash', '-c', 'echo I am the third task and I will be executed at the same time as the second task.']
[2024-12-19T09:01:02.650+0000] {subprocess.py:99} INFO - Output:
[2024-12-19T09:01:02.653+0000] {subprocess.py:106} INFO - I am the third task and I will be executed at the same time as the second task.
[2024-12-19T09:01:02.654+0000] {subprocess.py:110} INFO - Command exited with return code 0
[2024-12-19T09:01:02.693+0000] {taskinstance.py:340} INFO - ::group::Post task execution logs
[2024-12-19T09:01:02.700+0000] {taskinstance.py:352} INFO - Marking task as SUCCESS. dag_id=our_first_dag_v2, task_id=third_task, run_id=scheduled__2024-09-26T00:00:00+00:00, execution_date=20240926T000000, start_date=20241219T090102, end_date=20241219T090102
[2024-12-19T09:01:02.771+0000] {local_task_job_runner.py:266} INFO - Task exited with return code 0
[2024-12-19T09:01:02.797+0000] {taskinstance.py:3895} INFO - 0 downstream tasks scheduled from follow-on schedule check
[2024-12-19T09:01:02.799+0000] {local_task_job_runner.py:245} INFO - ::endgroup::
