[2024-12-19T13:52:08.629+0000] {local_task_job_runner.py:123} INFO - ::group::Pre task execution logs
[2024-12-19T13:52:08.683+0000] {taskinstance.py:2613} INFO - Dependencies all met for dep_context=non-requeueable deps ti=<TaskInstance: dag_with_taskflow_api.get_name scheduled__2024-11-28T00:00:00+00:00 [queued]>
[2024-12-19T13:52:08.710+0000] {taskinstance.py:2613} INFO - Dependencies all met for dep_context=requeueable deps ti=<TaskInstance: dag_with_taskflow_api.get_name scheduled__2024-11-28T00:00:00+00:00 [queued]>
[2024-12-19T13:52:08.714+0000] {taskinstance.py:2866} INFO - Starting attempt 1 of 6
[2024-12-19T13:52:08.764+0000] {taskinstance.py:2889} INFO - Executing <Task(_PythonDecoratedOperator): get_name> on 2024-11-28 00:00:00+00:00
[2024-12-19T13:52:08.780+0000] {logging_mixin.py:190} WARNING - /home/***/.local/lib/python3.12/site-packages/***/task/task_runner/standard_task_runner.py:70 DeprecationWarning: This process (pid=16663) is multi-threaded, use of fork() may lead to deadlocks in the child.
[2024-12-19T13:52:08.783+0000] {standard_task_runner.py:72} INFO - Started process 16674 to run task
[2024-12-19T13:52:08.799+0000] {standard_task_runner.py:104} INFO - Running: ['***', 'tasks', 'run', 'dag_with_taskflow_api', 'get_name', 'scheduled__2024-11-28T00:00:00+00:00', '--job-id', '4536', '--raw', '--subdir', 'DAGS_FOLDER/dag_with_taskflow_api.py', '--cfg-path', '/tmp/tmp7566x4n_']
[2024-12-19T13:52:08.802+0000] {standard_task_runner.py:105} INFO - Job 4536: Subtask get_name
[2024-12-19T13:52:09.064+0000] {task_command.py:467} INFO - Running <TaskInstance: dag_with_taskflow_api.get_name scheduled__2024-11-28T00:00:00+00:00 [running]> on host 02d979add40a
[2024-12-19T13:52:09.320+0000] {taskinstance.py:3132} INFO - Exporting env vars: AIRFLOW_CTX_DAG_OWNER='mateo' AIRFLOW_CTX_DAG_ID='dag_with_taskflow_api' AIRFLOW_CTX_TASK_ID='get_name' AIRFLOW_CTX_EXECUTION_DATE='2024-11-28T00:00:00+00:00' AIRFLOW_CTX_TRY_NUMBER='1' AIRFLOW_CTX_DAG_RUN_ID='scheduled__2024-11-28T00:00:00+00:00'
[2024-12-19T13:52:09.323+0000] {taskinstance.py:731} INFO - ::endgroup::
[2024-12-19T13:52:09.330+0000] {python.py:240} INFO - Done. Returned value was: Jerry
[2024-12-19T13:52:09.407+0000] {taskinstance.py:340} INFO - ::group::Post task execution logs
[2024-12-19T13:52:09.409+0000] {taskinstance.py:352} INFO - Marking task as SUCCESS. dag_id=dag_with_taskflow_api, task_id=get_name, run_id=scheduled__2024-11-28T00:00:00+00:00, execution_date=20241128T000000, start_date=20241219T135208, end_date=20241219T135209
[2024-12-19T13:52:09.486+0000] {local_task_job_runner.py:266} INFO - Task exited with return code 0
[2024-12-19T13:52:09.517+0000] {taskinstance.py:3895} INFO - 1 downstream tasks scheduled from follow-on schedule check
[2024-12-19T13:52:09.529+0000] {local_task_job_runner.py:245} INFO - ::endgroup::
[2024-12-20T10:29:40.534+0000] {local_task_job_runner.py:123} INFO - ::group::Pre task execution logs
[2024-12-20T10:29:40.562+0000] {taskinstance.py:2613} INFO - Dependencies all met for dep_context=non-requeueable deps ti=<TaskInstance: dag_with_taskflow_api.get_name scheduled__2024-11-28T00:00:00+00:00 [queued]>
[2024-12-20T10:29:40.580+0000] {taskinstance.py:2613} INFO - Dependencies all met for dep_context=requeueable deps ti=<TaskInstance: dag_with_taskflow_api.get_name scheduled__2024-11-28T00:00:00+00:00 [queued]>
[2024-12-20T10:29:40.582+0000] {taskinstance.py:2866} INFO - Starting attempt 1 of 6
[2024-12-20T10:29:40.619+0000] {taskinstance.py:2889} INFO - Executing <Task(_PythonDecoratedOperator): get_name> on 2024-11-28 00:00:00+00:00
[2024-12-20T10:29:40.634+0000] {logging_mixin.py:190} WARNING - /home/***/.local/lib/python3.12/site-packages/***/task/task_runner/standard_task_runner.py:70 DeprecationWarning: This process (pid=13290) is multi-threaded, use of fork() may lead to deadlocks in the child.
[2024-12-20T10:29:40.638+0000] {standard_task_runner.py:72} INFO - Started process 13298 to run task
[2024-12-20T10:29:40.646+0000] {standard_task_runner.py:104} INFO - Running: ['***', 'tasks', 'run', 'dag_with_taskflow_api', 'get_name', 'scheduled__2024-11-28T00:00:00+00:00', '--job-id', '4853', '--raw', '--subdir', 'DAGS_FOLDER/dag_with_taskflow_api.py', '--cfg-path', '/tmp/tmpmt_n_484']
[2024-12-20T10:29:40.651+0000] {standard_task_runner.py:105} INFO - Job 4853: Subtask get_name
[2024-12-20T10:29:40.755+0000] {task_command.py:467} INFO - Running <TaskInstance: dag_with_taskflow_api.get_name scheduled__2024-11-28T00:00:00+00:00 [running]> on host a998b5b3d359
[2024-12-20T10:29:40.865+0000] {taskinstance.py:3132} INFO - Exporting env vars: AIRFLOW_CTX_DAG_OWNER='mateo' AIRFLOW_CTX_DAG_ID='dag_with_taskflow_api' AIRFLOW_CTX_TASK_ID='get_name' AIRFLOW_CTX_EXECUTION_DATE='2024-11-28T00:00:00+00:00' AIRFLOW_CTX_TRY_NUMBER='1' AIRFLOW_CTX_DAG_RUN_ID='scheduled__2024-11-28T00:00:00+00:00'
[2024-12-20T10:29:40.870+0000] {taskinstance.py:731} INFO - ::endgroup::
[2024-12-20T10:29:40.875+0000] {python.py:240} INFO - Done. Returned value was: Jerry
[2024-12-20T10:29:40.904+0000] {taskinstance.py:340} INFO - ::group::Post task execution logs
[2024-12-20T10:29:40.906+0000] {taskinstance.py:352} INFO - Marking task as SUCCESS. dag_id=dag_with_taskflow_api, task_id=get_name, run_id=scheduled__2024-11-28T00:00:00+00:00, execution_date=20241128T000000, start_date=20241220T102940, end_date=20241220T102940
[2024-12-20T10:29:40.987+0000] {local_task_job_runner.py:266} INFO - Task exited with return code 0
[2024-12-20T10:29:41.003+0000] {local_task_job_runner.py:245} INFO - ::endgroup::
