[2024-12-19T13:51:10.722+0000] {local_task_job_runner.py:123} INFO - ::group::Pre task execution logs
[2024-12-19T13:51:10.789+0000] {taskinstance.py:2613} INFO - Dependencies all met for dep_context=non-requeueable deps ti=<TaskInstance: dag_with_taskflow_api.greet scheduled__2024-09-12T00:00:00+00:00 [queued]>
[2024-12-19T13:51:10.840+0000] {taskinstance.py:2613} INFO - Dependencies all met for dep_context=requeueable deps ti=<TaskInstance: dag_with_taskflow_api.greet scheduled__2024-09-12T00:00:00+00:00 [queued]>
[2024-12-19T13:51:10.844+0000] {taskinstance.py:2866} INFO - Starting attempt 1 of 6
[2024-12-19T13:51:11.166+0000] {taskinstance.py:2889} INFO - Executing <Task(_PythonDecoratedOperator): greet> on 2024-09-12 00:00:00+00:00
[2024-12-19T13:51:11.214+0000] {logging_mixin.py:190} WARNING - /home/***/.local/lib/python3.12/site-packages/***/task/task_runner/standard_task_runner.py:70 DeprecationWarning: This process (pid=15961) is multi-threaded, use of fork() may lead to deadlocks in the child.
[2024-12-19T13:51:11.222+0000] {standard_task_runner.py:72} INFO - Started process 15976 to run task
[2024-12-19T13:51:11.230+0000] {standard_task_runner.py:104} INFO - Running: ['***', 'tasks', 'run', 'dag_with_taskflow_api', 'greet', 'scheduled__2024-09-12T00:00:00+00:00', '--job-id', '4317', '--raw', '--subdir', 'DAGS_FOLDER/dag_with_taskflow_api.py', '--cfg-path', '/tmp/tmpmkv_hxtm']
[2024-12-19T13:51:11.237+0000] {standard_task_runner.py:105} INFO - Job 4317: Subtask greet
[2024-12-19T13:51:11.370+0000] {task_command.py:467} INFO - Running <TaskInstance: dag_with_taskflow_api.greet scheduled__2024-09-12T00:00:00+00:00 [running]> on host 02d979add40a
[2024-12-19T13:51:11.598+0000] {taskinstance.py:3132} INFO - Exporting env vars: AIRFLOW_CTX_DAG_OWNER='mateo' AIRFLOW_CTX_DAG_ID='dag_with_taskflow_api' AIRFLOW_CTX_TASK_ID='greet' AIRFLOW_CTX_EXECUTION_DATE='2024-09-12T00:00:00+00:00' AIRFLOW_CTX_TRY_NUMBER='1' AIRFLOW_CTX_DAG_RUN_ID='scheduled__2024-09-12T00:00:00+00:00'
[2024-12-19T13:51:11.604+0000] {taskinstance.py:731} INFO - ::endgroup::
[2024-12-19T13:51:11.608+0000] {logging_mixin.py:190} INFO - My name is Jerry. I am 19 years old.
[2024-12-19T13:51:11.609+0000] {python.py:240} INFO - Done. Returned value was: None
[2024-12-19T13:51:11.630+0000] {taskinstance.py:340} INFO - ::group::Post task execution logs
[2024-12-19T13:51:11.631+0000] {taskinstance.py:352} INFO - Marking task as SUCCESS. dag_id=dag_with_taskflow_api, task_id=greet, run_id=scheduled__2024-09-12T00:00:00+00:00, execution_date=20240912T000000, start_date=20241219T135110, end_date=20241219T135111
[2024-12-19T13:51:11.671+0000] {local_task_job_runner.py:266} INFO - Task exited with return code 0
[2024-12-19T13:51:11.703+0000] {taskinstance.py:3895} INFO - 0 downstream tasks scheduled from follow-on schedule check
[2024-12-19T13:51:11.707+0000] {local_task_job_runner.py:245} INFO - ::endgroup::
[2024-12-20T10:28:46.300+0000] {local_task_job_runner.py:123} INFO - ::group::Pre task execution logs
[2024-12-20T10:28:46.339+0000] {taskinstance.py:2613} INFO - Dependencies all met for dep_context=non-requeueable deps ti=<TaskInstance: dag_with_taskflow_api.greet scheduled__2024-09-12T00:00:00+00:00 [queued]>
[2024-12-20T10:28:46.354+0000] {taskinstance.py:2613} INFO - Dependencies all met for dep_context=requeueable deps ti=<TaskInstance: dag_with_taskflow_api.greet scheduled__2024-09-12T00:00:00+00:00 [queued]>
[2024-12-20T10:28:46.356+0000] {taskinstance.py:2866} INFO - Starting attempt 1 of 6
[2024-12-20T10:28:46.394+0000] {taskinstance.py:2889} INFO - Executing <Task(_PythonDecoratedOperator): greet> on 2024-09-12 00:00:00+00:00
[2024-12-20T10:28:46.446+0000] {logging_mixin.py:190} WARNING - /home/***/.local/lib/python3.12/site-packages/***/task/task_runner/standard_task_runner.py:70 DeprecationWarning: This process (pid=12585) is multi-threaded, use of fork() may lead to deadlocks in the child.
[2024-12-20T10:28:46.444+0000] {standard_task_runner.py:104} INFO - Running: ['***', 'tasks', 'run', 'dag_with_taskflow_api', 'greet', 'scheduled__2024-09-12T00:00:00+00:00', '--job-id', '4634', '--raw', '--subdir', 'DAGS_FOLDER/dag_with_taskflow_api.py', '--cfg-path', '/tmp/tmp_glc_fzl']
[2024-12-20T10:28:46.449+0000] {standard_task_runner.py:105} INFO - Job 4634: Subtask greet
[2024-12-20T10:28:46.448+0000] {standard_task_runner.py:72} INFO - Started process 12595 to run task
[2024-12-20T10:28:46.580+0000] {task_command.py:467} INFO - Running <TaskInstance: dag_with_taskflow_api.greet scheduled__2024-09-12T00:00:00+00:00 [running]> on host a998b5b3d359
[2024-12-20T10:28:46.882+0000] {taskinstance.py:3132} INFO - Exporting env vars: AIRFLOW_CTX_DAG_OWNER='mateo' AIRFLOW_CTX_DAG_ID='dag_with_taskflow_api' AIRFLOW_CTX_TASK_ID='greet' AIRFLOW_CTX_EXECUTION_DATE='2024-09-12T00:00:00+00:00' AIRFLOW_CTX_TRY_NUMBER='1' AIRFLOW_CTX_DAG_RUN_ID='scheduled__2024-09-12T00:00:00+00:00'
[2024-12-20T10:28:46.885+0000] {taskinstance.py:731} INFO - ::endgroup::
[2024-12-20T10:28:46.889+0000] {logging_mixin.py:190} INFO - My name is Jerry. I am 19 years old.
[2024-12-20T10:28:46.890+0000] {python.py:240} INFO - Done. Returned value was: None
[2024-12-20T10:28:46.907+0000] {taskinstance.py:340} INFO - ::group::Post task execution logs
[2024-12-20T10:28:46.913+0000] {taskinstance.py:352} INFO - Marking task as SUCCESS. dag_id=dag_with_taskflow_api, task_id=greet, run_id=scheduled__2024-09-12T00:00:00+00:00, execution_date=20240912T000000, start_date=20241220T102846, end_date=20241220T102846
[2024-12-20T10:28:47.005+0000] {local_task_job_runner.py:266} INFO - Task exited with return code 0
[2024-12-20T10:28:47.050+0000] {taskinstance.py:3895} INFO - 0 downstream tasks scheduled from follow-on schedule check
[2024-12-20T10:28:47.058+0000] {local_task_job_runner.py:245} INFO - ::endgroup::
