[2024-12-19T13:51:20.342+0000] {local_task_job_runner.py:123} INFO - ::group::Pre task execution logs
[2024-12-19T13:51:20.369+0000] {taskinstance.py:2613} INFO - Dependencies all met for dep_context=non-requeueable deps ti=<TaskInstance: dag_with_taskflow_api.greet scheduled__2024-09-25T00:00:00+00:00 [queued]>
[2024-12-19T13:51:20.382+0000] {taskinstance.py:2613} INFO - Dependencies all met for dep_context=requeueable deps ti=<TaskInstance: dag_with_taskflow_api.greet scheduled__2024-09-25T00:00:00+00:00 [queued]>
[2024-12-19T13:51:20.383+0000] {taskinstance.py:2866} INFO - Starting attempt 1 of 6
[2024-12-19T13:51:20.409+0000] {taskinstance.py:2889} INFO - Executing <Task(_PythonDecoratedOperator): greet> on 2024-09-25 00:00:00+00:00
[2024-12-19T13:51:20.421+0000] {logging_mixin.py:190} WARNING - /home/***/.local/lib/python3.12/site-packages/***/task/task_runner/standard_task_runner.py:70 DeprecationWarning: This process (pid=16088) is multi-threaded, use of fork() may lead to deadlocks in the child.
[2024-12-19T13:51:20.430+0000] {standard_task_runner.py:72} INFO - Started process 16102 to run task
[2024-12-19T13:51:20.421+0000] {standard_task_runner.py:104} INFO - Running: ['***', 'tasks', 'run', 'dag_with_taskflow_api', 'greet', 'scheduled__2024-09-25T00:00:00+00:00', '--job-id', '4354', '--raw', '--subdir', 'DAGS_FOLDER/dag_with_taskflow_api.py', '--cfg-path', '/tmp/tmp5_4511q1']
[2024-12-19T13:51:20.432+0000] {standard_task_runner.py:105} INFO - Job 4354: Subtask greet
[2024-12-19T13:51:20.509+0000] {task_command.py:467} INFO - Running <TaskInstance: dag_with_taskflow_api.greet scheduled__2024-09-25T00:00:00+00:00 [running]> on host 02d979add40a
[2024-12-19T13:51:20.631+0000] {taskinstance.py:3132} INFO - Exporting env vars: AIRFLOW_CTX_DAG_OWNER='mateo' AIRFLOW_CTX_DAG_ID='dag_with_taskflow_api' AIRFLOW_CTX_TASK_ID='greet' AIRFLOW_CTX_EXECUTION_DATE='2024-09-25T00:00:00+00:00' AIRFLOW_CTX_TRY_NUMBER='1' AIRFLOW_CTX_DAG_RUN_ID='scheduled__2024-09-25T00:00:00+00:00'
[2024-12-19T13:51:20.633+0000] {taskinstance.py:731} INFO - ::endgroup::
[2024-12-19T13:51:20.636+0000] {logging_mixin.py:190} INFO - My name is Jerry. I am 19 years old.
[2024-12-19T13:51:20.638+0000] {python.py:240} INFO - Done. Returned value was: None
[2024-12-19T13:51:20.647+0000] {taskinstance.py:340} INFO - ::group::Post task execution logs
[2024-12-19T13:51:20.649+0000] {taskinstance.py:352} INFO - Marking task as SUCCESS. dag_id=dag_with_taskflow_api, task_id=greet, run_id=scheduled__2024-09-25T00:00:00+00:00, execution_date=20240925T000000, start_date=20241219T135120, end_date=20241219T135120
[2024-12-19T13:51:20.688+0000] {local_task_job_runner.py:266} INFO - Task exited with return code 0
[2024-12-19T13:51:20.706+0000] {taskinstance.py:3895} INFO - 0 downstream tasks scheduled from follow-on schedule check
[2024-12-19T13:51:20.708+0000] {local_task_job_runner.py:245} INFO - ::endgroup::
[2024-12-20T10:28:56.035+0000] {local_task_job_runner.py:123} INFO - ::group::Pre task execution logs
[2024-12-20T10:28:56.060+0000] {taskinstance.py:2613} INFO - Dependencies all met for dep_context=non-requeueable deps ti=<TaskInstance: dag_with_taskflow_api.greet scheduled__2024-09-25T00:00:00+00:00 [queued]>
[2024-12-20T10:28:56.071+0000] {taskinstance.py:2613} INFO - Dependencies all met for dep_context=requeueable deps ti=<TaskInstance: dag_with_taskflow_api.greet scheduled__2024-09-25T00:00:00+00:00 [queued]>
[2024-12-20T10:28:56.073+0000] {taskinstance.py:2866} INFO - Starting attempt 1 of 6
[2024-12-20T10:28:56.095+0000] {taskinstance.py:2889} INFO - Executing <Task(_PythonDecoratedOperator): greet> on 2024-09-25 00:00:00+00:00
[2024-12-20T10:28:56.108+0000] {standard_task_runner.py:104} INFO - Running: ['***', 'tasks', 'run', 'dag_with_taskflow_api', 'greet', 'scheduled__2024-09-25T00:00:00+00:00', '--job-id', '4672', '--raw', '--subdir', 'DAGS_FOLDER/dag_with_taskflow_api.py', '--cfg-path', '/tmp/tmpoyssrzzd']
[2024-12-20T10:28:56.112+0000] {standard_task_runner.py:105} INFO - Job 4672: Subtask greet
[2024-12-20T10:28:56.113+0000] {logging_mixin.py:190} WARNING - /home/***/.local/lib/python3.12/site-packages/***/task/task_runner/standard_task_runner.py:70 DeprecationWarning: This process (pid=12706) is multi-threaded, use of fork() may lead to deadlocks in the child.
[2024-12-20T10:28:56.118+0000] {standard_task_runner.py:72} INFO - Started process 12713 to run task
[2024-12-20T10:28:56.203+0000] {task_command.py:467} INFO - Running <TaskInstance: dag_with_taskflow_api.greet scheduled__2024-09-25T00:00:00+00:00 [running]> on host a998b5b3d359
[2024-12-20T10:28:56.327+0000] {taskinstance.py:3132} INFO - Exporting env vars: AIRFLOW_CTX_DAG_OWNER='mateo' AIRFLOW_CTX_DAG_ID='dag_with_taskflow_api' AIRFLOW_CTX_TASK_ID='greet' AIRFLOW_CTX_EXECUTION_DATE='2024-09-25T00:00:00+00:00' AIRFLOW_CTX_TRY_NUMBER='1' AIRFLOW_CTX_DAG_RUN_ID='scheduled__2024-09-25T00:00:00+00:00'
[2024-12-20T10:28:56.329+0000] {taskinstance.py:731} INFO - ::endgroup::
[2024-12-20T10:28:56.333+0000] {logging_mixin.py:190} INFO - My name is Jerry. I am 19 years old.
[2024-12-20T10:28:56.334+0000] {python.py:240} INFO - Done. Returned value was: None
[2024-12-20T10:28:56.347+0000] {taskinstance.py:340} INFO - ::group::Post task execution logs
[2024-12-20T10:28:56.349+0000] {taskinstance.py:352} INFO - Marking task as SUCCESS. dag_id=dag_with_taskflow_api, task_id=greet, run_id=scheduled__2024-09-25T00:00:00+00:00, execution_date=20240925T000000, start_date=20241220T102856, end_date=20241220T102856
[2024-12-20T10:28:56.383+0000] {local_task_job_runner.py:266} INFO - Task exited with return code 0
[2024-12-20T10:28:56.401+0000] {taskinstance.py:3895} INFO - 0 downstream tasks scheduled from follow-on schedule check
[2024-12-20T10:28:56.404+0000] {local_task_job_runner.py:245} INFO - ::endgroup::
