[2024-12-19T13:51:09.144+0000] {local_task_job_runner.py:123} INFO - ::group::Pre task execution logs
[2024-12-19T13:51:09.223+0000] {taskinstance.py:2613} INFO - Dependencies all met for dep_context=non-requeueable deps ti=<TaskInstance: dag_with_taskflow_api.get_name scheduled__2024-09-13T00:00:00+00:00 [queued]>
[2024-12-19T13:51:09.245+0000] {taskinstance.py:2613} INFO - Dependencies all met for dep_context=requeueable deps ti=<TaskInstance: dag_with_taskflow_api.get_name scheduled__2024-09-13T00:00:00+00:00 [queued]>
[2024-12-19T13:51:09.248+0000] {taskinstance.py:2866} INFO - Starting attempt 1 of 6
[2024-12-19T13:51:09.350+0000] {taskinstance.py:2889} INFO - Executing <Task(_PythonDecoratedOperator): get_name> on 2024-09-13 00:00:00+00:00
[2024-12-19T13:51:09.373+0000] {logging_mixin.py:190} WARNING - /home/***/.local/lib/python3.12/site-packages/***/task/task_runner/standard_task_runner.py:70 DeprecationWarning: This process (pid=15933) is multi-threaded, use of fork() may lead to deadlocks in the child.
[2024-12-19T13:51:09.381+0000] {standard_task_runner.py:72} INFO - Started process 15943 to run task
[2024-12-19T13:51:09.384+0000] {standard_task_runner.py:104} INFO - Running: ['***', 'tasks', 'run', 'dag_with_taskflow_api', 'get_name', 'scheduled__2024-09-13T00:00:00+00:00', '--job-id', '4306', '--raw', '--subdir', 'DAGS_FOLDER/dag_with_taskflow_api.py', '--cfg-path', '/tmp/tmp_fogwpl0']
[2024-12-19T13:51:09.400+0000] {standard_task_runner.py:105} INFO - Job 4306: Subtask get_name
[2024-12-19T13:51:09.591+0000] {task_command.py:467} INFO - Running <TaskInstance: dag_with_taskflow_api.get_name scheduled__2024-09-13T00:00:00+00:00 [running]> on host 02d979add40a
[2024-12-19T13:51:09.937+0000] {taskinstance.py:3132} INFO - Exporting env vars: AIRFLOW_CTX_DAG_OWNER='mateo' AIRFLOW_CTX_DAG_ID='dag_with_taskflow_api' AIRFLOW_CTX_TASK_ID='get_name' AIRFLOW_CTX_EXECUTION_DATE='2024-09-13T00:00:00+00:00' AIRFLOW_CTX_TRY_NUMBER='1' AIRFLOW_CTX_DAG_RUN_ID='scheduled__2024-09-13T00:00:00+00:00'
[2024-12-19T13:51:09.943+0000] {taskinstance.py:731} INFO - ::endgroup::
[2024-12-19T13:51:09.963+0000] {python.py:240} INFO - Done. Returned value was: Jerry
[2024-12-19T13:51:10.046+0000] {taskinstance.py:340} INFO - ::group::Post task execution logs
[2024-12-19T13:51:10.047+0000] {taskinstance.py:352} INFO - Marking task as SUCCESS. dag_id=dag_with_taskflow_api, task_id=get_name, run_id=scheduled__2024-09-13T00:00:00+00:00, execution_date=20240913T000000, start_date=20241219T135109, end_date=20241219T135110
[2024-12-19T13:51:10.141+0000] {local_task_job_runner.py:266} INFO - Task exited with return code 0
[2024-12-19T13:51:10.249+0000] {taskinstance.py:3895} INFO - 0 downstream tasks scheduled from follow-on schedule check
[2024-12-19T13:51:10.260+0000] {local_task_job_runner.py:245} INFO - ::endgroup::
[2024-12-20T10:28:45.116+0000] {local_task_job_runner.py:123} INFO - ::group::Pre task execution logs
[2024-12-20T10:28:45.144+0000] {taskinstance.py:2613} INFO - Dependencies all met for dep_context=non-requeueable deps ti=<TaskInstance: dag_with_taskflow_api.get_name scheduled__2024-09-13T00:00:00+00:00 [queued]>
[2024-12-20T10:28:45.164+0000] {taskinstance.py:2613} INFO - Dependencies all met for dep_context=requeueable deps ti=<TaskInstance: dag_with_taskflow_api.get_name scheduled__2024-09-13T00:00:00+00:00 [queued]>
[2024-12-20T10:28:45.166+0000] {taskinstance.py:2866} INFO - Starting attempt 1 of 6
[2024-12-20T10:28:45.196+0000] {taskinstance.py:2889} INFO - Executing <Task(_PythonDecoratedOperator): get_name> on 2024-09-13 00:00:00+00:00
[2024-12-20T10:28:45.223+0000] {logging_mixin.py:190} WARNING - /home/***/.local/lib/python3.12/site-packages/***/task/task_runner/standard_task_runner.py:70 DeprecationWarning: This process (pid=12565) is multi-threaded, use of fork() may lead to deadlocks in the child.
[2024-12-20T10:28:45.226+0000] {standard_task_runner.py:72} INFO - Started process 12573 to run task
[2024-12-20T10:28:45.230+0000] {standard_task_runner.py:104} INFO - Running: ['***', 'tasks', 'run', 'dag_with_taskflow_api', 'get_name', 'scheduled__2024-09-13T00:00:00+00:00', '--job-id', '4627', '--raw', '--subdir', 'DAGS_FOLDER/dag_with_taskflow_api.py', '--cfg-path', '/tmp/tmp16czhwwy']
[2024-12-20T10:28:45.244+0000] {standard_task_runner.py:105} INFO - Job 4627: Subtask get_name
[2024-12-20T10:28:45.373+0000] {task_command.py:467} INFO - Running <TaskInstance: dag_with_taskflow_api.get_name scheduled__2024-09-13T00:00:00+00:00 [running]> on host a998b5b3d359
[2024-12-20T10:28:45.565+0000] {taskinstance.py:3132} INFO - Exporting env vars: AIRFLOW_CTX_DAG_OWNER='mateo' AIRFLOW_CTX_DAG_ID='dag_with_taskflow_api' AIRFLOW_CTX_TASK_ID='get_name' AIRFLOW_CTX_EXECUTION_DATE='2024-09-13T00:00:00+00:00' AIRFLOW_CTX_TRY_NUMBER='1' AIRFLOW_CTX_DAG_RUN_ID='scheduled__2024-09-13T00:00:00+00:00'
[2024-12-20T10:28:45.577+0000] {taskinstance.py:731} INFO - ::endgroup::
[2024-12-20T10:28:45.585+0000] {python.py:240} INFO - Done. Returned value was: Jerry
[2024-12-20T10:28:45.638+0000] {taskinstance.py:340} INFO - ::group::Post task execution logs
[2024-12-20T10:28:45.645+0000] {taskinstance.py:352} INFO - Marking task as SUCCESS. dag_id=dag_with_taskflow_api, task_id=get_name, run_id=scheduled__2024-09-13T00:00:00+00:00, execution_date=20240913T000000, start_date=20241220T102845, end_date=20241220T102845
[2024-12-20T10:28:45.861+0000] {local_task_job_runner.py:266} INFO - Task exited with return code 0
[2024-12-20T10:28:45.909+0000] {taskinstance.py:3895} INFO - 1 downstream tasks scheduled from follow-on schedule check
[2024-12-20T10:28:45.920+0000] {local_task_job_runner.py:245} INFO - ::endgroup::
