[2024-12-19T13:51:57.114+0000] {local_task_job_runner.py:123} INFO - ::group::Pre task execution logs
[2024-12-19T13:51:57.133+0000] {taskinstance.py:2613} INFO - Dependencies all met for dep_context=non-requeueable deps ti=<TaskInstance: dag_with_taskflow_api.get_age scheduled__2024-11-09T00:00:00+00:00 [queued]>
[2024-12-19T13:51:57.143+0000] {taskinstance.py:2613} INFO - Dependencies all met for dep_context=requeueable deps ti=<TaskInstance: dag_with_taskflow_api.get_age scheduled__2024-11-09T00:00:00+00:00 [queued]>
[2024-12-19T13:51:57.144+0000] {taskinstance.py:2866} INFO - Starting attempt 1 of 6
[2024-12-19T13:51:57.155+0000] {taskinstance.py:2889} INFO - Executing <Task(_PythonDecoratedOperator): get_age> on 2024-11-09 00:00:00+00:00
[2024-12-19T13:51:57.165+0000] {logging_mixin.py:190} WARNING - /home/***/.local/lib/python3.12/site-packages/***/task/task_runner/standard_task_runner.py:70 DeprecationWarning: This process (pid=16514) is multi-threaded, use of fork() may lead to deadlocks in the child.
[2024-12-19T13:51:57.167+0000] {standard_task_runner.py:72} INFO - Started process 16516 to run task
[2024-12-19T13:51:57.165+0000] {standard_task_runner.py:104} INFO - Running: ['***', 'tasks', 'run', 'dag_with_taskflow_api', 'get_age', 'scheduled__2024-11-09T00:00:00+00:00', '--job-id', '4483', '--raw', '--subdir', 'DAGS_FOLDER/dag_with_taskflow_api.py', '--cfg-path', '/tmp/tmp7b4kak19']
[2024-12-19T13:51:57.169+0000] {standard_task_runner.py:105} INFO - Job 4483: Subtask get_age
[2024-12-19T13:51:57.221+0000] {task_command.py:467} INFO - Running <TaskInstance: dag_with_taskflow_api.get_age scheduled__2024-11-09T00:00:00+00:00 [running]> on host 02d979add40a
[2024-12-19T13:51:57.315+0000] {taskinstance.py:3132} INFO - Exporting env vars: AIRFLOW_CTX_DAG_OWNER='mateo' AIRFLOW_CTX_DAG_ID='dag_with_taskflow_api' AIRFLOW_CTX_TASK_ID='get_age' AIRFLOW_CTX_EXECUTION_DATE='2024-11-09T00:00:00+00:00' AIRFLOW_CTX_TRY_NUMBER='1' AIRFLOW_CTX_DAG_RUN_ID='scheduled__2024-11-09T00:00:00+00:00'
[2024-12-19T13:51:57.317+0000] {taskinstance.py:731} INFO - ::endgroup::
[2024-12-19T13:51:57.322+0000] {python.py:240} INFO - Done. Returned value was: 19
[2024-12-19T13:51:57.347+0000] {taskinstance.py:340} INFO - ::group::Post task execution logs
[2024-12-19T13:51:57.349+0000] {taskinstance.py:352} INFO - Marking task as SUCCESS. dag_id=dag_with_taskflow_api, task_id=get_age, run_id=scheduled__2024-11-09T00:00:00+00:00, execution_date=20241109T000000, start_date=20241219T135157, end_date=20241219T135157
[2024-12-19T13:51:57.385+0000] {local_task_job_runner.py:266} INFO - Task exited with return code 0
[2024-12-19T13:51:57.398+0000] {local_task_job_runner.py:245} INFO - ::endgroup::
[2024-12-20T10:29:28.881+0000] {local_task_job_runner.py:123} INFO - ::group::Pre task execution logs
[2024-12-20T10:29:28.905+0000] {taskinstance.py:2613} INFO - Dependencies all met for dep_context=non-requeueable deps ti=<TaskInstance: dag_with_taskflow_api.get_age scheduled__2024-11-09T00:00:00+00:00 [queued]>
[2024-12-20T10:29:28.927+0000] {taskinstance.py:2613} INFO - Dependencies all met for dep_context=requeueable deps ti=<TaskInstance: dag_with_taskflow_api.get_age scheduled__2024-11-09T00:00:00+00:00 [queued]>
[2024-12-20T10:29:28.929+0000] {taskinstance.py:2866} INFO - Starting attempt 1 of 6
[2024-12-20T10:29:28.959+0000] {taskinstance.py:2889} INFO - Executing <Task(_PythonDecoratedOperator): get_age> on 2024-11-09 00:00:00+00:00
[2024-12-20T10:29:28.975+0000] {standard_task_runner.py:104} INFO - Running: ['***', 'tasks', 'run', 'dag_with_taskflow_api', 'get_age', 'scheduled__2024-11-09T00:00:00+00:00', '--job-id', '4798', '--raw', '--subdir', 'DAGS_FOLDER/dag_with_taskflow_api.py', '--cfg-path', '/tmp/tmpkv3klcea']
[2024-12-20T10:29:28.979+0000] {logging_mixin.py:190} WARNING - /home/***/.local/lib/python3.12/site-packages/***/task/task_runner/standard_task_runner.py:70 DeprecationWarning: This process (pid=13111) is multi-threaded, use of fork() may lead to deadlocks in the child.
[2024-12-20T10:29:28.980+0000] {standard_task_runner.py:105} INFO - Job 4798: Subtask get_age
[2024-12-20T10:29:28.981+0000] {standard_task_runner.py:72} INFO - Started process 13128 to run task
[2024-12-20T10:29:29.112+0000] {task_command.py:467} INFO - Running <TaskInstance: dag_with_taskflow_api.get_age scheduled__2024-11-09T00:00:00+00:00 [running]> on host a998b5b3d359
[2024-12-20T10:29:29.272+0000] {taskinstance.py:3132} INFO - Exporting env vars: AIRFLOW_CTX_DAG_OWNER='mateo' AIRFLOW_CTX_DAG_ID='dag_with_taskflow_api' AIRFLOW_CTX_TASK_ID='get_age' AIRFLOW_CTX_EXECUTION_DATE='2024-11-09T00:00:00+00:00' AIRFLOW_CTX_TRY_NUMBER='1' AIRFLOW_CTX_DAG_RUN_ID='scheduled__2024-11-09T00:00:00+00:00'
[2024-12-20T10:29:29.277+0000] {taskinstance.py:731} INFO - ::endgroup::
[2024-12-20T10:29:29.282+0000] {python.py:240} INFO - Done. Returned value was: 19
[2024-12-20T10:29:29.315+0000] {taskinstance.py:340} INFO - ::group::Post task execution logs
[2024-12-20T10:29:29.316+0000] {taskinstance.py:352} INFO - Marking task as SUCCESS. dag_id=dag_with_taskflow_api, task_id=get_age, run_id=scheduled__2024-11-09T00:00:00+00:00, execution_date=20241109T000000, start_date=20241220T102928, end_date=20241220T102929
[2024-12-20T10:29:29.373+0000] {local_task_job_runner.py:266} INFO - Task exited with return code 0
[2024-12-20T10:29:29.393+0000] {local_task_job_runner.py:245} INFO - ::endgroup::
