[2024-12-19T13:52:18.358+0000] {local_task_job_runner.py:123} INFO - ::group::Pre task execution logs
[2024-12-19T13:52:18.386+0000] {taskinstance.py:2613} INFO - Dependencies all met for dep_context=non-requeueable deps ti=<TaskInstance: dag_with_taskflow_api.greet scheduled__2024-12-08T00:00:00+00:00 [queued]>
[2024-12-19T13:52:18.402+0000] {taskinstance.py:2613} INFO - Dependencies all met for dep_context=requeueable deps ti=<TaskInstance: dag_with_taskflow_api.greet scheduled__2024-12-08T00:00:00+00:00 [queued]>
[2024-12-19T13:52:18.403+0000] {taskinstance.py:2866} INFO - Starting attempt 1 of 6
[2024-12-19T13:52:18.442+0000] {taskinstance.py:2889} INFO - Executing <Task(_PythonDecoratedOperator): greet> on 2024-12-08 00:00:00+00:00
[2024-12-19T13:52:18.474+0000] {logging_mixin.py:190} WARNING - /home/***/.local/lib/python3.12/site-packages/***/task/task_runner/standard_task_runner.py:70 DeprecationWarning: This process (pid=16805) is multi-threaded, use of fork() may lead to deadlocks in the child.
[2024-12-19T13:52:18.475+0000] {standard_task_runner.py:104} INFO - Running: ['***', 'tasks', 'run', 'dag_with_taskflow_api', 'greet', 'scheduled__2024-12-08T00:00:00+00:00', '--job-id', '4576', '--raw', '--subdir', 'DAGS_FOLDER/dag_with_taskflow_api.py', '--cfg-path', '/tmp/tmpjwfmv0cp']
[2024-12-19T13:52:18.484+0000] {standard_task_runner.py:105} INFO - Job 4576: Subtask greet
[2024-12-19T13:52:18.482+0000] {standard_task_runner.py:72} INFO - Started process 16814 to run task
[2024-12-19T13:52:18.579+0000] {task_command.py:467} INFO - Running <TaskInstance: dag_with_taskflow_api.greet scheduled__2024-12-08T00:00:00+00:00 [running]> on host 02d979add40a
[2024-12-19T13:52:18.739+0000] {taskinstance.py:3132} INFO - Exporting env vars: AIRFLOW_CTX_DAG_OWNER='mateo' AIRFLOW_CTX_DAG_ID='dag_with_taskflow_api' AIRFLOW_CTX_TASK_ID='greet' AIRFLOW_CTX_EXECUTION_DATE='2024-12-08T00:00:00+00:00' AIRFLOW_CTX_TRY_NUMBER='1' AIRFLOW_CTX_DAG_RUN_ID='scheduled__2024-12-08T00:00:00+00:00'
[2024-12-19T13:52:18.741+0000] {taskinstance.py:731} INFO - ::endgroup::
[2024-12-19T13:52:18.745+0000] {logging_mixin.py:190} INFO - My name is Jerry. I am 19 years old.
[2024-12-19T13:52:18.746+0000] {python.py:240} INFO - Done. Returned value was: None
[2024-12-19T13:52:18.755+0000] {taskinstance.py:340} INFO - ::group::Post task execution logs
[2024-12-19T13:52:18.756+0000] {taskinstance.py:352} INFO - Marking task as SUCCESS. dag_id=dag_with_taskflow_api, task_id=greet, run_id=scheduled__2024-12-08T00:00:00+00:00, execution_date=20241208T000000, start_date=20241219T135218, end_date=20241219T135218
[2024-12-19T13:52:18.803+0000] {local_task_job_runner.py:266} INFO - Task exited with return code 0
[2024-12-19T13:52:18.819+0000] {taskinstance.py:3895} INFO - 0 downstream tasks scheduled from follow-on schedule check
[2024-12-19T13:52:18.821+0000] {local_task_job_runner.py:245} INFO - ::endgroup::
[2024-12-20T10:29:48.877+0000] {local_task_job_runner.py:123} INFO - ::group::Pre task execution logs
[2024-12-20T10:29:48.896+0000] {taskinstance.py:2613} INFO - Dependencies all met for dep_context=non-requeueable deps ti=<TaskInstance: dag_with_taskflow_api.greet scheduled__2024-12-08T00:00:00+00:00 [queued]>
[2024-12-20T10:29:48.907+0000] {taskinstance.py:2613} INFO - Dependencies all met for dep_context=requeueable deps ti=<TaskInstance: dag_with_taskflow_api.greet scheduled__2024-12-08T00:00:00+00:00 [queued]>
[2024-12-20T10:29:48.908+0000] {taskinstance.py:2866} INFO - Starting attempt 1 of 6
[2024-12-20T10:29:48.921+0000] {taskinstance.py:2889} INFO - Executing <Task(_PythonDecoratedOperator): greet> on 2024-12-08 00:00:00+00:00
[2024-12-20T10:29:48.931+0000] {logging_mixin.py:190} WARNING - /home/***/.local/lib/python3.12/site-packages/***/task/task_runner/standard_task_runner.py:70 DeprecationWarning: This process (pid=13423) is multi-threaded, use of fork() may lead to deadlocks in the child.
[2024-12-20T10:29:48.933+0000] {standard_task_runner.py:72} INFO - Started process 13426 to run task
[2024-12-20T10:29:48.931+0000] {standard_task_runner.py:104} INFO - Running: ['***', 'tasks', 'run', 'dag_with_taskflow_api', 'greet', 'scheduled__2024-12-08T00:00:00+00:00', '--job-id', '4888', '--raw', '--subdir', 'DAGS_FOLDER/dag_with_taskflow_api.py', '--cfg-path', '/tmp/tmpe0sblmp9']
[2024-12-20T10:29:48.936+0000] {standard_task_runner.py:105} INFO - Job 4888: Subtask greet
[2024-12-20T10:29:48.995+0000] {task_command.py:467} INFO - Running <TaskInstance: dag_with_taskflow_api.greet scheduled__2024-12-08T00:00:00+00:00 [running]> on host a998b5b3d359
[2024-12-20T10:29:49.105+0000] {taskinstance.py:3132} INFO - Exporting env vars: AIRFLOW_CTX_DAG_OWNER='mateo' AIRFLOW_CTX_DAG_ID='dag_with_taskflow_api' AIRFLOW_CTX_TASK_ID='greet' AIRFLOW_CTX_EXECUTION_DATE='2024-12-08T00:00:00+00:00' AIRFLOW_CTX_TRY_NUMBER='1' AIRFLOW_CTX_DAG_RUN_ID='scheduled__2024-12-08T00:00:00+00:00'
[2024-12-20T10:29:49.107+0000] {taskinstance.py:731} INFO - ::endgroup::
[2024-12-20T10:29:49.110+0000] {logging_mixin.py:190} INFO - My name is Jerry. I am 19 years old.
[2024-12-20T10:29:49.111+0000] {python.py:240} INFO - Done. Returned value was: None
[2024-12-20T10:29:49.119+0000] {taskinstance.py:340} INFO - ::group::Post task execution logs
[2024-12-20T10:29:49.121+0000] {taskinstance.py:352} INFO - Marking task as SUCCESS. dag_id=dag_with_taskflow_api, task_id=greet, run_id=scheduled__2024-12-08T00:00:00+00:00, execution_date=20241208T000000, start_date=20241220T102948, end_date=20241220T102949
[2024-12-20T10:29:49.152+0000] {local_task_job_runner.py:266} INFO - Task exited with return code 0
[2024-12-20T10:29:49.167+0000] {taskinstance.py:3895} INFO - 0 downstream tasks scheduled from follow-on schedule check
[2024-12-20T10:29:49.169+0000] {local_task_job_runner.py:245} INFO - ::endgroup::
