[2024-12-19T08:52:24.867+0000] {local_task_job_runner.py:123} INFO - ::group::Pre task execution logs
[2024-12-19T08:52:24.907+0000] {taskinstance.py:2613} INFO - Dependencies all met for dep_context=non-requeueable deps ti=<TaskInstance: our_first_dag_v2.second_task scheduled__2022-01-27T00:00:00+00:00 [queued]>
[2024-12-19T08:52:24.919+0000] {taskinstance.py:2613} INFO - Dependencies all met for dep_context=requeueable deps ti=<TaskInstance: our_first_dag_v2.second_task scheduled__2022-01-27T00:00:00+00:00 [queued]>
[2024-12-19T08:52:24.920+0000] {taskinstance.py:2866} INFO - Starting attempt 1 of 6
[2024-12-19T08:52:24.987+0000] {taskinstance.py:2889} INFO - Executing <Task(BashOperator): second_task> on 2022-01-27 00:00:00+00:00
[2024-12-19T08:52:25.000+0000] {logging_mixin.py:190} WARNING - /home/***/.local/lib/python3.12/site-packages/***/task/task_runner/standard_task_runner.py:70 DeprecationWarning: This process (pid=3504) is multi-threaded, use of fork() may lead to deadlocks in the child.
[2024-12-19T08:52:25.005+0000] {standard_task_runner.py:72} INFO - Started process 3517 to run task
[2024-12-19T08:52:25.016+0000] {standard_task_runner.py:104} INFO - Running: ['***', 'tasks', 'run', 'our_first_dag_v2', 'second_task', 'scheduled__2022-01-27T00:00:00+00:00', '--job-id', '724', '--raw', '--subdir', 'DAGS_FOLDER/our_first_dag.py', '--cfg-path', '/tmp/tmpyasycymh']
[2024-12-19T08:52:25.024+0000] {standard_task_runner.py:105} INFO - Job 724: Subtask second_task
[2024-12-19T08:52:25.120+0000] {task_command.py:467} INFO - Running <TaskInstance: our_first_dag_v2.second_task scheduled__2022-01-27T00:00:00+00:00 [running]> on host 8d142e9c83a7
[2024-12-19T08:52:25.235+0000] {taskinstance.py:3132} INFO - Exporting env vars: AIRFLOW_CTX_DAG_OWNER='mateo' AIRFLOW_CTX_DAG_ID='our_first_dag_v2' AIRFLOW_CTX_TASK_ID='second_task' AIRFLOW_CTX_EXECUTION_DATE='2022-01-27T00:00:00+00:00' AIRFLOW_CTX_TRY_NUMBER='1' AIRFLOW_CTX_DAG_RUN_ID='scheduled__2022-01-27T00:00:00+00:00'
[2024-12-19T08:52:25.237+0000] {taskinstance.py:731} INFO - ::endgroup::
[2024-12-19T08:52:25.276+0000] {subprocess.py:78} INFO - Tmp dir root location: /tmp
[2024-12-19T08:52:25.278+0000] {subprocess.py:88} INFO - Running command: ['/usr/bin/bash', '-c', 'echo I am the second task and i will me executed after first task']
[2024-12-19T08:52:25.301+0000] {subprocess.py:99} INFO - Output:
[2024-12-19T08:52:25.302+0000] {subprocess.py:106} INFO - I am the second task and i will me executed after first task
[2024-12-19T08:52:25.304+0000] {subprocess.py:110} INFO - Command exited with return code 0
[2024-12-19T08:52:25.336+0000] {taskinstance.py:340} INFO - ::group::Post task execution logs
[2024-12-19T08:52:25.338+0000] {taskinstance.py:352} INFO - Marking task as SUCCESS. dag_id=our_first_dag_v2, task_id=second_task, run_id=scheduled__2022-01-27T00:00:00+00:00, execution_date=20220127T000000, start_date=20241219T085224, end_date=20241219T085225
[2024-12-19T08:52:25.394+0000] {local_task_job_runner.py:266} INFO - Task exited with return code 0
[2024-12-19T08:52:25.407+0000] {local_task_job_runner.py:245} INFO - ::endgroup::
