[2024-12-19T13:51:34.942+0000] {local_task_job_runner.py:123} INFO - ::group::Pre task execution logs
[2024-12-19T13:51:35.004+0000] {taskinstance.py:2613} INFO - Dependencies all met for dep_context=non-requeueable deps ti=<TaskInstance: dag_with_taskflow_api.greet scheduled__2024-10-10T00:00:00+00:00 [queued]>
[2024-12-19T13:51:35.033+0000] {taskinstance.py:2613} INFO - Dependencies all met for dep_context=requeueable deps ti=<TaskInstance: dag_with_taskflow_api.greet scheduled__2024-10-10T00:00:00+00:00 [queued]>
[2024-12-19T13:51:35.044+0000] {taskinstance.py:2866} INFO - Starting attempt 1 of 6
[2024-12-19T13:51:35.081+0000] {taskinstance.py:2889} INFO - Executing <Task(_PythonDecoratedOperator): greet> on 2024-10-10 00:00:00+00:00
[2024-12-19T13:51:35.100+0000] {logging_mixin.py:190} WARNING - /home/***/.local/lib/python3.12/site-packages/***/task/task_runner/standard_task_runner.py:70 DeprecationWarning: This process (pid=16242) is multi-threaded, use of fork() may lead to deadlocks in the child.
[2024-12-19T13:51:35.104+0000] {standard_task_runner.py:72} INFO - Started process 16261 to run task
[2024-12-19T13:51:35.112+0000] {standard_task_runner.py:104} INFO - Running: ['***', 'tasks', 'run', 'dag_with_taskflow_api', 'greet', 'scheduled__2024-10-10T00:00:00+00:00', '--job-id', '4405', '--raw', '--subdir', 'DAGS_FOLDER/dag_with_taskflow_api.py', '--cfg-path', '/tmp/tmpamdal2qz']
[2024-12-19T13:51:35.117+0000] {standard_task_runner.py:105} INFO - Job 4405: Subtask greet
[2024-12-19T13:51:35.307+0000] {task_command.py:467} INFO - Running <TaskInstance: dag_with_taskflow_api.greet scheduled__2024-10-10T00:00:00+00:00 [running]> on host 02d979add40a
[2024-12-19T13:51:35.763+0000] {taskinstance.py:3132} INFO - Exporting env vars: AIRFLOW_CTX_DAG_OWNER='mateo' AIRFLOW_CTX_DAG_ID='dag_with_taskflow_api' AIRFLOW_CTX_TASK_ID='greet' AIRFLOW_CTX_EXECUTION_DATE='2024-10-10T00:00:00+00:00' AIRFLOW_CTX_TRY_NUMBER='1' AIRFLOW_CTX_DAG_RUN_ID='scheduled__2024-10-10T00:00:00+00:00'
[2024-12-19T13:51:35.768+0000] {taskinstance.py:731} INFO - ::endgroup::
[2024-12-19T13:51:35.786+0000] {logging_mixin.py:190} INFO - My name is Jerry. I am 19 years old.
[2024-12-19T13:51:35.788+0000] {python.py:240} INFO - Done. Returned value was: None
[2024-12-19T13:51:35.814+0000] {taskinstance.py:340} INFO - ::group::Post task execution logs
[2024-12-19T13:51:35.816+0000] {taskinstance.py:352} INFO - Marking task as SUCCESS. dag_id=dag_with_taskflow_api, task_id=greet, run_id=scheduled__2024-10-10T00:00:00+00:00, execution_date=20241010T000000, start_date=20241219T135135, end_date=20241219T135135
[2024-12-19T13:51:35.893+0000] {local_task_job_runner.py:266} INFO - Task exited with return code 0
[2024-12-19T13:51:35.932+0000] {taskinstance.py:3895} INFO - 0 downstream tasks scheduled from follow-on schedule check
[2024-12-19T13:51:35.938+0000] {local_task_job_runner.py:245} INFO - ::endgroup::
[2024-12-20T10:29:07.923+0000] {local_task_job_runner.py:123} INFO - ::group::Pre task execution logs
[2024-12-20T10:29:07.957+0000] {taskinstance.py:2613} INFO - Dependencies all met for dep_context=non-requeueable deps ti=<TaskInstance: dag_with_taskflow_api.greet scheduled__2024-10-10T00:00:00+00:00 [queued]>
[2024-12-20T10:29:07.978+0000] {taskinstance.py:2613} INFO - Dependencies all met for dep_context=requeueable deps ti=<TaskInstance: dag_with_taskflow_api.greet scheduled__2024-10-10T00:00:00+00:00 [queued]>
[2024-12-20T10:29:07.980+0000] {taskinstance.py:2866} INFO - Starting attempt 1 of 6
[2024-12-20T10:29:08.031+0000] {taskinstance.py:2889} INFO - Executing <Task(_PythonDecoratedOperator): greet> on 2024-10-10 00:00:00+00:00
[2024-12-20T10:29:08.053+0000] {logging_mixin.py:190} WARNING - /home/***/.local/lib/python3.12/site-packages/***/task/task_runner/standard_task_runner.py:70 DeprecationWarning: This process (pid=12839) is multi-threaded, use of fork() may lead to deadlocks in the child.
[2024-12-20T10:29:08.056+0000] {standard_task_runner.py:72} INFO - Started process 12851 to run task
[2024-12-20T10:29:08.052+0000] {standard_task_runner.py:104} INFO - Running: ['***', 'tasks', 'run', 'dag_with_taskflow_api', 'greet', 'scheduled__2024-10-10T00:00:00+00:00', '--job-id', '4717', '--raw', '--subdir', 'DAGS_FOLDER/dag_with_taskflow_api.py', '--cfg-path', '/tmp/tmpsoyna800']
[2024-12-20T10:29:08.059+0000] {standard_task_runner.py:105} INFO - Job 4717: Subtask greet
[2024-12-20T10:29:08.127+0000] {task_command.py:467} INFO - Running <TaskInstance: dag_with_taskflow_api.greet scheduled__2024-10-10T00:00:00+00:00 [running]> on host a998b5b3d359
[2024-12-20T10:29:08.258+0000] {taskinstance.py:3132} INFO - Exporting env vars: AIRFLOW_CTX_DAG_OWNER='mateo' AIRFLOW_CTX_DAG_ID='dag_with_taskflow_api' AIRFLOW_CTX_TASK_ID='greet' AIRFLOW_CTX_EXECUTION_DATE='2024-10-10T00:00:00+00:00' AIRFLOW_CTX_TRY_NUMBER='1' AIRFLOW_CTX_DAG_RUN_ID='scheduled__2024-10-10T00:00:00+00:00'
[2024-12-20T10:29:08.261+0000] {taskinstance.py:731} INFO - ::endgroup::
[2024-12-20T10:29:08.265+0000] {logging_mixin.py:190} INFO - My name is Jerry. I am 19 years old.
[2024-12-20T10:29:08.266+0000] {python.py:240} INFO - Done. Returned value was: None
[2024-12-20T10:29:08.287+0000] {taskinstance.py:340} INFO - ::group::Post task execution logs
[2024-12-20T10:29:08.296+0000] {taskinstance.py:352} INFO - Marking task as SUCCESS. dag_id=dag_with_taskflow_api, task_id=greet, run_id=scheduled__2024-10-10T00:00:00+00:00, execution_date=20241010T000000, start_date=20241220T102907, end_date=20241220T102908
[2024-12-20T10:29:08.398+0000] {local_task_job_runner.py:266} INFO - Task exited with return code 0
[2024-12-20T10:29:08.417+0000] {local_task_job_runner.py:245} INFO - ::endgroup::
