[2024-12-19T13:51:44.473+0000] {local_task_job_runner.py:123} INFO - ::group::Pre task execution logs
[2024-12-19T13:51:44.518+0000] {taskinstance.py:2613} INFO - Dependencies all met for dep_context=non-requeueable deps ti=<TaskInstance: dag_with_taskflow_api.greet scheduled__2024-10-24T00:00:00+00:00 [queued]>
[2024-12-19T13:51:44.559+0000] {taskinstance.py:2613} INFO - Dependencies all met for dep_context=requeueable deps ti=<TaskInstance: dag_with_taskflow_api.greet scheduled__2024-10-24T00:00:00+00:00 [queued]>
[2024-12-19T13:51:44.569+0000] {taskinstance.py:2866} INFO - Starting attempt 1 of 6
[2024-12-19T13:51:44.607+0000] {taskinstance.py:2889} INFO - Executing <Task(_PythonDecoratedOperator): greet> on 2024-10-24 00:00:00+00:00
[2024-12-19T13:51:44.644+0000] {standard_task_runner.py:104} INFO - Running: ['***', 'tasks', 'run', 'dag_with_taskflow_api', 'greet', 'scheduled__2024-10-24T00:00:00+00:00', '--job-id', '4443', '--raw', '--subdir', 'DAGS_FOLDER/dag_with_taskflow_api.py', '--cfg-path', '/tmp/tmp19t70mes']
[2024-12-19T13:51:44.648+0000] {standard_task_runner.py:105} INFO - Job 4443: Subtask greet
[2024-12-19T13:51:44.643+0000] {logging_mixin.py:190} WARNING - /home/***/.local/lib/python3.12/site-packages/***/task/task_runner/standard_task_runner.py:70 DeprecationWarning: This process (pid=16378) is multi-threaded, use of fork() may lead to deadlocks in the child.
[2024-12-19T13:51:44.658+0000] {standard_task_runner.py:72} INFO - Started process 16389 to run task
[2024-12-19T13:51:44.972+0000] {task_command.py:467} INFO - Running <TaskInstance: dag_with_taskflow_api.greet scheduled__2024-10-24T00:00:00+00:00 [running]> on host 02d979add40a
[2024-12-19T13:51:45.157+0000] {taskinstance.py:3132} INFO - Exporting env vars: AIRFLOW_CTX_DAG_OWNER='mateo' AIRFLOW_CTX_DAG_ID='dag_with_taskflow_api' AIRFLOW_CTX_TASK_ID='greet' AIRFLOW_CTX_EXECUTION_DATE='2024-10-24T00:00:00+00:00' AIRFLOW_CTX_TRY_NUMBER='1' AIRFLOW_CTX_DAG_RUN_ID='scheduled__2024-10-24T00:00:00+00:00'
[2024-12-19T13:51:45.161+0000] {taskinstance.py:731} INFO - ::endgroup::
[2024-12-19T13:51:45.166+0000] {logging_mixin.py:190} INFO - My name is Jerry. I am 19 years old.
[2024-12-19T13:51:45.167+0000] {python.py:240} INFO - Done. Returned value was: None
[2024-12-19T13:51:45.183+0000] {taskinstance.py:340} INFO - ::group::Post task execution logs
[2024-12-19T13:51:45.185+0000] {taskinstance.py:352} INFO - Marking task as SUCCESS. dag_id=dag_with_taskflow_api, task_id=greet, run_id=scheduled__2024-10-24T00:00:00+00:00, execution_date=20241024T000000, start_date=20241219T135144, end_date=20241219T135145
[2024-12-19T13:51:45.227+0000] {local_task_job_runner.py:266} INFO - Task exited with return code 0
[2024-12-19T13:51:45.251+0000] {taskinstance.py:3895} INFO - 0 downstream tasks scheduled from follow-on schedule check
[2024-12-19T13:51:45.253+0000] {local_task_job_runner.py:245} INFO - ::endgroup::
[2024-12-20T10:29:16.117+0000] {local_task_job_runner.py:123} INFO - ::group::Pre task execution logs
[2024-12-20T10:29:16.141+0000] {taskinstance.py:2613} INFO - Dependencies all met for dep_context=non-requeueable deps ti=<TaskInstance: dag_with_taskflow_api.greet scheduled__2024-10-24T00:00:00+00:00 [queued]>
[2024-12-20T10:29:16.153+0000] {taskinstance.py:2613} INFO - Dependencies all met for dep_context=requeueable deps ti=<TaskInstance: dag_with_taskflow_api.greet scheduled__2024-10-24T00:00:00+00:00 [queued]>
[2024-12-20T10:29:16.154+0000] {taskinstance.py:2866} INFO - Starting attempt 1 of 6
[2024-12-20T10:29:16.172+0000] {taskinstance.py:2889} INFO - Executing <Task(_PythonDecoratedOperator): greet> on 2024-10-24 00:00:00+00:00
[2024-12-20T10:29:16.187+0000] {logging_mixin.py:190} WARNING - /home/***/.local/lib/python3.12/site-packages/***/task/task_runner/standard_task_runner.py:70 DeprecationWarning: This process (pid=12981) is multi-threaded, use of fork() may lead to deadlocks in the child.
[2024-12-20T10:29:16.191+0000] {standard_task_runner.py:72} INFO - Started process 12984 to run task
[2024-12-20T10:29:16.189+0000] {standard_task_runner.py:104} INFO - Running: ['***', 'tasks', 'run', 'dag_with_taskflow_api', 'greet', 'scheduled__2024-10-24T00:00:00+00:00', '--job-id', '4753', '--raw', '--subdir', 'DAGS_FOLDER/dag_with_taskflow_api.py', '--cfg-path', '/tmp/tmpzom43540']
[2024-12-20T10:29:16.197+0000] {standard_task_runner.py:105} INFO - Job 4753: Subtask greet
[2024-12-20T10:29:16.278+0000] {task_command.py:467} INFO - Running <TaskInstance: dag_with_taskflow_api.greet scheduled__2024-10-24T00:00:00+00:00 [running]> on host a998b5b3d359
[2024-12-20T10:29:16.389+0000] {taskinstance.py:3132} INFO - Exporting env vars: AIRFLOW_CTX_DAG_OWNER='mateo' AIRFLOW_CTX_DAG_ID='dag_with_taskflow_api' AIRFLOW_CTX_TASK_ID='greet' AIRFLOW_CTX_EXECUTION_DATE='2024-10-24T00:00:00+00:00' AIRFLOW_CTX_TRY_NUMBER='1' AIRFLOW_CTX_DAG_RUN_ID='scheduled__2024-10-24T00:00:00+00:00'
[2024-12-20T10:29:16.392+0000] {taskinstance.py:731} INFO - ::endgroup::
[2024-12-20T10:29:16.396+0000] {logging_mixin.py:190} INFO - My name is Jerry. I am 19 years old.
[2024-12-20T10:29:16.397+0000] {python.py:240} INFO - Done. Returned value was: None
[2024-12-20T10:29:16.406+0000] {taskinstance.py:340} INFO - ::group::Post task execution logs
[2024-12-20T10:29:16.408+0000] {taskinstance.py:352} INFO - Marking task as SUCCESS. dag_id=dag_with_taskflow_api, task_id=greet, run_id=scheduled__2024-10-24T00:00:00+00:00, execution_date=20241024T000000, start_date=20241220T102916, end_date=20241220T102916
[2024-12-20T10:29:16.459+0000] {local_task_job_runner.py:266} INFO - Task exited with return code 0
[2024-12-20T10:29:16.475+0000] {taskinstance.py:3895} INFO - 0 downstream tasks scheduled from follow-on schedule check
[2024-12-20T10:29:16.478+0000] {local_task_job_runner.py:245} INFO - ::endgroup::
