[2024-12-19T13:51:52.905+0000] {local_task_job_runner.py:123} INFO - ::group::Pre task execution logs
[2024-12-19T13:51:52.969+0000] {taskinstance.py:2613} INFO - Dependencies all met for dep_context=non-requeueable deps ti=<TaskInstance: dag_with_taskflow_api.greet scheduled__2024-11-02T00:00:00+00:00 [queued]>
[2024-12-19T13:51:53.014+0000] {taskinstance.py:2613} INFO - Dependencies all met for dep_context=requeueable deps ti=<TaskInstance: dag_with_taskflow_api.greet scheduled__2024-11-02T00:00:00+00:00 [queued]>
[2024-12-19T13:51:53.019+0000] {taskinstance.py:2866} INFO - Starting attempt 1 of 6
[2024-12-19T13:51:53.152+0000] {taskinstance.py:2889} INFO - Executing <Task(_PythonDecoratedOperator): greet> on 2024-11-02 00:00:00+00:00
[2024-12-19T13:51:53.181+0000] {logging_mixin.py:190} WARNING - /home/***/.local/lib/python3.12/site-packages/***/task/task_runner/standard_task_runner.py:70 DeprecationWarning: This process (pid=16460) is multi-threaded, use of fork() may lead to deadlocks in the child.
[2024-12-19T13:51:53.183+0000] {standard_task_runner.py:72} INFO - Started process 16476 to run task
[2024-12-19T13:51:53.172+0000] {standard_task_runner.py:104} INFO - Running: ['***', 'tasks', 'run', 'dag_with_taskflow_api', 'greet', 'scheduled__2024-11-02T00:00:00+00:00', '--job-id', '4472', '--raw', '--subdir', 'DAGS_FOLDER/dag_with_taskflow_api.py', '--cfg-path', '/tmp/tmpf2y1pp0m']
[2024-12-19T13:51:53.209+0000] {standard_task_runner.py:105} INFO - Job 4472: Subtask greet
[2024-12-19T13:51:53.334+0000] {task_command.py:467} INFO - Running <TaskInstance: dag_with_taskflow_api.greet scheduled__2024-11-02T00:00:00+00:00 [running]> on host 02d979add40a
[2024-12-19T13:51:53.789+0000] {taskinstance.py:3132} INFO - Exporting env vars: AIRFLOW_CTX_DAG_OWNER='mateo' AIRFLOW_CTX_DAG_ID='dag_with_taskflow_api' AIRFLOW_CTX_TASK_ID='greet' AIRFLOW_CTX_EXECUTION_DATE='2024-11-02T00:00:00+00:00' AIRFLOW_CTX_TRY_NUMBER='1' AIRFLOW_CTX_DAG_RUN_ID='scheduled__2024-11-02T00:00:00+00:00'
[2024-12-19T13:51:53.796+0000] {taskinstance.py:731} INFO - ::endgroup::
[2024-12-19T13:51:53.803+0000] {logging_mixin.py:190} INFO - My name is Jerry. I am 19 years old.
[2024-12-19T13:51:53.807+0000] {python.py:240} INFO - Done. Returned value was: None
[2024-12-19T13:51:53.833+0000] {taskinstance.py:340} INFO - ::group::Post task execution logs
[2024-12-19T13:51:53.835+0000] {taskinstance.py:352} INFO - Marking task as SUCCESS. dag_id=dag_with_taskflow_api, task_id=greet, run_id=scheduled__2024-11-02T00:00:00+00:00, execution_date=20241102T000000, start_date=20241219T135152, end_date=20241219T135153
[2024-12-19T13:51:53.921+0000] {local_task_job_runner.py:266} INFO - Task exited with return code 0
[2024-12-19T13:51:53.949+0000] {taskinstance.py:3895} INFO - 0 downstream tasks scheduled from follow-on schedule check
[2024-12-19T13:51:53.957+0000] {local_task_job_runner.py:245} INFO - ::endgroup::
[2024-12-20T10:29:23.849+0000] {local_task_job_runner.py:123} INFO - ::group::Pre task execution logs
[2024-12-20T10:29:23.924+0000] {taskinstance.py:2613} INFO - Dependencies all met for dep_context=non-requeueable deps ti=<TaskInstance: dag_with_taskflow_api.greet scheduled__2024-11-02T00:00:00+00:00 [queued]>
[2024-12-20T10:29:23.989+0000] {taskinstance.py:2613} INFO - Dependencies all met for dep_context=requeueable deps ti=<TaskInstance: dag_with_taskflow_api.greet scheduled__2024-11-02T00:00:00+00:00 [queued]>
[2024-12-20T10:29:24.006+0000] {taskinstance.py:2866} INFO - Starting attempt 1 of 6
[2024-12-20T10:29:24.041+0000] {taskinstance.py:2889} INFO - Executing <Task(_PythonDecoratedOperator): greet> on 2024-11-02 00:00:00+00:00
[2024-12-20T10:29:24.054+0000] {logging_mixin.py:190} WARNING - /home/***/.local/lib/python3.12/site-packages/***/task/task_runner/standard_task_runner.py:70 DeprecationWarning: This process (pid=13069) is multi-threaded, use of fork() may lead to deadlocks in the child.
[2024-12-20T10:29:24.054+0000] {standard_task_runner.py:104} INFO - Running: ['***', 'tasks', 'run', 'dag_with_taskflow_api', 'greet', 'scheduled__2024-11-02T00:00:00+00:00', '--job-id', '4780', '--raw', '--subdir', 'DAGS_FOLDER/dag_with_taskflow_api.py', '--cfg-path', '/tmp/tmpljnr6pqq']
[2024-12-20T10:29:24.057+0000] {standard_task_runner.py:72} INFO - Started process 13071 to run task
[2024-12-20T10:29:24.059+0000] {standard_task_runner.py:105} INFO - Job 4780: Subtask greet
[2024-12-20T10:29:24.151+0000] {task_command.py:467} INFO - Running <TaskInstance: dag_with_taskflow_api.greet scheduled__2024-11-02T00:00:00+00:00 [running]> on host a998b5b3d359
[2024-12-20T10:29:24.303+0000] {taskinstance.py:3132} INFO - Exporting env vars: AIRFLOW_CTX_DAG_OWNER='mateo' AIRFLOW_CTX_DAG_ID='dag_with_taskflow_api' AIRFLOW_CTX_TASK_ID='greet' AIRFLOW_CTX_EXECUTION_DATE='2024-11-02T00:00:00+00:00' AIRFLOW_CTX_TRY_NUMBER='1' AIRFLOW_CTX_DAG_RUN_ID='scheduled__2024-11-02T00:00:00+00:00'
[2024-12-20T10:29:24.306+0000] {taskinstance.py:731} INFO - ::endgroup::
[2024-12-20T10:29:24.310+0000] {logging_mixin.py:190} INFO - My name is Jerry. I am 19 years old.
[2024-12-20T10:29:24.312+0000] {python.py:240} INFO - Done. Returned value was: None
[2024-12-20T10:29:24.324+0000] {taskinstance.py:340} INFO - ::group::Post task execution logs
[2024-12-20T10:29:24.326+0000] {taskinstance.py:352} INFO - Marking task as SUCCESS. dag_id=dag_with_taskflow_api, task_id=greet, run_id=scheduled__2024-11-02T00:00:00+00:00, execution_date=20241102T000000, start_date=20241220T102923, end_date=20241220T102924
[2024-12-20T10:29:24.368+0000] {local_task_job_runner.py:266} INFO - Task exited with return code 0
[2024-12-20T10:29:24.386+0000] {taskinstance.py:3895} INFO - 0 downstream tasks scheduled from follow-on schedule check
[2024-12-20T10:29:24.388+0000] {local_task_job_runner.py:245} INFO - ::endgroup::
