[2024-12-19T13:52:17.352+0000] {local_task_job_runner.py:123} INFO - ::group::Pre task execution logs
[2024-12-19T13:52:17.402+0000] {taskinstance.py:2613} INFO - Dependencies all met for dep_context=non-requeueable deps ti=<TaskInstance: dag_with_taskflow_api.get_age scheduled__2024-12-09T00:00:00+00:00 [queued]>
[2024-12-19T13:52:17.448+0000] {taskinstance.py:2613} INFO - Dependencies all met for dep_context=requeueable deps ti=<TaskInstance: dag_with_taskflow_api.get_age scheduled__2024-12-09T00:00:00+00:00 [queued]>
[2024-12-19T13:52:17.453+0000] {taskinstance.py:2866} INFO - Starting attempt 1 of 6
[2024-12-19T13:52:17.503+0000] {taskinstance.py:2889} INFO - Executing <Task(_PythonDecoratedOperator): get_age> on 2024-12-09 00:00:00+00:00
[2024-12-19T13:52:17.523+0000] {logging_mixin.py:190} WARNING - /home/***/.local/lib/python3.12/site-packages/***/task/task_runner/standard_task_runner.py:70 DeprecationWarning: This process (pid=16783) is multi-threaded, use of fork() may lead to deadlocks in the child.
[2024-12-19T13:52:17.534+0000] {standard_task_runner.py:72} INFO - Started process 16801 to run task
[2024-12-19T13:52:17.521+0000] {standard_task_runner.py:104} INFO - Running: ['***', 'tasks', 'run', 'dag_with_taskflow_api', 'get_age', 'scheduled__2024-12-09T00:00:00+00:00', '--job-id', '4570', '--raw', '--subdir', 'DAGS_FOLDER/dag_with_taskflow_api.py', '--cfg-path', '/tmp/tmpl8uu84_8']
[2024-12-19T13:52:17.538+0000] {standard_task_runner.py:105} INFO - Job 4570: Subtask get_age
[2024-12-19T13:52:17.766+0000] {task_command.py:467} INFO - Running <TaskInstance: dag_with_taskflow_api.get_age scheduled__2024-12-09T00:00:00+00:00 [running]> on host 02d979add40a
[2024-12-19T13:52:18.018+0000] {taskinstance.py:3132} INFO - Exporting env vars: AIRFLOW_CTX_DAG_OWNER='mateo' AIRFLOW_CTX_DAG_ID='dag_with_taskflow_api' AIRFLOW_CTX_TASK_ID='get_age' AIRFLOW_CTX_EXECUTION_DATE='2024-12-09T00:00:00+00:00' AIRFLOW_CTX_TRY_NUMBER='1' AIRFLOW_CTX_DAG_RUN_ID='scheduled__2024-12-09T00:00:00+00:00'
[2024-12-19T13:52:18.022+0000] {taskinstance.py:731} INFO - ::endgroup::
[2024-12-19T13:52:18.036+0000] {python.py:240} INFO - Done. Returned value was: 19
[2024-12-19T13:52:18.074+0000] {taskinstance.py:340} INFO - ::group::Post task execution logs
[2024-12-19T13:52:18.079+0000] {taskinstance.py:352} INFO - Marking task as SUCCESS. dag_id=dag_with_taskflow_api, task_id=get_age, run_id=scheduled__2024-12-09T00:00:00+00:00, execution_date=20241209T000000, start_date=20241219T135217, end_date=20241219T135218
[2024-12-19T13:52:18.179+0000] {local_task_job_runner.py:266} INFO - Task exited with return code 0
[2024-12-19T13:52:18.219+0000] {taskinstance.py:3895} INFO - 1 downstream tasks scheduled from follow-on schedule check
[2024-12-19T13:52:18.226+0000] {local_task_job_runner.py:245} INFO - ::endgroup::
[2024-12-20T10:29:52.512+0000] {local_task_job_runner.py:123} INFO - ::group::Pre task execution logs
[2024-12-20T10:29:52.534+0000] {taskinstance.py:2613} INFO - Dependencies all met for dep_context=non-requeueable deps ti=<TaskInstance: dag_with_taskflow_api.get_age scheduled__2024-12-09T00:00:00+00:00 [queued]>
[2024-12-20T10:29:52.545+0000] {taskinstance.py:2613} INFO - Dependencies all met for dep_context=requeueable deps ti=<TaskInstance: dag_with_taskflow_api.get_age scheduled__2024-12-09T00:00:00+00:00 [queued]>
[2024-12-20T10:29:52.547+0000] {taskinstance.py:2866} INFO - Starting attempt 1 of 6
[2024-12-20T10:29:52.565+0000] {taskinstance.py:2889} INFO - Executing <Task(_PythonDecoratedOperator): get_age> on 2024-12-09 00:00:00+00:00
[2024-12-20T10:29:52.577+0000] {logging_mixin.py:190} WARNING - /home/***/.local/lib/python3.12/site-packages/***/task/task_runner/standard_task_runner.py:70 DeprecationWarning: This process (pid=13434) is multi-threaded, use of fork() may lead to deadlocks in the child.
[2024-12-20T10:29:52.580+0000] {standard_task_runner.py:72} INFO - Started process 13439 to run task
[2024-12-20T10:29:52.585+0000] {standard_task_runner.py:104} INFO - Running: ['***', 'tasks', 'run', 'dag_with_taskflow_api', 'get_age', 'scheduled__2024-12-09T00:00:00+00:00', '--job-id', '4890', '--raw', '--subdir', 'DAGS_FOLDER/dag_with_taskflow_api.py', '--cfg-path', '/tmp/tmpu8cs_1xf']
[2024-12-20T10:29:52.589+0000] {standard_task_runner.py:105} INFO - Job 4890: Subtask get_age
[2024-12-20T10:29:52.666+0000] {task_command.py:467} INFO - Running <TaskInstance: dag_with_taskflow_api.get_age scheduled__2024-12-09T00:00:00+00:00 [running]> on host a998b5b3d359
[2024-12-20T10:29:52.793+0000] {taskinstance.py:3132} INFO - Exporting env vars: AIRFLOW_CTX_DAG_OWNER='mateo' AIRFLOW_CTX_DAG_ID='dag_with_taskflow_api' AIRFLOW_CTX_TASK_ID='get_age' AIRFLOW_CTX_EXECUTION_DATE='2024-12-09T00:00:00+00:00' AIRFLOW_CTX_TRY_NUMBER='1' AIRFLOW_CTX_DAG_RUN_ID='scheduled__2024-12-09T00:00:00+00:00'
[2024-12-20T10:29:52.795+0000] {taskinstance.py:731} INFO - ::endgroup::
[2024-12-20T10:29:52.799+0000] {python.py:240} INFO - Done. Returned value was: 19
[2024-12-20T10:29:52.843+0000] {taskinstance.py:340} INFO - ::group::Post task execution logs
[2024-12-20T10:29:52.846+0000] {taskinstance.py:352} INFO - Marking task as SUCCESS. dag_id=dag_with_taskflow_api, task_id=get_age, run_id=scheduled__2024-12-09T00:00:00+00:00, execution_date=20241209T000000, start_date=20241220T102952, end_date=20241220T102952
[2024-12-20T10:29:52.921+0000] {local_task_job_runner.py:266} INFO - Task exited with return code 0
[2024-12-20T10:29:52.935+0000] {local_task_job_runner.py:245} INFO - ::endgroup::
