[2024-12-19T10:07:26.899+0000] {local_task_job_runner.py:123} INFO - ::group::Pre task execution logs
[2024-12-19T10:07:26.926+0000] {taskinstance.py:2613} INFO - Dependencies all met for dep_context=non-requeueable deps ti=<TaskInstance: python_operator_dag_v2.get_name scheduled__2021-10-07T00:00:00+00:00 [queued]>
[2024-12-19T10:07:26.940+0000] {taskinstance.py:2613} INFO - Dependencies all met for dep_context=requeueable deps ti=<TaskInstance: python_operator_dag_v2.get_name scheduled__2021-10-07T00:00:00+00:00 [queued]>
[2024-12-19T10:07:26.942+0000] {taskinstance.py:2866} INFO - Starting attempt 1 of 6
[2024-12-19T10:07:26.967+0000] {taskinstance.py:2889} INFO - Executing <Task(PythonOperator): get_name> on 2021-10-07 00:00:00+00:00
[2024-12-19T10:07:26.979+0000] {logging_mixin.py:190} WARNING - /home/***/.local/lib/python3.12/site-packages/***/task/task_runner/standard_task_runner.py:70 DeprecationWarning: This process (pid=3938) is multi-threaded, use of fork() may lead to deadlocks in the child.
[2024-12-19T10:07:26.981+0000] {standard_task_runner.py:72} INFO - Started process 3943 to run task
[2024-12-19T10:07:26.980+0000] {standard_task_runner.py:104} INFO - Running: ['***', 'tasks', 'run', 'python_operator_dag_v2', 'get_name', 'scheduled__2021-10-07T00:00:00+00:00', '--job-id', '1199', '--raw', '--subdir', 'DAGS_FOLDER/python_operator_dag.py', '--cfg-path', '/tmp/tmpdc0ety7w']
[2024-12-19T10:07:26.984+0000] {standard_task_runner.py:105} INFO - Job 1199: Subtask get_name
[2024-12-19T10:07:27.056+0000] {task_command.py:467} INFO - Running <TaskInstance: python_operator_dag_v2.get_name scheduled__2021-10-07T00:00:00+00:00 [running]> on host 02d979add40a
[2024-12-19T10:07:27.186+0000] {taskinstance.py:3132} INFO - Exporting env vars: AIRFLOW_CTX_DAG_OWNER='mateo' AIRFLOW_CTX_DAG_ID='python_operator_dag_v2' AIRFLOW_CTX_TASK_ID='get_name' AIRFLOW_CTX_EXECUTION_DATE='2021-10-07T00:00:00+00:00' AIRFLOW_CTX_TRY_NUMBER='1' AIRFLOW_CTX_DAG_RUN_ID='scheduled__2021-10-07T00:00:00+00:00'
[2024-12-19T10:07:27.191+0000] {taskinstance.py:731} INFO - ::endgroup::
[2024-12-19T10:07:27.208+0000] {python.py:240} INFO - Done. Returned value was: Josip
[2024-12-19T10:07:27.253+0000] {taskinstance.py:340} INFO - ::group::Post task execution logs
[2024-12-19T10:07:27.254+0000] {taskinstance.py:352} INFO - Marking task as SUCCESS. dag_id=python_operator_dag_v2, task_id=get_name, run_id=scheduled__2021-10-07T00:00:00+00:00, execution_date=20211007T000000, start_date=20241219T100726, end_date=20241219T100727
[2024-12-19T10:07:27.329+0000] {local_task_job_runner.py:266} INFO - Task exited with return code 0
[2024-12-19T10:07:27.358+0000] {taskinstance.py:3895} INFO - 1 downstream tasks scheduled from follow-on schedule check
[2024-12-19T10:07:27.361+0000] {local_task_job_runner.py:245} INFO - ::endgroup::
[2024-12-19T10:10:55.727+0000] {local_task_job_runner.py:123} INFO - ::group::Pre task execution logs
[2024-12-19T10:10:55.744+0000] {taskinstance.py:2613} INFO - Dependencies all met for dep_context=non-requeueable deps ti=<TaskInstance: python_operator_dag_v2.get_name scheduled__2021-10-07T00:00:00+00:00 [queued]>
[2024-12-19T10:10:55.753+0000] {taskinstance.py:2613} INFO - Dependencies all met for dep_context=requeueable deps ti=<TaskInstance: python_operator_dag_v2.get_name scheduled__2021-10-07T00:00:00+00:00 [queued]>
[2024-12-19T10:10:55.755+0000] {taskinstance.py:2866} INFO - Starting attempt 1 of 6
[2024-12-19T10:10:55.803+0000] {taskinstance.py:2889} INFO - Executing <Task(PythonOperator): get_name> on 2021-10-07 00:00:00+00:00
[2024-12-19T10:10:55.812+0000] {logging_mixin.py:190} WARNING - /home/***/.local/lib/python3.12/site-packages/***/task/task_runner/standard_task_runner.py:70 DeprecationWarning: This process (pid=4152) is multi-threaded, use of fork() may lead to deadlocks in the child.
[2024-12-19T10:10:55.813+0000] {standard_task_runner.py:72} INFO - Started process 4157 to run task
[2024-12-19T10:10:55.813+0000] {standard_task_runner.py:104} INFO - Running: ['***', 'tasks', 'run', 'python_operator_dag_v2', 'get_name', 'scheduled__2021-10-07T00:00:00+00:00', '--job-id', '1233', '--raw', '--subdir', 'DAGS_FOLDER/python_operator_dag.py', '--cfg-path', '/tmp/tmpbsdcwwnc']
[2024-12-19T10:10:55.817+0000] {standard_task_runner.py:105} INFO - Job 1233: Subtask get_name
[2024-12-19T10:10:55.889+0000] {task_command.py:467} INFO - Running <TaskInstance: python_operator_dag_v2.get_name scheduled__2021-10-07T00:00:00+00:00 [running]> on host 02d979add40a
[2024-12-19T10:10:56.003+0000] {taskinstance.py:3132} INFO - Exporting env vars: AIRFLOW_CTX_DAG_OWNER='mateo' AIRFLOW_CTX_DAG_ID='python_operator_dag_v2' AIRFLOW_CTX_TASK_ID='get_name' AIRFLOW_CTX_EXECUTION_DATE='2021-10-07T00:00:00+00:00' AIRFLOW_CTX_TRY_NUMBER='1' AIRFLOW_CTX_DAG_RUN_ID='scheduled__2021-10-07T00:00:00+00:00'
[2024-12-19T10:10:56.006+0000] {taskinstance.py:731} INFO - ::endgroup::
[2024-12-19T10:10:56.023+0000] {python.py:240} INFO - Done. Returned value was: Josip
[2024-12-19T10:10:56.059+0000] {taskinstance.py:340} INFO - ::group::Post task execution logs
[2024-12-19T10:10:56.061+0000] {taskinstance.py:352} INFO - Marking task as SUCCESS. dag_id=python_operator_dag_v2, task_id=get_name, run_id=scheduled__2021-10-07T00:00:00+00:00, execution_date=20211007T000000, start_date=20241219T101055, end_date=20241219T101056
[2024-12-19T10:10:56.112+0000] {local_task_job_runner.py:266} INFO - Task exited with return code 0
[2024-12-19T10:10:56.150+0000] {taskinstance.py:3895} INFO - 1 downstream tasks scheduled from follow-on schedule check
[2024-12-19T10:10:56.152+0000] {local_task_job_runner.py:245} INFO - ::endgroup::
