[2024-12-19T13:51:35.848+0000] {local_task_job_runner.py:123} INFO - ::group::Pre task execution logs
[2024-12-19T13:51:35.889+0000] {taskinstance.py:2613} INFO - Dependencies all met for dep_context=non-requeueable deps ti=<TaskInstance: dag_with_taskflow_api.get_name scheduled__2024-10-17T00:00:00+00:00 [queued]>
[2024-12-19T13:51:35.905+0000] {taskinstance.py:2613} INFO - Dependencies all met for dep_context=requeueable deps ti=<TaskInstance: dag_with_taskflow_api.get_name scheduled__2024-10-17T00:00:00+00:00 [queued]>
[2024-12-19T13:51:35.907+0000] {taskinstance.py:2866} INFO - Starting attempt 1 of 6
[2024-12-19T13:51:35.968+0000] {taskinstance.py:2889} INFO - Executing <Task(_PythonDecoratedOperator): get_name> on 2024-10-17 00:00:00+00:00
[2024-12-19T13:51:36.000+0000] {standard_task_runner.py:104} INFO - Running: ['***', 'tasks', 'run', 'dag_with_taskflow_api', 'get_name', 'scheduled__2024-10-17T00:00:00+00:00', '--job-id', '4411', '--raw', '--subdir', 'DAGS_FOLDER/dag_with_taskflow_api.py', '--cfg-path', '/tmp/tmp9rrw6rfu']
[2024-12-19T13:51:36.011+0000] {standard_task_runner.py:105} INFO - Job 4411: Subtask get_name
[2024-12-19T13:51:36.015+0000] {logging_mixin.py:190} WARNING - /home/***/.local/lib/python3.12/site-packages/***/task/task_runner/standard_task_runner.py:70 DeprecationWarning: This process (pid=16258) is multi-threaded, use of fork() may lead to deadlocks in the child.
[2024-12-19T13:51:36.020+0000] {standard_task_runner.py:72} INFO - Started process 16275 to run task
[2024-12-19T13:51:36.132+0000] {task_command.py:467} INFO - Running <TaskInstance: dag_with_taskflow_api.get_name scheduled__2024-10-17T00:00:00+00:00 [running]> on host 02d979add40a
[2024-12-19T13:51:36.319+0000] {taskinstance.py:3132} INFO - Exporting env vars: AIRFLOW_CTX_DAG_OWNER='mateo' AIRFLOW_CTX_DAG_ID='dag_with_taskflow_api' AIRFLOW_CTX_TASK_ID='get_name' AIRFLOW_CTX_EXECUTION_DATE='2024-10-17T00:00:00+00:00' AIRFLOW_CTX_TRY_NUMBER='1' AIRFLOW_CTX_DAG_RUN_ID='scheduled__2024-10-17T00:00:00+00:00'
[2024-12-19T13:51:36.323+0000] {taskinstance.py:731} INFO - ::endgroup::
[2024-12-19T13:51:36.327+0000] {python.py:240} INFO - Done. Returned value was: Jerry
[2024-12-19T13:51:36.376+0000] {taskinstance.py:340} INFO - ::group::Post task execution logs
[2024-12-19T13:51:36.378+0000] {taskinstance.py:352} INFO - Marking task as SUCCESS. dag_id=dag_with_taskflow_api, task_id=get_name, run_id=scheduled__2024-10-17T00:00:00+00:00, execution_date=20241017T000000, start_date=20241219T135135, end_date=20241219T135136
[2024-12-19T13:51:36.447+0000] {local_task_job_runner.py:266} INFO - Task exited with return code 0
[2024-12-19T13:51:36.475+0000] {taskinstance.py:3895} INFO - 0 downstream tasks scheduled from follow-on schedule check
[2024-12-19T13:51:36.478+0000] {local_task_job_runner.py:245} INFO - ::endgroup::
[2024-12-20T10:29:12.201+0000] {local_task_job_runner.py:123} INFO - ::group::Pre task execution logs
[2024-12-20T10:29:12.221+0000] {taskinstance.py:2613} INFO - Dependencies all met for dep_context=non-requeueable deps ti=<TaskInstance: dag_with_taskflow_api.get_name scheduled__2024-10-17T00:00:00+00:00 [queued]>
[2024-12-20T10:29:12.241+0000] {taskinstance.py:2613} INFO - Dependencies all met for dep_context=requeueable deps ti=<TaskInstance: dag_with_taskflow_api.get_name scheduled__2024-10-17T00:00:00+00:00 [queued]>
[2024-12-20T10:29:12.242+0000] {taskinstance.py:2866} INFO - Starting attempt 1 of 6
[2024-12-20T10:29:12.261+0000] {taskinstance.py:2889} INFO - Executing <Task(_PythonDecoratedOperator): get_name> on 2024-10-17 00:00:00+00:00
[2024-12-20T10:29:12.271+0000] {logging_mixin.py:190} WARNING - /home/***/.local/lib/python3.12/site-packages/***/task/task_runner/standard_task_runner.py:70 DeprecationWarning: This process (pid=12883) is multi-threaded, use of fork() may lead to deadlocks in the child.
[2024-12-20T10:29:12.273+0000] {standard_task_runner.py:72} INFO - Started process 12891 to run task
[2024-12-20T10:29:12.278+0000] {standard_task_runner.py:104} INFO - Running: ['***', 'tasks', 'run', 'dag_with_taskflow_api', 'get_name', 'scheduled__2024-10-17T00:00:00+00:00', '--job-id', '4729', '--raw', '--subdir', 'DAGS_FOLDER/dag_with_taskflow_api.py', '--cfg-path', '/tmp/tmp3q9xnf2e']
[2024-12-20T10:29:12.282+0000] {standard_task_runner.py:105} INFO - Job 4729: Subtask get_name
[2024-12-20T10:29:12.381+0000] {task_command.py:467} INFO - Running <TaskInstance: dag_with_taskflow_api.get_name scheduled__2024-10-17T00:00:00+00:00 [running]> on host a998b5b3d359
[2024-12-20T10:29:12.569+0000] {taskinstance.py:3132} INFO - Exporting env vars: AIRFLOW_CTX_DAG_OWNER='mateo' AIRFLOW_CTX_DAG_ID='dag_with_taskflow_api' AIRFLOW_CTX_TASK_ID='get_name' AIRFLOW_CTX_EXECUTION_DATE='2024-10-17T00:00:00+00:00' AIRFLOW_CTX_TRY_NUMBER='1' AIRFLOW_CTX_DAG_RUN_ID='scheduled__2024-10-17T00:00:00+00:00'
[2024-12-20T10:29:12.573+0000] {taskinstance.py:731} INFO - ::endgroup::
[2024-12-20T10:29:12.577+0000] {python.py:240} INFO - Done. Returned value was: Jerry
[2024-12-20T10:29:12.628+0000] {taskinstance.py:340} INFO - ::group::Post task execution logs
[2024-12-20T10:29:12.630+0000] {taskinstance.py:352} INFO - Marking task as SUCCESS. dag_id=dag_with_taskflow_api, task_id=get_name, run_id=scheduled__2024-10-17T00:00:00+00:00, execution_date=20241017T000000, start_date=20241220T102912, end_date=20241220T102912
[2024-12-20T10:29:12.703+0000] {local_task_job_runner.py:266} INFO - Task exited with return code 0
[2024-12-20T10:29:12.728+0000] {taskinstance.py:3895} INFO - 0 downstream tasks scheduled from follow-on schedule check
[2024-12-20T10:29:12.736+0000] {local_task_job_runner.py:245} INFO - ::endgroup::
