[2024-12-19T10:07:29.272+0000] {local_task_job_runner.py:123} INFO - ::group::Pre task execution logs
[2024-12-19T10:07:29.312+0000] {taskinstance.py:2613} INFO - Dependencies all met for dep_context=non-requeueable deps ti=<TaskInstance: python_operator_dag_v2.get_name scheduled__2021-10-19T00:00:00+00:00 [queued]>
[2024-12-19T10:07:29.349+0000] {taskinstance.py:2613} INFO - Dependencies all met for dep_context=requeueable deps ti=<TaskInstance: python_operator_dag_v2.get_name scheduled__2021-10-19T00:00:00+00:00 [queued]>
[2024-12-19T10:07:29.351+0000] {taskinstance.py:2866} INFO - Starting attempt 1 of 6
[2024-12-19T10:07:29.416+0000] {taskinstance.py:2889} INFO - Executing <Task(PythonOperator): get_name> on 2021-10-19 00:00:00+00:00
[2024-12-19T10:07:29.429+0000] {logging_mixin.py:190} WARNING - /home/***/.local/lib/python3.12/site-packages/***/task/task_runner/standard_task_runner.py:70 DeprecationWarning: This process (pid=3993) is multi-threaded, use of fork() may lead to deadlocks in the child.
[2024-12-19T10:07:29.447+0000] {standard_task_runner.py:72} INFO - Started process 4005 to run task
[2024-12-19T10:07:29.439+0000] {standard_task_runner.py:104} INFO - Running: ['***', 'tasks', 'run', 'python_operator_dag_v2', 'get_name', 'scheduled__2021-10-19T00:00:00+00:00', '--job-id', '1219', '--raw', '--subdir', 'DAGS_FOLDER/python_operator_dag.py', '--cfg-path', '/tmp/tmpuy236tdb']
[2024-12-19T10:07:29.453+0000] {standard_task_runner.py:105} INFO - Job 1219: Subtask get_name
[2024-12-19T10:07:29.600+0000] {task_command.py:467} INFO - Running <TaskInstance: python_operator_dag_v2.get_name scheduled__2021-10-19T00:00:00+00:00 [running]> on host 02d979add40a
[2024-12-19T10:07:29.782+0000] {taskinstance.py:3132} INFO - Exporting env vars: AIRFLOW_CTX_DAG_OWNER='mateo' AIRFLOW_CTX_DAG_ID='python_operator_dag_v2' AIRFLOW_CTX_TASK_ID='get_name' AIRFLOW_CTX_EXECUTION_DATE='2021-10-19T00:00:00+00:00' AIRFLOW_CTX_TRY_NUMBER='1' AIRFLOW_CTX_DAG_RUN_ID='scheduled__2021-10-19T00:00:00+00:00'
[2024-12-19T10:07:29.786+0000] {taskinstance.py:731} INFO - ::endgroup::
[2024-12-19T10:07:29.806+0000] {python.py:240} INFO - Done. Returned value was: Josip
[2024-12-19T10:07:29.839+0000] {taskinstance.py:340} INFO - ::group::Post task execution logs
[2024-12-19T10:07:29.840+0000] {taskinstance.py:352} INFO - Marking task as SUCCESS. dag_id=python_operator_dag_v2, task_id=get_name, run_id=scheduled__2021-10-19T00:00:00+00:00, execution_date=20211019T000000, start_date=20241219T100729, end_date=20241219T100729
[2024-12-19T10:07:29.927+0000] {local_task_job_runner.py:266} INFO - Task exited with return code 0
[2024-12-19T10:07:29.960+0000] {taskinstance.py:3895} INFO - 1 downstream tasks scheduled from follow-on schedule check
[2024-12-19T10:07:29.964+0000] {local_task_job_runner.py:245} INFO - ::endgroup::
[2024-12-19T10:10:57.989+0000] {local_task_job_runner.py:123} INFO - ::group::Pre task execution logs
[2024-12-19T10:10:58.012+0000] {taskinstance.py:2613} INFO - Dependencies all met for dep_context=non-requeueable deps ti=<TaskInstance: python_operator_dag_v2.get_name scheduled__2021-10-19T00:00:00+00:00 [queued]>
[2024-12-19T10:10:58.027+0000] {taskinstance.py:2613} INFO - Dependencies all met for dep_context=requeueable deps ti=<TaskInstance: python_operator_dag_v2.get_name scheduled__2021-10-19T00:00:00+00:00 [queued]>
[2024-12-19T10:10:58.028+0000] {taskinstance.py:2866} INFO - Starting attempt 1 of 6
[2024-12-19T10:10:58.058+0000] {taskinstance.py:2889} INFO - Executing <Task(PythonOperator): get_name> on 2021-10-19 00:00:00+00:00
[2024-12-19T10:10:58.067+0000] {logging_mixin.py:190} WARNING - /home/***/.local/lib/python3.12/site-packages/***/task/task_runner/standard_task_runner.py:70 DeprecationWarning: This process (pid=4208) is multi-threaded, use of fork() may lead to deadlocks in the child.
[2024-12-19T10:10:58.074+0000] {standard_task_runner.py:72} INFO - Started process 4219 to run task
[2024-12-19T10:10:58.074+0000] {standard_task_runner.py:104} INFO - Running: ['***', 'tasks', 'run', 'python_operator_dag_v2', 'get_name', 'scheduled__2021-10-19T00:00:00+00:00', '--job-id', '1253', '--raw', '--subdir', 'DAGS_FOLDER/python_operator_dag.py', '--cfg-path', '/tmp/tmpvpw2i5vd']
[2024-12-19T10:10:58.079+0000] {standard_task_runner.py:105} INFO - Job 1253: Subtask get_name
[2024-12-19T10:10:58.214+0000] {task_command.py:467} INFO - Running <TaskInstance: python_operator_dag_v2.get_name scheduled__2021-10-19T00:00:00+00:00 [running]> on host 02d979add40a
[2024-12-19T10:10:58.334+0000] {taskinstance.py:3132} INFO - Exporting env vars: AIRFLOW_CTX_DAG_OWNER='mateo' AIRFLOW_CTX_DAG_ID='python_operator_dag_v2' AIRFLOW_CTX_TASK_ID='get_name' AIRFLOW_CTX_EXECUTION_DATE='2021-10-19T00:00:00+00:00' AIRFLOW_CTX_TRY_NUMBER='1' AIRFLOW_CTX_DAG_RUN_ID='scheduled__2021-10-19T00:00:00+00:00'
[2024-12-19T10:10:58.339+0000] {taskinstance.py:731} INFO - ::endgroup::
[2024-12-19T10:10:58.362+0000] {python.py:240} INFO - Done. Returned value was: Josip
[2024-12-19T10:10:58.403+0000] {taskinstance.py:340} INFO - ::group::Post task execution logs
[2024-12-19T10:10:58.408+0000] {taskinstance.py:352} INFO - Marking task as SUCCESS. dag_id=python_operator_dag_v2, task_id=get_name, run_id=scheduled__2021-10-19T00:00:00+00:00, execution_date=20211019T000000, start_date=20241219T101058, end_date=20241219T101058
[2024-12-19T10:10:58.544+0000] {local_task_job_runner.py:266} INFO - Task exited with return code 0
[2024-12-19T10:10:58.579+0000] {taskinstance.py:3895} INFO - 1 downstream tasks scheduled from follow-on schedule check
[2024-12-19T10:10:58.584+0000] {local_task_job_runner.py:245} INFO - ::endgroup::
