[2024-12-19T13:51:54.725+0000] {local_task_job_runner.py:123} INFO - ::group::Pre task execution logs
[2024-12-19T13:51:54.764+0000] {taskinstance.py:2613} INFO - Dependencies all met for dep_context=non-requeueable deps ti=<TaskInstance: dag_with_taskflow_api.greet scheduled__2024-11-07T00:00:00+00:00 [queued]>
[2024-12-19T13:51:54.780+0000] {taskinstance.py:2613} INFO - Dependencies all met for dep_context=requeueable deps ti=<TaskInstance: dag_with_taskflow_api.greet scheduled__2024-11-07T00:00:00+00:00 [queued]>
[2024-12-19T13:51:54.781+0000] {taskinstance.py:2866} INFO - Starting attempt 1 of 6
[2024-12-19T13:51:54.827+0000] {taskinstance.py:2889} INFO - Executing <Task(_PythonDecoratedOperator): greet> on 2024-11-07 00:00:00+00:00
[2024-12-19T13:51:54.868+0000] {standard_task_runner.py:104} INFO - Running: ['***', 'tasks', 'run', 'dag_with_taskflow_api', 'greet', 'scheduled__2024-11-07T00:00:00+00:00', '--job-id', '4481', '--raw', '--subdir', 'DAGS_FOLDER/dag_with_taskflow_api.py', '--cfg-path', '/tmp/tmp_6bhkmqt']
[2024-12-19T13:51:54.873+0000] {standard_task_runner.py:105} INFO - Job 4481: Subtask greet
[2024-12-19T13:51:54.888+0000] {logging_mixin.py:190} WARNING - /home/***/.local/lib/python3.12/site-packages/***/task/task_runner/standard_task_runner.py:70 DeprecationWarning: This process (pid=16497) is multi-threaded, use of fork() may lead to deadlocks in the child.
[2024-12-19T13:51:54.889+0000] {standard_task_runner.py:72} INFO - Started process 16503 to run task
[2024-12-19T13:51:54.971+0000] {task_command.py:467} INFO - Running <TaskInstance: dag_with_taskflow_api.greet scheduled__2024-11-07T00:00:00+00:00 [running]> on host 02d979add40a
[2024-12-19T13:51:55.137+0000] {taskinstance.py:3132} INFO - Exporting env vars: AIRFLOW_CTX_DAG_OWNER='mateo' AIRFLOW_CTX_DAG_ID='dag_with_taskflow_api' AIRFLOW_CTX_TASK_ID='greet' AIRFLOW_CTX_EXECUTION_DATE='2024-11-07T00:00:00+00:00' AIRFLOW_CTX_TRY_NUMBER='1' AIRFLOW_CTX_DAG_RUN_ID='scheduled__2024-11-07T00:00:00+00:00'
[2024-12-19T13:51:55.139+0000] {taskinstance.py:731} INFO - ::endgroup::
[2024-12-19T13:51:55.144+0000] {logging_mixin.py:190} INFO - My name is Jerry. I am 19 years old.
[2024-12-19T13:51:55.146+0000] {python.py:240} INFO - Done. Returned value was: None
[2024-12-19T13:51:55.158+0000] {taskinstance.py:340} INFO - ::group::Post task execution logs
[2024-12-19T13:51:55.160+0000] {taskinstance.py:352} INFO - Marking task as SUCCESS. dag_id=dag_with_taskflow_api, task_id=greet, run_id=scheduled__2024-11-07T00:00:00+00:00, execution_date=20241107T000000, start_date=20241219T135154, end_date=20241219T135155
[2024-12-19T13:51:55.227+0000] {local_task_job_runner.py:266} INFO - Task exited with return code 0
[2024-12-19T13:51:55.244+0000] {taskinstance.py:3895} INFO - 0 downstream tasks scheduled from follow-on schedule check
[2024-12-19T13:51:55.246+0000] {local_task_job_runner.py:245} INFO - ::endgroup::
[2024-12-20T10:29:29.285+0000] {local_task_job_runner.py:123} INFO - ::group::Pre task execution logs
[2024-12-20T10:29:29.321+0000] {taskinstance.py:2613} INFO - Dependencies all met for dep_context=non-requeueable deps ti=<TaskInstance: dag_with_taskflow_api.greet scheduled__2024-11-07T00:00:00+00:00 [queued]>
[2024-12-20T10:29:29.342+0000] {taskinstance.py:2613} INFO - Dependencies all met for dep_context=requeueable deps ti=<TaskInstance: dag_with_taskflow_api.greet scheduled__2024-11-07T00:00:00+00:00 [queued]>
[2024-12-20T10:29:29.343+0000] {taskinstance.py:2866} INFO - Starting attempt 1 of 6
[2024-12-20T10:29:29.360+0000] {taskinstance.py:2889} INFO - Executing <Task(_PythonDecoratedOperator): greet> on 2024-11-07 00:00:00+00:00
[2024-12-20T10:29:29.373+0000] {logging_mixin.py:190} WARNING - /home/***/.local/lib/python3.12/site-packages/***/task/task_runner/standard_task_runner.py:70 DeprecationWarning: This process (pid=13126) is multi-threaded, use of fork() may lead to deadlocks in the child.
[2024-12-20T10:29:29.376+0000] {standard_task_runner.py:72} INFO - Started process 13132 to run task
[2024-12-20T10:29:29.380+0000] {standard_task_runner.py:104} INFO - Running: ['***', 'tasks', 'run', 'dag_with_taskflow_api', 'greet', 'scheduled__2024-11-07T00:00:00+00:00', '--job-id', '4799', '--raw', '--subdir', 'DAGS_FOLDER/dag_with_taskflow_api.py', '--cfg-path', '/tmp/tmpdqajuqvx']
[2024-12-20T10:29:29.387+0000] {standard_task_runner.py:105} INFO - Job 4799: Subtask greet
[2024-12-20T10:29:29.502+0000] {task_command.py:467} INFO - Running <TaskInstance: dag_with_taskflow_api.greet scheduled__2024-11-07T00:00:00+00:00 [running]> on host a998b5b3d359
[2024-12-20T10:29:29.682+0000] {taskinstance.py:3132} INFO - Exporting env vars: AIRFLOW_CTX_DAG_OWNER='mateo' AIRFLOW_CTX_DAG_ID='dag_with_taskflow_api' AIRFLOW_CTX_TASK_ID='greet' AIRFLOW_CTX_EXECUTION_DATE='2024-11-07T00:00:00+00:00' AIRFLOW_CTX_TRY_NUMBER='1' AIRFLOW_CTX_DAG_RUN_ID='scheduled__2024-11-07T00:00:00+00:00'
[2024-12-20T10:29:29.684+0000] {taskinstance.py:731} INFO - ::endgroup::
[2024-12-20T10:29:29.688+0000] {logging_mixin.py:190} INFO - My name is Jerry. I am 19 years old.
[2024-12-20T10:29:29.689+0000] {python.py:240} INFO - Done. Returned value was: None
[2024-12-20T10:29:29.702+0000] {taskinstance.py:340} INFO - ::group::Post task execution logs
[2024-12-20T10:29:29.704+0000] {taskinstance.py:352} INFO - Marking task as SUCCESS. dag_id=dag_with_taskflow_api, task_id=greet, run_id=scheduled__2024-11-07T00:00:00+00:00, execution_date=20241107T000000, start_date=20241220T102929, end_date=20241220T102929
[2024-12-20T10:29:29.765+0000] {local_task_job_runner.py:266} INFO - Task exited with return code 0
[2024-12-20T10:29:29.798+0000] {taskinstance.py:3895} INFO - 0 downstream tasks scheduled from follow-on schedule check
[2024-12-20T10:29:29.801+0000] {local_task_job_runner.py:245} INFO - ::endgroup::
