[2024-12-19T13:51:53.440+0000] {local_task_job_runner.py:123} INFO - ::group::Pre task execution logs
[2024-12-19T13:51:53.492+0000] {taskinstance.py:2613} INFO - Dependencies all met for dep_context=non-requeueable deps ti=<TaskInstance: dag_with_taskflow_api.greet scheduled__2024-11-03T00:00:00+00:00 [queued]>
[2024-12-19T13:51:53.517+0000] {taskinstance.py:2613} INFO - Dependencies all met for dep_context=requeueable deps ti=<TaskInstance: dag_with_taskflow_api.greet scheduled__2024-11-03T00:00:00+00:00 [queued]>
[2024-12-19T13:51:53.531+0000] {taskinstance.py:2866} INFO - Starting attempt 1 of 6
[2024-12-19T13:51:53.590+0000] {taskinstance.py:2889} INFO - Executing <Task(_PythonDecoratedOperator): greet> on 2024-11-03 00:00:00+00:00
[2024-12-19T13:51:53.613+0000] {standard_task_runner.py:104} INFO - Running: ['***', 'tasks', 'run', 'dag_with_taskflow_api', 'greet', 'scheduled__2024-11-03T00:00:00+00:00', '--job-id', '4475', '--raw', '--subdir', 'DAGS_FOLDER/dag_with_taskflow_api.py', '--cfg-path', '/tmp/tmpba2kjqe8']
[2024-12-19T13:51:53.626+0000] {standard_task_runner.py:105} INFO - Job 4475: Subtask greet
[2024-12-19T13:51:53.617+0000] {logging_mixin.py:190} WARNING - /home/***/.local/lib/python3.12/site-packages/***/task/task_runner/standard_task_runner.py:70 DeprecationWarning: This process (pid=16471) is multi-threaded, use of fork() may lead to deadlocks in the child.
[2024-12-19T13:51:53.631+0000] {standard_task_runner.py:72} INFO - Started process 16488 to run task
[2024-12-19T13:51:53.758+0000] {task_command.py:467} INFO - Running <TaskInstance: dag_with_taskflow_api.greet scheduled__2024-11-03T00:00:00+00:00 [running]> on host 02d979add40a
[2024-12-19T13:51:54.149+0000] {taskinstance.py:3132} INFO - Exporting env vars: AIRFLOW_CTX_DAG_OWNER='mateo' AIRFLOW_CTX_DAG_ID='dag_with_taskflow_api' AIRFLOW_CTX_TASK_ID='greet' AIRFLOW_CTX_EXECUTION_DATE='2024-11-03T00:00:00+00:00' AIRFLOW_CTX_TRY_NUMBER='1' AIRFLOW_CTX_DAG_RUN_ID='scheduled__2024-11-03T00:00:00+00:00'
[2024-12-19T13:51:54.162+0000] {taskinstance.py:731} INFO - ::endgroup::
[2024-12-19T13:51:54.167+0000] {logging_mixin.py:190} INFO - My name is Jerry. I am 19 years old.
[2024-12-19T13:51:54.168+0000] {python.py:240} INFO - Done. Returned value was: None
[2024-12-19T13:51:54.187+0000] {taskinstance.py:340} INFO - ::group::Post task execution logs
[2024-12-19T13:51:54.190+0000] {taskinstance.py:352} INFO - Marking task as SUCCESS. dag_id=dag_with_taskflow_api, task_id=greet, run_id=scheduled__2024-11-03T00:00:00+00:00, execution_date=20241103T000000, start_date=20241219T135153, end_date=20241219T135154
[2024-12-19T13:51:54.295+0000] {local_task_job_runner.py:266} INFO - Task exited with return code 0
[2024-12-19T13:51:54.322+0000] {local_task_job_runner.py:245} INFO - ::endgroup::
[2024-12-20T10:29:28.020+0000] {local_task_job_runner.py:123} INFO - ::group::Pre task execution logs
[2024-12-20T10:29:28.042+0000] {taskinstance.py:2613} INFO - Dependencies all met for dep_context=non-requeueable deps ti=<TaskInstance: dag_with_taskflow_api.greet scheduled__2024-11-03T00:00:00+00:00 [queued]>
[2024-12-20T10:29:28.066+0000] {taskinstance.py:2613} INFO - Dependencies all met for dep_context=requeueable deps ti=<TaskInstance: dag_with_taskflow_api.greet scheduled__2024-11-03T00:00:00+00:00 [queued]>
[2024-12-20T10:29:28.068+0000] {taskinstance.py:2866} INFO - Starting attempt 1 of 6
[2024-12-20T10:29:28.130+0000] {taskinstance.py:2889} INFO - Executing <Task(_PythonDecoratedOperator): greet> on 2024-11-03 00:00:00+00:00
[2024-12-20T10:29:28.151+0000] {logging_mixin.py:190} WARNING - /home/***/.local/lib/python3.12/site-packages/***/task/task_runner/standard_task_runner.py:70 DeprecationWarning: This process (pid=13098) is multi-threaded, use of fork() may lead to deadlocks in the child.
[2024-12-20T10:29:28.155+0000] {standard_task_runner.py:72} INFO - Started process 13108 to run task
[2024-12-20T10:29:28.151+0000] {standard_task_runner.py:104} INFO - Running: ['***', 'tasks', 'run', 'dag_with_taskflow_api', 'greet', 'scheduled__2024-11-03T00:00:00+00:00', '--job-id', '4791', '--raw', '--subdir', 'DAGS_FOLDER/dag_with_taskflow_api.py', '--cfg-path', '/tmp/tmpxm98f2tp']
[2024-12-20T10:29:28.164+0000] {standard_task_runner.py:105} INFO - Job 4791: Subtask greet
[2024-12-20T10:29:28.252+0000] {task_command.py:467} INFO - Running <TaskInstance: dag_with_taskflow_api.greet scheduled__2024-11-03T00:00:00+00:00 [running]> on host a998b5b3d359
[2024-12-20T10:29:28.441+0000] {taskinstance.py:3132} INFO - Exporting env vars: AIRFLOW_CTX_DAG_OWNER='mateo' AIRFLOW_CTX_DAG_ID='dag_with_taskflow_api' AIRFLOW_CTX_TASK_ID='greet' AIRFLOW_CTX_EXECUTION_DATE='2024-11-03T00:00:00+00:00' AIRFLOW_CTX_TRY_NUMBER='1' AIRFLOW_CTX_DAG_RUN_ID='scheduled__2024-11-03T00:00:00+00:00'
[2024-12-20T10:29:28.444+0000] {taskinstance.py:731} INFO - ::endgroup::
[2024-12-20T10:29:28.448+0000] {logging_mixin.py:190} INFO - My name is Jerry. I am 19 years old.
[2024-12-20T10:29:28.450+0000] {python.py:240} INFO - Done. Returned value was: None
[2024-12-20T10:29:28.464+0000] {taskinstance.py:340} INFO - ::group::Post task execution logs
[2024-12-20T10:29:28.467+0000] {taskinstance.py:352} INFO - Marking task as SUCCESS. dag_id=dag_with_taskflow_api, task_id=greet, run_id=scheduled__2024-11-03T00:00:00+00:00, execution_date=20241103T000000, start_date=20241220T102928, end_date=20241220T102928
[2024-12-20T10:29:28.541+0000] {local_task_job_runner.py:266} INFO - Task exited with return code 0
[2024-12-20T10:29:28.568+0000] {taskinstance.py:3895} INFO - 0 downstream tasks scheduled from follow-on schedule check
[2024-12-20T10:29:28.576+0000] {local_task_job_runner.py:245} INFO - ::endgroup::
