[2024-12-19T13:52:09.030+0000] {local_task_job_runner.py:123} INFO - ::group::Pre task execution logs
[2024-12-19T13:52:09.089+0000] {taskinstance.py:2613} INFO - Dependencies all met for dep_context=non-requeueable deps ti=<TaskInstance: dag_with_taskflow_api.greet scheduled__2024-11-24T00:00:00+00:00 [queued]>
[2024-12-19T13:52:09.114+0000] {taskinstance.py:2613} INFO - Dependencies all met for dep_context=requeueable deps ti=<TaskInstance: dag_with_taskflow_api.greet scheduled__2024-11-24T00:00:00+00:00 [queued]>
[2024-12-19T13:52:09.117+0000] {taskinstance.py:2866} INFO - Starting attempt 1 of 6
[2024-12-19T13:52:09.168+0000] {taskinstance.py:2889} INFO - Executing <Task(_PythonDecoratedOperator): greet> on 2024-11-24 00:00:00+00:00
[2024-12-19T13:52:09.199+0000] {logging_mixin.py:190} WARNING - /home/***/.local/lib/python3.12/site-packages/***/task/task_runner/standard_task_runner.py:70 DeprecationWarning: This process (pid=16670) is multi-threaded, use of fork() may lead to deadlocks in the child.
[2024-12-19T13:52:09.222+0000] {standard_task_runner.py:72} INFO - Started process 16681 to run task
[2024-12-19T13:52:09.217+0000] {standard_task_runner.py:104} INFO - Running: ['***', 'tasks', 'run', 'dag_with_taskflow_api', 'greet', 'scheduled__2024-11-24T00:00:00+00:00', '--job-id', '4538', '--raw', '--subdir', 'DAGS_FOLDER/dag_with_taskflow_api.py', '--cfg-path', '/tmp/tmpvf5d7nrc']
[2024-12-19T13:52:09.237+0000] {standard_task_runner.py:105} INFO - Job 4538: Subtask greet
[2024-12-19T13:52:09.430+0000] {task_command.py:467} INFO - Running <TaskInstance: dag_with_taskflow_api.greet scheduled__2024-11-24T00:00:00+00:00 [running]> on host 02d979add40a
[2024-12-19T13:52:10.044+0000] {taskinstance.py:3132} INFO - Exporting env vars: AIRFLOW_CTX_DAG_OWNER='mateo' AIRFLOW_CTX_DAG_ID='dag_with_taskflow_api' AIRFLOW_CTX_TASK_ID='greet' AIRFLOW_CTX_EXECUTION_DATE='2024-11-24T00:00:00+00:00' AIRFLOW_CTX_TRY_NUMBER='1' AIRFLOW_CTX_DAG_RUN_ID='scheduled__2024-11-24T00:00:00+00:00'
[2024-12-19T13:52:10.049+0000] {taskinstance.py:731} INFO - ::endgroup::
[2024-12-19T13:52:10.055+0000] {logging_mixin.py:190} INFO - My name is Jerry. I am 19 years old.
[2024-12-19T13:52:10.058+0000] {python.py:240} INFO - Done. Returned value was: None
[2024-12-19T13:52:10.086+0000] {taskinstance.py:340} INFO - ::group::Post task execution logs
[2024-12-19T13:52:10.087+0000] {taskinstance.py:352} INFO - Marking task as SUCCESS. dag_id=dag_with_taskflow_api, task_id=greet, run_id=scheduled__2024-11-24T00:00:00+00:00, execution_date=20241124T000000, start_date=20241219T135209, end_date=20241219T135210
[2024-12-19T13:52:10.133+0000] {local_task_job_runner.py:266} INFO - Task exited with return code 0
[2024-12-19T13:52:10.208+0000] {local_task_job_runner.py:245} INFO - ::endgroup::
[2024-12-20T10:29:40.528+0000] {local_task_job_runner.py:123} INFO - ::group::Pre task execution logs
[2024-12-20T10:29:40.563+0000] {taskinstance.py:2613} INFO - Dependencies all met for dep_context=non-requeueable deps ti=<TaskInstance: dag_with_taskflow_api.greet scheduled__2024-11-24T00:00:00+00:00 [queued]>
[2024-12-20T10:29:40.588+0000] {taskinstance.py:2613} INFO - Dependencies all met for dep_context=requeueable deps ti=<TaskInstance: dag_with_taskflow_api.greet scheduled__2024-11-24T00:00:00+00:00 [queued]>
[2024-12-20T10:29:40.589+0000] {taskinstance.py:2866} INFO - Starting attempt 1 of 6
[2024-12-20T10:29:40.609+0000] {taskinstance.py:2889} INFO - Executing <Task(_PythonDecoratedOperator): greet> on 2024-11-24 00:00:00+00:00
[2024-12-20T10:29:40.637+0000] {logging_mixin.py:190} WARNING - /home/***/.local/lib/python3.12/site-packages/***/task/task_runner/standard_task_runner.py:70 DeprecationWarning: This process (pid=13291) is multi-threaded, use of fork() may lead to deadlocks in the child.
[2024-12-20T10:29:40.640+0000] {standard_task_runner.py:72} INFO - Started process 13297 to run task
[2024-12-20T10:29:40.641+0000] {standard_task_runner.py:104} INFO - Running: ['***', 'tasks', 'run', 'dag_with_taskflow_api', 'greet', 'scheduled__2024-11-24T00:00:00+00:00', '--job-id', '4852', '--raw', '--subdir', 'DAGS_FOLDER/dag_with_taskflow_api.py', '--cfg-path', '/tmp/tmpdimbw_q3']
[2024-12-20T10:29:40.646+0000] {standard_task_runner.py:105} INFO - Job 4852: Subtask greet
[2024-12-20T10:29:40.756+0000] {task_command.py:467} INFO - Running <TaskInstance: dag_with_taskflow_api.greet scheduled__2024-11-24T00:00:00+00:00 [running]> on host a998b5b3d359
[2024-12-20T10:29:40.906+0000] {taskinstance.py:3132} INFO - Exporting env vars: AIRFLOW_CTX_DAG_OWNER='mateo' AIRFLOW_CTX_DAG_ID='dag_with_taskflow_api' AIRFLOW_CTX_TASK_ID='greet' AIRFLOW_CTX_EXECUTION_DATE='2024-11-24T00:00:00+00:00' AIRFLOW_CTX_TRY_NUMBER='1' AIRFLOW_CTX_DAG_RUN_ID='scheduled__2024-11-24T00:00:00+00:00'
[2024-12-20T10:29:40.907+0000] {taskinstance.py:731} INFO - ::endgroup::
[2024-12-20T10:29:40.911+0000] {logging_mixin.py:190} INFO - My name is Jerry. I am 19 years old.
[2024-12-20T10:29:40.912+0000] {python.py:240} INFO - Done. Returned value was: None
[2024-12-20T10:29:40.927+0000] {taskinstance.py:340} INFO - ::group::Post task execution logs
[2024-12-20T10:29:40.929+0000] {taskinstance.py:352} INFO - Marking task as SUCCESS. dag_id=dag_with_taskflow_api, task_id=greet, run_id=scheduled__2024-11-24T00:00:00+00:00, execution_date=20241124T000000, start_date=20241220T102940, end_date=20241220T102940
[2024-12-20T10:29:40.985+0000] {local_task_job_runner.py:266} INFO - Task exited with return code 0
[2024-12-20T10:29:40.996+0000] {local_task_job_runner.py:245} INFO - ::endgroup::
