[2024-12-19T08:58:04.471+0000] {local_task_job_runner.py:123} INFO - ::group::Pre task execution logs
[2024-12-19T08:58:04.518+0000] {taskinstance.py:2613} INFO - Dependencies all met for dep_context=non-requeueable deps ti=<TaskInstance: our_first_dag_v2.third_task scheduled__2023-11-03T00:00:00+00:00 [queued]>
[2024-12-19T08:58:04.542+0000] {taskinstance.py:2613} INFO - Dependencies all met for dep_context=requeueable deps ti=<TaskInstance: our_first_dag_v2.third_task scheduled__2023-11-03T00:00:00+00:00 [queued]>
[2024-12-19T08:58:04.543+0000] {taskinstance.py:2866} INFO - Starting attempt 1 of 6
[2024-12-19T08:58:04.692+0000] {taskinstance.py:2889} INFO - Executing <Task(BashOperator): third_task> on 2023-11-03 00:00:00+00:00
[2024-12-19T08:58:04.744+0000] {logging_mixin.py:190} WARNING - /home/***/.local/lib/python3.12/site-packages/***/task/task_runner/standard_task_runner.py:70 DeprecationWarning: This process (pid=9334) is multi-threaded, use of fork() may lead to deadlocks in the child.
[2024-12-19T08:58:04.753+0000] {standard_task_runner.py:72} INFO - Started process 9352 to run task
[2024-12-19T08:58:04.775+0000] {standard_task_runner.py:104} INFO - Running: ['***', 'tasks', 'run', 'our_first_dag_v2', 'third_task', 'scheduled__2023-11-03T00:00:00+00:00', '--job-id', '2149', '--raw', '--subdir', 'DAGS_FOLDER/our_first_dag.py', '--cfg-path', '/tmp/tmpdb6zi770']
[2024-12-19T08:58:04.785+0000] {standard_task_runner.py:105} INFO - Job 2149: Subtask third_task
[2024-12-19T08:58:04.963+0000] {task_command.py:467} INFO - Running <TaskInstance: our_first_dag_v2.third_task scheduled__2023-11-03T00:00:00+00:00 [running]> on host 8d142e9c83a7
[2024-12-19T08:58:05.232+0000] {taskinstance.py:3132} INFO - Exporting env vars: AIRFLOW_CTX_DAG_OWNER='mateo' AIRFLOW_CTX_DAG_ID='our_first_dag_v2' AIRFLOW_CTX_TASK_ID='third_task' AIRFLOW_CTX_EXECUTION_DATE='2023-11-03T00:00:00+00:00' AIRFLOW_CTX_TRY_NUMBER='1' AIRFLOW_CTX_DAG_RUN_ID='scheduled__2023-11-03T00:00:00+00:00'
[2024-12-19T08:58:05.241+0000] {taskinstance.py:731} INFO - ::endgroup::
[2024-12-19T08:58:05.335+0000] {subprocess.py:78} INFO - Tmp dir root location: /tmp
[2024-12-19T08:58:05.352+0000] {subprocess.py:88} INFO - Running command: ['/usr/bin/bash', '-c', 'echo I am the third task and I will be executed at the same time as the second task.']
[2024-12-19T08:58:05.398+0000] {subprocess.py:99} INFO - Output:
[2024-12-19T08:58:05.402+0000] {subprocess.py:106} INFO - I am the third task and I will be executed at the same time as the second task.
[2024-12-19T08:58:05.403+0000] {subprocess.py:110} INFO - Command exited with return code 0
[2024-12-19T08:58:05.444+0000] {taskinstance.py:340} INFO - ::group::Post task execution logs
[2024-12-19T08:58:05.445+0000] {taskinstance.py:352} INFO - Marking task as SUCCESS. dag_id=our_first_dag_v2, task_id=third_task, run_id=scheduled__2023-11-03T00:00:00+00:00, execution_date=20231103T000000, start_date=20241219T085804, end_date=20241219T085805
[2024-12-19T08:58:05.645+0000] {local_task_job_runner.py:266} INFO - Task exited with return code 0
[2024-12-19T08:58:05.676+0000] {taskinstance.py:3895} INFO - 0 downstream tasks scheduled from follow-on schedule check
[2024-12-19T08:58:05.681+0000] {local_task_job_runner.py:245} INFO - ::endgroup::
