[2024-12-19T13:52:23.956+0000] {local_task_job_runner.py:123} INFO - ::group::Pre task execution logs
[2024-12-19T13:52:23.984+0000] {taskinstance.py:2613} INFO - Dependencies all met for dep_context=non-requeueable deps ti=<TaskInstance: dag_with_taskflow_api.greet scheduled__2024-12-15T00:00:00+00:00 [queued]>
[2024-12-19T13:52:23.999+0000] {taskinstance.py:2613} INFO - Dependencies all met for dep_context=requeueable deps ti=<TaskInstance: dag_with_taskflow_api.greet scheduled__2024-12-15T00:00:00+00:00 [queued]>
[2024-12-19T13:52:24.000+0000] {taskinstance.py:2866} INFO - Starting attempt 1 of 6
[2024-12-19T13:52:24.044+0000] {taskinstance.py:2889} INFO - Executing <Task(_PythonDecoratedOperator): greet> on 2024-12-15 00:00:00+00:00
[2024-12-19T13:52:24.063+0000] {logging_mixin.py:190} WARNING - /home/***/.local/lib/python3.12/site-packages/***/task/task_runner/standard_task_runner.py:70 DeprecationWarning: This process (pid=16873) is multi-threaded, use of fork() may lead to deadlocks in the child.
[2024-12-19T13:52:24.069+0000] {standard_task_runner.py:72} INFO - Started process 16882 to run task
[2024-12-19T13:52:24.080+0000] {standard_task_runner.py:104} INFO - Running: ['***', 'tasks', 'run', 'dag_with_taskflow_api', 'greet', 'scheduled__2024-12-15T00:00:00+00:00', '--job-id', '4597', '--raw', '--subdir', 'DAGS_FOLDER/dag_with_taskflow_api.py', '--cfg-path', '/tmp/tmpzk86tg_j']
[2024-12-19T13:52:24.085+0000] {standard_task_runner.py:105} INFO - Job 4597: Subtask greet
[2024-12-19T13:52:24.210+0000] {task_command.py:467} INFO - Running <TaskInstance: dag_with_taskflow_api.greet scheduled__2024-12-15T00:00:00+00:00 [running]> on host 02d979add40a
[2024-12-19T13:52:24.461+0000] {taskinstance.py:3132} INFO - Exporting env vars: AIRFLOW_CTX_DAG_OWNER='mateo' AIRFLOW_CTX_DAG_ID='dag_with_taskflow_api' AIRFLOW_CTX_TASK_ID='greet' AIRFLOW_CTX_EXECUTION_DATE='2024-12-15T00:00:00+00:00' AIRFLOW_CTX_TRY_NUMBER='1' AIRFLOW_CTX_DAG_RUN_ID='scheduled__2024-12-15T00:00:00+00:00'
[2024-12-19T13:52:24.463+0000] {taskinstance.py:731} INFO - ::endgroup::
[2024-12-19T13:52:24.472+0000] {logging_mixin.py:190} INFO - My name is Jerry. I am 19 years old.
[2024-12-19T13:52:24.474+0000] {python.py:240} INFO - Done. Returned value was: None
[2024-12-19T13:52:24.498+0000] {taskinstance.py:340} INFO - ::group::Post task execution logs
[2024-12-19T13:52:24.500+0000] {taskinstance.py:352} INFO - Marking task as SUCCESS. dag_id=dag_with_taskflow_api, task_id=greet, run_id=scheduled__2024-12-15T00:00:00+00:00, execution_date=20241215T000000, start_date=20241219T135223, end_date=20241219T135224
[2024-12-19T13:52:24.586+0000] {local_task_job_runner.py:266} INFO - Task exited with return code 0
[2024-12-19T13:52:24.615+0000] {taskinstance.py:3895} INFO - 0 downstream tasks scheduled from follow-on schedule check
[2024-12-19T13:52:24.624+0000] {local_task_job_runner.py:245} INFO - ::endgroup::
[2024-12-20T10:29:56.035+0000] {local_task_job_runner.py:123} INFO - ::group::Pre task execution logs
[2024-12-20T10:29:56.057+0000] {taskinstance.py:2613} INFO - Dependencies all met for dep_context=non-requeueable deps ti=<TaskInstance: dag_with_taskflow_api.greet scheduled__2024-12-15T00:00:00+00:00 [queued]>
[2024-12-20T10:29:56.068+0000] {taskinstance.py:2613} INFO - Dependencies all met for dep_context=requeueable deps ti=<TaskInstance: dag_with_taskflow_api.greet scheduled__2024-12-15T00:00:00+00:00 [queued]>
[2024-12-20T10:29:56.069+0000] {taskinstance.py:2866} INFO - Starting attempt 1 of 6
[2024-12-20T10:29:56.224+0000] {taskinstance.py:2889} INFO - Executing <Task(_PythonDecoratedOperator): greet> on 2024-12-15 00:00:00+00:00
[2024-12-20T10:29:56.240+0000] {logging_mixin.py:190} WARNING - /home/***/.local/lib/python3.12/site-packages/***/task/task_runner/standard_task_runner.py:70 DeprecationWarning: This process (pid=13498) is multi-threaded, use of fork() may lead to deadlocks in the child.
[2024-12-20T10:29:56.243+0000] {standard_task_runner.py:72} INFO - Started process 13502 to run task
[2024-12-20T10:29:56.241+0000] {standard_task_runner.py:104} INFO - Running: ['***', 'tasks', 'run', 'dag_with_taskflow_api', 'greet', 'scheduled__2024-12-15T00:00:00+00:00', '--job-id', '4911', '--raw', '--subdir', 'DAGS_FOLDER/dag_with_taskflow_api.py', '--cfg-path', '/tmp/tmp2o1il_ck']
[2024-12-20T10:29:56.246+0000] {standard_task_runner.py:105} INFO - Job 4911: Subtask greet
[2024-12-20T10:29:56.295+0000] {task_command.py:467} INFO - Running <TaskInstance: dag_with_taskflow_api.greet scheduled__2024-12-15T00:00:00+00:00 [running]> on host a998b5b3d359
[2024-12-20T10:29:56.395+0000] {taskinstance.py:3132} INFO - Exporting env vars: AIRFLOW_CTX_DAG_OWNER='mateo' AIRFLOW_CTX_DAG_ID='dag_with_taskflow_api' AIRFLOW_CTX_TASK_ID='greet' AIRFLOW_CTX_EXECUTION_DATE='2024-12-15T00:00:00+00:00' AIRFLOW_CTX_TRY_NUMBER='1' AIRFLOW_CTX_DAG_RUN_ID='scheduled__2024-12-15T00:00:00+00:00'
[2024-12-20T10:29:56.397+0000] {taskinstance.py:731} INFO - ::endgroup::
[2024-12-20T10:29:56.400+0000] {logging_mixin.py:190} INFO - My name is Jerry. I am 19 years old.
[2024-12-20T10:29:56.402+0000] {python.py:240} INFO - Done. Returned value was: None
[2024-12-20T10:29:56.410+0000] {taskinstance.py:340} INFO - ::group::Post task execution logs
[2024-12-20T10:29:56.411+0000] {taskinstance.py:352} INFO - Marking task as SUCCESS. dag_id=dag_with_taskflow_api, task_id=greet, run_id=scheduled__2024-12-15T00:00:00+00:00, execution_date=20241215T000000, start_date=20241220T102956, end_date=20241220T102956
[2024-12-20T10:29:56.460+0000] {local_task_job_runner.py:266} INFO - Task exited with return code 0
[2024-12-20T10:29:56.475+0000] {taskinstance.py:3895} INFO - 0 downstream tasks scheduled from follow-on schedule check
[2024-12-20T10:29:56.477+0000] {local_task_job_runner.py:245} INFO - ::endgroup::
