[2024-12-19T08:57:35.277+0000] {local_task_job_runner.py:123} INFO - ::group::Pre task execution logs
[2024-12-19T08:57:35.315+0000] {taskinstance.py:2613} INFO - Dependencies all met for dep_context=non-requeueable deps ti=<TaskInstance: our_first_dag_v2.second_task scheduled__2023-09-13T00:00:00+00:00 [queued]>
[2024-12-19T08:57:35.329+0000] {taskinstance.py:2613} INFO - Dependencies all met for dep_context=requeueable deps ti=<TaskInstance: our_first_dag_v2.second_task scheduled__2023-09-13T00:00:00+00:00 [queued]>
[2024-12-19T08:57:35.335+0000] {taskinstance.py:2866} INFO - Starting attempt 1 of 6
[2024-12-19T08:57:35.369+0000] {taskinstance.py:2889} INFO - Executing <Task(BashOperator): second_task> on 2023-09-13 00:00:00+00:00
[2024-12-19T08:57:35.387+0000] {logging_mixin.py:190} WARNING - /home/***/.local/lib/python3.12/site-packages/***/task/task_runner/standard_task_runner.py:70 DeprecationWarning: This process (pid=8686) is multi-threaded, use of fork() may lead to deadlocks in the child.
[2024-12-19T08:57:35.391+0000] {standard_task_runner.py:72} INFO - Started process 8702 to run task
[2024-12-19T08:57:35.393+0000] {standard_task_runner.py:104} INFO - Running: ['***', 'tasks', 'run', 'our_first_dag_v2', 'second_task', 'scheduled__2023-09-13T00:00:00+00:00', '--job-id', '1990', '--raw', '--subdir', 'DAGS_FOLDER/our_first_dag.py', '--cfg-path', '/tmp/tmpx4uumvh1']
[2024-12-19T08:57:35.397+0000] {standard_task_runner.py:105} INFO - Job 1990: Subtask second_task
[2024-12-19T08:57:35.529+0000] {task_command.py:467} INFO - Running <TaskInstance: our_first_dag_v2.second_task scheduled__2023-09-13T00:00:00+00:00 [running]> on host 8d142e9c83a7
[2024-12-19T08:57:35.676+0000] {taskinstance.py:3132} INFO - Exporting env vars: AIRFLOW_CTX_DAG_OWNER='mateo' AIRFLOW_CTX_DAG_ID='our_first_dag_v2' AIRFLOW_CTX_TASK_ID='second_task' AIRFLOW_CTX_EXECUTION_DATE='2023-09-13T00:00:00+00:00' AIRFLOW_CTX_TRY_NUMBER='1' AIRFLOW_CTX_DAG_RUN_ID='scheduled__2023-09-13T00:00:00+00:00'
[2024-12-19T08:57:35.680+0000] {taskinstance.py:731} INFO - ::endgroup::
[2024-12-19T08:57:35.714+0000] {subprocess.py:78} INFO - Tmp dir root location: /tmp
[2024-12-19T08:57:35.717+0000] {subprocess.py:88} INFO - Running command: ['/usr/bin/bash', '-c', 'echo I am the second task and i will me executed after first task']
[2024-12-19T08:57:35.740+0000] {subprocess.py:99} INFO - Output:
[2024-12-19T08:57:35.741+0000] {subprocess.py:106} INFO - I am the second task and i will me executed after first task
[2024-12-19T08:57:35.742+0000] {subprocess.py:110} INFO - Command exited with return code 0
[2024-12-19T08:57:35.786+0000] {taskinstance.py:340} INFO - ::group::Post task execution logs
[2024-12-19T08:57:35.788+0000] {taskinstance.py:352} INFO - Marking task as SUCCESS. dag_id=our_first_dag_v2, task_id=second_task, run_id=scheduled__2023-09-13T00:00:00+00:00, execution_date=20230913T000000, start_date=20241219T085735, end_date=20241219T085735
[2024-12-19T08:57:35.833+0000] {local_task_job_runner.py:266} INFO - Task exited with return code 0
[2024-12-19T08:57:35.852+0000] {taskinstance.py:3895} INFO - 0 downstream tasks scheduled from follow-on schedule check
[2024-12-19T08:57:35.854+0000] {local_task_job_runner.py:245} INFO - ::endgroup::
