[2024-12-19T13:52:14.202+0000] {local_task_job_runner.py:123} INFO - ::group::Pre task execution logs
[2024-12-19T13:52:14.237+0000] {taskinstance.py:2613} INFO - Dependencies all met for dep_context=non-requeueable deps ti=<TaskInstance: dag_with_taskflow_api.get_name scheduled__2024-12-04T00:00:00+00:00 [queued]>
[2024-12-19T13:52:14.276+0000] {taskinstance.py:2613} INFO - Dependencies all met for dep_context=requeueable deps ti=<TaskInstance: dag_with_taskflow_api.get_name scheduled__2024-12-04T00:00:00+00:00 [queued]>
[2024-12-19T13:52:14.278+0000] {taskinstance.py:2866} INFO - Starting attempt 1 of 6
[2024-12-19T13:52:14.355+0000] {taskinstance.py:2889} INFO - Executing <Task(_PythonDecoratedOperator): get_name> on 2024-12-04 00:00:00+00:00
[2024-12-19T13:52:14.385+0000] {standard_task_runner.py:104} INFO - Running: ['***', 'tasks', 'run', 'dag_with_taskflow_api', 'get_name', 'scheduled__2024-12-04T00:00:00+00:00', '--job-id', '4553', '--raw', '--subdir', 'DAGS_FOLDER/dag_with_taskflow_api.py', '--cfg-path', '/tmp/tmp_1zwt1nw']
[2024-12-19T13:52:14.395+0000] {standard_task_runner.py:105} INFO - Job 4553: Subtask get_name
[2024-12-19T13:52:14.405+0000] {logging_mixin.py:190} WARNING - /home/***/.local/lib/python3.12/site-packages/***/task/task_runner/standard_task_runner.py:70 DeprecationWarning: This process (pid=16726) is multi-threaded, use of fork() may lead to deadlocks in the child.
[2024-12-19T13:52:14.420+0000] {standard_task_runner.py:72} INFO - Started process 16745 to run task
[2024-12-19T13:52:14.583+0000] {task_command.py:467} INFO - Running <TaskInstance: dag_with_taskflow_api.get_name scheduled__2024-12-04T00:00:00+00:00 [running]> on host 02d979add40a
[2024-12-19T13:52:15.073+0000] {taskinstance.py:3132} INFO - Exporting env vars: AIRFLOW_CTX_DAG_OWNER='mateo' AIRFLOW_CTX_DAG_ID='dag_with_taskflow_api' AIRFLOW_CTX_TASK_ID='get_name' AIRFLOW_CTX_EXECUTION_DATE='2024-12-04T00:00:00+00:00' AIRFLOW_CTX_TRY_NUMBER='1' AIRFLOW_CTX_DAG_RUN_ID='scheduled__2024-12-04T00:00:00+00:00'
[2024-12-19T13:52:15.078+0000] {taskinstance.py:731} INFO - ::endgroup::
[2024-12-19T13:52:15.093+0000] {python.py:240} INFO - Done. Returned value was: Jerry
[2024-12-19T13:52:15.151+0000] {taskinstance.py:340} INFO - ::group::Post task execution logs
[2024-12-19T13:52:15.152+0000] {taskinstance.py:352} INFO - Marking task as SUCCESS. dag_id=dag_with_taskflow_api, task_id=get_name, run_id=scheduled__2024-12-04T00:00:00+00:00, execution_date=20241204T000000, start_date=20241219T135214, end_date=20241219T135215
[2024-12-19T13:52:15.267+0000] {local_task_job_runner.py:266} INFO - Task exited with return code 0
[2024-12-19T13:52:15.472+0000] {taskinstance.py:3895} INFO - 0 downstream tasks scheduled from follow-on schedule check
[2024-12-19T13:52:15.485+0000] {local_task_job_runner.py:245} INFO - ::endgroup::
[2024-12-20T10:29:45.323+0000] {local_task_job_runner.py:123} INFO - ::group::Pre task execution logs
[2024-12-20T10:29:45.376+0000] {taskinstance.py:2613} INFO - Dependencies all met for dep_context=non-requeueable deps ti=<TaskInstance: dag_with_taskflow_api.get_name scheduled__2024-12-04T00:00:00+00:00 [queued]>
[2024-12-20T10:29:45.401+0000] {taskinstance.py:2613} INFO - Dependencies all met for dep_context=requeueable deps ti=<TaskInstance: dag_with_taskflow_api.get_name scheduled__2024-12-04T00:00:00+00:00 [queued]>
[2024-12-20T10:29:45.402+0000] {taskinstance.py:2866} INFO - Starting attempt 1 of 6
[2024-12-20T10:29:45.440+0000] {taskinstance.py:2889} INFO - Executing <Task(_PythonDecoratedOperator): get_name> on 2024-12-04 00:00:00+00:00
[2024-12-20T10:29:45.482+0000] {logging_mixin.py:190} WARNING - /home/***/.local/lib/python3.12/site-packages/***/task/task_runner/standard_task_runner.py:70 DeprecationWarning: This process (pid=13354) is multi-threaded, use of fork() may lead to deadlocks in the child.
[2024-12-20T10:29:45.488+0000] {standard_task_runner.py:72} INFO - Started process 13367 to run task
[2024-12-20T10:29:45.469+0000] {standard_task_runner.py:104} INFO - Running: ['***', 'tasks', 'run', 'dag_with_taskflow_api', 'get_name', 'scheduled__2024-12-04T00:00:00+00:00', '--job-id', '4872', '--raw', '--subdir', 'DAGS_FOLDER/dag_with_taskflow_api.py', '--cfg-path', '/tmp/tmpha0v4_a5']
[2024-12-20T10:29:45.498+0000] {standard_task_runner.py:105} INFO - Job 4872: Subtask get_name
[2024-12-20T10:29:45.598+0000] {task_command.py:467} INFO - Running <TaskInstance: dag_with_taskflow_api.get_name scheduled__2024-12-04T00:00:00+00:00 [running]> on host a998b5b3d359
[2024-12-20T10:29:45.732+0000] {taskinstance.py:3132} INFO - Exporting env vars: AIRFLOW_CTX_DAG_OWNER='mateo' AIRFLOW_CTX_DAG_ID='dag_with_taskflow_api' AIRFLOW_CTX_TASK_ID='get_name' AIRFLOW_CTX_EXECUTION_DATE='2024-12-04T00:00:00+00:00' AIRFLOW_CTX_TRY_NUMBER='1' AIRFLOW_CTX_DAG_RUN_ID='scheduled__2024-12-04T00:00:00+00:00'
[2024-12-20T10:29:45.734+0000] {taskinstance.py:731} INFO - ::endgroup::
[2024-12-20T10:29:45.741+0000] {python.py:240} INFO - Done. Returned value was: Jerry
[2024-12-20T10:29:45.778+0000] {taskinstance.py:340} INFO - ::group::Post task execution logs
[2024-12-20T10:29:45.780+0000] {taskinstance.py:352} INFO - Marking task as SUCCESS. dag_id=dag_with_taskflow_api, task_id=get_name, run_id=scheduled__2024-12-04T00:00:00+00:00, execution_date=20241204T000000, start_date=20241220T102945, end_date=20241220T102945
[2024-12-20T10:29:45.838+0000] {local_task_job_runner.py:266} INFO - Task exited with return code 0
[2024-12-20T10:29:45.851+0000] {local_task_job_runner.py:245} INFO - ::endgroup::
