[2024-12-19T13:51:17.475+0000] {local_task_job_runner.py:123} INFO - ::group::Pre task execution logs
[2024-12-19T13:51:17.554+0000] {taskinstance.py:2613} INFO - Dependencies all met for dep_context=non-requeueable deps ti=<TaskInstance: dag_with_taskflow_api.greet scheduled__2024-09-17T00:00:00+00:00 [queued]>
[2024-12-19T13:51:17.606+0000] {taskinstance.py:2613} INFO - Dependencies all met for dep_context=requeueable deps ti=<TaskInstance: dag_with_taskflow_api.greet scheduled__2024-09-17T00:00:00+00:00 [queued]>
[2024-12-19T13:51:17.611+0000] {taskinstance.py:2866} INFO - Starting attempt 1 of 6
[2024-12-19T13:51:17.699+0000] {taskinstance.py:2889} INFO - Executing <Task(_PythonDecoratedOperator): greet> on 2024-09-17 00:00:00+00:00
[2024-12-19T13:51:17.738+0000] {logging_mixin.py:190} WARNING - /home/***/.local/lib/python3.12/site-packages/***/task/task_runner/standard_task_runner.py:70 DeprecationWarning: This process (pid=16035) is multi-threaded, use of fork() may lead to deadlocks in the child.
[2024-12-19T13:51:17.741+0000] {standard_task_runner.py:72} INFO - Started process 16049 to run task
[2024-12-19T13:51:17.743+0000] {standard_task_runner.py:104} INFO - Running: ['***', 'tasks', 'run', 'dag_with_taskflow_api', 'greet', 'scheduled__2024-09-17T00:00:00+00:00', '--job-id', '4336', '--raw', '--subdir', 'DAGS_FOLDER/dag_with_taskflow_api.py', '--cfg-path', '/tmp/tmp7m5hcmwr']
[2024-12-19T13:51:17.748+0000] {standard_task_runner.py:105} INFO - Job 4336: Subtask greet
[2024-12-19T13:51:18.030+0000] {task_command.py:467} INFO - Running <TaskInstance: dag_with_taskflow_api.greet scheduled__2024-09-17T00:00:00+00:00 [running]> on host 02d979add40a
[2024-12-19T13:51:18.581+0000] {taskinstance.py:3132} INFO - Exporting env vars: AIRFLOW_CTX_DAG_OWNER='mateo' AIRFLOW_CTX_DAG_ID='dag_with_taskflow_api' AIRFLOW_CTX_TASK_ID='greet' AIRFLOW_CTX_EXECUTION_DATE='2024-09-17T00:00:00+00:00' AIRFLOW_CTX_TRY_NUMBER='1' AIRFLOW_CTX_DAG_RUN_ID='scheduled__2024-09-17T00:00:00+00:00'
[2024-12-19T13:51:18.590+0000] {taskinstance.py:731} INFO - ::endgroup::
[2024-12-19T13:51:18.595+0000] {logging_mixin.py:190} INFO - My name is Jerry. I am 19 years old.
[2024-12-19T13:51:18.602+0000] {python.py:240} INFO - Done. Returned value was: None
[2024-12-19T13:51:18.641+0000] {taskinstance.py:340} INFO - ::group::Post task execution logs
[2024-12-19T13:51:18.642+0000] {taskinstance.py:352} INFO - Marking task as SUCCESS. dag_id=dag_with_taskflow_api, task_id=greet, run_id=scheduled__2024-09-17T00:00:00+00:00, execution_date=20240917T000000, start_date=20241219T135117, end_date=20241219T135118
[2024-12-19T13:51:18.705+0000] {local_task_job_runner.py:266} INFO - Task exited with return code 0
[2024-12-19T13:51:18.731+0000] {local_task_job_runner.py:245} INFO - ::endgroup::
[2024-12-20T10:28:48.263+0000] {local_task_job_runner.py:123} INFO - ::group::Pre task execution logs
[2024-12-20T10:28:48.299+0000] {taskinstance.py:2613} INFO - Dependencies all met for dep_context=non-requeueable deps ti=<TaskInstance: dag_with_taskflow_api.greet scheduled__2024-09-17T00:00:00+00:00 [queued]>
[2024-12-20T10:28:48.313+0000] {taskinstance.py:2613} INFO - Dependencies all met for dep_context=requeueable deps ti=<TaskInstance: dag_with_taskflow_api.greet scheduled__2024-09-17T00:00:00+00:00 [queued]>
[2024-12-20T10:28:48.315+0000] {taskinstance.py:2866} INFO - Starting attempt 1 of 6
[2024-12-20T10:28:48.347+0000] {taskinstance.py:2889} INFO - Executing <Task(_PythonDecoratedOperator): greet> on 2024-09-17 00:00:00+00:00
[2024-12-20T10:28:48.367+0000] {logging_mixin.py:190} WARNING - /home/***/.local/lib/python3.12/site-packages/***/task/task_runner/standard_task_runner.py:70 DeprecationWarning: This process (pid=12622) is multi-threaded, use of fork() may lead to deadlocks in the child.
[2024-12-20T10:28:48.375+0000] {standard_task_runner.py:72} INFO - Started process 12633 to run task
[2024-12-20T10:28:48.375+0000] {standard_task_runner.py:104} INFO - Running: ['***', 'tasks', 'run', 'dag_with_taskflow_api', 'greet', 'scheduled__2024-09-17T00:00:00+00:00', '--job-id', '4648', '--raw', '--subdir', 'DAGS_FOLDER/dag_with_taskflow_api.py', '--cfg-path', '/tmp/tmpltlj3a45']
[2024-12-20T10:28:48.385+0000] {standard_task_runner.py:105} INFO - Job 4648: Subtask greet
[2024-12-20T10:28:48.479+0000] {task_command.py:467} INFO - Running <TaskInstance: dag_with_taskflow_api.greet scheduled__2024-09-17T00:00:00+00:00 [running]> on host a998b5b3d359
[2024-12-20T10:28:48.622+0000] {taskinstance.py:3132} INFO - Exporting env vars: AIRFLOW_CTX_DAG_OWNER='mateo' AIRFLOW_CTX_DAG_ID='dag_with_taskflow_api' AIRFLOW_CTX_TASK_ID='greet' AIRFLOW_CTX_EXECUTION_DATE='2024-09-17T00:00:00+00:00' AIRFLOW_CTX_TRY_NUMBER='1' AIRFLOW_CTX_DAG_RUN_ID='scheduled__2024-09-17T00:00:00+00:00'
[2024-12-20T10:28:48.624+0000] {taskinstance.py:731} INFO - ::endgroup::
[2024-12-20T10:28:48.630+0000] {logging_mixin.py:190} INFO - My name is Jerry. I am 19 years old.
[2024-12-20T10:28:48.632+0000] {python.py:240} INFO - Done. Returned value was: None
[2024-12-20T10:28:48.644+0000] {taskinstance.py:340} INFO - ::group::Post task execution logs
[2024-12-20T10:28:48.645+0000] {taskinstance.py:352} INFO - Marking task as SUCCESS. dag_id=dag_with_taskflow_api, task_id=greet, run_id=scheduled__2024-09-17T00:00:00+00:00, execution_date=20240917T000000, start_date=20241220T102848, end_date=20241220T102848
[2024-12-20T10:28:48.809+0000] {local_task_job_runner.py:266} INFO - Task exited with return code 0
[2024-12-20T10:28:48.830+0000] {taskinstance.py:3895} INFO - 0 downstream tasks scheduled from follow-on schedule check
[2024-12-20T10:28:48.834+0000] {local_task_job_runner.py:245} INFO - ::endgroup::
