[2024-12-19T13:51:19.711+0000] {local_task_job_runner.py:123} INFO - ::group::Pre task execution logs
[2024-12-19T13:51:19.782+0000] {taskinstance.py:2613} INFO - Dependencies all met for dep_context=non-requeueable deps ti=<TaskInstance: dag_with_taskflow_api.get_name scheduled__2024-09-27T00:00:00+00:00 [queued]>
[2024-12-19T13:51:19.822+0000] {taskinstance.py:2613} INFO - Dependencies all met for dep_context=requeueable deps ti=<TaskInstance: dag_with_taskflow_api.get_name scheduled__2024-09-27T00:00:00+00:00 [queued]>
[2024-12-19T13:51:19.823+0000] {taskinstance.py:2866} INFO - Starting attempt 1 of 6
[2024-12-19T13:51:19.874+0000] {taskinstance.py:2889} INFO - Executing <Task(_PythonDecoratedOperator): get_name> on 2024-09-27 00:00:00+00:00
[2024-12-19T13:51:19.893+0000] {logging_mixin.py:190} WARNING - /home/***/.local/lib/python3.12/site-packages/***/task/task_runner/standard_task_runner.py:70 DeprecationWarning: This process (pid=16076) is multi-threaded, use of fork() may lead to deadlocks in the child.
[2024-12-19T13:51:19.898+0000] {standard_task_runner.py:72} INFO - Started process 16089 to run task
[2024-12-19T13:51:19.910+0000] {standard_task_runner.py:104} INFO - Running: ['***', 'tasks', 'run', 'dag_with_taskflow_api', 'get_name', 'scheduled__2024-09-27T00:00:00+00:00', '--job-id', '4350', '--raw', '--subdir', 'DAGS_FOLDER/dag_with_taskflow_api.py', '--cfg-path', '/tmp/tmptkjl4ans']
[2024-12-19T13:51:19.913+0000] {standard_task_runner.py:105} INFO - Job 4350: Subtask get_name
[2024-12-19T13:51:20.043+0000] {task_command.py:467} INFO - Running <TaskInstance: dag_with_taskflow_api.get_name scheduled__2024-09-27T00:00:00+00:00 [running]> on host 02d979add40a
[2024-12-19T13:51:20.290+0000] {taskinstance.py:3132} INFO - Exporting env vars: AIRFLOW_CTX_DAG_OWNER='mateo' AIRFLOW_CTX_DAG_ID='dag_with_taskflow_api' AIRFLOW_CTX_TASK_ID='get_name' AIRFLOW_CTX_EXECUTION_DATE='2024-09-27T00:00:00+00:00' AIRFLOW_CTX_TRY_NUMBER='1' AIRFLOW_CTX_DAG_RUN_ID='scheduled__2024-09-27T00:00:00+00:00'
[2024-12-19T13:51:20.292+0000] {taskinstance.py:731} INFO - ::endgroup::
[2024-12-19T13:51:20.296+0000] {python.py:240} INFO - Done. Returned value was: Jerry
[2024-12-19T13:51:20.339+0000] {taskinstance.py:340} INFO - ::group::Post task execution logs
[2024-12-19T13:51:20.341+0000] {taskinstance.py:352} INFO - Marking task as SUCCESS. dag_id=dag_with_taskflow_api, task_id=get_name, run_id=scheduled__2024-09-27T00:00:00+00:00, execution_date=20240927T000000, start_date=20241219T135119, end_date=20241219T135120
[2024-12-19T13:51:20.372+0000] {local_task_job_runner.py:266} INFO - Task exited with return code 0
[2024-12-19T13:51:20.396+0000] {taskinstance.py:3895} INFO - 0 downstream tasks scheduled from follow-on schedule check
[2024-12-19T13:51:20.405+0000] {local_task_job_runner.py:245} INFO - ::endgroup::
[2024-12-20T10:28:55.209+0000] {local_task_job_runner.py:123} INFO - ::group::Pre task execution logs
[2024-12-20T10:28:55.249+0000] {taskinstance.py:2613} INFO - Dependencies all met for dep_context=non-requeueable deps ti=<TaskInstance: dag_with_taskflow_api.get_name scheduled__2024-09-27T00:00:00+00:00 [queued]>
[2024-12-20T10:28:55.267+0000] {taskinstance.py:2613} INFO - Dependencies all met for dep_context=requeueable deps ti=<TaskInstance: dag_with_taskflow_api.get_name scheduled__2024-09-27T00:00:00+00:00 [queued]>
[2024-12-20T10:28:55.270+0000] {taskinstance.py:2866} INFO - Starting attempt 1 of 6
[2024-12-20T10:28:55.291+0000] {taskinstance.py:2889} INFO - Executing <Task(_PythonDecoratedOperator): get_name> on 2024-09-27 00:00:00+00:00
[2024-12-20T10:28:55.315+0000] {logging_mixin.py:190} WARNING - /home/***/.local/lib/python3.12/site-packages/***/task/task_runner/standard_task_runner.py:70 DeprecationWarning: This process (pid=12693) is multi-threaded, use of fork() may lead to deadlocks in the child.
[2024-12-20T10:28:55.319+0000] {standard_task_runner.py:72} INFO - Started process 12698 to run task
[2024-12-20T10:28:55.330+0000] {standard_task_runner.py:104} INFO - Running: ['***', 'tasks', 'run', 'dag_with_taskflow_api', 'get_name', 'scheduled__2024-09-27T00:00:00+00:00', '--job-id', '4667', '--raw', '--subdir', 'DAGS_FOLDER/dag_with_taskflow_api.py', '--cfg-path', '/tmp/tmpg0yek1q4']
[2024-12-20T10:28:55.335+0000] {standard_task_runner.py:105} INFO - Job 4667: Subtask get_name
[2024-12-20T10:28:55.459+0000] {task_command.py:467} INFO - Running <TaskInstance: dag_with_taskflow_api.get_name scheduled__2024-09-27T00:00:00+00:00 [running]> on host a998b5b3d359
[2024-12-20T10:28:55.596+0000] {taskinstance.py:3132} INFO - Exporting env vars: AIRFLOW_CTX_DAG_OWNER='mateo' AIRFLOW_CTX_DAG_ID='dag_with_taskflow_api' AIRFLOW_CTX_TASK_ID='get_name' AIRFLOW_CTX_EXECUTION_DATE='2024-09-27T00:00:00+00:00' AIRFLOW_CTX_TRY_NUMBER='1' AIRFLOW_CTX_DAG_RUN_ID='scheduled__2024-09-27T00:00:00+00:00'
[2024-12-20T10:28:55.599+0000] {taskinstance.py:731} INFO - ::endgroup::
[2024-12-20T10:28:55.606+0000] {python.py:240} INFO - Done. Returned value was: Jerry
[2024-12-20T10:28:55.632+0000] {taskinstance.py:340} INFO - ::group::Post task execution logs
[2024-12-20T10:28:55.634+0000] {taskinstance.py:352} INFO - Marking task as SUCCESS. dag_id=dag_with_taskflow_api, task_id=get_name, run_id=scheduled__2024-09-27T00:00:00+00:00, execution_date=20240927T000000, start_date=20241220T102855, end_date=20241220T102855
[2024-12-20T10:28:55.680+0000] {local_task_job_runner.py:266} INFO - Task exited with return code 0
[2024-12-20T10:28:55.751+0000] {local_task_job_runner.py:245} INFO - ::endgroup::
