[2024-12-19T13:51:25.141+0000] {local_task_job_runner.py:123} INFO - ::group::Pre task execution logs
[2024-12-19T13:51:25.191+0000] {taskinstance.py:2613} INFO - Dependencies all met for dep_context=non-requeueable deps ti=<TaskInstance: dag_with_taskflow_api.get_name scheduled__2024-10-01T00:00:00+00:00 [queued]>
[2024-12-19T13:51:25.217+0000] {taskinstance.py:2613} INFO - Dependencies all met for dep_context=requeueable deps ti=<TaskInstance: dag_with_taskflow_api.get_name scheduled__2024-10-01T00:00:00+00:00 [queued]>
[2024-12-19T13:51:25.218+0000] {taskinstance.py:2866} INFO - Starting attempt 1 of 6
[2024-12-19T13:51:25.285+0000] {taskinstance.py:2889} INFO - Executing <Task(_PythonDecoratedOperator): get_name> on 2024-10-01 00:00:00+00:00
[2024-12-19T13:51:25.317+0000] {logging_mixin.py:190} WARNING - /home/***/.local/lib/python3.12/site-packages/***/task/task_runner/standard_task_runner.py:70 DeprecationWarning: This process (pid=16129) is multi-threaded, use of fork() may lead to deadlocks in the child.
[2024-12-19T13:51:25.317+0000] {standard_task_runner.py:104} INFO - Running: ['***', 'tasks', 'run', 'dag_with_taskflow_api', 'get_name', 'scheduled__2024-10-01T00:00:00+00:00', '--job-id', '4365', '--raw', '--subdir', 'DAGS_FOLDER/dag_with_taskflow_api.py', '--cfg-path', '/tmp/tmpk3jv9xco']
[2024-12-19T13:51:25.326+0000] {standard_task_runner.py:72} INFO - Started process 16140 to run task
[2024-12-19T13:51:25.328+0000] {standard_task_runner.py:105} INFO - Job 4365: Subtask get_name
[2024-12-19T13:51:25.464+0000] {task_command.py:467} INFO - Running <TaskInstance: dag_with_taskflow_api.get_name scheduled__2024-10-01T00:00:00+00:00 [running]> on host 02d979add40a
[2024-12-19T13:51:25.782+0000] {taskinstance.py:3132} INFO - Exporting env vars: AIRFLOW_CTX_DAG_OWNER='mateo' AIRFLOW_CTX_DAG_ID='dag_with_taskflow_api' AIRFLOW_CTX_TASK_ID='get_name' AIRFLOW_CTX_EXECUTION_DATE='2024-10-01T00:00:00+00:00' AIRFLOW_CTX_TRY_NUMBER='1' AIRFLOW_CTX_DAG_RUN_ID='scheduled__2024-10-01T00:00:00+00:00'
[2024-12-19T13:51:25.789+0000] {taskinstance.py:731} INFO - ::endgroup::
[2024-12-19T13:51:25.796+0000] {python.py:240} INFO - Done. Returned value was: Jerry
[2024-12-19T13:51:25.884+0000] {taskinstance.py:340} INFO - ::group::Post task execution logs
[2024-12-19T13:51:25.885+0000] {taskinstance.py:352} INFO - Marking task as SUCCESS. dag_id=dag_with_taskflow_api, task_id=get_name, run_id=scheduled__2024-10-01T00:00:00+00:00, execution_date=20241001T000000, start_date=20241219T135125, end_date=20241219T135125
[2024-12-19T13:51:26.090+0000] {local_task_job_runner.py:266} INFO - Task exited with return code 0
[2024-12-19T13:51:26.116+0000] {local_task_job_runner.py:245} INFO - ::endgroup::
[2024-12-20T10:28:59.700+0000] {local_task_job_runner.py:123} INFO - ::group::Pre task execution logs
[2024-12-20T10:28:59.735+0000] {taskinstance.py:2613} INFO - Dependencies all met for dep_context=non-requeueable deps ti=<TaskInstance: dag_with_taskflow_api.get_name scheduled__2024-10-01T00:00:00+00:00 [queued]>
[2024-12-20T10:28:59.754+0000] {taskinstance.py:2613} INFO - Dependencies all met for dep_context=requeueable deps ti=<TaskInstance: dag_with_taskflow_api.get_name scheduled__2024-10-01T00:00:00+00:00 [queued]>
[2024-12-20T10:28:59.756+0000] {taskinstance.py:2866} INFO - Starting attempt 1 of 6
[2024-12-20T10:28:59.783+0000] {taskinstance.py:2889} INFO - Executing <Task(_PythonDecoratedOperator): get_name> on 2024-10-01 00:00:00+00:00
[2024-12-20T10:28:59.797+0000] {logging_mixin.py:190} WARNING - /home/***/.local/lib/python3.12/site-packages/***/task/task_runner/standard_task_runner.py:70 DeprecationWarning: This process (pid=12730) is multi-threaded, use of fork() may lead to deadlocks in the child.
[2024-12-20T10:28:59.800+0000] {standard_task_runner.py:72} INFO - Started process 12740 to run task
[2024-12-20T10:28:59.822+0000] {standard_task_runner.py:104} INFO - Running: ['***', 'tasks', 'run', 'dag_with_taskflow_api', 'get_name', 'scheduled__2024-10-01T00:00:00+00:00', '--job-id', '4681', '--raw', '--subdir', 'DAGS_FOLDER/dag_with_taskflow_api.py', '--cfg-path', '/tmp/tmpywbd16x5']
[2024-12-20T10:28:59.830+0000] {standard_task_runner.py:105} INFO - Job 4681: Subtask get_name
[2024-12-20T10:28:59.924+0000] {task_command.py:467} INFO - Running <TaskInstance: dag_with_taskflow_api.get_name scheduled__2024-10-01T00:00:00+00:00 [running]> on host a998b5b3d359
[2024-12-20T10:29:00.053+0000] {taskinstance.py:3132} INFO - Exporting env vars: AIRFLOW_CTX_DAG_OWNER='mateo' AIRFLOW_CTX_DAG_ID='dag_with_taskflow_api' AIRFLOW_CTX_TASK_ID='get_name' AIRFLOW_CTX_EXECUTION_DATE='2024-10-01T00:00:00+00:00' AIRFLOW_CTX_TRY_NUMBER='1' AIRFLOW_CTX_DAG_RUN_ID='scheduled__2024-10-01T00:00:00+00:00'
[2024-12-20T10:29:00.056+0000] {taskinstance.py:731} INFO - ::endgroup::
[2024-12-20T10:29:00.060+0000] {python.py:240} INFO - Done. Returned value was: Jerry
[2024-12-20T10:29:00.112+0000] {taskinstance.py:340} INFO - ::group::Post task execution logs
[2024-12-20T10:29:00.114+0000] {taskinstance.py:352} INFO - Marking task as SUCCESS. dag_id=dag_with_taskflow_api, task_id=get_name, run_id=scheduled__2024-10-01T00:00:00+00:00, execution_date=20241001T000000, start_date=20241220T102859, end_date=20241220T102900
[2024-12-20T10:29:00.158+0000] {local_task_job_runner.py:266} INFO - Task exited with return code 0
[2024-12-20T10:29:00.178+0000] {local_task_job_runner.py:245} INFO - ::endgroup::
