[2024-12-19T08:56:58.918+0000] {local_task_job_runner.py:123} INFO - ::group::Pre task execution logs
[2024-12-19T08:56:58.958+0000] {taskinstance.py:2613} INFO - Dependencies all met for dep_context=non-requeueable deps ti=<TaskInstance: our_first_dag_v2.third_task scheduled__2023-07-11T00:00:00+00:00 [queued]>
[2024-12-19T08:56:58.996+0000] {taskinstance.py:2613} INFO - Dependencies all met for dep_context=requeueable deps ti=<TaskInstance: our_first_dag_v2.third_task scheduled__2023-07-11T00:00:00+00:00 [queued]>
[2024-12-19T08:56:58.999+0000] {taskinstance.py:2866} INFO - Starting attempt 1 of 6
[2024-12-19T08:56:59.065+0000] {taskinstance.py:2889} INFO - Executing <Task(BashOperator): third_task> on 2023-07-11 00:00:00+00:00
[2024-12-19T08:56:59.093+0000] {standard_task_runner.py:104} INFO - Running: ['***', 'tasks', 'run', 'our_first_dag_v2', 'third_task', 'scheduled__2023-07-11T00:00:00+00:00', '--job-id', '1804', '--raw', '--subdir', 'DAGS_FOLDER/our_first_dag.py', '--cfg-path', '/tmp/tmpvrho7wye']
[2024-12-19T08:56:59.102+0000] {standard_task_runner.py:105} INFO - Job 1804: Subtask third_task
[2024-12-19T08:56:59.093+0000] {logging_mixin.py:190} WARNING - /home/***/.local/lib/python3.12/site-packages/***/task/task_runner/standard_task_runner.py:70 DeprecationWarning: This process (pid=7928) is multi-threaded, use of fork() may lead to deadlocks in the child.
[2024-12-19T08:56:59.112+0000] {standard_task_runner.py:72} INFO - Started process 7946 to run task
[2024-12-19T08:56:59.240+0000] {task_command.py:467} INFO - Running <TaskInstance: our_first_dag_v2.third_task scheduled__2023-07-11T00:00:00+00:00 [running]> on host 8d142e9c83a7
[2024-12-19T08:56:59.492+0000] {taskinstance.py:3132} INFO - Exporting env vars: AIRFLOW_CTX_DAG_OWNER='mateo' AIRFLOW_CTX_DAG_ID='our_first_dag_v2' AIRFLOW_CTX_TASK_ID='third_task' AIRFLOW_CTX_EXECUTION_DATE='2023-07-11T00:00:00+00:00' AIRFLOW_CTX_TRY_NUMBER='1' AIRFLOW_CTX_DAG_RUN_ID='scheduled__2023-07-11T00:00:00+00:00'
[2024-12-19T08:56:59.495+0000] {taskinstance.py:731} INFO - ::endgroup::
[2024-12-19T08:56:59.562+0000] {subprocess.py:78} INFO - Tmp dir root location: /tmp
[2024-12-19T08:56:59.564+0000] {subprocess.py:88} INFO - Running command: ['/usr/bin/bash', '-c', 'echo I am the third task and I will be executed at the same time as the second task.']
[2024-12-19T08:56:59.630+0000] {subprocess.py:99} INFO - Output:
[2024-12-19T08:56:59.632+0000] {subprocess.py:106} INFO - I am the third task and I will be executed at the same time as the second task.
[2024-12-19T08:56:59.638+0000] {subprocess.py:110} INFO - Command exited with return code 0
[2024-12-19T08:56:59.680+0000] {taskinstance.py:340} INFO - ::group::Post task execution logs
[2024-12-19T08:56:59.683+0000] {taskinstance.py:352} INFO - Marking task as SUCCESS. dag_id=our_first_dag_v2, task_id=third_task, run_id=scheduled__2023-07-11T00:00:00+00:00, execution_date=20230711T000000, start_date=20241219T085658, end_date=20241219T085659
[2024-12-19T08:56:59.785+0000] {local_task_job_runner.py:266} INFO - Task exited with return code 0
[2024-12-19T08:56:59.804+0000] {local_task_job_runner.py:245} INFO - ::endgroup::
