[2024-12-19T13:51:16.440+0000] {local_task_job_runner.py:123} INFO - ::group::Pre task execution logs
[2024-12-19T13:51:16.511+0000] {taskinstance.py:2613} INFO - Dependencies all met for dep_context=non-requeueable deps ti=<TaskInstance: dag_with_taskflow_api.get_age scheduled__2024-09-20T00:00:00+00:00 [queued]>
[2024-12-19T13:51:16.558+0000] {taskinstance.py:2613} INFO - Dependencies all met for dep_context=requeueable deps ti=<TaskInstance: dag_with_taskflow_api.get_age scheduled__2024-09-20T00:00:00+00:00 [queued]>
[2024-12-19T13:51:16.571+0000] {taskinstance.py:2866} INFO - Starting attempt 1 of 6
[2024-12-19T13:51:16.813+0000] {taskinstance.py:2889} INFO - Executing <Task(_PythonDecoratedOperator): get_age> on 2024-09-20 00:00:00+00:00
[2024-12-19T13:51:16.870+0000] {logging_mixin.py:190} WARNING - /home/***/.local/lib/python3.12/site-packages/***/task/task_runner/standard_task_runner.py:70 DeprecationWarning: This process (pid=16014) is multi-threaded, use of fork() may lead to deadlocks in the child.
[2024-12-19T13:51:16.861+0000] {standard_task_runner.py:104} INFO - Running: ['***', 'tasks', 'run', 'dag_with_taskflow_api', 'get_age', 'scheduled__2024-09-20T00:00:00+00:00', '--job-id', '4331', '--raw', '--subdir', 'DAGS_FOLDER/dag_with_taskflow_api.py', '--cfg-path', '/tmp/tmpfek_7eai']
[2024-12-19T13:51:16.885+0000] {standard_task_runner.py:105} INFO - Job 4331: Subtask get_age
[2024-12-19T13:51:16.886+0000] {standard_task_runner.py:72} INFO - Started process 16032 to run task
[2024-12-19T13:51:17.011+0000] {task_command.py:467} INFO - Running <TaskInstance: dag_with_taskflow_api.get_age scheduled__2024-09-20T00:00:00+00:00 [running]> on host 02d979add40a
[2024-12-19T13:51:17.209+0000] {taskinstance.py:3132} INFO - Exporting env vars: AIRFLOW_CTX_DAG_OWNER='mateo' AIRFLOW_CTX_DAG_ID='dag_with_taskflow_api' AIRFLOW_CTX_TASK_ID='get_age' AIRFLOW_CTX_EXECUTION_DATE='2024-09-20T00:00:00+00:00' AIRFLOW_CTX_TRY_NUMBER='1' AIRFLOW_CTX_DAG_RUN_ID='scheduled__2024-09-20T00:00:00+00:00'
[2024-12-19T13:51:17.211+0000] {taskinstance.py:731} INFO - ::endgroup::
[2024-12-19T13:51:17.216+0000] {python.py:240} INFO - Done. Returned value was: 19
[2024-12-19T13:51:17.273+0000] {taskinstance.py:340} INFO - ::group::Post task execution logs
[2024-12-19T13:51:17.275+0000] {taskinstance.py:352} INFO - Marking task as SUCCESS. dag_id=dag_with_taskflow_api, task_id=get_age, run_id=scheduled__2024-09-20T00:00:00+00:00, execution_date=20240920T000000, start_date=20241219T135116, end_date=20241219T135117
[2024-12-19T13:51:17.376+0000] {local_task_job_runner.py:266} INFO - Task exited with return code 0
[2024-12-19T13:51:17.424+0000] {taskinstance.py:3895} INFO - 1 downstream tasks scheduled from follow-on schedule check
[2024-12-19T13:51:17.439+0000] {local_task_job_runner.py:245} INFO - ::endgroup::
[2024-12-20T10:28:48.213+0000] {local_task_job_runner.py:123} INFO - ::group::Pre task execution logs
[2024-12-20T10:28:48.248+0000] {taskinstance.py:2613} INFO - Dependencies all met for dep_context=non-requeueable deps ti=<TaskInstance: dag_with_taskflow_api.get_age scheduled__2024-09-20T00:00:00+00:00 [queued]>
[2024-12-20T10:28:48.275+0000] {taskinstance.py:2613} INFO - Dependencies all met for dep_context=requeueable deps ti=<TaskInstance: dag_with_taskflow_api.get_age scheduled__2024-09-20T00:00:00+00:00 [queued]>
[2024-12-20T10:28:48.278+0000] {taskinstance.py:2866} INFO - Starting attempt 1 of 6
[2024-12-20T10:28:48.300+0000] {taskinstance.py:2889} INFO - Executing <Task(_PythonDecoratedOperator): get_age> on 2024-09-20 00:00:00+00:00
[2024-12-20T10:28:48.322+0000] {logging_mixin.py:190} WARNING - /home/***/.local/lib/python3.12/site-packages/***/task/task_runner/standard_task_runner.py:70 DeprecationWarning: This process (pid=12621) is multi-threaded, use of fork() may lead to deadlocks in the child.
[2024-12-20T10:28:48.330+0000] {standard_task_runner.py:72} INFO - Started process 12630 to run task
[2024-12-20T10:28:48.325+0000] {standard_task_runner.py:104} INFO - Running: ['***', 'tasks', 'run', 'dag_with_taskflow_api', 'get_age', 'scheduled__2024-09-20T00:00:00+00:00', '--job-id', '4646', '--raw', '--subdir', 'DAGS_FOLDER/dag_with_taskflow_api.py', '--cfg-path', '/tmp/tmpjot6n05a']
[2024-12-20T10:28:48.337+0000] {standard_task_runner.py:105} INFO - Job 4646: Subtask get_age
[2024-12-20T10:28:48.443+0000] {task_command.py:467} INFO - Running <TaskInstance: dag_with_taskflow_api.get_age scheduled__2024-09-20T00:00:00+00:00 [running]> on host a998b5b3d359
[2024-12-20T10:28:48.568+0000] {taskinstance.py:3132} INFO - Exporting env vars: AIRFLOW_CTX_DAG_OWNER='mateo' AIRFLOW_CTX_DAG_ID='dag_with_taskflow_api' AIRFLOW_CTX_TASK_ID='get_age' AIRFLOW_CTX_EXECUTION_DATE='2024-09-20T00:00:00+00:00' AIRFLOW_CTX_TRY_NUMBER='1' AIRFLOW_CTX_DAG_RUN_ID='scheduled__2024-09-20T00:00:00+00:00'
[2024-12-20T10:28:48.571+0000] {taskinstance.py:731} INFO - ::endgroup::
[2024-12-20T10:28:48.574+0000] {python.py:240} INFO - Done. Returned value was: 19
[2024-12-20T10:28:48.606+0000] {taskinstance.py:340} INFO - ::group::Post task execution logs
[2024-12-20T10:28:48.607+0000] {taskinstance.py:352} INFO - Marking task as SUCCESS. dag_id=dag_with_taskflow_api, task_id=get_age, run_id=scheduled__2024-09-20T00:00:00+00:00, execution_date=20240920T000000, start_date=20241220T102848, end_date=20241220T102848
[2024-12-20T10:28:48.675+0000] {local_task_job_runner.py:266} INFO - Task exited with return code 0
[2024-12-20T10:28:48.685+0000] {local_task_job_runner.py:245} INFO - ::endgroup::
