[2024-12-19T13:51:59.769+0000] {local_task_job_runner.py:123} INFO - ::group::Pre task execution logs
[2024-12-19T13:51:59.793+0000] {taskinstance.py:2613} INFO - Dependencies all met for dep_context=non-requeueable deps ti=<TaskInstance: dag_with_taskflow_api.get_age scheduled__2024-11-15T00:00:00+00:00 [queued]>
[2024-12-19T13:51:59.824+0000] {taskinstance.py:2613} INFO - Dependencies all met for dep_context=requeueable deps ti=<TaskInstance: dag_with_taskflow_api.get_age scheduled__2024-11-15T00:00:00+00:00 [queued]>
[2024-12-19T13:51:59.826+0000] {taskinstance.py:2866} INFO - Starting attempt 1 of 6
[2024-12-19T13:51:59.855+0000] {taskinstance.py:2889} INFO - Executing <Task(_PythonDecoratedOperator): get_age> on 2024-11-15 00:00:00+00:00
[2024-12-19T13:51:59.889+0000] {logging_mixin.py:190} WARNING - /home/***/.local/lib/python3.12/site-packages/***/task/task_runner/standard_task_runner.py:70 DeprecationWarning: This process (pid=16541) is multi-threaded, use of fork() may lead to deadlocks in the child.
[2024-12-19T13:51:59.891+0000] {standard_task_runner.py:72} INFO - Started process 16557 to run task
[2024-12-19T13:51:59.875+0000] {standard_task_runner.py:104} INFO - Running: ['***', 'tasks', 'run', 'dag_with_taskflow_api', 'get_age', 'scheduled__2024-11-15T00:00:00+00:00', '--job-id', '4497', '--raw', '--subdir', 'DAGS_FOLDER/dag_with_taskflow_api.py', '--cfg-path', '/tmp/tmp8q14h32i']
[2024-12-19T13:51:59.898+0000] {standard_task_runner.py:105} INFO - Job 4497: Subtask get_age
[2024-12-19T13:52:00.098+0000] {task_command.py:467} INFO - Running <TaskInstance: dag_with_taskflow_api.get_age scheduled__2024-11-15T00:00:00+00:00 [running]> on host 02d979add40a
[2024-12-19T13:52:00.477+0000] {taskinstance.py:3132} INFO - Exporting env vars: AIRFLOW_CTX_DAG_OWNER='mateo' AIRFLOW_CTX_DAG_ID='dag_with_taskflow_api' AIRFLOW_CTX_TASK_ID='get_age' AIRFLOW_CTX_EXECUTION_DATE='2024-11-15T00:00:00+00:00' AIRFLOW_CTX_TRY_NUMBER='1' AIRFLOW_CTX_DAG_RUN_ID='scheduled__2024-11-15T00:00:00+00:00'
[2024-12-19T13:52:00.484+0000] {taskinstance.py:731} INFO - ::endgroup::
[2024-12-19T13:52:00.488+0000] {python.py:240} INFO - Done. Returned value was: 19
[2024-12-19T13:52:00.573+0000] {taskinstance.py:340} INFO - ::group::Post task execution logs
[2024-12-19T13:52:00.578+0000] {taskinstance.py:352} INFO - Marking task as SUCCESS. dag_id=dag_with_taskflow_api, task_id=get_age, run_id=scheduled__2024-11-15T00:00:00+00:00, execution_date=20241115T000000, start_date=20241219T135159, end_date=20241219T135200
[2024-12-19T13:52:00.658+0000] {local_task_job_runner.py:266} INFO - Task exited with return code 0
[2024-12-19T13:52:00.693+0000] {taskinstance.py:3895} INFO - 1 downstream tasks scheduled from follow-on schedule check
[2024-12-19T13:52:00.728+0000] {local_task_job_runner.py:245} INFO - ::endgroup::
[2024-12-20T10:29:33.176+0000] {local_task_job_runner.py:123} INFO - ::group::Pre task execution logs
[2024-12-20T10:29:33.195+0000] {taskinstance.py:2613} INFO - Dependencies all met for dep_context=non-requeueable deps ti=<TaskInstance: dag_with_taskflow_api.get_age scheduled__2024-11-15T00:00:00+00:00 [queued]>
[2024-12-20T10:29:33.204+0000] {taskinstance.py:2613} INFO - Dependencies all met for dep_context=requeueable deps ti=<TaskInstance: dag_with_taskflow_api.get_age scheduled__2024-11-15T00:00:00+00:00 [queued]>
[2024-12-20T10:29:33.206+0000] {taskinstance.py:2866} INFO - Starting attempt 1 of 6
[2024-12-20T10:29:33.223+0000] {taskinstance.py:2889} INFO - Executing <Task(_PythonDecoratedOperator): get_age> on 2024-11-15 00:00:00+00:00
[2024-12-20T10:29:33.236+0000] {logging_mixin.py:190} WARNING - /home/***/.local/lib/python3.12/site-packages/***/task/task_runner/standard_task_runner.py:70 DeprecationWarning: This process (pid=13169) is multi-threaded, use of fork() may lead to deadlocks in the child.
[2024-12-20T10:29:33.239+0000] {standard_task_runner.py:72} INFO - Started process 13179 to run task
[2024-12-20T10:29:33.241+0000] {standard_task_runner.py:104} INFO - Running: ['***', 'tasks', 'run', 'dag_with_taskflow_api', 'get_age', 'scheduled__2024-11-15T00:00:00+00:00', '--job-id', '4815', '--raw', '--subdir', 'DAGS_FOLDER/dag_with_taskflow_api.py', '--cfg-path', '/tmp/tmp0kg1afn8']
[2024-12-20T10:29:33.245+0000] {standard_task_runner.py:105} INFO - Job 4815: Subtask get_age
[2024-12-20T10:29:33.340+0000] {task_command.py:467} INFO - Running <TaskInstance: dag_with_taskflow_api.get_age scheduled__2024-11-15T00:00:00+00:00 [running]> on host a998b5b3d359
[2024-12-20T10:29:33.458+0000] {taskinstance.py:3132} INFO - Exporting env vars: AIRFLOW_CTX_DAG_OWNER='mateo' AIRFLOW_CTX_DAG_ID='dag_with_taskflow_api' AIRFLOW_CTX_TASK_ID='get_age' AIRFLOW_CTX_EXECUTION_DATE='2024-11-15T00:00:00+00:00' AIRFLOW_CTX_TRY_NUMBER='1' AIRFLOW_CTX_DAG_RUN_ID='scheduled__2024-11-15T00:00:00+00:00'
[2024-12-20T10:29:33.460+0000] {taskinstance.py:731} INFO - ::endgroup::
[2024-12-20T10:29:33.465+0000] {python.py:240} INFO - Done. Returned value was: 19
[2024-12-20T10:29:33.489+0000] {taskinstance.py:340} INFO - ::group::Post task execution logs
[2024-12-20T10:29:33.491+0000] {taskinstance.py:352} INFO - Marking task as SUCCESS. dag_id=dag_with_taskflow_api, task_id=get_age, run_id=scheduled__2024-11-15T00:00:00+00:00, execution_date=20241115T000000, start_date=20241220T102933, end_date=20241220T102933
[2024-12-20T10:29:33.543+0000] {local_task_job_runner.py:266} INFO - Task exited with return code 0
[2024-12-20T10:29:33.562+0000] {taskinstance.py:3895} INFO - 0 downstream tasks scheduled from follow-on schedule check
[2024-12-20T10:29:33.573+0000] {local_task_job_runner.py:245} INFO - ::endgroup::
