[2024-12-19T13:52:10.557+0000] {local_task_job_runner.py:123} INFO - ::group::Pre task execution logs
[2024-12-19T13:52:10.597+0000] {taskinstance.py:2613} INFO - Dependencies all met for dep_context=non-requeueable deps ti=<TaskInstance: dag_with_taskflow_api.greet scheduled__2024-11-28T00:00:00+00:00 [queued]>
[2024-12-19T13:52:10.611+0000] {taskinstance.py:2613} INFO - Dependencies all met for dep_context=requeueable deps ti=<TaskInstance: dag_with_taskflow_api.greet scheduled__2024-11-28T00:00:00+00:00 [queued]>
[2024-12-19T13:52:10.612+0000] {taskinstance.py:2866} INFO - Starting attempt 1 of 6
[2024-12-19T13:52:10.633+0000] {taskinstance.py:2889} INFO - Executing <Task(_PythonDecoratedOperator): greet> on 2024-11-28 00:00:00+00:00
[2024-12-19T13:52:10.644+0000] {logging_mixin.py:190} WARNING - /home/***/.local/lib/python3.12/site-packages/***/task/task_runner/standard_task_runner.py:70 DeprecationWarning: This process (pid=16689) is multi-threaded, use of fork() may lead to deadlocks in the child.
[2024-12-19T13:52:10.646+0000] {standard_task_runner.py:72} INFO - Started process 16694 to run task
[2024-12-19T13:52:10.649+0000] {standard_task_runner.py:104} INFO - Running: ['***', 'tasks', 'run', 'dag_with_taskflow_api', 'greet', 'scheduled__2024-11-28T00:00:00+00:00', '--job-id', '4542', '--raw', '--subdir', 'DAGS_FOLDER/dag_with_taskflow_api.py', '--cfg-path', '/tmp/tmp2g7rv27n']
[2024-12-19T13:52:10.652+0000] {standard_task_runner.py:105} INFO - Job 4542: Subtask greet
[2024-12-19T13:52:10.736+0000] {task_command.py:467} INFO - Running <TaskInstance: dag_with_taskflow_api.greet scheduled__2024-11-28T00:00:00+00:00 [running]> on host 02d979add40a
[2024-12-19T13:52:10.877+0000] {taskinstance.py:3132} INFO - Exporting env vars: AIRFLOW_CTX_DAG_OWNER='mateo' AIRFLOW_CTX_DAG_ID='dag_with_taskflow_api' AIRFLOW_CTX_TASK_ID='greet' AIRFLOW_CTX_EXECUTION_DATE='2024-11-28T00:00:00+00:00' AIRFLOW_CTX_TRY_NUMBER='1' AIRFLOW_CTX_DAG_RUN_ID='scheduled__2024-11-28T00:00:00+00:00'
[2024-12-19T13:52:10.879+0000] {taskinstance.py:731} INFO - ::endgroup::
[2024-12-19T13:52:10.883+0000] {logging_mixin.py:190} INFO - My name is Jerry. I am 19 years old.
[2024-12-19T13:52:10.884+0000] {python.py:240} INFO - Done. Returned value was: None
[2024-12-19T13:52:10.894+0000] {taskinstance.py:340} INFO - ::group::Post task execution logs
[2024-12-19T13:52:10.896+0000] {taskinstance.py:352} INFO - Marking task as SUCCESS. dag_id=dag_with_taskflow_api, task_id=greet, run_id=scheduled__2024-11-28T00:00:00+00:00, execution_date=20241128T000000, start_date=20241219T135210, end_date=20241219T135210
[2024-12-19T13:52:10.951+0000] {local_task_job_runner.py:266} INFO - Task exited with return code 0
[2024-12-19T13:52:10.968+0000] {taskinstance.py:3895} INFO - 0 downstream tasks scheduled from follow-on schedule check
[2024-12-19T13:52:10.970+0000] {local_task_job_runner.py:245} INFO - ::endgroup::
[2024-12-20T10:29:41.360+0000] {local_task_job_runner.py:123} INFO - ::group::Pre task execution logs
[2024-12-20T10:29:41.397+0000] {taskinstance.py:2613} INFO - Dependencies all met for dep_context=non-requeueable deps ti=<TaskInstance: dag_with_taskflow_api.greet scheduled__2024-11-28T00:00:00+00:00 [queued]>
[2024-12-20T10:29:41.423+0000] {taskinstance.py:2613} INFO - Dependencies all met for dep_context=requeueable deps ti=<TaskInstance: dag_with_taskflow_api.greet scheduled__2024-11-28T00:00:00+00:00 [queued]>
[2024-12-20T10:29:41.425+0000] {taskinstance.py:2866} INFO - Starting attempt 1 of 6
[2024-12-20T10:29:41.439+0000] {taskinstance.py:2889} INFO - Executing <Task(_PythonDecoratedOperator): greet> on 2024-11-28 00:00:00+00:00
[2024-12-20T10:29:41.448+0000] {logging_mixin.py:190} WARNING - /home/***/.local/lib/python3.12/site-packages/***/task/task_runner/standard_task_runner.py:70 DeprecationWarning: This process (pid=13308) is multi-threaded, use of fork() may lead to deadlocks in the child.
[2024-12-20T10:29:41.448+0000] {standard_task_runner.py:104} INFO - Running: ['***', 'tasks', 'run', 'dag_with_taskflow_api', 'greet', 'scheduled__2024-11-28T00:00:00+00:00', '--job-id', '4858', '--raw', '--subdir', 'DAGS_FOLDER/dag_with_taskflow_api.py', '--cfg-path', '/tmp/tmplxwv2u64']
[2024-12-20T10:29:41.450+0000] {standard_task_runner.py:72} INFO - Started process 13311 to run task
[2024-12-20T10:29:41.453+0000] {standard_task_runner.py:105} INFO - Job 4858: Subtask greet
[2024-12-20T10:29:41.505+0000] {task_command.py:467} INFO - Running <TaskInstance: dag_with_taskflow_api.greet scheduled__2024-11-28T00:00:00+00:00 [running]> on host a998b5b3d359
[2024-12-20T10:29:41.605+0000] {taskinstance.py:3132} INFO - Exporting env vars: AIRFLOW_CTX_DAG_OWNER='mateo' AIRFLOW_CTX_DAG_ID='dag_with_taskflow_api' AIRFLOW_CTX_TASK_ID='greet' AIRFLOW_CTX_EXECUTION_DATE='2024-11-28T00:00:00+00:00' AIRFLOW_CTX_TRY_NUMBER='1' AIRFLOW_CTX_DAG_RUN_ID='scheduled__2024-11-28T00:00:00+00:00'
[2024-12-20T10:29:41.606+0000] {taskinstance.py:731} INFO - ::endgroup::
[2024-12-20T10:29:41.609+0000] {logging_mixin.py:190} INFO - My name is Jerry. I am 19 years old.
[2024-12-20T10:29:41.610+0000] {python.py:240} INFO - Done. Returned value was: None
[2024-12-20T10:29:41.619+0000] {taskinstance.py:340} INFO - ::group::Post task execution logs
[2024-12-20T10:29:41.621+0000] {taskinstance.py:352} INFO - Marking task as SUCCESS. dag_id=dag_with_taskflow_api, task_id=greet, run_id=scheduled__2024-11-28T00:00:00+00:00, execution_date=20241128T000000, start_date=20241220T102941, end_date=20241220T102941
[2024-12-20T10:29:41.669+0000] {local_task_job_runner.py:266} INFO - Task exited with return code 0
[2024-12-20T10:29:41.687+0000] {taskinstance.py:3895} INFO - 0 downstream tasks scheduled from follow-on schedule check
[2024-12-20T10:29:41.689+0000] {local_task_job_runner.py:245} INFO - ::endgroup::
