[2024-12-19T13:52:24.770+0000] {local_task_job_runner.py:123} INFO - ::group::Pre task execution logs
[2024-12-19T13:52:24.794+0000] {taskinstance.py:2613} INFO - Dependencies all met for dep_context=non-requeueable deps ti=<TaskInstance: dag_with_taskflow_api.greet scheduled__2024-12-17T00:00:00+00:00 [queued]>
[2024-12-19T13:52:24.809+0000] {taskinstance.py:2613} INFO - Dependencies all met for dep_context=requeueable deps ti=<TaskInstance: dag_with_taskflow_api.greet scheduled__2024-12-17T00:00:00+00:00 [queued]>
[2024-12-19T13:52:24.811+0000] {taskinstance.py:2866} INFO - Starting attempt 1 of 6
[2024-12-19T13:52:24.829+0000] {taskinstance.py:2889} INFO - Executing <Task(_PythonDecoratedOperator): greet> on 2024-12-17 00:00:00+00:00
[2024-12-19T13:52:24.839+0000] {logging_mixin.py:190} WARNING - /home/***/.local/lib/python3.12/site-packages/***/task/task_runner/standard_task_runner.py:70 DeprecationWarning: This process (pid=16887) is multi-threaded, use of fork() may lead to deadlocks in the child.
[2024-12-19T13:52:24.840+0000] {standard_task_runner.py:104} INFO - Running: ['***', 'tasks', 'run', 'dag_with_taskflow_api', 'greet', 'scheduled__2024-12-17T00:00:00+00:00', '--job-id', '4601', '--raw', '--subdir', 'DAGS_FOLDER/dag_with_taskflow_api.py', '--cfg-path', '/tmp/tmpu59kyxhy']
[2024-12-19T13:52:24.846+0000] {standard_task_runner.py:105} INFO - Job 4601: Subtask greet
[2024-12-19T13:52:24.845+0000] {standard_task_runner.py:72} INFO - Started process 16894 to run task
[2024-12-19T13:52:24.919+0000] {task_command.py:467} INFO - Running <TaskInstance: dag_with_taskflow_api.greet scheduled__2024-12-17T00:00:00+00:00 [running]> on host 02d979add40a
[2024-12-19T13:52:25.042+0000] {taskinstance.py:3132} INFO - Exporting env vars: AIRFLOW_CTX_DAG_OWNER='mateo' AIRFLOW_CTX_DAG_ID='dag_with_taskflow_api' AIRFLOW_CTX_TASK_ID='greet' AIRFLOW_CTX_EXECUTION_DATE='2024-12-17T00:00:00+00:00' AIRFLOW_CTX_TRY_NUMBER='1' AIRFLOW_CTX_DAG_RUN_ID='scheduled__2024-12-17T00:00:00+00:00'
[2024-12-19T13:52:25.045+0000] {taskinstance.py:731} INFO - ::endgroup::
[2024-12-19T13:52:25.048+0000] {logging_mixin.py:190} INFO - My name is Jerry. I am 19 years old.
[2024-12-19T13:52:25.049+0000] {python.py:240} INFO - Done. Returned value was: None
[2024-12-19T13:52:25.058+0000] {taskinstance.py:340} INFO - ::group::Post task execution logs
[2024-12-19T13:52:25.060+0000] {taskinstance.py:352} INFO - Marking task as SUCCESS. dag_id=dag_with_taskflow_api, task_id=greet, run_id=scheduled__2024-12-17T00:00:00+00:00, execution_date=20241217T000000, start_date=20241219T135224, end_date=20241219T135225
[2024-12-19T13:52:25.109+0000] {local_task_job_runner.py:266} INFO - Task exited with return code 0
[2024-12-19T13:52:25.125+0000] {taskinstance.py:3895} INFO - 0 downstream tasks scheduled from follow-on schedule check
[2024-12-19T13:52:25.128+0000] {local_task_job_runner.py:245} INFO - ::endgroup::
[2024-12-20T10:29:59.481+0000] {local_task_job_runner.py:123} INFO - ::group::Pre task execution logs
[2024-12-20T10:29:59.502+0000] {taskinstance.py:2613} INFO - Dependencies all met for dep_context=non-requeueable deps ti=<TaskInstance: dag_with_taskflow_api.greet scheduled__2024-12-17T00:00:00+00:00 [queued]>
[2024-12-20T10:29:59.514+0000] {taskinstance.py:2613} INFO - Dependencies all met for dep_context=requeueable deps ti=<TaskInstance: dag_with_taskflow_api.greet scheduled__2024-12-17T00:00:00+00:00 [queued]>
[2024-12-20T10:29:59.515+0000] {taskinstance.py:2866} INFO - Starting attempt 1 of 6
[2024-12-20T10:29:59.529+0000] {taskinstance.py:2889} INFO - Executing <Task(_PythonDecoratedOperator): greet> on 2024-12-17 00:00:00+00:00
[2024-12-20T10:29:59.539+0000] {logging_mixin.py:190} WARNING - /home/***/.local/lib/python3.12/site-packages/***/task/task_runner/standard_task_runner.py:70 DeprecationWarning: This process (pid=13520) is multi-threaded, use of fork() may lead to deadlocks in the child.
[2024-12-20T10:29:59.540+0000] {standard_task_runner.py:104} INFO - Running: ['***', 'tasks', 'run', 'dag_with_taskflow_api', 'greet', 'scheduled__2024-12-17T00:00:00+00:00', '--job-id', '4919', '--raw', '--subdir', 'DAGS_FOLDER/dag_with_taskflow_api.py', '--cfg-path', '/tmp/tmpsekxfmxz']
[2024-12-20T10:29:59.542+0000] {standard_task_runner.py:72} INFO - Started process 13525 to run task
[2024-12-20T10:29:59.543+0000] {standard_task_runner.py:105} INFO - Job 4919: Subtask greet
[2024-12-20T10:29:59.596+0000] {task_command.py:467} INFO - Running <TaskInstance: dag_with_taskflow_api.greet scheduled__2024-12-17T00:00:00+00:00 [running]> on host a998b5b3d359
[2024-12-20T10:29:59.712+0000] {taskinstance.py:3132} INFO - Exporting env vars: AIRFLOW_CTX_DAG_OWNER='mateo' AIRFLOW_CTX_DAG_ID='dag_with_taskflow_api' AIRFLOW_CTX_TASK_ID='greet' AIRFLOW_CTX_EXECUTION_DATE='2024-12-17T00:00:00+00:00' AIRFLOW_CTX_TRY_NUMBER='1' AIRFLOW_CTX_DAG_RUN_ID='scheduled__2024-12-17T00:00:00+00:00'
[2024-12-20T10:29:59.714+0000] {taskinstance.py:731} INFO - ::endgroup::
[2024-12-20T10:29:59.720+0000] {logging_mixin.py:190} INFO - My name is Jerry. I am 19 years old.
[2024-12-20T10:29:59.721+0000] {python.py:240} INFO - Done. Returned value was: None
[2024-12-20T10:29:59.730+0000] {taskinstance.py:340} INFO - ::group::Post task execution logs
[2024-12-20T10:29:59.731+0000] {taskinstance.py:352} INFO - Marking task as SUCCESS. dag_id=dag_with_taskflow_api, task_id=greet, run_id=scheduled__2024-12-17T00:00:00+00:00, execution_date=20241217T000000, start_date=20241220T102959, end_date=20241220T102959
[2024-12-20T10:29:59.760+0000] {local_task_job_runner.py:266} INFO - Task exited with return code 0
[2024-12-20T10:29:59.775+0000] {taskinstance.py:3895} INFO - 0 downstream tasks scheduled from follow-on schedule check
[2024-12-20T10:29:59.777+0000] {local_task_job_runner.py:245} INFO - ::endgroup::
