[2024-12-19T13:51:33.859+0000] {local_task_job_runner.py:123} INFO - ::group::Pre task execution logs
[2024-12-19T13:51:33.978+0000] {taskinstance.py:2613} INFO - Dependencies all met for dep_context=non-requeueable deps ti=<TaskInstance: dag_with_taskflow_api.get_age scheduled__2024-10-14T00:00:00+00:00 [queued]>
[2024-12-19T13:51:34.042+0000] {taskinstance.py:2613} INFO - Dependencies all met for dep_context=requeueable deps ti=<TaskInstance: dag_with_taskflow_api.get_age scheduled__2024-10-14T00:00:00+00:00 [queued]>
[2024-12-19T13:51:34.052+0000] {taskinstance.py:2866} INFO - Starting attempt 1 of 6
[2024-12-19T13:51:34.137+0000] {taskinstance.py:2889} INFO - Executing <Task(_PythonDecoratedOperator): get_age> on 2024-10-14 00:00:00+00:00
[2024-12-19T13:51:34.208+0000] {standard_task_runner.py:104} INFO - Running: ['***', 'tasks', 'run', 'dag_with_taskflow_api', 'get_age', 'scheduled__2024-10-14T00:00:00+00:00', '--job-id', '4400', '--raw', '--subdir', 'DAGS_FOLDER/dag_with_taskflow_api.py', '--cfg-path', '/tmp/tmpcf2gyxoq']
[2024-12-19T13:51:34.227+0000] {standard_task_runner.py:105} INFO - Job 4400: Subtask get_age
[2024-12-19T13:51:34.242+0000] {logging_mixin.py:190} WARNING - /home/***/.local/lib/python3.12/site-packages/***/task/task_runner/standard_task_runner.py:70 DeprecationWarning: This process (pid=16231) is multi-threaded, use of fork() may lead to deadlocks in the child.
[2024-12-19T13:51:34.262+0000] {standard_task_runner.py:72} INFO - Started process 16247 to run task
[2024-12-19T13:51:34.435+0000] {task_command.py:467} INFO - Running <TaskInstance: dag_with_taskflow_api.get_age scheduled__2024-10-14T00:00:00+00:00 [running]> on host 02d979add40a
[2024-12-19T13:51:35.014+0000] {taskinstance.py:3132} INFO - Exporting env vars: AIRFLOW_CTX_DAG_OWNER='mateo' AIRFLOW_CTX_DAG_ID='dag_with_taskflow_api' AIRFLOW_CTX_TASK_ID='get_age' AIRFLOW_CTX_EXECUTION_DATE='2024-10-14T00:00:00+00:00' AIRFLOW_CTX_TRY_NUMBER='1' AIRFLOW_CTX_DAG_RUN_ID='scheduled__2024-10-14T00:00:00+00:00'
[2024-12-19T13:51:35.018+0000] {taskinstance.py:731} INFO - ::endgroup::
[2024-12-19T13:51:35.029+0000] {python.py:240} INFO - Done. Returned value was: 19
[2024-12-19T13:51:35.085+0000] {taskinstance.py:340} INFO - ::group::Post task execution logs
[2024-12-19T13:51:35.086+0000] {taskinstance.py:352} INFO - Marking task as SUCCESS. dag_id=dag_with_taskflow_api, task_id=get_age, run_id=scheduled__2024-10-14T00:00:00+00:00, execution_date=20241014T000000, start_date=20241219T135133, end_date=20241219T135135
[2024-12-19T13:51:35.179+0000] {local_task_job_runner.py:266} INFO - Task exited with return code 0
[2024-12-19T13:51:35.202+0000] {local_task_job_runner.py:245} INFO - ::endgroup::
[2024-12-20T10:29:08.230+0000] {local_task_job_runner.py:123} INFO - ::group::Pre task execution logs
[2024-12-20T10:29:08.247+0000] {taskinstance.py:2613} INFO - Dependencies all met for dep_context=non-requeueable deps ti=<TaskInstance: dag_with_taskflow_api.get_age scheduled__2024-10-14T00:00:00+00:00 [queued]>
[2024-12-20T10:29:08.261+0000] {taskinstance.py:2613} INFO - Dependencies all met for dep_context=requeueable deps ti=<TaskInstance: dag_with_taskflow_api.get_age scheduled__2024-10-14T00:00:00+00:00 [queued]>
[2024-12-20T10:29:08.265+0000] {taskinstance.py:2866} INFO - Starting attempt 1 of 6
[2024-12-20T10:29:08.283+0000] {taskinstance.py:2889} INFO - Executing <Task(_PythonDecoratedOperator): get_age> on 2024-10-14 00:00:00+00:00
[2024-12-20T10:29:08.303+0000] {standard_task_runner.py:104} INFO - Running: ['***', 'tasks', 'run', 'dag_with_taskflow_api', 'get_age', 'scheduled__2024-10-14T00:00:00+00:00', '--job-id', '4719', '--raw', '--subdir', 'DAGS_FOLDER/dag_with_taskflow_api.py', '--cfg-path', '/tmp/tmpikctmg18']
[2024-12-20T10:29:08.309+0000] {standard_task_runner.py:105} INFO - Job 4719: Subtask get_age
[2024-12-20T10:29:08.320+0000] {logging_mixin.py:190} WARNING - /home/***/.local/lib/python3.12/site-packages/***/task/task_runner/standard_task_runner.py:70 DeprecationWarning: This process (pid=12848) is multi-threaded, use of fork() may lead to deadlocks in the child.
[2024-12-20T10:29:08.323+0000] {standard_task_runner.py:72} INFO - Started process 12859 to run task
[2024-12-20T10:29:08.417+0000] {task_command.py:467} INFO - Running <TaskInstance: dag_with_taskflow_api.get_age scheduled__2024-10-14T00:00:00+00:00 [running]> on host a998b5b3d359
[2024-12-20T10:29:08.678+0000] {taskinstance.py:3132} INFO - Exporting env vars: AIRFLOW_CTX_DAG_OWNER='mateo' AIRFLOW_CTX_DAG_ID='dag_with_taskflow_api' AIRFLOW_CTX_TASK_ID='get_age' AIRFLOW_CTX_EXECUTION_DATE='2024-10-14T00:00:00+00:00' AIRFLOW_CTX_TRY_NUMBER='1' AIRFLOW_CTX_DAG_RUN_ID='scheduled__2024-10-14T00:00:00+00:00'
[2024-12-20T10:29:08.682+0000] {taskinstance.py:731} INFO - ::endgroup::
[2024-12-20T10:29:08.687+0000] {python.py:240} INFO - Done. Returned value was: 19
[2024-12-20T10:29:08.735+0000] {taskinstance.py:340} INFO - ::group::Post task execution logs
[2024-12-20T10:29:08.737+0000] {taskinstance.py:352} INFO - Marking task as SUCCESS. dag_id=dag_with_taskflow_api, task_id=get_age, run_id=scheduled__2024-10-14T00:00:00+00:00, execution_date=20241014T000000, start_date=20241220T102908, end_date=20241220T102908
[2024-12-20T10:29:08.800+0000] {local_task_job_runner.py:266} INFO - Task exited with return code 0
[2024-12-20T10:29:08.822+0000] {taskinstance.py:3895} INFO - 0 downstream tasks scheduled from follow-on schedule check
[2024-12-20T10:29:08.826+0000] {local_task_job_runner.py:245} INFO - ::endgroup::
