[2024-12-19T13:51:22.685+0000] {local_task_job_runner.py:123} INFO - ::group::Pre task execution logs
[2024-12-19T13:51:22.718+0000] {taskinstance.py:2613} INFO - Dependencies all met for dep_context=non-requeueable deps ti=<TaskInstance: dag_with_taskflow_api.greet scheduled__2024-09-28T00:00:00+00:00 [queued]>
[2024-12-19T13:51:22.731+0000] {taskinstance.py:2613} INFO - Dependencies all met for dep_context=requeueable deps ti=<TaskInstance: dag_with_taskflow_api.greet scheduled__2024-09-28T00:00:00+00:00 [queued]>
[2024-12-19T13:51:22.732+0000] {taskinstance.py:2866} INFO - Starting attempt 1 of 6
[2024-12-19T13:51:22.745+0000] {taskinstance.py:2889} INFO - Executing <Task(_PythonDecoratedOperator): greet> on 2024-09-28 00:00:00+00:00
[2024-12-19T13:51:22.755+0000] {logging_mixin.py:190} WARNING - /home/***/.local/lib/python3.12/site-packages/***/task/task_runner/standard_task_runner.py:70 DeprecationWarning: This process (pid=16116) is multi-threaded, use of fork() may lead to deadlocks in the child.
[2024-12-19T13:51:22.757+0000] {standard_task_runner.py:72} INFO - Started process 16117 to run task
[2024-12-19T13:51:22.756+0000] {standard_task_runner.py:104} INFO - Running: ['***', 'tasks', 'run', 'dag_with_taskflow_api', 'greet', 'scheduled__2024-09-28T00:00:00+00:00', '--job-id', '4359', '--raw', '--subdir', 'DAGS_FOLDER/dag_with_taskflow_api.py', '--cfg-path', '/tmp/tmp9psp98h1']
[2024-12-19T13:51:22.759+0000] {standard_task_runner.py:105} INFO - Job 4359: Subtask greet
[2024-12-19T13:51:22.813+0000] {task_command.py:467} INFO - Running <TaskInstance: dag_with_taskflow_api.greet scheduled__2024-09-28T00:00:00+00:00 [running]> on host 02d979add40a
[2024-12-19T13:51:22.936+0000] {taskinstance.py:3132} INFO - Exporting env vars: AIRFLOW_CTX_DAG_OWNER='mateo' AIRFLOW_CTX_DAG_ID='dag_with_taskflow_api' AIRFLOW_CTX_TASK_ID='greet' AIRFLOW_CTX_EXECUTION_DATE='2024-09-28T00:00:00+00:00' AIRFLOW_CTX_TRY_NUMBER='1' AIRFLOW_CTX_DAG_RUN_ID='scheduled__2024-09-28T00:00:00+00:00'
[2024-12-19T13:51:22.940+0000] {taskinstance.py:731} INFO - ::endgroup::
[2024-12-19T13:51:22.943+0000] {logging_mixin.py:190} INFO - My name is Jerry. I am 19 years old.
[2024-12-19T13:51:22.944+0000] {python.py:240} INFO - Done. Returned value was: None
[2024-12-19T13:51:22.955+0000] {taskinstance.py:340} INFO - ::group::Post task execution logs
[2024-12-19T13:51:22.956+0000] {taskinstance.py:352} INFO - Marking task as SUCCESS. dag_id=dag_with_taskflow_api, task_id=greet, run_id=scheduled__2024-09-28T00:00:00+00:00, execution_date=20240928T000000, start_date=20241219T135122, end_date=20241219T135122
[2024-12-19T13:51:23.015+0000] {local_task_job_runner.py:266} INFO - Task exited with return code 0
[2024-12-19T13:51:23.033+0000] {taskinstance.py:3895} INFO - 0 downstream tasks scheduled from follow-on schedule check
[2024-12-19T13:51:23.035+0000] {local_task_job_runner.py:245} INFO - ::endgroup::
[2024-12-20T10:28:56.551+0000] {local_task_job_runner.py:123} INFO - ::group::Pre task execution logs
[2024-12-20T10:28:56.569+0000] {taskinstance.py:2613} INFO - Dependencies all met for dep_context=non-requeueable deps ti=<TaskInstance: dag_with_taskflow_api.greet scheduled__2024-09-28T00:00:00+00:00 [queued]>
[2024-12-20T10:28:56.578+0000] {taskinstance.py:2613} INFO - Dependencies all met for dep_context=requeueable deps ti=<TaskInstance: dag_with_taskflow_api.greet scheduled__2024-09-28T00:00:00+00:00 [queued]>
[2024-12-20T10:28:56.579+0000] {taskinstance.py:2866} INFO - Starting attempt 1 of 6
[2024-12-20T10:28:56.591+0000] {taskinstance.py:2889} INFO - Executing <Task(_PythonDecoratedOperator): greet> on 2024-09-28 00:00:00+00:00
[2024-12-20T10:28:56.599+0000] {logging_mixin.py:190} WARNING - /home/***/.local/lib/python3.12/site-packages/***/task/task_runner/standard_task_runner.py:70 DeprecationWarning: This process (pid=12717) is multi-threaded, use of fork() may lead to deadlocks in the child.
[2024-12-20T10:28:56.600+0000] {standard_task_runner.py:104} INFO - Running: ['***', 'tasks', 'run', 'dag_with_taskflow_api', 'greet', 'scheduled__2024-09-28T00:00:00+00:00', '--job-id', '4675', '--raw', '--subdir', 'DAGS_FOLDER/dag_with_taskflow_api.py', '--cfg-path', '/tmp/tmp_skrgd5l']
[2024-12-20T10:28:56.602+0000] {standard_task_runner.py:72} INFO - Started process 12718 to run task
[2024-12-20T10:28:56.604+0000] {standard_task_runner.py:105} INFO - Job 4675: Subtask greet
[2024-12-20T10:28:56.656+0000] {task_command.py:467} INFO - Running <TaskInstance: dag_with_taskflow_api.greet scheduled__2024-09-28T00:00:00+00:00 [running]> on host a998b5b3d359
[2024-12-20T10:28:56.799+0000] {taskinstance.py:3132} INFO - Exporting env vars: AIRFLOW_CTX_DAG_OWNER='mateo' AIRFLOW_CTX_DAG_ID='dag_with_taskflow_api' AIRFLOW_CTX_TASK_ID='greet' AIRFLOW_CTX_EXECUTION_DATE='2024-09-28T00:00:00+00:00' AIRFLOW_CTX_TRY_NUMBER='1' AIRFLOW_CTX_DAG_RUN_ID='scheduled__2024-09-28T00:00:00+00:00'
[2024-12-20T10:28:56.801+0000] {taskinstance.py:731} INFO - ::endgroup::
[2024-12-20T10:28:56.805+0000] {logging_mixin.py:190} INFO - My name is Jerry. I am 19 years old.
[2024-12-20T10:28:56.806+0000] {python.py:240} INFO - Done. Returned value was: None
[2024-12-20T10:28:56.816+0000] {taskinstance.py:340} INFO - ::group::Post task execution logs
[2024-12-20T10:28:56.817+0000] {taskinstance.py:352} INFO - Marking task as SUCCESS. dag_id=dag_with_taskflow_api, task_id=greet, run_id=scheduled__2024-09-28T00:00:00+00:00, execution_date=20240928T000000, start_date=20241220T102856, end_date=20241220T102856
[2024-12-20T10:28:56.863+0000] {local_task_job_runner.py:266} INFO - Task exited with return code 0
[2024-12-20T10:28:56.882+0000] {taskinstance.py:3895} INFO - 0 downstream tasks scheduled from follow-on schedule check
[2024-12-20T10:28:56.884+0000] {local_task_job_runner.py:245} INFO - ::endgroup::
