[2024-12-19T13:51:50.750+0000] {local_task_job_runner.py:123} INFO - ::group::Pre task execution logs
[2024-12-19T13:51:50.791+0000] {taskinstance.py:2613} INFO - Dependencies all met for dep_context=non-requeueable deps ti=<TaskInstance: dag_with_taskflow_api.get_age scheduled__2024-11-02T00:00:00+00:00 [queued]>
[2024-12-19T13:51:50.823+0000] {taskinstance.py:2613} INFO - Dependencies all met for dep_context=requeueable deps ti=<TaskInstance: dag_with_taskflow_api.get_age scheduled__2024-11-02T00:00:00+00:00 [queued]>
[2024-12-19T13:51:50.826+0000] {taskinstance.py:2866} INFO - Starting attempt 1 of 6
[2024-12-19T13:51:50.939+0000] {taskinstance.py:2889} INFO - Executing <Task(_PythonDecoratedOperator): get_age> on 2024-11-02 00:00:00+00:00
[2024-12-19T13:51:50.984+0000] {logging_mixin.py:190} WARNING - /home/***/.local/lib/python3.12/site-packages/***/task/task_runner/standard_task_runner.py:70 DeprecationWarning: This process (pid=16419) is multi-threaded, use of fork() may lead to deadlocks in the child.
[2024-12-19T13:51:50.994+0000] {standard_task_runner.py:72} INFO - Started process 16437 to run task
[2024-12-19T13:51:50.989+0000] {standard_task_runner.py:104} INFO - Running: ['***', 'tasks', 'run', 'dag_with_taskflow_api', 'get_age', 'scheduled__2024-11-02T00:00:00+00:00', '--job-id', '4459', '--raw', '--subdir', 'DAGS_FOLDER/dag_with_taskflow_api.py', '--cfg-path', '/tmp/tmpaa2fo4sj']
[2024-12-19T13:51:51.001+0000] {standard_task_runner.py:105} INFO - Job 4459: Subtask get_age
[2024-12-19T13:51:51.208+0000] {task_command.py:467} INFO - Running <TaskInstance: dag_with_taskflow_api.get_age scheduled__2024-11-02T00:00:00+00:00 [running]> on host 02d979add40a
[2024-12-19T13:51:51.716+0000] {taskinstance.py:3132} INFO - Exporting env vars: AIRFLOW_CTX_DAG_OWNER='mateo' AIRFLOW_CTX_DAG_ID='dag_with_taskflow_api' AIRFLOW_CTX_TASK_ID='get_age' AIRFLOW_CTX_EXECUTION_DATE='2024-11-02T00:00:00+00:00' AIRFLOW_CTX_TRY_NUMBER='1' AIRFLOW_CTX_DAG_RUN_ID='scheduled__2024-11-02T00:00:00+00:00'
[2024-12-19T13:51:51.721+0000] {taskinstance.py:731} INFO - ::endgroup::
[2024-12-19T13:51:51.726+0000] {python.py:240} INFO - Done. Returned value was: 19
[2024-12-19T13:51:51.775+0000] {taskinstance.py:340} INFO - ::group::Post task execution logs
[2024-12-19T13:51:51.778+0000] {taskinstance.py:352} INFO - Marking task as SUCCESS. dag_id=dag_with_taskflow_api, task_id=get_age, run_id=scheduled__2024-11-02T00:00:00+00:00, execution_date=20241102T000000, start_date=20241219T135150, end_date=20241219T135151
[2024-12-19T13:51:51.926+0000] {local_task_job_runner.py:266} INFO - Task exited with return code 0
[2024-12-19T13:51:51.998+0000] {taskinstance.py:3895} INFO - 1 downstream tasks scheduled from follow-on schedule check
[2024-12-19T13:51:52.016+0000] {local_task_job_runner.py:245} INFO - ::endgroup::
[2024-12-20T10:29:22.098+0000] {local_task_job_runner.py:123} INFO - ::group::Pre task execution logs
[2024-12-20T10:29:22.129+0000] {taskinstance.py:2613} INFO - Dependencies all met for dep_context=non-requeueable deps ti=<TaskInstance: dag_with_taskflow_api.get_age scheduled__2024-11-02T00:00:00+00:00 [queued]>
[2024-12-20T10:29:22.146+0000] {taskinstance.py:2613} INFO - Dependencies all met for dep_context=requeueable deps ti=<TaskInstance: dag_with_taskflow_api.get_age scheduled__2024-11-02T00:00:00+00:00 [queued]>
[2024-12-20T10:29:22.147+0000] {taskinstance.py:2866} INFO - Starting attempt 1 of 6
[2024-12-20T10:29:22.174+0000] {taskinstance.py:2889} INFO - Executing <Task(_PythonDecoratedOperator): get_age> on 2024-11-02 00:00:00+00:00
[2024-12-20T10:29:22.186+0000] {logging_mixin.py:190} WARNING - /home/***/.local/lib/python3.12/site-packages/***/task/task_runner/standard_task_runner.py:70 DeprecationWarning: This process (pid=13054) is multi-threaded, use of fork() may lead to deadlocks in the child.
[2024-12-20T10:29:22.189+0000] {standard_task_runner.py:72} INFO - Started process 13064 to run task
[2024-12-20T10:29:22.193+0000] {standard_task_runner.py:104} INFO - Running: ['***', 'tasks', 'run', 'dag_with_taskflow_api', 'get_age', 'scheduled__2024-11-02T00:00:00+00:00', '--job-id', '4777', '--raw', '--subdir', 'DAGS_FOLDER/dag_with_taskflow_api.py', '--cfg-path', '/tmp/tmpqvnt61ls']
[2024-12-20T10:29:22.198+0000] {standard_task_runner.py:105} INFO - Job 4777: Subtask get_age
[2024-12-20T10:29:22.302+0000] {task_command.py:467} INFO - Running <TaskInstance: dag_with_taskflow_api.get_age scheduled__2024-11-02T00:00:00+00:00 [running]> on host a998b5b3d359
[2024-12-20T10:29:22.484+0000] {taskinstance.py:3132} INFO - Exporting env vars: AIRFLOW_CTX_DAG_OWNER='mateo' AIRFLOW_CTX_DAG_ID='dag_with_taskflow_api' AIRFLOW_CTX_TASK_ID='get_age' AIRFLOW_CTX_EXECUTION_DATE='2024-11-02T00:00:00+00:00' AIRFLOW_CTX_TRY_NUMBER='1' AIRFLOW_CTX_DAG_RUN_ID='scheduled__2024-11-02T00:00:00+00:00'
[2024-12-20T10:29:22.487+0000] {taskinstance.py:731} INFO - ::endgroup::
[2024-12-20T10:29:22.492+0000] {python.py:240} INFO - Done. Returned value was: 19
[2024-12-20T10:29:22.525+0000] {taskinstance.py:340} INFO - ::group::Post task execution logs
[2024-12-20T10:29:22.527+0000] {taskinstance.py:352} INFO - Marking task as SUCCESS. dag_id=dag_with_taskflow_api, task_id=get_age, run_id=scheduled__2024-11-02T00:00:00+00:00, execution_date=20241102T000000, start_date=20241220T102922, end_date=20241220T102922
[2024-12-20T10:29:22.581+0000] {local_task_job_runner.py:266} INFO - Task exited with return code 0
[2024-12-20T10:29:22.606+0000] {taskinstance.py:3895} INFO - 1 downstream tasks scheduled from follow-on schedule check
[2024-12-20T10:29:22.610+0000] {local_task_job_runner.py:245} INFO - ::endgroup::
