[2024-12-19T13:51:58.978+0000] {local_task_job_runner.py:123} INFO - ::group::Pre task execution logs
[2024-12-19T13:51:59.028+0000] {taskinstance.py:2613} INFO - Dependencies all met for dep_context=non-requeueable deps ti=<TaskInstance: dag_with_taskflow_api.get_name scheduled__2024-11-13T00:00:00+00:00 [queued]>
[2024-12-19T13:51:59.066+0000] {taskinstance.py:2613} INFO - Dependencies all met for dep_context=requeueable deps ti=<TaskInstance: dag_with_taskflow_api.get_name scheduled__2024-11-13T00:00:00+00:00 [queued]>
[2024-12-19T13:51:59.068+0000] {taskinstance.py:2866} INFO - Starting attempt 1 of 6
[2024-12-19T13:51:59.213+0000] {taskinstance.py:2889} INFO - Executing <Task(_PythonDecoratedOperator): get_name> on 2024-11-13 00:00:00+00:00
[2024-12-19T13:51:59.258+0000] {logging_mixin.py:190} WARNING - /home/***/.local/lib/python3.12/site-packages/***/task/task_runner/standard_task_runner.py:70 DeprecationWarning: This process (pid=16527) is multi-threaded, use of fork() may lead to deadlocks in the child.
[2024-12-19T13:51:59.299+0000] {standard_task_runner.py:72} INFO - Started process 16546 to run task
[2024-12-19T13:51:59.254+0000] {standard_task_runner.py:104} INFO - Running: ['***', 'tasks', 'run', 'dag_with_taskflow_api', 'get_name', 'scheduled__2024-11-13T00:00:00+00:00', '--job-id', '4493', '--raw', '--subdir', 'DAGS_FOLDER/dag_with_taskflow_api.py', '--cfg-path', '/tmp/tmp0ui9goro']
[2024-12-19T13:51:59.323+0000] {standard_task_runner.py:105} INFO - Job 4493: Subtask get_name
[2024-12-19T13:51:59.576+0000] {task_command.py:467} INFO - Running <TaskInstance: dag_with_taskflow_api.get_name scheduled__2024-11-13T00:00:00+00:00 [running]> on host 02d979add40a
[2024-12-19T13:51:59.819+0000] {taskinstance.py:3132} INFO - Exporting env vars: AIRFLOW_CTX_DAG_OWNER='mateo' AIRFLOW_CTX_DAG_ID='dag_with_taskflow_api' AIRFLOW_CTX_TASK_ID='get_name' AIRFLOW_CTX_EXECUTION_DATE='2024-11-13T00:00:00+00:00' AIRFLOW_CTX_TRY_NUMBER='1' AIRFLOW_CTX_DAG_RUN_ID='scheduled__2024-11-13T00:00:00+00:00'
[2024-12-19T13:51:59.821+0000] {taskinstance.py:731} INFO - ::endgroup::
[2024-12-19T13:51:59.826+0000] {python.py:240} INFO - Done. Returned value was: Jerry
[2024-12-19T13:51:59.881+0000] {taskinstance.py:340} INFO - ::group::Post task execution logs
[2024-12-19T13:51:59.883+0000] {taskinstance.py:352} INFO - Marking task as SUCCESS. dag_id=dag_with_taskflow_api, task_id=get_name, run_id=scheduled__2024-11-13T00:00:00+00:00, execution_date=20241113T000000, start_date=20241219T135159, end_date=20241219T135159
[2024-12-19T13:51:59.946+0000] {local_task_job_runner.py:266} INFO - Task exited with return code 0
[2024-12-19T13:51:59.983+0000] {taskinstance.py:3895} INFO - 1 downstream tasks scheduled from follow-on schedule check
[2024-12-19T13:51:59.988+0000] {local_task_job_runner.py:245} INFO - ::endgroup::
[2024-12-20T10:29:32.635+0000] {local_task_job_runner.py:123} INFO - ::group::Pre task execution logs
[2024-12-20T10:29:32.655+0000] {taskinstance.py:2613} INFO - Dependencies all met for dep_context=non-requeueable deps ti=<TaskInstance: dag_with_taskflow_api.get_name scheduled__2024-11-13T00:00:00+00:00 [queued]>
[2024-12-20T10:29:32.669+0000] {taskinstance.py:2613} INFO - Dependencies all met for dep_context=requeueable deps ti=<TaskInstance: dag_with_taskflow_api.get_name scheduled__2024-11-13T00:00:00+00:00 [queued]>
[2024-12-20T10:29:32.671+0000] {taskinstance.py:2866} INFO - Starting attempt 1 of 6
[2024-12-20T10:29:32.692+0000] {taskinstance.py:2889} INFO - Executing <Task(_PythonDecoratedOperator): get_name> on 2024-11-13 00:00:00+00:00
[2024-12-20T10:29:32.711+0000] {logging_mixin.py:190} WARNING - /home/***/.local/lib/python3.12/site-packages/***/task/task_runner/standard_task_runner.py:70 DeprecationWarning: This process (pid=13157) is multi-threaded, use of fork() may lead to deadlocks in the child.
[2024-12-20T10:29:32.717+0000] {standard_task_runner.py:72} INFO - Started process 13165 to run task
[2024-12-20T10:29:32.722+0000] {standard_task_runner.py:104} INFO - Running: ['***', 'tasks', 'run', 'dag_with_taskflow_api', 'get_name', 'scheduled__2024-11-13T00:00:00+00:00', '--job-id', '4810', '--raw', '--subdir', 'DAGS_FOLDER/dag_with_taskflow_api.py', '--cfg-path', '/tmp/tmpsm4ani6w']
[2024-12-20T10:29:32.727+0000] {standard_task_runner.py:105} INFO - Job 4810: Subtask get_name
[2024-12-20T10:29:32.807+0000] {task_command.py:467} INFO - Running <TaskInstance: dag_with_taskflow_api.get_name scheduled__2024-11-13T00:00:00+00:00 [running]> on host a998b5b3d359
[2024-12-20T10:29:32.929+0000] {taskinstance.py:3132} INFO - Exporting env vars: AIRFLOW_CTX_DAG_OWNER='mateo' AIRFLOW_CTX_DAG_ID='dag_with_taskflow_api' AIRFLOW_CTX_TASK_ID='get_name' AIRFLOW_CTX_EXECUTION_DATE='2024-11-13T00:00:00+00:00' AIRFLOW_CTX_TRY_NUMBER='1' AIRFLOW_CTX_DAG_RUN_ID='scheduled__2024-11-13T00:00:00+00:00'
[2024-12-20T10:29:32.933+0000] {taskinstance.py:731} INFO - ::endgroup::
[2024-12-20T10:29:32.937+0000] {python.py:240} INFO - Done. Returned value was: Jerry
[2024-12-20T10:29:32.986+0000] {taskinstance.py:340} INFO - ::group::Post task execution logs
[2024-12-20T10:29:32.988+0000] {taskinstance.py:352} INFO - Marking task as SUCCESS. dag_id=dag_with_taskflow_api, task_id=get_name, run_id=scheduled__2024-11-13T00:00:00+00:00, execution_date=20241113T000000, start_date=20241220T102932, end_date=20241220T102932
[2024-12-20T10:29:33.069+0000] {local_task_job_runner.py:266} INFO - Task exited with return code 0
[2024-12-20T10:29:33.079+0000] {local_task_job_runner.py:245} INFO - ::endgroup::
