[2024-12-19T13:51:43.372+0000] {local_task_job_runner.py:123} INFO - ::group::Pre task execution logs
[2024-12-19T13:51:43.458+0000] {taskinstance.py:2613} INFO - Dependencies all met for dep_context=non-requeueable deps ti=<TaskInstance: dag_with_taskflow_api.greet scheduled__2024-10-20T00:00:00+00:00 [queued]>
[2024-12-19T13:51:43.510+0000] {taskinstance.py:2613} INFO - Dependencies all met for dep_context=requeueable deps ti=<TaskInstance: dag_with_taskflow_api.greet scheduled__2024-10-20T00:00:00+00:00 [queued]>
[2024-12-19T13:51:43.512+0000] {taskinstance.py:2866} INFO - Starting attempt 1 of 6
[2024-12-19T13:51:43.666+0000] {taskinstance.py:2889} INFO - Executing <Task(_PythonDecoratedOperator): greet> on 2024-10-20 00:00:00+00:00
[2024-12-19T13:51:43.714+0000] {standard_task_runner.py:104} INFO - Running: ['***', 'tasks', 'run', 'dag_with_taskflow_api', 'greet', 'scheduled__2024-10-20T00:00:00+00:00', '--job-id', '4436', '--raw', '--subdir', 'DAGS_FOLDER/dag_with_taskflow_api.py', '--cfg-path', '/tmp/tmpy2_4sulb']
[2024-12-19T13:51:43.734+0000] {standard_task_runner.py:105} INFO - Job 4436: Subtask greet
[2024-12-19T13:51:43.723+0000] {logging_mixin.py:190} WARNING - /home/***/.local/lib/python3.12/site-packages/***/task/task_runner/standard_task_runner.py:70 DeprecationWarning: This process (pid=16351) is multi-threaded, use of fork() may lead to deadlocks in the child.
[2024-12-19T13:51:43.741+0000] {standard_task_runner.py:72} INFO - Started process 16371 to run task
[2024-12-19T13:51:43.961+0000] {task_command.py:467} INFO - Running <TaskInstance: dag_with_taskflow_api.greet scheduled__2024-10-20T00:00:00+00:00 [running]> on host 02d979add40a
[2024-12-19T13:51:44.277+0000] {taskinstance.py:3132} INFO - Exporting env vars: AIRFLOW_CTX_DAG_OWNER='mateo' AIRFLOW_CTX_DAG_ID='dag_with_taskflow_api' AIRFLOW_CTX_TASK_ID='greet' AIRFLOW_CTX_EXECUTION_DATE='2024-10-20T00:00:00+00:00' AIRFLOW_CTX_TRY_NUMBER='1' AIRFLOW_CTX_DAG_RUN_ID='scheduled__2024-10-20T00:00:00+00:00'
[2024-12-19T13:51:44.283+0000] {taskinstance.py:731} INFO - ::endgroup::
[2024-12-19T13:51:44.289+0000] {logging_mixin.py:190} INFO - My name is Jerry. I am 19 years old.
[2024-12-19T13:51:44.300+0000] {python.py:240} INFO - Done. Returned value was: None
[2024-12-19T13:51:44.337+0000] {taskinstance.py:340} INFO - ::group::Post task execution logs
[2024-12-19T13:51:44.339+0000] {taskinstance.py:352} INFO - Marking task as SUCCESS. dag_id=dag_with_taskflow_api, task_id=greet, run_id=scheduled__2024-10-20T00:00:00+00:00, execution_date=20241020T000000, start_date=20241219T135143, end_date=20241219T135144
[2024-12-19T13:51:44.512+0000] {local_task_job_runner.py:266} INFO - Task exited with return code 0
[2024-12-19T13:51:44.542+0000] {taskinstance.py:3895} INFO - 0 downstream tasks scheduled from follow-on schedule check
[2024-12-19T13:51:44.551+0000] {local_task_job_runner.py:245} INFO - ::endgroup::
[2024-12-20T10:29:15.267+0000] {local_task_job_runner.py:123} INFO - ::group::Pre task execution logs
[2024-12-20T10:29:15.316+0000] {taskinstance.py:2613} INFO - Dependencies all met for dep_context=non-requeueable deps ti=<TaskInstance: dag_with_taskflow_api.greet scheduled__2024-10-20T00:00:00+00:00 [queued]>
[2024-12-20T10:29:15.345+0000] {taskinstance.py:2613} INFO - Dependencies all met for dep_context=requeueable deps ti=<TaskInstance: dag_with_taskflow_api.greet scheduled__2024-10-20T00:00:00+00:00 [queued]>
[2024-12-20T10:29:15.348+0000] {taskinstance.py:2866} INFO - Starting attempt 1 of 6
[2024-12-20T10:29:15.561+0000] {taskinstance.py:2889} INFO - Executing <Task(_PythonDecoratedOperator): greet> on 2024-10-20 00:00:00+00:00
[2024-12-20T10:29:15.575+0000] {logging_mixin.py:190} WARNING - /home/***/.local/lib/python3.12/site-packages/***/task/task_runner/standard_task_runner.py:70 DeprecationWarning: This process (pid=12955) is multi-threaded, use of fork() may lead to deadlocks in the child.
[2024-12-20T10:29:15.586+0000] {standard_task_runner.py:72} INFO - Started process 12974 to run task
[2024-12-20T10:29:15.580+0000] {standard_task_runner.py:104} INFO - Running: ['***', 'tasks', 'run', 'dag_with_taskflow_api', 'greet', 'scheduled__2024-10-20T00:00:00+00:00', '--job-id', '4749', '--raw', '--subdir', 'DAGS_FOLDER/dag_with_taskflow_api.py', '--cfg-path', '/tmp/tmpmpj99dib']
[2024-12-20T10:29:15.591+0000] {standard_task_runner.py:105} INFO - Job 4749: Subtask greet
[2024-12-20T10:29:15.680+0000] {task_command.py:467} INFO - Running <TaskInstance: dag_with_taskflow_api.greet scheduled__2024-10-20T00:00:00+00:00 [running]> on host a998b5b3d359
[2024-12-20T10:29:15.863+0000] {taskinstance.py:3132} INFO - Exporting env vars: AIRFLOW_CTX_DAG_OWNER='mateo' AIRFLOW_CTX_DAG_ID='dag_with_taskflow_api' AIRFLOW_CTX_TASK_ID='greet' AIRFLOW_CTX_EXECUTION_DATE='2024-10-20T00:00:00+00:00' AIRFLOW_CTX_TRY_NUMBER='1' AIRFLOW_CTX_DAG_RUN_ID='scheduled__2024-10-20T00:00:00+00:00'
[2024-12-20T10:29:15.867+0000] {taskinstance.py:731} INFO - ::endgroup::
[2024-12-20T10:29:15.879+0000] {logging_mixin.py:190} INFO - My name is Jerry. I am 19 years old.
[2024-12-20T10:29:15.885+0000] {python.py:240} INFO - Done. Returned value was: None
[2024-12-20T10:29:15.898+0000] {taskinstance.py:340} INFO - ::group::Post task execution logs
[2024-12-20T10:29:15.899+0000] {taskinstance.py:352} INFO - Marking task as SUCCESS. dag_id=dag_with_taskflow_api, task_id=greet, run_id=scheduled__2024-10-20T00:00:00+00:00, execution_date=20241020T000000, start_date=20241220T102915, end_date=20241220T102915
[2024-12-20T10:29:15.936+0000] {local_task_job_runner.py:266} INFO - Task exited with return code 0
[2024-12-20T10:29:15.950+0000] {local_task_job_runner.py:245} INFO - ::endgroup::
