[2024-12-19T08:55:09.677+0000] {local_task_job_runner.py:123} INFO - ::group::Pre task execution logs
[2024-12-19T08:55:09.726+0000] {taskinstance.py:2613} INFO - Dependencies all met for dep_context=non-requeueable deps ti=<TaskInstance: our_first_dag_v2.first_task scheduled__2023-02-01T00:00:00+00:00 [queued]>
[2024-12-19T08:55:09.740+0000] {taskinstance.py:2613} INFO - Dependencies all met for dep_context=requeueable deps ti=<TaskInstance: our_first_dag_v2.first_task scheduled__2023-02-01T00:00:00+00:00 [queued]>
[2024-12-19T08:55:09.742+0000] {taskinstance.py:2866} INFO - Starting attempt 1 of 6
[2024-12-19T08:55:09.798+0000] {taskinstance.py:2889} INFO - Executing <Task(BashOperator): first_task> on 2023-02-01 00:00:00+00:00
[2024-12-19T08:55:09.812+0000] {logging_mixin.py:190} WARNING - /home/***/.local/lib/python3.12/site-packages/***/task/task_runner/standard_task_runner.py:70 DeprecationWarning: This process (pid=6495) is multi-threaded, use of fork() may lead to deadlocks in the child.
[2024-12-19T08:55:09.815+0000] {standard_task_runner.py:72} INFO - Started process 6508 to run task
[2024-12-19T08:55:09.813+0000] {standard_task_runner.py:104} INFO - Running: ['***', 'tasks', 'run', 'our_first_dag_v2', 'first_task', 'scheduled__2023-02-01T00:00:00+00:00', '--job-id', '1454', '--raw', '--subdir', 'DAGS_FOLDER/our_first_dag.py', '--cfg-path', '/tmp/tmp586x5tkf']
[2024-12-19T08:55:09.818+0000] {standard_task_runner.py:105} INFO - Job 1454: Subtask first_task
[2024-12-19T08:55:09.889+0000] {task_command.py:467} INFO - Running <TaskInstance: our_first_dag_v2.first_task scheduled__2023-02-01T00:00:00+00:00 [running]> on host 8d142e9c83a7
[2024-12-19T08:55:10.015+0000] {taskinstance.py:3132} INFO - Exporting env vars: AIRFLOW_CTX_DAG_OWNER='mateo' AIRFLOW_CTX_DAG_ID='our_first_dag_v2' AIRFLOW_CTX_TASK_ID='first_task' AIRFLOW_CTX_EXECUTION_DATE='2023-02-01T00:00:00+00:00' AIRFLOW_CTX_TRY_NUMBER='1' AIRFLOW_CTX_DAG_RUN_ID='scheduled__2023-02-01T00:00:00+00:00'
[2024-12-19T08:55:10.021+0000] {taskinstance.py:731} INFO - ::endgroup::
[2024-12-19T08:55:10.065+0000] {subprocess.py:78} INFO - Tmp dir root location: /tmp
[2024-12-19T08:55:10.068+0000] {subprocess.py:88} INFO - Running command: ['/usr/bin/bash', '-c', 'echo hello world, this is the first task']
[2024-12-19T08:55:10.100+0000] {subprocess.py:99} INFO - Output:
[2024-12-19T08:55:10.103+0000] {subprocess.py:106} INFO - hello world, this is the first task
[2024-12-19T08:55:10.105+0000] {subprocess.py:110} INFO - Command exited with return code 0
[2024-12-19T08:55:10.139+0000] {taskinstance.py:340} INFO - ::group::Post task execution logs
[2024-12-19T08:55:10.140+0000] {taskinstance.py:352} INFO - Marking task as SUCCESS. dag_id=our_first_dag_v2, task_id=first_task, run_id=scheduled__2023-02-01T00:00:00+00:00, execution_date=20230201T000000, start_date=20241219T085509, end_date=20241219T085510
[2024-12-19T08:55:10.195+0000] {local_task_job_runner.py:266} INFO - Task exited with return code 0
[2024-12-19T08:55:10.212+0000] {local_task_job_runner.py:245} INFO - ::endgroup::
