[2024-12-19T13:52:21.705+0000] {local_task_job_runner.py:123} INFO - ::group::Pre task execution logs
[2024-12-19T13:52:21.773+0000] {taskinstance.py:2613} INFO - Dependencies all met for dep_context=non-requeueable deps ti=<TaskInstance: dag_with_taskflow_api.get_age scheduled__2024-12-13T00:00:00+00:00 [queued]>
[2024-12-19T13:52:21.808+0000] {taskinstance.py:2613} INFO - Dependencies all met for dep_context=requeueable deps ti=<TaskInstance: dag_with_taskflow_api.get_age scheduled__2024-12-13T00:00:00+00:00 [queued]>
[2024-12-19T13:52:21.811+0000] {taskinstance.py:2866} INFO - Starting attempt 1 of 6
[2024-12-19T13:52:21.893+0000] {taskinstance.py:2889} INFO - Executing <Task(_PythonDecoratedOperator): get_age> on 2024-12-13 00:00:00+00:00
[2024-12-19T13:52:21.922+0000] {logging_mixin.py:190} WARNING - /home/***/.local/lib/python3.12/site-packages/***/task/task_runner/standard_task_runner.py:70 DeprecationWarning: This process (pid=16827) is multi-threaded, use of fork() may lead to deadlocks in the child.
[2024-12-19T13:52:21.930+0000] {standard_task_runner.py:72} INFO - Started process 16841 to run task
[2024-12-19T13:52:21.930+0000] {standard_task_runner.py:104} INFO - Running: ['***', 'tasks', 'run', 'dag_with_taskflow_api', 'get_age', 'scheduled__2024-12-13T00:00:00+00:00', '--job-id', '4584', '--raw', '--subdir', 'DAGS_FOLDER/dag_with_taskflow_api.py', '--cfg-path', '/tmp/tmp79tg0j18']
[2024-12-19T13:52:21.940+0000] {standard_task_runner.py:105} INFO - Job 4584: Subtask get_age
[2024-12-19T13:52:22.115+0000] {task_command.py:467} INFO - Running <TaskInstance: dag_with_taskflow_api.get_age scheduled__2024-12-13T00:00:00+00:00 [running]> on host 02d979add40a
[2024-12-19T13:52:22.366+0000] {taskinstance.py:3132} INFO - Exporting env vars: AIRFLOW_CTX_DAG_OWNER='mateo' AIRFLOW_CTX_DAG_ID='dag_with_taskflow_api' AIRFLOW_CTX_TASK_ID='get_age' AIRFLOW_CTX_EXECUTION_DATE='2024-12-13T00:00:00+00:00' AIRFLOW_CTX_TRY_NUMBER='1' AIRFLOW_CTX_DAG_RUN_ID='scheduled__2024-12-13T00:00:00+00:00'
[2024-12-19T13:52:22.369+0000] {taskinstance.py:731} INFO - ::endgroup::
[2024-12-19T13:52:22.374+0000] {python.py:240} INFO - Done. Returned value was: 19
[2024-12-19T13:52:22.463+0000] {taskinstance.py:340} INFO - ::group::Post task execution logs
[2024-12-19T13:52:22.465+0000] {taskinstance.py:352} INFO - Marking task as SUCCESS. dag_id=dag_with_taskflow_api, task_id=get_age, run_id=scheduled__2024-12-13T00:00:00+00:00, execution_date=20241213T000000, start_date=20241219T135221, end_date=20241219T135222
[2024-12-19T13:52:22.770+0000] {local_task_job_runner.py:266} INFO - Task exited with return code 0
[2024-12-19T13:52:22.796+0000] {local_task_job_runner.py:245} INFO - ::endgroup::
[2024-12-20T10:29:54.032+0000] {local_task_job_runner.py:123} INFO - ::group::Pre task execution logs
[2024-12-20T10:29:54.057+0000] {taskinstance.py:2613} INFO - Dependencies all met for dep_context=non-requeueable deps ti=<TaskInstance: dag_with_taskflow_api.get_age scheduled__2024-12-13T00:00:00+00:00 [queued]>
[2024-12-20T10:29:54.086+0000] {taskinstance.py:2613} INFO - Dependencies all met for dep_context=requeueable deps ti=<TaskInstance: dag_with_taskflow_api.get_age scheduled__2024-12-13T00:00:00+00:00 [queued]>
[2024-12-20T10:29:54.087+0000] {taskinstance.py:2866} INFO - Starting attempt 1 of 6
[2024-12-20T10:29:54.113+0000] {taskinstance.py:2889} INFO - Executing <Task(_PythonDecoratedOperator): get_age> on 2024-12-13 00:00:00+00:00
[2024-12-20T10:29:54.137+0000] {logging_mixin.py:190} WARNING - /home/***/.local/lib/python3.12/site-packages/***/task/task_runner/standard_task_runner.py:70 DeprecationWarning: This process (pid=13460) is multi-threaded, use of fork() may lead to deadlocks in the child.
[2024-12-20T10:29:54.141+0000] {standard_task_runner.py:72} INFO - Started process 13469 to run task
[2024-12-20T10:29:54.142+0000] {standard_task_runner.py:104} INFO - Running: ['***', 'tasks', 'run', 'dag_with_taskflow_api', 'get_age', 'scheduled__2024-12-13T00:00:00+00:00', '--job-id', '4899', '--raw', '--subdir', 'DAGS_FOLDER/dag_with_taskflow_api.py', '--cfg-path', '/tmp/tmpaeqoqqlt']
[2024-12-20T10:29:54.159+0000] {standard_task_runner.py:105} INFO - Job 4899: Subtask get_age
[2024-12-20T10:29:54.263+0000] {task_command.py:467} INFO - Running <TaskInstance: dag_with_taskflow_api.get_age scheduled__2024-12-13T00:00:00+00:00 [running]> on host a998b5b3d359
[2024-12-20T10:29:54.450+0000] {taskinstance.py:3132} INFO - Exporting env vars: AIRFLOW_CTX_DAG_OWNER='mateo' AIRFLOW_CTX_DAG_ID='dag_with_taskflow_api' AIRFLOW_CTX_TASK_ID='get_age' AIRFLOW_CTX_EXECUTION_DATE='2024-12-13T00:00:00+00:00' AIRFLOW_CTX_TRY_NUMBER='1' AIRFLOW_CTX_DAG_RUN_ID='scheduled__2024-12-13T00:00:00+00:00'
[2024-12-20T10:29:54.453+0000] {taskinstance.py:731} INFO - ::endgroup::
[2024-12-20T10:29:54.458+0000] {python.py:240} INFO - Done. Returned value was: 19
[2024-12-20T10:29:54.529+0000] {taskinstance.py:340} INFO - ::group::Post task execution logs
[2024-12-20T10:29:54.532+0000] {taskinstance.py:352} INFO - Marking task as SUCCESS. dag_id=dag_with_taskflow_api, task_id=get_age, run_id=scheduled__2024-12-13T00:00:00+00:00, execution_date=20241213T000000, start_date=20241220T102954, end_date=20241220T102954
[2024-12-20T10:29:54.628+0000] {local_task_job_runner.py:266} INFO - Task exited with return code 0
[2024-12-20T10:29:54.639+0000] {local_task_job_runner.py:245} INFO - ::endgroup::
