[2024-12-19T13:52:01.873+0000] {local_task_job_runner.py:123} INFO - ::group::Pre task execution logs
[2024-12-19T13:52:01.898+0000] {taskinstance.py:2613} INFO - Dependencies all met for dep_context=non-requeueable deps ti=<TaskInstance: dag_with_taskflow_api.greet scheduled__2024-11-16T00:00:00+00:00 [queued]>
[2024-12-19T13:52:01.910+0000] {taskinstance.py:2613} INFO - Dependencies all met for dep_context=requeueable deps ti=<TaskInstance: dag_with_taskflow_api.greet scheduled__2024-11-16T00:00:00+00:00 [queued]>
[2024-12-19T13:52:01.912+0000] {taskinstance.py:2866} INFO - Starting attempt 1 of 6
[2024-12-19T13:52:01.925+0000] {taskinstance.py:2889} INFO - Executing <Task(_PythonDecoratedOperator): greet> on 2024-11-16 00:00:00+00:00
[2024-12-19T13:52:01.935+0000] {logging_mixin.py:190} WARNING - /home/***/.local/lib/python3.12/site-packages/***/task/task_runner/standard_task_runner.py:70 DeprecationWarning: This process (pid=16584) is multi-threaded, use of fork() may lead to deadlocks in the child.
[2024-12-19T13:52:01.937+0000] {standard_task_runner.py:72} INFO - Started process 16589 to run task
[2024-12-19T13:52:01.936+0000] {standard_task_runner.py:104} INFO - Running: ['***', 'tasks', 'run', 'dag_with_taskflow_api', 'greet', 'scheduled__2024-11-16T00:00:00+00:00', '--job-id', '4508', '--raw', '--subdir', 'DAGS_FOLDER/dag_with_taskflow_api.py', '--cfg-path', '/tmp/tmp4tjbnbag']
[2024-12-19T13:52:01.939+0000] {standard_task_runner.py:105} INFO - Job 4508: Subtask greet
[2024-12-19T13:52:01.996+0000] {task_command.py:467} INFO - Running <TaskInstance: dag_with_taskflow_api.greet scheduled__2024-11-16T00:00:00+00:00 [running]> on host 02d979add40a
[2024-12-19T13:52:02.122+0000] {taskinstance.py:3132} INFO - Exporting env vars: AIRFLOW_CTX_DAG_OWNER='mateo' AIRFLOW_CTX_DAG_ID='dag_with_taskflow_api' AIRFLOW_CTX_TASK_ID='greet' AIRFLOW_CTX_EXECUTION_DATE='2024-11-16T00:00:00+00:00' AIRFLOW_CTX_TRY_NUMBER='1' AIRFLOW_CTX_DAG_RUN_ID='scheduled__2024-11-16T00:00:00+00:00'
[2024-12-19T13:52:02.124+0000] {taskinstance.py:731} INFO - ::endgroup::
[2024-12-19T13:52:02.128+0000] {logging_mixin.py:190} INFO - My name is Jerry. I am 19 years old.
[2024-12-19T13:52:02.129+0000] {python.py:240} INFO - Done. Returned value was: None
[2024-12-19T13:52:02.139+0000] {taskinstance.py:340} INFO - ::group::Post task execution logs
[2024-12-19T13:52:02.140+0000] {taskinstance.py:352} INFO - Marking task as SUCCESS. dag_id=dag_with_taskflow_api, task_id=greet, run_id=scheduled__2024-11-16T00:00:00+00:00, execution_date=20241116T000000, start_date=20241219T135201, end_date=20241219T135202
[2024-12-19T13:52:02.194+0000] {local_task_job_runner.py:266} INFO - Task exited with return code 0
[2024-12-19T13:52:02.209+0000] {taskinstance.py:3895} INFO - 0 downstream tasks scheduled from follow-on schedule check
[2024-12-19T13:52:02.212+0000] {local_task_job_runner.py:245} INFO - ::endgroup::
[2024-12-20T10:29:34.468+0000] {local_task_job_runner.py:123} INFO - ::group::Pre task execution logs
[2024-12-20T10:29:34.500+0000] {taskinstance.py:2613} INFO - Dependencies all met for dep_context=non-requeueable deps ti=<TaskInstance: dag_with_taskflow_api.greet scheduled__2024-11-16T00:00:00+00:00 [queued]>
[2024-12-20T10:29:34.526+0000] {taskinstance.py:2613} INFO - Dependencies all met for dep_context=requeueable deps ti=<TaskInstance: dag_with_taskflow_api.greet scheduled__2024-11-16T00:00:00+00:00 [queued]>
[2024-12-20T10:29:34.528+0000] {taskinstance.py:2866} INFO - Starting attempt 1 of 6
[2024-12-20T10:29:34.553+0000] {taskinstance.py:2889} INFO - Executing <Task(_PythonDecoratedOperator): greet> on 2024-11-16 00:00:00+00:00
[2024-12-20T10:29:34.574+0000] {logging_mixin.py:190} WARNING - /home/***/.local/lib/python3.12/site-packages/***/task/task_runner/standard_task_runner.py:70 DeprecationWarning: This process (pid=13205) is multi-threaded, use of fork() may lead to deadlocks in the child.
[2024-12-20T10:29:34.580+0000] {standard_task_runner.py:72} INFO - Started process 13212 to run task
[2024-12-20T10:29:34.581+0000] {standard_task_runner.py:104} INFO - Running: ['***', 'tasks', 'run', 'dag_with_taskflow_api', 'greet', 'scheduled__2024-11-16T00:00:00+00:00', '--job-id', '4826', '--raw', '--subdir', 'DAGS_FOLDER/dag_with_taskflow_api.py', '--cfg-path', '/tmp/tmp0zetpaje']
[2024-12-20T10:29:34.593+0000] {standard_task_runner.py:105} INFO - Job 4826: Subtask greet
[2024-12-20T10:29:34.674+0000] {task_command.py:467} INFO - Running <TaskInstance: dag_with_taskflow_api.greet scheduled__2024-11-16T00:00:00+00:00 [running]> on host a998b5b3d359
[2024-12-20T10:29:34.815+0000] {taskinstance.py:3132} INFO - Exporting env vars: AIRFLOW_CTX_DAG_OWNER='mateo' AIRFLOW_CTX_DAG_ID='dag_with_taskflow_api' AIRFLOW_CTX_TASK_ID='greet' AIRFLOW_CTX_EXECUTION_DATE='2024-11-16T00:00:00+00:00' AIRFLOW_CTX_TRY_NUMBER='1' AIRFLOW_CTX_DAG_RUN_ID='scheduled__2024-11-16T00:00:00+00:00'
[2024-12-20T10:29:34.817+0000] {taskinstance.py:731} INFO - ::endgroup::
[2024-12-20T10:29:34.820+0000] {logging_mixin.py:190} INFO - My name is Jerry. I am 19 years old.
[2024-12-20T10:29:34.821+0000] {python.py:240} INFO - Done. Returned value was: None
[2024-12-20T10:29:34.831+0000] {taskinstance.py:340} INFO - ::group::Post task execution logs
[2024-12-20T10:29:34.832+0000] {taskinstance.py:352} INFO - Marking task as SUCCESS. dag_id=dag_with_taskflow_api, task_id=greet, run_id=scheduled__2024-11-16T00:00:00+00:00, execution_date=20241116T000000, start_date=20241220T102934, end_date=20241220T102934
[2024-12-20T10:29:34.893+0000] {local_task_job_runner.py:266} INFO - Task exited with return code 0
[2024-12-20T10:29:34.913+0000] {taskinstance.py:3895} INFO - 0 downstream tasks scheduled from follow-on schedule check
[2024-12-20T10:29:34.916+0000] {local_task_job_runner.py:245} INFO - ::endgroup::
