[2024-12-20T21:34:16.089+0000] {local_task_job_runner.py:123} INFO - ::group::Pre task execution logs
[2024-12-20T21:34:16.121+0000] {taskinstance.py:2613} INFO - Dependencies all met for dep_context=non-requeueable deps ti=<TaskInstance: sql_operator_dag_v5.SQL_insert_sql_operator_practice scheduled__2024-01-09T00:00:00+00:00 [queued]>
[2024-12-20T21:34:16.136+0000] {taskinstance.py:2613} INFO - Dependencies all met for dep_context=requeueable deps ti=<TaskInstance: sql_operator_dag_v5.SQL_insert_sql_operator_practice scheduled__2024-01-09T00:00:00+00:00 [queued]>
[2024-12-20T21:34:16.138+0000] {taskinstance.py:2866} INFO - Starting attempt 1 of 6
[2024-12-20T21:34:16.243+0000] {taskinstance.py:2889} INFO - Executing <Task(SQLExecuteQueryOperator): SQL_insert_sql_operator_practice> on 2024-01-09 00:00:00+00:00
[2024-12-20T21:34:16.260+0000] {logging_mixin.py:190} WARNING - /home/***/.local/lib/python3.12/site-packages/***/task/task_runner/standard_task_runner.py:70 DeprecationWarning: This process (pid=16763) is multi-threaded, use of fork() may lead to deadlocks in the child.
[2024-12-20T21:34:16.263+0000] {standard_task_runner.py:72} INFO - Started process 16768 to run task
[2024-12-20T21:34:16.262+0000] {standard_task_runner.py:104} INFO - Running: ['***', 'tasks', 'run', 'sql_operator_dag_v5', 'SQL_insert_sql_operator_practice', 'scheduled__2024-01-09T00:00:00+00:00', '--job-id', '6724', '--raw', '--subdir', 'DAGS_FOLDER/dag_with_postgresql.py', '--cfg-path', '/tmp/tmpe92fe8ee']
[2024-12-20T21:34:16.268+0000] {standard_task_runner.py:105} INFO - Job 6724: Subtask SQL_insert_sql_operator_practice
[2024-12-20T21:34:16.373+0000] {task_command.py:467} INFO - Running <TaskInstance: sql_operator_dag_v5.SQL_insert_sql_operator_practice scheduled__2024-01-09T00:00:00+00:00 [running]> on host d2d932acc101
[2024-12-20T21:34:16.557+0000] {taskinstance.py:3132} INFO - Exporting env vars: AIRFLOW_CTX_DAG_OWNER='Mateo' AIRFLOW_CTX_DAG_ID='sql_operator_dag_v5' AIRFLOW_CTX_TASK_ID='SQL_insert_sql_operator_practice' AIRFLOW_CTX_EXECUTION_DATE='2024-01-09T00:00:00+00:00' AIRFLOW_CTX_TRY_NUMBER='1' AIRFLOW_CTX_DAG_RUN_ID='scheduled__2024-01-09T00:00:00+00:00'
[2024-12-20T21:34:16.559+0000] {taskinstance.py:731} INFO - ::endgroup::
[2024-12-20T21:34:16.612+0000] {sql.py:278} INFO - Executing: 
        insert into dag_runs_v2(dt,dag_id) values ('2024-01-09','sql_operator_dag_v5');
        
[2024-12-20T21:34:16.631+0000] {base.py:84} INFO - Retrieving connection 'sql_operator_practice'
[2024-12-20T21:34:16.648+0000] {base.py:84} INFO - Retrieving connection 'sql_operator_practice'
[2024-12-20T21:34:16.673+0000] {sql.py:553} INFO - Running statement: 
        insert into dag_runs_v2(dt,dag_id) values ('2024-01-09','sql_operator_dag_v5');
        , parameters: None
[2024-12-20T21:34:16.680+0000] {sql.py:562} INFO - Rows affected: 1
[2024-12-20T21:34:16.710+0000] {taskinstance.py:340} INFO - ::group::Post task execution logs
[2024-12-20T21:34:16.712+0000] {taskinstance.py:352} INFO - Marking task as SUCCESS. dag_id=sql_operator_dag_v5, task_id=SQL_insert_sql_operator_practice, run_id=scheduled__2024-01-09T00:00:00+00:00, execution_date=20240109T000000, start_date=20241220T213416, end_date=20241220T213416
[2024-12-20T21:34:16.830+0000] {local_task_job_runner.py:266} INFO - Task exited with return code 0
[2024-12-20T21:34:16.853+0000] {taskinstance.py:3895} INFO - 0 downstream tasks scheduled from follow-on schedule check
[2024-12-20T21:34:16.860+0000] {local_task_job_runner.py:245} INFO - ::endgroup::
