[2024-12-19T13:51:17.061+0000] {local_task_job_runner.py:123} INFO - ::group::Pre task execution logs
[2024-12-19T13:51:17.115+0000] {taskinstance.py:2613} INFO - Dependencies all met for dep_context=non-requeueable deps ti=<TaskInstance: dag_with_taskflow_api.get_age scheduled__2024-09-22T00:00:00+00:00 [queued]>
[2024-12-19T13:51:17.153+0000] {taskinstance.py:2613} INFO - Dependencies all met for dep_context=requeueable deps ti=<TaskInstance: dag_with_taskflow_api.get_age scheduled__2024-09-22T00:00:00+00:00 [queued]>
[2024-12-19T13:51:17.155+0000] {taskinstance.py:2866} INFO - Starting attempt 1 of 6
[2024-12-19T13:51:17.192+0000] {taskinstance.py:2889} INFO - Executing <Task(_PythonDecoratedOperator): get_age> on 2024-09-22 00:00:00+00:00
[2024-12-19T13:51:17.227+0000] {standard_task_runner.py:104} INFO - Running: ['***', 'tasks', 'run', 'dag_with_taskflow_api', 'get_age', 'scheduled__2024-09-22T00:00:00+00:00', '--job-id', '4334', '--raw', '--subdir', 'DAGS_FOLDER/dag_with_taskflow_api.py', '--cfg-path', '/tmp/tmp131cs410']
[2024-12-19T13:51:17.235+0000] {standard_task_runner.py:105} INFO - Job 4334: Subtask get_age
[2024-12-19T13:51:17.241+0000] {logging_mixin.py:190} WARNING - /home/***/.local/lib/python3.12/site-packages/***/task/task_runner/standard_task_runner.py:70 DeprecationWarning: This process (pid=16029) is multi-threaded, use of fork() may lead to deadlocks in the child.
[2024-12-19T13:51:17.244+0000] {standard_task_runner.py:72} INFO - Started process 16041 to run task
[2024-12-19T13:51:17.406+0000] {task_command.py:467} INFO - Running <TaskInstance: dag_with_taskflow_api.get_age scheduled__2024-09-22T00:00:00+00:00 [running]> on host 02d979add40a
[2024-12-19T13:51:17.774+0000] {taskinstance.py:3132} INFO - Exporting env vars: AIRFLOW_CTX_DAG_OWNER='mateo' AIRFLOW_CTX_DAG_ID='dag_with_taskflow_api' AIRFLOW_CTX_TASK_ID='get_age' AIRFLOW_CTX_EXECUTION_DATE='2024-09-22T00:00:00+00:00' AIRFLOW_CTX_TRY_NUMBER='1' AIRFLOW_CTX_DAG_RUN_ID='scheduled__2024-09-22T00:00:00+00:00'
[2024-12-19T13:51:17.776+0000] {taskinstance.py:731} INFO - ::endgroup::
[2024-12-19T13:51:17.780+0000] {python.py:240} INFO - Done. Returned value was: 19
[2024-12-19T13:51:17.850+0000] {taskinstance.py:340} INFO - ::group::Post task execution logs
[2024-12-19T13:51:17.858+0000] {taskinstance.py:352} INFO - Marking task as SUCCESS. dag_id=dag_with_taskflow_api, task_id=get_age, run_id=scheduled__2024-09-22T00:00:00+00:00, execution_date=20240922T000000, start_date=20241219T135117, end_date=20241219T135117
[2024-12-19T13:51:18.001+0000] {local_task_job_runner.py:266} INFO - Task exited with return code 0
[2024-12-19T13:51:18.073+0000] {taskinstance.py:3895} INFO - 0 downstream tasks scheduled from follow-on schedule check
[2024-12-19T13:51:18.084+0000] {local_task_job_runner.py:245} INFO - ::endgroup::
[2024-12-20T10:28:53.172+0000] {local_task_job_runner.py:123} INFO - ::group::Pre task execution logs
[2024-12-20T10:28:53.201+0000] {taskinstance.py:2613} INFO - Dependencies all met for dep_context=non-requeueable deps ti=<TaskInstance: dag_with_taskflow_api.get_age scheduled__2024-09-22T00:00:00+00:00 [queued]>
[2024-12-20T10:28:53.212+0000] {taskinstance.py:2613} INFO - Dependencies all met for dep_context=requeueable deps ti=<TaskInstance: dag_with_taskflow_api.get_age scheduled__2024-09-22T00:00:00+00:00 [queued]>
[2024-12-20T10:28:53.214+0000] {taskinstance.py:2866} INFO - Starting attempt 1 of 6
[2024-12-20T10:28:53.233+0000] {taskinstance.py:2889} INFO - Executing <Task(_PythonDecoratedOperator): get_age> on 2024-09-22 00:00:00+00:00
[2024-12-20T10:28:53.251+0000] {logging_mixin.py:190} WARNING - /home/***/.local/lib/python3.12/site-packages/***/task/task_runner/standard_task_runner.py:70 DeprecationWarning: This process (pid=12653) is multi-threaded, use of fork() may lead to deadlocks in the child.
[2024-12-20T10:28:53.255+0000] {standard_task_runner.py:72} INFO - Started process 12660 to run task
[2024-12-20T10:28:53.254+0000] {standard_task_runner.py:104} INFO - Running: ['***', 'tasks', 'run', 'dag_with_taskflow_api', 'get_age', 'scheduled__2024-09-22T00:00:00+00:00', '--job-id', '4655', '--raw', '--subdir', 'DAGS_FOLDER/dag_with_taskflow_api.py', '--cfg-path', '/tmp/tmpmohtqhlf']
[2024-12-20T10:28:53.259+0000] {standard_task_runner.py:105} INFO - Job 4655: Subtask get_age
[2024-12-20T10:28:53.348+0000] {task_command.py:467} INFO - Running <TaskInstance: dag_with_taskflow_api.get_age scheduled__2024-09-22T00:00:00+00:00 [running]> on host a998b5b3d359
[2024-12-20T10:28:53.492+0000] {taskinstance.py:3132} INFO - Exporting env vars: AIRFLOW_CTX_DAG_OWNER='mateo' AIRFLOW_CTX_DAG_ID='dag_with_taskflow_api' AIRFLOW_CTX_TASK_ID='get_age' AIRFLOW_CTX_EXECUTION_DATE='2024-09-22T00:00:00+00:00' AIRFLOW_CTX_TRY_NUMBER='1' AIRFLOW_CTX_DAG_RUN_ID='scheduled__2024-09-22T00:00:00+00:00'
[2024-12-20T10:28:53.494+0000] {taskinstance.py:731} INFO - ::endgroup::
[2024-12-20T10:28:53.499+0000] {python.py:240} INFO - Done. Returned value was: 19
[2024-12-20T10:28:53.550+0000] {taskinstance.py:340} INFO - ::group::Post task execution logs
[2024-12-20T10:28:53.552+0000] {taskinstance.py:352} INFO - Marking task as SUCCESS. dag_id=dag_with_taskflow_api, task_id=get_age, run_id=scheduled__2024-09-22T00:00:00+00:00, execution_date=20240922T000000, start_date=20241220T102853, end_date=20241220T102853
[2024-12-20T10:28:53.625+0000] {local_task_job_runner.py:266} INFO - Task exited with return code 0
[2024-12-20T10:28:53.664+0000] {taskinstance.py:3895} INFO - 0 downstream tasks scheduled from follow-on schedule check
[2024-12-20T10:28:53.671+0000] {local_task_job_runner.py:245} INFO - ::endgroup::
