[2024-12-19T13:51:24.945+0000] {local_task_job_runner.py:123} INFO - ::group::Pre task execution logs
[2024-12-19T13:51:24.998+0000] {taskinstance.py:2613} INFO - Dependencies all met for dep_context=non-requeueable deps ti=<TaskInstance: dag_with_taskflow_api.greet scheduled__2024-09-29T00:00:00+00:00 [queued]>
[2024-12-19T13:51:25.021+0000] {taskinstance.py:2613} INFO - Dependencies all met for dep_context=requeueable deps ti=<TaskInstance: dag_with_taskflow_api.greet scheduled__2024-09-29T00:00:00+00:00 [queued]>
[2024-12-19T13:51:25.029+0000] {taskinstance.py:2866} INFO - Starting attempt 1 of 6
[2024-12-19T13:51:25.056+0000] {taskinstance.py:2889} INFO - Executing <Task(_PythonDecoratedOperator): greet> on 2024-09-29 00:00:00+00:00
[2024-12-19T13:51:25.073+0000] {logging_mixin.py:190} WARNING - /home/***/.local/lib/python3.12/site-packages/***/task/task_runner/standard_task_runner.py:70 DeprecationWarning: This process (pid=16126) is multi-threaded, use of fork() may lead to deadlocks in the child.
[2024-12-19T13:51:25.087+0000] {standard_task_runner.py:72} INFO - Started process 16134 to run task
[2024-12-19T13:51:25.088+0000] {standard_task_runner.py:104} INFO - Running: ['***', 'tasks', 'run', 'dag_with_taskflow_api', 'greet', 'scheduled__2024-09-29T00:00:00+00:00', '--job-id', '4362', '--raw', '--subdir', 'DAGS_FOLDER/dag_with_taskflow_api.py', '--cfg-path', '/tmp/tmpnv0pzuy9']
[2024-12-19T13:51:25.093+0000] {standard_task_runner.py:105} INFO - Job 4362: Subtask greet
[2024-12-19T13:51:25.218+0000] {task_command.py:467} INFO - Running <TaskInstance: dag_with_taskflow_api.greet scheduled__2024-09-29T00:00:00+00:00 [running]> on host 02d979add40a
[2024-12-19T13:51:25.565+0000] {taskinstance.py:3132} INFO - Exporting env vars: AIRFLOW_CTX_DAG_OWNER='mateo' AIRFLOW_CTX_DAG_ID='dag_with_taskflow_api' AIRFLOW_CTX_TASK_ID='greet' AIRFLOW_CTX_EXECUTION_DATE='2024-09-29T00:00:00+00:00' AIRFLOW_CTX_TRY_NUMBER='1' AIRFLOW_CTX_DAG_RUN_ID='scheduled__2024-09-29T00:00:00+00:00'
[2024-12-19T13:51:25.570+0000] {taskinstance.py:731} INFO - ::endgroup::
[2024-12-19T13:51:25.585+0000] {logging_mixin.py:190} INFO - My name is Jerry. I am 19 years old.
[2024-12-19T13:51:25.586+0000] {python.py:240} INFO - Done. Returned value was: None
[2024-12-19T13:51:25.643+0000] {taskinstance.py:340} INFO - ::group::Post task execution logs
[2024-12-19T13:51:25.644+0000] {taskinstance.py:352} INFO - Marking task as SUCCESS. dag_id=dag_with_taskflow_api, task_id=greet, run_id=scheduled__2024-09-29T00:00:00+00:00, execution_date=20240929T000000, start_date=20241219T135125, end_date=20241219T135125
[2024-12-19T13:51:25.722+0000] {local_task_job_runner.py:266} INFO - Task exited with return code 0
[2024-12-19T13:51:25.766+0000] {taskinstance.py:3895} INFO - 0 downstream tasks scheduled from follow-on schedule check
[2024-12-19T13:51:25.777+0000] {local_task_job_runner.py:245} INFO - ::endgroup::
[2024-12-20T10:29:00.431+0000] {local_task_job_runner.py:123} INFO - ::group::Pre task execution logs
[2024-12-20T10:29:00.460+0000] {taskinstance.py:2613} INFO - Dependencies all met for dep_context=non-requeueable deps ti=<TaskInstance: dag_with_taskflow_api.greet scheduled__2024-09-29T00:00:00+00:00 [queued]>
[2024-12-20T10:29:00.473+0000] {taskinstance.py:2613} INFO - Dependencies all met for dep_context=requeueable deps ti=<TaskInstance: dag_with_taskflow_api.greet scheduled__2024-09-29T00:00:00+00:00 [queued]>
[2024-12-20T10:29:00.491+0000] {taskinstance.py:2866} INFO - Starting attempt 1 of 6
[2024-12-20T10:29:00.542+0000] {taskinstance.py:2889} INFO - Executing <Task(_PythonDecoratedOperator): greet> on 2024-09-29 00:00:00+00:00
[2024-12-20T10:29:00.555+0000] {logging_mixin.py:190} WARNING - /home/***/.local/lib/python3.12/site-packages/***/task/task_runner/standard_task_runner.py:70 DeprecationWarning: This process (pid=12745) is multi-threaded, use of fork() may lead to deadlocks in the child.
[2024-12-20T10:29:00.563+0000] {standard_task_runner.py:104} INFO - Running: ['***', 'tasks', 'run', 'dag_with_taskflow_api', 'greet', 'scheduled__2024-09-29T00:00:00+00:00', '--job-id', '4685', '--raw', '--subdir', 'DAGS_FOLDER/dag_with_taskflow_api.py', '--cfg-path', '/tmp/tmpaxkpu3la']
[2024-12-20T10:29:00.567+0000] {standard_task_runner.py:72} INFO - Started process 12753 to run task
[2024-12-20T10:29:00.570+0000] {standard_task_runner.py:105} INFO - Job 4685: Subtask greet
[2024-12-20T10:29:00.695+0000] {task_command.py:467} INFO - Running <TaskInstance: dag_with_taskflow_api.greet scheduled__2024-09-29T00:00:00+00:00 [running]> on host a998b5b3d359
[2024-12-20T10:29:00.922+0000] {taskinstance.py:3132} INFO - Exporting env vars: AIRFLOW_CTX_DAG_OWNER='mateo' AIRFLOW_CTX_DAG_ID='dag_with_taskflow_api' AIRFLOW_CTX_TASK_ID='greet' AIRFLOW_CTX_EXECUTION_DATE='2024-09-29T00:00:00+00:00' AIRFLOW_CTX_TRY_NUMBER='1' AIRFLOW_CTX_DAG_RUN_ID='scheduled__2024-09-29T00:00:00+00:00'
[2024-12-20T10:29:00.925+0000] {taskinstance.py:731} INFO - ::endgroup::
[2024-12-20T10:29:00.929+0000] {logging_mixin.py:190} INFO - My name is Jerry. I am 19 years old.
[2024-12-20T10:29:00.934+0000] {python.py:240} INFO - Done. Returned value was: None
[2024-12-20T10:29:00.962+0000] {taskinstance.py:340} INFO - ::group::Post task execution logs
[2024-12-20T10:29:00.965+0000] {taskinstance.py:352} INFO - Marking task as SUCCESS. dag_id=dag_with_taskflow_api, task_id=greet, run_id=scheduled__2024-09-29T00:00:00+00:00, execution_date=20240929T000000, start_date=20241220T102900, end_date=20241220T102900
[2024-12-20T10:29:01.044+0000] {local_task_job_runner.py:266} INFO - Task exited with return code 0
[2024-12-20T10:29:01.064+0000] {local_task_job_runner.py:245} INFO - ::endgroup::
