[2024-12-19T13:51:27.492+0000] {local_task_job_runner.py:123} INFO - ::group::Pre task execution logs
[2024-12-19T13:51:27.526+0000] {taskinstance.py:2613} INFO - Dependencies all met for dep_context=non-requeueable deps ti=<TaskInstance: dag_with_taskflow_api.greet scheduled__2024-10-03T00:00:00+00:00 [queued]>
[2024-12-19T13:51:27.536+0000] {taskinstance.py:2613} INFO - Dependencies all met for dep_context=requeueable deps ti=<TaskInstance: dag_with_taskflow_api.greet scheduled__2024-10-03T00:00:00+00:00 [queued]>
[2024-12-19T13:51:27.537+0000] {taskinstance.py:2866} INFO - Starting attempt 1 of 6
[2024-12-19T13:51:27.558+0000] {taskinstance.py:2889} INFO - Executing <Task(_PythonDecoratedOperator): greet> on 2024-10-03 00:00:00+00:00
[2024-12-19T13:51:27.570+0000] {logging_mixin.py:190} WARNING - /home/***/.local/lib/python3.12/site-packages/***/task/task_runner/standard_task_runner.py:70 DeprecationWarning: This process (pid=16174) is multi-threaded, use of fork() may lead to deadlocks in the child.
[2024-12-19T13:51:27.574+0000] {standard_task_runner.py:72} INFO - Started process 16181 to run task
[2024-12-19T13:51:27.571+0000] {standard_task_runner.py:104} INFO - Running: ['***', 'tasks', 'run', 'dag_with_taskflow_api', 'greet', 'scheduled__2024-10-03T00:00:00+00:00', '--job-id', '4380', '--raw', '--subdir', 'DAGS_FOLDER/dag_with_taskflow_api.py', '--cfg-path', '/tmp/tmp61469cbs']
[2024-12-19T13:51:27.576+0000] {standard_task_runner.py:105} INFO - Job 4380: Subtask greet
[2024-12-19T13:51:27.648+0000] {task_command.py:467} INFO - Running <TaskInstance: dag_with_taskflow_api.greet scheduled__2024-10-03T00:00:00+00:00 [running]> on host 02d979add40a
[2024-12-19T13:51:27.788+0000] {taskinstance.py:3132} INFO - Exporting env vars: AIRFLOW_CTX_DAG_OWNER='mateo' AIRFLOW_CTX_DAG_ID='dag_with_taskflow_api' AIRFLOW_CTX_TASK_ID='greet' AIRFLOW_CTX_EXECUTION_DATE='2024-10-03T00:00:00+00:00' AIRFLOW_CTX_TRY_NUMBER='1' AIRFLOW_CTX_DAG_RUN_ID='scheduled__2024-10-03T00:00:00+00:00'
[2024-12-19T13:51:27.792+0000] {taskinstance.py:731} INFO - ::endgroup::
[2024-12-19T13:51:27.797+0000] {logging_mixin.py:190} INFO - My name is Jerry. I am 19 years old.
[2024-12-19T13:51:27.798+0000] {python.py:240} INFO - Done. Returned value was: None
[2024-12-19T13:51:27.813+0000] {taskinstance.py:340} INFO - ::group::Post task execution logs
[2024-12-19T13:51:27.815+0000] {taskinstance.py:352} INFO - Marking task as SUCCESS. dag_id=dag_with_taskflow_api, task_id=greet, run_id=scheduled__2024-10-03T00:00:00+00:00, execution_date=20241003T000000, start_date=20241219T135127, end_date=20241219T135127
[2024-12-19T13:51:27.881+0000] {local_task_job_runner.py:266} INFO - Task exited with return code 0
[2024-12-19T13:51:27.898+0000] {taskinstance.py:3895} INFO - 0 downstream tasks scheduled from follow-on schedule check
[2024-12-19T13:51:27.900+0000] {local_task_job_runner.py:245} INFO - ::endgroup::
[2024-12-20T10:29:01.955+0000] {local_task_job_runner.py:123} INFO - ::group::Pre task execution logs
[2024-12-20T10:29:01.976+0000] {taskinstance.py:2613} INFO - Dependencies all met for dep_context=non-requeueable deps ti=<TaskInstance: dag_with_taskflow_api.greet scheduled__2024-10-03T00:00:00+00:00 [queued]>
[2024-12-20T10:29:01.986+0000] {taskinstance.py:2613} INFO - Dependencies all met for dep_context=requeueable deps ti=<TaskInstance: dag_with_taskflow_api.greet scheduled__2024-10-03T00:00:00+00:00 [queued]>
[2024-12-20T10:29:01.987+0000] {taskinstance.py:2866} INFO - Starting attempt 1 of 6
[2024-12-20T10:29:02.005+0000] {taskinstance.py:2889} INFO - Executing <Task(_PythonDecoratedOperator): greet> on 2024-10-03 00:00:00+00:00
[2024-12-20T10:29:02.016+0000] {logging_mixin.py:190} WARNING - /home/***/.local/lib/python3.12/site-packages/***/task/task_runner/standard_task_runner.py:70 DeprecationWarning: This process (pid=12778) is multi-threaded, use of fork() may lead to deadlocks in the child.
[2024-12-20T10:29:02.018+0000] {standard_task_runner.py:72} INFO - Started process 12785 to run task
[2024-12-20T10:29:02.018+0000] {standard_task_runner.py:104} INFO - Running: ['***', 'tasks', 'run', 'dag_with_taskflow_api', 'greet', 'scheduled__2024-10-03T00:00:00+00:00', '--job-id', '4696', '--raw', '--subdir', 'DAGS_FOLDER/dag_with_taskflow_api.py', '--cfg-path', '/tmp/tmp8k6359yg']
[2024-12-20T10:29:02.022+0000] {standard_task_runner.py:105} INFO - Job 4696: Subtask greet
[2024-12-20T10:29:02.089+0000] {task_command.py:467} INFO - Running <TaskInstance: dag_with_taskflow_api.greet scheduled__2024-10-03T00:00:00+00:00 [running]> on host a998b5b3d359
[2024-12-20T10:29:02.219+0000] {taskinstance.py:3132} INFO - Exporting env vars: AIRFLOW_CTX_DAG_OWNER='mateo' AIRFLOW_CTX_DAG_ID='dag_with_taskflow_api' AIRFLOW_CTX_TASK_ID='greet' AIRFLOW_CTX_EXECUTION_DATE='2024-10-03T00:00:00+00:00' AIRFLOW_CTX_TRY_NUMBER='1' AIRFLOW_CTX_DAG_RUN_ID='scheduled__2024-10-03T00:00:00+00:00'
[2024-12-20T10:29:02.222+0000] {taskinstance.py:731} INFO - ::endgroup::
[2024-12-20T10:29:02.225+0000] {logging_mixin.py:190} INFO - My name is Jerry. I am 19 years old.
[2024-12-20T10:29:02.226+0000] {python.py:240} INFO - Done. Returned value was: None
[2024-12-20T10:29:02.238+0000] {taskinstance.py:340} INFO - ::group::Post task execution logs
[2024-12-20T10:29:02.240+0000] {taskinstance.py:352} INFO - Marking task as SUCCESS. dag_id=dag_with_taskflow_api, task_id=greet, run_id=scheduled__2024-10-03T00:00:00+00:00, execution_date=20241003T000000, start_date=20241220T102901, end_date=20241220T102902
[2024-12-20T10:29:02.275+0000] {local_task_job_runner.py:266} INFO - Task exited with return code 0
[2024-12-20T10:29:02.295+0000] {taskinstance.py:3895} INFO - 0 downstream tasks scheduled from follow-on schedule check
[2024-12-20T10:29:02.297+0000] {local_task_job_runner.py:245} INFO - ::endgroup::
