[2024-12-19T13:52:13.529+0000] {local_task_job_runner.py:123} INFO - ::group::Pre task execution logs
[2024-12-19T13:52:13.587+0000] {taskinstance.py:2613} INFO - Dependencies all met for dep_context=non-requeueable deps ti=<TaskInstance: dag_with_taskflow_api.get_age scheduled__2024-12-02T00:00:00+00:00 [queued]>
[2024-12-19T13:52:13.601+0000] {taskinstance.py:2613} INFO - Dependencies all met for dep_context=requeueable deps ti=<TaskInstance: dag_with_taskflow_api.get_age scheduled__2024-12-02T00:00:00+00:00 [queued]>
[2024-12-19T13:52:13.603+0000] {taskinstance.py:2866} INFO - Starting attempt 1 of 6
[2024-12-19T13:52:13.649+0000] {taskinstance.py:2889} INFO - Executing <Task(_PythonDecoratedOperator): get_age> on 2024-12-02 00:00:00+00:00
[2024-12-19T13:52:13.681+0000] {logging_mixin.py:190} WARNING - /home/***/.local/lib/python3.12/site-packages/***/task/task_runner/standard_task_runner.py:70 DeprecationWarning: This process (pid=16710) is multi-threaded, use of fork() may lead to deadlocks in the child.
[2024-12-19T13:52:13.688+0000] {standard_task_runner.py:72} INFO - Started process 16728 to run task
[2024-12-19T13:52:13.702+0000] {standard_task_runner.py:104} INFO - Running: ['***', 'tasks', 'run', 'dag_with_taskflow_api', 'get_age', 'scheduled__2024-12-02T00:00:00+00:00', '--job-id', '4549', '--raw', '--subdir', 'DAGS_FOLDER/dag_with_taskflow_api.py', '--cfg-path', '/tmp/tmpt9yc757l']
[2024-12-19T13:52:13.706+0000] {standard_task_runner.py:105} INFO - Job 4549: Subtask get_age
[2024-12-19T13:52:13.960+0000] {task_command.py:467} INFO - Running <TaskInstance: dag_with_taskflow_api.get_age scheduled__2024-12-02T00:00:00+00:00 [running]> on host 02d979add40a
[2024-12-19T13:52:14.331+0000] {taskinstance.py:3132} INFO - Exporting env vars: AIRFLOW_CTX_DAG_OWNER='mateo' AIRFLOW_CTX_DAG_ID='dag_with_taskflow_api' AIRFLOW_CTX_TASK_ID='get_age' AIRFLOW_CTX_EXECUTION_DATE='2024-12-02T00:00:00+00:00' AIRFLOW_CTX_TRY_NUMBER='1' AIRFLOW_CTX_DAG_RUN_ID='scheduled__2024-12-02T00:00:00+00:00'
[2024-12-19T13:52:14.343+0000] {taskinstance.py:731} INFO - ::endgroup::
[2024-12-19T13:52:14.353+0000] {python.py:240} INFO - Done. Returned value was: 19
[2024-12-19T13:52:14.411+0000] {taskinstance.py:340} INFO - ::group::Post task execution logs
[2024-12-19T13:52:14.412+0000] {taskinstance.py:352} INFO - Marking task as SUCCESS. dag_id=dag_with_taskflow_api, task_id=get_age, run_id=scheduled__2024-12-02T00:00:00+00:00, execution_date=20241202T000000, start_date=20241219T135213, end_date=20241219T135214
[2024-12-19T13:52:14.644+0000] {local_task_job_runner.py:266} INFO - Task exited with return code 0
[2024-12-19T13:52:14.705+0000] {taskinstance.py:3895} INFO - 0 downstream tasks scheduled from follow-on schedule check
[2024-12-19T13:52:14.710+0000] {local_task_job_runner.py:245} INFO - ::endgroup::
[2024-12-20T10:29:44.318+0000] {local_task_job_runner.py:123} INFO - ::group::Pre task execution logs
[2024-12-20T10:29:44.340+0000] {taskinstance.py:2613} INFO - Dependencies all met for dep_context=non-requeueable deps ti=<TaskInstance: dag_with_taskflow_api.get_age scheduled__2024-12-02T00:00:00+00:00 [queued]>
[2024-12-20T10:29:44.352+0000] {taskinstance.py:2613} INFO - Dependencies all met for dep_context=requeueable deps ti=<TaskInstance: dag_with_taskflow_api.get_age scheduled__2024-12-02T00:00:00+00:00 [queued]>
[2024-12-20T10:29:44.354+0000] {taskinstance.py:2866} INFO - Starting attempt 1 of 6
[2024-12-20T10:29:44.372+0000] {taskinstance.py:2889} INFO - Executing <Task(_PythonDecoratedOperator): get_age> on 2024-12-02 00:00:00+00:00
[2024-12-20T10:29:44.385+0000] {logging_mixin.py:190} WARNING - /home/***/.local/lib/python3.12/site-packages/***/task/task_runner/standard_task_runner.py:70 DeprecationWarning: This process (pid=13338) is multi-threaded, use of fork() may lead to deadlocks in the child.
[2024-12-20T10:29:44.401+0000] {standard_task_runner.py:72} INFO - Started process 13339 to run task
[2024-12-20T10:29:44.386+0000] {standard_task_runner.py:104} INFO - Running: ['***', 'tasks', 'run', 'dag_with_taskflow_api', 'get_age', 'scheduled__2024-12-02T00:00:00+00:00', '--job-id', '4865', '--raw', '--subdir', 'DAGS_FOLDER/dag_with_taskflow_api.py', '--cfg-path', '/tmp/tmp7_svorhz']
[2024-12-20T10:29:44.404+0000] {standard_task_runner.py:105} INFO - Job 4865: Subtask get_age
[2024-12-20T10:29:44.486+0000] {task_command.py:467} INFO - Running <TaskInstance: dag_with_taskflow_api.get_age scheduled__2024-12-02T00:00:00+00:00 [running]> on host a998b5b3d359
[2024-12-20T10:29:44.662+0000] {taskinstance.py:3132} INFO - Exporting env vars: AIRFLOW_CTX_DAG_OWNER='mateo' AIRFLOW_CTX_DAG_ID='dag_with_taskflow_api' AIRFLOW_CTX_TASK_ID='get_age' AIRFLOW_CTX_EXECUTION_DATE='2024-12-02T00:00:00+00:00' AIRFLOW_CTX_TRY_NUMBER='1' AIRFLOW_CTX_DAG_RUN_ID='scheduled__2024-12-02T00:00:00+00:00'
[2024-12-20T10:29:44.664+0000] {taskinstance.py:731} INFO - ::endgroup::
[2024-12-20T10:29:44.667+0000] {python.py:240} INFO - Done. Returned value was: 19
[2024-12-20T10:29:44.698+0000] {taskinstance.py:340} INFO - ::group::Post task execution logs
[2024-12-20T10:29:44.700+0000] {taskinstance.py:352} INFO - Marking task as SUCCESS. dag_id=dag_with_taskflow_api, task_id=get_age, run_id=scheduled__2024-12-02T00:00:00+00:00, execution_date=20241202T000000, start_date=20241220T102944, end_date=20241220T102944
[2024-12-20T10:29:44.769+0000] {local_task_job_runner.py:266} INFO - Task exited with return code 0
[2024-12-20T10:29:44.789+0000] {local_task_job_runner.py:245} INFO - ::endgroup::
