[2024-12-19T13:52:00.756+0000] {local_task_job_runner.py:123} INFO - ::group::Pre task execution logs
[2024-12-19T13:52:00.802+0000] {taskinstance.py:2613} INFO - Dependencies all met for dep_context=non-requeueable deps ti=<TaskInstance: dag_with_taskflow_api.get_age scheduled__2024-11-17T00:00:00+00:00 [queued]>
[2024-12-19T13:52:00.840+0000] {taskinstance.py:2613} INFO - Dependencies all met for dep_context=requeueable deps ti=<TaskInstance: dag_with_taskflow_api.get_age scheduled__2024-11-17T00:00:00+00:00 [queued]>
[2024-12-19T13:52:00.842+0000] {taskinstance.py:2866} INFO - Starting attempt 1 of 6
[2024-12-19T13:52:00.902+0000] {taskinstance.py:2889} INFO - Executing <Task(_PythonDecoratedOperator): get_age> on 2024-11-17 00:00:00+00:00
[2024-12-19T13:52:00.922+0000] {logging_mixin.py:190} WARNING - /home/***/.local/lib/python3.12/site-packages/***/task/task_runner/standard_task_runner.py:70 DeprecationWarning: This process (pid=16561) is multi-threaded, use of fork() may lead to deadlocks in the child.
[2024-12-19T13:52:00.941+0000] {standard_task_runner.py:72} INFO - Started process 16571 to run task
[2024-12-19T13:52:00.933+0000] {standard_task_runner.py:104} INFO - Running: ['***', 'tasks', 'run', 'dag_with_taskflow_api', 'get_age', 'scheduled__2024-11-17T00:00:00+00:00', '--job-id', '4501', '--raw', '--subdir', 'DAGS_FOLDER/dag_with_taskflow_api.py', '--cfg-path', '/tmp/tmp3uz4xfoj']
[2024-12-19T13:52:00.970+0000] {standard_task_runner.py:105} INFO - Job 4501: Subtask get_age
[2024-12-19T13:52:01.100+0000] {task_command.py:467} INFO - Running <TaskInstance: dag_with_taskflow_api.get_age scheduled__2024-11-17T00:00:00+00:00 [running]> on host 02d979add40a
[2024-12-19T13:52:01.424+0000] {taskinstance.py:3132} INFO - Exporting env vars: AIRFLOW_CTX_DAG_OWNER='mateo' AIRFLOW_CTX_DAG_ID='dag_with_taskflow_api' AIRFLOW_CTX_TASK_ID='get_age' AIRFLOW_CTX_EXECUTION_DATE='2024-11-17T00:00:00+00:00' AIRFLOW_CTX_TRY_NUMBER='1' AIRFLOW_CTX_DAG_RUN_ID='scheduled__2024-11-17T00:00:00+00:00'
[2024-12-19T13:52:01.428+0000] {taskinstance.py:731} INFO - ::endgroup::
[2024-12-19T13:52:01.432+0000] {python.py:240} INFO - Done. Returned value was: 19
[2024-12-19T13:52:01.495+0000] {taskinstance.py:340} INFO - ::group::Post task execution logs
[2024-12-19T13:52:01.497+0000] {taskinstance.py:352} INFO - Marking task as SUCCESS. dag_id=dag_with_taskflow_api, task_id=get_age, run_id=scheduled__2024-11-17T00:00:00+00:00, execution_date=20241117T000000, start_date=20241219T135200, end_date=20241219T135201
[2024-12-19T13:52:01.714+0000] {local_task_job_runner.py:266} INFO - Task exited with return code 0
[2024-12-19T13:52:01.741+0000] {taskinstance.py:3895} INFO - 0 downstream tasks scheduled from follow-on schedule check
[2024-12-19T13:52:01.748+0000] {local_task_job_runner.py:245} INFO - ::endgroup::
[2024-12-20T10:29:33.822+0000] {local_task_job_runner.py:123} INFO - ::group::Pre task execution logs
[2024-12-20T10:29:33.860+0000] {taskinstance.py:2613} INFO - Dependencies all met for dep_context=non-requeueable deps ti=<TaskInstance: dag_with_taskflow_api.get_age scheduled__2024-11-17T00:00:00+00:00 [queued]>
[2024-12-20T10:29:33.873+0000] {taskinstance.py:2613} INFO - Dependencies all met for dep_context=requeueable deps ti=<TaskInstance: dag_with_taskflow_api.get_age scheduled__2024-11-17T00:00:00+00:00 [queued]>
[2024-12-20T10:29:33.874+0000] {taskinstance.py:2866} INFO - Starting attempt 1 of 6
[2024-12-20T10:29:33.902+0000] {taskinstance.py:2889} INFO - Executing <Task(_PythonDecoratedOperator): get_age> on 2024-11-17 00:00:00+00:00
[2024-12-20T10:29:33.918+0000] {logging_mixin.py:190} WARNING - /home/***/.local/lib/python3.12/site-packages/***/task/task_runner/standard_task_runner.py:70 DeprecationWarning: This process (pid=13183) is multi-threaded, use of fork() may lead to deadlocks in the child.
[2024-12-20T10:29:33.920+0000] {standard_task_runner.py:72} INFO - Started process 13195 to run task
[2024-12-20T10:29:33.926+0000] {standard_task_runner.py:104} INFO - Running: ['***', 'tasks', 'run', 'dag_with_taskflow_api', 'get_age', 'scheduled__2024-11-17T00:00:00+00:00', '--job-id', '4819', '--raw', '--subdir', 'DAGS_FOLDER/dag_with_taskflow_api.py', '--cfg-path', '/tmp/tmpmpsyu9td']
[2024-12-20T10:29:33.931+0000] {standard_task_runner.py:105} INFO - Job 4819: Subtask get_age
[2024-12-20T10:29:34.028+0000] {task_command.py:467} INFO - Running <TaskInstance: dag_with_taskflow_api.get_age scheduled__2024-11-17T00:00:00+00:00 [running]> on host a998b5b3d359
[2024-12-20T10:29:34.254+0000] {taskinstance.py:3132} INFO - Exporting env vars: AIRFLOW_CTX_DAG_OWNER='mateo' AIRFLOW_CTX_DAG_ID='dag_with_taskflow_api' AIRFLOW_CTX_TASK_ID='get_age' AIRFLOW_CTX_EXECUTION_DATE='2024-11-17T00:00:00+00:00' AIRFLOW_CTX_TRY_NUMBER='1' AIRFLOW_CTX_DAG_RUN_ID='scheduled__2024-11-17T00:00:00+00:00'
[2024-12-20T10:29:34.258+0000] {taskinstance.py:731} INFO - ::endgroup::
[2024-12-20T10:29:34.261+0000] {python.py:240} INFO - Done. Returned value was: 19
[2024-12-20T10:29:34.318+0000] {taskinstance.py:340} INFO - ::group::Post task execution logs
[2024-12-20T10:29:34.321+0000] {taskinstance.py:352} INFO - Marking task as SUCCESS. dag_id=dag_with_taskflow_api, task_id=get_age, run_id=scheduled__2024-11-17T00:00:00+00:00, execution_date=20241117T000000, start_date=20241220T102933, end_date=20241220T102934
[2024-12-20T10:29:34.509+0000] {local_task_job_runner.py:266} INFO - Task exited with return code 0
[2024-12-20T10:29:34.541+0000] {taskinstance.py:3895} INFO - 1 downstream tasks scheduled from follow-on schedule check
[2024-12-20T10:29:34.543+0000] {local_task_job_runner.py:245} INFO - ::endgroup::
