[2024-12-19T13:51:41.629+0000] {local_task_job_runner.py:123} INFO - ::group::Pre task execution logs
[2024-12-19T13:51:41.720+0000] {taskinstance.py:2613} INFO - Dependencies all met for dep_context=non-requeueable deps ti=<TaskInstance: dag_with_taskflow_api.get_age scheduled__2024-10-22T00:00:00+00:00 [queued]>
[2024-12-19T13:51:41.770+0000] {taskinstance.py:2613} INFO - Dependencies all met for dep_context=requeueable deps ti=<TaskInstance: dag_with_taskflow_api.get_age scheduled__2024-10-22T00:00:00+00:00 [queued]>
[2024-12-19T13:51:41.772+0000] {taskinstance.py:2866} INFO - Starting attempt 1 of 6
[2024-12-19T13:51:41.819+0000] {taskinstance.py:2889} INFO - Executing <Task(_PythonDecoratedOperator): get_age> on 2024-10-22 00:00:00+00:00
[2024-12-19T13:51:41.851+0000] {standard_task_runner.py:104} INFO - Running: ['***', 'tasks', 'run', 'dag_with_taskflow_api', 'get_age', 'scheduled__2024-10-22T00:00:00+00:00', '--job-id', '4426', '--raw', '--subdir', 'DAGS_FOLDER/dag_with_taskflow_api.py', '--cfg-path', '/tmp/tmpcb_r9l1c']
[2024-12-19T13:51:41.857+0000] {standard_task_runner.py:105} INFO - Job 4426: Subtask get_age
[2024-12-19T13:51:41.853+0000] {logging_mixin.py:190} WARNING - /home/***/.local/lib/python3.12/site-packages/***/task/task_runner/standard_task_runner.py:70 DeprecationWarning: This process (pid=16307) is multi-threaded, use of fork() may lead to deadlocks in the child.
[2024-12-19T13:51:41.866+0000] {standard_task_runner.py:72} INFO - Started process 16323 to run task
[2024-12-19T13:51:41.994+0000] {task_command.py:467} INFO - Running <TaskInstance: dag_with_taskflow_api.get_age scheduled__2024-10-22T00:00:00+00:00 [running]> on host 02d979add40a
[2024-12-19T13:51:42.319+0000] {taskinstance.py:3132} INFO - Exporting env vars: AIRFLOW_CTX_DAG_OWNER='mateo' AIRFLOW_CTX_DAG_ID='dag_with_taskflow_api' AIRFLOW_CTX_TASK_ID='get_age' AIRFLOW_CTX_EXECUTION_DATE='2024-10-22T00:00:00+00:00' AIRFLOW_CTX_TRY_NUMBER='1' AIRFLOW_CTX_DAG_RUN_ID='scheduled__2024-10-22T00:00:00+00:00'
[2024-12-19T13:51:42.324+0000] {taskinstance.py:731} INFO - ::endgroup::
[2024-12-19T13:51:42.333+0000] {python.py:240} INFO - Done. Returned value was: 19
[2024-12-19T13:51:42.400+0000] {taskinstance.py:340} INFO - ::group::Post task execution logs
[2024-12-19T13:51:42.402+0000] {taskinstance.py:352} INFO - Marking task as SUCCESS. dag_id=dag_with_taskflow_api, task_id=get_age, run_id=scheduled__2024-10-22T00:00:00+00:00, execution_date=20241022T000000, start_date=20241219T135141, end_date=20241219T135142
[2024-12-19T13:51:42.467+0000] {local_task_job_runner.py:266} INFO - Task exited with return code 0
[2024-12-19T13:51:42.512+0000] {taskinstance.py:3895} INFO - 1 downstream tasks scheduled from follow-on schedule check
[2024-12-19T13:51:42.518+0000] {local_task_job_runner.py:245} INFO - ::endgroup::
[2024-12-20T10:29:14.256+0000] {local_task_job_runner.py:123} INFO - ::group::Pre task execution logs
[2024-12-20T10:29:14.306+0000] {taskinstance.py:2613} INFO - Dependencies all met for dep_context=non-requeueable deps ti=<TaskInstance: dag_with_taskflow_api.get_age scheduled__2024-10-22T00:00:00+00:00 [queued]>
[2024-12-20T10:29:14.358+0000] {taskinstance.py:2613} INFO - Dependencies all met for dep_context=requeueable deps ti=<TaskInstance: dag_with_taskflow_api.get_age scheduled__2024-10-22T00:00:00+00:00 [queued]>
[2024-12-20T10:29:14.364+0000] {taskinstance.py:2866} INFO - Starting attempt 1 of 6
[2024-12-20T10:29:14.417+0000] {taskinstance.py:2889} INFO - Executing <Task(_PythonDecoratedOperator): get_age> on 2024-10-22 00:00:00+00:00
[2024-12-20T10:29:14.435+0000] {logging_mixin.py:190} WARNING - /home/***/.local/lib/python3.12/site-packages/***/task/task_runner/standard_task_runner.py:70 DeprecationWarning: This process (pid=12932) is multi-threaded, use of fork() may lead to deadlocks in the child.
[2024-12-20T10:29:14.438+0000] {standard_task_runner.py:72} INFO - Started process 12942 to run task
[2024-12-20T10:29:14.446+0000] {standard_task_runner.py:104} INFO - Running: ['***', 'tasks', 'run', 'dag_with_taskflow_api', 'get_age', 'scheduled__2024-10-22T00:00:00+00:00', '--job-id', '4743', '--raw', '--subdir', 'DAGS_FOLDER/dag_with_taskflow_api.py', '--cfg-path', '/tmp/tmpln068uao']
[2024-12-20T10:29:14.456+0000] {standard_task_runner.py:105} INFO - Job 4743: Subtask get_age
[2024-12-20T10:29:14.535+0000] {task_command.py:467} INFO - Running <TaskInstance: dag_with_taskflow_api.get_age scheduled__2024-10-22T00:00:00+00:00 [running]> on host a998b5b3d359
[2024-12-20T10:29:14.653+0000] {taskinstance.py:3132} INFO - Exporting env vars: AIRFLOW_CTX_DAG_OWNER='mateo' AIRFLOW_CTX_DAG_ID='dag_with_taskflow_api' AIRFLOW_CTX_TASK_ID='get_age' AIRFLOW_CTX_EXECUTION_DATE='2024-10-22T00:00:00+00:00' AIRFLOW_CTX_TRY_NUMBER='1' AIRFLOW_CTX_DAG_RUN_ID='scheduled__2024-10-22T00:00:00+00:00'
[2024-12-20T10:29:14.655+0000] {taskinstance.py:731} INFO - ::endgroup::
[2024-12-20T10:29:14.659+0000] {python.py:240} INFO - Done. Returned value was: 19
[2024-12-20T10:29:14.694+0000] {taskinstance.py:340} INFO - ::group::Post task execution logs
[2024-12-20T10:29:14.698+0000] {taskinstance.py:352} INFO - Marking task as SUCCESS. dag_id=dag_with_taskflow_api, task_id=get_age, run_id=scheduled__2024-10-22T00:00:00+00:00, execution_date=20241022T000000, start_date=20241220T102914, end_date=20241220T102914
[2024-12-20T10:29:14.755+0000] {local_task_job_runner.py:266} INFO - Task exited with return code 0
[2024-12-20T10:29:14.805+0000] {taskinstance.py:3895} INFO - 0 downstream tasks scheduled from follow-on schedule check
[2024-12-20T10:29:14.810+0000] {local_task_job_runner.py:245} INFO - ::endgroup::
