[2024-12-19T13:51:25.393+0000] {local_task_job_runner.py:123} INFO - ::group::Pre task execution logs
[2024-12-19T13:51:25.477+0000] {taskinstance.py:2613} INFO - Dependencies all met for dep_context=non-requeueable deps ti=<TaskInstance: dag_with_taskflow_api.get_age scheduled__2024-10-02T00:00:00+00:00 [queued]>
[2024-12-19T13:51:25.499+0000] {taskinstance.py:2613} INFO - Dependencies all met for dep_context=requeueable deps ti=<TaskInstance: dag_with_taskflow_api.get_age scheduled__2024-10-02T00:00:00+00:00 [queued]>
[2024-12-19T13:51:25.505+0000] {taskinstance.py:2866} INFO - Starting attempt 1 of 6
[2024-12-19T13:51:25.658+0000] {taskinstance.py:2889} INFO - Executing <Task(_PythonDecoratedOperator): get_age> on 2024-10-02 00:00:00+00:00
[2024-12-19T13:51:25.683+0000] {logging_mixin.py:190} WARNING - /home/***/.local/lib/python3.12/site-packages/***/task/task_runner/standard_task_runner.py:70 DeprecationWarning: This process (pid=16131) is multi-threaded, use of fork() may lead to deadlocks in the child.
[2024-12-19T13:51:25.685+0000] {standard_task_runner.py:72} INFO - Started process 16148 to run task
[2024-12-19T13:51:25.695+0000] {standard_task_runner.py:104} INFO - Running: ['***', 'tasks', 'run', 'dag_with_taskflow_api', 'get_age', 'scheduled__2024-10-02T00:00:00+00:00', '--job-id', '4368', '--raw', '--subdir', 'DAGS_FOLDER/dag_with_taskflow_api.py', '--cfg-path', '/tmp/tmp4jzdvdpd']
[2024-12-19T13:51:25.706+0000] {standard_task_runner.py:105} INFO - Job 4368: Subtask get_age
[2024-12-19T13:51:25.867+0000] {task_command.py:467} INFO - Running <TaskInstance: dag_with_taskflow_api.get_age scheduled__2024-10-02T00:00:00+00:00 [running]> on host 02d979add40a
[2024-12-19T13:51:26.206+0000] {taskinstance.py:3132} INFO - Exporting env vars: AIRFLOW_CTX_DAG_OWNER='mateo' AIRFLOW_CTX_DAG_ID='dag_with_taskflow_api' AIRFLOW_CTX_TASK_ID='get_age' AIRFLOW_CTX_EXECUTION_DATE='2024-10-02T00:00:00+00:00' AIRFLOW_CTX_TRY_NUMBER='1' AIRFLOW_CTX_DAG_RUN_ID='scheduled__2024-10-02T00:00:00+00:00'
[2024-12-19T13:51:26.209+0000] {taskinstance.py:731} INFO - ::endgroup::
[2024-12-19T13:51:26.231+0000] {python.py:240} INFO - Done. Returned value was: 19
[2024-12-19T13:51:26.284+0000] {taskinstance.py:340} INFO - ::group::Post task execution logs
[2024-12-19T13:51:26.286+0000] {taskinstance.py:352} INFO - Marking task as SUCCESS. dag_id=dag_with_taskflow_api, task_id=get_age, run_id=scheduled__2024-10-02T00:00:00+00:00, execution_date=20241002T000000, start_date=20241219T135125, end_date=20241219T135126
[2024-12-19T13:51:26.428+0000] {local_task_job_runner.py:266} INFO - Task exited with return code 0
[2024-12-19T13:51:26.472+0000] {taskinstance.py:3895} INFO - 1 downstream tasks scheduled from follow-on schedule check
[2024-12-19T13:51:26.482+0000] {local_task_job_runner.py:245} INFO - ::endgroup::
[2024-12-20T10:29:00.008+0000] {local_task_job_runner.py:123} INFO - ::group::Pre task execution logs
[2024-12-20T10:29:00.029+0000] {taskinstance.py:2613} INFO - Dependencies all met for dep_context=non-requeueable deps ti=<TaskInstance: dag_with_taskflow_api.get_age scheduled__2024-10-02T00:00:00+00:00 [queued]>
[2024-12-20T10:29:00.043+0000] {taskinstance.py:2613} INFO - Dependencies all met for dep_context=requeueable deps ti=<TaskInstance: dag_with_taskflow_api.get_age scheduled__2024-10-02T00:00:00+00:00 [queued]>
[2024-12-20T10:29:00.045+0000] {taskinstance.py:2866} INFO - Starting attempt 1 of 6
[2024-12-20T10:29:00.071+0000] {taskinstance.py:2889} INFO - Executing <Task(_PythonDecoratedOperator): get_age> on 2024-10-02 00:00:00+00:00
[2024-12-20T10:29:00.086+0000] {standard_task_runner.py:104} INFO - Running: ['***', 'tasks', 'run', 'dag_with_taskflow_api', 'get_age', 'scheduled__2024-10-02T00:00:00+00:00', '--job-id', '4682', '--raw', '--subdir', 'DAGS_FOLDER/dag_with_taskflow_api.py', '--cfg-path', '/tmp/tmp0u9sqsde']
[2024-12-20T10:29:00.090+0000] {standard_task_runner.py:105} INFO - Job 4682: Subtask get_age
[2024-12-20T10:29:00.089+0000] {logging_mixin.py:190} WARNING - /home/***/.local/lib/python3.12/site-packages/***/task/task_runner/standard_task_runner.py:70 DeprecationWarning: This process (pid=12737) is multi-threaded, use of fork() may lead to deadlocks in the child.
[2024-12-20T10:29:00.097+0000] {standard_task_runner.py:72} INFO - Started process 12746 to run task
[2024-12-20T10:29:00.235+0000] {task_command.py:467} INFO - Running <TaskInstance: dag_with_taskflow_api.get_age scheduled__2024-10-02T00:00:00+00:00 [running]> on host a998b5b3d359
[2024-12-20T10:29:00.420+0000] {taskinstance.py:3132} INFO - Exporting env vars: AIRFLOW_CTX_DAG_OWNER='mateo' AIRFLOW_CTX_DAG_ID='dag_with_taskflow_api' AIRFLOW_CTX_TASK_ID='get_age' AIRFLOW_CTX_EXECUTION_DATE='2024-10-02T00:00:00+00:00' AIRFLOW_CTX_TRY_NUMBER='1' AIRFLOW_CTX_DAG_RUN_ID='scheduled__2024-10-02T00:00:00+00:00'
[2024-12-20T10:29:00.425+0000] {taskinstance.py:731} INFO - ::endgroup::
[2024-12-20T10:29:00.434+0000] {python.py:240} INFO - Done. Returned value was: 19
[2024-12-20T10:29:00.470+0000] {taskinstance.py:340} INFO - ::group::Post task execution logs
[2024-12-20T10:29:00.471+0000] {taskinstance.py:352} INFO - Marking task as SUCCESS. dag_id=dag_with_taskflow_api, task_id=get_age, run_id=scheduled__2024-10-02T00:00:00+00:00, execution_date=20241002T000000, start_date=20241220T102900, end_date=20241220T102900
[2024-12-20T10:29:00.569+0000] {local_task_job_runner.py:266} INFO - Task exited with return code 0
[2024-12-20T10:29:00.595+0000] {taskinstance.py:3895} INFO - 0 downstream tasks scheduled from follow-on schedule check
[2024-12-20T10:29:00.601+0000] {local_task_job_runner.py:245} INFO - ::endgroup::
