[2024-12-20T10:36:53.906+0000] {local_task_job_runner.py:123} INFO - ::group::Pre task execution logs
[2024-12-20T10:36:53.940+0000] {taskinstance.py:2613} INFO - Dependencies all met for dep_context=non-requeueable deps ti=<TaskInstance: sql_operator_dag.SQL_provider_task scheduled__2024-01-05T22:00:00+00:00 [queued]>
[2024-12-20T10:36:53.961+0000] {taskinstance.py:2613} INFO - Dependencies all met for dep_context=requeueable deps ti=<TaskInstance: sql_operator_dag.SQL_provider_task scheduled__2024-01-05T22:00:00+00:00 [queued]>
[2024-12-20T10:36:53.963+0000] {taskinstance.py:2866} INFO - Starting attempt 1 of 6
[2024-12-20T10:36:54.087+0000] {taskinstance.py:2889} INFO - Executing <Task(SQLExecuteQueryOperator): SQL_provider_task> on 2024-01-05 22:00:00+00:00
[2024-12-20T10:36:54.112+0000] {logging_mixin.py:190} WARNING - /home/***/.local/lib/python3.12/site-packages/***/task/task_runner/standard_task_runner.py:70 DeprecationWarning: This process (pid=14450) is multi-threaded, use of fork() may lead to deadlocks in the child.
[2024-12-20T10:36:54.122+0000] {standard_task_runner.py:72} INFO - Started process 14457 to run task
[2024-12-20T10:36:54.127+0000] {standard_task_runner.py:104} INFO - Running: ['***', 'tasks', 'run', 'sql_operator_dag', 'SQL_provider_task', 'scheduled__2024-01-05T22:00:00+00:00', '--job-id', '5066', '--raw', '--subdir', 'DAGS_FOLDER/dag_with_postgresql.py', '--cfg-path', '/tmp/tmpi7i8czq_']
[2024-12-20T10:36:54.131+0000] {standard_task_runner.py:105} INFO - Job 5066: Subtask SQL_provider_task
[2024-12-20T10:36:54.218+0000] {task_command.py:467} INFO - Running <TaskInstance: sql_operator_dag.SQL_provider_task scheduled__2024-01-05T22:00:00+00:00 [running]> on host a998b5b3d359
[2024-12-20T10:36:54.344+0000] {taskinstance.py:3132} INFO - Exporting env vars: AIRFLOW_CTX_DAG_OWNER='Mateo' AIRFLOW_CTX_DAG_ID='sql_operator_dag' AIRFLOW_CTX_TASK_ID='SQL_provider_task' AIRFLOW_CTX_EXECUTION_DATE='2024-01-05T22:00:00+00:00' AIRFLOW_CTX_TRY_NUMBER='1' AIRFLOW_CTX_DAG_RUN_ID='scheduled__2024-01-05T22:00:00+00:00'
[2024-12-20T10:36:54.351+0000] {taskinstance.py:731} INFO - ::endgroup::
[2024-12-20T10:36:54.388+0000] {sql.py:278} INFO - Executing: 
        create table if not exists dag_runs(
            dt date,
            dag_id varchar,
            primary key (dt,dag_id) 
        )
        
[2024-12-20T10:36:54.399+0000] {base.py:84} INFO - Retrieving connection 'sql_operator_practice'
[2024-12-20T10:36:54.414+0000] {base.py:84} INFO - Retrieving connection 'sql_operator_practice'
[2024-12-20T10:36:54.435+0000] {sql.py:553} INFO - Running statement: 
        create table if not exists dag_runs(
            dt date,
            dag_id varchar,
            primary key (dt,dag_id) 
        )
        , parameters: None
[2024-12-20T10:36:54.459+0000] {taskinstance.py:340} INFO - ::group::Post task execution logs
[2024-12-20T10:36:54.460+0000] {taskinstance.py:352} INFO - Marking task as SUCCESS. dag_id=sql_operator_dag, task_id=SQL_provider_task, run_id=scheduled__2024-01-05T22:00:00+00:00, execution_date=20240105T220000, start_date=20241220T103653, end_date=20241220T103654
[2024-12-20T10:36:54.512+0000] {local_task_job_runner.py:266} INFO - Task exited with return code 0
[2024-12-20T10:36:54.539+0000] {taskinstance.py:3895} INFO - 0 downstream tasks scheduled from follow-on schedule check
[2024-12-20T10:36:54.542+0000] {local_task_job_runner.py:245} INFO - ::endgroup::
