[2024-12-19T13:51:26.754+0000] {local_task_job_runner.py:123} INFO - ::group::Pre task execution logs
[2024-12-19T13:51:26.816+0000] {taskinstance.py:2613} INFO - Dependencies all met for dep_context=non-requeueable deps ti=<TaskInstance: dag_with_taskflow_api.get_name scheduled__2024-10-06T00:00:00+00:00 [queued]>
[2024-12-19T13:51:26.850+0000] {taskinstance.py:2613} INFO - Dependencies all met for dep_context=requeueable deps ti=<TaskInstance: dag_with_taskflow_api.get_name scheduled__2024-10-06T00:00:00+00:00 [queued]>
[2024-12-19T13:51:26.856+0000] {taskinstance.py:2866} INFO - Starting attempt 1 of 6
[2024-12-19T13:51:26.931+0000] {taskinstance.py:2889} INFO - Executing <Task(_PythonDecoratedOperator): get_name> on 2024-10-06 00:00:00+00:00
[2024-12-19T13:51:26.948+0000] {logging_mixin.py:190} WARNING - /home/***/.local/lib/python3.12/site-packages/***/task/task_runner/standard_task_runner.py:70 DeprecationWarning: This process (pid=16156) is multi-threaded, use of fork() may lead to deadlocks in the child.
[2024-12-19T13:51:26.956+0000] {standard_task_runner.py:72} INFO - Started process 16173 to run task
[2024-12-19T13:51:26.972+0000] {standard_task_runner.py:104} INFO - Running: ['***', 'tasks', 'run', 'dag_with_taskflow_api', 'get_name', 'scheduled__2024-10-06T00:00:00+00:00', '--job-id', '4376', '--raw', '--subdir', 'DAGS_FOLDER/dag_with_taskflow_api.py', '--cfg-path', '/tmp/tmp8pzmitql']
[2024-12-19T13:51:26.978+0000] {standard_task_runner.py:105} INFO - Job 4376: Subtask get_name
[2024-12-19T13:51:27.088+0000] {task_command.py:467} INFO - Running <TaskInstance: dag_with_taskflow_api.get_name scheduled__2024-10-06T00:00:00+00:00 [running]> on host 02d979add40a
[2024-12-19T13:51:27.254+0000] {taskinstance.py:3132} INFO - Exporting env vars: AIRFLOW_CTX_DAG_OWNER='mateo' AIRFLOW_CTX_DAG_ID='dag_with_taskflow_api' AIRFLOW_CTX_TASK_ID='get_name' AIRFLOW_CTX_EXECUTION_DATE='2024-10-06T00:00:00+00:00' AIRFLOW_CTX_TRY_NUMBER='1' AIRFLOW_CTX_DAG_RUN_ID='scheduled__2024-10-06T00:00:00+00:00'
[2024-12-19T13:51:27.259+0000] {taskinstance.py:731} INFO - ::endgroup::
[2024-12-19T13:51:27.262+0000] {python.py:240} INFO - Done. Returned value was: Jerry
[2024-12-19T13:51:27.311+0000] {taskinstance.py:340} INFO - ::group::Post task execution logs
[2024-12-19T13:51:27.313+0000] {taskinstance.py:352} INFO - Marking task as SUCCESS. dag_id=dag_with_taskflow_api, task_id=get_name, run_id=scheduled__2024-10-06T00:00:00+00:00, execution_date=20241006T000000, start_date=20241219T135126, end_date=20241219T135127
[2024-12-19T13:51:27.390+0000] {local_task_job_runner.py:266} INFO - Task exited with return code 0
[2024-12-19T13:51:27.414+0000] {local_task_job_runner.py:245} INFO - ::endgroup::
[2024-12-20T10:29:01.667+0000] {local_task_job_runner.py:123} INFO - ::group::Pre task execution logs
[2024-12-20T10:29:01.687+0000] {taskinstance.py:2613} INFO - Dependencies all met for dep_context=non-requeueable deps ti=<TaskInstance: dag_with_taskflow_api.get_name scheduled__2024-10-06T00:00:00+00:00 [queued]>
[2024-12-20T10:29:01.703+0000] {taskinstance.py:2613} INFO - Dependencies all met for dep_context=requeueable deps ti=<TaskInstance: dag_with_taskflow_api.get_name scheduled__2024-10-06T00:00:00+00:00 [queued]>
[2024-12-20T10:29:01.706+0000] {taskinstance.py:2866} INFO - Starting attempt 1 of 6
[2024-12-20T10:29:01.733+0000] {taskinstance.py:2889} INFO - Executing <Task(_PythonDecoratedOperator): get_name> on 2024-10-06 00:00:00+00:00
[2024-12-20T10:29:01.746+0000] {logging_mixin.py:190} WARNING - /home/***/.local/lib/python3.12/site-packages/***/task/task_runner/standard_task_runner.py:70 DeprecationWarning: This process (pid=12770) is multi-threaded, use of fork() may lead to deadlocks in the child.
[2024-12-20T10:29:01.749+0000] {standard_task_runner.py:72} INFO - Started process 12780 to run task
[2024-12-20T10:29:01.754+0000] {standard_task_runner.py:104} INFO - Running: ['***', 'tasks', 'run', 'dag_with_taskflow_api', 'get_name', 'scheduled__2024-10-06T00:00:00+00:00', '--job-id', '4694', '--raw', '--subdir', 'DAGS_FOLDER/dag_with_taskflow_api.py', '--cfg-path', '/tmp/tmp7y22wlbx']
[2024-12-20T10:29:01.762+0000] {standard_task_runner.py:105} INFO - Job 4694: Subtask get_name
[2024-12-20T10:29:01.853+0000] {task_command.py:467} INFO - Running <TaskInstance: dag_with_taskflow_api.get_name scheduled__2024-10-06T00:00:00+00:00 [running]> on host a998b5b3d359
[2024-12-20T10:29:01.953+0000] {taskinstance.py:3132} INFO - Exporting env vars: AIRFLOW_CTX_DAG_OWNER='mateo' AIRFLOW_CTX_DAG_ID='dag_with_taskflow_api' AIRFLOW_CTX_TASK_ID='get_name' AIRFLOW_CTX_EXECUTION_DATE='2024-10-06T00:00:00+00:00' AIRFLOW_CTX_TRY_NUMBER='1' AIRFLOW_CTX_DAG_RUN_ID='scheduled__2024-10-06T00:00:00+00:00'
[2024-12-20T10:29:01.955+0000] {taskinstance.py:731} INFO - ::endgroup::
[2024-12-20T10:29:01.958+0000] {python.py:240} INFO - Done. Returned value was: Jerry
[2024-12-20T10:29:01.978+0000] {taskinstance.py:340} INFO - ::group::Post task execution logs
[2024-12-20T10:29:01.979+0000] {taskinstance.py:352} INFO - Marking task as SUCCESS. dag_id=dag_with_taskflow_api, task_id=get_name, run_id=scheduled__2024-10-06T00:00:00+00:00, execution_date=20241006T000000, start_date=20241220T102901, end_date=20241220T102901
[2024-12-20T10:29:02.026+0000] {local_task_job_runner.py:266} INFO - Task exited with return code 0
[2024-12-20T10:29:02.053+0000] {taskinstance.py:3895} INFO - 1 downstream tasks scheduled from follow-on schedule check
[2024-12-20T10:29:02.060+0000] {local_task_job_runner.py:245} INFO - ::endgroup::
