[2024-12-19T13:51:25.684+0000] {local_task_job_runner.py:123} INFO - ::group::Pre task execution logs
[2024-12-19T13:51:25.762+0000] {taskinstance.py:2613} INFO - Dependencies all met for dep_context=non-requeueable deps ti=<TaskInstance: dag_with_taskflow_api.get_name scheduled__2024-10-03T00:00:00+00:00 [queued]>
[2024-12-19T13:51:25.789+0000] {taskinstance.py:2613} INFO - Dependencies all met for dep_context=requeueable deps ti=<TaskInstance: dag_with_taskflow_api.get_name scheduled__2024-10-03T00:00:00+00:00 [queued]>
[2024-12-19T13:51:25.793+0000] {taskinstance.py:2866} INFO - Starting attempt 1 of 6
[2024-12-19T13:51:25.862+0000] {taskinstance.py:2889} INFO - Executing <Task(_PythonDecoratedOperator): get_name> on 2024-10-03 00:00:00+00:00
[2024-12-19T13:51:25.909+0000] {logging_mixin.py:190} WARNING - /home/***/.local/lib/python3.12/site-packages/***/task/task_runner/standard_task_runner.py:70 DeprecationWarning: This process (pid=16132) is multi-threaded, use of fork() may lead to deadlocks in the child.
[2024-12-19T13:51:25.917+0000] {standard_task_runner.py:72} INFO - Started process 16154 to run task
[2024-12-19T13:51:25.909+0000] {standard_task_runner.py:104} INFO - Running: ['***', 'tasks', 'run', 'dag_with_taskflow_api', 'get_name', 'scheduled__2024-10-03T00:00:00+00:00', '--job-id', '4369', '--raw', '--subdir', 'DAGS_FOLDER/dag_with_taskflow_api.py', '--cfg-path', '/tmp/tmpihu32bf6']
[2024-12-19T13:51:25.927+0000] {standard_task_runner.py:105} INFO - Job 4369: Subtask get_name
[2024-12-19T13:51:26.095+0000] {task_command.py:467} INFO - Running <TaskInstance: dag_with_taskflow_api.get_name scheduled__2024-10-03T00:00:00+00:00 [running]> on host 02d979add40a
[2024-12-19T13:51:26.584+0000] {taskinstance.py:3132} INFO - Exporting env vars: AIRFLOW_CTX_DAG_OWNER='mateo' AIRFLOW_CTX_DAG_ID='dag_with_taskflow_api' AIRFLOW_CTX_TASK_ID='get_name' AIRFLOW_CTX_EXECUTION_DATE='2024-10-03T00:00:00+00:00' AIRFLOW_CTX_TRY_NUMBER='1' AIRFLOW_CTX_DAG_RUN_ID='scheduled__2024-10-03T00:00:00+00:00'
[2024-12-19T13:51:26.588+0000] {taskinstance.py:731} INFO - ::endgroup::
[2024-12-19T13:51:26.594+0000] {python.py:240} INFO - Done. Returned value was: Jerry
[2024-12-19T13:51:26.672+0000] {taskinstance.py:340} INFO - ::group::Post task execution logs
[2024-12-19T13:51:26.674+0000] {taskinstance.py:352} INFO - Marking task as SUCCESS. dag_id=dag_with_taskflow_api, task_id=get_name, run_id=scheduled__2024-10-03T00:00:00+00:00, execution_date=20241003T000000, start_date=20241219T135125, end_date=20241219T135126
[2024-12-19T13:51:26.774+0000] {local_task_job_runner.py:266} INFO - Task exited with return code 0
[2024-12-19T13:51:26.800+0000] {local_task_job_runner.py:245} INFO - ::endgroup::
[2024-12-20T10:29:00.477+0000] {local_task_job_runner.py:123} INFO - ::group::Pre task execution logs
[2024-12-20T10:29:00.540+0000] {taskinstance.py:2613} INFO - Dependencies all met for dep_context=non-requeueable deps ti=<TaskInstance: dag_with_taskflow_api.get_name scheduled__2024-10-03T00:00:00+00:00 [queued]>
[2024-12-20T10:29:00.561+0000] {taskinstance.py:2613} INFO - Dependencies all met for dep_context=requeueable deps ti=<TaskInstance: dag_with_taskflow_api.get_name scheduled__2024-10-03T00:00:00+00:00 [queued]>
[2024-12-20T10:29:00.564+0000] {taskinstance.py:2866} INFO - Starting attempt 1 of 6
[2024-12-20T10:29:00.592+0000] {taskinstance.py:2889} INFO - Executing <Task(_PythonDecoratedOperator): get_name> on 2024-10-03 00:00:00+00:00
[2024-12-20T10:29:00.609+0000] {logging_mixin.py:190} WARNING - /home/***/.local/lib/python3.12/site-packages/***/task/task_runner/standard_task_runner.py:70 DeprecationWarning: This process (pid=12743) is multi-threaded, use of fork() may lead to deadlocks in the child.
[2024-12-20T10:29:00.612+0000] {standard_task_runner.py:72} INFO - Started process 12757 to run task
[2024-12-20T10:29:00.619+0000] {standard_task_runner.py:104} INFO - Running: ['***', 'tasks', 'run', 'dag_with_taskflow_api', 'get_name', 'scheduled__2024-10-03T00:00:00+00:00', '--job-id', '4687', '--raw', '--subdir', 'DAGS_FOLDER/dag_with_taskflow_api.py', '--cfg-path', '/tmp/tmpj0l_5fo8']
[2024-12-20T10:29:00.627+0000] {standard_task_runner.py:105} INFO - Job 4687: Subtask get_name
[2024-12-20T10:29:00.803+0000] {task_command.py:467} INFO - Running <TaskInstance: dag_with_taskflow_api.get_name scheduled__2024-10-03T00:00:00+00:00 [running]> on host a998b5b3d359
[2024-12-20T10:29:01.024+0000] {taskinstance.py:3132} INFO - Exporting env vars: AIRFLOW_CTX_DAG_OWNER='mateo' AIRFLOW_CTX_DAG_ID='dag_with_taskflow_api' AIRFLOW_CTX_TASK_ID='get_name' AIRFLOW_CTX_EXECUTION_DATE='2024-10-03T00:00:00+00:00' AIRFLOW_CTX_TRY_NUMBER='1' AIRFLOW_CTX_DAG_RUN_ID='scheduled__2024-10-03T00:00:00+00:00'
[2024-12-20T10:29:01.026+0000] {taskinstance.py:731} INFO - ::endgroup::
[2024-12-20T10:29:01.030+0000] {python.py:240} INFO - Done. Returned value was: Jerry
[2024-12-20T10:29:01.083+0000] {taskinstance.py:340} INFO - ::group::Post task execution logs
[2024-12-20T10:29:01.085+0000] {taskinstance.py:352} INFO - Marking task as SUCCESS. dag_id=dag_with_taskflow_api, task_id=get_name, run_id=scheduled__2024-10-03T00:00:00+00:00, execution_date=20241003T000000, start_date=20241220T102900, end_date=20241220T102901
[2024-12-20T10:29:01.365+0000] {local_task_job_runner.py:266} INFO - Task exited with return code 0
[2024-12-20T10:29:01.402+0000] {taskinstance.py:3895} INFO - 1 downstream tasks scheduled from follow-on schedule check
[2024-12-20T10:29:01.419+0000] {local_task_job_runner.py:245} INFO - ::endgroup::
