[2024-12-19T13:52:18.002+0000] {local_task_job_runner.py:123} INFO - ::group::Pre task execution logs
[2024-12-19T13:52:18.055+0000] {taskinstance.py:2613} INFO - Dependencies all met for dep_context=non-requeueable deps ti=<TaskInstance: dag_with_taskflow_api.greet scheduled__2024-12-06T00:00:00+00:00 [queued]>
[2024-12-19T13:52:18.103+0000] {taskinstance.py:2613} INFO - Dependencies all met for dep_context=requeueable deps ti=<TaskInstance: dag_with_taskflow_api.greet scheduled__2024-12-06T00:00:00+00:00 [queued]>
[2024-12-19T13:52:18.105+0000] {taskinstance.py:2866} INFO - Starting attempt 1 of 6
[2024-12-19T13:52:18.136+0000] {taskinstance.py:2889} INFO - Executing <Task(_PythonDecoratedOperator): greet> on 2024-12-06 00:00:00+00:00
[2024-12-19T13:52:18.165+0000] {logging_mixin.py:190} WARNING - /home/***/.local/lib/python3.12/site-packages/***/task/task_runner/standard_task_runner.py:70 DeprecationWarning: This process (pid=16795) is multi-threaded, use of fork() may lead to deadlocks in the child.
[2024-12-19T13:52:18.169+0000] {standard_task_runner.py:72} INFO - Started process 16809 to run task
[2024-12-19T13:52:18.171+0000] {standard_task_runner.py:104} INFO - Running: ['***', 'tasks', 'run', 'dag_with_taskflow_api', 'greet', 'scheduled__2024-12-06T00:00:00+00:00', '--job-id', '4574', '--raw', '--subdir', 'DAGS_FOLDER/dag_with_taskflow_api.py', '--cfg-path', '/tmp/tmpnbx3p9yr']
[2024-12-19T13:52:18.177+0000] {standard_task_runner.py:105} INFO - Job 4574: Subtask greet
[2024-12-19T13:52:18.303+0000] {task_command.py:467} INFO - Running <TaskInstance: dag_with_taskflow_api.greet scheduled__2024-12-06T00:00:00+00:00 [running]> on host 02d979add40a
[2024-12-19T13:52:18.579+0000] {taskinstance.py:3132} INFO - Exporting env vars: AIRFLOW_CTX_DAG_OWNER='mateo' AIRFLOW_CTX_DAG_ID='dag_with_taskflow_api' AIRFLOW_CTX_TASK_ID='greet' AIRFLOW_CTX_EXECUTION_DATE='2024-12-06T00:00:00+00:00' AIRFLOW_CTX_TRY_NUMBER='1' AIRFLOW_CTX_DAG_RUN_ID='scheduled__2024-12-06T00:00:00+00:00'
[2024-12-19T13:52:18.581+0000] {taskinstance.py:731} INFO - ::endgroup::
[2024-12-19T13:52:18.586+0000] {logging_mixin.py:190} INFO - My name is Jerry. I am 19 years old.
[2024-12-19T13:52:18.587+0000] {python.py:240} INFO - Done. Returned value was: None
[2024-12-19T13:52:18.599+0000] {taskinstance.py:340} INFO - ::group::Post task execution logs
[2024-12-19T13:52:18.601+0000] {taskinstance.py:352} INFO - Marking task as SUCCESS. dag_id=dag_with_taskflow_api, task_id=greet, run_id=scheduled__2024-12-06T00:00:00+00:00, execution_date=20241206T000000, start_date=20241219T135218, end_date=20241219T135218
[2024-12-19T13:52:18.641+0000] {local_task_job_runner.py:266} INFO - Task exited with return code 0
[2024-12-19T13:52:18.665+0000] {taskinstance.py:3895} INFO - 0 downstream tasks scheduled from follow-on schedule check
[2024-12-19T13:52:18.671+0000] {local_task_job_runner.py:245} INFO - ::endgroup::
[2024-12-20T10:29:47.858+0000] {local_task_job_runner.py:123} INFO - ::group::Pre task execution logs
[2024-12-20T10:29:47.898+0000] {taskinstance.py:2613} INFO - Dependencies all met for dep_context=non-requeueable deps ti=<TaskInstance: dag_with_taskflow_api.greet scheduled__2024-12-06T00:00:00+00:00 [queued]>
[2024-12-20T10:29:47.911+0000] {taskinstance.py:2613} INFO - Dependencies all met for dep_context=requeueable deps ti=<TaskInstance: dag_with_taskflow_api.greet scheduled__2024-12-06T00:00:00+00:00 [queued]>
[2024-12-20T10:29:47.915+0000] {taskinstance.py:2866} INFO - Starting attempt 1 of 6
[2024-12-20T10:29:47.951+0000] {taskinstance.py:2889} INFO - Executing <Task(_PythonDecoratedOperator): greet> on 2024-12-06 00:00:00+00:00
[2024-12-20T10:29:47.970+0000] {logging_mixin.py:190} WARNING - /home/***/.local/lib/python3.12/site-packages/***/task/task_runner/standard_task_runner.py:70 DeprecationWarning: This process (pid=13410) is multi-threaded, use of fork() may lead to deadlocks in the child.
[2024-12-20T10:29:47.984+0000] {standard_task_runner.py:72} INFO - Started process 13418 to run task
[2024-12-20T10:29:47.976+0000] {standard_task_runner.py:104} INFO - Running: ['***', 'tasks', 'run', 'dag_with_taskflow_api', 'greet', 'scheduled__2024-12-06T00:00:00+00:00', '--job-id', '4886', '--raw', '--subdir', 'DAGS_FOLDER/dag_with_taskflow_api.py', '--cfg-path', '/tmp/tmpybdqe3cv']
[2024-12-20T10:29:47.997+0000] {standard_task_runner.py:105} INFO - Job 4886: Subtask greet
[2024-12-20T10:29:48.129+0000] {task_command.py:467} INFO - Running <TaskInstance: dag_with_taskflow_api.greet scheduled__2024-12-06T00:00:00+00:00 [running]> on host a998b5b3d359
[2024-12-20T10:29:48.280+0000] {taskinstance.py:3132} INFO - Exporting env vars: AIRFLOW_CTX_DAG_OWNER='mateo' AIRFLOW_CTX_DAG_ID='dag_with_taskflow_api' AIRFLOW_CTX_TASK_ID='greet' AIRFLOW_CTX_EXECUTION_DATE='2024-12-06T00:00:00+00:00' AIRFLOW_CTX_TRY_NUMBER='1' AIRFLOW_CTX_DAG_RUN_ID='scheduled__2024-12-06T00:00:00+00:00'
[2024-12-20T10:29:48.285+0000] {taskinstance.py:731} INFO - ::endgroup::
[2024-12-20T10:29:48.292+0000] {logging_mixin.py:190} INFO - My name is Jerry. I am 19 years old.
[2024-12-20T10:29:48.295+0000] {python.py:240} INFO - Done. Returned value was: None
[2024-12-20T10:29:48.313+0000] {taskinstance.py:340} INFO - ::group::Post task execution logs
[2024-12-20T10:29:48.315+0000] {taskinstance.py:352} INFO - Marking task as SUCCESS. dag_id=dag_with_taskflow_api, task_id=greet, run_id=scheduled__2024-12-06T00:00:00+00:00, execution_date=20241206T000000, start_date=20241220T102947, end_date=20241220T102948
[2024-12-20T10:29:48.383+0000] {local_task_job_runner.py:266} INFO - Task exited with return code 0
[2024-12-20T10:29:48.401+0000] {local_task_job_runner.py:245} INFO - ::endgroup::
