[2024-12-19T13:51:33.994+0000] {local_task_job_runner.py:123} INFO - ::group::Pre task execution logs
[2024-12-19T13:51:34.069+0000] {taskinstance.py:2613} INFO - Dependencies all met for dep_context=non-requeueable deps ti=<TaskInstance: dag_with_taskflow_api.greet scheduled__2024-10-08T00:00:00+00:00 [queued]>
[2024-12-19T13:51:34.101+0000] {taskinstance.py:2613} INFO - Dependencies all met for dep_context=requeueable deps ti=<TaskInstance: dag_with_taskflow_api.greet scheduled__2024-10-08T00:00:00+00:00 [queued]>
[2024-12-19T13:51:34.102+0000] {taskinstance.py:2866} INFO - Starting attempt 1 of 6
[2024-12-19T13:51:34.163+0000] {taskinstance.py:2889} INFO - Executing <Task(_PythonDecoratedOperator): greet> on 2024-10-08 00:00:00+00:00
[2024-12-19T13:51:34.199+0000] {logging_mixin.py:190} WARNING - /home/***/.local/lib/python3.12/site-packages/***/task/task_runner/standard_task_runner.py:70 DeprecationWarning: This process (pid=16227) is multi-threaded, use of fork() may lead to deadlocks in the child.
[2024-12-19T13:51:34.218+0000] {standard_task_runner.py:72} INFO - Started process 16248 to run task
[2024-12-19T13:51:34.227+0000] {standard_task_runner.py:104} INFO - Running: ['***', 'tasks', 'run', 'dag_with_taskflow_api', 'greet', 'scheduled__2024-10-08T00:00:00+00:00', '--job-id', '4401', '--raw', '--subdir', 'DAGS_FOLDER/dag_with_taskflow_api.py', '--cfg-path', '/tmp/tmpg_r9zffs']
[2024-12-19T13:51:34.238+0000] {standard_task_runner.py:105} INFO - Job 4401: Subtask greet
[2024-12-19T13:51:34.474+0000] {task_command.py:467} INFO - Running <TaskInstance: dag_with_taskflow_api.greet scheduled__2024-10-08T00:00:00+00:00 [running]> on host 02d979add40a
[2024-12-19T13:51:35.121+0000] {taskinstance.py:3132} INFO - Exporting env vars: AIRFLOW_CTX_DAG_OWNER='mateo' AIRFLOW_CTX_DAG_ID='dag_with_taskflow_api' AIRFLOW_CTX_TASK_ID='greet' AIRFLOW_CTX_EXECUTION_DATE='2024-10-08T00:00:00+00:00' AIRFLOW_CTX_TRY_NUMBER='1' AIRFLOW_CTX_DAG_RUN_ID='scheduled__2024-10-08T00:00:00+00:00'
[2024-12-19T13:51:35.133+0000] {taskinstance.py:731} INFO - ::endgroup::
[2024-12-19T13:51:35.145+0000] {logging_mixin.py:190} INFO - My name is Jerry. I am 19 years old.
[2024-12-19T13:51:35.147+0000] {python.py:240} INFO - Done. Returned value was: None
[2024-12-19T13:51:35.192+0000] {taskinstance.py:340} INFO - ::group::Post task execution logs
[2024-12-19T13:51:35.200+0000] {taskinstance.py:352} INFO - Marking task as SUCCESS. dag_id=dag_with_taskflow_api, task_id=greet, run_id=scheduled__2024-10-08T00:00:00+00:00, execution_date=20241008T000000, start_date=20241219T135134, end_date=20241219T135135
[2024-12-19T13:51:35.421+0000] {local_task_job_runner.py:266} INFO - Task exited with return code 0
[2024-12-19T13:51:35.463+0000] {taskinstance.py:3895} INFO - 0 downstream tasks scheduled from follow-on schedule check
[2024-12-19T13:51:35.481+0000] {local_task_job_runner.py:245} INFO - ::endgroup::
[2024-12-20T10:29:07.190+0000] {local_task_job_runner.py:123} INFO - ::group::Pre task execution logs
[2024-12-20T10:29:07.218+0000] {taskinstance.py:2613} INFO - Dependencies all met for dep_context=non-requeueable deps ti=<TaskInstance: dag_with_taskflow_api.greet scheduled__2024-10-08T00:00:00+00:00 [queued]>
[2024-12-20T10:29:07.229+0000] {taskinstance.py:2613} INFO - Dependencies all met for dep_context=requeueable deps ti=<TaskInstance: dag_with_taskflow_api.greet scheduled__2024-10-08T00:00:00+00:00 [queued]>
[2024-12-20T10:29:07.231+0000] {taskinstance.py:2866} INFO - Starting attempt 1 of 6
[2024-12-20T10:29:07.255+0000] {taskinstance.py:2889} INFO - Executing <Task(_PythonDecoratedOperator): greet> on 2024-10-08 00:00:00+00:00
[2024-12-20T10:29:07.270+0000] {logging_mixin.py:190} WARNING - /home/***/.local/lib/python3.12/site-packages/***/task/task_runner/standard_task_runner.py:70 DeprecationWarning: This process (pid=12825) is multi-threaded, use of fork() may lead to deadlocks in the child.
[2024-12-20T10:29:07.273+0000] {standard_task_runner.py:72} INFO - Started process 12832 to run task
[2024-12-20T10:29:07.279+0000] {standard_task_runner.py:104} INFO - Running: ['***', 'tasks', 'run', 'dag_with_taskflow_api', 'greet', 'scheduled__2024-10-08T00:00:00+00:00', '--job-id', '4709', '--raw', '--subdir', 'DAGS_FOLDER/dag_with_taskflow_api.py', '--cfg-path', '/tmp/tmpxm0y3s18']
[2024-12-20T10:29:07.286+0000] {standard_task_runner.py:105} INFO - Job 4709: Subtask greet
[2024-12-20T10:29:07.397+0000] {task_command.py:467} INFO - Running <TaskInstance: dag_with_taskflow_api.greet scheduled__2024-10-08T00:00:00+00:00 [running]> on host a998b5b3d359
[2024-12-20T10:29:07.626+0000] {taskinstance.py:3132} INFO - Exporting env vars: AIRFLOW_CTX_DAG_OWNER='mateo' AIRFLOW_CTX_DAG_ID='dag_with_taskflow_api' AIRFLOW_CTX_TASK_ID='greet' AIRFLOW_CTX_EXECUTION_DATE='2024-10-08T00:00:00+00:00' AIRFLOW_CTX_TRY_NUMBER='1' AIRFLOW_CTX_DAG_RUN_ID='scheduled__2024-10-08T00:00:00+00:00'
[2024-12-20T10:29:07.629+0000] {taskinstance.py:731} INFO - ::endgroup::
[2024-12-20T10:29:07.637+0000] {logging_mixin.py:190} INFO - My name is Jerry. I am 19 years old.
[2024-12-20T10:29:07.639+0000] {python.py:240} INFO - Done. Returned value was: None
[2024-12-20T10:29:07.663+0000] {taskinstance.py:340} INFO - ::group::Post task execution logs
[2024-12-20T10:29:07.664+0000] {taskinstance.py:352} INFO - Marking task as SUCCESS. dag_id=dag_with_taskflow_api, task_id=greet, run_id=scheduled__2024-10-08T00:00:00+00:00, execution_date=20241008T000000, start_date=20241220T102907, end_date=20241220T102907
[2024-12-20T10:29:07.902+0000] {local_task_job_runner.py:266} INFO - Task exited with return code 0
[2024-12-20T10:29:07.942+0000] {taskinstance.py:3895} INFO - 0 downstream tasks scheduled from follow-on schedule check
[2024-12-20T10:29:07.954+0000] {local_task_job_runner.py:245} INFO - ::endgroup::
