[2024-12-19T13:51:26.752+0000] {local_task_job_runner.py:123} INFO - ::group::Pre task execution logs
[2024-12-19T13:51:26.809+0000] {taskinstance.py:2613} INFO - Dependencies all met for dep_context=non-requeueable deps ti=<TaskInstance: dag_with_taskflow_api.get_age scheduled__2024-10-06T00:00:00+00:00 [queued]>
[2024-12-19T13:51:26.829+0000] {taskinstance.py:2613} INFO - Dependencies all met for dep_context=requeueable deps ti=<TaskInstance: dag_with_taskflow_api.get_age scheduled__2024-10-06T00:00:00+00:00 [queued]>
[2024-12-19T13:51:26.831+0000] {taskinstance.py:2866} INFO - Starting attempt 1 of 6
[2024-12-19T13:51:26.903+0000] {taskinstance.py:2889} INFO - Executing <Task(_PythonDecoratedOperator): get_age> on 2024-10-06 00:00:00+00:00
[2024-12-19T13:51:26.932+0000] {logging_mixin.py:190} WARNING - /home/***/.local/lib/python3.12/site-packages/***/task/task_runner/standard_task_runner.py:70 DeprecationWarning: This process (pid=16157) is multi-threaded, use of fork() may lead to deadlocks in the child.
[2024-12-19T13:51:26.938+0000] {standard_task_runner.py:72} INFO - Started process 16170 to run task
[2024-12-19T13:51:26.942+0000] {standard_task_runner.py:104} INFO - Running: ['***', 'tasks', 'run', 'dag_with_taskflow_api', 'get_age', 'scheduled__2024-10-06T00:00:00+00:00', '--job-id', '4377', '--raw', '--subdir', 'DAGS_FOLDER/dag_with_taskflow_api.py', '--cfg-path', '/tmp/tmpuxky_5su']
[2024-12-19T13:51:26.948+0000] {standard_task_runner.py:105} INFO - Job 4377: Subtask get_age
[2024-12-19T13:51:27.073+0000] {task_command.py:467} INFO - Running <TaskInstance: dag_with_taskflow_api.get_age scheduled__2024-10-06T00:00:00+00:00 [running]> on host 02d979add40a
[2024-12-19T13:51:27.247+0000] {taskinstance.py:3132} INFO - Exporting env vars: AIRFLOW_CTX_DAG_OWNER='mateo' AIRFLOW_CTX_DAG_ID='dag_with_taskflow_api' AIRFLOW_CTX_TASK_ID='get_age' AIRFLOW_CTX_EXECUTION_DATE='2024-10-06T00:00:00+00:00' AIRFLOW_CTX_TRY_NUMBER='1' AIRFLOW_CTX_DAG_RUN_ID='scheduled__2024-10-06T00:00:00+00:00'
[2024-12-19T13:51:27.249+0000] {taskinstance.py:731} INFO - ::endgroup::
[2024-12-19T13:51:27.253+0000] {python.py:240} INFO - Done. Returned value was: 19
[2024-12-19T13:51:27.311+0000] {taskinstance.py:340} INFO - ::group::Post task execution logs
[2024-12-19T13:51:27.313+0000] {taskinstance.py:352} INFO - Marking task as SUCCESS. dag_id=dag_with_taskflow_api, task_id=get_age, run_id=scheduled__2024-10-06T00:00:00+00:00, execution_date=20241006T000000, start_date=20241219T135126, end_date=20241219T135127
[2024-12-19T13:51:27.369+0000] {local_task_job_runner.py:266} INFO - Task exited with return code 0
[2024-12-19T13:51:27.417+0000] {taskinstance.py:3895} INFO - 1 downstream tasks scheduled from follow-on schedule check
[2024-12-19T13:51:27.419+0000] {local_task_job_runner.py:245} INFO - ::endgroup::
[2024-12-20T10:29:01.681+0000] {local_task_job_runner.py:123} INFO - ::group::Pre task execution logs
[2024-12-20T10:29:01.704+0000] {taskinstance.py:2613} INFO - Dependencies all met for dep_context=non-requeueable deps ti=<TaskInstance: dag_with_taskflow_api.get_age scheduled__2024-10-06T00:00:00+00:00 [queued]>
[2024-12-20T10:29:01.723+0000] {taskinstance.py:2613} INFO - Dependencies all met for dep_context=requeueable deps ti=<TaskInstance: dag_with_taskflow_api.get_age scheduled__2024-10-06T00:00:00+00:00 [queued]>
[2024-12-20T10:29:01.725+0000] {taskinstance.py:2866} INFO - Starting attempt 1 of 6
[2024-12-20T10:29:01.765+0000] {taskinstance.py:2889} INFO - Executing <Task(_PythonDecoratedOperator): get_age> on 2024-10-06 00:00:00+00:00
[2024-12-20T10:29:01.781+0000] {logging_mixin.py:190} WARNING - /home/***/.local/lib/python3.12/site-packages/***/task/task_runner/standard_task_runner.py:70 DeprecationWarning: This process (pid=12771) is multi-threaded, use of fork() may lead to deadlocks in the child.
[2024-12-20T10:29:01.782+0000] {standard_task_runner.py:104} INFO - Running: ['***', 'tasks', 'run', 'dag_with_taskflow_api', 'get_age', 'scheduled__2024-10-06T00:00:00+00:00', '--job-id', '4695', '--raw', '--subdir', 'DAGS_FOLDER/dag_with_taskflow_api.py', '--cfg-path', '/tmp/tmpyasip3zo']
[2024-12-20T10:29:01.784+0000] {standard_task_runner.py:72} INFO - Started process 12782 to run task
[2024-12-20T10:29:01.785+0000] {standard_task_runner.py:105} INFO - Job 4695: Subtask get_age
[2024-12-20T10:29:01.869+0000] {task_command.py:467} INFO - Running <TaskInstance: dag_with_taskflow_api.get_age scheduled__2024-10-06T00:00:00+00:00 [running]> on host a998b5b3d359
[2024-12-20T10:29:01.964+0000] {taskinstance.py:3132} INFO - Exporting env vars: AIRFLOW_CTX_DAG_OWNER='mateo' AIRFLOW_CTX_DAG_ID='dag_with_taskflow_api' AIRFLOW_CTX_TASK_ID='get_age' AIRFLOW_CTX_EXECUTION_DATE='2024-10-06T00:00:00+00:00' AIRFLOW_CTX_TRY_NUMBER='1' AIRFLOW_CTX_DAG_RUN_ID='scheduled__2024-10-06T00:00:00+00:00'
[2024-12-20T10:29:01.966+0000] {taskinstance.py:731} INFO - ::endgroup::
[2024-12-20T10:29:01.969+0000] {python.py:240} INFO - Done. Returned value was: 19
[2024-12-20T10:29:01.993+0000] {taskinstance.py:340} INFO - ::group::Post task execution logs
[2024-12-20T10:29:01.994+0000] {taskinstance.py:352} INFO - Marking task as SUCCESS. dag_id=dag_with_taskflow_api, task_id=get_age, run_id=scheduled__2024-10-06T00:00:00+00:00, execution_date=20241006T000000, start_date=20241220T102901, end_date=20241220T102901
[2024-12-20T10:29:02.055+0000] {local_task_job_runner.py:266} INFO - Task exited with return code 0
[2024-12-20T10:29:02.076+0000] {taskinstance.py:3895} INFO - 0 downstream tasks scheduled from follow-on schedule check
[2024-12-20T10:29:02.081+0000] {local_task_job_runner.py:245} INFO - ::endgroup::
