[2024-12-19T08:49:13.864+0000] {local_task_job_runner.py:123} INFO - ::group::Pre task execution logs
[2024-12-19T08:49:13.908+0000] {taskinstance.py:2613} INFO - Dependencies all met for dep_context=non-requeueable deps ti=<TaskInstance: our_first_dag.second_task scheduled__2022-04-01T00:00:00+00:00 [queued]>
[2024-12-19T08:49:13.930+0000] {taskinstance.py:2613} INFO - Dependencies all met for dep_context=requeueable deps ti=<TaskInstance: our_first_dag.second_task scheduled__2022-04-01T00:00:00+00:00 [queued]>
[2024-12-19T08:49:13.933+0000] {taskinstance.py:2866} INFO - Starting attempt 1 of 6
[2024-12-19T08:49:13.963+0000] {taskinstance.py:2889} INFO - Executing <Task(BashOperator): second_task> on 2022-04-01 00:00:00+00:00
[2024-12-19T08:49:13.987+0000] {logging_mixin.py:190} WARNING - /home/***/.local/lib/python3.12/site-packages/***/task/task_runner/standard_task_runner.py:70 DeprecationWarning: This process (pid=1580) is multi-threaded, use of fork() may lead to deadlocks in the child.
[2024-12-19T08:49:13.996+0000] {standard_task_runner.py:104} INFO - Running: ['***', 'tasks', 'run', 'our_first_dag', 'second_task', 'scheduled__2022-04-01T00:00:00+00:00', '--job-id', '272', '--raw', '--subdir', 'DAGS_FOLDER/our_first_dag.py', '--cfg-path', '/tmp/tmpb3j8yox1']
[2024-12-19T08:49:13.991+0000] {standard_task_runner.py:72} INFO - Started process 1605 to run task
[2024-12-19T08:49:14.000+0000] {standard_task_runner.py:105} INFO - Job 272: Subtask second_task
[2024-12-19T08:49:14.154+0000] {task_command.py:467} INFO - Running <TaskInstance: our_first_dag.second_task scheduled__2022-04-01T00:00:00+00:00 [running]> on host 8d142e9c83a7
[2024-12-19T08:49:14.355+0000] {taskinstance.py:3132} INFO - Exporting env vars: AIRFLOW_CTX_DAG_OWNER='mateo' AIRFLOW_CTX_DAG_ID='our_first_dag' AIRFLOW_CTX_TASK_ID='second_task' AIRFLOW_CTX_EXECUTION_DATE='2022-04-01T00:00:00+00:00' AIRFLOW_CTX_TRY_NUMBER='1' AIRFLOW_CTX_DAG_RUN_ID='scheduled__2022-04-01T00:00:00+00:00'
[2024-12-19T08:49:14.360+0000] {taskinstance.py:731} INFO - ::endgroup::
[2024-12-19T08:49:14.426+0000] {subprocess.py:78} INFO - Tmp dir root location: /tmp
[2024-12-19T08:49:14.428+0000] {subprocess.py:88} INFO - Running command: ['/usr/bin/bash', '-c', 'echo I am the second task and i will me executed after first task']
[2024-12-19T08:49:14.449+0000] {subprocess.py:99} INFO - Output:
[2024-12-19T08:49:14.452+0000] {subprocess.py:106} INFO - I am the second task and i will me executed after first task
[2024-12-19T08:49:14.453+0000] {subprocess.py:110} INFO - Command exited with return code 0
[2024-12-19T08:49:14.494+0000] {taskinstance.py:340} INFO - ::group::Post task execution logs
[2024-12-19T08:49:14.495+0000] {taskinstance.py:352} INFO - Marking task as SUCCESS. dag_id=our_first_dag, task_id=second_task, run_id=scheduled__2022-04-01T00:00:00+00:00, execution_date=20220401T000000, start_date=20241219T084913, end_date=20241219T084914
[2024-12-19T08:49:14.557+0000] {local_task_job_runner.py:266} INFO - Task exited with return code 0
[2024-12-19T08:49:14.583+0000] {taskinstance.py:3895} INFO - 0 downstream tasks scheduled from follow-on schedule check
[2024-12-19T08:49:14.592+0000] {local_task_job_runner.py:245} INFO - ::endgroup::
