[2024-12-20T10:53:12.437+0000] {local_task_job_runner.py:123} INFO - ::group::Pre task execution logs
[2024-12-20T10:53:12.455+0000] {taskinstance.py:2613} INFO - Dependencies all met for dep_context=non-requeueable deps ti=<TaskInstance: sql_operator_dag_v5.SQL_insert_sql_operator_practice manual__2024-12-20T10:53:11.908383+00:00 [queued]>
[2024-12-20T10:53:12.465+0000] {taskinstance.py:2613} INFO - Dependencies all met for dep_context=requeueable deps ti=<TaskInstance: sql_operator_dag_v5.SQL_insert_sql_operator_practice manual__2024-12-20T10:53:11.908383+00:00 [queued]>
[2024-12-20T10:53:12.466+0000] {taskinstance.py:2866} INFO - Starting attempt 1 of 6
[2024-12-20T10:53:12.478+0000] {taskinstance.py:2889} INFO - Executing <Task(SQLExecuteQueryOperator): SQL_insert_sql_operator_practice> on 2024-12-20 10:53:11.908383+00:00
[2024-12-20T10:53:12.488+0000] {logging_mixin.py:190} WARNING - /home/***/.local/lib/python3.12/site-packages/***/task/task_runner/standard_task_runner.py:70 DeprecationWarning: This process (pid=17399) is multi-threaded, use of fork() may lead to deadlocks in the child.
[2024-12-20T10:53:12.490+0000] {standard_task_runner.py:72} INFO - Started process 17402 to run task
[2024-12-20T10:53:12.489+0000] {standard_task_runner.py:104} INFO - Running: ['***', 'tasks', 'run', 'sql_operator_dag_v5', 'SQL_insert_sql_operator_practice', 'manual__2024-12-20T10:53:11.908383+00:00', '--job-id', '5637', '--raw', '--subdir', 'DAGS_FOLDER/dag_with_postgresql.py', '--cfg-path', '/tmp/tmpnct3k4iz']
[2024-12-20T10:53:12.491+0000] {standard_task_runner.py:105} INFO - Job 5637: Subtask SQL_insert_sql_operator_practice
[2024-12-20T10:53:12.550+0000] {task_command.py:467} INFO - Running <TaskInstance: sql_operator_dag_v5.SQL_insert_sql_operator_practice manual__2024-12-20T10:53:11.908383+00:00 [running]> on host a998b5b3d359
[2024-12-20T10:53:12.664+0000] {taskinstance.py:3132} INFO - Exporting env vars: AIRFLOW_CTX_DAG_OWNER='Mateo' AIRFLOW_CTX_DAG_ID='sql_operator_dag_v5' AIRFLOW_CTX_TASK_ID='SQL_insert_sql_operator_practice' AIRFLOW_CTX_EXECUTION_DATE='2024-12-20T10:53:11.908383+00:00' AIRFLOW_CTX_TRY_NUMBER='1' AIRFLOW_CTX_DAG_RUN_ID='manual__2024-12-20T10:53:11.908383+00:00'
[2024-12-20T10:53:12.665+0000] {taskinstance.py:731} INFO - ::endgroup::
[2024-12-20T10:53:12.688+0000] {sql.py:278} INFO - Executing: 
        insert into dag_runs_v2(dt,dag_id) values ('2024-12-20','sql_operator_dag_v5');
        
[2024-12-20T10:53:12.698+0000] {base.py:84} INFO - Retrieving connection 'sql_operator_practice'
[2024-12-20T10:53:12.710+0000] {base.py:84} INFO - Retrieving connection 'sql_operator_practice'
[2024-12-20T10:53:12.725+0000] {sql.py:553} INFO - Running statement: 
        insert into dag_runs_v2(dt,dag_id) values ('2024-12-20','sql_operator_dag_v5');
        , parameters: None
[2024-12-20T10:53:12.729+0000] {sql.py:562} INFO - Rows affected: 1
[2024-12-20T10:53:12.742+0000] {taskinstance.py:340} INFO - ::group::Post task execution logs
[2024-12-20T10:53:12.743+0000] {taskinstance.py:352} INFO - Marking task as SUCCESS. dag_id=sql_operator_dag_v5, task_id=SQL_insert_sql_operator_practice, run_id=manual__2024-12-20T10:53:11.908383+00:00, execution_date=20241220T105311, start_date=20241220T105312, end_date=20241220T105312
[2024-12-20T10:53:12.788+0000] {local_task_job_runner.py:266} INFO - Task exited with return code 0
[2024-12-20T10:53:12.820+0000] {taskinstance.py:3895} INFO - 0 downstream tasks scheduled from follow-on schedule check
[2024-12-20T10:53:12.823+0000] {local_task_job_runner.py:245} INFO - ::endgroup::
