[2024-12-19T13:52:25.514+0000] {local_task_job_runner.py:123} INFO - ::group::Pre task execution logs
[2024-12-19T13:52:25.532+0000] {taskinstance.py:2613} INFO - Dependencies all met for dep_context=non-requeueable deps ti=<TaskInstance: dag_with_taskflow_api.greet scheduled__2024-12-18T00:00:00+00:00 [queued]>
[2024-12-19T13:52:25.541+0000] {taskinstance.py:2613} INFO - Dependencies all met for dep_context=requeueable deps ti=<TaskInstance: dag_with_taskflow_api.greet scheduled__2024-12-18T00:00:00+00:00 [queued]>
[2024-12-19T13:52:25.544+0000] {taskinstance.py:2866} INFO - Starting attempt 1 of 6
[2024-12-19T13:52:25.556+0000] {taskinstance.py:2889} INFO - Executing <Task(_PythonDecoratedOperator): greet> on 2024-12-18 00:00:00+00:00
[2024-12-19T13:52:25.567+0000] {logging_mixin.py:190} WARNING - /home/***/.local/lib/python3.12/site-packages/***/task/task_runner/standard_task_runner.py:70 DeprecationWarning: This process (pid=16896) is multi-threaded, use of fork() may lead to deadlocks in the child.
[2024-12-19T13:52:25.567+0000] {standard_task_runner.py:104} INFO - Running: ['***', 'tasks', 'run', 'dag_with_taskflow_api', 'greet', 'scheduled__2024-12-18T00:00:00+00:00', '--job-id', '4602', '--raw', '--subdir', 'DAGS_FOLDER/dag_with_taskflow_api.py', '--cfg-path', '/tmp/tmpcnfe0l49']
[2024-12-19T13:52:25.570+0000] {standard_task_runner.py:72} INFO - Started process 16897 to run task
[2024-12-19T13:52:25.571+0000] {standard_task_runner.py:105} INFO - Job 4602: Subtask greet
[2024-12-19T13:52:25.631+0000] {task_command.py:467} INFO - Running <TaskInstance: dag_with_taskflow_api.greet scheduled__2024-12-18T00:00:00+00:00 [running]> on host 02d979add40a
[2024-12-19T13:52:25.743+0000] {taskinstance.py:3132} INFO - Exporting env vars: AIRFLOW_CTX_DAG_OWNER='mateo' AIRFLOW_CTX_DAG_ID='dag_with_taskflow_api' AIRFLOW_CTX_TASK_ID='greet' AIRFLOW_CTX_EXECUTION_DATE='2024-12-18T00:00:00+00:00' AIRFLOW_CTX_TRY_NUMBER='1' AIRFLOW_CTX_DAG_RUN_ID='scheduled__2024-12-18T00:00:00+00:00'
[2024-12-19T13:52:25.745+0000] {taskinstance.py:731} INFO - ::endgroup::
[2024-12-19T13:52:25.748+0000] {logging_mixin.py:190} INFO - My name is Jerry. I am 19 years old.
[2024-12-19T13:52:25.749+0000] {python.py:240} INFO - Done. Returned value was: None
[2024-12-19T13:52:25.758+0000] {taskinstance.py:340} INFO - ::group::Post task execution logs
[2024-12-19T13:52:25.761+0000] {taskinstance.py:352} INFO - Marking task as SUCCESS. dag_id=dag_with_taskflow_api, task_id=greet, run_id=scheduled__2024-12-18T00:00:00+00:00, execution_date=20241218T000000, start_date=20241219T135225, end_date=20241219T135225
[2024-12-19T13:52:25.788+0000] {local_task_job_runner.py:266} INFO - Task exited with return code 0
[2024-12-19T13:52:25.805+0000] {taskinstance.py:3895} INFO - 0 downstream tasks scheduled from follow-on schedule check
[2024-12-19T13:52:25.808+0000] {local_task_job_runner.py:245} INFO - ::endgroup::
[2024-12-20T10:30:00.834+0000] {local_task_job_runner.py:123} INFO - ::group::Pre task execution logs
[2024-12-20T10:30:00.851+0000] {taskinstance.py:2613} INFO - Dependencies all met for dep_context=non-requeueable deps ti=<TaskInstance: dag_with_taskflow_api.greet scheduled__2024-12-18T00:00:00+00:00 [queued]>
[2024-12-20T10:30:00.860+0000] {taskinstance.py:2613} INFO - Dependencies all met for dep_context=requeueable deps ti=<TaskInstance: dag_with_taskflow_api.greet scheduled__2024-12-18T00:00:00+00:00 [queued]>
[2024-12-20T10:30:00.861+0000] {taskinstance.py:2866} INFO - Starting attempt 1 of 6
[2024-12-20T10:30:00.874+0000] {taskinstance.py:2889} INFO - Executing <Task(_PythonDecoratedOperator): greet> on 2024-12-18 00:00:00+00:00
[2024-12-20T10:30:00.883+0000] {logging_mixin.py:190} WARNING - /home/***/.local/lib/python3.12/site-packages/***/task/task_runner/standard_task_runner.py:70 DeprecationWarning: This process (pid=13527) is multi-threaded, use of fork() may lead to deadlocks in the child.
[2024-12-20T10:30:00.885+0000] {standard_task_runner.py:72} INFO - Started process 13529 to run task
[2024-12-20T10:30:00.883+0000] {standard_task_runner.py:104} INFO - Running: ['***', 'tasks', 'run', 'dag_with_taskflow_api', 'greet', 'scheduled__2024-12-18T00:00:00+00:00', '--job-id', '4920', '--raw', '--subdir', 'DAGS_FOLDER/dag_with_taskflow_api.py', '--cfg-path', '/tmp/tmp8fwj5mvs']
[2024-12-20T10:30:00.888+0000] {standard_task_runner.py:105} INFO - Job 4920: Subtask greet
[2024-12-20T10:30:00.935+0000] {task_command.py:467} INFO - Running <TaskInstance: dag_with_taskflow_api.greet scheduled__2024-12-18T00:00:00+00:00 [running]> on host a998b5b3d359
[2024-12-20T10:30:01.040+0000] {taskinstance.py:3132} INFO - Exporting env vars: AIRFLOW_CTX_DAG_OWNER='mateo' AIRFLOW_CTX_DAG_ID='dag_with_taskflow_api' AIRFLOW_CTX_TASK_ID='greet' AIRFLOW_CTX_EXECUTION_DATE='2024-12-18T00:00:00+00:00' AIRFLOW_CTX_TRY_NUMBER='1' AIRFLOW_CTX_DAG_RUN_ID='scheduled__2024-12-18T00:00:00+00:00'
[2024-12-20T10:30:01.041+0000] {taskinstance.py:731} INFO - ::endgroup::
[2024-12-20T10:30:01.044+0000] {logging_mixin.py:190} INFO - My name is Jerry. I am 19 years old.
[2024-12-20T10:30:01.045+0000] {python.py:240} INFO - Done. Returned value was: None
[2024-12-20T10:30:01.053+0000] {taskinstance.py:340} INFO - ::group::Post task execution logs
[2024-12-20T10:30:01.054+0000] {taskinstance.py:352} INFO - Marking task as SUCCESS. dag_id=dag_with_taskflow_api, task_id=greet, run_id=scheduled__2024-12-18T00:00:00+00:00, execution_date=20241218T000000, start_date=20241220T103000, end_date=20241220T103001
[2024-12-20T10:30:01.102+0000] {local_task_job_runner.py:266} INFO - Task exited with return code 0
[2024-12-20T10:30:01.117+0000] {taskinstance.py:3895} INFO - 0 downstream tasks scheduled from follow-on schedule check
[2024-12-20T10:30:01.120+0000] {local_task_job_runner.py:245} INFO - ::endgroup::
