[2024-12-20T01:42:27.338+0000] {local_task_job_runner.py:123} INFO - ::group::Pre task execution logs
[2024-12-20T01:42:27.355+0000] {taskinstance.py:2613} INFO - Dependencies all met for dep_context=non-requeueable deps ti=<TaskInstance: dag_with_taskflow_api.get_age scheduled__2024-12-19T00:00:00+00:00 [queued]>
[2024-12-20T01:42:27.365+0000] {taskinstance.py:2613} INFO - Dependencies all met for dep_context=requeueable deps ti=<TaskInstance: dag_with_taskflow_api.get_age scheduled__2024-12-19T00:00:00+00:00 [queued]>
[2024-12-20T01:42:27.366+0000] {taskinstance.py:2866} INFO - Starting attempt 1 of 6
[2024-12-20T01:42:27.379+0000] {taskinstance.py:2889} INFO - Executing <Task(_PythonDecoratedOperator): get_age> on 2024-12-19 00:00:00+00:00
[2024-12-20T01:42:27.389+0000] {standard_task_runner.py:104} INFO - Running: ['***', 'tasks', 'run', 'dag_with_taskflow_api', 'get_age', 'scheduled__2024-12-19T00:00:00+00:00', '--job-id', '4607', '--raw', '--subdir', 'DAGS_FOLDER/dag_with_taskflow_api.py', '--cfg-path', '/tmp/tmpmxygdkts']
[2024-12-20T01:42:27.393+0000] {standard_task_runner.py:105} INFO - Job 4607: Subtask get_age
[2024-12-20T01:42:27.397+0000] {logging_mixin.py:190} WARNING - /home/***/.local/lib/python3.12/site-packages/***/task/task_runner/standard_task_runner.py:70 DeprecationWarning: This process (pid=6277) is multi-threaded, use of fork() may lead to deadlocks in the child.
[2024-12-20T01:42:27.399+0000] {standard_task_runner.py:72} INFO - Started process 6293 to run task
[2024-12-20T01:42:27.449+0000] {task_command.py:467} INFO - Running <TaskInstance: dag_with_taskflow_api.get_age scheduled__2024-12-19T00:00:00+00:00 [running]> on host a998b5b3d359
[2024-12-20T01:42:27.553+0000] {taskinstance.py:3132} INFO - Exporting env vars: AIRFLOW_CTX_DAG_OWNER='mateo' AIRFLOW_CTX_DAG_ID='dag_with_taskflow_api' AIRFLOW_CTX_TASK_ID='get_age' AIRFLOW_CTX_EXECUTION_DATE='2024-12-19T00:00:00+00:00' AIRFLOW_CTX_TRY_NUMBER='1' AIRFLOW_CTX_DAG_RUN_ID='scheduled__2024-12-19T00:00:00+00:00'
[2024-12-20T01:42:27.555+0000] {taskinstance.py:731} INFO - ::endgroup::
[2024-12-20T01:42:27.560+0000] {python.py:240} INFO - Done. Returned value was: 19
[2024-12-20T01:42:27.582+0000] {taskinstance.py:340} INFO - ::group::Post task execution logs
[2024-12-20T01:42:27.584+0000] {taskinstance.py:352} INFO - Marking task as SUCCESS. dag_id=dag_with_taskflow_api, task_id=get_age, run_id=scheduled__2024-12-19T00:00:00+00:00, execution_date=20241219T000000, start_date=20241220T014227, end_date=20241220T014227
[2024-12-20T01:42:27.618+0000] {local_task_job_runner.py:266} INFO - Task exited with return code 0
[2024-12-20T01:42:27.627+0000] {local_task_job_runner.py:245} INFO - ::endgroup::
[2024-12-20T10:29:59.276+0000] {local_task_job_runner.py:123} INFO - ::group::Pre task execution logs
[2024-12-20T10:29:59.301+0000] {taskinstance.py:2613} INFO - Dependencies all met for dep_context=non-requeueable deps ti=<TaskInstance: dag_with_taskflow_api.get_age scheduled__2024-12-19T00:00:00+00:00 [queued]>
[2024-12-20T10:29:59.317+0000] {taskinstance.py:2613} INFO - Dependencies all met for dep_context=requeueable deps ti=<TaskInstance: dag_with_taskflow_api.get_age scheduled__2024-12-19T00:00:00+00:00 [queued]>
[2024-12-20T10:29:59.320+0000] {taskinstance.py:2866} INFO - Starting attempt 1 of 6
[2024-12-20T10:29:59.461+0000] {taskinstance.py:2889} INFO - Executing <Task(_PythonDecoratedOperator): get_age> on 2024-12-19 00:00:00+00:00
[2024-12-20T10:29:59.472+0000] {logging_mixin.py:190} WARNING - /home/***/.local/lib/python3.12/site-packages/***/task/task_runner/standard_task_runner.py:70 DeprecationWarning: This process (pid=13514) is multi-threaded, use of fork() may lead to deadlocks in the child.
[2024-12-20T10:29:59.474+0000] {standard_task_runner.py:72} INFO - Started process 13522 to run task
[2024-12-20T10:29:59.472+0000] {standard_task_runner.py:104} INFO - Running: ['***', 'tasks', 'run', 'dag_with_taskflow_api', 'get_age', 'scheduled__2024-12-19T00:00:00+00:00', '--job-id', '4917', '--raw', '--subdir', 'DAGS_FOLDER/dag_with_taskflow_api.py', '--cfg-path', '/tmp/tmpljb25fqp']
[2024-12-20T10:29:59.477+0000] {standard_task_runner.py:105} INFO - Job 4917: Subtask get_age
[2024-12-20T10:29:59.534+0000] {task_command.py:467} INFO - Running <TaskInstance: dag_with_taskflow_api.get_age scheduled__2024-12-19T00:00:00+00:00 [running]> on host a998b5b3d359
[2024-12-20T10:29:59.627+0000] {taskinstance.py:3132} INFO - Exporting env vars: AIRFLOW_CTX_DAG_OWNER='mateo' AIRFLOW_CTX_DAG_ID='dag_with_taskflow_api' AIRFLOW_CTX_TASK_ID='get_age' AIRFLOW_CTX_EXECUTION_DATE='2024-12-19T00:00:00+00:00' AIRFLOW_CTX_TRY_NUMBER='1' AIRFLOW_CTX_DAG_RUN_ID='scheduled__2024-12-19T00:00:00+00:00'
[2024-12-20T10:29:59.629+0000] {taskinstance.py:731} INFO - ::endgroup::
[2024-12-20T10:29:59.632+0000] {python.py:240} INFO - Done. Returned value was: 19
[2024-12-20T10:29:59.657+0000] {taskinstance.py:340} INFO - ::group::Post task execution logs
[2024-12-20T10:29:59.658+0000] {taskinstance.py:352} INFO - Marking task as SUCCESS. dag_id=dag_with_taskflow_api, task_id=get_age, run_id=scheduled__2024-12-19T00:00:00+00:00, execution_date=20241219T000000, start_date=20241220T102959, end_date=20241220T102959
[2024-12-20T10:29:59.693+0000] {local_task_job_runner.py:266} INFO - Task exited with return code 0
[2024-12-20T10:29:59.703+0000] {local_task_job_runner.py:245} INFO - ::endgroup::
