[2024-12-19T13:51:51.881+0000] {local_task_job_runner.py:123} INFO - ::group::Pre task execution logs
[2024-12-19T13:51:51.965+0000] {taskinstance.py:2613} INFO - Dependencies all met for dep_context=non-requeueable deps ti=<TaskInstance: dag_with_taskflow_api.get_name scheduled__2024-11-04T00:00:00+00:00 [queued]>
[2024-12-19T13:51:52.022+0000] {taskinstance.py:2613} INFO - Dependencies all met for dep_context=requeueable deps ti=<TaskInstance: dag_with_taskflow_api.get_name scheduled__2024-11-04T00:00:00+00:00 [queued]>
[2024-12-19T13:51:52.028+0000] {taskinstance.py:2866} INFO - Starting attempt 1 of 6
[2024-12-19T13:51:52.179+0000] {taskinstance.py:2889} INFO - Executing <Task(_PythonDecoratedOperator): get_name> on 2024-11-04 00:00:00+00:00
[2024-12-19T13:51:52.196+0000] {logging_mixin.py:190} WARNING - /home/***/.local/lib/python3.12/site-packages/***/task/task_runner/standard_task_runner.py:70 DeprecationWarning: This process (pid=16432) is multi-threaded, use of fork() may lead to deadlocks in the child.
[2024-12-19T13:51:52.193+0000] {standard_task_runner.py:104} INFO - Running: ['***', 'tasks', 'run', 'dag_with_taskflow_api', 'get_name', 'scheduled__2024-11-04T00:00:00+00:00', '--job-id', '4463', '--raw', '--subdir', 'DAGS_FOLDER/dag_with_taskflow_api.py', '--cfg-path', '/tmp/tmphrwu77bu']
[2024-12-19T13:51:52.213+0000] {standard_task_runner.py:105} INFO - Job 4463: Subtask get_name
[2024-12-19T13:51:52.212+0000] {standard_task_runner.py:72} INFO - Started process 16455 to run task
[2024-12-19T13:51:52.479+0000] {task_command.py:467} INFO - Running <TaskInstance: dag_with_taskflow_api.get_name scheduled__2024-11-04T00:00:00+00:00 [running]> on host 02d979add40a
[2024-12-19T13:51:52.768+0000] {taskinstance.py:3132} INFO - Exporting env vars: AIRFLOW_CTX_DAG_OWNER='mateo' AIRFLOW_CTX_DAG_ID='dag_with_taskflow_api' AIRFLOW_CTX_TASK_ID='get_name' AIRFLOW_CTX_EXECUTION_DATE='2024-11-04T00:00:00+00:00' AIRFLOW_CTX_TRY_NUMBER='1' AIRFLOW_CTX_DAG_RUN_ID='scheduled__2024-11-04T00:00:00+00:00'
[2024-12-19T13:51:52.772+0000] {taskinstance.py:731} INFO - ::endgroup::
[2024-12-19T13:51:52.775+0000] {python.py:240} INFO - Done. Returned value was: Jerry
[2024-12-19T13:51:52.830+0000] {taskinstance.py:340} INFO - ::group::Post task execution logs
[2024-12-19T13:51:52.832+0000] {taskinstance.py:352} INFO - Marking task as SUCCESS. dag_id=dag_with_taskflow_api, task_id=get_name, run_id=scheduled__2024-11-04T00:00:00+00:00, execution_date=20241104T000000, start_date=20241219T135151, end_date=20241219T135152
[2024-12-19T13:51:52.936+0000] {local_task_job_runner.py:266} INFO - Task exited with return code 0
[2024-12-19T13:51:52.952+0000] {local_task_job_runner.py:245} INFO - ::endgroup::
[2024-12-20T10:29:27.020+0000] {local_task_job_runner.py:123} INFO - ::group::Pre task execution logs
[2024-12-20T10:29:27.050+0000] {taskinstance.py:2613} INFO - Dependencies all met for dep_context=non-requeueable deps ti=<TaskInstance: dag_with_taskflow_api.get_name scheduled__2024-11-04T00:00:00+00:00 [queued]>
[2024-12-20T10:29:27.062+0000] {taskinstance.py:2613} INFO - Dependencies all met for dep_context=requeueable deps ti=<TaskInstance: dag_with_taskflow_api.get_name scheduled__2024-11-04T00:00:00+00:00 [queued]>
[2024-12-20T10:29:27.063+0000] {taskinstance.py:2866} INFO - Starting attempt 1 of 6
[2024-12-20T10:29:27.090+0000] {taskinstance.py:2889} INFO - Executing <Task(_PythonDecoratedOperator): get_name> on 2024-11-04 00:00:00+00:00
[2024-12-20T10:29:27.107+0000] {logging_mixin.py:190} WARNING - /home/***/.local/lib/python3.12/site-packages/***/task/task_runner/standard_task_runner.py:70 DeprecationWarning: This process (pid=13076) is multi-threaded, use of fork() may lead to deadlocks in the child.
[2024-12-20T10:29:27.110+0000] {standard_task_runner.py:72} INFO - Started process 13084 to run task
[2024-12-20T10:29:27.116+0000] {standard_task_runner.py:104} INFO - Running: ['***', 'tasks', 'run', 'dag_with_taskflow_api', 'get_name', 'scheduled__2024-11-04T00:00:00+00:00', '--job-id', '4784', '--raw', '--subdir', 'DAGS_FOLDER/dag_with_taskflow_api.py', '--cfg-path', '/tmp/tmpt2kdax5o']
[2024-12-20T10:29:27.127+0000] {standard_task_runner.py:105} INFO - Job 4784: Subtask get_name
[2024-12-20T10:29:27.212+0000] {task_command.py:467} INFO - Running <TaskInstance: dag_with_taskflow_api.get_name scheduled__2024-11-04T00:00:00+00:00 [running]> on host a998b5b3d359
[2024-12-20T10:29:27.335+0000] {taskinstance.py:3132} INFO - Exporting env vars: AIRFLOW_CTX_DAG_OWNER='mateo' AIRFLOW_CTX_DAG_ID='dag_with_taskflow_api' AIRFLOW_CTX_TASK_ID='get_name' AIRFLOW_CTX_EXECUTION_DATE='2024-11-04T00:00:00+00:00' AIRFLOW_CTX_TRY_NUMBER='1' AIRFLOW_CTX_DAG_RUN_ID='scheduled__2024-11-04T00:00:00+00:00'
[2024-12-20T10:29:27.339+0000] {taskinstance.py:731} INFO - ::endgroup::
[2024-12-20T10:29:27.344+0000] {python.py:240} INFO - Done. Returned value was: Jerry
[2024-12-20T10:29:27.380+0000] {taskinstance.py:340} INFO - ::group::Post task execution logs
[2024-12-20T10:29:27.381+0000] {taskinstance.py:352} INFO - Marking task as SUCCESS. dag_id=dag_with_taskflow_api, task_id=get_name, run_id=scheduled__2024-11-04T00:00:00+00:00, execution_date=20241104T000000, start_date=20241220T102927, end_date=20241220T102927
[2024-12-20T10:29:27.452+0000] {local_task_job_runner.py:266} INFO - Task exited with return code 0
[2024-12-20T10:29:27.477+0000] {local_task_job_runner.py:245} INFO - ::endgroup::
