[2024-12-19T13:51:49.956+0000] {local_task_job_runner.py:123} INFO - ::group::Pre task execution logs
[2024-12-19T13:51:50.020+0000] {taskinstance.py:2613} INFO - Dependencies all met for dep_context=non-requeueable deps ti=<TaskInstance: dag_with_taskflow_api.get_name scheduled__2024-10-30T00:00:00+00:00 [queued]>
[2024-12-19T13:51:50.047+0000] {taskinstance.py:2613} INFO - Dependencies all met for dep_context=requeueable deps ti=<TaskInstance: dag_with_taskflow_api.get_name scheduled__2024-10-30T00:00:00+00:00 [queued]>
[2024-12-19T13:51:50.049+0000] {taskinstance.py:2866} INFO - Starting attempt 1 of 6
[2024-12-19T13:51:50.114+0000] {taskinstance.py:2889} INFO - Executing <Task(_PythonDecoratedOperator): get_name> on 2024-10-30 00:00:00+00:00
[2024-12-19T13:51:50.145+0000] {standard_task_runner.py:104} INFO - Running: ['***', 'tasks', 'run', 'dag_with_taskflow_api', 'get_name', 'scheduled__2024-10-30T00:00:00+00:00', '--job-id', '4453', '--raw', '--subdir', 'DAGS_FOLDER/dag_with_taskflow_api.py', '--cfg-path', '/tmp/tmpb1a__ztd']
[2024-12-19T13:51:50.163+0000] {standard_task_runner.py:105} INFO - Job 4453: Subtask get_name
[2024-12-19T13:51:50.159+0000] {logging_mixin.py:190} WARNING - /home/***/.local/lib/python3.12/site-packages/***/task/task_runner/standard_task_runner.py:70 DeprecationWarning: This process (pid=16407) is multi-threaded, use of fork() may lead to deadlocks in the child.
[2024-12-19T13:51:50.177+0000] {standard_task_runner.py:72} INFO - Started process 16420 to run task
[2024-12-19T13:51:50.383+0000] {task_command.py:467} INFO - Running <TaskInstance: dag_with_taskflow_api.get_name scheduled__2024-10-30T00:00:00+00:00 [running]> on host 02d979add40a
[2024-12-19T13:51:50.623+0000] {taskinstance.py:3132} INFO - Exporting env vars: AIRFLOW_CTX_DAG_OWNER='mateo' AIRFLOW_CTX_DAG_ID='dag_with_taskflow_api' AIRFLOW_CTX_TASK_ID='get_name' AIRFLOW_CTX_EXECUTION_DATE='2024-10-30T00:00:00+00:00' AIRFLOW_CTX_TRY_NUMBER='1' AIRFLOW_CTX_DAG_RUN_ID='scheduled__2024-10-30T00:00:00+00:00'
[2024-12-19T13:51:50.629+0000] {taskinstance.py:731} INFO - ::endgroup::
[2024-12-19T13:51:50.632+0000] {python.py:240} INFO - Done. Returned value was: Jerry
[2024-12-19T13:51:50.664+0000] {taskinstance.py:340} INFO - ::group::Post task execution logs
[2024-12-19T13:51:50.665+0000] {taskinstance.py:352} INFO - Marking task as SUCCESS. dag_id=dag_with_taskflow_api, task_id=get_name, run_id=scheduled__2024-10-30T00:00:00+00:00, execution_date=20241030T000000, start_date=20241219T135150, end_date=20241219T135150
[2024-12-19T13:51:50.703+0000] {local_task_job_runner.py:266} INFO - Task exited with return code 0
[2024-12-19T13:51:50.745+0000] {taskinstance.py:3895} INFO - 1 downstream tasks scheduled from follow-on schedule check
[2024-12-19T13:51:50.753+0000] {local_task_job_runner.py:245} INFO - ::endgroup::
[2024-12-20T10:29:21.010+0000] {local_task_job_runner.py:123} INFO - ::group::Pre task execution logs
[2024-12-20T10:29:21.049+0000] {taskinstance.py:2613} INFO - Dependencies all met for dep_context=non-requeueable deps ti=<TaskInstance: dag_with_taskflow_api.get_name scheduled__2024-10-30T00:00:00+00:00 [queued]>
[2024-12-20T10:29:21.069+0000] {taskinstance.py:2613} INFO - Dependencies all met for dep_context=requeueable deps ti=<TaskInstance: dag_with_taskflow_api.get_name scheduled__2024-10-30T00:00:00+00:00 [queued]>
[2024-12-20T10:29:21.071+0000] {taskinstance.py:2866} INFO - Starting attempt 1 of 6
[2024-12-20T10:29:21.094+0000] {taskinstance.py:2889} INFO - Executing <Task(_PythonDecoratedOperator): get_name> on 2024-10-30 00:00:00+00:00
[2024-12-20T10:29:21.117+0000] {standard_task_runner.py:104} INFO - Running: ['***', 'tasks', 'run', 'dag_with_taskflow_api', 'get_name', 'scheduled__2024-10-30T00:00:00+00:00', '--job-id', '4768', '--raw', '--subdir', 'DAGS_FOLDER/dag_with_taskflow_api.py', '--cfg-path', '/tmp/tmpsd1s7_xo']
[2024-12-20T10:29:21.128+0000] {logging_mixin.py:190} WARNING - /home/***/.local/lib/python3.12/site-packages/***/task/task_runner/standard_task_runner.py:70 DeprecationWarning: This process (pid=13022) is multi-threaded, use of fork() may lead to deadlocks in the child.
[2024-12-20T10:29:21.137+0000] {standard_task_runner.py:105} INFO - Job 4768: Subtask get_name
[2024-12-20T10:29:21.139+0000] {standard_task_runner.py:72} INFO - Started process 13039 to run task
[2024-12-20T10:29:21.248+0000] {task_command.py:467} INFO - Running <TaskInstance: dag_with_taskflow_api.get_name scheduled__2024-10-30T00:00:00+00:00 [running]> on host a998b5b3d359
[2024-12-20T10:29:21.429+0000] {taskinstance.py:3132} INFO - Exporting env vars: AIRFLOW_CTX_DAG_OWNER='mateo' AIRFLOW_CTX_DAG_ID='dag_with_taskflow_api' AIRFLOW_CTX_TASK_ID='get_name' AIRFLOW_CTX_EXECUTION_DATE='2024-10-30T00:00:00+00:00' AIRFLOW_CTX_TRY_NUMBER='1' AIRFLOW_CTX_DAG_RUN_ID='scheduled__2024-10-30T00:00:00+00:00'
[2024-12-20T10:29:21.432+0000] {taskinstance.py:731} INFO - ::endgroup::
[2024-12-20T10:29:21.438+0000] {python.py:240} INFO - Done. Returned value was: Jerry
[2024-12-20T10:29:21.483+0000] {taskinstance.py:340} INFO - ::group::Post task execution logs
[2024-12-20T10:29:21.484+0000] {taskinstance.py:352} INFO - Marking task as SUCCESS. dag_id=dag_with_taskflow_api, task_id=get_name, run_id=scheduled__2024-10-30T00:00:00+00:00, execution_date=20241030T000000, start_date=20241220T102921, end_date=20241220T102921
[2024-12-20T10:29:21.579+0000] {local_task_job_runner.py:266} INFO - Task exited with return code 0
[2024-12-20T10:29:21.598+0000] {local_task_job_runner.py:245} INFO - ::endgroup::
